# gmm-acc-stats-ali exp/ug/tri1/3.mdl "ark,s,cs:apply-cmvn  --utt2spk=ark:data/train/split2/1/utt2spk scp:data/train/split2/1/cmvn.scp scp:data/train/split2/1/feats.scp ark:- | add-deltas  ark:- ark:- |" "ark,s,cs:gunzip -c exp/ug/tri1/ali.1.gz|" exp/ug/tri1/3.1.acc 
# Started at Mon Dec 24 20:02:41 EET 2018
#
gmm-acc-stats-ali exp/ug/tri1/3.mdl 'ark,s,cs:apply-cmvn  --utt2spk=ark:data/train/split2/1/utt2spk scp:data/train/split2/1/cmvn.scp scp:data/train/split2/1/feats.scp ark:- | add-deltas  ark:- ark:- |' 'ark,s,cs:gunzip -c exp/ug/tri1/ali.1.gz|' exp/ug/tri1/3.1.acc 
add-deltas ark:- ark:- 
apply-cmvn --utt2spk=ark:data/train/split2/1/utt2spk scp:data/train/split2/1/cmvn.scp scp:data/train/split2/1/feats.scp ark:- 
LOG (gmm-acc-stats-ali[5.5.141~1-40a9d]:main():gmm-acc-stats-ali.cc:105) Processed 50 utterances; for utterance usctimit_ema_f1_060 avg. like is -83.0814 over 307 frames.
LOG (gmm-acc-stats-ali[5.5.141~1-40a9d]:main():gmm-acc-stats-ali.cc:105) Processed 100 utterances; for utterance usctimit_ema_f1_121 avg. like is -89.149 over 494 frames.
LOG (gmm-acc-stats-ali[5.5.141~1-40a9d]:main():gmm-acc-stats-ali.cc:105) Processed 150 utterances; for utterance usctimit_ema_f1_184 avg. like is -79.8552 over 360 frames.
LOG (gmm-acc-stats-ali[5.5.141~1-40a9d]:main():gmm-acc-stats-ali.cc:105) Processed 200 utterances; for utterance usctimit_ema_f1_248 avg. like is -84.3162 over 404 frames.
LOG (gmm-acc-stats-ali[5.5.141~1-40a9d]:main():gmm-acc-stats-ali.cc:105) Processed 250 utterances; for utterance usctimit_ema_f1_314 avg. like is -84.5459 over 656 frames.
LOG (gmm-acc-stats-ali[5.5.141~1-40a9d]:main():gmm-acc-stats-ali.cc:105) Processed 300 utterances; for utterance usctimit_ema_f1_378 avg. like is -83.2687 over 490 frames.
LOG (gmm-acc-stats-ali[5.5.141~1-40a9d]:main():gmm-acc-stats-ali.cc:105) Processed 350 utterances; for utterance usctimit_ema_f1_439 avg. like is -81.8515 over 403 frames.
LOG (gmm-acc-stats-ali[5.5.141~1-40a9d]:main():gmm-acc-stats-ali.cc:105) Processed 400 utterances; for utterance usctimit_ema_f5_041 avg. like is -92.2654 over 364 frames.
WARNING (gmm-acc-stats-ali[5.5.141~1-40a9d]:main():gmm-acc-stats-ali.cc:79) No alignment for utterance usctimit_ema_f5_083
LOG (gmm-acc-stats-ali[5.5.141~1-40a9d]:main():gmm-acc-stats-ali.cc:105) Processed 450 utterances; for utterance usctimit_ema_f5_104 avg. like is -84.1565 over 444 frames.
WARNING (gmm-acc-stats-ali[5.5.141~1-40a9d]:main():gmm-acc-stats-ali.cc:79) No alignment for utterance usctimit_ema_f5_167
LOG (gmm-acc-stats-ali[5.5.141~1-40a9d]:main():gmm-acc-stats-ali.cc:105) Processed 500 utterances; for utterance usctimit_ema_f5_168 avg. like is -96.3899 over 273 frames.
LOG (gmm-acc-stats-ali[5.5.141~1-40a9d]:main():gmm-acc-stats-ali.cc:105) Processed 550 utterances; for utterance usctimit_ema_f5_230 avg. like is -87.2774 over 427 frames.
WARNING (gmm-acc-stats-ali[5.5.141~1-40a9d]:main():gmm-acc-stats-ali.cc:79) No alignment for utterance usctimit_ema_f5_263
LOG (gmm-acc-stats-ali[5.5.141~1-40a9d]:main():gmm-acc-stats-ali.cc:105) Processed 600 utterances; for utterance usctimit_ema_f5_291 avg. like is -90.5863 over 368 frames.
LOG (gmm-acc-stats-ali[5.5.141~1-40a9d]:main():gmm-acc-stats-ali.cc:105) Processed 650 utterances; for utterance usctimit_ema_f5_357 avg. like is -93.9354 over 558 frames.
LOG (gmm-acc-stats-ali[5.5.141~1-40a9d]:main():gmm-acc-stats-ali.cc:105) Processed 700 utterances; for utterance usctimit_ema_f5_427 avg. like is -91.4308 over 781 frames.
LOG (apply-cmvn[5.5.141~1-40a9d]:main():apply-cmvn.cc:162) Applied cepstral mean normalization to 729 utterances, errors on 0
LOG (gmm-acc-stats-ali[5.5.141~1-40a9d]:main():gmm-acc-stats-ali.cc:112) Done 726 files, 3 with errors.
LOG (gmm-acc-stats-ali[5.5.141~1-40a9d]:main():gmm-acc-stats-ali.cc:115) Overall avg like per frame (Gaussian only) = -85.9047 over 318590 frames.
LOG (gmm-acc-stats-ali[5.5.141~1-40a9d]:main():gmm-acc-stats-ali.cc:123) Written accs.
# Accounting: time=4 threads=1
# Ended (code 0) at Mon Dec 24 20:02:45 EET 2018, elapsed time 4 seconds
