# gmm-align-compiled --transition-scale=1.0 --acoustic-scale=0.1 --self-loop-scale=0.1 --beam=10 --retry-beam=40 --careful=false "gmm-boost-silence --boost=1.0 1 exp/ug/tri1/20.mdl - |" "ark:gunzip -c exp/ug/tri1/fsts.1.gz|" "ark,s,cs:apply-cmvn  --utt2spk=ark:data/train/split2/1/utt2spk scp:data/train/split2/1/cmvn.scp scp:data/train/split2/1/feats.scp ark:- | add-deltas  ark:- ark:- |" "ark:|gzip -c >exp/ug/tri1/ali.1.gz" 
# Started at Mon Dec 24 20:05:14 EET 2018
#
gmm-align-compiled --transition-scale=1.0 --acoustic-scale=0.1 --self-loop-scale=0.1 --beam=10 --retry-beam=40 --careful=false 'gmm-boost-silence --boost=1.0 1 exp/ug/tri1/20.mdl - |' 'ark:gunzip -c exp/ug/tri1/fsts.1.gz|' 'ark,s,cs:apply-cmvn  --utt2spk=ark:data/train/split2/1/utt2spk scp:data/train/split2/1/cmvn.scp scp:data/train/split2/1/feats.scp ark:- | add-deltas  ark:- ark:- |' 'ark:|gzip -c >exp/ug/tri1/ali.1.gz' 
gmm-boost-silence --boost=1.0 1 exp/ug/tri1/20.mdl - 
LOG (gmm-boost-silence[5.5.141~1-40a9d]:main():gmm-boost-silence.cc:93) Boosted weights for 5 pdfs, by factor of 1
LOG (gmm-boost-silence[5.5.141~1-40a9d]:main():gmm-boost-silence.cc:103) Wrote model to -
apply-cmvn --utt2spk=ark:data/train/split2/1/utt2spk scp:data/train/split2/1/cmvn.scp scp:data/train/split2/1/feats.scp ark:- 
add-deltas ark:- ark:- 
LOG (gmm-align-compiled[5.5.141~1-40a9d]:main():gmm-align-compiled.cc:127) usctimit_ema_f1_001
LOG (gmm-align-compiled[5.5.141~1-40a9d]:main():gmm-align-compiled.cc:127) usctimit_ema_f1_002
LOG (gmm-align-compiled[5.5.141~1-40a9d]:main():gmm-align-compiled.cc:127) usctimit_ema_f1_003
LOG (gmm-align-compiled[5.5.141~1-40a9d]:main():gmm-align-compiled.cc:127) usctimit_ema_f1_005
LOG (gmm-align-compiled[5.5.141~1-40a9d]:main():gmm-align-compiled.cc:127) usctimit_ema_f1_006
LOG (gmm-align-compiled[5.5.141~1-40a9d]:main():gmm-align-compiled.cc:127) usctimit_ema_f1_007
LOG (gmm-align-compiled[5.5.141~1-40a9d]:main():gmm-align-compiled.cc:127) usctimit_ema_f1_008
LOG (gmm-align-compiled[5.5.141~1-40a9d]:main():gmm-align-compiled.cc:127) usctimit_ema_f1_009
LOG (gmm-align-compiled[5.5.141~1-40a9d]:main():gmm-align-compiled.cc:127) usctimit_ema_f1_010
LOG (gmm-align-compiled[5.5.141~1-40a9d]:main():gmm-align-compiled.cc:127) usctimit_ema_f1_011
LOG (gmm-align-compiled[5.5.141~1-40a9d]:main():gmm-align-compiled.cc:127) usctimit_ema_f1_012
LOG (gmm-align-compiled[5.5.141~1-40a9d]:main():gmm-align-compiled.cc:127) usctimit_ema_f1_013
LOG (gmm-align-compiled[5.5.141~1-40a9d]:main():gmm-align-compiled.cc:127) usctimit_ema_f1_014
LOG (gmm-align-compiled[5.5.141~1-40a9d]:main():gmm-align-compiled.cc:127) usctimit_ema_f1_015
LOG (gmm-align-compiled[5.5.141~1-40a9d]:main():gmm-align-compiled.cc:127) usctimit_ema_f1_017
LOG (gmm-align-compiled[5.5.141~1-40a9d]:main():gmm-align-compiled.cc:127) usctimit_ema_f1_018
LOG (gmm-align-compiled[5.5.141~1-40a9d]:main():gmm-align-compiled.cc:127) usctimit_ema_f1_019
LOG (gmm-align-compiled[5.5.141~1-40a9d]:main():gmm-align-compiled.cc:127) usctimit_ema_f1_020
LOG (gmm-align-compiled[5.5.141~1-40a9d]:main():gmm-align-compiled.cc:127) usctimit_ema_f1_022
LOG (gmm-align-compiled[5.5.141~1-40a9d]:main():gmm-align-compiled.cc:127) usctimit_ema_f1_023
LOG (gmm-align-compiled[5.5.141~1-40a9d]:main():gmm-align-compiled.cc:127) usctimit_ema_f1_024
LOG (gmm-align-compiled[5.5.141~1-40a9d]:main():gmm-align-compiled.cc:127) usctimit_ema_f1_025
LOG (gmm-align-compiled[5.5.141~1-40a9d]:main():gmm-align-compiled.cc:127) usctimit_ema_f1_026
LOG (gmm-align-compiled[5.5.141~1-40a9d]:main():gmm-align-compiled.cc:127) usctimit_ema_f1_027
LOG (gmm-align-compiled[5.5.141~1-40a9d]:main():gmm-align-compiled.cc:127) usctimit_ema_f1_029
LOG (gmm-align-compiled[5.5.141~1-40a9d]:main():gmm-align-compiled.cc:127) usctimit_ema_f1_030
LOG (gmm-align-compiled[5.5.141~1-40a9d]:main():gmm-align-compiled.cc:127) usctimit_ema_f1_032
LOG (gmm-align-compiled[5.5.141~1-40a9d]:main():gmm-align-compiled.cc:127) usctimit_ema_f1_033
LOG (gmm-align-compiled[5.5.141~1-40a9d]:main():gmm-align-compiled.cc:127) usctimit_ema_f1_034
LOG (gmm-align-compiled[5.5.141~1-40a9d]:main():gmm-align-compiled.cc:127) usctimit_ema_f1_035
LOG (gmm-align-compiled[5.5.141~1-40a9d]:main():gmm-align-compiled.cc:127) usctimit_ema_f1_036
LOG (gmm-align-compiled[5.5.141~1-40a9d]:main():gmm-align-compiled.cc:127) usctimit_ema_f1_037
LOG (gmm-align-compiled[5.5.141~1-40a9d]:main():gmm-align-compiled.cc:127) usctimit_ema_f1_038
LOG (gmm-align-compiled[5.5.141~1-40a9d]:main():gmm-align-compiled.cc:127) usctimit_ema_f1_039
LOG (gmm-align-compiled[5.5.141~1-40a9d]:main():gmm-align-compiled.cc:127) usctimit_ema_f1_040
LOG (gmm-align-compiled[5.5.141~1-40a9d]:main():gmm-align-compiled.cc:127) usctimit_ema_f1_041
LOG (gmm-align-compiled[5.5.141~1-40a9d]:main():gmm-align-compiled.cc:127) usctimit_ema_f1_042
LOG (gmm-align-compiled[5.5.141~1-40a9d]:main():gmm-align-compiled.cc:127) usctimit_ema_f1_044
LOG (gmm-align-compiled[5.5.141~1-40a9d]:main():gmm-align-compiled.cc:127) usctimit_ema_f1_045
LOG (gmm-align-compiled[5.5.141~1-40a9d]:main():gmm-align-compiled.cc:127) usctimit_ema_f1_046
LOG (gmm-align-compiled[5.5.141~1-40a9d]:main():gmm-align-compiled.cc:127) usctimit_ema_f1_047
LOG (gmm-align-compiled[5.5.141~1-40a9d]:main():gmm-align-compiled.cc:127) usctimit_ema_f1_049
LOG (gmm-align-compiled[5.5.141~1-40a9d]:main():gmm-align-compiled.cc:127) usctimit_ema_f1_050
LOG (gmm-align-compiled[5.5.141~1-40a9d]:main():gmm-align-compiled.cc:127) usctimit_ema_f1_051
LOG (gmm-align-compiled[5.5.141~1-40a9d]:main():gmm-align-compiled.cc:127) usctimit_ema_f1_055
LOG (gmm-align-compiled[5.5.141~1-40a9d]:main():gmm-align-compiled.cc:127) usctimit_ema_f1_056
LOG (gmm-align-compiled[5.5.141~1-40a9d]:main():gmm-align-compiled.cc:127) usctimit_ema_f1_057
LOG (gmm-align-compiled[5.5.141~1-40a9d]:main():gmm-align-compiled.cc:127) usctimit_ema_f1_058
LOG (gmm-align-compiled[5.5.141~1-40a9d]:main():gmm-align-compiled.cc:127) usctimit_ema_f1_059
LOG (gmm-align-compiled[5.5.141~1-40a9d]:main():gmm-align-compiled.cc:127) usctimit_ema_f1_060
LOG (gmm-align-compiled[5.5.141~1-40a9d]:main():gmm-align-compiled.cc:127) usctimit_ema_f1_061
LOG (gmm-align-compiled[5.5.141~1-40a9d]:main():gmm-align-compiled.cc:127) usctimit_ema_f1_062
LOG (gmm-align-compiled[5.5.141~1-40a9d]:main():gmm-align-compiled.cc:127) usctimit_ema_f1_063
LOG (gmm-align-compiled[5.5.141~1-40a9d]:main():gmm-align-compiled.cc:127) usctimit_ema_f1_064
LOG (gmm-align-compiled[5.5.141~1-40a9d]:main():gmm-align-compiled.cc:127) usctimit_ema_f1_065
LOG (gmm-align-compiled[5.5.141~1-40a9d]:main():gmm-align-compiled.cc:127) usctimit_ema_f1_066
LOG (gmm-align-compiled[5.5.141~1-40a9d]:main():gmm-align-compiled.cc:127) usctimit_ema_f1_067
LOG (gmm-align-compiled[5.5.141~1-40a9d]:main():gmm-align-compiled.cc:127) usctimit_ema_f1_068
LOG (gmm-align-compiled[5.5.141~1-40a9d]:main():gmm-align-compiled.cc:127) usctimit_ema_f1_069
LOG (gmm-align-compiled[5.5.141~1-40a9d]:main():gmm-align-compiled.cc:127) usctimit_ema_f1_070
LOG (gmm-align-compiled[5.5.141~1-40a9d]:main():gmm-align-compiled.cc:127) usctimit_ema_f1_071
LOG (gmm-align-compiled[5.5.141~1-40a9d]:main():gmm-align-compiled.cc:127) usctimit_ema_f1_073
LOG (gmm-align-compiled[5.5.141~1-40a9d]:main():gmm-align-compiled.cc:127) usctimit_ema_f1_075
LOG (gmm-align-compiled[5.5.141~1-40a9d]:main():gmm-align-compiled.cc:127) usctimit_ema_f1_076
LOG (gmm-align-compiled[5.5.141~1-40a9d]:main():gmm-align-compiled.cc:127) usctimit_ema_f1_077
LOG (gmm-align-compiled[5.5.141~1-40a9d]:main():gmm-align-compiled.cc:127) usctimit_ema_f1_079
LOG (gmm-align-compiled[5.5.141~1-40a9d]:main():gmm-align-compiled.cc:127) usctimit_ema_f1_080
LOG (gmm-align-compiled[5.5.141~1-40a9d]:main():gmm-align-compiled.cc:127) usctimit_ema_f1_081
LOG (gmm-align-compiled[5.5.141~1-40a9d]:main():gmm-align-compiled.cc:127) usctimit_ema_f1_082
LOG (gmm-align-compiled[5.5.141~1-40a9d]:main():gmm-align-compiled.cc:127) usctimit_ema_f1_083
LOG (gmm-align-compiled[5.5.141~1-40a9d]:main():gmm-align-compiled.cc:127) usctimit_ema_f1_084
LOG (gmm-align-compiled[5.5.141~1-40a9d]:main():gmm-align-compiled.cc:127) usctimit_ema_f1_085
LOG (gmm-align-compiled[5.5.141~1-40a9d]:main():gmm-align-compiled.cc:127) usctimit_ema_f1_086
LOG (gmm-align-compiled[5.5.141~1-40a9d]:main():gmm-align-compiled.cc:127) usctimit_ema_f1_087
LOG (gmm-align-compiled[5.5.141~1-40a9d]:main():gmm-align-compiled.cc:127) usctimit_ema_f1_088
LOG (gmm-align-compiled[5.5.141~1-40a9d]:main():gmm-align-compiled.cc:127) usctimit_ema_f1_089
LOG (gmm-align-compiled[5.5.141~1-40a9d]:main():gmm-align-compiled.cc:127) usctimit_ema_f1_092
LOG (gmm-align-compiled[5.5.141~1-40a9d]:main():gmm-align-compiled.cc:127) usctimit_ema_f1_093
LOG (gmm-align-compiled[5.5.141~1-40a9d]:main():gmm-align-compiled.cc:127) usctimit_ema_f1_094
LOG (gmm-align-compiled[5.5.141~1-40a9d]:main():gmm-align-compiled.cc:127) usctimit_ema_f1_095
LOG (gmm-align-compiled[5.5.141~1-40a9d]:main():gmm-align-compiled.cc:127) usctimit_ema_f1_096
LOG (gmm-align-compiled[5.5.141~1-40a9d]:main():gmm-align-compiled.cc:127) usctimit_ema_f1_097
LOG (gmm-align-compiled[5.5.141~1-40a9d]:main():gmm-align-compiled.cc:127) usctimit_ema_f1_098
LOG (gmm-align-compiled[5.5.141~1-40a9d]:main():gmm-align-compiled.cc:127) usctimit_ema_f1_099
LOG (gmm-align-compiled[5.5.141~1-40a9d]:main():gmm-align-compiled.cc:127) usctimit_ema_f1_101
LOG (gmm-align-compiled[5.5.141~1-40a9d]:main():gmm-align-compiled.cc:127) usctimit_ema_f1_102
LOG (gmm-align-compiled[5.5.141~1-40a9d]:main():gmm-align-compiled.cc:127) usctimit_ema_f1_103
LOG (gmm-align-compiled[5.5.141~1-40a9d]:main():gmm-align-compiled.cc:127) usctimit_ema_f1_104
LOG (gmm-align-compiled[5.5.141~1-40a9d]:main():gmm-align-compiled.cc:127) usctimit_ema_f1_106
LOG (gmm-align-compiled[5.5.141~1-40a9d]:main():gmm-align-compiled.cc:127) usctimit_ema_f1_107
LOG (gmm-align-compiled[5.5.141~1-40a9d]:main():gmm-align-compiled.cc:127) usctimit_ema_f1_109
LOG (gmm-align-compiled[5.5.141~1-40a9d]:main():gmm-align-compiled.cc:127) usctimit_ema_f1_110
LOG (gmm-align-compiled[5.5.141~1-40a9d]:main():gmm-align-compiled.cc:127) usctimit_ema_f1_112
LOG (gmm-align-compiled[5.5.141~1-40a9d]:main():gmm-align-compiled.cc:127) usctimit_ema_f1_113
LOG (gmm-align-compiled[5.5.141~1-40a9d]:main():gmm-align-compiled.cc:127) usctimit_ema_f1_114
LOG (gmm-align-compiled[5.5.141~1-40a9d]:main():gmm-align-compiled.cc:127) usctimit_ema_f1_116
LOG (gmm-align-compiled[5.5.141~1-40a9d]:main():gmm-align-compiled.cc:127) usctimit_ema_f1_117
LOG (gmm-align-compiled[5.5.141~1-40a9d]:main():gmm-align-compiled.cc:127) usctimit_ema_f1_118
LOG (gmm-align-compiled[5.5.141~1-40a9d]:main():gmm-align-compiled.cc:127) usctimit_ema_f1_120
LOG (gmm-align-compiled[5.5.141~1-40a9d]:main():gmm-align-compiled.cc:127) usctimit_ema_f1_121
LOG (gmm-align-compiled[5.5.141~1-40a9d]:main():gmm-align-compiled.cc:127) usctimit_ema_f1_124
LOG (gmm-align-compiled[5.5.141~1-40a9d]:main():gmm-align-compiled.cc:127) usctimit_ema_f1_125
LOG (gmm-align-compiled[5.5.141~1-40a9d]:main():gmm-align-compiled.cc:127) usctimit_ema_f1_127
LOG (gmm-align-compiled[5.5.141~1-40a9d]:main():gmm-align-compiled.cc:127) usctimit_ema_f1_129
LOG (gmm-align-compiled[5.5.141~1-40a9d]:main():gmm-align-compiled.cc:127) usctimit_ema_f1_131
LOG (gmm-align-compiled[5.5.141~1-40a9d]:main():gmm-align-compiled.cc:127) usctimit_ema_f1_132
LOG (gmm-align-compiled[5.5.141~1-40a9d]:main():gmm-align-compiled.cc:127) usctimit_ema_f1_133
LOG (gmm-align-compiled[5.5.141~1-40a9d]:main():gmm-align-compiled.cc:127) usctimit_ema_f1_135
LOG (gmm-align-compiled[5.5.141~1-40a9d]:main():gmm-align-compiled.cc:127) usctimit_ema_f1_136
LOG (gmm-align-compiled[5.5.141~1-40a9d]:main():gmm-align-compiled.cc:127) usctimit_ema_f1_137
LOG (gmm-align-compiled[5.5.141~1-40a9d]:main():gmm-align-compiled.cc:127) usctimit_ema_f1_138
LOG (gmm-align-compiled[5.5.141~1-40a9d]:main():gmm-align-compiled.cc:127) usctimit_ema_f1_139
LOG (gmm-align-compiled[5.5.141~1-40a9d]:main():gmm-align-compiled.cc:127) usctimit_ema_f1_140
LOG (gmm-align-compiled[5.5.141~1-40a9d]:main():gmm-align-compiled.cc:127) usctimit_ema_f1_141
LOG (gmm-align-compiled[5.5.141~1-40a9d]:main():gmm-align-compiled.cc:127) usctimit_ema_f1_142
LOG (gmm-align-compiled[5.5.141~1-40a9d]:main():gmm-align-compiled.cc:127) usctimit_ema_f1_143
LOG (gmm-align-compiled[5.5.141~1-40a9d]:main():gmm-align-compiled.cc:127) usctimit_ema_f1_144
LOG (gmm-align-compiled[5.5.141~1-40a9d]:main():gmm-align-compiled.cc:127) usctimit_ema_f1_145
LOG (gmm-align-compiled[5.5.141~1-40a9d]:main():gmm-align-compiled.cc:127) usctimit_ema_f1_146
LOG (gmm-align-compiled[5.5.141~1-40a9d]:main():gmm-align-compiled.cc:127) usctimit_ema_f1_149
LOG (gmm-align-compiled[5.5.141~1-40a9d]:main():gmm-align-compiled.cc:127) usctimit_ema_f1_150
LOG (gmm-align-compiled[5.5.141~1-40a9d]:main():gmm-align-compiled.cc:127) usctimit_ema_f1_151
LOG (gmm-align-compiled[5.5.141~1-40a9d]:main():gmm-align-compiled.cc:127) usctimit_ema_f1_152
LOG (gmm-align-compiled[5.5.141~1-40a9d]:main():gmm-align-compiled.cc:127) usctimit_ema_f1_154
LOG (gmm-align-compiled[5.5.141~1-40a9d]:main():gmm-align-compiled.cc:127) usctimit_ema_f1_155
LOG (gmm-align-compiled[5.5.141~1-40a9d]:main():gmm-align-compiled.cc:127) usctimit_ema_f1_156
LOG (gmm-align-compiled[5.5.141~1-40a9d]:main():gmm-align-compiled.cc:127) usctimit_ema_f1_157
LOG (gmm-align-compiled[5.5.141~1-40a9d]:main():gmm-align-compiled.cc:127) usctimit_ema_f1_158
LOG (gmm-align-compiled[5.5.141~1-40a9d]:main():gmm-align-compiled.cc:127) usctimit_ema_f1_159
LOG (gmm-align-compiled[5.5.141~1-40a9d]:main():gmm-align-compiled.cc:127) usctimit_ema_f1_160
LOG (gmm-align-compiled[5.5.141~1-40a9d]:main():gmm-align-compiled.cc:127) usctimit_ema_f1_161
LOG (gmm-align-compiled[5.5.141~1-40a9d]:main():gmm-align-compiled.cc:127) usctimit_ema_f1_164
LOG (gmm-align-compiled[5.5.141~1-40a9d]:main():gmm-align-compiled.cc:127) usctimit_ema_f1_165
LOG (gmm-align-compiled[5.5.141~1-40a9d]:main():gmm-align-compiled.cc:127) usctimit_ema_f1_166
LOG (gmm-align-compiled[5.5.141~1-40a9d]:main():gmm-align-compiled.cc:127) usctimit_ema_f1_167
LOG (gmm-align-compiled[5.5.141~1-40a9d]:main():gmm-align-compiled.cc:127) usctimit_ema_f1_168
LOG (gmm-align-compiled[5.5.141~1-40a9d]:main():gmm-align-compiled.cc:127) usctimit_ema_f1_169
LOG (gmm-align-compiled[5.5.141~1-40a9d]:main():gmm-align-compiled.cc:127) usctimit_ema_f1_172
LOG (gmm-align-compiled[5.5.141~1-40a9d]:main():gmm-align-compiled.cc:127) usctimit_ema_f1_173
LOG (gmm-align-compiled[5.5.141~1-40a9d]:main():gmm-align-compiled.cc:127) usctimit_ema_f1_174
LOG (gmm-align-compiled[5.5.141~1-40a9d]:main():gmm-align-compiled.cc:127) usctimit_ema_f1_175
LOG (gmm-align-compiled[5.5.141~1-40a9d]:main():gmm-align-compiled.cc:127) usctimit_ema_f1_176
LOG (gmm-align-compiled[5.5.141~1-40a9d]:main():gmm-align-compiled.cc:127) usctimit_ema_f1_177
LOG (gmm-align-compiled[5.5.141~1-40a9d]:main():gmm-align-compiled.cc:127) usctimit_ema_f1_178
LOG (gmm-align-compiled[5.5.141~1-40a9d]:main():gmm-align-compiled.cc:127) usctimit_ema_f1_179
LOG (gmm-align-compiled[5.5.141~1-40a9d]:main():gmm-align-compiled.cc:127) usctimit_ema_f1_180
LOG (gmm-align-compiled[5.5.141~1-40a9d]:main():gmm-align-compiled.cc:127) usctimit_ema_f1_181
LOG (gmm-align-compiled[5.5.141~1-40a9d]:main():gmm-align-compiled.cc:127) usctimit_ema_f1_182
LOG (gmm-align-compiled[5.5.141~1-40a9d]:main():gmm-align-compiled.cc:127) usctimit_ema_f1_183
LOG (gmm-align-compiled[5.5.141~1-40a9d]:main():gmm-align-compiled.cc:127) usctimit_ema_f1_184
LOG (gmm-align-compiled[5.5.141~1-40a9d]:main():gmm-align-compiled.cc:127) usctimit_ema_f1_185
LOG (gmm-align-compiled[5.5.141~1-40a9d]:main():gmm-align-compiled.cc:127) usctimit_ema_f1_186
LOG (gmm-align-compiled[5.5.141~1-40a9d]:main():gmm-align-compiled.cc:127) usctimit_ema_f1_189
LOG (gmm-align-compiled[5.5.141~1-40a9d]:main():gmm-align-compiled.cc:127) usctimit_ema_f1_190
LOG (gmm-align-compiled[5.5.141~1-40a9d]:main():gmm-align-compiled.cc:127) usctimit_ema_f1_191
LOG (gmm-align-compiled[5.5.141~1-40a9d]:main():gmm-align-compiled.cc:127) usctimit_ema_f1_192
LOG (gmm-align-compiled[5.5.141~1-40a9d]:main():gmm-align-compiled.cc:127) usctimit_ema_f1_193
LOG (gmm-align-compiled[5.5.141~1-40a9d]:main():gmm-align-compiled.cc:127) usctimit_ema_f1_194
LOG (gmm-align-compiled[5.5.141~1-40a9d]:main():gmm-align-compiled.cc:127) usctimit_ema_f1_195
LOG (gmm-align-compiled[5.5.141~1-40a9d]:main():gmm-align-compiled.cc:127) usctimit_ema_f1_196
LOG (gmm-align-compiled[5.5.141~1-40a9d]:main():gmm-align-compiled.cc:127) usctimit_ema_f1_197
LOG (gmm-align-compiled[5.5.141~1-40a9d]:main():gmm-align-compiled.cc:127) usctimit_ema_f1_199
LOG (gmm-align-compiled[5.5.141~1-40a9d]:main():gmm-align-compiled.cc:127) usctimit_ema_f1_200
LOG (gmm-align-compiled[5.5.141~1-40a9d]:main():gmm-align-compiled.cc:127) usctimit_ema_f1_201
LOG (gmm-align-compiled[5.5.141~1-40a9d]:main():gmm-align-compiled.cc:127) usctimit_ema_f1_202
LOG (gmm-align-compiled[5.5.141~1-40a9d]:main():gmm-align-compiled.cc:127) usctimit_ema_f1_203
LOG (gmm-align-compiled[5.5.141~1-40a9d]:main():gmm-align-compiled.cc:127) usctimit_ema_f1_206
LOG (gmm-align-compiled[5.5.141~1-40a9d]:main():gmm-align-compiled.cc:127) usctimit_ema_f1_207
LOG (gmm-align-compiled[5.5.141~1-40a9d]:main():gmm-align-compiled.cc:127) usctimit_ema_f1_208
LOG (gmm-align-compiled[5.5.141~1-40a9d]:main():gmm-align-compiled.cc:127) usctimit_ema_f1_210
LOG (gmm-align-compiled[5.5.141~1-40a9d]:main():gmm-align-compiled.cc:127) usctimit_ema_f1_211
LOG (gmm-align-compiled[5.5.141~1-40a9d]:main():gmm-align-compiled.cc:127) usctimit_ema_f1_212
LOG (gmm-align-compiled[5.5.141~1-40a9d]:main():gmm-align-compiled.cc:127) usctimit_ema_f1_214
LOG (gmm-align-compiled[5.5.141~1-40a9d]:main():gmm-align-compiled.cc:127) usctimit_ema_f1_215
LOG (gmm-align-compiled[5.5.141~1-40a9d]:main():gmm-align-compiled.cc:127) usctimit_ema_f1_216
LOG (gmm-align-compiled[5.5.141~1-40a9d]:main():gmm-align-compiled.cc:127) usctimit_ema_f1_217
LOG (gmm-align-compiled[5.5.141~1-40a9d]:main():gmm-align-compiled.cc:127) usctimit_ema_f1_219
LOG (gmm-align-compiled[5.5.141~1-40a9d]:main():gmm-align-compiled.cc:127) usctimit_ema_f1_220
LOG (gmm-align-compiled[5.5.141~1-40a9d]:main():gmm-align-compiled.cc:127) usctimit_ema_f1_221
LOG (gmm-align-compiled[5.5.141~1-40a9d]:main():gmm-align-compiled.cc:127) usctimit_ema_f1_222
LOG (gmm-align-compiled[5.5.141~1-40a9d]:main():gmm-align-compiled.cc:127) usctimit_ema_f1_223
LOG (gmm-align-compiled[5.5.141~1-40a9d]:main():gmm-align-compiled.cc:127) usctimit_ema_f1_224
LOG (gmm-align-compiled[5.5.141~1-40a9d]:main():gmm-align-compiled.cc:127) usctimit_ema_f1_225
LOG (gmm-align-compiled[5.5.141~1-40a9d]:main():gmm-align-compiled.cc:127) usctimit_ema_f1_228
LOG (gmm-align-compiled[5.5.141~1-40a9d]:main():gmm-align-compiled.cc:127) usctimit_ema_f1_229
LOG (gmm-align-compiled[5.5.141~1-40a9d]:main():gmm-align-compiled.cc:127) usctimit_ema_f1_230
LOG (gmm-align-compiled[5.5.141~1-40a9d]:main():gmm-align-compiled.cc:127) usctimit_ema_f1_231
LOG (gmm-align-compiled[5.5.141~1-40a9d]:main():gmm-align-compiled.cc:127) usctimit_ema_f1_232
LOG (gmm-align-compiled[5.5.141~1-40a9d]:main():gmm-align-compiled.cc:127) usctimit_ema_f1_233
WARNING (gmm-align-compiled[5.5.141~1-40a9d]:AlignUtteranceWrapper():decoder-wrappers.cc:501) Retrying utterance usctimit_ema_f1_233 with beam 40
LOG (gmm-align-compiled[5.5.141~1-40a9d]:main():gmm-align-compiled.cc:127) usctimit_ema_f1_234
LOG (gmm-align-compiled[5.5.141~1-40a9d]:main():gmm-align-compiled.cc:127) usctimit_ema_f1_235
LOG (gmm-align-compiled[5.5.141~1-40a9d]:main():gmm-align-compiled.cc:127) usctimit_ema_f1_237
LOG (gmm-align-compiled[5.5.141~1-40a9d]:main():gmm-align-compiled.cc:127) usctimit_ema_f1_238
LOG (gmm-align-compiled[5.5.141~1-40a9d]:main():gmm-align-compiled.cc:127) usctimit_ema_f1_240
LOG (gmm-align-compiled[5.5.141~1-40a9d]:main():gmm-align-compiled.cc:127) usctimit_ema_f1_241
LOG (gmm-align-compiled[5.5.141~1-40a9d]:main():gmm-align-compiled.cc:127) usctimit_ema_f1_243
LOG (gmm-align-compiled[5.5.141~1-40a9d]:main():gmm-align-compiled.cc:127) usctimit_ema_f1_245
LOG (gmm-align-compiled[5.5.141~1-40a9d]:main():gmm-align-compiled.cc:127) usctimit_ema_f1_246
LOG (gmm-align-compiled[5.5.141~1-40a9d]:main():gmm-align-compiled.cc:127) usctimit_ema_f1_247
LOG (gmm-align-compiled[5.5.141~1-40a9d]:main():gmm-align-compiled.cc:127) usctimit_ema_f1_248
LOG (gmm-align-compiled[5.5.141~1-40a9d]:main():gmm-align-compiled.cc:127) usctimit_ema_f1_251
LOG (gmm-align-compiled[5.5.141~1-40a9d]:main():gmm-align-compiled.cc:127) usctimit_ema_f1_253
LOG (gmm-align-compiled[5.5.141~1-40a9d]:main():gmm-align-compiled.cc:127) usctimit_ema_f1_254
LOG (gmm-align-compiled[5.5.141~1-40a9d]:main():gmm-align-compiled.cc:127) usctimit_ema_f1_256
LOG (gmm-align-compiled[5.5.141~1-40a9d]:main():gmm-align-compiled.cc:127) usctimit_ema_f1_257
LOG (gmm-align-compiled[5.5.141~1-40a9d]:main():gmm-align-compiled.cc:127) usctimit_ema_f1_259
LOG (gmm-align-compiled[5.5.141~1-40a9d]:main():gmm-align-compiled.cc:127) usctimit_ema_f1_260
LOG (gmm-align-compiled[5.5.141~1-40a9d]:main():gmm-align-compiled.cc:127) usctimit_ema_f1_261
LOG (gmm-align-compiled[5.5.141~1-40a9d]:main():gmm-align-compiled.cc:127) usctimit_ema_f1_263
LOG (gmm-align-compiled[5.5.141~1-40a9d]:main():gmm-align-compiled.cc:127) usctimit_ema_f1_264
LOG (gmm-align-compiled[5.5.141~1-40a9d]:main():gmm-align-compiled.cc:127) usctimit_ema_f1_265
LOG (gmm-align-compiled[5.5.141~1-40a9d]:main():gmm-align-compiled.cc:127) usctimit_ema_f1_266
LOG (gmm-align-compiled[5.5.141~1-40a9d]:main():gmm-align-compiled.cc:127) usctimit_ema_f1_267
LOG (gmm-align-compiled[5.5.141~1-40a9d]:main():gmm-align-compiled.cc:127) usctimit_ema_f1_268
LOG (gmm-align-compiled[5.5.141~1-40a9d]:main():gmm-align-compiled.cc:127) usctimit_ema_f1_269
LOG (gmm-align-compiled[5.5.141~1-40a9d]:main():gmm-align-compiled.cc:127) usctimit_ema_f1_270
LOG (gmm-align-compiled[5.5.141~1-40a9d]:main():gmm-align-compiled.cc:127) usctimit_ema_f1_271
LOG (gmm-align-compiled[5.5.141~1-40a9d]:main():gmm-align-compiled.cc:127) usctimit_ema_f1_272
LOG (gmm-align-compiled[5.5.141~1-40a9d]:main():gmm-align-compiled.cc:127) usctimit_ema_f1_273
LOG (gmm-align-compiled[5.5.141~1-40a9d]:main():gmm-align-compiled.cc:127) usctimit_ema_f1_274
LOG (gmm-align-compiled[5.5.141~1-40a9d]:main():gmm-align-compiled.cc:127) usctimit_ema_f1_275
LOG (gmm-align-compiled[5.5.141~1-40a9d]:main():gmm-align-compiled.cc:127) usctimit_ema_f1_276
LOG (gmm-align-compiled[5.5.141~1-40a9d]:main():gmm-align-compiled.cc:127) usctimit_ema_f1_277
LOG (gmm-align-compiled[5.5.141~1-40a9d]:main():gmm-align-compiled.cc:127) usctimit_ema_f1_278
LOG (gmm-align-compiled[5.5.141~1-40a9d]:main():gmm-align-compiled.cc:127) usctimit_ema_f1_279
LOG (gmm-align-compiled[5.5.141~1-40a9d]:main():gmm-align-compiled.cc:127) usctimit_ema_f1_280
LOG (gmm-align-compiled[5.5.141~1-40a9d]:main():gmm-align-compiled.cc:127) usctimit_ema_f1_281
LOG (gmm-align-compiled[5.5.141~1-40a9d]:main():gmm-align-compiled.cc:127) usctimit_ema_f1_283
LOG (gmm-align-compiled[5.5.141~1-40a9d]:main():gmm-align-compiled.cc:127) usctimit_ema_f1_284
LOG (gmm-align-compiled[5.5.141~1-40a9d]:main():gmm-align-compiled.cc:127) usctimit_ema_f1_285
LOG (gmm-align-compiled[5.5.141~1-40a9d]:main():gmm-align-compiled.cc:127) usctimit_ema_f1_288
LOG (gmm-align-compiled[5.5.141~1-40a9d]:main():gmm-align-compiled.cc:127) usctimit_ema_f1_289
LOG (gmm-align-compiled[5.5.141~1-40a9d]:main():gmm-align-compiled.cc:127) usctimit_ema_f1_292
LOG (gmm-align-compiled[5.5.141~1-40a9d]:main():gmm-align-compiled.cc:127) usctimit_ema_f1_293
LOG (gmm-align-compiled[5.5.141~1-40a9d]:main():gmm-align-compiled.cc:127) usctimit_ema_f1_294
LOG (gmm-align-compiled[5.5.141~1-40a9d]:main():gmm-align-compiled.cc:127) usctimit_ema_f1_295
LOG (gmm-align-compiled[5.5.141~1-40a9d]:main():gmm-align-compiled.cc:127) usctimit_ema_f1_298
LOG (gmm-align-compiled[5.5.141~1-40a9d]:main():gmm-align-compiled.cc:127) usctimit_ema_f1_300
LOG (gmm-align-compiled[5.5.141~1-40a9d]:main():gmm-align-compiled.cc:127) usctimit_ema_f1_301
LOG (gmm-align-compiled[5.5.141~1-40a9d]:main():gmm-align-compiled.cc:127) usctimit_ema_f1_303
LOG (gmm-align-compiled[5.5.141~1-40a9d]:main():gmm-align-compiled.cc:127) usctimit_ema_f1_304
LOG (gmm-align-compiled[5.5.141~1-40a9d]:main():gmm-align-compiled.cc:127) usctimit_ema_f1_305
LOG (gmm-align-compiled[5.5.141~1-40a9d]:main():gmm-align-compiled.cc:127) usctimit_ema_f1_306
LOG (gmm-align-compiled[5.5.141~1-40a9d]:main():gmm-align-compiled.cc:127) usctimit_ema_f1_307
LOG (gmm-align-compiled[5.5.141~1-40a9d]:main():gmm-align-compiled.cc:127) usctimit_ema_f1_308
LOG (gmm-align-compiled[5.5.141~1-40a9d]:main():gmm-align-compiled.cc:127) usctimit_ema_f1_309
LOG (gmm-align-compiled[5.5.141~1-40a9d]:main():gmm-align-compiled.cc:127) usctimit_ema_f1_310
LOG (gmm-align-compiled[5.5.141~1-40a9d]:main():gmm-align-compiled.cc:127) usctimit_ema_f1_312
LOG (gmm-align-compiled[5.5.141~1-40a9d]:main():gmm-align-compiled.cc:127) usctimit_ema_f1_313
LOG (gmm-align-compiled[5.5.141~1-40a9d]:main():gmm-align-compiled.cc:127) usctimit_ema_f1_314
LOG (gmm-align-compiled[5.5.141~1-40a9d]:main():gmm-align-compiled.cc:127) usctimit_ema_f1_315
LOG (gmm-align-compiled[5.5.141~1-40a9d]:main():gmm-align-compiled.cc:127) usctimit_ema_f1_316
LOG (gmm-align-compiled[5.5.141~1-40a9d]:main():gmm-align-compiled.cc:127) usctimit_ema_f1_318
LOG (gmm-align-compiled[5.5.141~1-40a9d]:main():gmm-align-compiled.cc:127) usctimit_ema_f1_319
LOG (gmm-align-compiled[5.5.141~1-40a9d]:main():gmm-align-compiled.cc:127) usctimit_ema_f1_321
LOG (gmm-align-compiled[5.5.141~1-40a9d]:main():gmm-align-compiled.cc:127) usctimit_ema_f1_324
LOG (gmm-align-compiled[5.5.141~1-40a9d]:main():gmm-align-compiled.cc:127) usctimit_ema_f1_327
LOG (gmm-align-compiled[5.5.141~1-40a9d]:main():gmm-align-compiled.cc:127) usctimit_ema_f1_328
LOG (gmm-align-compiled[5.5.141~1-40a9d]:main():gmm-align-compiled.cc:127) usctimit_ema_f1_329
LOG (gmm-align-compiled[5.5.141~1-40a9d]:main():gmm-align-compiled.cc:127) usctimit_ema_f1_330
LOG (gmm-align-compiled[5.5.141~1-40a9d]:main():gmm-align-compiled.cc:127) usctimit_ema_f1_331
LOG (gmm-align-compiled[5.5.141~1-40a9d]:main():gmm-align-compiled.cc:127) usctimit_ema_f1_332
LOG (gmm-align-compiled[5.5.141~1-40a9d]:main():gmm-align-compiled.cc:127) usctimit_ema_f1_333
LOG (gmm-align-compiled[5.5.141~1-40a9d]:main():gmm-align-compiled.cc:127) usctimit_ema_f1_334
LOG (gmm-align-compiled[5.5.141~1-40a9d]:main():gmm-align-compiled.cc:127) usctimit_ema_f1_335
LOG (gmm-align-compiled[5.5.141~1-40a9d]:main():gmm-align-compiled.cc:127) usctimit_ema_f1_336
LOG (gmm-align-compiled[5.5.141~1-40a9d]:main():gmm-align-compiled.cc:127) usctimit_ema_f1_337
LOG (gmm-align-compiled[5.5.141~1-40a9d]:main():gmm-align-compiled.cc:127) usctimit_ema_f1_338
LOG (gmm-align-compiled[5.5.141~1-40a9d]:main():gmm-align-compiled.cc:127) usctimit_ema_f1_339
LOG (gmm-align-compiled[5.5.141~1-40a9d]:main():gmm-align-compiled.cc:127) usctimit_ema_f1_340
LOG (gmm-align-compiled[5.5.141~1-40a9d]:main():gmm-align-compiled.cc:127) usctimit_ema_f1_341
LOG (gmm-align-compiled[5.5.141~1-40a9d]:main():gmm-align-compiled.cc:127) usctimit_ema_f1_343
LOG (gmm-align-compiled[5.5.141~1-40a9d]:main():gmm-align-compiled.cc:127) usctimit_ema_f1_344
LOG (gmm-align-compiled[5.5.141~1-40a9d]:main():gmm-align-compiled.cc:127) usctimit_ema_f1_345
LOG (gmm-align-compiled[5.5.141~1-40a9d]:main():gmm-align-compiled.cc:127) usctimit_ema_f1_348
LOG (gmm-align-compiled[5.5.141~1-40a9d]:main():gmm-align-compiled.cc:127) usctimit_ema_f1_349
LOG (gmm-align-compiled[5.5.141~1-40a9d]:main():gmm-align-compiled.cc:127) usctimit_ema_f1_350
LOG (gmm-align-compiled[5.5.141~1-40a9d]:main():gmm-align-compiled.cc:127) usctimit_ema_f1_351
LOG (gmm-align-compiled[5.5.141~1-40a9d]:main():gmm-align-compiled.cc:127) usctimit_ema_f1_352
LOG (gmm-align-compiled[5.5.141~1-40a9d]:main():gmm-align-compiled.cc:127) usctimit_ema_f1_353
LOG (gmm-align-compiled[5.5.141~1-40a9d]:main():gmm-align-compiled.cc:127) usctimit_ema_f1_354
LOG (gmm-align-compiled[5.5.141~1-40a9d]:main():gmm-align-compiled.cc:127) usctimit_ema_f1_355
LOG (gmm-align-compiled[5.5.141~1-40a9d]:main():gmm-align-compiled.cc:127) usctimit_ema_f1_357
LOG (gmm-align-compiled[5.5.141~1-40a9d]:main():gmm-align-compiled.cc:127) usctimit_ema_f1_358
LOG (gmm-align-compiled[5.5.141~1-40a9d]:main():gmm-align-compiled.cc:127) usctimit_ema_f1_359
LOG (gmm-align-compiled[5.5.141~1-40a9d]:main():gmm-align-compiled.cc:127) usctimit_ema_f1_361
LOG (gmm-align-compiled[5.5.141~1-40a9d]:main():gmm-align-compiled.cc:127) usctimit_ema_f1_363
LOG (gmm-align-compiled[5.5.141~1-40a9d]:main():gmm-align-compiled.cc:127) usctimit_ema_f1_365
LOG (gmm-align-compiled[5.5.141~1-40a9d]:main():gmm-align-compiled.cc:127) usctimit_ema_f1_366
LOG (gmm-align-compiled[5.5.141~1-40a9d]:main():gmm-align-compiled.cc:127) usctimit_ema_f1_367
LOG (gmm-align-compiled[5.5.141~1-40a9d]:main():gmm-align-compiled.cc:127) usctimit_ema_f1_369
LOG (gmm-align-compiled[5.5.141~1-40a9d]:main():gmm-align-compiled.cc:127) usctimit_ema_f1_370
LOG (gmm-align-compiled[5.5.141~1-40a9d]:main():gmm-align-compiled.cc:127) usctimit_ema_f1_371
LOG (gmm-align-compiled[5.5.141~1-40a9d]:main():gmm-align-compiled.cc:127) usctimit_ema_f1_372
LOG (gmm-align-compiled[5.5.141~1-40a9d]:main():gmm-align-compiled.cc:127) usctimit_ema_f1_373
LOG (gmm-align-compiled[5.5.141~1-40a9d]:main():gmm-align-compiled.cc:127) usctimit_ema_f1_374
LOG (gmm-align-compiled[5.5.141~1-40a9d]:main():gmm-align-compiled.cc:127) usctimit_ema_f1_375
LOG (gmm-align-compiled[5.5.141~1-40a9d]:main():gmm-align-compiled.cc:127) usctimit_ema_f1_376
LOG (gmm-align-compiled[5.5.141~1-40a9d]:main():gmm-align-compiled.cc:127) usctimit_ema_f1_377
LOG (gmm-align-compiled[5.5.141~1-40a9d]:main():gmm-align-compiled.cc:127) usctimit_ema_f1_378
LOG (gmm-align-compiled[5.5.141~1-40a9d]:main():gmm-align-compiled.cc:127) usctimit_ema_f1_379
LOG (gmm-align-compiled[5.5.141~1-40a9d]:main():gmm-align-compiled.cc:127) usctimit_ema_f1_380
LOG (gmm-align-compiled[5.5.141~1-40a9d]:main():gmm-align-compiled.cc:127) usctimit_ema_f1_381
LOG (gmm-align-compiled[5.5.141~1-40a9d]:main():gmm-align-compiled.cc:127) usctimit_ema_f1_383
LOG (gmm-align-compiled[5.5.141~1-40a9d]:main():gmm-align-compiled.cc:127) usctimit_ema_f1_384
LOG (gmm-align-compiled[5.5.141~1-40a9d]:main():gmm-align-compiled.cc:127) usctimit_ema_f1_385
LOG (gmm-align-compiled[5.5.141~1-40a9d]:main():gmm-align-compiled.cc:127) usctimit_ema_f1_386
LOG (gmm-align-compiled[5.5.141~1-40a9d]:main():gmm-align-compiled.cc:127) usctimit_ema_f1_387
LOG (gmm-align-compiled[5.5.141~1-40a9d]:main():gmm-align-compiled.cc:127) usctimit_ema_f1_388
LOG (gmm-align-compiled[5.5.141~1-40a9d]:main():gmm-align-compiled.cc:127) usctimit_ema_f1_389
LOG (gmm-align-compiled[5.5.141~1-40a9d]:main():gmm-align-compiled.cc:127) usctimit_ema_f1_390
LOG (gmm-align-compiled[5.5.141~1-40a9d]:main():gmm-align-compiled.cc:127) usctimit_ema_f1_391
LOG (gmm-align-compiled[5.5.141~1-40a9d]:main():gmm-align-compiled.cc:127) usctimit_ema_f1_393
LOG (gmm-align-compiled[5.5.141~1-40a9d]:main():gmm-align-compiled.cc:127) usctimit_ema_f1_395
LOG (gmm-align-compiled[5.5.141~1-40a9d]:main():gmm-align-compiled.cc:127) usctimit_ema_f1_396
LOG (gmm-align-compiled[5.5.141~1-40a9d]:main():gmm-align-compiled.cc:127) usctimit_ema_f1_399
LOG (gmm-align-compiled[5.5.141~1-40a9d]:main():gmm-align-compiled.cc:127) usctimit_ema_f1_401
LOG (gmm-align-compiled[5.5.141~1-40a9d]:main():gmm-align-compiled.cc:127) usctimit_ema_f1_403
LOG (gmm-align-compiled[5.5.141~1-40a9d]:main():gmm-align-compiled.cc:127) usctimit_ema_f1_404
LOG (gmm-align-compiled[5.5.141~1-40a9d]:main():gmm-align-compiled.cc:127) usctimit_ema_f1_406
LOG (gmm-align-compiled[5.5.141~1-40a9d]:main():gmm-align-compiled.cc:127) usctimit_ema_f1_407
LOG (gmm-align-compiled[5.5.141~1-40a9d]:main():gmm-align-compiled.cc:127) usctimit_ema_f1_409
LOG (gmm-align-compiled[5.5.141~1-40a9d]:main():gmm-align-compiled.cc:127) usctimit_ema_f1_411
LOG (gmm-align-compiled[5.5.141~1-40a9d]:main():gmm-align-compiled.cc:127) usctimit_ema_f1_412
LOG (gmm-align-compiled[5.5.141~1-40a9d]:main():gmm-align-compiled.cc:127) usctimit_ema_f1_413
LOG (gmm-align-compiled[5.5.141~1-40a9d]:main():gmm-align-compiled.cc:127) usctimit_ema_f1_415
LOG (gmm-align-compiled[5.5.141~1-40a9d]:main():gmm-align-compiled.cc:127) usctimit_ema_f1_416
LOG (gmm-align-compiled[5.5.141~1-40a9d]:main():gmm-align-compiled.cc:127) usctimit_ema_f1_417
LOG (gmm-align-compiled[5.5.141~1-40a9d]:main():gmm-align-compiled.cc:127) usctimit_ema_f1_418
LOG (gmm-align-compiled[5.5.141~1-40a9d]:main():gmm-align-compiled.cc:127) usctimit_ema_f1_419
LOG (gmm-align-compiled[5.5.141~1-40a9d]:main():gmm-align-compiled.cc:127) usctimit_ema_f1_420
LOG (gmm-align-compiled[5.5.141~1-40a9d]:main():gmm-align-compiled.cc:127) usctimit_ema_f1_421
LOG (gmm-align-compiled[5.5.141~1-40a9d]:main():gmm-align-compiled.cc:127) usctimit_ema_f1_422
LOG (gmm-align-compiled[5.5.141~1-40a9d]:main():gmm-align-compiled.cc:127) usctimit_ema_f1_423
LOG (gmm-align-compiled[5.5.141~1-40a9d]:main():gmm-align-compiled.cc:127) usctimit_ema_f1_424
LOG (gmm-align-compiled[5.5.141~1-40a9d]:main():gmm-align-compiled.cc:127) usctimit_ema_f1_425
LOG (gmm-align-compiled[5.5.141~1-40a9d]:main():gmm-align-compiled.cc:127) usctimit_ema_f1_426
LOG (gmm-align-compiled[5.5.141~1-40a9d]:main():gmm-align-compiled.cc:127) usctimit_ema_f1_427
LOG (gmm-align-compiled[5.5.141~1-40a9d]:main():gmm-align-compiled.cc:127) usctimit_ema_f1_428
LOG (gmm-align-compiled[5.5.141~1-40a9d]:main():gmm-align-compiled.cc:127) usctimit_ema_f1_429
LOG (gmm-align-compiled[5.5.141~1-40a9d]:main():gmm-align-compiled.cc:127) usctimit_ema_f1_430
LOG (gmm-align-compiled[5.5.141~1-40a9d]:main():gmm-align-compiled.cc:127) usctimit_ema_f1_431
LOG (gmm-align-compiled[5.5.141~1-40a9d]:main():gmm-align-compiled.cc:127) usctimit_ema_f1_432
LOG (gmm-align-compiled[5.5.141~1-40a9d]:main():gmm-align-compiled.cc:127) usctimit_ema_f1_433
LOG (gmm-align-compiled[5.5.141~1-40a9d]:main():gmm-align-compiled.cc:127) usctimit_ema_f1_434
LOG (gmm-align-compiled[5.5.141~1-40a9d]:main():gmm-align-compiled.cc:127) usctimit_ema_f1_435
LOG (gmm-align-compiled[5.5.141~1-40a9d]:main():gmm-align-compiled.cc:127) usctimit_ema_f1_436
LOG (gmm-align-compiled[5.5.141~1-40a9d]:main():gmm-align-compiled.cc:127) usctimit_ema_f1_437
LOG (gmm-align-compiled[5.5.141~1-40a9d]:main():gmm-align-compiled.cc:127) usctimit_ema_f1_438
LOG (gmm-align-compiled[5.5.141~1-40a9d]:main():gmm-align-compiled.cc:127) usctimit_ema_f1_439
LOG (gmm-align-compiled[5.5.141~1-40a9d]:main():gmm-align-compiled.cc:127) usctimit_ema_f1_440
LOG (gmm-align-compiled[5.5.141~1-40a9d]:main():gmm-align-compiled.cc:127) usctimit_ema_f1_441
LOG (gmm-align-compiled[5.5.141~1-40a9d]:main():gmm-align-compiled.cc:127) usctimit_ema_f1_442
LOG (gmm-align-compiled[5.5.141~1-40a9d]:main():gmm-align-compiled.cc:127) usctimit_ema_f1_443
LOG (gmm-align-compiled[5.5.141~1-40a9d]:main():gmm-align-compiled.cc:127) usctimit_ema_f1_444
LOG (gmm-align-compiled[5.5.141~1-40a9d]:main():gmm-align-compiled.cc:127) usctimit_ema_f1_446
LOG (gmm-align-compiled[5.5.141~1-40a9d]:main():gmm-align-compiled.cc:127) usctimit_ema_f1_447
LOG (gmm-align-compiled[5.5.141~1-40a9d]:main():gmm-align-compiled.cc:127) usctimit_ema_f1_448
LOG (gmm-align-compiled[5.5.141~1-40a9d]:main():gmm-align-compiled.cc:127) usctimit_ema_f1_450
LOG (gmm-align-compiled[5.5.141~1-40a9d]:main():gmm-align-compiled.cc:127) usctimit_ema_f1_452
LOG (gmm-align-compiled[5.5.141~1-40a9d]:main():gmm-align-compiled.cc:127) usctimit_ema_f1_454
LOG (gmm-align-compiled[5.5.141~1-40a9d]:main():gmm-align-compiled.cc:127) usctimit_ema_f1_455
LOG (gmm-align-compiled[5.5.141~1-40a9d]:main():gmm-align-compiled.cc:127) usctimit_ema_f1_457
LOG (gmm-align-compiled[5.5.141~1-40a9d]:main():gmm-align-compiled.cc:127) usctimit_ema_f1_458
LOG (gmm-align-compiled[5.5.141~1-40a9d]:main():gmm-align-compiled.cc:127) usctimit_ema_f1_459
LOG (gmm-align-compiled[5.5.141~1-40a9d]:main():gmm-align-compiled.cc:127) usctimit_ema_f5_001
LOG (gmm-align-compiled[5.5.141~1-40a9d]:main():gmm-align-compiled.cc:127) usctimit_ema_f5_002
LOG (gmm-align-compiled[5.5.141~1-40a9d]:main():gmm-align-compiled.cc:127) usctimit_ema_f5_003
LOG (gmm-align-compiled[5.5.141~1-40a9d]:main():gmm-align-compiled.cc:127) usctimit_ema_f5_004
LOG (gmm-align-compiled[5.5.141~1-40a9d]:main():gmm-align-compiled.cc:127) usctimit_ema_f5_005
LOG (gmm-align-compiled[5.5.141~1-40a9d]:main():gmm-align-compiled.cc:127) usctimit_ema_f5_006
LOG (gmm-align-compiled[5.5.141~1-40a9d]:main():gmm-align-compiled.cc:127) usctimit_ema_f5_007
LOG (gmm-align-compiled[5.5.141~1-40a9d]:main():gmm-align-compiled.cc:127) usctimit_ema_f5_008
LOG (gmm-align-compiled[5.5.141~1-40a9d]:main():gmm-align-compiled.cc:127) usctimit_ema_f5_010
LOG (gmm-align-compiled[5.5.141~1-40a9d]:main():gmm-align-compiled.cc:127) usctimit_ema_f5_012
LOG (gmm-align-compiled[5.5.141~1-40a9d]:main():gmm-align-compiled.cc:127) usctimit_ema_f5_013
LOG (gmm-align-compiled[5.5.141~1-40a9d]:main():gmm-align-compiled.cc:127) usctimit_ema_f5_014
LOG (gmm-align-compiled[5.5.141~1-40a9d]:main():gmm-align-compiled.cc:127) usctimit_ema_f5_015
LOG (gmm-align-compiled[5.5.141~1-40a9d]:main():gmm-align-compiled.cc:127) usctimit_ema_f5_016
WARNING (gmm-align-compiled[5.5.141~1-40a9d]:AlignUtteranceWrapper():decoder-wrappers.cc:501) Retrying utterance usctimit_ema_f5_016 with beam 40
LOG (gmm-align-compiled[5.5.141~1-40a9d]:main():gmm-align-compiled.cc:127) usctimit_ema_f5_018
LOG (gmm-align-compiled[5.5.141~1-40a9d]:main():gmm-align-compiled.cc:127) usctimit_ema_f5_020
LOG (gmm-align-compiled[5.5.141~1-40a9d]:main():gmm-align-compiled.cc:127) usctimit_ema_f5_021
LOG (gmm-align-compiled[5.5.141~1-40a9d]:main():gmm-align-compiled.cc:127) usctimit_ema_f5_022
LOG (gmm-align-compiled[5.5.141~1-40a9d]:main():gmm-align-compiled.cc:127) usctimit_ema_f5_023
LOG (gmm-align-compiled[5.5.141~1-40a9d]:main():gmm-align-compiled.cc:127) usctimit_ema_f5_024
LOG (gmm-align-compiled[5.5.141~1-40a9d]:main():gmm-align-compiled.cc:127) usctimit_ema_f5_025
LOG (gmm-align-compiled[5.5.141~1-40a9d]:main():gmm-align-compiled.cc:127) usctimit_ema_f5_026
WARNING (gmm-align-compiled[5.5.141~1-40a9d]:AlignUtteranceWrapper():decoder-wrappers.cc:501) Retrying utterance usctimit_ema_f5_026 with beam 40
LOG (gmm-align-compiled[5.5.141~1-40a9d]:main():gmm-align-compiled.cc:127) usctimit_ema_f5_027
WARNING (gmm-align-compiled[5.5.141~1-40a9d]:AlignUtteranceWrapper():decoder-wrappers.cc:501) Retrying utterance usctimit_ema_f5_027 with beam 40
LOG (gmm-align-compiled[5.5.141~1-40a9d]:main():gmm-align-compiled.cc:127) usctimit_ema_f5_028
LOG (gmm-align-compiled[5.5.141~1-40a9d]:main():gmm-align-compiled.cc:127) usctimit_ema_f5_029
LOG (gmm-align-compiled[5.5.141~1-40a9d]:main():gmm-align-compiled.cc:127) usctimit_ema_f5_030
LOG (gmm-align-compiled[5.5.141~1-40a9d]:main():gmm-align-compiled.cc:127) usctimit_ema_f5_031
LOG (gmm-align-compiled[5.5.141~1-40a9d]:main():gmm-align-compiled.cc:127) usctimit_ema_f5_032
LOG (gmm-align-compiled[5.5.141~1-40a9d]:main():gmm-align-compiled.cc:127) usctimit_ema_f5_033
LOG (gmm-align-compiled[5.5.141~1-40a9d]:main():gmm-align-compiled.cc:127) usctimit_ema_f5_034
LOG (gmm-align-compiled[5.5.141~1-40a9d]:main():gmm-align-compiled.cc:127) usctimit_ema_f5_035
LOG (gmm-align-compiled[5.5.141~1-40a9d]:main():gmm-align-compiled.cc:127) usctimit_ema_f5_037
LOG (gmm-align-compiled[5.5.141~1-40a9d]:main():gmm-align-compiled.cc:127) usctimit_ema_f5_038
LOG (gmm-align-compiled[5.5.141~1-40a9d]:main():gmm-align-compiled.cc:127) usctimit_ema_f5_040
LOG (gmm-align-compiled[5.5.141~1-40a9d]:main():gmm-align-compiled.cc:127) usctimit_ema_f5_041
LOG (gmm-align-compiled[5.5.141~1-40a9d]:main():gmm-align-compiled.cc:127) usctimit_ema_f5_042
LOG (gmm-align-compiled[5.5.141~1-40a9d]:main():gmm-align-compiled.cc:127) usctimit_ema_f5_044
LOG (gmm-align-compiled[5.5.141~1-40a9d]:main():gmm-align-compiled.cc:127) usctimit_ema_f5_045
LOG (gmm-align-compiled[5.5.141~1-40a9d]:main():gmm-align-compiled.cc:127) usctimit_ema_f5_046
LOG (gmm-align-compiled[5.5.141~1-40a9d]:main():gmm-align-compiled.cc:127) usctimit_ema_f5_047
LOG (gmm-align-compiled[5.5.141~1-40a9d]:main():gmm-align-compiled.cc:127) usctimit_ema_f5_048
LOG (gmm-align-compiled[5.5.141~1-40a9d]:main():gmm-align-compiled.cc:127) usctimit_ema_f5_049
LOG (gmm-align-compiled[5.5.141~1-40a9d]:main():gmm-align-compiled.cc:127) usctimit_ema_f5_050
LOG (gmm-align-compiled[5.5.141~1-40a9d]:main():gmm-align-compiled.cc:127) usctimit_ema_f5_051
LOG (gmm-align-compiled[5.5.141~1-40a9d]:main():gmm-align-compiled.cc:127) usctimit_ema_f5_052
LOG (gmm-align-compiled[5.5.141~1-40a9d]:main():gmm-align-compiled.cc:127) usctimit_ema_f5_053
LOG (gmm-align-compiled[5.5.141~1-40a9d]:main():gmm-align-compiled.cc:127) usctimit_ema_f5_054
LOG (gmm-align-compiled[5.5.141~1-40a9d]:main():gmm-align-compiled.cc:127) usctimit_ema_f5_055
LOG (gmm-align-compiled[5.5.141~1-40a9d]:main():gmm-align-compiled.cc:127) usctimit_ema_f5_056
LOG (gmm-align-compiled[5.5.141~1-40a9d]:main():gmm-align-compiled.cc:127) usctimit_ema_f5_057
LOG (gmm-align-compiled[5.5.141~1-40a9d]:main():gmm-align-compiled.cc:127) usctimit_ema_f5_058
LOG (gmm-align-compiled[5.5.141~1-40a9d]:main():gmm-align-compiled.cc:127) usctimit_ema_f5_059
LOG (gmm-align-compiled[5.5.141~1-40a9d]:main():gmm-align-compiled.cc:127) usctimit_ema_f5_060
LOG (gmm-align-compiled[5.5.141~1-40a9d]:main():gmm-align-compiled.cc:127) usctimit_ema_f5_062
LOG (gmm-align-compiled[5.5.141~1-40a9d]:main():gmm-align-compiled.cc:127) usctimit_ema_f5_063
LOG (gmm-align-compiled[5.5.141~1-40a9d]:main():gmm-align-compiled.cc:127) usctimit_ema_f5_064
LOG (gmm-align-compiled[5.5.141~1-40a9d]:main():gmm-align-compiled.cc:127) usctimit_ema_f5_065
LOG (gmm-align-compiled[5.5.141~1-40a9d]:main():gmm-align-compiled.cc:127) usctimit_ema_f5_067
LOG (gmm-align-compiled[5.5.141~1-40a9d]:main():gmm-align-compiled.cc:127) usctimit_ema_f5_069
WARNING (gmm-align-compiled[5.5.141~1-40a9d]:AlignUtteranceWrapper():decoder-wrappers.cc:501) Retrying utterance usctimit_ema_f5_069 with beam 40
LOG (gmm-align-compiled[5.5.141~1-40a9d]:main():gmm-align-compiled.cc:127) usctimit_ema_f5_070
LOG (gmm-align-compiled[5.5.141~1-40a9d]:main():gmm-align-compiled.cc:127) usctimit_ema_f5_072
LOG (gmm-align-compiled[5.5.141~1-40a9d]:main():gmm-align-compiled.cc:127) usctimit_ema_f5_073
LOG (gmm-align-compiled[5.5.141~1-40a9d]:main():gmm-align-compiled.cc:127) usctimit_ema_f5_074
LOG (gmm-align-compiled[5.5.141~1-40a9d]:main():gmm-align-compiled.cc:127) usctimit_ema_f5_075
LOG (gmm-align-compiled[5.5.141~1-40a9d]:main():gmm-align-compiled.cc:127) usctimit_ema_f5_076
LOG (gmm-align-compiled[5.5.141~1-40a9d]:main():gmm-align-compiled.cc:127) usctimit_ema_f5_079
LOG (gmm-align-compiled[5.5.141~1-40a9d]:main():gmm-align-compiled.cc:127) usctimit_ema_f5_082
LOG (gmm-align-compiled[5.5.141~1-40a9d]:main():gmm-align-compiled.cc:127) usctimit_ema_f5_083
WARNING (gmm-align-compiled[5.5.141~1-40a9d]:AlignUtteranceWrapper():decoder-wrappers.cc:501) Retrying utterance usctimit_ema_f5_083 with beam 40
WARNING (gmm-align-compiled[5.5.141~1-40a9d]:AlignUtteranceWrapper():decoder-wrappers.cc:510) Did not successfully decode file usctimit_ema_f5_083, len = 262
LOG (gmm-align-compiled[5.5.141~1-40a9d]:main():gmm-align-compiled.cc:127) usctimit_ema_f5_084
WARNING (gmm-align-compiled[5.5.141~1-40a9d]:AlignUtteranceWrapper():decoder-wrappers.cc:501) Retrying utterance usctimit_ema_f5_084 with beam 40
WARNING (gmm-align-compiled[5.5.141~1-40a9d]:AlignUtteranceWrapper():decoder-wrappers.cc:510) Did not successfully decode file usctimit_ema_f5_084, len = 532
LOG (gmm-align-compiled[5.5.141~1-40a9d]:main():gmm-align-compiled.cc:127) usctimit_ema_f5_085
LOG (gmm-align-compiled[5.5.141~1-40a9d]:main():gmm-align-compiled.cc:127) usctimit_ema_f5_086
LOG (gmm-align-compiled[5.5.141~1-40a9d]:main():gmm-align-compiled.cc:127) usctimit_ema_f5_087
LOG (gmm-align-compiled[5.5.141~1-40a9d]:main():gmm-align-compiled.cc:127) usctimit_ema_f5_088
LOG (gmm-align-compiled[5.5.141~1-40a9d]:main():gmm-align-compiled.cc:127) usctimit_ema_f5_089
LOG (gmm-align-compiled[5.5.141~1-40a9d]:main():gmm-align-compiled.cc:127) usctimit_ema_f5_091
LOG (gmm-align-compiled[5.5.141~1-40a9d]:main():gmm-align-compiled.cc:127) usctimit_ema_f5_092
LOG (gmm-align-compiled[5.5.141~1-40a9d]:main():gmm-align-compiled.cc:127) usctimit_ema_f5_093
LOG (gmm-align-compiled[5.5.141~1-40a9d]:main():gmm-align-compiled.cc:127) usctimit_ema_f5_095
LOG (gmm-align-compiled[5.5.141~1-40a9d]:main():gmm-align-compiled.cc:127) usctimit_ema_f5_096
LOG (gmm-align-compiled[5.5.141~1-40a9d]:main():gmm-align-compiled.cc:127) usctimit_ema_f5_097
LOG (gmm-align-compiled[5.5.141~1-40a9d]:main():gmm-align-compiled.cc:127) usctimit_ema_f5_098
LOG (gmm-align-compiled[5.5.141~1-40a9d]:main():gmm-align-compiled.cc:127) usctimit_ema_f5_099
LOG (gmm-align-compiled[5.5.141~1-40a9d]:main():gmm-align-compiled.cc:127) usctimit_ema_f5_100
LOG (gmm-align-compiled[5.5.141~1-40a9d]:main():gmm-align-compiled.cc:127) usctimit_ema_f5_102
LOG (gmm-align-compiled[5.5.141~1-40a9d]:main():gmm-align-compiled.cc:127) usctimit_ema_f5_103
LOG (gmm-align-compiled[5.5.141~1-40a9d]:main():gmm-align-compiled.cc:127) usctimit_ema_f5_104
LOG (gmm-align-compiled[5.5.141~1-40a9d]:main():gmm-align-compiled.cc:127) usctimit_ema_f5_105
LOG (gmm-align-compiled[5.5.141~1-40a9d]:main():gmm-align-compiled.cc:127) usctimit_ema_f5_106
LOG (gmm-align-compiled[5.5.141~1-40a9d]:main():gmm-align-compiled.cc:127) usctimit_ema_f5_107
LOG (gmm-align-compiled[5.5.141~1-40a9d]:main():gmm-align-compiled.cc:127) usctimit_ema_f5_109
LOG (gmm-align-compiled[5.5.141~1-40a9d]:main():gmm-align-compiled.cc:127) usctimit_ema_f5_110
LOG (gmm-align-compiled[5.5.141~1-40a9d]:main():gmm-align-compiled.cc:127) usctimit_ema_f5_111
LOG (gmm-align-compiled[5.5.141~1-40a9d]:main():gmm-align-compiled.cc:127) usctimit_ema_f5_112
LOG (gmm-align-compiled[5.5.141~1-40a9d]:main():gmm-align-compiled.cc:127) usctimit_ema_f5_113
LOG (gmm-align-compiled[5.5.141~1-40a9d]:main():gmm-align-compiled.cc:127) usctimit_ema_f5_115
LOG (gmm-align-compiled[5.5.141~1-40a9d]:main():gmm-align-compiled.cc:127) usctimit_ema_f5_116
LOG (gmm-align-compiled[5.5.141~1-40a9d]:main():gmm-align-compiled.cc:127) usctimit_ema_f5_117
LOG (gmm-align-compiled[5.5.141~1-40a9d]:main():gmm-align-compiled.cc:127) usctimit_ema_f5_118
LOG (gmm-align-compiled[5.5.141~1-40a9d]:main():gmm-align-compiled.cc:127) usctimit_ema_f5_119
LOG (gmm-align-compiled[5.5.141~1-40a9d]:main():gmm-align-compiled.cc:127) usctimit_ema_f5_120
LOG (gmm-align-compiled[5.5.141~1-40a9d]:main():gmm-align-compiled.cc:127) usctimit_ema_f5_121
LOG (gmm-align-compiled[5.5.141~1-40a9d]:main():gmm-align-compiled.cc:127) usctimit_ema_f5_122
LOG (gmm-align-compiled[5.5.141~1-40a9d]:main():gmm-align-compiled.cc:127) usctimit_ema_f5_123
LOG (gmm-align-compiled[5.5.141~1-40a9d]:main():gmm-align-compiled.cc:127) usctimit_ema_f5_124
LOG (gmm-align-compiled[5.5.141~1-40a9d]:main():gmm-align-compiled.cc:127) usctimit_ema_f5_125
LOG (gmm-align-compiled[5.5.141~1-40a9d]:main():gmm-align-compiled.cc:127) usctimit_ema_f5_126
LOG (gmm-align-compiled[5.5.141~1-40a9d]:main():gmm-align-compiled.cc:127) usctimit_ema_f5_127
LOG (gmm-align-compiled[5.5.141~1-40a9d]:main():gmm-align-compiled.cc:127) usctimit_ema_f5_129
LOG (gmm-align-compiled[5.5.141~1-40a9d]:main():gmm-align-compiled.cc:127) usctimit_ema_f5_130
LOG (gmm-align-compiled[5.5.141~1-40a9d]:main():gmm-align-compiled.cc:127) usctimit_ema_f5_131
LOG (gmm-align-compiled[5.5.141~1-40a9d]:main():gmm-align-compiled.cc:127) usctimit_ema_f5_132
LOG (gmm-align-compiled[5.5.141~1-40a9d]:main():gmm-align-compiled.cc:127) usctimit_ema_f5_135
LOG (gmm-align-compiled[5.5.141~1-40a9d]:main():gmm-align-compiled.cc:127) usctimit_ema_f5_136
LOG (gmm-align-compiled[5.5.141~1-40a9d]:main():gmm-align-compiled.cc:127) usctimit_ema_f5_137
LOG (gmm-align-compiled[5.5.141~1-40a9d]:main():gmm-align-compiled.cc:127) usctimit_ema_f5_139
LOG (gmm-align-compiled[5.5.141~1-40a9d]:main():gmm-align-compiled.cc:127) usctimit_ema_f5_140
LOG (gmm-align-compiled[5.5.141~1-40a9d]:main():gmm-align-compiled.cc:127) usctimit_ema_f5_141
LOG (gmm-align-compiled[5.5.141~1-40a9d]:main():gmm-align-compiled.cc:127) usctimit_ema_f5_142
LOG (gmm-align-compiled[5.5.141~1-40a9d]:main():gmm-align-compiled.cc:127) usctimit_ema_f5_145
LOG (gmm-align-compiled[5.5.141~1-40a9d]:main():gmm-align-compiled.cc:127) usctimit_ema_f5_146
LOG (gmm-align-compiled[5.5.141~1-40a9d]:main():gmm-align-compiled.cc:127) usctimit_ema_f5_147
LOG (gmm-align-compiled[5.5.141~1-40a9d]:main():gmm-align-compiled.cc:127) usctimit_ema_f5_148
LOG (gmm-align-compiled[5.5.141~1-40a9d]:main():gmm-align-compiled.cc:127) usctimit_ema_f5_150
LOG (gmm-align-compiled[5.5.141~1-40a9d]:main():gmm-align-compiled.cc:127) usctimit_ema_f5_151
LOG (gmm-align-compiled[5.5.141~1-40a9d]:main():gmm-align-compiled.cc:127) usctimit_ema_f5_152
LOG (gmm-align-compiled[5.5.141~1-40a9d]:main():gmm-align-compiled.cc:127) usctimit_ema_f5_153
LOG (gmm-align-compiled[5.5.141~1-40a9d]:main():gmm-align-compiled.cc:127) usctimit_ema_f5_154
LOG (gmm-align-compiled[5.5.141~1-40a9d]:main():gmm-align-compiled.cc:127) usctimit_ema_f5_155
LOG (gmm-align-compiled[5.5.141~1-40a9d]:main():gmm-align-compiled.cc:127) usctimit_ema_f5_156
LOG (gmm-align-compiled[5.5.141~1-40a9d]:main():gmm-align-compiled.cc:127) usctimit_ema_f5_157
LOG (gmm-align-compiled[5.5.141~1-40a9d]:main():gmm-align-compiled.cc:127) usctimit_ema_f5_158
LOG (gmm-align-compiled[5.5.141~1-40a9d]:main():gmm-align-compiled.cc:127) usctimit_ema_f5_160
LOG (gmm-align-compiled[5.5.141~1-40a9d]:main():gmm-align-compiled.cc:127) usctimit_ema_f5_161
LOG (gmm-align-compiled[5.5.141~1-40a9d]:main():gmm-align-compiled.cc:127) usctimit_ema_f5_165
LOG (gmm-align-compiled[5.5.141~1-40a9d]:main():gmm-align-compiled.cc:127) usctimit_ema_f5_166
LOG (gmm-align-compiled[5.5.141~1-40a9d]:main():gmm-align-compiled.cc:127) usctimit_ema_f5_167
WARNING (gmm-align-compiled[5.5.141~1-40a9d]:AlignUtteranceWrapper():decoder-wrappers.cc:501) Retrying utterance usctimit_ema_f5_167 with beam 40
WARNING (gmm-align-compiled[5.5.141~1-40a9d]:AlignUtteranceWrapper():decoder-wrappers.cc:510) Did not successfully decode file usctimit_ema_f5_167, len = 243
LOG (gmm-align-compiled[5.5.141~1-40a9d]:main():gmm-align-compiled.cc:127) usctimit_ema_f5_168
WARNING (gmm-align-compiled[5.5.141~1-40a9d]:AlignUtteranceWrapper():decoder-wrappers.cc:501) Retrying utterance usctimit_ema_f5_168 with beam 40
LOG (gmm-align-compiled[5.5.141~1-40a9d]:main():gmm-align-compiled.cc:127) usctimit_ema_f5_170
LOG (gmm-align-compiled[5.5.141~1-40a9d]:main():gmm-align-compiled.cc:127) usctimit_ema_f5_171
LOG (gmm-align-compiled[5.5.141~1-40a9d]:main():gmm-align-compiled.cc:127) usctimit_ema_f5_172
LOG (gmm-align-compiled[5.5.141~1-40a9d]:main():gmm-align-compiled.cc:127) usctimit_ema_f5_173
LOG (gmm-align-compiled[5.5.141~1-40a9d]:main():gmm-align-compiled.cc:127) usctimit_ema_f5_175
LOG (gmm-align-compiled[5.5.141~1-40a9d]:main():gmm-align-compiled.cc:127) usctimit_ema_f5_177
LOG (gmm-align-compiled[5.5.141~1-40a9d]:main():gmm-align-compiled.cc:127) usctimit_ema_f5_178
LOG (gmm-align-compiled[5.5.141~1-40a9d]:main():gmm-align-compiled.cc:127) usctimit_ema_f5_179
LOG (gmm-align-compiled[5.5.141~1-40a9d]:main():gmm-align-compiled.cc:127) usctimit_ema_f5_180
LOG (gmm-align-compiled[5.5.141~1-40a9d]:main():gmm-align-compiled.cc:127) usctimit_ema_f5_181
LOG (gmm-align-compiled[5.5.141~1-40a9d]:main():gmm-align-compiled.cc:127) usctimit_ema_f5_182
LOG (gmm-align-compiled[5.5.141~1-40a9d]:main():gmm-align-compiled.cc:127) usctimit_ema_f5_183
LOG (gmm-align-compiled[5.5.141~1-40a9d]:main():gmm-align-compiled.cc:127) usctimit_ema_f5_184
LOG (gmm-align-compiled[5.5.141~1-40a9d]:main():gmm-align-compiled.cc:127) usctimit_ema_f5_185
LOG (gmm-align-compiled[5.5.141~1-40a9d]:main():gmm-align-compiled.cc:127) usctimit_ema_f5_187
LOG (gmm-align-compiled[5.5.141~1-40a9d]:main():gmm-align-compiled.cc:127) usctimit_ema_f5_188
LOG (gmm-align-compiled[5.5.141~1-40a9d]:main():gmm-align-compiled.cc:127) usctimit_ema_f5_189
LOG (gmm-align-compiled[5.5.141~1-40a9d]:main():gmm-align-compiled.cc:127) usctimit_ema_f5_190
LOG (gmm-align-compiled[5.5.141~1-40a9d]:main():gmm-align-compiled.cc:127) usctimit_ema_f5_191
LOG (gmm-align-compiled[5.5.141~1-40a9d]:main():gmm-align-compiled.cc:127) usctimit_ema_f5_192
LOG (gmm-align-compiled[5.5.141~1-40a9d]:main():gmm-align-compiled.cc:127) usctimit_ema_f5_193
LOG (gmm-align-compiled[5.5.141~1-40a9d]:main():gmm-align-compiled.cc:127) usctimit_ema_f5_195
LOG (gmm-align-compiled[5.5.141~1-40a9d]:main():gmm-align-compiled.cc:127) usctimit_ema_f5_196
LOG (gmm-align-compiled[5.5.141~1-40a9d]:main():gmm-align-compiled.cc:127) usctimit_ema_f5_199
LOG (gmm-align-compiled[5.5.141~1-40a9d]:main():gmm-align-compiled.cc:127) usctimit_ema_f5_200
LOG (gmm-align-compiled[5.5.141~1-40a9d]:main():gmm-align-compiled.cc:127) usctimit_ema_f5_201
LOG (gmm-align-compiled[5.5.141~1-40a9d]:main():gmm-align-compiled.cc:127) usctimit_ema_f5_202
LOG (gmm-align-compiled[5.5.141~1-40a9d]:main():gmm-align-compiled.cc:127) usctimit_ema_f5_203
LOG (gmm-align-compiled[5.5.141~1-40a9d]:main():gmm-align-compiled.cc:127) usctimit_ema_f5_204
LOG (gmm-align-compiled[5.5.141~1-40a9d]:main():gmm-align-compiled.cc:127) usctimit_ema_f5_206
LOG (gmm-align-compiled[5.5.141~1-40a9d]:main():gmm-align-compiled.cc:127) usctimit_ema_f5_207
LOG (gmm-align-compiled[5.5.141~1-40a9d]:main():gmm-align-compiled.cc:127) usctimit_ema_f5_209
LOG (gmm-align-compiled[5.5.141~1-40a9d]:main():gmm-align-compiled.cc:127) usctimit_ema_f5_210
LOG (gmm-align-compiled[5.5.141~1-40a9d]:main():gmm-align-compiled.cc:127) usctimit_ema_f5_211
LOG (gmm-align-compiled[5.5.141~1-40a9d]:main():gmm-align-compiled.cc:127) usctimit_ema_f5_212
LOG (gmm-align-compiled[5.5.141~1-40a9d]:main():gmm-align-compiled.cc:127) usctimit_ema_f5_213
LOG (gmm-align-compiled[5.5.141~1-40a9d]:main():gmm-align-compiled.cc:127) usctimit_ema_f5_214
LOG (gmm-align-compiled[5.5.141~1-40a9d]:main():gmm-align-compiled.cc:127) usctimit_ema_f5_215
LOG (gmm-align-compiled[5.5.141~1-40a9d]:main():gmm-align-compiled.cc:127) usctimit_ema_f5_216
LOG (gmm-align-compiled[5.5.141~1-40a9d]:main():gmm-align-compiled.cc:127) usctimit_ema_f5_217
LOG (gmm-align-compiled[5.5.141~1-40a9d]:main():gmm-align-compiled.cc:127) usctimit_ema_f5_219
LOG (gmm-align-compiled[5.5.141~1-40a9d]:main():gmm-align-compiled.cc:127) usctimit_ema_f5_220
LOG (gmm-align-compiled[5.5.141~1-40a9d]:main():gmm-align-compiled.cc:127) usctimit_ema_f5_221
LOG (gmm-align-compiled[5.5.141~1-40a9d]:main():gmm-align-compiled.cc:127) usctimit_ema_f5_222
LOG (gmm-align-compiled[5.5.141~1-40a9d]:main():gmm-align-compiled.cc:127) usctimit_ema_f5_224
LOG (gmm-align-compiled[5.5.141~1-40a9d]:main():gmm-align-compiled.cc:127) usctimit_ema_f5_225
LOG (gmm-align-compiled[5.5.141~1-40a9d]:main():gmm-align-compiled.cc:127) usctimit_ema_f5_227
LOG (gmm-align-compiled[5.5.141~1-40a9d]:main():gmm-align-compiled.cc:127) usctimit_ema_f5_228
LOG (gmm-align-compiled[5.5.141~1-40a9d]:main():gmm-align-compiled.cc:127) usctimit_ema_f5_229
LOG (gmm-align-compiled[5.5.141~1-40a9d]:main():gmm-align-compiled.cc:127) usctimit_ema_f5_230
LOG (gmm-align-compiled[5.5.141~1-40a9d]:main():gmm-align-compiled.cc:127) usctimit_ema_f5_231
LOG (gmm-align-compiled[5.5.141~1-40a9d]:main():gmm-align-compiled.cc:127) usctimit_ema_f5_232
LOG (gmm-align-compiled[5.5.141~1-40a9d]:main():gmm-align-compiled.cc:127) usctimit_ema_f5_234
LOG (gmm-align-compiled[5.5.141~1-40a9d]:main():gmm-align-compiled.cc:127) usctimit_ema_f5_235
LOG (gmm-align-compiled[5.5.141~1-40a9d]:main():gmm-align-compiled.cc:127) usctimit_ema_f5_236
LOG (gmm-align-compiled[5.5.141~1-40a9d]:main():gmm-align-compiled.cc:127) usctimit_ema_f5_237
LOG (gmm-align-compiled[5.5.141~1-40a9d]:main():gmm-align-compiled.cc:127) usctimit_ema_f5_238
LOG (gmm-align-compiled[5.5.141~1-40a9d]:main():gmm-align-compiled.cc:127) usctimit_ema_f5_239
LOG (gmm-align-compiled[5.5.141~1-40a9d]:main():gmm-align-compiled.cc:127) usctimit_ema_f5_240
LOG (gmm-align-compiled[5.5.141~1-40a9d]:main():gmm-align-compiled.cc:127) usctimit_ema_f5_241
LOG (gmm-align-compiled[5.5.141~1-40a9d]:main():gmm-align-compiled.cc:127) usctimit_ema_f5_242
LOG (gmm-align-compiled[5.5.141~1-40a9d]:main():gmm-align-compiled.cc:127) usctimit_ema_f5_245
LOG (gmm-align-compiled[5.5.141~1-40a9d]:main():gmm-align-compiled.cc:127) usctimit_ema_f5_246
LOG (gmm-align-compiled[5.5.141~1-40a9d]:main():gmm-align-compiled.cc:127) usctimit_ema_f5_247
LOG (gmm-align-compiled[5.5.141~1-40a9d]:main():gmm-align-compiled.cc:127) usctimit_ema_f5_248
LOG (gmm-align-compiled[5.5.141~1-40a9d]:main():gmm-align-compiled.cc:127) usctimit_ema_f5_249
LOG (gmm-align-compiled[5.5.141~1-40a9d]:main():gmm-align-compiled.cc:127) usctimit_ema_f5_250
LOG (gmm-align-compiled[5.5.141~1-40a9d]:main():gmm-align-compiled.cc:127) usctimit_ema_f5_251
LOG (gmm-align-compiled[5.5.141~1-40a9d]:main():gmm-align-compiled.cc:127) usctimit_ema_f5_252
LOG (gmm-align-compiled[5.5.141~1-40a9d]:main():gmm-align-compiled.cc:127) usctimit_ema_f5_253
LOG (gmm-align-compiled[5.5.141~1-40a9d]:main():gmm-align-compiled.cc:127) usctimit_ema_f5_254
LOG (gmm-align-compiled[5.5.141~1-40a9d]:main():gmm-align-compiled.cc:127) usctimit_ema_f5_255
LOG (gmm-align-compiled[5.5.141~1-40a9d]:main():gmm-align-compiled.cc:127) usctimit_ema_f5_256
LOG (gmm-align-compiled[5.5.141~1-40a9d]:main():gmm-align-compiled.cc:127) usctimit_ema_f5_257
LOG (gmm-align-compiled[5.5.141~1-40a9d]:main():gmm-align-compiled.cc:127) usctimit_ema_f5_258
LOG (gmm-align-compiled[5.5.141~1-40a9d]:main():gmm-align-compiled.cc:127) usctimit_ema_f5_260
LOG (gmm-align-compiled[5.5.141~1-40a9d]:main():gmm-align-compiled.cc:127) usctimit_ema_f5_261
LOG (gmm-align-compiled[5.5.141~1-40a9d]:main():gmm-align-compiled.cc:127) usctimit_ema_f5_262
LOG (gmm-align-compiled[5.5.141~1-40a9d]:main():gmm-align-compiled.cc:127) usctimit_ema_f5_263
WARNING (gmm-align-compiled[5.5.141~1-40a9d]:AlignUtteranceWrapper():decoder-wrappers.cc:501) Retrying utterance usctimit_ema_f5_263 with beam 40
WARNING (gmm-align-compiled[5.5.141~1-40a9d]:AlignUtteranceWrapper():decoder-wrappers.cc:510) Did not successfully decode file usctimit_ema_f5_263, len = 307
LOG (gmm-align-compiled[5.5.141~1-40a9d]:main():gmm-align-compiled.cc:127) usctimit_ema_f5_264
WARNING (gmm-align-compiled[5.5.141~1-40a9d]:AlignUtteranceWrapper():decoder-wrappers.cc:501) Retrying utterance usctimit_ema_f5_264 with beam 40
LOG (gmm-align-compiled[5.5.141~1-40a9d]:main():gmm-align-compiled.cc:127) usctimit_ema_f5_265
LOG (gmm-align-compiled[5.5.141~1-40a9d]:main():gmm-align-compiled.cc:127) usctimit_ema_f5_266
LOG (gmm-align-compiled[5.5.141~1-40a9d]:main():gmm-align-compiled.cc:127) usctimit_ema_f5_267
LOG (gmm-align-compiled[5.5.141~1-40a9d]:main():gmm-align-compiled.cc:127) usctimit_ema_f5_269
LOG (gmm-align-compiled[5.5.141~1-40a9d]:main():gmm-align-compiled.cc:127) usctimit_ema_f5_270
LOG (gmm-align-compiled[5.5.141~1-40a9d]:main():gmm-align-compiled.cc:127) usctimit_ema_f5_271
LOG (gmm-align-compiled[5.5.141~1-40a9d]:main():gmm-align-compiled.cc:127) usctimit_ema_f5_273
LOG (gmm-align-compiled[5.5.141~1-40a9d]:main():gmm-align-compiled.cc:127) usctimit_ema_f5_274
LOG (gmm-align-compiled[5.5.141~1-40a9d]:main():gmm-align-compiled.cc:127) usctimit_ema_f5_276
LOG (gmm-align-compiled[5.5.141~1-40a9d]:main():gmm-align-compiled.cc:127) usctimit_ema_f5_277
LOG (gmm-align-compiled[5.5.141~1-40a9d]:main():gmm-align-compiled.cc:127) usctimit_ema_f5_278
LOG (gmm-align-compiled[5.5.141~1-40a9d]:main():gmm-align-compiled.cc:127) usctimit_ema_f5_279
LOG (gmm-align-compiled[5.5.141~1-40a9d]:main():gmm-align-compiled.cc:127) usctimit_ema_f5_280
LOG (gmm-align-compiled[5.5.141~1-40a9d]:main():gmm-align-compiled.cc:127) usctimit_ema_f5_282
LOG (gmm-align-compiled[5.5.141~1-40a9d]:main():gmm-align-compiled.cc:127) usctimit_ema_f5_283
LOG (gmm-align-compiled[5.5.141~1-40a9d]:main():gmm-align-compiled.cc:127) usctimit_ema_f5_284
LOG (gmm-align-compiled[5.5.141~1-40a9d]:main():gmm-align-compiled.cc:127) usctimit_ema_f5_285
LOG (gmm-align-compiled[5.5.141~1-40a9d]:main():gmm-align-compiled.cc:127) usctimit_ema_f5_287
LOG (gmm-align-compiled[5.5.141~1-40a9d]:main():gmm-align-compiled.cc:127) usctimit_ema_f5_288
LOG (gmm-align-compiled[5.5.141~1-40a9d]:main():gmm-align-compiled.cc:127) usctimit_ema_f5_289
LOG (gmm-align-compiled[5.5.141~1-40a9d]:main():gmm-align-compiled.cc:127) usctimit_ema_f5_291
LOG (gmm-align-compiled[5.5.141~1-40a9d]:main():gmm-align-compiled.cc:127) usctimit_ema_f5_292
LOG (gmm-align-compiled[5.5.141~1-40a9d]:main():gmm-align-compiled.cc:127) usctimit_ema_f5_293
LOG (gmm-align-compiled[5.5.141~1-40a9d]:main():gmm-align-compiled.cc:127) usctimit_ema_f5_294
LOG (gmm-align-compiled[5.5.141~1-40a9d]:main():gmm-align-compiled.cc:127) usctimit_ema_f5_295
LOG (gmm-align-compiled[5.5.141~1-40a9d]:main():gmm-align-compiled.cc:127) usctimit_ema_f5_296
LOG (gmm-align-compiled[5.5.141~1-40a9d]:main():gmm-align-compiled.cc:127) usctimit_ema_f5_297
LOG (gmm-align-compiled[5.5.141~1-40a9d]:main():gmm-align-compiled.cc:127) usctimit_ema_f5_298
LOG (gmm-align-compiled[5.5.141~1-40a9d]:main():gmm-align-compiled.cc:127) usctimit_ema_f5_299
LOG (gmm-align-compiled[5.5.141~1-40a9d]:main():gmm-align-compiled.cc:127) usctimit_ema_f5_300
LOG (gmm-align-compiled[5.5.141~1-40a9d]:main():gmm-align-compiled.cc:127) usctimit_ema_f5_301
LOG (gmm-align-compiled[5.5.141~1-40a9d]:main():gmm-align-compiled.cc:127) usctimit_ema_f5_302
LOG (gmm-align-compiled[5.5.141~1-40a9d]:main():gmm-align-compiled.cc:127) usctimit_ema_f5_303
LOG (gmm-align-compiled[5.5.141~1-40a9d]:main():gmm-align-compiled.cc:127) usctimit_ema_f5_306
LOG (gmm-align-compiled[5.5.141~1-40a9d]:main():gmm-align-compiled.cc:127) usctimit_ema_f5_308
LOG (gmm-align-compiled[5.5.141~1-40a9d]:main():gmm-align-compiled.cc:127) usctimit_ema_f5_309
LOG (gmm-align-compiled[5.5.141~1-40a9d]:main():gmm-align-compiled.cc:127) usctimit_ema_f5_310
LOG (gmm-align-compiled[5.5.141~1-40a9d]:main():gmm-align-compiled.cc:127) usctimit_ema_f5_311
LOG (gmm-align-compiled[5.5.141~1-40a9d]:main():gmm-align-compiled.cc:127) usctimit_ema_f5_312
LOG (gmm-align-compiled[5.5.141~1-40a9d]:main():gmm-align-compiled.cc:127) usctimit_ema_f5_313
LOG (gmm-align-compiled[5.5.141~1-40a9d]:main():gmm-align-compiled.cc:127) usctimit_ema_f5_314
LOG (gmm-align-compiled[5.5.141~1-40a9d]:main():gmm-align-compiled.cc:127) usctimit_ema_f5_315
LOG (gmm-align-compiled[5.5.141~1-40a9d]:main():gmm-align-compiled.cc:127) usctimit_ema_f5_316
LOG (gmm-align-compiled[5.5.141~1-40a9d]:main():gmm-align-compiled.cc:127) usctimit_ema_f5_317
LOG (gmm-align-compiled[5.5.141~1-40a9d]:main():gmm-align-compiled.cc:127) usctimit_ema_f5_318
LOG (gmm-align-compiled[5.5.141~1-40a9d]:main():gmm-align-compiled.cc:127) usctimit_ema_f5_320
LOG (gmm-align-compiled[5.5.141~1-40a9d]:main():gmm-align-compiled.cc:127) usctimit_ema_f5_321
LOG (gmm-align-compiled[5.5.141~1-40a9d]:main():gmm-align-compiled.cc:127) usctimit_ema_f5_322
LOG (gmm-align-compiled[5.5.141~1-40a9d]:main():gmm-align-compiled.cc:127) usctimit_ema_f5_324
LOG (gmm-align-compiled[5.5.141~1-40a9d]:main():gmm-align-compiled.cc:127) usctimit_ema_f5_325
LOG (gmm-align-compiled[5.5.141~1-40a9d]:main():gmm-align-compiled.cc:127) usctimit_ema_f5_326
LOG (gmm-align-compiled[5.5.141~1-40a9d]:main():gmm-align-compiled.cc:127) usctimit_ema_f5_327
LOG (gmm-align-compiled[5.5.141~1-40a9d]:main():gmm-align-compiled.cc:127) usctimit_ema_f5_328
LOG (gmm-align-compiled[5.5.141~1-40a9d]:main():gmm-align-compiled.cc:127) usctimit_ema_f5_331
LOG (gmm-align-compiled[5.5.141~1-40a9d]:main():gmm-align-compiled.cc:127) usctimit_ema_f5_332
LOG (gmm-align-compiled[5.5.141~1-40a9d]:main():gmm-align-compiled.cc:127) usctimit_ema_f5_333
LOG (gmm-align-compiled[5.5.141~1-40a9d]:main():gmm-align-compiled.cc:127) usctimit_ema_f5_335
LOG (gmm-align-compiled[5.5.141~1-40a9d]:main():gmm-align-compiled.cc:127) usctimit_ema_f5_337
LOG (gmm-align-compiled[5.5.141~1-40a9d]:main():gmm-align-compiled.cc:127) usctimit_ema_f5_338
LOG (gmm-align-compiled[5.5.141~1-40a9d]:main():gmm-align-compiled.cc:127) usctimit_ema_f5_339
LOG (gmm-align-compiled[5.5.141~1-40a9d]:main():gmm-align-compiled.cc:127) usctimit_ema_f5_340
LOG (gmm-align-compiled[5.5.141~1-40a9d]:main():gmm-align-compiled.cc:127) usctimit_ema_f5_341
LOG (gmm-align-compiled[5.5.141~1-40a9d]:main():gmm-align-compiled.cc:127) usctimit_ema_f5_342
LOG (gmm-align-compiled[5.5.141~1-40a9d]:main():gmm-align-compiled.cc:127) usctimit_ema_f5_346
LOG (gmm-align-compiled[5.5.141~1-40a9d]:main():gmm-align-compiled.cc:127) usctimit_ema_f5_347
LOG (gmm-align-compiled[5.5.141~1-40a9d]:main():gmm-align-compiled.cc:127) usctimit_ema_f5_350
LOG (gmm-align-compiled[5.5.141~1-40a9d]:main():gmm-align-compiled.cc:127) usctimit_ema_f5_351
LOG (gmm-align-compiled[5.5.141~1-40a9d]:main():gmm-align-compiled.cc:127) usctimit_ema_f5_352
LOG (gmm-align-compiled[5.5.141~1-40a9d]:main():gmm-align-compiled.cc:127) usctimit_ema_f5_353
WARNING (gmm-align-compiled[5.5.141~1-40a9d]:AlignUtteranceWrapper():decoder-wrappers.cc:501) Retrying utterance usctimit_ema_f5_353 with beam 40
LOG (gmm-align-compiled[5.5.141~1-40a9d]:main():gmm-align-compiled.cc:127) usctimit_ema_f5_355
WARNING (gmm-align-compiled[5.5.141~1-40a9d]:AlignUtteranceWrapper():decoder-wrappers.cc:501) Retrying utterance usctimit_ema_f5_355 with beam 40
WARNING (gmm-align-compiled[5.5.141~1-40a9d]:AlignUtteranceWrapper():decoder-wrappers.cc:510) Did not successfully decode file usctimit_ema_f5_355, len = 1607
LOG (gmm-align-compiled[5.5.141~1-40a9d]:main():gmm-align-compiled.cc:127) usctimit_ema_f5_357
LOG (gmm-align-compiled[5.5.141~1-40a9d]:main():gmm-align-compiled.cc:127) usctimit_ema_f5_358
LOG (gmm-align-compiled[5.5.141~1-40a9d]:main():gmm-align-compiled.cc:127) usctimit_ema_f5_361
LOG (gmm-align-compiled[5.5.141~1-40a9d]:main():gmm-align-compiled.cc:127) usctimit_ema_f5_362
LOG (gmm-align-compiled[5.5.141~1-40a9d]:main():gmm-align-compiled.cc:127) usctimit_ema_f5_363
LOG (gmm-align-compiled[5.5.141~1-40a9d]:main():gmm-align-compiled.cc:127) usctimit_ema_f5_364
LOG (gmm-align-compiled[5.5.141~1-40a9d]:main():gmm-align-compiled.cc:127) usctimit_ema_f5_365
LOG (gmm-align-compiled[5.5.141~1-40a9d]:main():gmm-align-compiled.cc:127) usctimit_ema_f5_366
LOG (gmm-align-compiled[5.5.141~1-40a9d]:main():gmm-align-compiled.cc:127) usctimit_ema_f5_367
LOG (gmm-align-compiled[5.5.141~1-40a9d]:main():gmm-align-compiled.cc:127) usctimit_ema_f5_370
LOG (gmm-align-compiled[5.5.141~1-40a9d]:main():gmm-align-compiled.cc:127) usctimit_ema_f5_371
LOG (gmm-align-compiled[5.5.141~1-40a9d]:main():gmm-align-compiled.cc:127) usctimit_ema_f5_372
LOG (gmm-align-compiled[5.5.141~1-40a9d]:main():gmm-align-compiled.cc:127) usctimit_ema_f5_373
LOG (gmm-align-compiled[5.5.141~1-40a9d]:main():gmm-align-compiled.cc:127) usctimit_ema_f5_374
LOG (gmm-align-compiled[5.5.141~1-40a9d]:main():gmm-align-compiled.cc:127) usctimit_ema_f5_376
LOG (gmm-align-compiled[5.5.141~1-40a9d]:main():gmm-align-compiled.cc:127) usctimit_ema_f5_377
LOG (gmm-align-compiled[5.5.141~1-40a9d]:main():gmm-align-compiled.cc:127) usctimit_ema_f5_378
LOG (gmm-align-compiled[5.5.141~1-40a9d]:main():gmm-align-compiled.cc:127) usctimit_ema_f5_379
LOG (gmm-align-compiled[5.5.141~1-40a9d]:main():gmm-align-compiled.cc:127) usctimit_ema_f5_380
LOG (gmm-align-compiled[5.5.141~1-40a9d]:main():gmm-align-compiled.cc:127) usctimit_ema_f5_381
LOG (gmm-align-compiled[5.5.141~1-40a9d]:main():gmm-align-compiled.cc:127) usctimit_ema_f5_382
LOG (gmm-align-compiled[5.5.141~1-40a9d]:main():gmm-align-compiled.cc:127) usctimit_ema_f5_383
LOG (gmm-align-compiled[5.5.141~1-40a9d]:main():gmm-align-compiled.cc:127) usctimit_ema_f5_384
LOG (gmm-align-compiled[5.5.141~1-40a9d]:main():gmm-align-compiled.cc:127) usctimit_ema_f5_388
LOG (gmm-align-compiled[5.5.141~1-40a9d]:main():gmm-align-compiled.cc:127) usctimit_ema_f5_390
LOG (gmm-align-compiled[5.5.141~1-40a9d]:main():gmm-align-compiled.cc:127) usctimit_ema_f5_393
LOG (gmm-align-compiled[5.5.141~1-40a9d]:main():gmm-align-compiled.cc:127) usctimit_ema_f5_394
LOG (gmm-align-compiled[5.5.141~1-40a9d]:main():gmm-align-compiled.cc:127) usctimit_ema_f5_395
LOG (gmm-align-compiled[5.5.141~1-40a9d]:main():gmm-align-compiled.cc:127) usctimit_ema_f5_397
LOG (gmm-align-compiled[5.5.141~1-40a9d]:main():gmm-align-compiled.cc:127) usctimit_ema_f5_398
LOG (gmm-align-compiled[5.5.141~1-40a9d]:main():gmm-align-compiled.cc:127) usctimit_ema_f5_400
LOG (gmm-align-compiled[5.5.141~1-40a9d]:main():gmm-align-compiled.cc:127) usctimit_ema_f5_401
LOG (gmm-align-compiled[5.5.141~1-40a9d]:main():gmm-align-compiled.cc:127) usctimit_ema_f5_403
LOG (gmm-align-compiled[5.5.141~1-40a9d]:main():gmm-align-compiled.cc:127) usctimit_ema_f5_404
LOG (gmm-align-compiled[5.5.141~1-40a9d]:main():gmm-align-compiled.cc:127) usctimit_ema_f5_405
LOG (gmm-align-compiled[5.5.141~1-40a9d]:main():gmm-align-compiled.cc:127) usctimit_ema_f5_407
LOG (gmm-align-compiled[5.5.141~1-40a9d]:main():gmm-align-compiled.cc:127) usctimit_ema_f5_408
LOG (gmm-align-compiled[5.5.141~1-40a9d]:main():gmm-align-compiled.cc:127) usctimit_ema_f5_409
LOG (gmm-align-compiled[5.5.141~1-40a9d]:main():gmm-align-compiled.cc:127) usctimit_ema_f5_411
LOG (gmm-align-compiled[5.5.141~1-40a9d]:main():gmm-align-compiled.cc:127) usctimit_ema_f5_412
LOG (gmm-align-compiled[5.5.141~1-40a9d]:main():gmm-align-compiled.cc:127) usctimit_ema_f5_413
LOG (gmm-align-compiled[5.5.141~1-40a9d]:main():gmm-align-compiled.cc:127) usctimit_ema_f5_414
LOG (gmm-align-compiled[5.5.141~1-40a9d]:main():gmm-align-compiled.cc:127) usctimit_ema_f5_415
LOG (gmm-align-compiled[5.5.141~1-40a9d]:main():gmm-align-compiled.cc:127) usctimit_ema_f5_416
LOG (gmm-align-compiled[5.5.141~1-40a9d]:main():gmm-align-compiled.cc:127) usctimit_ema_f5_417
LOG (gmm-align-compiled[5.5.141~1-40a9d]:main():gmm-align-compiled.cc:127) usctimit_ema_f5_419
LOG (gmm-align-compiled[5.5.141~1-40a9d]:main():gmm-align-compiled.cc:127) usctimit_ema_f5_420
LOG (gmm-align-compiled[5.5.141~1-40a9d]:main():gmm-align-compiled.cc:127) usctimit_ema_f5_421
LOG (gmm-align-compiled[5.5.141~1-40a9d]:main():gmm-align-compiled.cc:127) usctimit_ema_f5_422
LOG (gmm-align-compiled[5.5.141~1-40a9d]:main():gmm-align-compiled.cc:127) usctimit_ema_f5_425
LOG (gmm-align-compiled[5.5.141~1-40a9d]:main():gmm-align-compiled.cc:127) usctimit_ema_f5_427
LOG (gmm-align-compiled[5.5.141~1-40a9d]:main():gmm-align-compiled.cc:127) usctimit_ema_f5_428
LOG (gmm-align-compiled[5.5.141~1-40a9d]:main():gmm-align-compiled.cc:127) usctimit_ema_f5_429
LOG (gmm-align-compiled[5.5.141~1-40a9d]:main():gmm-align-compiled.cc:127) usctimit_ema_f5_430
LOG (gmm-align-compiled[5.5.141~1-40a9d]:main():gmm-align-compiled.cc:127) usctimit_ema_f5_432
LOG (gmm-align-compiled[5.5.141~1-40a9d]:main():gmm-align-compiled.cc:127) usctimit_ema_f5_433
LOG (gmm-align-compiled[5.5.141~1-40a9d]:main():gmm-align-compiled.cc:127) usctimit_ema_f5_434
LOG (gmm-align-compiled[5.5.141~1-40a9d]:main():gmm-align-compiled.cc:127) usctimit_ema_f5_435
LOG (gmm-align-compiled[5.5.141~1-40a9d]:main():gmm-align-compiled.cc:127) usctimit_ema_f5_439
LOG (gmm-align-compiled[5.5.141~1-40a9d]:main():gmm-align-compiled.cc:127) usctimit_ema_f5_440
LOG (gmm-align-compiled[5.5.141~1-40a9d]:main():gmm-align-compiled.cc:127) usctimit_ema_f5_441
LOG (gmm-align-compiled[5.5.141~1-40a9d]:main():gmm-align-compiled.cc:127) usctimit_ema_f5_442
LOG (gmm-align-compiled[5.5.141~1-40a9d]:main():gmm-align-compiled.cc:127) usctimit_ema_f5_443
LOG (gmm-align-compiled[5.5.141~1-40a9d]:main():gmm-align-compiled.cc:127) usctimit_ema_f5_444
LOG (gmm-align-compiled[5.5.141~1-40a9d]:main():gmm-align-compiled.cc:127) usctimit_ema_f5_445
LOG (gmm-align-compiled[5.5.141~1-40a9d]:main():gmm-align-compiled.cc:127) usctimit_ema_f5_446
LOG (gmm-align-compiled[5.5.141~1-40a9d]:main():gmm-align-compiled.cc:127) usctimit_ema_f5_448
LOG (gmm-align-compiled[5.5.141~1-40a9d]:main():gmm-align-compiled.cc:127) usctimit_ema_f5_449
LOG (gmm-align-compiled[5.5.141~1-40a9d]:main():gmm-align-compiled.cc:127) usctimit_ema_f5_450
LOG (gmm-align-compiled[5.5.141~1-40a9d]:main():gmm-align-compiled.cc:127) usctimit_ema_f5_452
LOG (gmm-align-compiled[5.5.141~1-40a9d]:main():gmm-align-compiled.cc:127) usctimit_ema_f5_453
LOG (gmm-align-compiled[5.5.141~1-40a9d]:main():gmm-align-compiled.cc:127) usctimit_ema_f5_454
LOG (gmm-align-compiled[5.5.141~1-40a9d]:main():gmm-align-compiled.cc:127) usctimit_ema_f5_455
LOG (apply-cmvn[5.5.141~1-40a9d]:main():apply-cmvn.cc:162) Applied cepstral mean normalization to 729 utterances, errors on 0
LOG (gmm-align-compiled[5.5.141~1-40a9d]:main():gmm-align-compiled.cc:127) usctimit_ema_f5_457
LOG (gmm-align-compiled[5.5.141~1-40a9d]:main():gmm-align-compiled.cc:127) usctimit_ema_f5_458
LOG (gmm-align-compiled[5.5.141~1-40a9d]:main():gmm-align-compiled.cc:127) usctimit_ema_f5_459
LOG (gmm-align-compiled[5.5.141~1-40a9d]:main():gmm-align-compiled.cc:127) usctimit_ema_f5_460
LOG (gmm-align-compiled[5.5.141~1-40a9d]:main():gmm-align-compiled.cc:135) Overall log-likelihood per frame is -81.359 over 316451 frames.
LOG (gmm-align-compiled[5.5.141~1-40a9d]:main():gmm-align-compiled.cc:137) Retried 13 out of 729 utterances.
LOG (gmm-align-compiled[5.5.141~1-40a9d]:main():gmm-align-compiled.cc:139) Done 724, errors on 5
# Accounting: time=70 threads=1
# Ended (code 0) at Mon Dec 24 20:06:24 EET 2018, elapsed time 70 seconds
