# build-tree --verbose=1 --max-leaves=2000 --cluster-thresh=-1 exp/ug/tri1/treeacc ./data/lang/ug/phones/roots.int exp/ug/tri1/questions.qst ./data/lang/ug/topo exp/ug/tri1/tree 
# Started at Mon Dec 24 20:02:11 EET 2018
#
build-tree --verbose=1 --max-leaves=2000 --cluster-thresh=-1 exp/ug/tri1/treeacc ./data/lang/ug/phones/roots.int exp/ug/tri1/questions.qst ./data/lang/ug/topo exp/ug/tri1/tree 
LOG (build-tree[5.5.141~1-40a9d]:main():build-tree.cc:104) Number of separate statistics is 19750
LOG (build-tree[5.5.141~1-40a9d]:BuildTree():build-tree.cc:161) BuildTree: before building trees, map has 41 leaves.
LOG (build-tree[5.5.141~1-40a9d]:SplitDecisionTree():build-tree-utils.cc:577) DoDecisionTreeSplit: split 1285 times, #leaves now 1326
LOG (build-tree[5.5.141~1-40a9d]:BuildTree():build-tree.cc:187) Setting clustering threshold to smallest split 300.105
VLOG[1] (build-tree[5.5.141~1-40a9d]:BuildTree():build-tree.cc:196) After decision tree split, num-leaves = 1326, like-impr = 5.46658 per frame over 649805 frames.
VLOG[1] (build-tree[5.5.141~1-40a9d]:BuildTree():build-tree.cc:200) Including just phones that were split, improvement is 5.46658 per frame over 649805 frames.
LOG (build-tree[5.5.141~1-40a9d]:BuildTree():build-tree.cc:215) BuildTree: removed 297 leaves.
VLOG[1] (build-tree[5.5.141~1-40a9d]:ClusterEventMapToNClustersRestrictedByMap():build-tree-utils.cc:916) Number of non-empty clusters in map = 40
VLOG[1] (build-tree[5.5.141~1-40a9d]:ClusterEventMapToNClustersRestrictedByMap():build-tree-utils.cc:917) Number of non-empty clusters = 1028
LOG (build-tree[5.5.141~1-40a9d]:BuildTree():build-tree.cc:231) BuildTree: Rounded num leaves to multiple of 8 by removing 5 leaves.
VLOG[1] (build-tree[5.5.141~1-40a9d]:BuildTree():build-tree.cc:256) Objf change due to clustering -0.0955487 per frame.
VLOG[1] (build-tree[5.5.141~1-40a9d]:BuildTree():build-tree.cc:259) Normalizing over only split phones, this is: -0.0955487 per frame.
VLOG[1] (build-tree[5.5.141~1-40a9d]:BuildTree():build-tree.cc:262) Num-leaves is now 1024
VLOG[1] (build-tree[5.5.141~1-40a9d]:main():build-tree.cc:143) For pdf-id 1, low count 0
VLOG[1] (build-tree[5.5.141~1-40a9d]:main():build-tree.cc:143) For pdf-id 6, low count 61
VLOG[1] (build-tree[5.5.141~1-40a9d]:main():build-tree.cc:143) For pdf-id 12, low count 60
VLOG[1] (build-tree[5.5.141~1-40a9d]:main():build-tree.cc:143) For pdf-id 17, low count 40
VLOG[1] (build-tree[5.5.141~1-40a9d]:main():build-tree.cc:143) For pdf-id 19, low count 71
VLOG[1] (build-tree[5.5.141~1-40a9d]:main():build-tree.cc:143) For pdf-id 27, low count 85
VLOG[1] (build-tree[5.5.141~1-40a9d]:main():build-tree.cc:143) For pdf-id 32, low count 83
VLOG[1] (build-tree[5.5.141~1-40a9d]:main():build-tree.cc:143) For pdf-id 33, low count 70
VLOG[1] (build-tree[5.5.141~1-40a9d]:main():build-tree.cc:143) For pdf-id 62, low count 79
VLOG[1] (build-tree[5.5.141~1-40a9d]:main():build-tree.cc:143) For pdf-id 78, low count 68
VLOG[1] (build-tree[5.5.141~1-40a9d]:main():build-tree.cc:143) For pdf-id 95, low count 95
VLOG[1] (build-tree[5.5.141~1-40a9d]:main():build-tree.cc:143) For pdf-id 108, low count 89
VLOG[1] (build-tree[5.5.141~1-40a9d]:main():build-tree.cc:143) For pdf-id 114, low count 98
VLOG[1] (build-tree[5.5.141~1-40a9d]:main():build-tree.cc:143) For pdf-id 125, low count 13
VLOG[1] (build-tree[5.5.141~1-40a9d]:main():build-tree.cc:143) For pdf-id 135, low count 69
VLOG[1] (build-tree[5.5.141~1-40a9d]:main():build-tree.cc:143) For pdf-id 137, low count 74
VLOG[1] (build-tree[5.5.141~1-40a9d]:main():build-tree.cc:143) For pdf-id 140, low count 97
VLOG[1] (build-tree[5.5.141~1-40a9d]:main():build-tree.cc:143) For pdf-id 141, low count 46
VLOG[1] (build-tree[5.5.141~1-40a9d]:main():build-tree.cc:143) For pdf-id 143, low count 95
VLOG[1] (build-tree[5.5.141~1-40a9d]:main():build-tree.cc:143) For pdf-id 168, low count 73
VLOG[1] (build-tree[5.5.141~1-40a9d]:main():build-tree.cc:143) For pdf-id 171, low count 68
VLOG[1] (build-tree[5.5.141~1-40a9d]:main():build-tree.cc:143) For pdf-id 174, low count 52
VLOG[1] (build-tree[5.5.141~1-40a9d]:main():build-tree.cc:143) For pdf-id 175, low count 83
VLOG[1] (build-tree[5.5.141~1-40a9d]:main():build-tree.cc:143) For pdf-id 182, low count 38
VLOG[1] (build-tree[5.5.141~1-40a9d]:main():build-tree.cc:143) For pdf-id 198, low count 83
VLOG[1] (build-tree[5.5.141~1-40a9d]:main():build-tree.cc:143) For pdf-id 204, low count 75
VLOG[1] (build-tree[5.5.141~1-40a9d]:main():build-tree.cc:143) For pdf-id 221, low count 99
VLOG[1] (build-tree[5.5.141~1-40a9d]:main():build-tree.cc:143) For pdf-id 224, low count 65
VLOG[1] (build-tree[5.5.141~1-40a9d]:main():build-tree.cc:143) For pdf-id 231, low count 83
VLOG[1] (build-tree[5.5.141~1-40a9d]:main():build-tree.cc:143) For pdf-id 235, low count 96
VLOG[1] (build-tree[5.5.141~1-40a9d]:main():build-tree.cc:143) For pdf-id 242, low count 69
VLOG[1] (build-tree[5.5.141~1-40a9d]:main():build-tree.cc:143) For pdf-id 264, low count 83
VLOG[1] (build-tree[5.5.141~1-40a9d]:main():build-tree.cc:143) For pdf-id 265, low count 86
VLOG[1] (build-tree[5.5.141~1-40a9d]:main():build-tree.cc:143) For pdf-id 275, low count 45
VLOG[1] (build-tree[5.5.141~1-40a9d]:main():build-tree.cc:143) For pdf-id 281, low count 90
VLOG[1] (build-tree[5.5.141~1-40a9d]:main():build-tree.cc:143) For pdf-id 283, low count 55
VLOG[1] (build-tree[5.5.141~1-40a9d]:main():build-tree.cc:143) For pdf-id 288, low count 72
VLOG[1] (build-tree[5.5.141~1-40a9d]:main():build-tree.cc:143) For pdf-id 305, low count 58
VLOG[1] (build-tree[5.5.141~1-40a9d]:main():build-tree.cc:143) For pdf-id 313, low count 65
VLOG[1] (build-tree[5.5.141~1-40a9d]:main():build-tree.cc:143) For pdf-id 317, low count 94
VLOG[1] (build-tree[5.5.141~1-40a9d]:main():build-tree.cc:143) For pdf-id 322, low count 75
VLOG[1] (build-tree[5.5.141~1-40a9d]:main():build-tree.cc:143) For pdf-id 361, low count 31
VLOG[1] (build-tree[5.5.141~1-40a9d]:main():build-tree.cc:143) For pdf-id 397, low count 50
VLOG[1] (build-tree[5.5.141~1-40a9d]:main():build-tree.cc:143) For pdf-id 399, low count 66
VLOG[1] (build-tree[5.5.141~1-40a9d]:main():build-tree.cc:143) For pdf-id 403, low count 72
VLOG[1] (build-tree[5.5.141~1-40a9d]:main():build-tree.cc:143) For pdf-id 409, low count 96
VLOG[1] (build-tree[5.5.141~1-40a9d]:main():build-tree.cc:143) For pdf-id 414, low count 45
VLOG[1] (build-tree[5.5.141~1-40a9d]:main():build-tree.cc:143) For pdf-id 422, low count 80
VLOG[1] (build-tree[5.5.141~1-40a9d]:main():build-tree.cc:143) For pdf-id 429, low count 51
VLOG[1] (build-tree[5.5.141~1-40a9d]:main():build-tree.cc:143) For pdf-id 431, low count 48
VLOG[1] (build-tree[5.5.141~1-40a9d]:main():build-tree.cc:143) For pdf-id 433, low count 77
VLOG[1] (build-tree[5.5.141~1-40a9d]:main():build-tree.cc:143) For pdf-id 451, low count 82
VLOG[1] (build-tree[5.5.141~1-40a9d]:main():build-tree.cc:143) For pdf-id 505, low count 49
VLOG[1] (build-tree[5.5.141~1-40a9d]:main():build-tree.cc:143) For pdf-id 510, low count 47
VLOG[1] (build-tree[5.5.141~1-40a9d]:main():build-tree.cc:143) For pdf-id 538, low count 89
VLOG[1] (build-tree[5.5.141~1-40a9d]:main():build-tree.cc:143) For pdf-id 545, low count 98
VLOG[1] (build-tree[5.5.141~1-40a9d]:main():build-tree.cc:143) For pdf-id 554, low count 86
VLOG[1] (build-tree[5.5.141~1-40a9d]:main():build-tree.cc:143) For pdf-id 567, low count 91
VLOG[1] (build-tree[5.5.141~1-40a9d]:main():build-tree.cc:143) For pdf-id 578, low count 99
VLOG[1] (build-tree[5.5.141~1-40a9d]:main():build-tree.cc:143) For pdf-id 585, low count 99
VLOG[1] (build-tree[5.5.141~1-40a9d]:main():build-tree.cc:143) For pdf-id 586, low count 49
VLOG[1] (build-tree[5.5.141~1-40a9d]:main():build-tree.cc:143) For pdf-id 618, low count 60
VLOG[1] (build-tree[5.5.141~1-40a9d]:main():build-tree.cc:143) For pdf-id 623, low count 79
VLOG[1] (build-tree[5.5.141~1-40a9d]:main():build-tree.cc:143) For pdf-id 634, low count 67
VLOG[1] (build-tree[5.5.141~1-40a9d]:main():build-tree.cc:143) For pdf-id 650, low count 49
VLOG[1] (build-tree[5.5.141~1-40a9d]:main():build-tree.cc:143) For pdf-id 687, low count 85
VLOG[1] (build-tree[5.5.141~1-40a9d]:main():build-tree.cc:143) For pdf-id 690, low count 61
VLOG[1] (build-tree[5.5.141~1-40a9d]:main():build-tree.cc:143) For pdf-id 717, low count 61
VLOG[1] (build-tree[5.5.141~1-40a9d]:main():build-tree.cc:143) For pdf-id 734, low count 60
VLOG[1] (build-tree[5.5.141~1-40a9d]:main():build-tree.cc:143) For pdf-id 772, low count 90
VLOG[1] (build-tree[5.5.141~1-40a9d]:main():build-tree.cc:143) For pdf-id 778, low count 55
VLOG[1] (build-tree[5.5.141~1-40a9d]:main():build-tree.cc:143) For pdf-id 811, low count 53
VLOG[1] (build-tree[5.5.141~1-40a9d]:main():build-tree.cc:143) For pdf-id 844, low count 48
VLOG[1] (build-tree[5.5.141~1-40a9d]:main():build-tree.cc:143) For pdf-id 865, low count 55
VLOG[1] (build-tree[5.5.141~1-40a9d]:main():build-tree.cc:143) For pdf-id 871, low count 76
VLOG[1] (build-tree[5.5.141~1-40a9d]:main():build-tree.cc:143) For pdf-id 873, low count 59
VLOG[1] (build-tree[5.5.141~1-40a9d]:main():build-tree.cc:143) For pdf-id 890, low count 71
VLOG[1] (build-tree[5.5.141~1-40a9d]:main():build-tree.cc:143) For pdf-id 897, low count 91
VLOG[1] (build-tree[5.5.141~1-40a9d]:main():build-tree.cc:143) For pdf-id 915, low count 91
VLOG[1] (build-tree[5.5.141~1-40a9d]:main():build-tree.cc:143) For pdf-id 928, low count 77
WARNING (build-tree[5.5.141~1-40a9d]:main():build-tree.cc:185) Saw no stats for following phones: 2 3 4 6 7 8 9 10 11 12 14 15 16 18 19 20 22 23 24 26 27 28 30 31 32 34 35 36 38 39 40 42 43 44 46 47 48 50 51 52 54 55 56 58 59 60 62 63 64 66 67 68 70 71 72 74 75 76 78 79 80 82 83 84 86 87 88 90 91 92 94 95 96 98 99 100 102 103 104 106 107 108 110 111 112 114 115 116 118 119 120 122 123 124 126 127 128 130 131 132 134 135 136 138 139 140 142 143 144 146 147 148 150 151 152 154 155 156 158 159 160 162 163 164 
LOG (build-tree[5.5.141~1-40a9d]:main():build-tree.cc:189) Wrote tree
# Accounting: time=6 threads=1
# Ended (code 0) at Mon Dec 24 20:02:17 EET 2018, elapsed time 6 seconds
