# gmm-init-model --write-occs=exp/ug/tri1/1.occs exp/ug/tri1/tree exp/ug/tri1/treeacc ./data/lang/ug/topo exp/ug/tri1/1.mdl 
# Started at Mon Dec 24 20:02:17 EET 2018
#
gmm-init-model --write-occs=exp/ug/tri1/1.occs exp/ug/tri1/tree exp/ug/tri1/treeacc ./data/lang/ug/topo exp/ug/tri1/1.mdl 
LOG (gmm-init-model[5.5.141~1-40a9d]:main():gmm-init-model.cc:271) Number of separate statistics is 19750
WARNING (gmm-init-model[5.5.141~1-40a9d]:InitAmGmm():gmm-init-model.cc:55) Tree has pdf-id 1 with no stats; corresponding phone list: 6 7 8 9 
WARNING (gmm-init-model[5.5.141~1-40a9d]:InitAmGmm():gmm-init-model.cc:83) Very small count for state 6: 61; corresponding phone list: 26 27 28 29 
WARNING (gmm-init-model[5.5.141~1-40a9d]:InitAmGmm():gmm-init-model.cc:83) Very small count for state 12: 60; corresponding phone list: 50 51 52 53 
WARNING (gmm-init-model[5.5.141~1-40a9d]:InitAmGmm():gmm-init-model.cc:83) Very small count for state 17: 40; corresponding phone list: 70 71 72 73 
WARNING (gmm-init-model[5.5.141~1-40a9d]:InitAmGmm():gmm-init-model.cc:83) Very small count for state 19: 71; corresponding phone list: 78 79 80 81 
WARNING (gmm-init-model[5.5.141~1-40a9d]:InitAmGmm():gmm-init-model.cc:83) Very small count for state 27: 85; corresponding phone list: 110 111 112 113 
WARNING (gmm-init-model[5.5.141~1-40a9d]:InitAmGmm():gmm-init-model.cc:83) Very small count for state 32: 83; corresponding phone list: 130 131 132 133 
WARNING (gmm-init-model[5.5.141~1-40a9d]:InitAmGmm():gmm-init-model.cc:83) Very small count for state 33: 70; corresponding phone list: 134 135 136 137 
WARNING (gmm-init-model[5.5.141~1-40a9d]:InitAmGmm():gmm-init-model.cc:83) Very small count for state 62: 79; corresponding phone list: 90 91 92 93 
WARNING (gmm-init-model[5.5.141~1-40a9d]:InitAmGmm():gmm-init-model.cc:83) Very small count for state 78: 68; corresponding phone list: 78 79 80 81 
WARNING (gmm-init-model[5.5.141~1-40a9d]:InitAmGmm():gmm-init-model.cc:83) Very small count for state 95: 95; corresponding phone list: 38 39 40 41 
WARNING (gmm-init-model[5.5.141~1-40a9d]:InitAmGmm():gmm-init-model.cc:83) Very small count for state 108: 89; corresponding phone list: 78 79 80 81 
WARNING (gmm-init-model[5.5.141~1-40a9d]:InitAmGmm():gmm-init-model.cc:83) Very small count for state 114: 98; corresponding phone list: 106 107 108 109 
WARNING (gmm-init-model[5.5.141~1-40a9d]:InitAmGmm():gmm-init-model.cc:83) Very small count for state 125: 13; corresponding phone list: 102 103 104 105 
WARNING (gmm-init-model[5.5.141~1-40a9d]:InitAmGmm():gmm-init-model.cc:83) Very small count for state 135: 69; corresponding phone list: 18 19 20 21 
WARNING (gmm-init-model[5.5.141~1-40a9d]:InitAmGmm():gmm-init-model.cc:83) Very small count for state 137: 74; corresponding phone list: 26 27 28 29 
WARNING (gmm-init-model[5.5.141~1-40a9d]:InitAmGmm():gmm-init-model.cc:83) Very small count for state 140: 97; corresponding phone list: 54 55 56 57 
WARNING (gmm-init-model[5.5.141~1-40a9d]:InitAmGmm():gmm-init-model.cc:83) Very small count for state 141: 46; corresponding phone list: 90 91 92 93 
WARNING (gmm-init-model[5.5.141~1-40a9d]:InitAmGmm():gmm-init-model.cc:83) Very small count for state 143: 95; corresponding phone list: 10 11 12 13 
WARNING (gmm-init-model[5.5.141~1-40a9d]:InitAmGmm():gmm-init-model.cc:83) Very small count for state 168: 73; corresponding phone list: 10 11 12 13 
WARNING (gmm-init-model[5.5.141~1-40a9d]:InitAmGmm():gmm-init-model.cc:83) Very small count for state 171: 68; corresponding phone list: 118 119 120 121 
WARNING (gmm-init-model[5.5.141~1-40a9d]:InitAmGmm():gmm-init-model.cc:83) Very small count for state 174: 52; corresponding phone list: 54 55 56 57 
WARNING (gmm-init-model[5.5.141~1-40a9d]:InitAmGmm():gmm-init-model.cc:83) Very small count for state 175: 83; corresponding phone list: 130 131 132 133 
WARNING (gmm-init-model[5.5.141~1-40a9d]:InitAmGmm():gmm-init-model.cc:83) Very small count for state 182: 38; corresponding phone list: 34 35 36 37 
WARNING (gmm-init-model[5.5.141~1-40a9d]:InitAmGmm():gmm-init-model.cc:83) Very small count for state 198: 83; corresponding phone list: 90 91 92 93 
WARNING (gmm-init-model[5.5.141~1-40a9d]:InitAmGmm():gmm-init-model.cc:83) Very small count for state 204: 75; corresponding phone list: 118 119 120 121 
WARNING (gmm-init-model[5.5.141~1-40a9d]:InitAmGmm():gmm-init-model.cc:83) Very small count for state 221: 99; corresponding phone list: 58 59 60 61 
WARNING (gmm-init-model[5.5.141~1-40a9d]:InitAmGmm():gmm-init-model.cc:83) Very small count for state 224: 65; corresponding phone list: 14 15 16 17 
WARNING (gmm-init-model[5.5.141~1-40a9d]:InitAmGmm():gmm-init-model.cc:83) Very small count for state 231: 83; corresponding phone list: 74 75 76 77 
WARNING (gmm-init-model[5.5.141~1-40a9d]:InitAmGmm():gmm-init-model.cc:83) Very small count for state 235: 96; corresponding phone list: 78 79 80 81 
WARNING (gmm-init-model[5.5.141~1-40a9d]:InitAmGmm():gmm-init-model.cc:83) Very small count for state 242: 69; corresponding phone list: 66 67 68 69 
WARNING (gmm-init-model[5.5.141~1-40a9d]:InitAmGmm():gmm-init-model.cc:83) Very small count for state 264: 83; corresponding phone list: 18 19 20 21 
WARNING (gmm-init-model[5.5.141~1-40a9d]:InitAmGmm():gmm-init-model.cc:83) Very small count for state 265: 86; corresponding phone list: 142 143 144 145 
WARNING (gmm-init-model[5.5.141~1-40a9d]:InitAmGmm():gmm-init-model.cc:83) Very small count for state 275: 45; corresponding phone list: 54 55 56 57 
WARNING (gmm-init-model[5.5.141~1-40a9d]:InitAmGmm():gmm-init-model.cc:83) Very small count for state 281: 90; corresponding phone list: 78 79 80 81 
WARNING (gmm-init-model[5.5.141~1-40a9d]:InitAmGmm():gmm-init-model.cc:83) Very small count for state 283: 55; corresponding phone list: 138 139 140 141 
WARNING (gmm-init-model[5.5.141~1-40a9d]:InitAmGmm():gmm-init-model.cc:83) Very small count for state 288: 72; corresponding phone list: 114 115 116 117 
WARNING (gmm-init-model[5.5.141~1-40a9d]:InitAmGmm():gmm-init-model.cc:83) Very small count for state 305: 58; corresponding phone list: 70 71 72 73 
WARNING (gmm-init-model[5.5.141~1-40a9d]:InitAmGmm():gmm-init-model.cc:83) Very small count for state 313: 65; corresponding phone list: 10 11 12 13 
WARNING (gmm-init-model[5.5.141~1-40a9d]:InitAmGmm():gmm-init-model.cc:83) Very small count for state 317: 94; corresponding phone list: 74 75 76 77 
WARNING (gmm-init-model[5.5.141~1-40a9d]:InitAmGmm():gmm-init-model.cc:83) Very small count for state 322: 75; corresponding phone list: 146 147 148 149 
WARNING (gmm-init-model[5.5.141~1-40a9d]:InitAmGmm():gmm-init-model.cc:83) Very small count for state 361: 31; corresponding phone list: 142 143 144 145 
WARNING (gmm-init-model[5.5.141~1-40a9d]:InitAmGmm():gmm-init-model.cc:83) Very small count for state 397: 50; corresponding phone list: 114 115 116 117 
WARNING (gmm-init-model[5.5.141~1-40a9d]:InitAmGmm():gmm-init-model.cc:83) Very small count for state 399: 66; corresponding phone list: 30 31 32 33 
WARNING (gmm-init-model[5.5.141~1-40a9d]:InitAmGmm():gmm-init-model.cc:83) Very small count for state 403: 72; corresponding phone list: 18 19 20 21 
WARNING (gmm-init-model[5.5.141~1-40a9d]:InitAmGmm():gmm-init-model.cc:83) Very small count for state 409: 96; corresponding phone list: 90 91 92 93 
WARNING (gmm-init-model[5.5.141~1-40a9d]:InitAmGmm():gmm-init-model.cc:83) Very small count for state 414: 45; corresponding phone list: 54 55 56 57 
WARNING (gmm-init-model[5.5.141~1-40a9d]:InitAmGmm():gmm-init-model.cc:83) Very small count for state 422: 80; corresponding phone list: 22 23 24 25 
WARNING (gmm-init-model[5.5.141~1-40a9d]:InitAmGmm():gmm-init-model.cc:83) Very small count for state 429: 51; corresponding phone list: 106 107 108 109 
WARNING (gmm-init-model[5.5.141~1-40a9d]:InitAmGmm():gmm-init-model.cc:83) Very small count for state 431: 48; corresponding phone list: 86 87 88 89 
WARNING (gmm-init-model[5.5.141~1-40a9d]:InitAmGmm():gmm-init-model.cc:83) Very small count for state 433: 77; corresponding phone list: 118 119 120 121 
WARNING (gmm-init-model[5.5.141~1-40a9d]:InitAmGmm():gmm-init-model.cc:83) Very small count for state 451: 82; corresponding phone list: 90 91 92 93 
WARNING (gmm-init-model[5.5.141~1-40a9d]:InitAmGmm():gmm-init-model.cc:83) Very small count for state 505: 49; corresponding phone list: 30 31 32 33 
WARNING (gmm-init-model[5.5.141~1-40a9d]:InitAmGmm():gmm-init-model.cc:83) Very small count for state 510: 47; corresponding phone list: 78 79 80 81 
WARNING (gmm-init-model[5.5.141~1-40a9d]:InitAmGmm():gmm-init-model.cc:83) Very small count for state 538: 89; corresponding phone list: 54 55 56 57 
WARNING (gmm-init-model[5.5.141~1-40a9d]:InitAmGmm():gmm-init-model.cc:83) Very small count for state 545: 98; corresponding phone list: 54 55 56 57 
WARNING (gmm-init-model[5.5.141~1-40a9d]:InitAmGmm():gmm-init-model.cc:83) Very small count for state 554: 86; corresponding phone list: 94 95 96 97 
WARNING (gmm-init-model[5.5.141~1-40a9d]:InitAmGmm():gmm-init-model.cc:83) Very small count for state 567: 91; corresponding phone list: 130 131 132 133 
WARNING (gmm-init-model[5.5.141~1-40a9d]:InitAmGmm():gmm-init-model.cc:83) Very small count for state 578: 99; corresponding phone list: 22 23 24 25 
WARNING (gmm-init-model[5.5.141~1-40a9d]:InitAmGmm():gmm-init-model.cc:83) Very small count for state 585: 99; corresponding phone list: 110 111 112 113 
WARNING (gmm-init-model[5.5.141~1-40a9d]:InitAmGmm():gmm-init-model.cc:83) Very small count for state 586: 49; corresponding phone list: 50 51 52 53 
WARNING (gmm-init-model[5.5.141~1-40a9d]:InitAmGmm():gmm-init-model.cc:83) Very small count for state 618: 60; corresponding phone list: 142 143 144 145 
WARNING (gmm-init-model[5.5.141~1-40a9d]:InitAmGmm():gmm-init-model.cc:83) Very small count for state 623: 79; corresponding phone list: 38 39 40 41 
WARNING (gmm-init-model[5.5.141~1-40a9d]:InitAmGmm():gmm-init-model.cc:83) Very small count for state 634: 67; corresponding phone list: 10 11 12 13 
WARNING (gmm-init-model[5.5.141~1-40a9d]:InitAmGmm():gmm-init-model.cc:83) Very small count for state 650: 49; corresponding phone list: 22 23 24 25 
WARNING (gmm-init-model[5.5.141~1-40a9d]:InitAmGmm():gmm-init-model.cc:83) Very small count for state 687: 85; corresponding phone list: 98 99 100 101 
WARNING (gmm-init-model[5.5.141~1-40a9d]:InitAmGmm():gmm-init-model.cc:83) Very small count for state 690: 61; corresponding phone list: 114 115 116 117 
WARNING (gmm-init-model[5.5.141~1-40a9d]:InitAmGmm():gmm-init-model.cc:83) Very small count for state 717: 61; corresponding phone list: 18 19 20 21 
WARNING (gmm-init-model[5.5.141~1-40a9d]:InitAmGmm():gmm-init-model.cc:83) Very small count for state 734: 60; corresponding phone list: 74 75 76 77 
WARNING (gmm-init-model[5.5.141~1-40a9d]:InitAmGmm():gmm-init-model.cc:83) Very small count for state 772: 90; corresponding phone list: 30 31 32 33 
WARNING (gmm-init-model[5.5.141~1-40a9d]:InitAmGmm():gmm-init-model.cc:83) Very small count for state 778: 55; corresponding phone list: 94 95 96 97 
WARNING (gmm-init-model[5.5.141~1-40a9d]:InitAmGmm():gmm-init-model.cc:83) Very small count for state 811: 53; corresponding phone list: 50 51 52 53 
WARNING (gmm-init-model[5.5.141~1-40a9d]:InitAmGmm():gmm-init-model.cc:83) Very small count for state 844: 48; corresponding phone list: 50 51 52 53 
WARNING (gmm-init-model[5.5.141~1-40a9d]:InitAmGmm():gmm-init-model.cc:83) Very small count for state 865: 55; corresponding phone list: 138 139 140 141 
WARNING (gmm-init-model[5.5.141~1-40a9d]:InitAmGmm():gmm-init-model.cc:83) Very small count for state 871: 76; corresponding phone list: 82 83 84 85 
WARNING (gmm-init-model[5.5.141~1-40a9d]:InitAmGmm():gmm-init-model.cc:83) Very small count for state 873: 59; corresponding phone list: 106 107 108 109 
WARNING (gmm-init-model[5.5.141~1-40a9d]:InitAmGmm():gmm-init-model.cc:83) Very small count for state 890: 71; corresponding phone list: 138 139 140 141 
WARNING (gmm-init-model[5.5.141~1-40a9d]:InitAmGmm():gmm-init-model.cc:83) Very small count for state 897: 91; corresponding phone list: 54 55 56 57 
WARNING (gmm-init-model[5.5.141~1-40a9d]:InitAmGmm():gmm-init-model.cc:83) Very small count for state 915: 91; corresponding phone list: 70 71 72 73 
WARNING (gmm-init-model[5.5.141~1-40a9d]:InitAmGmm():gmm-init-model.cc:83) Very small count for state 928: 77; corresponding phone list: 102 103 104 105 
LOG (gmm-init-model[5.5.141~1-40a9d]:main():gmm-init-model.cc:306) Wrote model.
# Accounting: time=1 threads=1
# Ended (code 0) at Mon Dec 24 20:02:18 EET 2018, elapsed time 1 seconds
