# gmm-est --mix-up=9200 --power=0.25 --write-occs=exp/ug/tri1/22.occs exp/ug/tri1/21.mdl "gmm-sum-accs - exp/ug/tri1/21.*.acc |" exp/ug/tri1/22.mdl 
# Started at Mon Dec 24 20:06:42 EET 2018
#
gmm-est --mix-up=9200 --power=0.25 --write-occs=exp/ug/tri1/22.occs exp/ug/tri1/21.mdl 'gmm-sum-accs - exp/ug/tri1/21.*.acc |' exp/ug/tri1/22.mdl 
gmm-sum-accs - exp/ug/tri1/21.1.acc exp/ug/tri1/21.2.acc 
LOG (gmm-sum-accs[5.5.141~1-40a9d]:main():gmm-sum-accs.cc:63) Summed 2 stats, total count 647666, avg like/frame -79.8246
LOG (gmm-sum-accs[5.5.141~1-40a9d]:main():gmm-sum-accs.cc:66) Total count of stats is 647666
LOG (gmm-sum-accs[5.5.141~1-40a9d]:main():gmm-sum-accs.cc:67) Written stats to -
LOG (gmm-est[5.5.141~1-40a9d]:MleUpdate():transition-model.cc:528) TransitionModel::Update, objf change is 0 per frame over 647666 frames. 
LOG (gmm-est[5.5.141~1-40a9d]:MleUpdate():transition-model.cc:531) 82 probabilities floored, 3338 out of 4449 transition-states skipped due to insuffient data (it is normal to have some skipped.)
LOG (gmm-est[5.5.141~1-40a9d]:main():gmm-est.cc:102) Transition model update: Overall 0 log-like improvement per frame over 647666 frames.
WARNING (gmm-est[5.5.141~1-40a9d]:MleDiagGmmUpdate():mle-diag-gmm.cc:365) Gaussian has too little data but not removing it because it is the last Gaussian: i = 0, occ = 0, weight = 1
WARNING (gmm-est[5.5.141~1-40a9d]:MleDiagGmmUpdate():mle-diag-gmm.cc:359) Too little data - removing Gaussian (weight 0.050627, occupation count 9.264673, vector size 39)
WARNING (gmm-est[5.5.141~1-40a9d]:MleDiagGmmUpdate():mle-diag-gmm.cc:359) Too little data - removing Gaussian (weight 0.043025, occupation count 9.465413, vector size 39)
LOG (gmm-est[5.5.141~1-40a9d]:MleAmDiagGmmUpdate():mle-am-diag-gmm.cc:225) 0 variance elements floored in 0 Gaussians, out of 8843
LOG (gmm-est[5.5.141~1-40a9d]:MleAmDiagGmmUpdate():mle-am-diag-gmm.cc:229) Removed 2 Gaussians due to counts < --min-gaussian-occupancy=10 and --remove-low-count-gaussians=true
LOG (gmm-est[5.5.141~1-40a9d]:main():gmm-est.cc:113) GMM update: Overall 0.0684865 objective function improvement per frame over 647666 frames
LOG (gmm-est[5.5.141~1-40a9d]:main():gmm-est.cc:116) GMM update: Overall avg like per frame = -79.8246 over 647666 frames.
LOG (gmm-est[5.5.141~1-40a9d]:SplitByCount():am-diag-gmm.cc:116) Split 1024 states with target = 9200, power = 0.25, perturb_factor = 0.01 and min_count = 20, split #Gauss from 8843 to 9205
LOG (gmm-est[5.5.141~1-40a9d]:main():gmm-est.cc:146) Written model to exp/ug/tri1/22.mdl
# Accounting: time=0 threads=1
# Ended (code 0) at Mon Dec 24 20:06:42 EET 2018, elapsed time 0 seconds
