# gmm-est --mix-up=4520 --power=0.25 --write-occs=exp/ug/tri1/9.occs exp/ug/tri1/8.mdl "gmm-sum-accs - exp/ug/tri1/8.*.acc |" exp/ug/tri1/9.mdl 
# Started at Mon Dec 24 14:54:49 EET 2018
#
gmm-est --mix-up=4520 --power=0.25 --write-occs=exp/ug/tri1/9.occs exp/ug/tri1/8.mdl 'gmm-sum-accs - exp/ug/tri1/8.*.acc |' exp/ug/tri1/9.mdl 
gmm-sum-accs - exp/ug/tri1/8.1.acc exp/ug/tri1/8.2.acc exp/ug/tri1/8.3.acc exp/ug/tri1/8.4.acc 
LOG (gmm-sum-accs[5.5.141~1-40a9d]:main():gmm-sum-accs.cc:63) Summed 4 stats, total count 649805, avg like/frame -83.0213
LOG (gmm-sum-accs[5.5.141~1-40a9d]:main():gmm-sum-accs.cc:66) Total count of stats is 649805
LOG (gmm-sum-accs[5.5.141~1-40a9d]:main():gmm-sum-accs.cc:67) Written stats to -
LOG (gmm-est[5.5.141~1-40a9d]:MleUpdate():transition-model.cc:528) TransitionModel::Update, objf change is 0 per frame over 649805 frames. 
LOG (gmm-est[5.5.141~1-40a9d]:MleUpdate():transition-model.cc:531) 23 probabilities floored, 3357 out of 4477 transition-states skipped due to insuffient data (it is normal to have some skipped.)
LOG (gmm-est[5.5.141~1-40a9d]:main():gmm-est.cc:102) Transition model update: Overall 0 log-like improvement per frame over 649805 frames.
WARNING (gmm-est[5.5.141~1-40a9d]:MleDiagGmmUpdate():mle-diag-gmm.cc:365) Gaussian has too little data but not removing it because it is the last Gaussian: i = 0, occ = 0, weight = 1
LOG (gmm-est[5.5.141~1-40a9d]:MleAmDiagGmmUpdate():mle-am-diag-gmm.cc:225) 0 variance elements floored in 0 Gaussians, out of 4160
LOG (gmm-est[5.5.141~1-40a9d]:MleAmDiagGmmUpdate():mle-am-diag-gmm.cc:229) Removed 0 Gaussians due to counts < --min-gaussian-occupancy=10 and --remove-low-count-gaussians=true
LOG (gmm-est[5.5.141~1-40a9d]:main():gmm-est.cc:113) GMM update: Overall 0.178508 objective function improvement per frame over 649805 frames
LOG (gmm-est[5.5.141~1-40a9d]:main():gmm-est.cc:116) GMM update: Overall avg like per frame = -83.0213 over 649805 frames.
LOG (gmm-est[5.5.141~1-40a9d]:SplitByCount():am-diag-gmm.cc:116) Split 1032 states with target = 4520, power = 0.25, perturb_factor = 0.01 and min_count = 20, split #Gauss from 4160 to 4520
LOG (gmm-est[5.5.141~1-40a9d]:main():gmm-est.cc:146) Written model to exp/ug/tri1/9.mdl
# Accounting: time=0 threads=1
# Ended (code 0) at Mon Dec 24 14:54:49 EET 2018, elapsed time 0 seconds
