# lattice-scale --inv-acoustic-scale=9 "ark:gunzip -c exp/bg/mono/decode/lat.*.gz|" ark:- | lattice-add-penalty --word-ins-penalty=0.0 ark:- ark:- | lattice-best-path --word-symbol-table=exp/bg/mono/graph/words.txt ark:- ark,t:- | utils/int2sym.pl -f 2- exp/bg/mono/graph/words.txt | cat > exp/bg/mono/decode/scoring_kaldi/penalty_0.0/9.txt 
# Started at Mon Dec 24 21:08:35 EET 2018
#
lattice-best-path --word-symbol-table=exp/bg/mono/graph/words.txt ark:- ark,t:- 
lattice-add-penalty --word-ins-penalty=0.0 ark:- ark:- 
lattice-scale --inv-acoustic-scale=9 'ark:gunzip -c exp/bg/mono/decode/lat.*.gz|' ark:- 
LOG (lattice-best-path[5.5.141~1-40a9d]:main():lattice-best-path.cc:99) For utterance usctimit_ema_f1_021, best cost 66.1235 + 2619.53 = 2685.65 over 290 frames.
usctimit_ema_f1_021 sil aa m iy l ay er z ah l ah n er z sil 
LOG (lattice-best-path[5.5.141~1-40a9d]:main():lattice-best-path.cc:99) For utterance usctimit_ema_f1_028, best cost 127.228 + 4594 = 4721.23 over 499 frames.
usctimit_ema_f1_028 sil k l ih z ah m ao z ih k aa p ah t er d ih s ah n t ey p aa p y uw aa r ey sil 
LOG (lattice-best-path[5.5.141~1-40a9d]:main():lattice-best-path.cc:99) For utterance usctimit_ema_f1_031, best cost 119.132 + 3679.13 = 3798.26 over 395 frames.
usctimit_ema_f1_031 sil w ao r s ah l p r ih s l w ih z ih g r jh uw ey sh ah n hh er z ah n sil 
LOG (lattice-best-path[5.5.141~1-40a9d]:main():lattice-best-path.cc:99) For utterance usctimit_ema_f1_052, best cost 117.905 + 4016.67 = 4134.57 over 431 frames.
usctimit_ema_f1_052 sil hh aa s ah n ah l ch eh k t uw z ch iy l aa jh ih k ah l dh iy r iy sil 
LOG (lattice-best-path[5.5.141~1-40a9d]:main():lattice-best-path.cc:99) For utterance usctimit_ema_f1_054, best cost 91.207 + 3429.72 = 3520.92 over 382 frames.
usctimit_ema_f1_054 sil ch aa n t iy ch t eh n l z ah n t ah l ih sh ah n z sil 
LOG (lattice-best-path[5.5.141~1-40a9d]:main():lattice-best-path.cc:99) For utterance usctimit_ema_f1_072, best cost 101.96 + 3550.76 = 3652.72 over 403 frames.
usctimit_ema_f1_072 sil s ah m ae n ih z eh v er d ih ng f y uw b ih k y er k s sil 
LOG (lattice-best-path[5.5.141~1-40a9d]:main():lattice-best-path.cc:99) For utterance usctimit_ema_f1_078, best cost 100.109 + 3974.98 = 4075.09 over 447 frames.
usctimit_ema_f1_078 sil ah l eh t hh aa s ah l iy z w aa s ah p ay n s ih z sil 
LOG (lattice-best-path[5.5.141~1-40a9d]:main():lattice-best-path.cc:99) For utterance usctimit_ema_f1_090, best cost 89.4125 + 3185.82 = 3275.23 over 353 frames.
usctimit_ema_f1_090 sil y uw m ao z ih k s ah s ah l iy d ah l iy f ay l z sil 
LOG (lattice-best-path[5.5.141~1-40a9d]:main():lattice-best-path.cc:99) For utterance usctimit_ema_f1_105, best cost 128.115 + 4369.22 = 4497.34 over 461 frames.
usctimit_ema_f1_105 sil dh iy p ay ow n iy b aa p ae k ae n hh ay iy d aw p r oy l ae m ow z sil 
LOG (lattice-best-path[5.5.141~1-40a9d]:main():lattice-best-path.cc:99) For utterance usctimit_ema_f1_108, best cost 112.292 + 4241.86 = 4354.15 over 458 frames.
usctimit_ema_f1_108 sil dh iy s ih jh eh v er z m ey f r f aa p eh n aa r n jh iy z sil 
LOG (lattice-best-path[5.5.141~1-40a9d]:main():lattice-best-path.cc:99) For utterance usctimit_ema_f1_111, best cost 93.4732 + 3076.63 = 3170.1 over 329 frames.
usctimit_ema_f1_111 sil p aa r ih z ih sh ow n t ah l ah s ih z ih z f r iy l sil 
LOG (lattice-best-path[5.5.141~1-40a9d]:main():lattice-best-path.cc:99) For utterance usctimit_ema_f1_115, best cost 78.8814 + 3270.24 = 3349.12 over 355 frames.
usctimit_ema_f1_115 sil dh iy f ao r ae ch eh s ah v r eh k eh z sil 
LOG (lattice-best-path[5.5.141~1-40a9d]:main():lattice-best-path.cc:99) For utterance usctimit_ema_f1_123, best cost 115.977 + 4460.35 = 4576.33 over 492 frames.
usctimit_ema_f1_123 sil dh iy b ah n l ow s p ow z ah l ih z ih ch iy m y ah d ih sh ao r er sil 
LOG (lattice-best-path[5.5.141~1-40a9d]:main():lattice-best-path.cc:99) For utterance usctimit_ema_f1_126, best cost 123.42 + 4063.26 = 4186.68 over 432 frames.
usctimit_ema_f1_126 sil w ih sh ao l aa t ih k ah l z ow p ey ih n ey k aa f ih k ey sh ah n sil 
LOG (lattice-best-path[5.5.141~1-40a9d]:main():lattice-best-path.cc:99) For utterance usctimit_ema_f1_134, best cost 84.6805 + 3623.82 = 3708.5 over 416 frames.
usctimit_ema_f1_134 sil dh iy m iy z k ih z ih ng ih z ae k s ih z ih k sil 
LOG (lattice-best-path[5.5.141~1-40a9d]:main():lattice-best-path.cc:99) For utterance usctimit_ema_f1_153, best cost 169.6 + 5663.03 = 5832.63 over 618 frames.
usctimit_ema_f1_153 sil dh ih m ay ng iy l p eh s ih k s aw er d z ih p iy b l s ah v ih ng ey sh ah n d r oy n z sil 
LOG (lattice-best-path[5.5.141~1-40a9d]:main():lattice-best-path.cc:99) For utterance usctimit_ema_f1_162, best cost 100.138 + 4341.95 = 4442.09 over 486 frames.
usctimit_ema_f1_162 sil ah s ah l k aa l d ih z ah n aw k oy d ey sh ah m sil 
LOG (lattice-best-path[5.5.141~1-40a9d]:main():lattice-best-path.cc:99) For utterance usctimit_ema_f1_170, best cost 120.957 + 4131.3 = 4252.25 over 459 frames.
usctimit_ema_f1_170 sil p l aa p er ay s dh iy aa m ah m ah d ih d ih k s p eh s ih k aw m sil 
LOG (lattice-best-path[5.5.141~1-40a9d]:main():lattice-best-path.cc:99) For utterance usctimit_ema_f1_198, best cost 72.2821 + 3153.61 = 3225.89 over 368 frames.
usctimit_ema_f1_198 sil hh aa p r ah m ah n ay v eh r eh k er z sil 
LOG (lattice-best-path[5.5.141~1-40a9d]:main():lattice-best-path.cc:99) For utterance usctimit_ema_f1_209, best cost 73.4995 + 2966.2 = 3039.7 over 339 frames.
usctimit_ema_f1_209 sil k r iy l k ih ng f r m p oy n ae n sil 
LOG (lattice-best-path[5.5.141~1-40a9d]:main():lattice-best-path.cc:99) For utterance usctimit_ema_f1_213, best cost 77.2404 + 3298.27 = 3375.51 over 358 frames.
usctimit_ema_f1_213 sil ay ah m ay z aa k aw t ay ey n s ih ng sil 
LOG (lattice-best-path[5.5.141~1-40a9d]:main():lattice-best-path.cc:99) For utterance usctimit_ema_f1_227, best cost 93.4484 + 3409.31 = 3502.76 over 386 frames.
usctimit_ema_f1_227 sil b ay iy d ih ng y ow t r y uw m ey l w ao t er sil 
LOG (lattice-best-path[5.5.141~1-40a9d]:main():lattice-best-path.cc:99) For utterance usctimit_ema_f1_236, best cost 96.0965 + 3228.17 = 3324.27 over 358 frames.
usctimit_ema_f1_236 sil hh aw oy l ey t y uw w ay d ih s ah l ih th r eh s ih ng sil 
LOG (lattice-best-path[5.5.141~1-40a9d]:main():lattice-best-path.cc:99) For utterance usctimit_ema_f1_239, best cost 92.8303 + 3602.96 = 3695.79 over 412 frames.
usctimit_ema_f1_239 sil w ih k r aa p aa m ey z m ah ch aa n iy z ah n iy sil 
LOG (lattice-best-path[5.5.141~1-40a9d]:main():lattice-best-path.cc:99) For utterance usctimit_ema_f1_242, best cost 93.6073 + 3191.7 = 3285.31 over 356 frames.
usctimit_ema_f1_242 sil t uw ey t ih k ah g ow f ao r m ih z w ao r ow t s sil 
LOG (lattice-best-path[5.5.141~1-40a9d]:main():lattice-best-path.cc:99) For utterance usctimit_ema_f1_244, best cost 99.0587 + 3610.3 = 3709.36 over 398 frames.
usctimit_ema_f1_244 sil dh iy p eh v ah n aa s ih k ow f r d ih f aw er b eh n z sil 
LOG (lattice-best-path[5.5.141~1-40a9d]:main():lattice-best-path.cc:99) For utterance usctimit_ema_f1_250, best cost 68.6515 + 2958.32 = 3026.97 over 346 frames.
usctimit_ema_f1_250 sil dh iy m eh s er s aa sh ah l s w iy sil 
LOG (lattice-best-path[5.5.141~1-40a9d]:main():lattice-best-path.cc:99) For utterance usctimit_ema_f1_252, best cost 147.541 + 5026.18 = 5173.72 over 550 frames.
usctimit_ema_f1_252 sil hh aa s ah b ah l d iy t uw w ao r w ih th aw t uw f r ih sh ah z n aw w er d ih ng sil 
LOG (lattice-best-path[5.5.141~1-40a9d]:main():lattice-best-path.cc:99) For utterance usctimit_ema_f1_255, best cost 108.375 + 3881.31 = 3989.69 over 428 frames.
usctimit_ema_f1_255 sil dh iy t ih z f er f r ae t ih k aa m ay n z t uw f ah l aw t sil 
LOG (lattice-best-path[5.5.141~1-40a9d]:main():lattice-best-path.cc:99) For utterance usctimit_ema_f1_262, best cost 148.343 + 5271.57 = 5419.91 over 572 frames.
usctimit_ema_f1_262 sil dh iy s p er ch er z p r t ih k ah l iy n f ao r m ah d ih f r k ah s p eh k ah b ay er sil 
LOG (lattice-best-path[5.5.141~1-40a9d]:main():lattice-best-path.cc:99) For utterance usctimit_ema_f1_286, best cost 94.7194 + 2743.38 = 2838.1 over 302 frames.
usctimit_ema_f1_286 sil dh eh k t ah ch ey z ih z hh ae s m er s l s ah d sil 
LOG (lattice-best-path[5.5.141~1-40a9d]:main():lattice-best-path.cc:99) For utterance usctimit_ema_f1_297, best cost 123.366 + 5110.16 = 5233.53 over 592 frames.
usctimit_ema_f1_297 sil g r k r iy n t aa n ch ah s ao f r t ah n z n iy ae f ah n ih n sil 
LOG (lattice-best-path[5.5.141~1-40a9d]:main():lattice-best-path.cc:99) For utterance usctimit_ema_f1_299, best cost 115.686 + 4397.72 = 4513.4 over 491 frames.
usctimit_ema_f1_299 sil hh aa b ah n ah n er s t iy z ah z s oy s ah s ah b ay y uw eh n sil 
LOG (lattice-best-path[5.5.141~1-40a9d]:main():lattice-best-path.cc:99) For utterance usctimit_ema_f1_302, best cost 151.167 + 5094.23 = 5245.4 over 573 frames.
usctimit_ema_f1_302 sil w eh d ah l aw t ae b ay n s t iy ih m ae s ih d b ah l f r iy d ih ng sh ah l f ih zh sil 
LOG (lattice-best-path[5.5.141~1-40a9d]:main():lattice-best-path.cc:99) For utterance usctimit_ema_f1_311, best cost 129.74 + 4576.38 = 4706.12 over 495 frames.
usctimit_ema_f1_311 sil dh iy f r ey n ch aa b ih z jh eh m ay s ah n t uw b ay z dh iy b r aa p er sil 
LOG (lattice-best-path[5.5.141~1-40a9d]:main():lattice-best-path.cc:99) For utterance usctimit_ema_f1_317, best cost 141.339 + 6041.81 = 6183.15 over 679 frames.
usctimit_ema_f1_317 sil m eh n iy b aa p iy t ay k ah n s w er sh ah n w aa p l dh iy ae n ah s ah n er sil 
LOG (lattice-best-path[5.5.141~1-40a9d]:main():lattice-best-path.cc:99) For utterance usctimit_ema_f1_320, best cost 108.747 + 4072.45 = 4181.19 over 454 frames.
usctimit_ema_f1_320 sil dh eh k ah n ih s er v ah l ah n jh oy d ih sh ah l f ih sh ih zh sil 
LOG (lattice-best-path[5.5.141~1-40a9d]:main():lattice-best-path.cc:99) For utterance usctimit_ema_f1_323, best cost 93.5162 + 4041.23 = 4134.75 over 450 frames.
usctimit_ema_f1_323 sil dh ae n iy s w ih sh ah m ay ch er k oy z eh k ah z sil 
LOG (lattice-best-path[5.5.141~1-40a9d]:main():lattice-best-path.cc:99) For utterance usctimit_ema_f1_325, best cost 87.9441 + 3612.89 = 3700.84 over 400 frames.
usctimit_ema_f1_325 sil w ih sh ah l ah m aa ch uw z ey t ay m ah v iy z sil 
LOG (lattice-best-path[5.5.141~1-40a9d]:main():lattice-best-path.cc:99) For utterance usctimit_ema_f1_342, best cost 111.246 + 4127.41 = 4238.66 over 452 frames.
usctimit_ema_f1_342 sil sh uw w ey z jh eh s ah b eh t uw eh f r l d ih z f ih ng sil 
LOG (lattice-best-path[5.5.141~1-40a9d]:main():lattice-best-path.cc:99) For utterance usctimit_ema_f1_346, best cost 89.5759 + 2987.72 = 3077.3 over 328 frames.
usctimit_ema_f1_346 sil w ih l aa k ah m ay n iy s t uw n z iy ch iy er sil 
LOG (lattice-best-path[5.5.141~1-40a9d]:main():lattice-best-path.cc:99) For utterance usctimit_ema_f1_347, best cost 119.338 + 4069.87 = 4189.21 over 452 frames.
usctimit_ema_f1_347 sil r jh ih z hh er n ay d b eh n f iy ch ih g ae sh ao r d ih jh sil 
LOG (lattice-best-path[5.5.141~1-40a9d]:main():lattice-best-path.cc:99) For utterance usctimit_ema_f1_356, best cost 68.8978 + 2786.3 = 2855.2 over 302 frames.
usctimit_ema_f1_356 sil dh iy l ay k w ao hh ae ch aa l er z sil 
LOG (lattice-best-path[5.5.141~1-40a9d]:main():lattice-best-path.cc:99) For utterance usctimit_ema_f1_360, best cost 132.56 + 4311.25 = 4443.81 over 462 frames.
usctimit_ema_f1_360 sil dh iy v ih z dh iy n s l iy f r ay d ih k l iy n s er th ih z ah n s m l iy sil 
LOG (lattice-best-path[5.5.141~1-40a9d]:main():lattice-best-path.cc:99) For utterance usctimit_ema_f1_362, best cost 88.0092 + 3698.84 = 3786.85 over 430 frames.
usctimit_ema_f1_362 sil dh iy s ih ng aw w er w ao l ah v er n t ih k y er sil 
LOG (lattice-best-path[5.5.141~1-40a9d]:main():lattice-best-path.cc:99) For utterance usctimit_ema_f1_364, best cost 135.325 + 4154.19 = 4289.51 over 457 frames.
usctimit_ema_f1_364 sil dh iy t ae s ih k ae b r d ae n ah n k ao z ih k ae k ch ae f ih d jh ae n sil 
LOG (lattice-best-path[5.5.141~1-40a9d]:main():lattice-best-path.cc:99) For utterance usctimit_ema_f1_368, best cost 99.1368 + 4009.35 = 4108.49 over 450 frames.
usctimit_ema_f1_368 sil g r s ah v ae n ah d ih t ih n ih th ih sh ah m er ch sil 
LOG (lattice-best-path[5.5.141~1-40a9d]:main():lattice-best-path.cc:99) For utterance usctimit_ema_f1_382, best cost 128.723 + 5191.2 = 5319.93 over 595 frames.
usctimit_ema_f1_382 sil s ih sh l iy k ah l z ah n eh k ae sh ah l y uw l z ah m ah n ch ah p ih ng sil 
LOG (lattice-best-path[5.5.141~1-40a9d]:main():lattice-best-path.cc:99) For utterance usctimit_ema_f1_394, best cost 126.91 + 4866.13 = 4993.04 over 548 frames.
usctimit_ema_f1_394 sil dh iy z ih g r s ah p w iy s ih n t ih f r ay k ah l s m ay er z z sil 
LOG (lattice-best-path[5.5.141~1-40a9d]:main():lattice-best-path.cc:99) For utterance usctimit_ema_f1_397, best cost 128.855 + 4526.28 = 4655.13 over 501 frames.
usctimit_ema_f1_397 sil s ah b r ah n aw s ay s k aa k ah n s ah v er f ih g ae k aa b ah t sil 
LOG (lattice-best-path[5.5.141~1-40a9d]:main():lattice-best-path.cc:99) For utterance usctimit_ema_f1_402, best cost 86.9975 + 3505.17 = 3592.17 over 401 frames.
usctimit_ema_f1_402 sil f r ih s ih n dh ae k s ah d ih f r n ch iy z sil 
LOG (lattice-best-path[5.5.141~1-40a9d]:main():lattice-best-path.cc:99) For utterance usctimit_ema_f1_405, best cost 112.928 + 4559.77 = 4672.7 over 510 frames.
usctimit_ema_f1_405 sil w ey t r d z p r ey s t ae p oy n t ih ng r ih ng g r ae f sil 
LOG (lattice-best-path[5.5.141~1-40a9d]:main():lattice-best-path.cc:99) For utterance usctimit_ema_f1_451, best cost 128.257 + 4150.08 = 4278.34 over 444 frames.
usctimit_ema_f1_451 sil ch ow t ih n ih ng k ah n s ih m ay n iy f r l ah t ih m ah n s ih n ih ng sil 
LOG (lattice-best-path[5.5.141~1-40a9d]:main():lattice-best-path.cc:99) For utterance usctimit_ema_f1_453, best cost 124.604 + 4262.01 = 4386.61 over 476 frames.
usctimit_ema_f1_453 sil w eh n w er z k w ih ng dh iy n z ih ng hh er v er ch ah b ow p er d ah n sil 
LOG (lattice-best-path[5.5.141~1-40a9d]:main():lattice-best-path.cc:99) For utterance usctimit_ema_f1_456, best cost 113.641 + 3955.66 = 4069.3 over 433 frames.
usctimit_ema_f1_456 sil ah m ao s ih d eh k ah l m p ae t uw ae n ah z b aa r d ih ng sil 
LOG (lattice-best-path[5.5.141~1-40a9d]:main():lattice-best-path.cc:99) For utterance usctimit_ema_f1_460, best cost 69.4995 + 2924.75 = 2994.25 over 334 frames.
usctimit_ema_f1_460 sil w ih sh iy t ih sh ah m ah b ih g ah z sil 
LOG (lattice-best-path[5.5.141~1-40a9d]:main():lattice-best-path.cc:99) For utterance usctimit_ema_f5_009, best cost 63.4572 + 2992.6 = 3056.06 over 341 frames.
usctimit_ema_f5_009 sil y uw l aw w er r l ay z sil 
LOG (lattice-best-path[5.5.141~1-40a9d]:main():lattice-best-path.cc:99) For utterance usctimit_ema_f5_011, best cost 78.8777 + 2907.19 = 2986.07 over 301 frames.
usctimit_ema_f5_011 sil w ih ng y uh r m ah s t ay z ih k ae n sil 
LOG (lattice-best-path[5.5.141~1-40a9d]:main():lattice-best-path.cc:99) For utterance usctimit_ema_f5_017, best cost 102.421 + 3299.69 = 3402.11 over 328 frames.
usctimit_ema_f5_017 sil aw m ao r iy hh aa m z d f ao z m ae z w ao f sil 
LOG (lattice-best-path[5.5.141~1-40a9d]:main():lattice-best-path.cc:99) For utterance usctimit_ema_f5_019, best cost 85.1909 + 2957.66 = 3042.85 over 308 frames.
usctimit_ema_f5_019 sil ah l f ah l f ih z hh ah t iy f r iy m sil 
LOG (lattice-best-path[5.5.141~1-40a9d]:main():lattice-best-path.cc:99) For utterance usctimit_ema_f5_066, best cost 94.8873 + 3449.23 = 3544.12 over 335 frames.
usctimit_ema_f5_066 sil ae t er t iy s k eh n g eh k s t uw f r ey l iy sil 
LOG (lattice-best-path[5.5.141~1-40a9d]:main():lattice-best-path.cc:99) For utterance usctimit_ema_f5_080, best cost 122.675 + 4081.94 = 4204.61 over 417 frames.
usctimit_ema_f5_080 sil dh iy k ah s ah n aw t ey t er jh er t aa p eh k l w eh p ay l z sil 
LOG (lattice-best-path[5.5.141~1-40a9d]:main():lattice-best-path.cc:99) For utterance usctimit_ema_f5_081, best cost 123.012 + 3677.15 = 3800.17 over 373 frames.
usctimit_ema_f5_081 sil dh ae s k r ey p er iy s t ae k s w ih n z ah n eh n iy n ey sh ah n sil 
LOG (lattice-best-path[5.5.141~1-40a9d]:main():lattice-best-path.cc:99) For utterance usctimit_ema_f5_090, best cost 104.074 + 3688.26 = 3792.33 over 385 frames.
usctimit_ema_f5_090 sil dh iy n s ih k s p l f ih k l iy d ih l iy f ay l z sil 
LOG (lattice-best-path[5.5.141~1-40a9d]:main():lattice-best-path.cc:99) For utterance usctimit_ema_f5_143, best cost 114.661 + 4291 = 4405.66 over 473 frames.
usctimit_ema_f5_143 sil dh iy k ah f r ih k s ao th er z ey sh ah v ih s ih s ih sh ah t sil 
LOG (lattice-best-path[5.5.141~1-40a9d]:main():lattice-best-path.cc:99) For utterance usctimit_ema_f5_144, best cost 172.069 + 5537.27 = 5709.34 over 594 frames.
usctimit_ema_f5_144 sil ae s k ow aa t ih z w iy p ih z eh n t er jh er n y uw b ow t uw dh iy hh aa b iy aa n iy z sil 
LOG (lattice-best-path[5.5.141~1-40a9d]:main():lattice-best-path.cc:99) For utterance usctimit_ema_f5_162, best cost 121.449 + 4424.69 = 4546.14 over 483 frames.
usctimit_ema_f5_162 sil ah m ah s ah l k aa jh ih z ah n aw k ah l ah jh ih k ey sh ah l sil 
LOG (lattice-best-path[5.5.141~1-40a9d]:main():lattice-best-path.cc:99) For utterance usctimit_ema_f5_163, best cost 135.855 + 4948.42 = 5084.28 over 532 frames.
usctimit_ema_f5_163 sil w ah ch ah t er z b ay hh iy n ah z ih jh eh n w ao z ah m z ah f ao r iy sil 
LOG (lattice-best-path[5.5.141~1-40a9d]:main():lattice-best-path.cc:99) For utterance usctimit_ema_f5_164, best cost 82.8109 + 3669.89 = 3752.7 over 405 frames.
usctimit_ema_f5_164 sil dh ih k l uw z d aw n dh iy t uw d sil 
LOG (lattice-best-path[5.5.141~1-40a9d]:main():lattice-best-path.cc:99) For utterance usctimit_ema_f5_174, best cost 89.8787 + 3612.59 = 3702.47 over 386 frames.
usctimit_ema_f5_174 sil s t er hh ae t r ae m f ae sh ah n z y er sil 
LOG (lattice-best-path[5.5.141~1-40a9d]:main():lattice-best-path.cc:99) For utterance usctimit_ema_f5_197, best cost 105.927 + 3600.1 = 3706.02 over 400 frames.
usctimit_ema_f5_197 sil dh iy s m l w oy p iy p ah w ao r m ah m hh aa k sil 
LOG (lattice-best-path[5.5.141~1-40a9d]:main():lattice-best-path.cc:99) For utterance usctimit_ema_f5_208, best cost 91.2217 + 3317.4 = 3408.62 over 373 frames.
usctimit_ema_f5_208 sil dh iy b y uw p oy ih k ow v er l t dh iy ow sh ah n sil 
LOG (lattice-best-path[5.5.141~1-40a9d]:main():lattice-best-path.cc:99) For utterance usctimit_ema_f5_233, best cost 196.805 + 6240.93 = 6437.74 over 648 frames.
usctimit_ema_f5_233 hh er dh iy t ey b l iy sil r m ah m b er t r l aw oy d ae n ah k l t ah n s eh t uw f r iy dh iy sil 
LOG (lattice-best-path[5.5.141~1-40a9d]:main():lattice-best-path.cc:99) For utterance usctimit_ema_f5_243, best cost 106.812 + 3389.99 = 3496.81 over 363 frames.
usctimit_ema_f5_243 sil aa r hh ao l d ey p r n z ah m ey l b l t ah z sil 
LOG (lattice-best-path[5.5.141~1-40a9d]:main():lattice-best-path.cc:99) For utterance usctimit_ema_f5_244, best cost 97.2562 + 3864.77 = 3962.03 over 412 frames.
usctimit_ema_f5_244 sil dh iy k er f ah m ah d p l aw ah f ao r b eh d z sil 
LOG (lattice-best-path[5.5.141~1-40a9d]:main():lattice-best-path.cc:99) For utterance usctimit_ema_f5_272, best cost 102.316 + 3453.04 = 3555.35 over 364 frames.
usctimit_ema_f5_272 sil t ow f l z m ey t ah p aa s ah s oy b iy d z sil 
LOG (lattice-best-path[5.5.141~1-40a9d]:main():lattice-best-path.cc:99) For utterance usctimit_ema_f5_281, best cost 182.9 + 5472.46 = 5655.36 over 565 frames.
usctimit_ema_f5_281 sil w ay d ih v ay er z ih s ah p ah l k ah v iy w oy n f ao r m ah v p er g r k ah m s ah g eh t sil 
LOG (lattice-best-path[5.5.141~1-40a9d]:main():lattice-best-path.cc:99) For utterance usctimit_ema_f5_304, best cost 166.449 + 6277.58 = 6444.03 over 667 frames.
usctimit_ema_f5_304 sil g eh s aa p ay n t iy z m eh k w uh d ah n ah l aa t uw z ih k w ey n ae sh ah l f ao r z sil 
LOG (lattice-best-path[5.5.141~1-40a9d]:main():lattice-best-path.cc:99) For utterance usctimit_ema_f5_307, best cost 113.893 + 3838.49 = 3952.38 over 418 frames.
usctimit_ema_f5_307 sil d uw ch aa n t eh k t eh b ih g uw s p aw t hh eh l sil 
LOG (lattice-best-path[5.5.141~1-40a9d]:main():lattice-best-path.cc:99) For utterance usctimit_ema_f5_329, best cost 127.746 + 4719.73 = 4847.48 over 535 frames.
usctimit_ema_f5_329 sil dh ih k aw w aa n d er f r m f ao r m ay n ah b iy hh iy m ao s t sil 
LOG (lattice-best-path[5.5.141~1-40a9d]:main():lattice-best-path.cc:99) For utterance usctimit_ema_f5_330, best cost 186.879 + 6030.89 = 6217.77 over 611 frames.
usctimit_ema_f5_330 sil iy t ah n t ay m iy d ah m ao s k ow n s ay d ah b ih p ah b r ih k ae n iy z iy s ah s t ah m p r t sil 
LOG (lattice-best-path[5.5.141~1-40a9d]:main():lattice-best-path.cc:99) For utterance usctimit_ema_f5_334, best cost 139.2 + 5018.89 = 5158.09 over 536 frames.
usctimit_ema_f5_334 sil w ey s k aa s t iy m iy b l ae k w eh s t iy k m p iy l d ae n d sil 
LOG (lattice-best-path[5.5.141~1-40a9d]:main():lattice-best-path.cc:99) For utterance usctimit_ema_f5_336, best cost 115.678 + 3713.5 = 3829.17 over 396 frames.
usctimit_ema_f5_336 sil dh ae n oy s p aa p ah g er z y uw w ao r ah n oy iy ch t ey sil 
LOG (lattice-best-path[5.5.141~1-40a9d]:main():lattice-best-path.cc:99) For utterance usctimit_ema_f5_343, best cost 135.816 + 4591.84 = 4727.66 over 506 frames.
usctimit_ema_f5_343 sil ah jh ah s ah n jh eh m y ah b ih n y uw r k y uw aa jh ih k ah m iy z iy m sil 
LOG (lattice-best-path[5.5.141~1-40a9d]:main():lattice-best-path.cc:99) For utterance usctimit_ema_f5_348, best cost 121.893 + 4172.98 = 4294.87 over 455 frames.
usctimit_ema_f5_348 sil dh iy k aa p ih k ey n ih sh eh p uw er ao r iy jh ah b r ah d sil 
LOG (lattice-best-path[5.5.141~1-40a9d]:main():lattice-best-path.cc:99) For utterance usctimit_ema_f5_349, best cost 73.1458 + 3612.45 = 3685.59 over 405 frames.
usctimit_ema_f5_349 sil iy sh ah s k er f r jh oy z sil 
LOG (lattice-best-path[5.5.141~1-40a9d]:main():lattice-best-path.cc:99) For utterance usctimit_ema_f5_354, best cost 144.336 + 6308.33 = 6452.66 over 679 frames.
usctimit_ema_f5_354 w eh v er dh iy g r m ay t ah p eh sh ah m ay z ih z sil ah l ah n d sil 
LOG (lattice-best-path[5.5.141~1-40a9d]:main():lattice-best-path.cc:99) For utterance usctimit_ema_f5_356, best cost 71.2016 + 2230.53 = 2301.73 over 219 frames.
usctimit_ema_f5_356 sil dh iy l ay k w aa n d dh iy l ey 
LOG (lattice-best-path[5.5.141~1-40a9d]:main():lattice-best-path.cc:99) For utterance usctimit_ema_f5_369, best cost 143.098 + 4875.84 = 5018.94 over 537 frames.
usctimit_ema_f5_369 sil dh er z ah jh ay z ae t ih k w ao s t ih k s t er v ih ng z dh iy t aa p ae t sil 
LOG (lattice-best-path[5.5.141~1-40a9d]:main():lattice-best-path.cc:99) For utterance usctimit_ema_f5_375, best cost 119.784 + 4118.54 = 4238.33 over 435 frames.
usctimit_ema_f5_375 sil ay er sh ah n t er z iy ch f r s t uw p er ch er b r f ih s t sil 
LOG (lattice-best-path[5.5.141~1-40a9d]:main():lattice-best-path.cc:99) For utterance usctimit_ema_f5_389, best cost 162.794 + 5325.07 = 5487.87 over 553 frames.
usctimit_ema_f5_389 sil dh iy f ih ch er k n ey n dh iy t ih s t er k n t ey n z dh iy ch iy s iy p iy t ih z sil 
LOG (lattice-best-path[5.5.141~1-40a9d]:main():lattice-best-path.cc:99) For utterance usctimit_ema_f5_392, best cost 149.279 + 5301.52 = 5450.8 over 574 frames.
usctimit_ema_f5_392 sil dh er ch ih n b eh s t ah m p ay k ah z er k aw m z ah n s ah s eh l ih sh uw z sil 
LOG (lattice-best-path[5.5.141~1-40a9d]:main():lattice-best-path.cc:99) For utterance usctimit_ema_f5_396, best cost 163.67 + 5078.16 = 5241.83 over 518 frames.
usctimit_ema_f5_396 sil dh iy ae b r t ay z ih ng g er s t ah v p r m ah v er ay n iy s t r n eh v er ch ey n d ih z sil 
LOG (lattice-best-path[5.5.141~1-40a9d]:main():lattice-best-path.cc:99) For utterance usctimit_ema_f5_406, best cost 144.485 + 4815.73 = 4960.22 over 512 frames.
usctimit_ema_f5_406 sil dh iy f ih g ow f ao r s ih z dh iy l iy ow v er w ao m b ay t ah ch ow n d iy z sil 
LOG (lattice-best-path[5.5.141~1-40a9d]:main():lattice-best-path.cc:99) For utterance usctimit_ema_f5_424, best cost 84.9763 + 3334.31 = 3419.29 over 379 frames.
usctimit_ema_f5_424 sil t iy k iy p l ah t iy b iy hh aa n d er d sil 
LOG (lattice-best-path[5.5.141~1-40a9d]:main():lattice-best-path.cc:99) For utterance usctimit_ema_f5_426, best cost 104.301 + 3438.45 = 3542.75 over 335 frames.
usctimit_ema_f5_426 sil dh iy z iy ah n z ah l ao l z ih s w iy p dh iy z iy ah 
LOG (lattice-best-path[5.5.141~1-40a9d]:main():lattice-best-path.cc:99) For utterance usctimit_ema_f5_431, best cost 128.206 + 4044.29 = 4172.5 over 427 frames.
usctimit_ema_f5_431 sil w aa p aa f r ao r m ah z ey sh ah z ah f ih k ah n f ah n er z er z sil 
LOG (lattice-best-path[5.5.141~1-40a9d]:main():lattice-best-path.cc:99) For utterance usctimit_ema_f5_436, best cost 128.231 + 3862.43 = 3990.66 over 405 frames.
usctimit_ema_f5_436 sil hh er t s p er s t ey f r k ah m ey k er z ah n ih ng s k ah v ih ng sil 
LOG (lattice-best-path[5.5.141~1-40a9d]:main():lattice-best-path.cc:99) For utterance usctimit_ema_f5_438, best cost 148.793 + 4735.99 = 4884.79 over 498 frames.
usctimit_ema_f5_438 sil dh iy p ay ao t w ao r ey m ao l ey n t ih k ah p iy d er z dh iy t r k ah b ih sh ah n sil 
LOG (lattice-best-path[5.5.141~1-40a9d]:main():lattice-best-path.cc:99) For utterance usctimit_ema_f5_447, best cost 159.229 + 5036.7 = 5195.93 over 536 frames.
usctimit_ema_f5_447 sil r m ah n ih z iy t ah n ah d er ih k s ay dh iy n dh iy b ay s t iy n s t ow v er k sil 
LOG (lattice-best-path[5.5.141~1-40a9d]:main():lattice-best-path.cc:99) For utterance usctimit_ema_f5_451, best cost 163.026 + 5299.71 = 5462.73 over 533 frames.
usctimit_ema_f5_451 sil t l r n t ah ch ah l ih ng f ah s uw m ay n iy f er w er l t ah m ah n s ih ng sil 
LOG (lattice-best-path[5.5.141~1-40a9d]:main():lattice-best-path.cc:99) For utterance usctimit_ema_m1_006, best cost 104.25 + 3510.38 = 3614.63 over 381 frames.
usctimit_ema_m1_006 sil w l y eh l er w ao r y uw f r s ah l iy ae t ah m z sil 
LOG (lattice-best-path[5.5.141~1-40a9d]:main():lattice-best-path.cc:99) For utterance usctimit_ema_m1_010, best cost 70.7673 + 2698.64 = 2769.41 over 306 frames.
usctimit_ema_m1_010 sil w ao r aa b ih ng w ao r iy ow l ih l iy sil 
LOG (lattice-best-path[5.5.141~1-40a9d]:main():lattice-best-path.cc:99) For utterance usctimit_ema_m1_012, best cost 114.599 + 4232.76 = 4347.36 over 456 frames.
usctimit_ema_m1_012 sil dh iy f ao f er z ih z ih z ae m er v y uw eh v er f ao r m ah l sil 
LOG (lattice-best-path[5.5.141~1-40a9d]:main():lattice-best-path.cc:99) For utterance usctimit_ema_m1_051, best cost 129.326 + 4003.29 = 4132.62 over 421 frames.
usctimit_ema_m1_051 sil dh ih k aa k er b iy ih sh ah n d b ow b iy k r ey t l iy p ih sh iy ey d sil 
LOG (lattice-best-path[5.5.141~1-40a9d]:main():lattice-best-path.cc:99) For utterance usctimit_ema_m1_090, best cost 100.651 + 3340.62 = 3441.27 over 356 frames.
usctimit_ema_m1_090 sil y uw m ah s t ih k s p l ih s ah l iy b ah l iy f ay l z sil 
LOG (lattice-best-path[5.5.141~1-40a9d]:main():lattice-best-path.cc:99) For utterance usctimit_ema_m1_095, best cost 123.851 + 3911.32 = 4035.17 over 420 frames.
usctimit_ema_m1_095 sil dh iy b eh s w ey ch ah l ao r n s ah s ah l ch t er p r aa b ah m z sil 
LOG (lattice-best-path[5.5.141~1-40a9d]:main():lattice-best-path.cc:99) For utterance usctimit_ema_m1_098, best cost 103.383 + 3786.29 = 3889.67 over 421 frames.
usctimit_ema_m1_098 sil ah m ah s y uw l er ae t ah n ah n s k ih f r iy b ae t sil 
LOG (lattice-best-path[5.5.141~1-40a9d]:main():lattice-best-path.cc:99) For utterance usctimit_ema_m1_099, best cost 121.935 + 4391.05 = 4512.98 over 495 frames.
usctimit_ema_m1_099 sil dh iy k aa r ch uw n f iy ch er z ah m aa s k r ae k ah t ae p l sil 
LOG (lattice-best-path[5.5.141~1-40a9d]:main():lattice-best-path.cc:99) For utterance usctimit_ema_m1_137, best cost 140.746 + 4623.34 = 4764.09 over 499 frames.
usctimit_ema_m1_137 sil k ah l th ih k ae k ah t uw d ih z jh eh jh p ay s t ae n d er w ay s t ae s sil 
LOG (lattice-best-path[5.5.141~1-40a9d]:main():lattice-best-path.cc:99) For utterance usctimit_ema_m1_139, best cost 122.462 + 5042.76 = 5165.22 over 571 frames.
usctimit_ema_m1_139 sil w er k ah n t ey n t uw m ah ch k ao r iy n ah n s aw n d ih z ay z sil 
LOG (lattice-best-path[5.5.141~1-40a9d]:main():lattice-best-path.cc:99) For utterance usctimit_ema_m1_145, best cost 158.762 + 5119.11 = 5277.87 over 546 frames.
usctimit_ema_m1_145 sil eh s ah p r k aa sh ah n iy l w ao z b ay b ah m p hh aw er f r dh ae s t r aa k l sil 
LOG (lattice-best-path[5.5.141~1-40a9d]:main():lattice-best-path.cc:99) For utterance usctimit_ema_m1_158, best cost 155.15 + 5218.07 = 5373.22 over 573 frames.
usctimit_ema_m1_158 sil b ay n ih f er b r d hh ao r f r k ao r z ih n t w ih sh ah n ah n eh k s p er sh iy z sil 
LOG (lattice-best-path[5.5.141~1-40a9d]:main():lattice-best-path.cc:99) For utterance usctimit_ema_m1_160, best cost 151.422 + 4778.69 = 4930.11 over 512 frames.
usctimit_ema_m1_160 sil ch ih ng k er jh t er ch ah l d ah n t ah m ey k eh r ow hh aw w ih ng k aa s t uw n sil 
LOG (lattice-best-path[5.5.141~1-40a9d]:main():lattice-best-path.cc:99) For utterance usctimit_ema_m1_162, best cost 114.016 + 4540.74 = 4654.76 over 506 frames.
usctimit_ema_m1_162 sil ah m ao s t ah l k ah l jh ih z ah n ow k ow l ah ch ey sh ah l sil 
LOG (lattice-best-path[5.5.141~1-40a9d]:main():lattice-best-path.cc:99) For utterance usctimit_ema_m1_164, best cost 72.0015 + 3634.89 = 3706.89 over 407 frames.
usctimit_ema_m1_164 sil f ih k uw z aa n dh iy t uw p sil 
LOG (lattice-best-path[5.5.141~1-40a9d]:main():lattice-best-path.cc:99) For utterance usctimit_ema_m1_166, best cost 76.3461 + 3305.41 = 3381.75 over 380 frames.
usctimit_ema_m1_166 sil dh iy k ae k s m iy l z hh er w iy er z sil 
LOG (lattice-best-path[5.5.141~1-40a9d]:main():lattice-best-path.cc:99) For utterance usctimit_ema_m1_169, best cost 67.9064 + 2976.38 = 3044.28 over 346 frames.
usctimit_ema_m1_169 sil dh iy aa f ih ng g ow aw n iy v ih ng sil 
LOG (lattice-best-path[5.5.141~1-40a9d]:main():lattice-best-path.cc:99) For utterance usctimit_ema_m1_179, best cost 90.6395 + 3230.56 = 3321.2 over 365 frames.
usctimit_ema_m1_179 sil k r aa r iy ch k r ae f ah n ah n uw ae k s ih z sil 
LOG (lattice-best-path[5.5.141~1-40a9d]:main():lattice-best-path.cc:99) For utterance usctimit_ema_m1_183, best cost 124.339 + 4770.2 = 4894.54 over 544 frames.
usctimit_ema_m1_183 sil ah p r ch er ch er v y uw w ih s p ae ch uw w eh s k m p ow zh er sil 
LOG (lattice-best-path[5.5.141~1-40a9d]:main():lattice-best-path.cc:99) For utterance usctimit_ema_m1_193, best cost 135.985 + 4893.7 = 5029.69 over 545 frames.
usctimit_ema_m1_193 sil ay d ey v ah n s er v er ch oy z ih z ah m ah p ah n t ae t p r ay ao r iy z sil 
LOG (lattice-best-path[5.5.141~1-40a9d]:main():lattice-best-path.cc:99) For utterance usctimit_ema_m1_204, best cost 67.1548 + 2955.55 = 3022.7 over 353 frames.
usctimit_ema_m1_204 sil hh aa g uh d ih jh er n d er n z sil 
LOG (lattice-best-path[5.5.141~1-40a9d]:main():lattice-best-path.cc:99) For utterance usctimit_ema_m1_209, best cost 68.8787 + 2988.48 = 3057.36 over 352 frames.
usctimit_ema_m1_209 sil w ih l th ih ng f er m p oy n ah n sil 
LOG (lattice-best-path[5.5.141~1-40a9d]:main():lattice-best-path.cc:99) For utterance usctimit_ema_m1_224, best cost 87.3842 + 3619.48 = 3706.87 over 406 frames.
usctimit_ema_m1_224 sil ay ey t ah f r oy s t er n ao r z p l iy sil 
LOG (lattice-best-path[5.5.141~1-40a9d]:main():lattice-best-path.cc:99) For utterance usctimit_ema_m1_229, best cost 114.294 + 3543.5 = 3657.79 over 395 frames.
usctimit_ema_m1_229 sil m ay ae v y uw l m ao r ih ng dh iy k ah n s ah hh aa k aa f iy sil 
LOG (lattice-best-path[5.5.141~1-40a9d]:main():lattice-best-path.cc:99) For utterance usctimit_ema_m1_237, best cost 112.56 + 4167.04 = 4279.6 over 450 frames.
usctimit_ema_m1_237 sil w ih s aa p iy t ay m iy ay s ih k l z b ah l w ao r uw f sil 
LOG (lattice-best-path[5.5.141~1-40a9d]:main():lattice-best-path.cc:99) For utterance usctimit_ema_m1_265, best cost 132.811 + 4328.41 = 4461.22 over 470 frames.
usctimit_ema_m1_265 sil p l iy s t ey t ih s t er iy t ih b ah p aa t uw k ih ng er z f ao m iy sil 
LOG (lattice-best-path[5.5.141~1-40a9d]:main():lattice-best-path.cc:99) For utterance usctimit_ema_m1_269, best cost 113.904 + 4274.43 = 4388.33 over 491 frames.
usctimit_ema_m1_269 sil ay b r ow v er m ah p ay dh ow sh uw z ah n dh iy v er ch er ch sil 
LOG (lattice-best-path[5.5.141~1-40a9d]:main():lattice-best-path.cc:99) For utterance usctimit_ema_m1_277, best cost 83.4254 + 2890.22 = 2973.64 over 337 frames.
usctimit_ema_m1_277 sil dh iy m iy d ih ng dh ih z ah n aw er jh er n z sil 
LOG (lattice-best-path[5.5.141~1-40a9d]:main():lattice-best-path.cc:99) For utterance usctimit_ema_m1_302, best cost 197.26 + 6591.16 = 6788.42 over 706 frames.
usctimit_ema_m1_302 sil dh iy p l ah t ah n aa t ow l m ey l b ah p uw n s t iy k aa n aa k s uw b l f r iy d ih ng sh ah l f ey sh sil 
LOG (lattice-best-path[5.5.141~1-40a9d]:main():lattice-best-path.cc:99) For utterance usctimit_ema_m1_303, best cost 104.881 + 3629.21 = 3734.09 over 415 frames.
usctimit_ema_m1_303 sil aa f ah n iy g ih p ae k m ao t ih n iy p uh d ey n sil 
LOG (lattice-best-path[5.5.141~1-40a9d]:main():lattice-best-path.cc:99) For utterance usctimit_ema_m1_317, best cost 167.801 + 6431.76 = 6599.56 over 731 frames.
usctimit_ema_m1_317 sil m ah n iy w ao l f iy t ay k uw n s w er sh ah n b aa p ow th ih g aa p ae n d ah s t uw er sil 
LOG (lattice-best-path[5.5.141~1-40a9d]:main():lattice-best-path.cc:99) For utterance usctimit_ema_m1_320, best cost 112.902 + 4168.22 = 4281.12 over 468 frames.
usctimit_ema_m1_320 sil dh iy k aa s ao r w ao l ah n jh oy dh ih sh ah l f ih sh t ih sh sil 
LOG (lattice-best-path[5.5.141~1-40a9d]:main():lattice-best-path.cc:99) For utterance usctimit_ema_m1_322, best cost 113.614 + 3646.58 = 3760.19 over 422 frames.
usctimit_ema_m1_322 sil d ah l f ah n z aa n t ah l jh ah d w ao r iy n dh ae m l z sil 
LOG (lattice-best-path[5.5.141~1-40a9d]:main():lattice-best-path.cc:99) For utterance usctimit_ema_m1_336, best cost 131.483 + 4361.04 = 4492.52 over 475 frames.
usctimit_ema_m1_336 sil dh ae n oy s p r l ah m g ow z r ow z m ao r m oy ng iy ch ey sil 
LOG (lattice-best-path[5.5.141~1-40a9d]:main():lattice-best-path.cc:99) For utterance usctimit_ema_m1_338, best cost 110.821 + 4501.02 = 4611.84 over 511 frames.
usctimit_ema_m1_338 sil dh ae t ay d r m ey k s ah m z ah l iy f er m ah s eh v iy sil 
LOG (lattice-best-path[5.5.141~1-40a9d]:main():lattice-best-path.cc:99) For utterance usctimit_ema_m1_340, best cost 86.9877 + 2865.66 = 2952.64 over 316 frames.
usctimit_ema_m1_340 sil jh ao ng k ih ng sh ah l f ih sh f ao l d ih ng sil 
LOG (lattice-best-path[5.5.141~1-40a9d]:main():lattice-best-path.cc:99) For utterance usctimit_ema_m1_344, best cost 120.358 + 3893.91 = 4014.27 over 454 frames.
usctimit_ema_m1_344 sil p ae m b y uw z t r ay v ih ng l ah s ah n t ah n dh er z d ey z sil 
LOG (lattice-best-path[5.5.141~1-40a9d]:main():lattice-best-path.cc:99) For utterance usctimit_ema_m1_347, best cost 127.437 + 4318.79 = 4446.23 over 467 frames.
usctimit_ema_m1_347 sil t er jh ah s p er w uh d ah b aa p ah f y uw sh er jh ae ch er ih jh sil 
LOG (lattice-best-path[5.5.141~1-40a9d]:main():lattice-best-path.cc:99) For utterance usctimit_ema_m1_350, best cost 103.018 + 3063.92 = 3166.93 over 337 frames.
usctimit_ema_m1_350 sil hh ih sh ow v er f eh l th ih z ih v er w ah b er p ah n sil 
LOG (lattice-best-path[5.5.141~1-40a9d]:main():lattice-best-path.cc:99) For utterance usctimit_ema_m1_360, best cost 167.276 + 4742.12 = 4909.4 over 500 frames.
usctimit_ema_m1_360 sil dh iy f ih sh dh iy ae z ah l iy p f r ah n t ih k l iy l dh iy s ch er f ih s ah v ah s m l ey k sil 
LOG (lattice-best-path[5.5.141~1-40a9d]:main():lattice-best-path.cc:99) For utterance usctimit_ema_m1_361, best cost 110.106 + 3519.63 = 3629.73 over 383 frames.
usctimit_ema_m1_361 sil t ih n t ey sh y uw l th ih s iy m uw dh iy s t w ih s w iy sil 
LOG (lattice-best-path[5.5.141~1-40a9d]:main():lattice-best-path.cc:99) For utterance usctimit_ema_m1_367, best cost 112.405 + 4309.8 = 4422.2 over 492 frames.
usctimit_ema_m1_367 sil b aa r b er p ey p er n dh iy s ah n ah b iy b aa n f ay er sil 
LOG (lattice-best-path[5.5.141~1-40a9d]:main():lattice-best-path.cc:99) For utterance usctimit_ema_m1_368, best cost 127.842 + 4221.09 = 4348.93 over 474 frames.
usctimit_ema_m1_368 sil r f k ao r sh uw v ah n hh ae v n ow t uw f ih sh ah n w ih ch sil 
LOG (lattice-best-path[5.5.141~1-40a9d]:main():lattice-best-path.cc:99) For utterance usctimit_ema_m1_375, best cost 132.508 + 4256.71 = 4389.22 over 464 frames.
usctimit_ema_m1_375 sil ay er w er sh y ow ch er z iy f r jh t ah p er s f er b r k ah z sil 
LOG (lattice-best-path[5.5.141~1-40a9d]:main():lattice-best-path.cc:99) For utterance usctimit_ema_m1_394, best cost 133.392 + 4982 = 5115.39 over 547 frames.
usctimit_ema_m1_394 sil dh iy z ah n ih g r s ah p l iy s ah n t f l ay k f aa b ah s m ow v er z sil 
LOG (lattice-best-path[5.5.141~1-40a9d]:main():lattice-best-path.cc:99) For utterance usctimit_ema_m1_400, best cost 106.549 + 3557.13 = 3663.68 over 382 frames.
usctimit_ema_m1_400 sil w ih z ih s l aa r ch eh ng b ay dh iy aa r ih ng ao r d sil 
LOG (lattice-best-path[5.5.141~1-40a9d]:main():lattice-best-path.cc:99) For utterance usctimit_ema_m1_432, best cost 57.4657 + 2448.9 = 2506.37 over 285 frames.
usctimit_ema_m1_432 sil ah l aw l iy w ey t iy er sil 
LOG (lattice-best-path[5.5.141~1-40a9d]:main():lattice-best-path.cc:99) For utterance usctimit_ema_m3_010, best cost 67.7487 + 2924.58 = 2992.32 over 327 frames.
usctimit_ema_m3_010 sil w ao r aa b r w er y ah l ah l iy sil 
LOG (lattice-best-path[5.5.141~1-40a9d]:main():lattice-best-path.cc:99) For utterance usctimit_ema_m3_044, best cost 111.261 + 4539.42 = 4650.68 over 472 frames.
usctimit_ema_m3_044 sil dh iy l ay k ah v iy k ah p aa b ih jh eh n t r ey t ah n s ah z sil 
LOG (lattice-best-path[5.5.141~1-40a9d]:main():lattice-best-path.cc:99) For utterance usctimit_ema_m3_068, best cost 99.2293 + 3992.77 = 4092 over 441 frames.
usctimit_ema_m3_068 sil dh iy s ah m p aa s l ah b y ow p y aa k er s iy sil 
LOG (lattice-best-path[5.5.141~1-40a9d]:main():lattice-best-path.cc:99) For utterance usctimit_ema_m3_071, best cost 116.636 + 4331.65 = 4448.28 over 439 frames.
usctimit_ema_m3_071 sil k aa p r ih sh ah m ao z ah n ih s t ae n iy l iy b iy t s p iy sil 
LOG (lattice-best-path[5.5.141~1-40a9d]:main():lattice-best-path.cc:99) For utterance usctimit_ema_m3_080, best cost 118.359 + 4314.28 = 4432.64 over 411 frames.
usctimit_ema_m3_080 sil dh ih g w ao z ae l dh iy t eh zh er ch aa k ah k ao r t ay l z sil 
LOG (lattice-best-path[5.5.141~1-40a9d]:main():lattice-best-path.cc:99) For utterance usctimit_ema_m3_101, best cost 83.1282 + 3018.81 = 3101.94 over 307 frames.
usctimit_ema_m3_101 sil k ae f ih s er w ih n l ae f t ey ah n t sil 
LOG (lattice-best-path[5.5.141~1-40a9d]:main():lattice-best-path.cc:99) For utterance usctimit_ema_m3_113, best cost 89.7659 + 3564.59 = 3654.35 over 382 frames.
usctimit_ema_m3_113 sil w aa t ah f ao r m ow v iy s ah s ah t aa l z sil 
LOG (lattice-best-path[5.5.141~1-40a9d]:main():lattice-best-path.cc:99) For utterance usctimit_ema_m3_129, best cost 96.5881 + 3812.94 = 3909.53 over 411 frames.
usctimit_ema_m3_129 sil t uw m ay s t er ae s ih k ah g y ah n iy ch aa l sil 
LOG (lattice-best-path[5.5.141~1-40a9d]:main():lattice-best-path.cc:99) For utterance usctimit_ema_m3_141, best cost 106.067 + 3453.58 = 3559.65 over 354 frames.
usctimit_ema_m3_141 sil r m ow b ih s p ah n jh er w ih th ih p er k w iy z ah z sil 
LOG (lattice-best-path[5.5.141~1-40a9d]:main():lattice-best-path.cc:99) For utterance usctimit_ema_m3_147, best cost 101.124 + 4055.04 = 4156.17 over 438 frames.
usctimit_ema_m3_147 sil dh er m ey n w ay f ao ng f r ae n d b ae n ih n z sil 
LOG (lattice-best-path[5.5.141~1-40a9d]:main():lattice-best-path.cc:99) For utterance usctimit_ema_m3_192, best cost 107.138 + 4087.92 = 4195.06 over 428 frames.
usctimit_ema_m3_192 sil ah l dh iy b eh s p eh sh ah n jh oy p aa g l eh r iy sil 
LOG (lattice-best-path[5.5.141~1-40a9d]:main():lattice-best-path.cc:99) For utterance usctimit_ema_m3_203, best cost 92.5899 + 3830.49 = 3923.08 over 419 frames.
usctimit_ema_m3_203 sil dh iy p ah b ah jh ah b aa t ey b ow m ah g r ow zh sil 
LOG (lattice-best-path[5.5.141~1-40a9d]:main():lattice-best-path.cc:99) For utterance usctimit_ema_m3_260, best cost 143.321 + 4181.14 = 4324.46 over 446 frames.
usctimit_ema_m3_260 sil b r sh f ay z eh k aw m ay n ah b r ay ah n er b r ow sh ah n ah m ae t ah l sil 
LOG (lattice-best-path[5.5.141~1-40a9d]:main():lattice-best-path.cc:99) For utterance usctimit_ema_m3_267, best cost 115.879 + 4788.89 = 4904.77 over 519 frames.
usctimit_ema_m3_267 sil ih s k ae k ah m s m ao r l hh ae v er ey n jh ah b iy t uw sil 
LOG (lattice-best-path[5.5.141~1-40a9d]:main():lattice-best-path.cc:99) For utterance usctimit_ema_m3_282, best cost 156.079 + 6237.42 = 6393.5 over 657 frames.
usctimit_ema_m3_282 sil dh iy ae t er z ah b iy s ey f ao r ey t iy th ih ng g ah n t er k er f l iy f er s t sil 
LOG (lattice-best-path[5.5.141~1-40a9d]:main():lattice-best-path.cc:99) For utterance usctimit_ema_m3_300, best cost 100.23 + 4160.84 = 4261.07 over 450 frames.
usctimit_ema_m3_300 sil dh iy b ih g aa l ah jh ch uw aa n iy l r ay d ao l sil 
LOG (lattice-best-path[5.5.141~1-40a9d]:main():lattice-best-path.cc:99) For utterance usctimit_ema_m3_316, best cost 181.173 + 5501.68 = 5682.85 over 569 frames.
usctimit_ema_m3_316 sil dh iy p r iy s t uw r k ah n b er b oy s er f y l ih ng z b aa b iy m r jh ah z ih k ah n d ih sh ah n z sil 
LOG (lattice-best-path[5.5.141~1-40a9d]:main():lattice-best-path.cc:99) For utterance usctimit_ema_m3_320, best cost 103.489 + 4201.8 = 4305.29 over 447 frames.
usctimit_ema_m3_320 sil ah k aa s ao r ow n jh oy d ih sh ah l th ih sh t ih sh sil 
LOG (lattice-best-path[5.5.141~1-40a9d]:main():lattice-best-path.cc:99) For utterance usctimit_ema_m3_335, best cost 123.447 + 4404.7 = 4528.15 over 449 frames.
usctimit_ema_m3_335 sil b aa p ih p r ow v ow b ow v er d ow th iy er m ey er l z sil 
LOG (lattice-best-path[5.5.141~1-40a9d]:main():lattice-best-path.cc:99) For utterance usctimit_ema_m3_336, best cost 118.413 + 3612.42 = 3730.83 over 372 frames.
usctimit_ema_m3_336 sil dh eh n oy z k aa b ah m er z m ao r n ow ih n iy ch dh eh n sil 
LOG (lattice-best-path[5.5.141~1-40a9d]:main():lattice-best-path.cc:99) For utterance usctimit_ema_m3_338, best cost 114.359 + 4608.99 = 4723.35 over 500 frames.
usctimit_ema_m3_338 sil dh eh d ay r eh m ey k s ae n s ah l ae t er m ah ch ah b iy sil 
LOG (lattice-best-path[5.5.141~1-40a9d]:main():lattice-best-path.cc:99) For utterance usctimit_ema_m3_339, best cost 95.1432 + 3855.7 = 3950.84 over 423 frames.
usctimit_ema_m3_339 sil ah b ao r n aa l ah s ah p er s ih d ih ng g eh l sil 
LOG (lattice-best-path[5.5.141~1-40a9d]:main():lattice-best-path.cc:99) For utterance usctimit_ema_m3_357, best cost 126.197 + 4450.06 = 4576.26 over 462 frames.
usctimit_ema_m3_357 sil dh iy ae m aw s k ae f r d ih k r s ah s b iy l ah n s ah b iy er d sil 
LOG (lattice-best-path[5.5.141~1-40a9d]:main():lattice-best-path.cc:99) For utterance usctimit_ema_m3_359, best cost 91.3811 + 3685.47 = 3776.85 over 389 frames.
usctimit_ema_m3_359 sil k aw s ih m ey t b ow n s ah n t iy s r l sil 
LOG (lattice-best-path[5.5.141~1-40a9d]:main():lattice-best-path.cc:99) For utterance usctimit_ema_m3_379, best cost 111.65 + 4557.6 = 4669.25 over 477 frames.
usctimit_ema_m3_379 sil ay er s ih ng s ih z y uw z ah l ah n s p ae n ih sh iy p er z sil 
LOG (lattice-best-path[5.5.141~1-40a9d]:main():lattice-best-path.cc:99) For utterance usctimit_ema_m3_385, best cost 93.3371 + 3260.06 = 3353.4 over 354 frames.
usctimit_ema_m3_385 sil p eh v ih k ae b iy t ih p ey d ih g aa f ah n sil 
LOG (lattice-best-path[5.5.141~1-40a9d]:main():lattice-best-path.cc:99) For utterance usctimit_ema_m3_390, best cost 121.934 + 4180.7 = 4302.63 over 428 frames.
usctimit_ema_m3_390 sil dh iy ow ao r iy ch aa r k ih s ah p oy z ah n d eh n iy w ah n s t iy sil 
LOG (lattice-best-path[5.5.141~1-40a9d]:main():lattice-best-path.cc:99) For utterance usctimit_ema_m3_423, best cost 121.493 + 4798.43 = 4919.92 over 495 frames.
usctimit_ema_m3_423 sil dh iy g ow s ah f r t ow s aa r ae t ow sh er sh ah n ah n f r sil 
LOG (lattice-best-path[5.5.141~1-40a9d]:main():lattice-best-path.cc:99) For utterance usctimit_ema_m3_434, best cost 58.2921 + 2606.77 = 2665.07 over 285 frames.
usctimit_ema_m3_434 sil r ae sh l ay z ah l er z sil 
LOG (lattice-best-path[5.5.141~1-40a9d]:main():lattice-best-path.cc:99) For utterance usctimit_ema_m3_438, best cost 132.811 + 4759.04 = 4891.85 over 495 frames.
usctimit_ema_m3_438 sil dh iy p ay aa ch er m aa l ih ng t ih k ah p y uw s b iy t er k w ih sh ah n sil 
LOG (lattice-best-path[5.5.141~1-40a9d]:main():lattice-best-path.cc:99) For utterance usctimit_ema_m3_442, best cost 102.088 + 3760.4 = 3862.48 over 404 frames.
usctimit_ema_m3_442 sil w ih l ih p l iy ch iy s p ah n d ih t uw l ih s p r iy sil 
LOG (lattice-best-path[5.5.141~1-40a9d]:main():lattice-best-path.cc:99) For utterance usctimit_ema_m3_444, best cost 154.15 + 5725.5 = 5879.65 over 603 frames.
usctimit_ema_m3_444 sil r aa m ey t ae g er ey n uw aa sh uh d ih n er d ah n iy s p r iy p ay f r d z er sil 
LOG (lattice-best-path[5.5.141~1-40a9d]:main():lattice-best-path.cc:99) For utterance usctimit_ema_m3_457, best cost 145.373 + 5219.49 = 5364.86 over 560 frames.
usctimit_ema_m3_457 sil k aa f y uw z g r d ah n s t iy jh ah m l ih k s ow s ah n t ae b r s ah n z sil 
LOG (lattice-best-path[5.5.141~1-40a9d]:main():lattice-best-path.cc:99) For utterance usctimit_ema_m3_458, best cost 130.533 + 5063.32 = 5193.85 over 535 frames.
usctimit_ema_m3_458 sil w eh s t ih ng d ey p r w ih s k aa b ay k w ay d ey p er z ey sh ah d sil 
LOG (lattice-scale[5.5.141~1-40a9d]:main():lattice-scale.cc:107) Done 183 lattices.
LOG (lattice-add-penalty[5.5.141~1-40a9d]:main():lattice-add-penalty.cc:62) Done adding word insertion penalty to 183 lattices.
LOG (lattice-best-path[5.5.141~1-40a9d]:main():lattice-best-path.cc:99) For utterance usctimit_ema_m3_460, best cost 77.619 + 4492.3 = 4569.92 over 497 frames.
usctimit_ema_m3_460 sil w ih ch s iy v er sh ah l ih g uw z sil 
LOG (lattice-best-path[5.5.141~1-40a9d]:main():lattice-best-path.cc:124) Overall cost per frame is 9.45395 = 0.255241 [graph] + 9.1987 [acoustic] over 81821 frames.
LOG (lattice-best-path[5.5.141~1-40a9d]:main():lattice-best-path.cc:128) Done 183 lattices, failed for 0
# Accounting: time=5 threads=1
# Ended (code 0) at Mon Dec 24 21:08:40 EET 2018, elapsed time 5 seconds
