# lattice-scale --inv-acoustic-scale=13 "ark:gunzip -c exp/bg/mono/decode/lat.*.gz|" ark:- | lattice-add-penalty --word-ins-penalty=0.0 ark:- ark:- | lattice-best-path --word-symbol-table=exp/bg/mono/graph/words.txt ark:- ark,t:- | utils/int2sym.pl -f 2- exp/bg/mono/graph/words.txt | cat > exp/bg/mono/decode/scoring_kaldi/penalty_0.0/13.txt 
# Started at Mon Dec 24 21:08:46 EET 2018
#
lattice-best-path --word-symbol-table=exp/bg/mono/graph/words.txt ark:- ark,t:- 
lattice-add-penalty --word-ins-penalty=0.0 ark:- ark:- 
lattice-scale --inv-acoustic-scale=13 'ark:gunzip -c exp/bg/mono/decode/lat.*.gz|' ark:- 
LOG (lattice-best-path[5.5.141~1-40a9d]:main():lattice-best-path.cc:99) For utterance usctimit_ema_f1_021, best cost 57.1477 + 1821.22 = 1878.36 over 290 frames.
usctimit_ema_f1_021 sil ah m iy oy s ah l ah n er z sil 
LOG (lattice-best-path[5.5.141~1-40a9d]:main():lattice-best-path.cc:99) For utterance usctimit_ema_f1_028, best cost 120.764 + 3186.32 = 3307.08 over 499 frames.
usctimit_ema_f1_028 sil w ih z ah m ao z ih k aa p ah t er d ih s ah t ey p aa p y uw aa r ey sil 
LOG (lattice-best-path[5.5.141~1-40a9d]:main():lattice-best-path.cc:99) For utterance usctimit_ema_f1_031, best cost 114.922 + 2550.62 = 2665.55 over 395 frames.
usctimit_ema_f1_031 sil eh s ah l p r iy s l w ih z ih g r jh uw ey sh ah n hh er z ah n sil 
LOG (lattice-best-path[5.5.141~1-40a9d]:main():lattice-best-path.cc:99) For utterance usctimit_ema_f1_052, best cost 108.969 + 2789.11 = 2898.08 over 431 frames.
usctimit_ema_f1_052 sil hh aa s ah n ah l ch eh k ah z ch y ao z ih k ah l dh iy r iy sil 
LOG (lattice-best-path[5.5.141~1-40a9d]:main():lattice-best-path.cc:99) For utterance usctimit_ema_f1_054, best cost 81.2557 + 2383.4 = 2464.66 over 382 frames.
usctimit_ema_f1_054 sil ch aa n t iy ch t ah n ah n t ah l ih sh ah n z sil 
LOG (lattice-best-path[5.5.141~1-40a9d]:main():lattice-best-path.cc:99) For utterance usctimit_ema_f1_072, best cost 89.6108 + 2468.64 = 2558.26 over 403 frames.
usctimit_ema_f1_072 sil s ah n ih z eh v ih ng f y uw b ih k y er k s sil 
LOG (lattice-best-path[5.5.141~1-40a9d]:main():lattice-best-path.cc:99) For utterance usctimit_ema_f1_078, best cost 93.7381 + 2757.98 = 2851.72 over 447 frames.
usctimit_ema_f1_078 sil ah l eh k aa s ah l iy z w aa t ah p ay n s ih z sil 
LOG (lattice-best-path[5.5.141~1-40a9d]:main():lattice-best-path.cc:99) For utterance usctimit_ema_f1_090, best cost 87.9065 + 2206.74 = 2294.65 over 353 frames.
usctimit_ema_f1_090 sil y uw m ao z ih k s ah s ah l iy d ah l iy b ay l z sil 
LOG (lattice-best-path[5.5.141~1-40a9d]:main():lattice-best-path.cc:99) For utterance usctimit_ema_f1_105, best cost 120.092 + 3031.09 = 3151.18 over 461 frames.
usctimit_ema_f1_105 sil dh iy p ay ow n iy b aa k ae k ae n hh ay iy n aa r oy l ae m ow z sil 
LOG (lattice-best-path[5.5.141~1-40a9d]:main():lattice-best-path.cc:99) For utterance usctimit_ema_f1_108, best cost 110.065 + 2938.76 = 3048.82 over 458 frames.
usctimit_ema_f1_108 sil dh iy s ih jh eh v er z m ey f r f aa p eh n aa r n t iy z sil 
LOG (lattice-best-path[5.5.141~1-40a9d]:main():lattice-best-path.cc:99) For utterance usctimit_ema_f1_111, best cost 82.1589 + 2140.12 = 2222.28 over 329 frames.
usctimit_ema_f1_111 sil r ih z ih sh ah n t ah l z ih z ih z f r iy l sil 
LOG (lattice-best-path[5.5.141~1-40a9d]:main():lattice-best-path.cc:99) For utterance usctimit_ema_f1_115, best cost 74.0586 + 2268.26 = 2342.32 over 355 frames.
usctimit_ema_f1_115 sil dh iy f ao r ae ch eh s ah p r eh k ae z sil 
LOG (lattice-best-path[5.5.141~1-40a9d]:main():lattice-best-path.cc:99) For utterance usctimit_ema_f1_123, best cost 101.02 + 3100.15 = 3201.17 over 492 frames.
usctimit_ema_f1_123 sil dh iy b ah n l s ah s ah l z ih ch iy dh iy d ih sh ao r er sil 
LOG (lattice-best-path[5.5.141~1-40a9d]:main():lattice-best-path.cc:99) For utterance usctimit_ema_f1_126, best cost 112.617 + 2821.86 = 2934.48 over 432 frames.
usctimit_ema_f1_126 sil w ih sh ao r ih k ah l z ah p ey ih n ey k aa f ih k ey sh ah n sil 
LOG (lattice-best-path[5.5.141~1-40a9d]:main():lattice-best-path.cc:99) For utterance usctimit_ema_f1_134, best cost 82.0653 + 2510.74 = 2592.8 over 416 frames.
usctimit_ema_f1_134 sil dh iy m iy z k ih z ih ng ih z ae s ih z ih k sil 
LOG (lattice-best-path[5.5.141~1-40a9d]:main():lattice-best-path.cc:99) For utterance usctimit_ema_f1_153, best cost 154.149 + 3933.11 = 4087.26 over 618 frames.
usctimit_ema_f1_153 sil dh ih m ay n iy p eh s ah s aw er d z ih p iy b l s ah v ih ng ey sh ah n d r oy n z sil 
LOG (lattice-best-path[5.5.141~1-40a9d]:main():lattice-best-path.cc:99) For utterance usctimit_ema_f1_162, best cost 95.9335 + 3009.18 = 3105.12 over 486 frames.
usctimit_ema_f1_162 sil ah s ah l k aa l d ih z ah n ae k oy d ey sh ah m sil 
LOG (lattice-best-path[5.5.141~1-40a9d]:main():lattice-best-path.cc:99) For utterance usctimit_ema_f1_170, best cost 92.7884 + 2884.06 = 2976.85 over 459 frames.
usctimit_ema_f1_170 sil hh ao r ay s dh iy ah m ah m ih k s eh s ih k aw t sil 
LOG (lattice-best-path[5.5.141~1-40a9d]:main():lattice-best-path.cc:99) For utterance usctimit_ema_f1_198, best cost 66.5956 + 2187.84 = 2254.43 over 368 frames.
usctimit_ema_f1_198 sil hh aa p r ah n ay v eh r eh k er z sil 
LOG (lattice-best-path[5.5.141~1-40a9d]:main():lattice-best-path.cc:99) For utterance usctimit_ema_f1_209, best cost 63.3308 + 2062.12 = 2125.45 over 339 frames.
usctimit_ema_f1_209 sil k r iy l ih ng r p oy n ae n sil 
LOG (lattice-best-path[5.5.141~1-40a9d]:main():lattice-best-path.cc:99) For utterance usctimit_ema_f1_213, best cost 77.2404 + 2283.41 = 2360.65 over 358 frames.
usctimit_ema_f1_213 sil ay ah m ay z aa k aw t ay ey n s ih ng sil 
LOG (lattice-best-path[5.5.141~1-40a9d]:main():lattice-best-path.cc:99) For utterance usctimit_ema_f1_227, best cost 83.575 + 2368.29 = 2451.87 over 386 frames.
usctimit_ema_f1_227 sil b ay iy ih ng y ao r y uw m ey l w ao t er sil 
LOG (lattice-best-path[5.5.141~1-40a9d]:main():lattice-best-path.cc:99) For utterance usctimit_ema_f1_236, best cost 92.7495 + 2238.09 = 2330.84 over 358 frames.
usctimit_ema_f1_236 sil hh aw oy l ey t uw w ay d ih s ah l ih th r eh s ih ng sil 
LOG (lattice-best-path[5.5.141~1-40a9d]:main():lattice-best-path.cc:99) For utterance usctimit_ema_f1_239, best cost 77.3645 + 2507.58 = 2584.94 over 412 frames.
usctimit_ema_f1_239 sil w ih k aa m ey z ah ch aa n iy z ah n iy sil 
LOG (lattice-best-path[5.5.141~1-40a9d]:main():lattice-best-path.cc:99) For utterance usctimit_ema_f1_242, best cost 85.6084 + 2216.35 = 2301.96 over 356 frames.
usctimit_ema_f1_242 sil t uw ey t ih k ah g ow f ao r ih z w ao r ow s sil 
LOG (lattice-best-path[5.5.141~1-40a9d]:main():lattice-best-path.cc:99) For utterance usctimit_ema_f1_244, best cost 91.2623 + 2506.52 = 2597.79 over 398 frames.
usctimit_ema_f1_244 sil dh iy p eh k aa t ih k ow f r d ih f aw er b eh n z sil 
LOG (lattice-best-path[5.5.141~1-40a9d]:main():lattice-best-path.cc:99) For utterance usctimit_ema_f1_250, best cost 65.5826 + 2050.64 = 2116.22 over 346 frames.
usctimit_ema_f1_250 sil dh iy m eh s er z aa sh ah l s dh iy sil 
LOG (lattice-best-path[5.5.141~1-40a9d]:main():lattice-best-path.cc:99) For utterance usctimit_ema_f1_252, best cost 138.511 + 3486.77 = 3625.28 over 550 frames.
usctimit_ema_f1_252 sil hh aa s ah b ah l iy t uw w ao r w ih th aw t uw p r ih sh ah z eh l w er d ih ng sil 
LOG (lattice-best-path[5.5.141~1-40a9d]:main():lattice-best-path.cc:99) For utterance usctimit_ema_f1_255, best cost 100.235 + 2694.17 = 2794.41 over 428 frames.
usctimit_ema_f1_255 sil dh iy t ih f er f r ae t ih k aa m ay n t uw f ah l aw t sil 
LOG (lattice-best-path[5.5.141~1-40a9d]:main():lattice-best-path.cc:99) For utterance usctimit_ema_f1_262, best cost 129.338 + 3665.61 = 3794.95 over 572 frames.
usctimit_ema_f1_262 sil dh iy s er ch er z r t ih k ah l iy f ao r m ih f r ah s p eh k ah b ay er sil 
LOG (lattice-best-path[5.5.141~1-40a9d]:main():lattice-best-path.cc:99) For utterance usctimit_ema_f1_286, best cost 80.286 + 1910.56 = 1990.84 over 302 frames.
usctimit_ema_f1_286 sil dh eh k ah ch ey z ih z hh ae t er s ah s ah n sil 
LOG (lattice-best-path[5.5.141~1-40a9d]:main():lattice-best-path.cc:99) For utterance usctimit_ema_f1_297, best cost 104.746 + 3553.87 = 3658.61 over 592 frames.
usctimit_ema_f1_297 sil g r ah n t aa n ch ah s ao f r t ah n z iy f ah n ih n sil 
LOG (lattice-best-path[5.5.141~1-40a9d]:main():lattice-best-path.cc:99) For utterance usctimit_ema_f1_299, best cost 109.486 + 3049.47 = 3158.96 over 491 frames.
usctimit_ema_f1_299 sil hh ae k ah n ah n er t iy z ah z s oy s ah s b ay y uw eh n sil 
LOG (lattice-best-path[5.5.141~1-40a9d]:main():lattice-best-path.cc:99) For utterance usctimit_ema_f1_302, best cost 131.709 + 3542.67 = 3674.38 over 573 frames.
usctimit_ema_f1_302 sil ah d ah l aw t ae b ay s t iy ih n ae t uw d ah l f r iy d ih ng sh ah l ih z sil 
LOG (lattice-best-path[5.5.141~1-40a9d]:main():lattice-best-path.cc:99) For utterance usctimit_ema_f1_311, best cost 128.798 + 3169.12 = 3297.92 over 495 frames.
usctimit_ema_f1_311 sil dh iy f r ey n ch aa b ih z jh eh m ay s ah n t uw b ay z dh iy b r ah p er sil 
LOG (lattice-best-path[5.5.141~1-40a9d]:main():lattice-best-path.cc:99) For utterance usctimit_ema_f1_317, best cost 126.101 + 4195.27 = 4321.37 over 679 frames.
usctimit_ema_f1_317 sil m eh n iy ow p iy t ay k ah n s w er sh ah n w ao l dh iy ae n s ah n sil 
LOG (lattice-best-path[5.5.141~1-40a9d]:main():lattice-best-path.cc:99) For utterance usctimit_ema_f1_320, best cost 97.3214 + 2828.56 = 2925.88 over 454 frames.
usctimit_ema_f1_320 sil ah k ah n ih s er l ah n jh oy d ih sh ah l ih sh ih zh sil 
LOG (lattice-best-path[5.5.141~1-40a9d]:main():lattice-best-path.cc:99) For utterance usctimit_ema_f1_323, best cost 93.5162 + 2797.77 = 2891.29 over 450 frames.
usctimit_ema_f1_323 sil dh ae n iy s w ih sh ah m ay ch er k oy z eh k ah z sil 
LOG (lattice-best-path[5.5.141~1-40a9d]:main():lattice-best-path.cc:99) For utterance usctimit_ema_f1_325, best cost 86.94 + 2502.11 = 2589.05 over 400 frames.
usctimit_ema_f1_325 sil w ih sh ah l ah m aa ch ih z ey t ay m ah v iy z sil 
LOG (lattice-best-path[5.5.141~1-40a9d]:main():lattice-best-path.cc:99) For utterance usctimit_ema_f1_342, best cost 97.0729 + 2869.75 = 2966.82 over 452 frames.
usctimit_ema_f1_342 sil sh uw w ey s t er z b eh t r f r l d ih s ih ng sil 
LOG (lattice-best-path[5.5.141~1-40a9d]:main():lattice-best-path.cc:99) For utterance usctimit_ema_f1_346, best cost 80.5632 + 2076.19 = 2156.76 over 328 frames.
usctimit_ema_f1_346 sil w ao k ah m ah n iy s t uw n z iy ch iy er sil 
LOG (lattice-best-path[5.5.141~1-40a9d]:main():lattice-best-path.cc:99) For utterance usctimit_ema_f1_347, best cost 112.31 + 2824.29 = 2936.6 over 452 frames.
usctimit_ema_f1_347 sil r jh ah p r n ay d b eh n f iy ch ih g ae sh ao r ih jh sil 
LOG (lattice-best-path[5.5.141~1-40a9d]:main():lattice-best-path.cc:99) For utterance usctimit_ema_f1_356, best cost 66.2471 + 1930.9 = 1997.15 over 302 frames.
usctimit_ema_f1_356 sil dh iy l ay k l hh ae ch aa l er z sil 
LOG (lattice-best-path[5.5.141~1-40a9d]:main():lattice-best-path.cc:99) For utterance usctimit_ema_f1_360, best cost 125.777 + 2990.7 = 3116.47 over 462 frames.
usctimit_ema_f1_360 sil dh iy v ih z dh iy s l iy f r ay d ih k l ae n s er th ih z ah s m l iy sil 
LOG (lattice-best-path[5.5.141~1-40a9d]:main():lattice-best-path.cc:99) For utterance usctimit_ema_f1_362, best cost 82.1927 + 2565.69 = 2647.88 over 430 frames.
usctimit_ema_f1_362 sil dh iy s ih n ah v er w ao l f r n t ih k y er sil 
LOG (lattice-best-path[5.5.141~1-40a9d]:main():lattice-best-path.cc:99) For utterance usctimit_ema_f1_364, best cost 113.298 + 2894.07 = 3007.37 over 457 frames.
usctimit_ema_f1_364 sil dh iy t ae s ih k ae b r d eh k ao z ih k ae t ae f ih t ae n sil 
LOG (lattice-best-path[5.5.141~1-40a9d]:main():lattice-best-path.cc:99) For utterance usctimit_ema_f1_368, best cost 90.6715 + 2783.17 = 2873.84 over 450 frames.
usctimit_ema_f1_368 sil w ih s ah v ae n ah d ih t ih th ih sh ah m er ch sil 
LOG (lattice-best-path[5.5.141~1-40a9d]:main():lattice-best-path.cc:99) For utterance usctimit_ema_f1_382, best cost 123.245 + 3598.77 = 3722.01 over 595 frames.
usctimit_ema_f1_382 sil s ih sh l iy k ah l z ah n eh k ae sh ah l iy ow z ah m ah n ch ah b ih ng sil 
LOG (lattice-best-path[5.5.141~1-40a9d]:main():lattice-best-path.cc:99) For utterance usctimit_ema_f1_394, best cost 115.925 + 3376.98 = 3492.9 over 548 frames.
usctimit_ema_f1_394 sil dh iy z ih g r s ah p w iy s ah n t ih f ay k ah l s m ay er z sil 
LOG (lattice-best-path[5.5.141~1-40a9d]:main():lattice-best-path.cc:99) For utterance usctimit_ema_f1_397, best cost 125.438 + 3136.71 = 3262.14 over 501 frames.
usctimit_ema_f1_397 sil s ah b r ah n ah s ay s k aa k ah n s ah v er f ih g ae k aa b ah t sil 
LOG (lattice-best-path[5.5.141~1-40a9d]:main():lattice-best-path.cc:99) For utterance usctimit_ema_f1_402, best cost 65.6153 + 2444.08 = 2509.7 over 401 frames.
usctimit_ema_f1_402 sil r s ih k ah t ih f r iy ch iy z sil 
LOG (lattice-best-path[5.5.141~1-40a9d]:main():lattice-best-path.cc:99) For utterance usctimit_ema_f1_405, best cost 104.208 + 3163.93 = 3268.13 over 510 frames.
usctimit_ema_f1_405 sil w ey t r d s p r iy s t ae p oy z ih ng r ih ng g r er sil 
LOG (lattice-best-path[5.5.141~1-40a9d]:main():lattice-best-path.cc:99) For utterance usctimit_ema_f1_451, best cost 114.073 + 2885.14 = 2999.21 over 444 frames.
usctimit_ema_f1_451 sil ch ow t ih ng k ah n z ih m ay n iy f r l t ih m ah n s ih ng sil 
LOG (lattice-best-path[5.5.141~1-40a9d]:main():lattice-best-path.cc:99) For utterance usctimit_ema_f1_453, best cost 114.657 + 2958.76 = 3073.41 over 476 frames.
usctimit_ema_f1_453 sil w eh n d er z k w ih ng ih ng z ih ng hh ae v er ch ah b ow p er ah n sil 
LOG (lattice-best-path[5.5.141~1-40a9d]:main():lattice-best-path.cc:99) For utterance usctimit_ema_f1_456, best cost 112.858 + 2739.24 = 2852.1 over 433 frames.
usctimit_ema_f1_456 sil ah m ow s ih d eh k ah l m p ae t uw ae n ah z b aa r d ih ng sil 
LOG (lattice-best-path[5.5.141~1-40a9d]:main():lattice-best-path.cc:99) For utterance usctimit_ema_f1_460, best cost 69.4995 + 2024.83 = 2094.33 over 334 frames.
usctimit_ema_f1_460 sil w ih sh iy t ih sh ah m ah b ih g ah z sil 
LOG (lattice-best-path[5.5.141~1-40a9d]:main():lattice-best-path.cc:99) For utterance usctimit_ema_f5_009, best cost 57.8254 + 2076.06 = 2133.88 over 341 frames.
usctimit_ema_f5_009 sil y uw l aw w er l ay z sil 
LOG (lattice-best-path[5.5.141~1-40a9d]:main():lattice-best-path.cc:99) For utterance usctimit_ema_f5_011, best cost 68.0864 + 2022.93 = 2091.01 over 301 frames.
usctimit_ema_f5_011 sil dh iy r m ah s t ay z ih k ae n sil 
LOG (lattice-best-path[5.5.141~1-40a9d]:main():lattice-best-path.cc:99) For utterance usctimit_ema_f5_017, best cost 99.8933 + 2286.55 = 2386.44 over 328 frames.
usctimit_ema_f5_017 sil aw m ao r iy hh aa m z d f ao z m ae z w ao l sil 
LOG (lattice-best-path[5.5.141~1-40a9d]:main():lattice-best-path.cc:99) For utterance usctimit_ema_f5_019, best cost 78.6714 + 2052.99 = 2131.66 over 308 frames.
usctimit_ema_f5_019 sil ah f ah l f eh t ah t iy f r iy m sil 
LOG (lattice-best-path[5.5.141~1-40a9d]:main():lattice-best-path.cc:99) For utterance usctimit_ema_f5_066, best cost 87.1908 + 2394.24 = 2481.43 over 335 frames.
usctimit_ema_f5_066 sil ae t ah t iy s k eh g ah s t uw f r ey l iy sil 
LOG (lattice-best-path[5.5.141~1-40a9d]:main():lattice-best-path.cc:99) For utterance usctimit_ema_f5_080, best cost 110.322 + 2836.91 = 2947.23 over 417 frames.
usctimit_ema_f5_080 sil dh iy k ah s ah l ey t er jh er t aa p eh k l ae p ay l z sil 
LOG (lattice-best-path[5.5.141~1-40a9d]:main():lattice-best-path.cc:99) For utterance usctimit_ema_f5_081, best cost 109.532 + 2556.72 = 2666.26 over 373 frames.
usctimit_ema_f5_081 sil dh ae s k r ey p r iy s t ae k s ah n z ah n eh n ey sh ah n sil 
LOG (lattice-best-path[5.5.141~1-40a9d]:main():lattice-best-path.cc:99) For utterance usctimit_ema_f5_090, best cost 99.1083 + 2557.55 = 2656.66 over 385 frames.
usctimit_ema_f5_090 sil dh iy n s ih k s ah s ih k l iy d ih l iy f ay l z sil 
LOG (lattice-best-path[5.5.141~1-40a9d]:main():lattice-best-path.cc:99) For utterance usctimit_ema_f5_143, best cost 103.535 + 2980.38 = 3083.91 over 473 frames.
usctimit_ema_f5_143 sil dh iy k ah f r ah s ao f er z ey sh ah s ih s ih sh ah t sil 
LOG (lattice-best-path[5.5.141~1-40a9d]:main():lattice-best-path.cc:99) For utterance usctimit_ema_f5_144, best cost 165.917 + 3838.36 = 4004.28 over 594 frames.
usctimit_ema_f5_144 sil ae s k ow aa t ih z dh iy p ih z eh n t uw jh ah n y uw b ow t uw dh iy hh aa b iy aa n iy z sil 
LOG (lattice-best-path[5.5.141~1-40a9d]:main():lattice-best-path.cc:99) For utterance usctimit_ema_f5_162, best cost 112 + 3071.15 = 3183.15 over 483 frames.
usctimit_ema_f5_162 sil ah s ao k aa jh ih z ah n aw k oy d ih k ey sh ah l sil 
LOG (lattice-best-path[5.5.141~1-40a9d]:main():lattice-best-path.cc:99) For utterance usctimit_ema_f5_163, best cost 118.54 + 3441.5 = 3560.04 over 532 frames.
usctimit_ema_f5_163 sil dh iy ch ah t er z b ay hh iy z ah jh eh n w ao z ah m z f ao r iy sil 
LOG (lattice-best-path[5.5.141~1-40a9d]:main():lattice-best-path.cc:99) For utterance usctimit_ema_f5_164, best cost 82.8109 + 2540.69 = 2623.5 over 405 frames.
usctimit_ema_f5_164 sil dh ih k l uw z d aw n dh iy t uw d sil 
LOG (lattice-best-path[5.5.141~1-40a9d]:main():lattice-best-path.cc:99) For utterance usctimit_ema_f5_174, best cost 84.6931 + 2505.94 = 2590.63 over 386 frames.
usctimit_ema_f5_174 sil s t er hh ae t r ae t ae sh ah n z y er sil 
LOG (lattice-best-path[5.5.141~1-40a9d]:main():lattice-best-path.cc:99) For utterance usctimit_ema_f5_197, best cost 90.9929 + 2505.28 = 2596.27 over 400 frames.
usctimit_ema_f5_197 sil dh iy s m l ah p iy p w ao r m ah m hh aw t sil 
LOG (lattice-best-path[5.5.141~1-40a9d]:main():lattice-best-path.cc:99) For utterance usctimit_ema_f5_208, best cost 86.9054 + 2300.41 = 2387.32 over 373 frames.
usctimit_ema_f5_208 sil dh iy b y uw p oy p ow v ah l t dh iy ow sh ah n sil 
LOG (lattice-best-path[5.5.141~1-40a9d]:main():lattice-best-path.cc:99) For utterance usctimit_ema_f5_233, best cost 177.976 + 4335.24 = 4513.22 over 648 frames.
usctimit_ema_f5_233 sil ae n y uw ey b l iy sil r m ah b ah t r l aw oy d eh k l t ah n s eh t uw f r iy dh iy sil 
LOG (lattice-best-path[5.5.141~1-40a9d]:main():lattice-best-path.cc:99) For utterance usctimit_ema_f5_243, best cost 94.887 + 2357.7 = 2452.59 over 363 frames.
usctimit_ema_f5_243 sil er hh ao l d ey p r n dh iy l b l t ah z sil 
LOG (lattice-best-path[5.5.141~1-40a9d]:main():lattice-best-path.cc:99) For utterance usctimit_ema_f5_244, best cost 94.3139 + 2678.38 = 2772.69 over 412 frames.
usctimit_ema_f5_244 sil dh iy t er f ah m ah d p aw ah f ao r b eh d z sil 
LOG (lattice-best-path[5.5.141~1-40a9d]:main():lattice-best-path.cc:99) For utterance usctimit_ema_f5_272, best cost 102.316 + 2390.56 = 2492.88 over 364 frames.
usctimit_ema_f5_272 sil t ow f l z m ey t ah p aa s ah s oy b iy d z sil 
LOG (lattice-best-path[5.5.141~1-40a9d]:main():lattice-best-path.cc:99) For utterance usctimit_ema_f5_281, best cost 165.25 + 3803.61 = 3968.86 over 565 frames.
usctimit_ema_f5_281 sil w ay d ay er z ih s ah p l k ah v iy w oy n f ao r m ah p er k aa k ah n s ah g eh t sil 
LOG (lattice-best-path[5.5.141~1-40a9d]:main():lattice-best-path.cc:99) For utterance usctimit_ema_f5_304, best cost 156.628 + 4354.85 = 4511.47 over 667 frames.
usctimit_ema_f5_304 sil g eh s aa p ay t iy z m eh k w uh d ah n aa t ih z ih k w ey n eh sh ah l f ao r z sil 
LOG (lattice-best-path[5.5.141~1-40a9d]:main():lattice-best-path.cc:99) For utterance usctimit_ema_f5_307, best cost 97.8331 + 2669.65 = 2767.48 over 418 frames.
usctimit_ema_f5_307 sil t uw ch ah n t ah t eh d ih g uw s p aw t l sil 
LOG (lattice-best-path[5.5.141~1-40a9d]:main():lattice-best-path.cc:99) For utterance usctimit_ema_f5_329, best cost 116.974 + 3276 = 3392.97 over 535 frames.
usctimit_ema_f5_329 sil dh iy k aw w aa n d er f r m f r m ay n dh iy hh iy m ao s sil 
LOG (lattice-best-path[5.5.141~1-40a9d]:main():lattice-best-path.cc:99) For utterance usctimit_ema_f5_330, best cost 182.946 + 4178.43 = 4361.37 over 611 frames.
usctimit_ema_f5_330 sil dh iy t ah n t ay m iy d ah m ao s k ow n s ay d ah b ih k ah b r ih k ae n iy z iy s ah s t ah m p r t sil 
LOG (lattice-best-path[5.5.141~1-40a9d]:main():lattice-best-path.cc:99) For utterance usctimit_ema_f5_334, best cost 130.161 + 3482.74 = 3612.9 over 536 frames.
usctimit_ema_f5_334 sil w ey s k aa s t iy m iy b l ae k ae s t iy k ah t iy l d ae n sil 
LOG (lattice-best-path[5.5.141~1-40a9d]:main():lattice-best-path.cc:99) For utterance usctimit_ema_f5_336, best cost 106.32 + 2579.27 = 2685.59 over 396 frames.
usctimit_ema_f5_336 sil ae n oy s p aa n g er z m ao r ah n oy iy ch t ey sil 
LOG (lattice-best-path[5.5.141~1-40a9d]:main():lattice-best-path.cc:99) For utterance usctimit_ema_f5_343, best cost 129.201 + 3184.32 = 3313.52 over 506 frames.
usctimit_ema_f5_343 sil ah jh ah s ah jh ah m y uw d ih n y uw r k y uw aa jh ih k ah n iy z iy m sil 
LOG (lattice-best-path[5.5.141~1-40a9d]:main():lattice-best-path.cc:99) For utterance usctimit_ema_f5_348, best cost 112.26 + 2896.07 = 3008.33 over 455 frames.
usctimit_ema_f5_348 sil dh iy k aa t ih k ey n ih sh eh p r er ao r iy jh ah b ah d sil 
LOG (lattice-best-path[5.5.141~1-40a9d]:main():lattice-best-path.cc:99) For utterance usctimit_ema_f5_349, best cost 68.4862 + 2505.3 = 2573.78 over 405 frames.
usctimit_ema_f5_349 sil dh iy sh ah s k er f r jh oy z sil 
LOG (lattice-best-path[5.5.141~1-40a9d]:main():lattice-best-path.cc:99) For utterance usctimit_ema_f5_354, best cost 144.336 + 4367.3 = 4511.64 over 679 frames.
usctimit_ema_f5_354 w eh v er dh iy g r m ay t ah p eh sh ah m ay z ih z sil ah l ah n d sil 
LOG (lattice-best-path[5.5.141~1-40a9d]:main():lattice-best-path.cc:99) For utterance usctimit_ema_f5_356, best cost 63.3452 + 1550.97 = 1614.32 over 219 frames.
usctimit_ema_f5_356 sil dh iy l ay k aa n dh iy l ey 
LOG (lattice-best-path[5.5.141~1-40a9d]:main():lattice-best-path.cc:99) For utterance usctimit_ema_f5_369, best cost 134.82 + 3382.58 = 3517.4 over 537 frames.
usctimit_ema_f5_369 sil dh er z ah jh ay ae t ih k w ao s t ih k s t er ih ng z dh iy t aa p ae t sil 
LOG (lattice-best-path[5.5.141~1-40a9d]:main():lattice-best-path.cc:99) For utterance usctimit_ema_f5_375, best cost 104.055 + 2864.15 = 2968.21 over 435 frames.
usctimit_ema_f5_375 sil ay er sh ah n t er z iy ch er s p er ch er b r ah s t sil 
LOG (lattice-best-path[5.5.141~1-40a9d]:main():lattice-best-path.cc:99) For utterance usctimit_ema_f5_389, best cost 153.16 + 3693.82 = 3846.98 over 553 frames.
usctimit_ema_f5_389 sil dh iy f ih ch er k ah n ey n dh iy t ih s t er k ah t iy z dh iy t uw s iy p iy t ih z sil 
LOG (lattice-best-path[5.5.141~1-40a9d]:main():lattice-best-path.cc:99) For utterance usctimit_ema_f5_392, best cost 132.768 + 3683.32 = 3816.09 over 574 frames.
usctimit_ema_f5_392 sil dh er ch ah n eh s t ah m p ay k ih k aa m z ah n s ah s ah l ih sh uw z sil 
LOG (lattice-best-path[5.5.141~1-40a9d]:main():lattice-best-path.cc:99) For utterance usctimit_ema_f5_396, best cost 154.679 + 3524.38 = 3679.06 over 518 frames.
usctimit_ema_f5_396 sil dh iy ae t ay z ih ng g er s t ah v p r m ah v er ay n iy s t r n eh v er ch ey n d ih z sil 
LOG (lattice-best-path[5.5.141~1-40a9d]:main():lattice-best-path.cc:99) For utterance usctimit_ema_f5_406, best cost 140.81 + 3337.19 = 3478 over 512 frames.
usctimit_ema_f5_406 sil dh iy s ih g ow f ao r s ih z ih l iy ow v er w ao m b ay t ah ch ow n d iy z sil 
LOG (lattice-best-path[5.5.141~1-40a9d]:main():lattice-best-path.cc:99) For utterance usctimit_ema_f5_424, best cost 75.3553 + 2315.93 = 2391.28 over 379 frames.
usctimit_ema_f5_424 sil dh iy p iy p l ah t uw b iy hh ae n er d sil 
LOG (lattice-best-path[5.5.141~1-40a9d]:main():lattice-best-path.cc:99) For utterance usctimit_ema_f5_426, best cost 91.5548 + 2391.83 = 2483.38 over 335 frames.
usctimit_ema_f5_426 sil dh iy z iy ow z ah l z ih s w iy p iy z iy ah 
LOG (lattice-best-path[5.5.141~1-40a9d]:main():lattice-best-path.cc:99) For utterance usctimit_ema_f5_431, best cost 122.11 + 2805.2 = 2927.31 over 427 frames.
usctimit_ema_f5_431 sil w aa p aa f ao r m ah z ey sh ah z ah f ih k ae f ah n er z er z sil 
LOG (lattice-best-path[5.5.141~1-40a9d]:main():lattice-best-path.cc:99) For utterance usctimit_ema_f5_436, best cost 114.117 + 2686.14 = 2800.26 over 405 frames.
usctimit_ema_f5_436 sil hh er s p er th iy f r k ah m ey k er z ah n ih ng s t ih ng sil 
LOG (lattice-best-path[5.5.141~1-40a9d]:main():lattice-best-path.cc:99) For utterance usctimit_ema_f5_438, best cost 134.946 + 3290.71 = 3425.66 over 498 frames.
usctimit_ema_f5_438 sil dh iy p ay ao t r ey m ao l ey n t ih k ah p iy v er z dh iy t r d ih sh ah n sil 
LOG (lattice-best-path[5.5.141~1-40a9d]:main():lattice-best-path.cc:99) For utterance usctimit_ema_f5_447, best cost 148.02 + 3496.85 = 3644.87 over 536 frames.
usctimit_ema_f5_447 sil r m ah n ih z iy t ah n ah v er k s ay dh iy n dh iy b ay s t iy n t ow v er sil 
LOG (lattice-best-path[5.5.141~1-40a9d]:main():lattice-best-path.cc:99) For utterance usctimit_ema_f5_451, best cost 152.173 + 3678.31 = 3830.48 over 533 frames.
usctimit_ema_f5_451 sil t l r iy ch ah l ih ng f ah s uw m ah n iy f er w er l t ah m ah n s ih ng sil 
LOG (lattice-best-path[5.5.141~1-40a9d]:main():lattice-best-path.cc:99) For utterance usctimit_ema_m1_006, best cost 90.346 + 2441.78 = 2532.12 over 381 frames.
usctimit_ema_m1_006 sil w ay y ao l w ao r iy f r s ah l iy ae t ah m z sil 
LOG (lattice-best-path[5.5.141~1-40a9d]:main():lattice-best-path.cc:99) For utterance usctimit_ema_m1_010, best cost 63.1905 + 1875.03 = 1938.22 over 306 frames.
usctimit_ema_m1_010 sil w ao r aa r w ao r iy ow l ih l iy sil 
LOG (lattice-best-path[5.5.141~1-40a9d]:main():lattice-best-path.cc:99) For utterance usctimit_ema_m1_012, best cost 110.488 + 2934.22 = 3044.7 over 456 frames.
usctimit_ema_m1_012 sil dh iy f ao f er z ih z ih z ae m er v y uw v er f ao m ah l sil 
LOG (lattice-best-path[5.5.141~1-40a9d]:main():lattice-best-path.cc:99) For utterance usctimit_ema_m1_051, best cost 103.493 + 2792.71 = 2896.2 over 421 frames.
usctimit_ema_m1_051 sil dh ih k aa k er b iy sh ah l iy k r dh iy p ih sh iy ey d sil 
LOG (lattice-best-path[5.5.141~1-40a9d]:main():lattice-best-path.cc:99) For utterance usctimit_ema_m1_090, best cost 93.6918 + 2318.29 = 2411.98 over 356 frames.
usctimit_ema_m1_090 sil y uw m ah s ih s p l s ah l iy b ah l iy f ay l z sil 
LOG (lattice-best-path[5.5.141~1-40a9d]:main():lattice-best-path.cc:99) For utterance usctimit_ema_m1_095, best cost 107.497 + 2720.77 = 2828.27 over 420 frames.
usctimit_ema_m1_095 sil dh iy b eh s w ey t ah l er s ah s ah l ch er p r aa b l z sil 
LOG (lattice-best-path[5.5.141~1-40a9d]:main():lattice-best-path.cc:99) For utterance usctimit_ema_m1_098, best cost 92.5534 + 2630.02 = 2722.58 over 421 frames.
usctimit_ema_m1_098 sil ah m ah s y uw r ae t ah n s k ih f r iy b ae t sil 
LOG (lattice-best-path[5.5.141~1-40a9d]:main():lattice-best-path.cc:99) For utterance usctimit_ema_m1_099, best cost 107.162 + 3051.95 = 3159.12 over 495 frames.
usctimit_ema_m1_099 sil dh iy k aa t uw f iy ch er z ah m ah s p r ae k ah t ae p l sil 
LOG (lattice-best-path[5.5.141~1-40a9d]:main():lattice-best-path.cc:99) For utterance usctimit_ema_m1_137, best cost 131.818 + 3208.71 = 3340.53 over 499 frames.
usctimit_ema_m1_137 sil k ah l th ih k ae k ah t uw z jh eh jh p ay s t ae n er w ay s t ae s sil 
LOG (lattice-best-path[5.5.141~1-40a9d]:main():lattice-best-path.cc:99) For utterance usctimit_ema_m1_139, best cost 117.036 + 3495.78 = 3612.81 over 571 frames.
usctimit_ema_m1_139 sil w er k ah n t ey n t uw m ah ch k ao r iy n s aw n d ih z ay z sil 
LOG (lattice-best-path[5.5.141~1-40a9d]:main():lattice-best-path.cc:99) For utterance usctimit_ema_m1_145, best cost 146.265 + 3554.46 = 3700.73 over 546 frames.
usctimit_ema_m1_145 sil eh s ah p r k aa sh ah n iy l w ao z b ay b ah n hh aw er f r dh iy s t aa k l sil 
LOG (lattice-best-path[5.5.141~1-40a9d]:main():lattice-best-path.cc:99) For utterance usctimit_ema_m1_158, best cost 149.513 + 3617.39 = 3766.9 over 573 frames.
usctimit_ema_m1_158 sil b ay n f er b r d hh ao r f r k ao r z ah n t w ih sh ah n ah n eh k s p r t iy z sil 
LOG (lattice-best-path[5.5.141~1-40a9d]:main():lattice-best-path.cc:99) For utterance usctimit_ema_m1_160, best cost 148.74 + 3310.68 = 3459.42 over 512 frames.
usctimit_ema_m1_160 sil ch ih ng k er jh t er ch ah l d ah n t ah m ey t eh r ow hh aw w ih ng k aa s t ih n sil 
LOG (lattice-best-path[5.5.141~1-40a9d]:main():lattice-best-path.cc:99) For utterance usctimit_ema_m1_162, best cost 103.406 + 3153.72 = 3257.12 over 506 frames.
usctimit_ema_m1_162 sil ah m ao s t ah l k ah l d ih z ah n ow k ow ch ey sh ah l sil 
LOG (lattice-best-path[5.5.141~1-40a9d]:main():lattice-best-path.cc:99) For utterance usctimit_ema_m1_164, best cost 64.8263 + 2522.54 = 2587.36 over 407 frames.
usctimit_ema_m1_164 sil hh ih k uw z aa n dh iy t uw sil 
LOG (lattice-best-path[5.5.141~1-40a9d]:main():lattice-best-path.cc:99) For utterance usctimit_ema_m1_166, best cost 76.3461 + 2288.36 = 2364.7 over 380 frames.
usctimit_ema_m1_166 sil dh iy k ae k s m iy l z hh er w iy er z sil 
LOG (lattice-best-path[5.5.141~1-40a9d]:main():lattice-best-path.cc:99) For utterance usctimit_ema_m1_169, best cost 66.8929 + 2061.35 = 2128.24 over 346 frames.
usctimit_ema_m1_169 sil dh iy aa f ih ng g ow aw n iy d ih ng sil 
LOG (lattice-best-path[5.5.141~1-40a9d]:main():lattice-best-path.cc:99) For utterance usctimit_ema_m1_179, best cost 81.5845 + 2243.71 = 2325.29 over 365 frames.
usctimit_ema_m1_179 sil k aa r iy ch k r ae f ah n uw ae k s ih z sil 
LOG (lattice-best-path[5.5.141~1-40a9d]:main():lattice-best-path.cc:99) For utterance usctimit_ema_m1_183, best cost 110.166 + 3314.34 = 3424.5 over 544 frames.
usctimit_ema_m1_183 sil ah p r ch er ch er v iy w ih s t ae ch uw s k ah p ow zh er sil 
LOG (lattice-best-path[5.5.141~1-40a9d]:main():lattice-best-path.cc:99) For utterance usctimit_ema_m1_193, best cost 135.985 + 3387.95 = 3523.93 over 545 frames.
usctimit_ema_m1_193 sil ay d ey v ah n s er v er ch oy z ih z ah m ah p ah n t ae t p r ay ao r iy z sil 
LOG (lattice-best-path[5.5.141~1-40a9d]:main():lattice-best-path.cc:99) For utterance usctimit_ema_m1_204, best cost 67.1548 + 2046.15 = 2113.3 over 353 frames.
usctimit_ema_m1_204 sil hh aa g uh d ih jh er n d er n z sil 
LOG (lattice-best-path[5.5.141~1-40a9d]:main():lattice-best-path.cc:99) For utterance usctimit_ema_m1_209, best cost 66.1524 + 2071.62 = 2137.77 over 352 frames.
usctimit_ema_m1_209 sil w ih l th ih ng f er p oy n ah n sil 
LOG (lattice-best-path[5.5.141~1-40a9d]:main():lattice-best-path.cc:99) For utterance usctimit_ema_m1_224, best cost 83.5164 + 2509.36 = 2592.88 over 406 frames.
usctimit_ema_m1_224 sil ay ey t ah f r oy s t er n ao z p l iy sil 
LOG (lattice-best-path[5.5.141~1-40a9d]:main():lattice-best-path.cc:99) For utterance usctimit_ema_m1_229, best cost 92.4906 + 2471.11 = 2563.6 over 395 frames.
usctimit_ema_m1_229 sil m ay dh iy w ih ng ih g ah n s ah hh aa k aa f iy sil 
LOG (lattice-best-path[5.5.141~1-40a9d]:main():lattice-best-path.cc:99) For utterance usctimit_ema_m1_237, best cost 112.56 + 2884.87 = 2997.43 over 450 frames.
usctimit_ema_m1_237 sil w ih s aa p iy t ay m iy ay s ih k l z b ah l w ao r uw f sil 
LOG (lattice-best-path[5.5.141~1-40a9d]:main():lattice-best-path.cc:99) For utterance usctimit_ema_m1_265, best cost 123.304 + 3004.64 = 3127.94 over 470 frames.
usctimit_ema_m1_265 sil p iy t ey t ih s t er iy t ih b ah p aa t uw k ih ng er z f ao r iy sil 
LOG (lattice-best-path[5.5.141~1-40a9d]:main():lattice-best-path.cc:99) For utterance usctimit_ema_m1_269, best cost 113.105 + 2959.97 = 3073.08 over 491 frames.
usctimit_ema_m1_269 sil ay b r ah v er m ah p ay dh ow sh uw z ah n dh iy v er ch er ch sil 
LOG (lattice-best-path[5.5.141~1-40a9d]:main():lattice-best-path.cc:99) For utterance usctimit_ema_m1_277, best cost 83.4254 + 2000.92 = 2084.35 over 337 frames.
usctimit_ema_m1_277 sil dh iy m iy d ih ng dh ih z ah n aw er jh er n z sil 
LOG (lattice-best-path[5.5.141~1-40a9d]:main():lattice-best-path.cc:99) For utterance usctimit_ema_m1_302, best cost 168.902 + 4588.43 = 4757.33 over 706 frames.
usctimit_ema_m1_302 sil ah l ah n aa t ah l m ey l ah t uw n s t iy k ah n aa s uw b l f r iy ih ng sh ah l f ey sh sil 
LOG (lattice-best-path[5.5.141~1-40a9d]:main():lattice-best-path.cc:99) For utterance usctimit_ema_m1_303, best cost 96.1279 + 2519.93 = 2616.06 over 415 frames.
usctimit_ema_m1_303 sil aa f ah n iy g ah p ae k ao r ih n iy p uh d ey n sil 
LOG (lattice-best-path[5.5.141~1-40a9d]:main():lattice-best-path.cc:99) For utterance usctimit_ema_m1_317, best cost 160.55 + 4459.93 = 4620.48 over 731 frames.
usctimit_ema_m1_317 sil m ah n iy w ao f iy t ay k uw s w er sh ah n b aa p ow th ih g aa p ae n d ah s t uw er sil 
LOG (lattice-best-path[5.5.141~1-40a9d]:main():lattice-best-path.cc:99) For utterance usctimit_ema_m1_320, best cost 109.954 + 2888.04 = 2997.99 over 468 frames.
usctimit_ema_m1_320 sil dh iy k aa s ao r w ao l ah n jh oy d ih sh ah l f ih sh t ih sh sil 
LOG (lattice-best-path[5.5.141~1-40a9d]:main():lattice-best-path.cc:99) For utterance usctimit_ema_m1_322, best cost 103.138 + 2533.89 = 2637.03 over 422 frames.
usctimit_ema_m1_322 sil ah l f ah n z aa n t ah l jh ah d r iy n ae m l z sil 
LOG (lattice-best-path[5.5.141~1-40a9d]:main():lattice-best-path.cc:99) For utterance usctimit_ema_m1_336, best cost 125.717 + 3023.89 = 3149.6 over 475 frames.
usctimit_ema_m1_336 sil dh ae n oy s p r ah m g ow z r ow z m ao r m oy ih ng iy ch ey sil 
LOG (lattice-best-path[5.5.141~1-40a9d]:main():lattice-best-path.cc:99) For utterance usctimit_ema_m1_338, best cost 109.519 + 3117.04 = 3226.56 over 511 frames.
usctimit_ema_m1_338 sil dh ae t ay d r m ey k s ah n z ah l iy f er m ah s eh v iy sil 
LOG (lattice-best-path[5.5.141~1-40a9d]:main():lattice-best-path.cc:99) For utterance usctimit_ema_m1_340, best cost 80.1656 + 1989.65 = 2069.81 over 316 frames.
usctimit_ema_m1_340 sil jh ao ng k ih ng sh ah l f ih f ao l ih ng sil 
LOG (lattice-best-path[5.5.141~1-40a9d]:main():lattice-best-path.cc:99) For utterance usctimit_ema_m1_344, best cost 110.635 + 2703.89 = 2814.53 over 454 frames.
usctimit_ema_m1_344 sil hh ae m b y uw s t r ay v ih ng l s ah n t ah n dh er z ey z sil 
LOG (lattice-best-path[5.5.141~1-40a9d]:main():lattice-best-path.cc:99) For utterance usctimit_ema_m1_347, best cost 120.634 + 2996.07 = 3116.71 over 467 frames.
usctimit_ema_m1_347 sil t er z ah s p er w uh d b aa p ah f y uw sh er k ae ch er ih jh sil 
LOG (lattice-best-path[5.5.141~1-40a9d]:main():lattice-best-path.cc:99) For utterance usctimit_ema_m1_350, best cost 100.013 + 2123.55 = 2223.56 over 337 frames.
usctimit_ema_m1_350 sil hh ih sh ah l er f ah l th ih z ih v er w ah b er p ah n sil 
LOG (lattice-best-path[5.5.141~1-40a9d]:main():lattice-best-path.cc:99) For utterance usctimit_ema_m1_360, best cost 153.053 + 3294.08 = 3447.13 over 500 frames.
usctimit_ema_m1_360 sil dh iy f ih sh iy ae z ah l iy p f r ah t ih k l iy l s t er f ih s ah v ah s m l ey k sil 
LOG (lattice-best-path[5.5.141~1-40a9d]:main():lattice-best-path.cc:99) For utterance usctimit_ema_m1_361, best cost 110.106 + 2436.67 = 2546.77 over 383 frames.
usctimit_ema_m1_361 sil t ih n t ey sh y uw l th ih s iy m uw dh iy s t w ih s w iy sil 
LOG (lattice-best-path[5.5.141~1-40a9d]:main():lattice-best-path.cc:99) For utterance usctimit_ema_m1_367, best cost 107.363 + 2987.3 = 3094.66 over 492 frames.
usctimit_ema_m1_367 sil b aa r b er p ey p er n dh iy s ah b iy b aa n f ay er sil 
LOG (lattice-best-path[5.5.141~1-40a9d]:main():lattice-best-path.cc:99) For utterance usctimit_ema_m1_368, best cost 108.382 + 2940.19 = 3048.57 over 474 frames.
usctimit_ema_m1_368 sil k ao sh ah v er hh ae v n ow t uw f ih sh ah n w ih ch sil 
LOG (lattice-best-path[5.5.141~1-40a9d]:main():lattice-best-path.cc:99) For utterance usctimit_ema_m1_375, best cost 115.849 + 2961.58 = 3077.43 over 464 frames.
usctimit_ema_m1_375 sil ay r sh ow ch er z iy f r jh t ah p er s er b r k ah z sil 
LOG (lattice-best-path[5.5.141~1-40a9d]:main():lattice-best-path.cc:99) For utterance usctimit_ema_m1_394, best cost 119.433 + 3461.04 = 3580.48 over 547 frames.
usctimit_ema_m1_394 sil dh iy z ah n ih g r s ah p l iy s ah n t f ay k aa t s m ow v er z sil 
LOG (lattice-best-path[5.5.141~1-40a9d]:main():lattice-best-path.cc:99) For utterance usctimit_ema_m1_400, best cost 106.365 + 2462.8 = 2569.17 over 382 frames.
usctimit_ema_m1_400 sil w ih z ah s l aa r ch eh ng b ay dh iy aa r ih ng ao r d sil 
LOG (lattice-best-path[5.5.141~1-40a9d]:main():lattice-best-path.cc:99) For utterance usctimit_ema_m1_432, best cost 51.2903 + 1701.43 = 1752.72 over 285 frames.
usctimit_ema_m1_432 sil ah l aw l iy w ey er sil 
LOG (lattice-best-path[5.5.141~1-40a9d]:main():lattice-best-path.cc:99) For utterance usctimit_ema_m3_010, best cost 62.423 + 2028.5 = 2090.92 over 327 frames.
usctimit_ema_m3_010 sil w ao r aa r w er y ah l ah l iy sil 
LOG (lattice-best-path[5.5.141~1-40a9d]:main():lattice-best-path.cc:99) For utterance usctimit_ema_m3_044, best cost 102.43 + 3150.56 = 3253 over 472 frames.
usctimit_ema_m3_044 sil dh iy l ay k ah v iy k ah p aa b ah jh eh t r ah n s ah z sil 
LOG (lattice-best-path[5.5.141~1-40a9d]:main():lattice-best-path.cc:99) For utterance usctimit_ema_m3_068, best cost 88.0239 + 2773.49 = 2861.52 over 441 frames.
usctimit_ema_m3_068 sil dh iy s ah p aa s l g ow p y aa p er s iy sil 
LOG (lattice-best-path[5.5.141~1-40a9d]:main():lattice-best-path.cc:99) For utterance usctimit_ema_m3_071, best cost 115.735 + 2999.59 = 3115.32 over 439 frames.
usctimit_ema_m3_071 sil k aa p r ih sh ah m ao z ah n ih s t ae n iy l iy dh iy t s p iy sil 
LOG (lattice-best-path[5.5.141~1-40a9d]:main():lattice-best-path.cc:99) For utterance usctimit_ema_m3_080, best cost 102.4 + 3001.21 = 3103.61 over 411 frames.
usctimit_ema_m3_080 sil ih g ow z ae l iy zh er ch aa k ah k ao r t ay l z sil 
LOG (lattice-best-path[5.5.141~1-40a9d]:main():lattice-best-path.cc:99) For utterance usctimit_ema_m3_101, best cost 75.5066 + 2095.52 = 2171.03 over 307 frames.
usctimit_ema_m3_101 sil k ae f ih s er w ih ng ao f t ey n t sil 
LOG (lattice-best-path[5.5.141~1-40a9d]:main():lattice-best-path.cc:99) For utterance usctimit_ema_m3_113, best cost 86.7134 + 2470.21 = 2556.92 over 382 frames.
usctimit_ema_m3_113 sil w aa t ah f ao r m uw dh iy s ah s ah t eh l z sil 
LOG (lattice-best-path[5.5.141~1-40a9d]:main():lattice-best-path.cc:99) For utterance usctimit_ema_m3_129, best cost 96.5881 + 2639.73 = 2736.32 over 411 frames.
usctimit_ema_m3_129 sil t uw m ay s t er ae s ih k ah g y ah n iy ch aa l sil 
LOG (lattice-best-path[5.5.141~1-40a9d]:main():lattice-best-path.cc:99) For utterance usctimit_ema_m3_141, best cost 95.8111 + 2400.56 = 2496.37 over 354 frames.
usctimit_ema_m3_141 sil r m uw dh iy s p ah n d w ih th ih p er t iy z ah z sil 
LOG (lattice-best-path[5.5.141~1-40a9d]:main():lattice-best-path.cc:99) For utterance usctimit_ema_m3_147, best cost 86.3355 + 2819.12 = 2905.46 over 438 frames.
usctimit_ema_m3_147 sil dh er m ey n ay f ao f r ae n d b ae n z sil 
LOG (lattice-best-path[5.5.141~1-40a9d]:main():lattice-best-path.cc:99) For utterance usctimit_ema_m3_192, best cost 104.611 + 2832.43 = 2937.04 over 428 frames.
usctimit_ema_m3_192 sil ah l dh iy b eh s p eh sh ah jh oy p aa g w eh r iy sil 
LOG (lattice-best-path[5.5.141~1-40a9d]:main():lattice-best-path.cc:99) For utterance usctimit_ema_m3_203, best cost 92.5899 + 2651.88 = 2744.47 over 419 frames.
usctimit_ema_m3_203 sil dh iy p ah b ah jh ah b aa t ey b ow m ah g r ow zh sil 
LOG (lattice-best-path[5.5.141~1-40a9d]:main():lattice-best-path.cc:99) For utterance usctimit_ema_m3_260, best cost 136.269 + 2900.05 = 3036.32 over 446 frames.
usctimit_ema_m3_260 sil r sh f ay z eh k aw m ay n d r ay ah n er b r ow sh ah n ah m ae t ah l sil 
LOG (lattice-best-path[5.5.141~1-40a9d]:main():lattice-best-path.cc:99) For utterance usctimit_ema_m3_267, best cost 109.053 + 3321.05 = 3430.1 over 519 frames.
usctimit_ema_m3_267 sil ih s k ae k ah s m ao r l ae v er ey n jh ah b iy t uw sil 
LOG (lattice-best-path[5.5.141~1-40a9d]:main():lattice-best-path.cc:99) For utterance usctimit_ema_m3_282, best cost 152.639 + 4321.36 = 4474 over 657 frames.
usctimit_ema_m3_282 sil dh iy ae t er z ah b iy s ih f ao r ey t iy th ih ng g ah n t er k er f l iy f r s t sil 
LOG (lattice-best-path[5.5.141~1-40a9d]:main():lattice-best-path.cc:99) For utterance usctimit_ema_m3_300, best cost 93.4361 + 2886.37 = 2979.81 over 450 frames.
usctimit_ema_m3_300 sil dh iy b ih g aa l ah t uw aa n iy l r ay d ao l sil 
LOG (lattice-best-path[5.5.141~1-40a9d]:main():lattice-best-path.cc:99) For utterance usctimit_ema_m3_316, best cost 167.809 + 3819.53 = 3987.34 over 569 frames.
usctimit_ema_m3_316 sil dh iy p r iy s t uw r k ah n d r oy s er f y ah l ih ng z b aa b iy m er d z ih k ah n d ih sh ah n z sil 
LOG (lattice-best-path[5.5.141~1-40a9d]:main():lattice-best-path.cc:99) For utterance usctimit_ema_m3_320, best cost 100.504 + 2911.1 = 3011.61 over 447 frames.
usctimit_ema_m3_320 sil ah k aa s ao r ow n jh oy ih sh ah l th ih sh t ih sh sil 
LOG (lattice-best-path[5.5.141~1-40a9d]:main():lattice-best-path.cc:99) For utterance usctimit_ema_m3_335, best cost 106.496 + 3063.55 = 3170.04 over 449 frames.
usctimit_ema_m3_335 sil b aa p ih p r ow b ow g r ow dh iy er n er l z sil 
LOG (lattice-best-path[5.5.141~1-40a9d]:main():lattice-best-path.cc:99) For utterance usctimit_ema_m3_336, best cost 102.957 + 2514.21 = 2617.17 over 372 frames.
usctimit_ema_m3_336 sil dh ae n oy z aa m er z m ao r n oy n iy ch b eh n sil 
LOG (lattice-best-path[5.5.141~1-40a9d]:main():lattice-best-path.cc:99) For utterance usctimit_ema_m3_338, best cost 111.54 + 3193.28 = 3304.82 over 500 frames.
usctimit_ema_m3_338 sil dh eh d ay r eh m ey k s ah n s ah l ae t er m ah ch ah b iy sil 
LOG (lattice-best-path[5.5.141~1-40a9d]:main():lattice-best-path.cc:99) For utterance usctimit_ema_m3_339, best cost 93.9137 + 2670.45 = 2764.37 over 423 frames.
usctimit_ema_m3_339 sil ah b ao r n aa l ah s ah p er s ih d ih ng k ah l sil 
LOG (lattice-best-path[5.5.141~1-40a9d]:main():lattice-best-path.cc:99) For utterance usctimit_ema_m3_357, best cost 114.624 + 3090.83 = 3205.46 over 462 frames.
usctimit_ema_m3_357 sil dh iy ae m aw s k ae f r ih k r s ih th iy l ih s t iy er d sil 
LOG (lattice-best-path[5.5.141~1-40a9d]:main():lattice-best-path.cc:99) For utterance usctimit_ema_m3_359, best cost 91.3811 + 2551.48 = 2642.86 over 389 frames.
usctimit_ema_m3_359 sil k aw s ih m ey t b ow n s ah n t iy s r l sil 
LOG (lattice-best-path[5.5.141~1-40a9d]:main():lattice-best-path.cc:99) For utterance usctimit_ema_m3_379, best cost 107.337 + 3158.65 = 3265.99 over 477 frames.
usctimit_ema_m3_379 sil ay er s ih s ih z y uw z ah l ah n s t ae n ih sh iy p er z sil 
LOG (lattice-best-path[5.5.141~1-40a9d]:main():lattice-best-path.cc:99) For utterance usctimit_ema_m3_385, best cost 90.7578 + 2258.77 = 2349.53 over 354 frames.
usctimit_ema_m3_385 sil eh v ih k ae m iy t ih p ey d ih g aa f ah n sil 
LOG (lattice-best-path[5.5.141~1-40a9d]:main():lattice-best-path.cc:99) For utterance usctimit_ema_m3_390, best cost 119.444 + 2896.58 = 3016.03 over 428 frames.
usctimit_ema_m3_390 sil dh iy ow ao r iy ch aa r k ih s ah p oy z ah n d eh n iy ow n s t iy sil 
LOG (lattice-best-path[5.5.141~1-40a9d]:main():lattice-best-path.cc:99) For utterance usctimit_ema_m3_423, best cost 120.877 + 3322.55 = 3443.43 over 495 frames.
usctimit_ema_m3_423 sil dh iy g ow z ah f r t ow s aa r ae t ow sh er sh ah n ah n f r sil 
LOG (lattice-best-path[5.5.141~1-40a9d]:main():lattice-best-path.cc:99) For utterance usctimit_ema_m3_434, best cost 57.7657 + 1805.15 = 1862.91 over 285 frames.
usctimit_ema_m3_434 sil r eh sh l ay z ah l er z sil 
LOG (lattice-best-path[5.5.141~1-40a9d]:main():lattice-best-path.cc:99) For utterance usctimit_ema_m3_438, best cost 125.547 + 3300.69 = 3426.23 over 495 frames.
usctimit_ema_m3_438 sil dh iy p ay aa t er m aa l ih n t ih k ah p y uw s iy t er k w ih sh ah n sil 
LOG (lattice-best-path[5.5.141~1-40a9d]:main():lattice-best-path.cc:99) For utterance usctimit_ema_m3_442, best cost 92.8285 + 2610.31 = 2703.13 over 404 frames.
usctimit_ema_m3_442 sil w ih p l iy ch iy s p ah n d ih jh ah l ih s p r iy sil 
LOG (lattice-best-path[5.5.141~1-40a9d]:main():lattice-best-path.cc:99) For utterance usctimit_ema_m3_444, best cost 149.592 + 3967.37 = 4116.96 over 603 frames.
usctimit_ema_m3_444 sil r aa m ey t ae g r ey n uw aa sh uh d ih n er ah n iy s p r iy p ay f r d z er sil 
LOG (lattice-best-path[5.5.141~1-40a9d]:main():lattice-best-path.cc:99) For utterance usctimit_ema_m3_457, best cost 139.492 + 3617.93 = 3757.42 over 560 frames.
usctimit_ema_m3_457 sil k aa f y uw z g r ah n s t iy jh ah m l ih k s ow s ah n t ah b r s ah n z sil 
LOG (lattice-scale[5.5.141~1-40a9d]:main():lattice-scale.cc:107) Done 183 lattices.
LOG (lattice-best-path[5.5.141~1-40a9d]:main():lattice-best-path.cc:99) For utterance usctimit_ema_m3_458, best cost 128.299 + 3507.19 = 3635.49 over 535 frames.
usctimit_ema_m3_458 sil dh eh s t ih ng d ey p r w ih s k aa b ay k w ay d ey p er z ey sh t sil 
LOG (lattice-add-penalty[5.5.141~1-40a9d]:main():lattice-add-penalty.cc:62) Done adding word insertion penalty to 183 lattices.
LOG (lattice-best-path[5.5.141~1-40a9d]:main():lattice-best-path.cc:99) For utterance usctimit_ema_m3_460, best cost 68.1021 + 3118.23 = 3186.33 over 497 frames.
usctimit_ema_m3_460 sil w ih ch iy eh sh ah l ey t uw z sil 
LOG (lattice-best-path[5.5.141~1-40a9d]:main():lattice-best-path.cc:124) Overall cost per frame is 6.6207 = 0.236746 [graph] + 6.38395 [acoustic] over 81821 frames.
LOG (lattice-best-path[5.5.141~1-40a9d]:main():lattice-best-path.cc:128) Done 183 lattices, failed for 0
# Accounting: time=5 threads=1
# Ended (code 0) at Mon Dec 24 21:08:51 EET 2018, elapsed time 5 seconds
