# lattice-scale --inv-acoustic-scale=10 "ark:gunzip -c exp/bg/mono/decode/lat.*.gz|" ark:- | lattice-add-penalty --word-ins-penalty=0.0 ark:- ark:- | lattice-best-path --word-symbol-table=exp/bg/mono/graph/words.txt ark:- ark,t:- | utils/int2sym.pl -f 2- exp/bg/mono/graph/words.txt | cat > exp/bg/mono/decode/scoring_kaldi/penalty_0.0/10.txt 
# Started at Mon Dec 24 21:08:35 EET 2018
#
lattice-best-path --word-symbol-table=exp/bg/mono/graph/words.txt ark:- ark,t:- 
lattice-add-penalty --word-ins-penalty=0.0 ark:- ark:- 
lattice-scale --inv-acoustic-scale=10 'ark:gunzip -c exp/bg/mono/decode/lat.*.gz|' ark:- 
LOG (lattice-best-path[5.5.141~1-40a9d]:main():lattice-best-path.cc:99) For utterance usctimit_ema_f1_021, best cost 66.1235 + 2357.57 = 2423.7 over 290 frames.
usctimit_ema_f1_021 sil aa m iy l ay er z ah l ah n er z sil 
LOG (lattice-best-path[5.5.141~1-40a9d]:main():lattice-best-path.cc:99) For utterance usctimit_ema_f1_028, best cost 125.74 + 4135.97 = 4261.71 over 499 frames.
usctimit_ema_f1_028 sil ah l ih z ah m ao z ih k aa p ah t er d ih s ah n t ey p aa p y uw aa r ey sil 
LOG (lattice-best-path[5.5.141~1-40a9d]:main():lattice-best-path.cc:99) For utterance usctimit_ema_f1_031, best cost 119.132 + 3311.22 = 3430.35 over 395 frames.
usctimit_ema_f1_031 sil w ao r s ah l p r ih s l w ih z ih g r jh uw ey sh ah n hh er z ah n sil 
LOG (lattice-best-path[5.5.141~1-40a9d]:main():lattice-best-path.cc:99) For utterance usctimit_ema_f1_052, best cost 117.905 + 3615 = 3732.91 over 431 frames.
usctimit_ema_f1_052 sil hh aa s ah n ah l ch eh k t uw z ch iy l aa jh ih k ah l dh iy r iy sil 
LOG (lattice-best-path[5.5.141~1-40a9d]:main():lattice-best-path.cc:99) For utterance usctimit_ema_f1_054, best cost 89.2184 + 3088.65 = 3177.87 over 382 frames.
usctimit_ema_f1_054 sil ch aa n t iy ch t eh n ah s ah n t ah l ih sh ah n z sil 
LOG (lattice-best-path[5.5.141~1-40a9d]:main():lattice-best-path.cc:99) For utterance usctimit_ema_f1_072, best cost 94.6491 + 3202.94 = 3297.59 over 403 frames.
usctimit_ema_f1_072 sil s ah n ih z eh v er d ih ng f y uw b ih k y er k s sil 
LOG (lattice-best-path[5.5.141~1-40a9d]:main():lattice-best-path.cc:99) For utterance usctimit_ema_f1_078, best cost 99.2228 + 3578.3 = 3677.52 over 447 frames.
usctimit_ema_f1_078 sil ah l eh t hh aa s ah l iy z w aa t ah p ay n s ih z sil 
LOG (lattice-best-path[5.5.141~1-40a9d]:main():lattice-best-path.cc:99) For utterance usctimit_ema_f1_090, best cost 89.4125 + 2867.24 = 2956.65 over 353 frames.
usctimit_ema_f1_090 sil y uw m ao z ih k s ah s ah l iy d ah l iy f ay l z sil 
LOG (lattice-best-path[5.5.141~1-40a9d]:main():lattice-best-path.cc:99) For utterance usctimit_ema_f1_105, best cost 122.286 + 3938.03 = 4060.31 over 461 frames.
usctimit_ema_f1_105 sil dh iy p ay ow n iy b aa p ae k ae n hh ay iy ae p r oy l ae m ow z sil 
LOG (lattice-best-path[5.5.141~1-40a9d]:main():lattice-best-path.cc:99) For utterance usctimit_ema_f1_108, best cost 112.292 + 3817.67 = 3929.96 over 458 frames.
usctimit_ema_f1_108 sil dh iy s ih jh eh v er z m ey f r f aa p eh n aa r n jh iy z sil 
LOG (lattice-best-path[5.5.141~1-40a9d]:main():lattice-best-path.cc:99) For utterance usctimit_ema_f1_111, best cost 93.4732 + 2768.96 = 2862.44 over 329 frames.
usctimit_ema_f1_111 sil p aa r ih z ih sh ow n t ah l ah s ih z ih z f r iy l sil 
LOG (lattice-best-path[5.5.141~1-40a9d]:main():lattice-best-path.cc:99) For utterance usctimit_ema_f1_115, best cost 78.8814 + 2943.22 = 3022.1 over 355 frames.
usctimit_ema_f1_115 sil dh iy f ao r ae ch eh s ah v r eh k eh z sil 
LOG (lattice-best-path[5.5.141~1-40a9d]:main():lattice-best-path.cc:99) For utterance usctimit_ema_f1_123, best cost 111.592 + 4018.37 = 4129.96 over 492 frames.
usctimit_ema_f1_123 sil dh iy b ah n l ow s p ow z ah l ih z ih ch iy dh iy d ih sh ao r er sil 
LOG (lattice-best-path[5.5.141~1-40a9d]:main():lattice-best-path.cc:99) For utterance usctimit_ema_f1_126, best cost 120.464 + 3659.87 = 3780.33 over 432 frames.
usctimit_ema_f1_126 sil w ih sh ao l aa t ih k ah l z ah p ey ih n ey k aa f ih k ey sh ah n sil 
LOG (lattice-best-path[5.5.141~1-40a9d]:main():lattice-best-path.cc:99) For utterance usctimit_ema_f1_134, best cost 82.0653 + 3263.96 = 3346.02 over 416 frames.
usctimit_ema_f1_134 sil dh iy m iy z k ih z ih ng ih z ae s ih z ih k sil 
LOG (lattice-best-path[5.5.141~1-40a9d]:main():lattice-best-path.cc:99) For utterance usctimit_ema_f1_153, best cost 161.263 + 5104.62 = 5265.89 over 618 frames.
usctimit_ema_f1_153 sil dh ih m ay ng iy p eh s ah s aw er d z ih p iy b l s ah v ih ng ey sh ah n d r oy n z sil 
LOG (lattice-best-path[5.5.141~1-40a9d]:main():lattice-best-path.cc:99) For utterance usctimit_ema_f1_162, best cost 95.9335 + 3911.94 = 4007.87 over 486 frames.
usctimit_ema_f1_162 sil ah s ah l k aa l d ih z ah n ae k oy d ey sh ah m sil 
LOG (lattice-best-path[5.5.141~1-40a9d]:main():lattice-best-path.cc:99) For utterance usctimit_ema_f1_170, best cost 119.284 + 3719.83 = 3839.12 over 459 frames.
usctimit_ema_f1_170 sil p l aa p er ay s dh iy ah m ah m ah d ih d ih k s p eh s ih k aw m sil 
LOG (lattice-best-path[5.5.141~1-40a9d]:main():lattice-best-path.cc:99) For utterance usctimit_ema_f1_198, best cost 72.2821 + 2838.25 = 2910.53 over 368 frames.
usctimit_ema_f1_198 sil hh aa p r ah m ah n ay v eh r eh k er z sil 
LOG (lattice-best-path[5.5.141~1-40a9d]:main():lattice-best-path.cc:99) For utterance usctimit_ema_f1_209, best cost 70.1874 + 2672.76 = 2742.95 over 339 frames.
usctimit_ema_f1_209 sil k r iy l d ih ng f r m p oy n ae n sil 
LOG (lattice-best-path[5.5.141~1-40a9d]:main():lattice-best-path.cc:99) For utterance usctimit_ema_f1_213, best cost 77.2404 + 2968.44 = 3045.68 over 358 frames.
usctimit_ema_f1_213 sil ay ah m ay z aa k aw t ay ey n s ih ng sil 
LOG (lattice-best-path[5.5.141~1-40a9d]:main():lattice-best-path.cc:99) For utterance usctimit_ema_f1_227, best cost 93.4484 + 3068.38 = 3161.83 over 386 frames.
usctimit_ema_f1_227 sil b ay iy d ih ng y ow t r y uw m ey l w ao t er sil 
LOG (lattice-best-path[5.5.141~1-40a9d]:main():lattice-best-path.cc:99) For utterance usctimit_ema_f1_236, best cost 96.0965 + 2905.35 = 3001.45 over 358 frames.
usctimit_ema_f1_236 sil hh aw oy l ey t y uw w ay d ih s ah l ih th r eh s ih ng sil 
LOG (lattice-best-path[5.5.141~1-40a9d]:main():lattice-best-path.cc:99) For utterance usctimit_ema_f1_239, best cost 92.8303 + 3242.66 = 3335.49 over 412 frames.
usctimit_ema_f1_239 sil w ih k r aa p aa m ey z m ah ch aa n iy z ah n iy sil 
LOG (lattice-best-path[5.5.141~1-40a9d]:main():lattice-best-path.cc:99) For utterance usctimit_ema_f1_242, best cost 90.2465 + 2875.71 = 2965.96 over 356 frames.
usctimit_ema_f1_242 sil t uw ey t ih k ah g ow f ao r m ih z w ao r ow s sil 
LOG (lattice-best-path[5.5.141~1-40a9d]:main():lattice-best-path.cc:99) For utterance usctimit_ema_f1_244, best cost 98.2427 + 3250.08 = 3348.32 over 398 frames.
usctimit_ema_f1_244 sil dh iy p eh k ah n aa s ih k ow f r d ih f aw er b eh n z sil 
LOG (lattice-best-path[5.5.141~1-40a9d]:main():lattice-best-path.cc:99) For utterance usctimit_ema_f1_250, best cost 68.6515 + 2662.49 = 2731.14 over 346 frames.
usctimit_ema_f1_250 sil dh iy m eh s er s aa sh ah l s w iy sil 
LOG (lattice-best-path[5.5.141~1-40a9d]:main():lattice-best-path.cc:99) For utterance usctimit_ema_f1_252, best cost 143.672 + 4527.21 = 4670.88 over 550 frames.
usctimit_ema_f1_252 sil hh aa s ah b ah l d iy t uw w ao r w ih th aw t uw f r ih sh ah z eh l w er d ih ng sil 
LOG (lattice-best-path[5.5.141~1-40a9d]:main():lattice-best-path.cc:99) For utterance usctimit_ema_f1_255, best cost 108.375 + 3493.18 = 3601.56 over 428 frames.
usctimit_ema_f1_255 sil dh iy t ih z f er f r ae t ih k aa m ay n z t uw f ah l aw t sil 
LOG (lattice-best-path[5.5.141~1-40a9d]:main():lattice-best-path.cc:99) For utterance usctimit_ema_f1_262, best cost 138.519 + 4754.02 = 4892.54 over 572 frames.
usctimit_ema_f1_262 sil dh iy s p er ch er z p r t ih k ah l iy f ao r m ih f r k ah s p eh k ah b ay er sil 
LOG (lattice-best-path[5.5.141~1-40a9d]:main():lattice-best-path.cc:99) For utterance usctimit_ema_f1_286, best cost 86.5664 + 2476.69 = 2563.26 over 302 frames.
usctimit_ema_f1_286 sil dh eh k t ah ch ey z ih z hh ae t er s l s ah n sil 
LOG (lattice-best-path[5.5.141~1-40a9d]:main():lattice-best-path.cc:99) For utterance usctimit_ema_f1_297, best cost 119.213 + 4603.27 = 4722.48 over 592 frames.
usctimit_ema_f1_297 sil g r k r iy n t aa n ch ah s ao f r t ah n z ah n iy f ah n ih n sil 
LOG (lattice-best-path[5.5.141~1-40a9d]:main():lattice-best-path.cc:99) For utterance usctimit_ema_f1_299, best cost 113.29 + 3960.14 = 4073.43 over 491 frames.
usctimit_ema_f1_299 sil hh aa b ah n ah n er t iy z ah z s oy s ah s ah b ay y uw eh n sil 
LOG (lattice-best-path[5.5.141~1-40a9d]:main():lattice-best-path.cc:99) For utterance usctimit_ema_f1_302, best cost 146.052 + 4589.58 = 4735.64 over 573 frames.
usctimit_ema_f1_302 sil w eh d ah l aw t ae b ay n s t iy ih n ae s ih d b ah l f r iy d ih ng sh ah l ih zh sil 
LOG (lattice-best-path[5.5.141~1-40a9d]:main():lattice-best-path.cc:99) For utterance usctimit_ema_f1_311, best cost 129.74 + 4118.74 = 4248.48 over 495 frames.
usctimit_ema_f1_311 sil dh iy f r ey n ch aa b ih z jh eh m ay s ah n t uw b ay z dh iy b r aa p er sil 
LOG (lattice-best-path[5.5.141~1-40a9d]:main():lattice-best-path.cc:99) For utterance usctimit_ema_f1_317, best cost 138.04 + 5440.73 = 5578.77 over 679 frames.
usctimit_ema_f1_317 sil m eh n iy b aa p iy t ay k ah n s w er sh ah n w aa p l dh iy ae n s ah n er sil 
LOG (lattice-best-path[5.5.141~1-40a9d]:main():lattice-best-path.cc:99) For utterance usctimit_ema_f1_320, best cost 101.804 + 3671.94 = 3773.74 over 454 frames.
usctimit_ema_f1_320 sil ah k ah n ih s er l ah n jh oy d ih sh ah l f ih sh ih zh sil 
LOG (lattice-best-path[5.5.141~1-40a9d]:main():lattice-best-path.cc:99) For utterance usctimit_ema_f1_323, best cost 93.5162 + 3637.11 = 3730.62 over 450 frames.
usctimit_ema_f1_323 sil dh ae n iy s w ih sh ah m ay ch er k oy z eh k ah z sil 
LOG (lattice-best-path[5.5.141~1-40a9d]:main():lattice-best-path.cc:99) For utterance usctimit_ema_f1_325, best cost 87.9441 + 3251.6 = 3339.55 over 400 frames.
usctimit_ema_f1_325 sil w ih sh ah l ah m aa ch uw z ey t ay m ah v iy z sil 
LOG (lattice-best-path[5.5.141~1-40a9d]:main():lattice-best-path.cc:99) For utterance usctimit_ema_f1_342, best cost 111.246 + 3714.67 = 3825.92 over 452 frames.
usctimit_ema_f1_342 sil sh uw w ey z jh eh s ah b eh t uw eh f r l d ih z f ih ng sil 
LOG (lattice-best-path[5.5.141~1-40a9d]:main():lattice-best-path.cc:99) For utterance usctimit_ema_f1_346, best cost 89.5759 + 2688.95 = 2778.53 over 328 frames.
usctimit_ema_f1_346 sil w ih l aa k ah m ay n iy s t uw n z iy ch iy er sil 
LOG (lattice-best-path[5.5.141~1-40a9d]:main():lattice-best-path.cc:99) For utterance usctimit_ema_f1_347, best cost 119.338 + 3662.88 = 3782.22 over 452 frames.
usctimit_ema_f1_347 sil r jh ih z hh er n ay d b eh n f iy ch ih g ae sh ao r d ih jh sil 
LOG (lattice-best-path[5.5.141~1-40a9d]:main():lattice-best-path.cc:99) For utterance usctimit_ema_f1_356, best cost 66.2471 + 2510.18 = 2576.42 over 302 frames.
usctimit_ema_f1_356 sil dh iy l ay k l hh ae ch aa l er z sil 
LOG (lattice-best-path[5.5.141~1-40a9d]:main():lattice-best-path.cc:99) For utterance usctimit_ema_f1_360, best cost 130.665 + 3881.94 = 4012.61 over 462 frames.
usctimit_ema_f1_360 sil dh iy v ih z dh iy n s l iy f r ay d ih k l iy n s er th ih z ah s m l iy sil 
LOG (lattice-best-path[5.5.141~1-40a9d]:main():lattice-best-path.cc:99) For utterance usctimit_ema_f1_362, best cost 85.9344 + 3330.91 = 3416.85 over 430 frames.
usctimit_ema_f1_362 sil dh iy s ih ng ah v er w ao l ah v er n t ih k y er sil 
LOG (lattice-best-path[5.5.141~1-40a9d]:main():lattice-best-path.cc:99) For utterance usctimit_ema_f1_364, best cost 129.11 + 3744.55 = 3873.66 over 457 frames.
usctimit_ema_f1_364 sil dh iy t ae s ih k ae b r d ae n ah n k ao z ih k ae k ch ae f ih t ae n sil 
LOG (lattice-best-path[5.5.141~1-40a9d]:main():lattice-best-path.cc:99) For utterance usctimit_ema_f1_368, best cost 96.3059 + 3611.24 = 3707.54 over 450 frames.
usctimit_ema_f1_368 sil w ih s ah v ae n ah d ih t ih n ih th ih sh ah m er ch sil 
LOG (lattice-best-path[5.5.141~1-40a9d]:main():lattice-best-path.cc:99) For utterance usctimit_ema_f1_382, best cost 128.723 + 4672.08 = 4800.81 over 595 frames.
usctimit_ema_f1_382 sil s ih sh l iy k ah l z ah n eh k ae sh ah l y uw l z ah m ah n ch ah p ih ng sil 
LOG (lattice-best-path[5.5.141~1-40a9d]:main():lattice-best-path.cc:99) For utterance usctimit_ema_f1_394, best cost 116.766 + 4389.12 = 4505.89 over 548 frames.
usctimit_ema_f1_394 sil dh iy z ih g r s ah p w iy s ih n t ih f ay k ah l s m ay er z sil 
LOG (lattice-best-path[5.5.141~1-40a9d]:main():lattice-best-path.cc:99) For utterance usctimit_ema_f1_397, best cost 128.855 + 4073.65 = 4202.5 over 501 frames.
usctimit_ema_f1_397 sil s ah b r ah n aw s ay s k aa k ah n s ah v er f ih g ae k aa b ah t sil 
LOG (lattice-best-path[5.5.141~1-40a9d]:main():lattice-best-path.cc:99) For utterance usctimit_ema_f1_402, best cost 81.2967 + 3160.23 = 3241.53 over 401 frames.
usctimit_ema_f1_402 sil r s ih n dh ae k s ah d ih f r n ch iy z sil 
LOG (lattice-best-path[5.5.141~1-40a9d]:main():lattice-best-path.cc:99) For utterance usctimit_ema_f1_405, best cost 111.359 + 4105.32 = 4216.68 over 510 frames.
usctimit_ema_f1_405 sil w ey t r d z p r iy s t ae p oy n t ih ng r ih ng g r ae f sil 
LOG (lattice-best-path[5.5.141~1-40a9d]:main():lattice-best-path.cc:99) For utterance usctimit_ema_f1_451, best cost 126.483 + 3736.71 = 3863.19 over 444 frames.
usctimit_ema_f1_451 sil ch ow t ih n ih ng k ah n s ih m ay n iy f r l t ih m ah n s ih n ih ng sil 
LOG (lattice-best-path[5.5.141~1-40a9d]:main():lattice-best-path.cc:99) For utterance usctimit_ema_f1_453, best cost 123.364 + 3836.94 = 3960.3 over 476 frames.
usctimit_ema_f1_453 sil w eh n w er z k w ih ng dh iy n z ih ng hh ae v er ch ah b ow p er d ah n sil 
LOG (lattice-best-path[5.5.141~1-40a9d]:main():lattice-best-path.cc:99) For utterance usctimit_ema_f1_456, best cost 113.641 + 3560.09 = 3673.73 over 433 frames.
usctimit_ema_f1_456 sil ah m ao s ih d eh k ah l m p ae t uw ae n ah z b aa r d ih ng sil 
LOG (lattice-best-path[5.5.141~1-40a9d]:main():lattice-best-path.cc:99) For utterance usctimit_ema_f1_460, best cost 69.4995 + 2632.28 = 2701.78 over 334 frames.
usctimit_ema_f1_460 sil w ih sh iy t ih sh ah m ah b ih g ah z sil 
LOG (lattice-best-path[5.5.141~1-40a9d]:main():lattice-best-path.cc:99) For utterance usctimit_ema_f5_009, best cost 57.8254 + 2698.87 = 2756.7 over 341 frames.
usctimit_ema_f5_009 sil y uw l aw w er l ay z sil 
LOG (lattice-best-path[5.5.141~1-40a9d]:main():lattice-best-path.cc:99) For utterance usctimit_ema_f5_011, best cost 78.8777 + 2616.47 = 2695.35 over 301 frames.
usctimit_ema_f5_011 sil w ih ng y uh r m ah s t ay z ih k ae n sil 
LOG (lattice-best-path[5.5.141~1-40a9d]:main():lattice-best-path.cc:99) For utterance usctimit_ema_f5_017, best cost 102.421 + 2969.72 = 3072.14 over 328 frames.
usctimit_ema_f5_017 sil aw m ao r iy hh aa m z d f ao z m ae z w ao f sil 
LOG (lattice-best-path[5.5.141~1-40a9d]:main():lattice-best-path.cc:99) For utterance usctimit_ema_f5_019, best cost 82.9524 + 2664.11 = 2747.06 over 308 frames.
usctimit_ema_f5_019 sil ah f ah l f ih z hh ah t iy f r iy m sil 
LOG (lattice-best-path[5.5.141~1-40a9d]:main():lattice-best-path.cc:99) For utterance usctimit_ema_f5_066, best cost 91.2563 + 3107.76 = 3199.02 over 335 frames.
usctimit_ema_f5_066 sil ae t er t iy s k eh g eh k s t uw f r ey l iy sil 
LOG (lattice-best-path[5.5.141~1-40a9d]:main():lattice-best-path.cc:99) For utterance usctimit_ema_f5_080, best cost 118.148 + 3677.83 = 3795.98 over 417 frames.
usctimit_ema_f5_080 sil dh iy k ah s ah n aw t ey t er jh er t aa p eh k l ae p ay l z sil 
LOG (lattice-best-path[5.5.141~1-40a9d]:main():lattice-best-path.cc:99) For utterance usctimit_ema_f5_081, best cost 120.15 + 3312.14 = 3432.29 over 373 frames.
usctimit_ema_f5_081 sil dh ae s k r ey p r iy s t ae k s w ih n z ah n eh d ih n ey sh ah n sil 
LOG (lattice-best-path[5.5.141~1-40a9d]:main():lattice-best-path.cc:99) For utterance usctimit_ema_f5_090, best cost 104.074 + 3319.43 = 3423.51 over 385 frames.
usctimit_ema_f5_090 sil dh iy n s ih k s p l f ih k l iy d ih l iy f ay l z sil 
LOG (lattice-best-path[5.5.141~1-40a9d]:main():lattice-best-path.cc:99) For utterance usctimit_ema_f5_143, best cost 114.661 + 3861.9 = 3976.56 over 473 frames.
usctimit_ema_f5_143 sil dh iy k ah f r ih k s ao th er z ey sh ah v ih s ih s ih sh ah t sil 
LOG (lattice-best-path[5.5.141~1-40a9d]:main():lattice-best-path.cc:99) For utterance usctimit_ema_f5_144, best cost 168.63 + 4986.82 = 5155.45 over 594 frames.
usctimit_ema_f5_144 sil ae s k ow aa t ih z w iy p ih z eh n t er jh ah n y uw b ow t uw dh iy hh aa b iy aa n iy z sil 
LOG (lattice-best-path[5.5.141~1-40a9d]:main():lattice-best-path.cc:99) For utterance usctimit_ema_f5_162, best cost 121.449 + 3982.22 = 4103.67 over 483 frames.
usctimit_ema_f5_162 sil ah m ah s ah l k aa jh ih z ah n aw k ah l ah jh ih k ey sh ah l sil 
LOG (lattice-best-path[5.5.141~1-40a9d]:main():lattice-best-path.cc:99) For utterance usctimit_ema_f5_163, best cost 134.134 + 4455.18 = 4589.32 over 532 frames.
usctimit_ema_f5_163 sil w ah ch ah t er z b ay hh iy n ah s ah jh eh n w ao z ah m z ah f ao r iy sil 
LOG (lattice-best-path[5.5.141~1-40a9d]:main():lattice-best-path.cc:99) For utterance usctimit_ema_f5_164, best cost 82.8109 + 3302.9 = 3385.71 over 405 frames.
usctimit_ema_f5_164 sil dh ih k l uw z d aw n dh iy t uw d sil 
LOG (lattice-best-path[5.5.141~1-40a9d]:main():lattice-best-path.cc:99) For utterance usctimit_ema_f5_174, best cost 89.8787 + 3251.33 = 3341.21 over 386 frames.
usctimit_ema_f5_174 sil s t er hh ae t r ae m f ae sh ah n z y er sil 
LOG (lattice-best-path[5.5.141~1-40a9d]:main():lattice-best-path.cc:99) For utterance usctimit_ema_f5_197, best cost 105.927 + 3240.09 = 3346.01 over 400 frames.
usctimit_ema_f5_197 sil dh iy s m l w oy p iy p ah w ao r m ah m hh aa k sil 
LOG (lattice-best-path[5.5.141~1-40a9d]:main():lattice-best-path.cc:99) For utterance usctimit_ema_f5_208, best cost 91.2217 + 2985.66 = 3076.88 over 373 frames.
usctimit_ema_f5_208 sil dh iy b y uw p oy ih k ow v er l t dh iy ow sh ah n sil 
LOG (lattice-best-path[5.5.141~1-40a9d]:main():lattice-best-path.cc:99) For utterance usctimit_ema_f5_233, best cost 189.147 + 5624.01 = 5813.16 over 648 frames.
usctimit_ema_f5_233 hh er dh iy t ey b l iy sil r m ah m b ah t r l aw oy d eh k l t ah n s eh t uw f r iy dh iy sil 
LOG (lattice-best-path[5.5.141~1-40a9d]:main():lattice-best-path.cc:99) For utterance usctimit_ema_f5_243, best cost 106.812 + 3051 = 3157.81 over 363 frames.
usctimit_ema_f5_243 sil aa r hh ao l d ey p r n z ah m ey l b l t ah z sil 
LOG (lattice-best-path[5.5.141~1-40a9d]:main():lattice-best-path.cc:99) For utterance usctimit_ema_f5_244, best cost 97.2562 + 3478.29 = 3575.55 over 412 frames.
usctimit_ema_f5_244 sil dh iy k er f ah m ah d p l aw ah f ao r b eh d z sil 
LOG (lattice-best-path[5.5.141~1-40a9d]:main():lattice-best-path.cc:99) For utterance usctimit_ema_f5_272, best cost 102.316 + 3107.73 = 3210.05 over 364 frames.
usctimit_ema_f5_272 sil t ow f l z m ey t ah p aa s ah s oy b iy d z sil 
LOG (lattice-best-path[5.5.141~1-40a9d]:main():lattice-best-path.cc:99) For utterance usctimit_ema_f5_281, best cost 176.578 + 4931.28 = 5107.85 over 565 frames.
usctimit_ema_f5_281 sil w ay d ay er z ih s ah p ah l k ah v iy w oy n f ao r m ah v p er g r k ah m s ah g eh t sil 
LOG (lattice-best-path[5.5.141~1-40a9d]:main():lattice-best-path.cc:99) For utterance usctimit_ema_f5_304, best cost 166.449 + 5649.82 = 5816.27 over 667 frames.
usctimit_ema_f5_304 sil g eh s aa p ay n t iy z m eh k w uh d ah n ah l aa t uw z ih k w ey n ae sh ah l f ao r z sil 
LOG (lattice-best-path[5.5.141~1-40a9d]:main():lattice-best-path.cc:99) For utterance usctimit_ema_f5_307, best cost 103.416 + 3464.41 = 3567.83 over 418 frames.
usctimit_ema_f5_307 sil t uw ch aa n k ah t eh b ih g uw s p aw t l sil 
LOG (lattice-best-path[5.5.141~1-40a9d]:main():lattice-best-path.cc:99) For utterance usctimit_ema_f5_329, best cost 121.979 + 4253.23 = 4375.21 over 535 frames.
usctimit_ema_f5_329 sil dh ih k aw w aa n d er f r m f ao r m ay n dh iy hh iy m ao s sil 
LOG (lattice-best-path[5.5.141~1-40a9d]:main():lattice-best-path.cc:99) For utterance usctimit_ema_f5_330, best cost 185.186 + 5429.46 = 5614.65 over 611 frames.
usctimit_ema_f5_330 sil dh iy t ah n t ay m iy d ah m ao s k ow n s ay d ah b ih p ah b r ih k ae n iy z iy s ah s t ah m p r t sil 
LOG (lattice-best-path[5.5.141~1-40a9d]:main():lattice-best-path.cc:99) For utterance usctimit_ema_f5_334, best cost 139.2 + 4517 = 4656.2 over 536 frames.
usctimit_ema_f5_334 sil w ey s k aa s t iy m iy b l ae k w eh s t iy k m p iy l d ae n d sil 
LOG (lattice-best-path[5.5.141~1-40a9d]:main():lattice-best-path.cc:99) For utterance usctimit_ema_f5_336, best cost 114.012 + 3343.72 = 3457.73 over 396 frames.
usctimit_ema_f5_336 sil ae n oy s p aa p ah g er z y uw w ao r ah n oy iy ch t ey sil 
LOG (lattice-best-path[5.5.141~1-40a9d]:main():lattice-best-path.cc:99) For utterance usctimit_ema_f5_343, best cost 134.355 + 4134.03 = 4268.39 over 506 frames.
usctimit_ema_f5_343 sil ah jh ah s ah n jh eh m y ah b ih n y uw r k y uw aa jh ih k ah n iy z iy m sil 
LOG (lattice-best-path[5.5.141~1-40a9d]:main():lattice-best-path.cc:99) For utterance usctimit_ema_f5_348, best cost 113.616 + 3763.42 = 3877.03 over 455 frames.
usctimit_ema_f5_348 sil dh iy k aa p ih k ey n ih sh eh p r er ao r iy jh ah b ah d sil 
LOG (lattice-best-path[5.5.141~1-40a9d]:main():lattice-best-path.cc:99) For utterance usctimit_ema_f5_349, best cost 73.1458 + 3251.2 = 3324.35 over 405 frames.
usctimit_ema_f5_349 sil iy sh ah s k er f r jh oy z sil 
LOG (lattice-best-path[5.5.141~1-40a9d]:main():lattice-best-path.cc:99) For utterance usctimit_ema_f5_354, best cost 144.336 + 5677.49 = 5821.83 over 679 frames.
usctimit_ema_f5_354 w eh v er dh iy g r m ay t ah p eh sh ah m ay z ih z sil ah l ah n d sil 
LOG (lattice-best-path[5.5.141~1-40a9d]:main():lattice-best-path.cc:99) For utterance usctimit_ema_f5_356, best cost 71.2016 + 2007.48 = 2078.68 over 219 frames.
usctimit_ema_f5_356 sil dh iy l ay k w aa n d dh iy l ey 
LOG (lattice-best-path[5.5.141~1-40a9d]:main():lattice-best-path.cc:99) For utterance usctimit_ema_f5_369, best cost 141.247 + 4390.02 = 4531.27 over 537 frames.
usctimit_ema_f5_369 sil dh er z ah jh ay z ae t ih k w ao s t ih k s t er d ih ng z dh iy t aa p ae t sil 
LOG (lattice-best-path[5.5.141~1-40a9d]:main():lattice-best-path.cc:99) For utterance usctimit_ema_f5_375, best cost 113.879 + 3712.15 = 3826.03 over 435 frames.
usctimit_ema_f5_375 sil ay er sh ah n t er z iy ch f r s p er ch er b r f ih s t sil 
LOG (lattice-best-path[5.5.141~1-40a9d]:main():lattice-best-path.cc:99) For utterance usctimit_ema_f5_389, best cost 153.16 + 4801.97 = 4955.13 over 553 frames.
usctimit_ema_f5_389 sil dh iy f ih ch er k ah n ey n dh iy t ih s t er k ah t iy z dh iy t uw s iy p iy t ih z sil 
LOG (lattice-best-path[5.5.141~1-40a9d]:main():lattice-best-path.cc:99) For utterance usctimit_ema_f5_392, best cost 141.164 + 4778.94 = 4920.1 over 574 frames.
usctimit_ema_f5_392 sil dh er ch ih n b eh s t ah m p ay k ih k aw m z ah n s ah s eh l ih sh uw z sil 
LOG (lattice-best-path[5.5.141~1-40a9d]:main():lattice-best-path.cc:99) For utterance usctimit_ema_f5_396, best cost 163.67 + 4570.34 = 4734.01 over 518 frames.
usctimit_ema_f5_396 sil dh iy ae b r t ay z ih ng g er s t ah v p r m ah v er ay n iy s t r n eh v er ch ey n d ih z sil 
LOG (lattice-best-path[5.5.141~1-40a9d]:main():lattice-best-path.cc:99) For utterance usctimit_ema_f5_406, best cost 144.485 + 4334.16 = 4478.65 over 512 frames.
usctimit_ema_f5_406 sil dh iy f ih g ow f ao r s ih z dh iy l iy ow v er w ao m b ay t ah ch ow n d iy z sil 
LOG (lattice-best-path[5.5.141~1-40a9d]:main():lattice-best-path.cc:99) For utterance usctimit_ema_f5_424, best cost 80.7146 + 3004.89 = 3085.6 over 379 frames.
usctimit_ema_f5_424 sil dh iy k iy p l ah t iy b iy hh aa n d er d sil 
LOG (lattice-best-path[5.5.141~1-40a9d]:main():lattice-best-path.cc:99) For utterance usctimit_ema_f5_426, best cost 104.301 + 3094.6 = 3198.9 over 335 frames.
usctimit_ema_f5_426 sil dh iy z iy ah n z ah l ao l z ih s w iy p dh iy z iy ah 
LOG (lattice-best-path[5.5.141~1-40a9d]:main():lattice-best-path.cc:99) For utterance usctimit_ema_f5_431, best cost 125.928 + 3642.03 = 3767.95 over 427 frames.
usctimit_ema_f5_431 sil w aa p aa f r ao r m ah z ey sh ah z ah f ih k ae f ah n er z er z sil 
LOG (lattice-best-path[5.5.141~1-40a9d]:main():lattice-best-path.cc:99) For utterance usctimit_ema_f5_436, best cost 128.231 + 3476.18 = 3604.41 over 405 frames.
usctimit_ema_f5_436 sil hh er t s p er s t ey f r k ah m ey k er z ah n ih ng s k ah v ih ng sil 
LOG (lattice-best-path[5.5.141~1-40a9d]:main():lattice-best-path.cc:99) For utterance usctimit_ema_f5_438, best cost 148.793 + 4262.39 = 4411.19 over 498 frames.
usctimit_ema_f5_438 sil dh iy p ay ao t w ao r ey m ao l ey n t ih k ah p iy d er z dh iy t r k ah b ih sh ah n sil 
LOG (lattice-best-path[5.5.141~1-40a9d]:main():lattice-best-path.cc:99) For utterance usctimit_ema_f5_447, best cost 159.229 + 4533.03 = 4692.26 over 536 frames.
usctimit_ema_f5_447 sil r m ah n ih z iy t ah n ah d er ih k s ay dh iy n dh iy b ay s t iy n s t ow v er k sil 
LOG (lattice-best-path[5.5.141~1-40a9d]:main():lattice-best-path.cc:99) For utterance usctimit_ema_f5_451, best cost 160.36 + 4772.36 = 4932.72 over 533 frames.
usctimit_ema_f5_451 sil t l r n t ah ch ah l ih ng f ah s uw m ah n iy f er w er l t ah m ah n s ih ng sil 
LOG (lattice-best-path[5.5.141~1-40a9d]:main():lattice-best-path.cc:99) For utterance usctimit_ema_m1_006, best cost 98.7232 + 3164.41 = 3263.14 over 381 frames.
usctimit_ema_m1_006 sil w ay y ao l er w ao r y uw f r s ah l iy ae t ah m z sil 
LOG (lattice-best-path[5.5.141~1-40a9d]:main():lattice-best-path.cc:99) For utterance usctimit_ema_m1_010, best cost 70.7673 + 2428.78 = 2499.55 over 306 frames.
usctimit_ema_m1_010 sil w ao r aa b ih ng w ao r iy ow l ih l iy sil 
LOG (lattice-best-path[5.5.141~1-40a9d]:main():lattice-best-path.cc:99) For utterance usctimit_ema_m1_012, best cost 114.599 + 3809.48 = 3924.08 over 456 frames.
usctimit_ema_m1_012 sil dh iy f ao f er z ih z ih z ae m er v y uw eh v er f ao r m ah l sil 
LOG (lattice-best-path[5.5.141~1-40a9d]:main():lattice-best-path.cc:99) For utterance usctimit_ema_m1_051, best cost 115.478 + 3615.95 = 3731.43 over 421 frames.
usctimit_ema_m1_051 sil dh ih k aa k er b iy sh ah n d ow b iy k r dh iy p ih sh iy ey d sil 
LOG (lattice-best-path[5.5.141~1-40a9d]:main():lattice-best-path.cc:99) For utterance usctimit_ema_m1_090, best cost 98.4646 + 3008.55 = 3107.01 over 356 frames.
usctimit_ema_m1_090 sil y uw m ah s t ih k s p l s ah l iy b ah l iy f ay l z sil 
LOG (lattice-best-path[5.5.141~1-40a9d]:main():lattice-best-path.cc:99) For utterance usctimit_ema_m1_095, best cost 116.468 + 3527.26 = 3643.73 over 420 frames.
usctimit_ema_m1_095 sil dh iy b eh s w ey t ah l ao r n s ah s ah l k t er p r aa b l z sil 
LOG (lattice-best-path[5.5.141~1-40a9d]:main():lattice-best-path.cc:99) For utterance usctimit_ema_m1_098, best cost 103.383 + 3407.66 = 3511.04 over 421 frames.
usctimit_ema_m1_098 sil ah m ah s y uw l er ae t ah n ah n s k ih f r iy b ae t sil 
LOG (lattice-best-path[5.5.141~1-40a9d]:main():lattice-best-path.cc:99) For utterance usctimit_ema_m1_099, best cost 116.39 + 3957.04 = 4073.43 over 495 frames.
usctimit_ema_m1_099 sil dh iy k aa r ch uw f iy ch er z ah m aa s p r ae k ah t ae p l sil 
LOG (lattice-best-path[5.5.141~1-40a9d]:main():lattice-best-path.cc:99) For utterance usctimit_ema_m1_137, best cost 140.746 + 4161.01 = 4301.76 over 499 frames.
usctimit_ema_m1_137 sil k ah l th ih k ae k ah t uw d ih z jh eh jh p ay s t ae n d er w ay s t ae s sil 
LOG (lattice-best-path[5.5.141~1-40a9d]:main():lattice-best-path.cc:99) For utterance usctimit_ema_m1_139, best cost 122.462 + 4538.48 = 4660.94 over 571 frames.
usctimit_ema_m1_139 sil w er k ah n t ey n t uw m ah ch k ao r iy n ah n s aw n d ih z ay z sil 
LOG (lattice-best-path[5.5.141~1-40a9d]:main():lattice-best-path.cc:99) For utterance usctimit_ema_m1_145, best cost 153.698 + 4611.86 = 4765.55 over 546 frames.
usctimit_ema_m1_145 sil eh s ah p r k aa sh ah n iy l w ao z b ay b ah m p aw er f r dh ae s t r aa k l sil 
LOG (lattice-best-path[5.5.141~1-40a9d]:main():lattice-best-path.cc:99) For utterance usctimit_ema_m1_158, best cost 153.68 + 4697.61 = 4851.29 over 573 frames.
usctimit_ema_m1_158 sil b ay n ih f er b r d hh ao r f r k ao r z ih n t w ih sh ah n ah n eh k s p r t iy z sil 
LOG (lattice-best-path[5.5.141~1-40a9d]:main():lattice-best-path.cc:99) For utterance usctimit_ema_m1_160, best cost 150.08 + 4302.16 = 4452.24 over 512 frames.
usctimit_ema_m1_160 sil ch ih ng k er jh t er ch ah l d ah n t ah m ey k eh r ow hh aw w ih ng k aa s t ih n sil 
LOG (lattice-best-path[5.5.141~1-40a9d]:main():lattice-best-path.cc:99) For utterance usctimit_ema_m1_162, best cost 114.016 + 4086.67 = 4200.68 over 506 frames.
usctimit_ema_m1_162 sil ah m ao s t ah l k ah l jh ih z ah n ow k ow l ah ch ey sh ah l sil 
LOG (lattice-best-path[5.5.141~1-40a9d]:main():lattice-best-path.cc:99) For utterance usctimit_ema_m1_164, best cost 72.0015 + 3271.4 = 3343.4 over 407 frames.
usctimit_ema_m1_164 sil f ih k uw z aa n dh iy t uw p sil 
LOG (lattice-best-path[5.5.141~1-40a9d]:main():lattice-best-path.cc:99) For utterance usctimit_ema_m1_166, best cost 76.3461 + 2974.87 = 3051.21 over 380 frames.
usctimit_ema_m1_166 sil dh iy k ae k s m iy l z hh er w iy er z sil 
LOG (lattice-best-path[5.5.141~1-40a9d]:main():lattice-best-path.cc:99) For utterance usctimit_ema_m1_169, best cost 67.9064 + 2678.74 = 2746.65 over 346 frames.
usctimit_ema_m1_169 sil dh iy aa f ih ng g ow aw n iy v ih ng sil 
LOG (lattice-best-path[5.5.141~1-40a9d]:main():lattice-best-path.cc:99) For utterance usctimit_ema_m1_179, best cost 90.6395 + 2907.51 = 2998.15 over 365 frames.
usctimit_ema_m1_179 sil k r aa r iy ch k r ae f ah n ah n uw ae k s ih z sil 
LOG (lattice-best-path[5.5.141~1-40a9d]:main():lattice-best-path.cc:99) For utterance usctimit_ema_m1_183, best cost 120.432 + 4296.94 = 4417.38 over 544 frames.
usctimit_ema_m1_183 sil ah p r ch er ch er v iy w ih s t ae ch uw w eh s k m p ow zh er sil 
LOG (lattice-best-path[5.5.141~1-40a9d]:main():lattice-best-path.cc:99) For utterance usctimit_ema_m1_193, best cost 135.985 + 4404.33 = 4540.32 over 545 frames.
usctimit_ema_m1_193 sil ay d ey v ah n s er v er ch oy z ih z ah m ah p ah n t ae t p r ay ao r iy z sil 
LOG (lattice-best-path[5.5.141~1-40a9d]:main():lattice-best-path.cc:99) For utterance usctimit_ema_m1_204, best cost 67.1548 + 2659.99 = 2727.15 over 353 frames.
usctimit_ema_m1_204 sil hh aa g uh d ih jh er n d er n z sil 
LOG (lattice-best-path[5.5.141~1-40a9d]:main():lattice-best-path.cc:99) For utterance usctimit_ema_m1_209, best cost 68.8787 + 2689.64 = 2758.51 over 352 frames.
usctimit_ema_m1_209 sil w ih l th ih ng f er m p oy n ah n sil 
LOG (lattice-best-path[5.5.141~1-40a9d]:main():lattice-best-path.cc:99) For utterance usctimit_ema_m1_224, best cost 87.3842 + 3257.53 = 3344.92 over 406 frames.
usctimit_ema_m1_224 sil ay ey t ah f r oy s t er n ao r z p l iy sil 
LOG (lattice-best-path[5.5.141~1-40a9d]:main():lattice-best-path.cc:99) For utterance usctimit_ema_m1_229, best cost 102.114 + 3200.32 = 3302.43 over 395 frames.
usctimit_ema_m1_229 sil m ay ae v y uw w ih ng dh iy k ah n s ah hh aa k aa f iy sil 
LOG (lattice-best-path[5.5.141~1-40a9d]:main():lattice-best-path.cc:99) For utterance usctimit_ema_m1_237, best cost 112.56 + 3750.33 = 3862.89 over 450 frames.
usctimit_ema_m1_237 sil w ih s aa p iy t ay m iy ay s ih k l z b ah l w ao r uw f sil 
LOG (lattice-best-path[5.5.141~1-40a9d]:main():lattice-best-path.cc:99) For utterance usctimit_ema_m1_265, best cost 130.68 + 3897.51 = 4028.19 over 470 frames.
usctimit_ema_m1_265 sil p iy s t ey t ih s t er iy t ih b ah p aa t uw k ih ng er z f ao m iy sil 
LOG (lattice-best-path[5.5.141~1-40a9d]:main():lattice-best-path.cc:99) For utterance usctimit_ema_m1_269, best cost 113.904 + 3846.99 = 3960.89 over 491 frames.
usctimit_ema_m1_269 sil ay b r ow v er m ah p ay dh ow sh uw z ah n dh iy v er ch er ch sil 
LOG (lattice-best-path[5.5.141~1-40a9d]:main():lattice-best-path.cc:99) For utterance usctimit_ema_m1_277, best cost 83.4254 + 2601.2 = 2684.62 over 337 frames.
usctimit_ema_m1_277 sil dh iy m iy d ih ng dh ih z ah n aw er jh er n z sil 
LOG (lattice-best-path[5.5.141~1-40a9d]:main():lattice-best-path.cc:99) For utterance usctimit_ema_m1_302, best cost 197.26 + 5932.05 = 6129.31 over 706 frames.
usctimit_ema_m1_302 sil dh iy p l ah t ah n aa t ow l m ey l b ah p uw n s t iy k aa n aa k s uw b l f r iy d ih ng sh ah l f ey sh sil 
LOG (lattice-best-path[5.5.141~1-40a9d]:main():lattice-best-path.cc:99) For utterance usctimit_ema_m1_303, best cost 102.917 + 3268.12 = 3371.03 over 415 frames.
usctimit_ema_m1_303 sil aa f ah n iy g ih p ae k m ao r ih n iy p uh d ey n sil 
LOG (lattice-best-path[5.5.141~1-40a9d]:main():lattice-best-path.cc:99) For utterance usctimit_ema_m1_317, best cost 167.801 + 5788.59 = 5956.39 over 731 frames.
usctimit_ema_m1_317 sil m ah n iy w ao l f iy t ay k uw n s w er sh ah n b aa p ow th ih g aa p ae n d ah s t uw er sil 
LOG (lattice-best-path[5.5.141~1-40a9d]:main():lattice-best-path.cc:99) For utterance usctimit_ema_m1_320, best cost 112.902 + 3751.4 = 3864.3 over 468 frames.
usctimit_ema_m1_320 sil dh iy k aa s ao r w ao l ah n jh oy dh ih sh ah l f ih sh t ih sh sil 
LOG (lattice-best-path[5.5.141~1-40a9d]:main():lattice-best-path.cc:99) For utterance usctimit_ema_m1_322, best cost 113.614 + 3281.92 = 3395.54 over 422 frames.
usctimit_ema_m1_322 sil d ah l f ah n z aa n t ah l jh ah d w ao r iy n dh ae m l z sil 
LOG (lattice-best-path[5.5.141~1-40a9d]:main():lattice-best-path.cc:99) For utterance usctimit_ema_m1_336, best cost 130.045 + 3926.36 = 4056.41 over 475 frames.
usctimit_ema_m1_336 sil dh ae n oy s p r l ah m g ow z r ow z m ao r m oy ih ng iy ch ey sil 
LOG (lattice-best-path[5.5.141~1-40a9d]:main():lattice-best-path.cc:99) For utterance usctimit_ema_m1_338, best cost 109.519 + 4052.16 = 4161.68 over 511 frames.
usctimit_ema_m1_338 sil dh ae t ay d r m ey k s ah n z ah l iy f er m ah s eh v iy sil 
LOG (lattice-best-path[5.5.141~1-40a9d]:main():lattice-best-path.cc:99) For utterance usctimit_ema_m1_340, best cost 84.8584 + 2581.08 = 2665.94 over 316 frames.
usctimit_ema_m1_340 sil jh ao ng k ih ng sh ah l f ih sh f ao l ih ng sil 
LOG (lattice-best-path[5.5.141~1-40a9d]:main():lattice-best-path.cc:99) For utterance usctimit_ema_m1_344, best cost 116.596 + 3508.11 = 3624.71 over 454 frames.
usctimit_ema_m1_344 sil p ae m b y uw z g r ay v ih ng l ah s ah n t ah n dh er z ey z sil 
LOG (lattice-best-path[5.5.141~1-40a9d]:main():lattice-best-path.cc:99) For utterance usctimit_ema_m1_347, best cost 125.829 + 3888.43 = 4014.26 over 467 frames.
usctimit_ema_m1_347 sil t er z ah s p er w uh d ah b aa p ah f y uw sh er jh ae ch er ih jh sil 
LOG (lattice-best-path[5.5.141~1-40a9d]:main():lattice-best-path.cc:99) For utterance usctimit_ema_m1_350, best cost 101.678 + 2758.74 = 2860.41 over 337 frames.
usctimit_ema_m1_350 sil hh ih sh ow v er f ah l th ih z ih v er w ah b er p ah n sil 
LOG (lattice-best-path[5.5.141~1-40a9d]:main():lattice-best-path.cc:99) For utterance usctimit_ema_m1_360, best cost 159.319 + 4275.33 = 4434.65 over 500 frames.
usctimit_ema_m1_360 sil dh iy f ih sh iy ae z ah l iy p f r ah n t ih k l iy l dh iy s t er f ih s ah v ah s m l ey k sil 
LOG (lattice-best-path[5.5.141~1-40a9d]:main():lattice-best-path.cc:99) For utterance usctimit_ema_m1_361, best cost 110.106 + 3167.66 = 3277.77 over 383 frames.
usctimit_ema_m1_361 sil t ih n t ey sh y uw l th ih s iy m uw dh iy s t w ih s w iy sil 
LOG (lattice-best-path[5.5.141~1-40a9d]:main():lattice-best-path.cc:99) For utterance usctimit_ema_m1_367, best cost 107.363 + 3883.49 = 3990.85 over 492 frames.
usctimit_ema_m1_367 sil b aa r b er p ey p er n dh iy s ah b iy b aa n f ay er sil 
LOG (lattice-best-path[5.5.141~1-40a9d]:main():lattice-best-path.cc:99) For utterance usctimit_ema_m1_368, best cost 127.842 + 3798.98 = 3926.82 over 474 frames.
usctimit_ema_m1_368 sil r f k ao r sh uw v ah n hh ae v n ow t uw f ih sh ah n w ih ch sil 
LOG (lattice-best-path[5.5.141~1-40a9d]:main():lattice-best-path.cc:99) For utterance usctimit_ema_m1_375, best cost 128.092 + 3835.31 = 3963.4 over 464 frames.
usctimit_ema_m1_375 sil ay er w er sh y ow ch er z iy f r jh t ah p er s er b r k ah z sil 
LOG (lattice-best-path[5.5.141~1-40a9d]:main():lattice-best-path.cc:99) For utterance usctimit_ema_m1_394, best cost 129.625 + 4487.48 = 4617.11 over 547 frames.
usctimit_ema_m1_394 sil dh iy z ah n ih g r s ah p l iy s ah n t f ay k f aa b ah s m ow v er z sil 
LOG (lattice-best-path[5.5.141~1-40a9d]:main():lattice-best-path.cc:99) For utterance usctimit_ema_m1_400, best cost 106.549 + 3201.42 = 3307.97 over 382 frames.
usctimit_ema_m1_400 sil w ih z ih s l aa r ch eh ng b ay dh iy aa r ih ng ao r d sil 
LOG (lattice-best-path[5.5.141~1-40a9d]:main():lattice-best-path.cc:99) For utterance usctimit_ema_m1_432, best cost 57.4657 + 2204.01 = 2261.48 over 285 frames.
usctimit_ema_m1_432 sil ah l aw l iy w ey t iy er sil 
LOG (lattice-best-path[5.5.141~1-40a9d]:main():lattice-best-path.cc:99) For utterance usctimit_ema_m3_010, best cost 62.423 + 2637.05 = 2699.47 over 327 frames.
usctimit_ema_m3_010 sil w ao r aa r w er y ah l ah l iy sil 
LOG (lattice-best-path[5.5.141~1-40a9d]:main():lattice-best-path.cc:99) For utterance usctimit_ema_m3_044, best cost 109.542 + 4087.03 = 4196.58 over 472 frames.
usctimit_ema_m3_044 sil dh iy l ay k ah v iy k ah p aa b ih jh eh t r ey t ah n s ah z sil 
LOG (lattice-best-path[5.5.141~1-40a9d]:main():lattice-best-path.cc:99) For utterance usctimit_ema_m3_068, best cost 94.4969 + 3597.85 = 3692.34 over 441 frames.
usctimit_ema_m3_068 sil dh iy s ah p aa s l d y ow p y aa k er s iy sil 
LOG (lattice-best-path[5.5.141~1-40a9d]:main():lattice-best-path.cc:99) For utterance usctimit_ema_m3_071, best cost 116.636 + 3898.48 = 4015.12 over 439 frames.
usctimit_ema_m3_071 sil k aa p r ih sh ah m ao z ah n ih s t ae n iy l iy b iy t s p iy sil 
LOG (lattice-best-path[5.5.141~1-40a9d]:main():lattice-best-path.cc:99) For utterance usctimit_ema_m3_080, best cost 116.496 + 3884.57 = 4001.06 over 411 frames.
usctimit_ema_m3_080 sil ih g w ao z ae l dh iy t eh zh er ch aa k ah k ao r t ay l z sil 
LOG (lattice-best-path[5.5.141~1-40a9d]:main():lattice-best-path.cc:99) For utterance usctimit_ema_m3_101, best cost 75.5066 + 2724.18 = 2799.69 over 307 frames.
usctimit_ema_m3_101 sil k ae f ih s er w ih ng ao f t ey n t sil 
LOG (lattice-best-path[5.5.141~1-40a9d]:main():lattice-best-path.cc:99) For utterance usctimit_ema_m3_113, best cost 87.6969 + 3210.01 = 3297.71 over 382 frames.
usctimit_ema_m3_113 sil w aa t ah f ao r m uw dh iy s ah s ah t aa l z sil 
LOG (lattice-best-path[5.5.141~1-40a9d]:main():lattice-best-path.cc:99) For utterance usctimit_ema_m3_129, best cost 96.5881 + 3431.65 = 3528.24 over 411 frames.
usctimit_ema_m3_129 sil t uw m ay s t er ae s ih k ah g y ah n iy ch aa l sil 
LOG (lattice-best-path[5.5.141~1-40a9d]:main():lattice-best-path.cc:99) For utterance usctimit_ema_m3_141, best cost 106.067 + 3108.23 = 3214.29 over 354 frames.
usctimit_ema_m3_141 sil r m ow b ih s p ah n jh er w ih th ih p er k w iy z ah z sil 
LOG (lattice-best-path[5.5.141~1-40a9d]:main():lattice-best-path.cc:99) For utterance usctimit_ema_m3_147, best cost 92.7431 + 3657.63 = 3750.37 over 438 frames.
usctimit_ema_m3_147 sil dh er m ey n ay f ao f r ae n d b ae n ih n z sil 
LOG (lattice-best-path[5.5.141~1-40a9d]:main():lattice-best-path.cc:99) For utterance usctimit_ema_m3_192, best cost 107.138 + 3679.13 = 3786.27 over 428 frames.
usctimit_ema_m3_192 sil ah l dh iy b eh s p eh sh ah n jh oy p aa g l eh r iy sil 
LOG (lattice-best-path[5.5.141~1-40a9d]:main():lattice-best-path.cc:99) For utterance usctimit_ema_m3_203, best cost 92.5899 + 3447.44 = 3540.03 over 419 frames.
usctimit_ema_m3_203 sil dh iy p ah b ah jh ah b aa t ey b ow m ah g r ow zh sil 
LOG (lattice-best-path[5.5.141~1-40a9d]:main():lattice-best-path.cc:99) For utterance usctimit_ema_m3_260, best cost 140.254 + 3765.92 = 3906.17 over 446 frames.
usctimit_ema_m3_260 sil r sh f ay z eh k aw m ay n ah b r ay ah n er b r ow sh ah n ah m ae t ah l sil 
LOG (lattice-best-path[5.5.141~1-40a9d]:main():lattice-best-path.cc:99) For utterance usctimit_ema_m3_267, best cost 113.213 + 4312.47 = 4425.68 over 519 frames.
usctimit_ema_m3_267 sil ih s k ae k ow s m ao r l hh ae v er ey n jh ah b iy t uw sil 
LOG (lattice-best-path[5.5.141~1-40a9d]:main():lattice-best-path.cc:99) For utterance usctimit_ema_m3_282, best cost 155.192 + 5614.56 = 5769.75 over 657 frames.
usctimit_ema_m3_282 sil dh iy ae t er z ah b iy s ey f ao r ey t iy th ih ng g ah n t er k er f l iy f r s t sil 
LOG (lattice-best-path[5.5.141~1-40a9d]:main():lattice-best-path.cc:99) For utterance usctimit_ema_m3_300, best cost 100.23 + 3744.75 = 3844.98 over 450 frames.
usctimit_ema_m3_300 sil dh iy b ih g aa l ah jh ch uw aa n iy l r ay d ao l sil 
LOG (lattice-best-path[5.5.141~1-40a9d]:main():lattice-best-path.cc:99) For utterance usctimit_ema_m3_316, best cost 178.339 + 4954.18 = 5132.52 over 569 frames.
usctimit_ema_m3_316 sil dh iy p r iy s t uw r k ah n b er b oy s er f y ah l ih ng z b aa b iy m r jh ah z ih k ah n d ih sh ah n z sil 
LOG (lattice-best-path[5.5.141~1-40a9d]:main():lattice-best-path.cc:99) For utterance usctimit_ema_m3_320, best cost 100.504 + 3784.43 = 3884.94 over 447 frames.
usctimit_ema_m3_320 sil ah k aa s ao r ow n jh oy ih sh ah l th ih sh t ih sh sil 
LOG (lattice-best-path[5.5.141~1-40a9d]:main():lattice-best-path.cc:99) For utterance usctimit_ema_m3_335, best cost 123.447 + 3964.23 = 4087.68 over 449 frames.
usctimit_ema_m3_335 sil b aa p ih p r ow v ow b ow v er d ow th iy er m ey er l z sil 
LOG (lattice-best-path[5.5.141~1-40a9d]:main():lattice-best-path.cc:99) For utterance usctimit_ema_m3_336, best cost 116.884 + 3252.68 = 3369.57 over 372 frames.
usctimit_ema_m3_336 sil dh eh n oy s k aa b ah m er z m ao r n ow ih n iy ch dh eh n sil 
LOG (lattice-best-path[5.5.141~1-40a9d]:main():lattice-best-path.cc:99) For utterance usctimit_ema_m3_338, best cost 114.359 + 4148.09 = 4262.45 over 500 frames.
usctimit_ema_m3_338 sil dh eh d ay r eh m ey k s ae n s ah l ae t er m ah ch ah b iy sil 
LOG (lattice-best-path[5.5.141~1-40a9d]:main():lattice-best-path.cc:99) For utterance usctimit_ema_m3_339, best cost 95.1432 + 3470.13 = 3565.27 over 423 frames.
usctimit_ema_m3_339 sil ah b ao r n aa l ah s ah p er s ih d ih ng g eh l sil 
LOG (lattice-best-path[5.5.141~1-40a9d]:main():lattice-best-path.cc:99) For utterance usctimit_ema_m3_357, best cost 122.162 + 4009.01 = 4131.17 over 462 frames.
usctimit_ema_m3_357 sil dh iy ae m aw s k ae f r d ih k r s ih th iy l ah n s ah b iy er d sil 
LOG (lattice-best-path[5.5.141~1-40a9d]:main():lattice-best-path.cc:99) For utterance usctimit_ema_m3_359, best cost 91.3811 + 3316.92 = 3408.3 over 389 frames.
usctimit_ema_m3_359 sil k aw s ih m ey t b ow n s ah n t iy s r l sil 
LOG (lattice-best-path[5.5.141~1-40a9d]:main():lattice-best-path.cc:99) For utterance usctimit_ema_m3_379, best cost 110.155 + 4103.2 = 4213.36 over 477 frames.
usctimit_ema_m3_379 sil ay er s ih ng s ih z y uw z ah l ah n s t ae n ih sh iy p er z sil 
LOG (lattice-best-path[5.5.141~1-40a9d]:main():lattice-best-path.cc:99) For utterance usctimit_ema_m3_385, best cost 90.9296 + 2936.22 = 3027.15 over 354 frames.
usctimit_ema_m3_385 sil eh v ih k ae b iy t ih p ey d ih g aa f ah n sil 
LOG (lattice-best-path[5.5.141~1-40a9d]:main():lattice-best-path.cc:99) For utterance usctimit_ema_m3_390, best cost 121.934 + 3762.63 = 3884.56 over 428 frames.
usctimit_ema_m3_390 sil dh iy ow ao r iy ch aa r k ih s ah p oy z ah n d eh n iy w ah n s t iy sil 
LOG (lattice-best-path[5.5.141~1-40a9d]:main():lattice-best-path.cc:99) For utterance usctimit_ema_m3_423, best cost 121.493 + 4318.59 = 4440.08 over 495 frames.
usctimit_ema_m3_423 sil dh iy g ow s ah f r t ow s aa r ae t ow sh er sh ah n ah n f r sil 
LOG (lattice-best-path[5.5.141~1-40a9d]:main():lattice-best-path.cc:99) For utterance usctimit_ema_m3_434, best cost 58.2921 + 2346.1 = 2404.39 over 285 frames.
usctimit_ema_m3_434 sil r ae sh l ay z ah l er z sil 
LOG (lattice-best-path[5.5.141~1-40a9d]:main():lattice-best-path.cc:99) For utterance usctimit_ema_m3_438, best cost 128.794 + 4287.03 = 4415.83 over 495 frames.
usctimit_ema_m3_438 sil dh iy p ay aa ch er m aa l ih n t ih k ah p y uw s dh iy t er k w ih sh ah n sil 
LOG (lattice-best-path[5.5.141~1-40a9d]:main():lattice-best-path.cc:99) For utterance usctimit_ema_m3_442, best cost 95.2251 + 3390.67 = 3485.9 over 404 frames.
usctimit_ema_m3_442 sil w ih p l iy ch iy s p ah n d ih t uw l ih s p r iy sil 
LOG (lattice-best-path[5.5.141~1-40a9d]:main():lattice-best-path.cc:99) For utterance usctimit_ema_m3_444, best cost 151.479 + 5155.36 = 5306.84 over 603 frames.
usctimit_ema_m3_444 sil r aa m ey t ae g er ey n uw aa sh uh d ih n er ah n iy s p r iy p ay f r d z er sil 
LOG (lattice-best-path[5.5.141~1-40a9d]:main():lattice-best-path.cc:99) For utterance usctimit_ema_m3_457, best cost 143.323 + 4699.4 = 4842.72 over 560 frames.
usctimit_ema_m3_457 sil k aa f y uw z g r d ah n s t iy jh ah m l ih k s ow s ah n t ah b r s ah n z sil 
LOG (lattice-scale[5.5.141~1-40a9d]:main():lattice-scale.cc:107) Done 183 lattices.
LOG (lattice-best-path[5.5.141~1-40a9d]:main():lattice-best-path.cc:99) For utterance usctimit_ema_m3_458, best cost 129.077 + 4558.36 = 4687.43 over 535 frames.
usctimit_ema_m3_458 sil w eh s t ih ng d ey p r w ih s k aa b ay k w ay d ey p er z ey sh t sil 
LOG (lattice-best-path[5.5.141~1-40a9d]:main():lattice-best-path.cc:99) For utterance usctimit_ema_m3_460, best cost 73.5048 + 4047.13 = 4120.64 over 497 frames.
usctimit_ema_m3_460 sil w ih ch dh iy v er sh ah l ey t uw z sil 
LOG (lattice-add-penalty[5.5.141~1-40a9d]:main():lattice-add-penalty.cc:62) Done adding word insertion penalty to 183 lattices.
LOG (lattice-best-path[5.5.141~1-40a9d]:main():lattice-best-path.cc:124) Overall cost per frame is 8.53382 = 0.250338 [graph] + 8.28348 [acoustic] over 81821 frames.
LOG (lattice-best-path[5.5.141~1-40a9d]:main():lattice-best-path.cc:128) Done 183 lattices, failed for 0
# Accounting: time=5 threads=1
# Ended (code 0) at Mon Dec 24 21:08:40 EET 2018, elapsed time 5 seconds
