# gunzip -c exp/ug/tri1/decode/depth_stats_tmp.*.gz | steps/diagnostic/analyze_lattice_depth_stats.py exp/ug/tri1/graph 
# Started at Mon Dec 24 20:19:16 EET 2018
#
The total amount of data analyzed assuming 100 frames per second is 0.2 hours
Overall, lattice depth (10,50,90-percentile)=(2,9,45) and mean=20.2
Nonsilence phones as a group account for 53.7% of frames, with lattice depth (10,50,90-percentile)=(3,14,63) and mean=27.9
Phone sil_S accounts for 35.2% of frames, with lattice depth (10,50,90-percentile)=(2,5,21) and mean=8.9
Phone sil accounts for 11.1% of frames, with lattice depth (10,50,90-percentile)=(1,9,43) and mean=18.7
Phone s_S accounts for 3.9% of frames, with lattice depth (10,50,90-percentile)=(3,10,50) and mean=22.2
Phone iy_S accounts for 3.5% of frames, with lattice depth (10,50,90-percentile)=(2,10,37) and mean=17.0
Phone ah_S accounts for 3.2% of frames, with lattice depth (10,50,90-percentile)=(5,23,87) and mean=40.5
Phone n_S accounts for 3.1% of frames, with lattice depth (10,50,90-percentile)=(4,23,88) and mean=42.6
Phone l_S accounts for 3.1% of frames, with lattice depth (10,50,90-percentile)=(3,11,48) and mean=20.3
Phone t_S accounts for 2.8% of frames, with lattice depth (10,50,90-percentile)=(4,23,86) and mean=37.4
Phone z_S accounts for 2.6% of frames, with lattice depth (10,50,90-percentile)=(1,7,44) and mean=17.2
Phone er_S accounts for 2.4% of frames, with lattice depth (10,50,90-percentile)=(3,10,58) and mean=22.9
Phone k_S accounts for 2.1% of frames, with lattice depth (10,50,90-percentile)=(3,12,95) and mean=32.7
Phone ih_S accounts for 2.1% of frames, with lattice depth (10,50,90-percentile)=(5,20,83) and mean=38.2
Phone r_S accounts for 2.0% of frames, with lattice depth (10,50,90-percentile)=(3,14,54) and mean=26.4
Phone aa_S accounts for 1.5% of frames, with lattice depth (10,50,90-percentile)=(2,10,51) and mean=20.1
Phone p_S accounts for 1.5% of frames, with lattice depth (10,50,90-percentile)=(4,13,55) and mean=27.5
Phone f_S accounts for 1.4% of frames, with lattice depth (10,50,90-percentile)=(3,15,65) and mean=30.4
Phone ay_S accounts for 1.4% of frames, with lattice depth (10,50,90-percentile)=(2,9,37) and mean=15.3
Phone m_S accounts for 1.4% of frames, with lattice depth (10,50,90-percentile)=(3,13,51) and mean=27.6
Phone ae_S accounts for 1.4% of frames, with lattice depth (10,50,90-percentile)=(3,13,53) and mean=24.5
Phone d_S accounts for 1.2% of frames, with lattice depth (10,50,90-percentile)=(7,29,113) and mean=47.5
Phone sh_S accounts for 1.2% of frames, with lattice depth (10,50,90-percentile)=(2,10,39) and mean=18.3
Phone ao_S accounts for 1.1% of frames, with lattice depth (10,50,90-percentile)=(2,10,45) and mean=19.7
Phone uw_S accounts for 1.1% of frames, with lattice depth (10,50,90-percentile)=(4,15,70) and mean=30.3
Phone b_S accounts for 1.0% of frames, with lattice depth (10,50,90-percentile)=(3,18,77) and mean=32.7
Phone ow_S accounts for 1.0% of frames, with lattice depth (10,50,90-percentile)=(3,13,64) and mean=23.8
Phone eh_S accounts for 1.0% of frames, with lattice depth (10,50,90-percentile)=(5,17,60) and mean=32.4
Phone ey_S accounts for 0.9% of frames, with lattice depth (10,50,90-percentile)=(2,10,34) and mean=15.3
Phone ch_S accounts for 0.8% of frames, with lattice depth (10,50,90-percentile)=(4,16,54) and mean=26.5
Phone jh_S accounts for 0.7% of frames, with lattice depth (10,50,90-percentile)=(3,12,71) and mean=33.7
Phone w_S accounts for 0.7% of frames, with lattice depth (10,50,90-percentile)=(2,10,68) and mean=27.3
Phone ng_S accounts for 0.7% of frames, with lattice depth (10,50,90-percentile)=(2,10,34) and mean=18.2
Phone dh_S accounts for 0.5% of frames, with lattice depth (10,50,90-percentile)=(5,17,76) and mean=32.0
# Accounting: time=0 threads=1
# Ended (code 0) at Mon Dec 24 20:19:16 EET 2018, elapsed time 0 seconds
