# lattice-scale --inv-acoustic-scale=14 "ark:gunzip -c exp/bg/mono/decode/lat.*.gz|" ark:- | lattice-add-penalty --word-ins-penalty=0.5 ark:- ark:- | lattice-best-path --word-symbol-table=exp/bg/mono/graph/words.txt ark:- ark,t:- | utils/int2sym.pl -f 2- exp/bg/mono/graph/words.txt | cat > exp/bg/mono/decode/scoring_kaldi/penalty_0.5/14.txt 
# Started at Mon Dec 24 21:09:16 EET 2018
#
lattice-best-path --word-symbol-table=exp/bg/mono/graph/words.txt ark:- ark,t:- 
lattice-add-penalty --word-ins-penalty=0.5 ark:- ark:- 
lattice-scale --inv-acoustic-scale=14 'ark:gunzip -c exp/bg/mono/decode/lat.*.gz|' ark:- 
LOG (lattice-best-path[5.5.141~1-40a9d]:main():lattice-best-path.cc:99) For utterance usctimit_ema_f1_021, best cost 60.2877 + 1693.96 = 1754.25 over 290 frames.
usctimit_ema_f1_021 sil l iy oy s ah l ah n er z sil 
LOG (lattice-best-path[5.5.141~1-40a9d]:main():lattice-best-path.cc:99) For utterance usctimit_ema_f1_028, best cost 131.057 + 2962.77 = 3093.82 over 499 frames.
usctimit_ema_f1_028 sil w ih z ah m ao z ih k aa r t er d ih s ah t ey p aa p y uw aa r ey sil 
LOG (lattice-best-path[5.5.141~1-40a9d]:main():lattice-best-path.cc:99) For utterance usctimit_ema_f1_031, best cost 113.23 + 2382.38 = 2495.61 over 395 frames.
usctimit_ema_f1_031 sil eh s ah l r s l z ih g r jh uw ey sh ah v er z ah n sil 
LOG (lattice-best-path[5.5.141~1-40a9d]:main():lattice-best-path.cc:99) For utterance usctimit_ema_f1_052, best cost 110.907 + 2599.6 = 2710.51 over 431 frames.
usctimit_ema_f1_052 sil hh aa s ah n ah l ch er d z ch y ao z ah f iy r iy sil 
LOG (lattice-best-path[5.5.141~1-40a9d]:main():lattice-best-path.cc:99) For utterance usctimit_ema_f1_054, best cost 87.4709 + 2217.21 = 2304.68 over 382 frames.
usctimit_ema_f1_054 sil ch aa n t iy ch ah n ah n t ah l ih sh ah n z sil 
LOG (lattice-best-path[5.5.141~1-40a9d]:main():lattice-best-path.cc:99) For utterance usctimit_ema_f1_072, best cost 98.9348 + 2293.42 = 2392.35 over 403 frames.
usctimit_ema_f1_072 sil s ah n ih z ah v ih ng f y uw b ih k y er k s sil 
LOG (lattice-best-path[5.5.141~1-40a9d]:main():lattice-best-path.cc:99) For utterance usctimit_ema_f1_078, best cost 104.738 + 2560.98 = 2665.72 over 447 frames.
usctimit_ema_f1_078 sil ah l eh k aa s ah l iy z w aa t ah p ay n s ih z sil 
LOG (lattice-best-path[5.5.141~1-40a9d]:main():lattice-best-path.cc:99) For utterance usctimit_ema_f1_090, best cost 96.2597 + 2051.99 = 2148.25 over 353 frames.
usctimit_ema_f1_090 sil y uw m ao z ih s ah s ah l iy d ah l iy b ay l z sil 
LOG (lattice-best-path[5.5.141~1-40a9d]:main():lattice-best-path.cc:99) For utterance usctimit_ema_f1_105, best cost 115.728 + 2830.99 = 2946.72 over 461 frames.
usctimit_ema_f1_105 sil dh iy p ey l iy b aa k ae n hh ay iy aa r oy l ae m ow z sil 
LOG (lattice-best-path[5.5.141~1-40a9d]:main():lattice-best-path.cc:99) For utterance usctimit_ema_f1_108, best cost 114.001 + 2737.66 = 2851.66 over 458 frames.
usctimit_ema_f1_108 sil dh iy s ih jh eh v er z iy f r aa p eh n aa r n t iy z sil 
LOG (lattice-best-path[5.5.141~1-40a9d]:main():lattice-best-path.cc:99) For utterance usctimit_ema_f1_111, best cost 88.5756 + 1991.19 = 2079.76 over 329 frames.
usctimit_ema_f1_111 sil r ih z ih sh ah n t ah l ih z ih z f r iy l sil 
LOG (lattice-best-path[5.5.141~1-40a9d]:main():lattice-best-path.cc:99) For utterance usctimit_ema_f1_115, best cost 82.3019 + 2106.79 = 2189.09 over 355 frames.
usctimit_ema_f1_115 sil dh iy f ao r ae ch eh s er r eh k ae z sil 
LOG (lattice-best-path[5.5.141~1-40a9d]:main():lattice-best-path.cc:99) For utterance usctimit_ema_f1_123, best cost 100.551 + 2889.73 = 2990.28 over 492 frames.
usctimit_ema_f1_123 sil dh iy b ah n l s ah s ah l z ih ch iy sh ao r er sil 
LOG (lattice-best-path[5.5.141~1-40a9d]:main():lattice-best-path.cc:99) For utterance usctimit_ema_f1_126, best cost 126.898 + 2619.3 = 2746.2 over 432 frames.
usctimit_ema_f1_126 sil w ih sh ao aa k ah l z ah p ey ih n ey k aa f ih k ey sh ah n sil 
LOG (lattice-best-path[5.5.141~1-40a9d]:main():lattice-best-path.cc:99) For utterance usctimit_ema_f1_134, best cost 73.2592 + 2348.16 = 2421.42 over 416 frames.
usctimit_ema_f1_134 sil dh iy k ih z iy z ae s ih z ih k sil 
LOG (lattice-best-path[5.5.141~1-40a9d]:main():lattice-best-path.cc:99) For utterance usctimit_ema_f1_153, best cost 155.495 + 3667.85 = 3823.35 over 618 frames.
usctimit_ema_f1_153 sil dh ih m ay n iy p eh s ah s aw d z ih p iy ow s ah v ey sh ah n d r oy n z sil 
LOG (lattice-best-path[5.5.141~1-40a9d]:main():lattice-best-path.cc:99) For utterance usctimit_ema_f1_162, best cost 99.8453 + 2800.93 = 2900.77 over 486 frames.
usctimit_ema_f1_162 sil ah s ah l ah l d ih z ah n ae k oy d ey sh ah m sil 
LOG (lattice-best-path[5.5.141~1-40a9d]:main():lattice-best-path.cc:99) For utterance usctimit_ema_f1_170, best cost 94.5605 + 2686.67 = 2781.23 over 459 frames.
usctimit_ema_f1_170 sil hh ao r ay s iy ah m ih k s eh s ih k aw t sil 
LOG (lattice-best-path[5.5.141~1-40a9d]:main():lattice-best-path.cc:99) For utterance usctimit_ema_f1_198, best cost 66.6052 + 2038.41 = 2105.01 over 368 frames.
usctimit_ema_f1_198 sil ah p ah n ay v eh r k er z sil 
LOG (lattice-best-path[5.5.141~1-40a9d]:main():lattice-best-path.cc:99) For utterance usctimit_ema_f1_209, best cost 62.235 + 1922.26 = 1984.5 over 339 frames.
usctimit_ema_f1_209 sil dh iy l ih ng r p oy n ae n sil 
LOG (lattice-best-path[5.5.141~1-40a9d]:main():lattice-best-path.cc:99) For utterance usctimit_ema_f1_213, best cost 82.0326 + 2123.7 = 2205.73 over 358 frames.
usctimit_ema_f1_213 sil ay m ay z aa k aw t ay ey n s ih ng sil 
LOG (lattice-best-path[5.5.141~1-40a9d]:main():lattice-best-path.cc:99) For utterance usctimit_ema_f1_227, best cost 78.2042 + 2213.92 = 2292.12 over 386 frames.
usctimit_ema_f1_227 sil b ay iy ih ng y ao r y uw ey l er sil 
LOG (lattice-best-path[5.5.141~1-40a9d]:main():lattice-best-path.cc:99) For utterance usctimit_ema_f1_236, best cost 97.4377 + 2084.66 = 2182.1 over 358 frames.
usctimit_ema_f1_236 sil hh aw oy l ey t uw l d ih s ah l ih v eh s ih ng sil 
LOG (lattice-best-path[5.5.141~1-40a9d]:main():lattice-best-path.cc:99) For utterance usctimit_ema_f1_239, best cost 79.3734 + 2334.5 = 2413.87 over 412 frames.
usctimit_ema_f1_239 sil w ih k aa m ey z ah ch ah n iy z iy sil 
LOG (lattice-best-path[5.5.141~1-40a9d]:main():lattice-best-path.cc:99) For utterance usctimit_ema_f1_242, best cost 82.8783 + 2070.04 = 2152.92 over 356 frames.
usctimit_ema_f1_242 sil d ey t ih k ah l f ao r ih s ao r ow s sil 
LOG (lattice-best-path[5.5.141~1-40a9d]:main():lattice-best-path.cc:99) For utterance usctimit_ema_f1_244, best cost 90.1714 + 2339.73 = 2429.9 over 398 frames.
usctimit_ema_f1_244 sil dh iy eh k aa t ih k aa r d f aw er b eh n z sil 
LOG (lattice-best-path[5.5.141~1-40a9d]:main():lattice-best-path.cc:99) For utterance usctimit_ema_f1_250, best cost 66.7281 + 1909.9 = 1976.62 over 346 frames.
usctimit_ema_f1_250 sil dh iy m eh s er z aa sh ah s iy sil 
LOG (lattice-best-path[5.5.141~1-40a9d]:main():lattice-best-path.cc:99) For utterance usctimit_ema_f1_252, best cost 150.2 + 3242.47 = 3392.67 over 550 frames.
usctimit_ema_f1_252 sil aw s ah b l iy t uw w ao r w ih th aw t uw p r ih sh ah z aw w er d ih ng sil 
LOG (lattice-best-path[5.5.141~1-40a9d]:main():lattice-best-path.cc:99) For utterance usctimit_ema_f1_255, best cost 112.735 + 2501.73 = 2614.47 over 428 frames.
usctimit_ema_f1_255 sil dh iy t ih f er f r ae t ih k aa m ay n t uw f ah l aw t sil 
LOG (lattice-best-path[5.5.141~1-40a9d]:main():lattice-best-path.cc:99) For utterance usctimit_ema_f1_262, best cost 142.104 + 3406.8 = 3548.9 over 572 frames.
usctimit_ema_f1_262 sil dh iy s er ch er z r t ih k ah l iy f ao r m ih f r ah s eh k ah b ay er sil 
LOG (lattice-best-path[5.5.141~1-40a9d]:main():lattice-best-path.cc:99) For utterance usctimit_ema_f1_286, best cost 90.286 + 1774.09 = 1864.38 over 302 frames.
usctimit_ema_f1_286 sil dh eh k ah ch ey z ih z hh ae t er s ah s ah n sil 
LOG (lattice-best-path[5.5.141~1-40a9d]:main():lattice-best-path.cc:99) For utterance usctimit_ema_f1_297, best cost 107.126 + 3309.34 = 3416.47 over 592 frames.
usctimit_ema_f1_297 sil r ah n t aa n ch ah s ao f r t ah n z iy f ah n sil 
LOG (lattice-best-path[5.5.141~1-40a9d]:main():lattice-best-path.cc:99) For utterance usctimit_ema_f1_299, best cost 112.486 + 2840.46 = 2952.95 over 491 frames.
usctimit_ema_f1_299 sil hh ae k ah n er t iy z ah z s oy s ah s ay y uw eh n sil 
LOG (lattice-best-path[5.5.141~1-40a9d]:main():lattice-best-path.cc:99) For utterance usctimit_ema_f1_302, best cost 122.475 + 3312.43 = 3434.9 over 573 frames.
usctimit_ema_f1_302 sil ah d ah l aw t ae b ay s t iy ae s ah l f r iy sh ah l ih z sil 
LOG (lattice-best-path[5.5.141~1-40a9d]:main():lattice-best-path.cc:99) For utterance usctimit_ema_f1_311, best cost 130.213 + 2956.65 = 3086.86 over 495 frames.
usctimit_ema_f1_311 sil dh iy f r ey n ch ah jh eh m ay s ah t uw b ay z dh iy b r ah v er sil 
LOG (lattice-best-path[5.5.141~1-40a9d]:main():lattice-best-path.cc:99) For utterance usctimit_ema_f1_317, best cost 129.425 + 3906.56 = 4035.98 over 679 frames.
usctimit_ema_f1_317 sil ah n iy ow p iy t ay k ah s w er sh ah n w ao l iy ae n s ah n sil 
LOG (lattice-best-path[5.5.141~1-40a9d]:main():lattice-best-path.cc:99) For utterance usctimit_ema_f1_320, best cost 101.175 + 2633.33 = 2734.51 over 454 frames.
usctimit_ema_f1_320 sil ih k ah n s er l ah jh oy d ih sh ah l ih sh ih zh sil 
LOG (lattice-best-path[5.5.141~1-40a9d]:main():lattice-best-path.cc:99) For utterance usctimit_ema_f1_323, best cost 100.295 + 2601.81 = 2702.11 over 450 frames.
usctimit_ema_f1_323 sil dh ae n s w ih sh ah m ay ch er k oy z eh k ah z sil 
LOG (lattice-best-path[5.5.141~1-40a9d]:main():lattice-best-path.cc:99) For utterance usctimit_ema_f1_325, best cost 91.9996 + 2328.2 = 2420.2 over 400 frames.
usctimit_ema_f1_325 sil w ih sh ah l ah m aa ch ih z ey t ay m dh iy z sil 
LOG (lattice-best-path[5.5.141~1-40a9d]:main():lattice-best-path.cc:99) For utterance usctimit_ema_f1_342, best cost 100.67 + 2670.87 = 2771.54 over 452 frames.
usctimit_ema_f1_342 sil sh uw w ey t er z eh t r f r l d ih s ih ng sil 
LOG (lattice-best-path[5.5.141~1-40a9d]:main():lattice-best-path.cc:99) For utterance usctimit_ema_f1_346, best cost 90.0632 + 1927.89 = 2017.96 over 328 frames.
usctimit_ema_f1_346 sil w ao k ah m ah n iy s t uw n z iy ch iy er sil 
LOG (lattice-best-path[5.5.141~1-40a9d]:main():lattice-best-path.cc:99) For utterance usctimit_ema_f1_347, best cost 116.475 + 2629.96 = 2746.43 over 452 frames.
usctimit_ema_f1_347 sil r jh ah p r n ay d ah f iy ch ih g ae sh ao r ih jh sil 
LOG (lattice-best-path[5.5.141~1-40a9d]:main():lattice-best-path.cc:99) For utterance usctimit_ema_f1_356, best cost 72.5748 + 1794.05 = 1866.62 over 302 frames.
usctimit_ema_f1_356 sil dh iy l ay k l hh ae ch aw er z sil 
LOG (lattice-best-path[5.5.141~1-40a9d]:main():lattice-best-path.cc:99) For utterance usctimit_ema_f1_360, best cost 138.757 + 2779.18 = 2917.94 over 462 frames.
usctimit_ema_f1_360 sil dh iy v ih z dh iy s l iy f ay d ih k l ae n s er th ih z ah s m l iy sil 
LOG (lattice-best-path[5.5.141~1-40a9d]:main():lattice-best-path.cc:99) For utterance usctimit_ema_f1_362, best cost 83.5588 + 2391 = 2474.56 over 430 frames.
usctimit_ema_f1_362 sil dh iy s ih n ah v er w ao r n t ih k y er sil 
LOG (lattice-best-path[5.5.141~1-40a9d]:main():lattice-best-path.cc:99) For utterance usctimit_ema_f1_364, best cost 126.798 + 2687.35 = 2814.15 over 457 frames.
usctimit_ema_f1_364 sil dh iy t ae s ih k ae b r d eh k ao z ih k ae t ae f ih t ae n sil 
LOG (lattice-best-path[5.5.141~1-40a9d]:main():lattice-best-path.cc:99) For utterance usctimit_ema_f1_368, best cost 89.3876 + 2594.12 = 2683.51 over 450 frames.
usctimit_ema_f1_368 sil w ih s ah v ae n ah t ih th ih sh ah m jh sil 
LOG (lattice-best-path[5.5.141~1-40a9d]:main():lattice-best-path.cc:99) For utterance usctimit_ema_f1_382, best cost 130.655 + 3348.3 = 3478.96 over 595 frames.
usctimit_ema_f1_382 sil s ih sh l iy k ah l z ah n eh k ae sh ah l iy ow z ah n sh ah b ih ng sil 
LOG (lattice-best-path[5.5.141~1-40a9d]:main():lattice-best-path.cc:99) For utterance usctimit_ema_f1_394, best cost 118.946 + 3146.27 = 3265.21 over 548 frames.
usctimit_ema_f1_394 sil dh iy z ih r s ah p w iy s ah n t ay k ah l s m ay er z sil 
LOG (lattice-best-path[5.5.141~1-40a9d]:main():lattice-best-path.cc:99) For utterance usctimit_ema_f1_397, best cost 139.925 + 2912.82 = 3052.74 over 501 frames.
usctimit_ema_f1_397 sil s ah b r n ah s ay s k aa k ah n s ah v er f ih g ae k aa b ah t sil 
LOG (lattice-best-path[5.5.141~1-40a9d]:main():lattice-best-path.cc:99) For utterance usctimit_ema_f1_402, best cost 73.1152 + 2269.51 = 2342.62 over 401 frames.
usctimit_ema_f1_402 sil r s ih k ah t ih f r iy ch iy z sil 
LOG (lattice-best-path[5.5.141~1-40a9d]:main():lattice-best-path.cc:99) For utterance usctimit_ema_f1_405, best cost 104.912 + 2948.64 = 3053.55 over 510 frames.
usctimit_ema_f1_405 sil w ey ah s p r iy s ae p oy n t er ih ng g r er sil 
LOG (lattice-best-path[5.5.141~1-40a9d]:main():lattice-best-path.cc:99) For utterance usctimit_ema_f1_451, best cost 124.28 + 2682.05 = 2806.33 over 444 frames.
usctimit_ema_f1_451 sil ch ow t ih ng k ah n z ih m ay iy f r l t ih m ah n s ih ng sil 
LOG (lattice-best-path[5.5.141~1-40a9d]:main():lattice-best-path.cc:99) For utterance usctimit_ema_f1_453, best cost 126.785 + 2749.54 = 2876.32 over 476 frames.
usctimit_ema_f1_453 sil w eh n er z k w ih ng ih ng z ih ng hh ae v er ch ah b ow p er ah n sil 
LOG (lattice-best-path[5.5.141~1-40a9d]:main():lattice-best-path.cc:99) For utterance usctimit_ema_f1_456, best cost 121.777 + 2547.81 = 2669.59 over 433 frames.
usctimit_ema_f1_456 sil ah m ow s ih d eh k ah l m p ae t uw ae n z b aa r d ih ng sil 
LOG (lattice-best-path[5.5.141~1-40a9d]:main():lattice-best-path.cc:99) For utterance usctimit_ema_f1_460, best cost 77.9995 + 1880.2 = 1958.2 over 334 frames.
usctimit_ema_f1_460 sil w ih sh iy t ih sh ah m ah b ih g ah z sil 
LOG (lattice-best-path[5.5.141~1-40a9d]:main():lattice-best-path.cc:99) For utterance usctimit_ema_f5_009, best cost 63.3254 + 1927.77 = 1991.09 over 341 frames.
usctimit_ema_f5_009 sil y uw l aw w er l ay z sil 
LOG (lattice-best-path[5.5.141~1-40a9d]:main():lattice-best-path.cc:99) For utterance usctimit_ema_f5_011, best cost 72.5788 + 1881.39 = 1953.97 over 301 frames.
usctimit_ema_f5_011 sil dh iy r m ah s ay z ih k ae n sil 
LOG (lattice-best-path[5.5.141~1-40a9d]:main():lattice-best-path.cc:99) For utterance usctimit_ema_f5_017, best cost 96.1849 + 2136.64 = 2232.83 over 328 frames.
usctimit_ema_f5_017 sil aw m iy g r d f ao z m ae z w ao l sil 
LOG (lattice-best-path[5.5.141~1-40a9d]:main():lattice-best-path.cc:99) For utterance usctimit_ema_f5_019, best cost 86.6714 + 1906.35 = 1993.02 over 308 frames.
usctimit_ema_f5_019 sil ah f ah l f eh t ah t iy f r iy m sil 
LOG (lattice-best-path[5.5.141~1-40a9d]:main():lattice-best-path.cc:99) For utterance usctimit_ema_f5_066, best cost 85.1961 + 2234.75 = 2319.95 over 335 frames.
usctimit_ema_f5_066 sil ae t ah t eh g ah s t uw f r ey l iy sil 
LOG (lattice-best-path[5.5.141~1-40a9d]:main():lattice-best-path.cc:99) For utterance usctimit_ema_f5_080, best cost 113.383 + 2642.89 = 2756.27 over 417 frames.
usctimit_ema_f5_080 sil dh iy k ah s ah l ey t er t aa p eh k l ae p ay l z sil 
LOG (lattice-best-path[5.5.141~1-40a9d]:main():lattice-best-path.cc:99) For utterance usctimit_ema_f5_081, best cost 114.803 + 2381.21 = 2496.01 over 373 frames.
usctimit_ema_f5_081 sil ae s k r ey p r iy s t ae k s ah n d eh n ey sh ah n sil 
LOG (lattice-best-path[5.5.141~1-40a9d]:main():lattice-best-path.cc:99) For utterance usctimit_ema_f5_090, best cost 110.608 + 2374.87 = 2485.48 over 385 frames.
usctimit_ema_f5_090 sil dh iy n s ih k s ah s ih k l iy d ih l iy f ay l z sil 
LOG (lattice-best-path[5.5.141~1-40a9d]:main():lattice-best-path.cc:99) For utterance usctimit_ema_f5_143, best cost 115.535 + 2767.49 = 2883.03 over 473 frames.
usctimit_ema_f5_143 sil dh iy k ah f r ah s ao f er z ey sh ah s ih s ih sh ah t sil 
LOG (lattice-best-path[5.5.141~1-40a9d]:main():lattice-best-path.cc:99) For utterance usctimit_ema_f5_144, best cost 159.889 + 3586.79 = 3746.67 over 594 frames.
usctimit_ema_f5_144 sil ae s k ao th ih z dh iy p eh n t uw jh ah n uw b ow t hh aa b iy aa n iy z sil 
LOG (lattice-best-path[5.5.141~1-40a9d]:main():lattice-best-path.cc:99) For utterance usctimit_ema_f5_162, best cost 114.237 + 2859.71 = 2973.95 over 483 frames.
usctimit_ema_f5_162 sil ah s ao k aa jh ih z ah n aw k l d ey sh ah l sil 
LOG (lattice-best-path[5.5.141~1-40a9d]:main():lattice-best-path.cc:99) For utterance usctimit_ema_f5_163, best cost 132.54 + 3195.68 = 3328.22 over 532 frames.
usctimit_ema_f5_163 sil dh iy ch ah t er z b ay hh iy z ah jh eh n w ao z ah m z f ao r iy sil 
LOG (lattice-best-path[5.5.141~1-40a9d]:main():lattice-best-path.cc:99) For utterance usctimit_ema_f5_164, best cost 76.8502 + 2372.47 = 2449.33 over 405 frames.
usctimit_ema_f5_164 sil dh ih k uw z d aw t uw d sil 
LOG (lattice-best-path[5.5.141~1-40a9d]:main():lattice-best-path.cc:99) For utterance usctimit_ema_f5_174, best cost 92.1417 + 2328.24 = 2420.39 over 386 frames.
usctimit_ema_f5_174 sil s t er hh ae t r ae t ae sh ah z y er sil 
LOG (lattice-best-path[5.5.141~1-40a9d]:main():lattice-best-path.cc:99) For utterance usctimit_ema_f5_197, best cost 97.8777 + 2328.97 = 2426.85 over 400 frames.
usctimit_ema_f5_197 sil dh iy s m l ah p iy p w er m m hh aw t sil 
LOG (lattice-best-path[5.5.141~1-40a9d]:main():lattice-best-path.cc:99) For utterance usctimit_ema_f5_208, best cost 83.8624 + 2148.74 = 2232.6 over 373 frames.
usctimit_ema_f5_208 sil dh iy b y uw p oy l ah l dh iy ow sh ah n sil 
LOG (lattice-best-path[5.5.141~1-40a9d]:main():lattice-best-path.cc:99) For utterance usctimit_ema_f5_233, best cost 186.282 + 4034.99 = 4221.27 over 648 frames.
usctimit_ema_f5_233 sil ae n iy ey b l iy sil r m ah b ah t ah l aw oy d eh k t ah n s eh t uw f r iy dh iy sil 
LOG (lattice-best-path[5.5.141~1-40a9d]:main():lattice-best-path.cc:99) For utterance usctimit_ema_f5_243, best cost 104.387 + 2189.29 = 2293.68 over 363 frames.
usctimit_ema_f5_243 sil er hh ao l d ey p r n dh iy l b l t ah z sil 
LOG (lattice-best-path[5.5.141~1-40a9d]:main():lattice-best-path.cc:99) For utterance usctimit_ema_f5_244, best cost 98.2755 + 2493.08 = 2591.35 over 412 frames.
usctimit_ema_f5_244 sil dh iy t er f ah d p aw ah f ao r b eh d z sil 
LOG (lattice-best-path[5.5.141~1-40a9d]:main():lattice-best-path.cc:99) For utterance usctimit_ema_f5_272, best cost 107.002 + 2225.54 = 2332.54 over 364 frames.
usctimit_ema_f5_272 sil t ow f l z m ey t ah p aa s ah s oy b iy z sil 
LOG (lattice-best-path[5.5.141~1-40a9d]:main():lattice-best-path.cc:99) For utterance usctimit_ema_f5_281, best cost 176.478 + 3538.15 = 3714.63 over 565 frames.
usctimit_ema_f5_281 sil ay d ay er z ih s ah p l k ah v iy w oy n f ao r ih k er k aa k ah n s ah g eh t sil 
LOG (lattice-best-path[5.5.141~1-40a9d]:main():lattice-best-path.cc:99) For utterance usctimit_ema_f5_304, best cost 165.701 + 4051.54 = 4217.24 over 667 frames.
usctimit_ema_f5_304 sil g eh s aa p ay t iy m eh k w uh d ah n aa t ih z k oy n eh sh ah l f ao r z sil 
LOG (lattice-best-path[5.5.141~1-40a9d]:main():lattice-best-path.cc:99) For utterance usctimit_ema_f5_307, best cost 107.833 + 2478.96 = 2586.79 over 418 frames.
usctimit_ema_f5_307 sil t uw ch ah n t ah t eh d ih g uw s p aw t l sil 
LOG (lattice-best-path[5.5.141~1-40a9d]:main():lattice-best-path.cc:99) For utterance usctimit_ema_f5_329, best cost 127.095 + 3044.31 = 3171.4 over 535 frames.
usctimit_ema_f5_329 sil dh iy k aw w aa n er f r m f r m ay n dh iy hh iy m ao s sil 
LOG (lattice-best-path[5.5.141~1-40a9d]:main():lattice-best-path.cc:99) For utterance usctimit_ema_f5_330, best cost 189.59 + 3894.25 = 4083.84 over 611 frames.
usctimit_ema_f5_330 sil dh iy t ah n t ah m iy d ah m ao s k ow n s ay d dh iy b r ih k ae n iy z iy s ah s t ah m p r sil 
LOG (lattice-best-path[5.5.141~1-40a9d]:main():lattice-best-path.cc:99) For utterance usctimit_ema_f5_334, best cost 140.995 + 3236.49 = 3377.49 over 536 frames.
usctimit_ema_f5_334 sil w ey s k aa s t iy m iy b l ae k ae s t iy k t iy l d ae n sil 
LOG (lattice-best-path[5.5.141~1-40a9d]:main():lattice-best-path.cc:99) For utterance usctimit_ema_f5_336, best cost 116.814 + 2395.21 = 2512.02 over 396 frames.
usctimit_ema_f5_336 sil ae n oy s p aa n g er z m ao r n oy iy ch t ey sil 
LOG (lattice-best-path[5.5.141~1-40a9d]:main():lattice-best-path.cc:99) For utterance usctimit_ema_f5_343, best cost 124.551 + 2974.19 = 3098.74 over 506 frames.
usctimit_ema_f5_343 sil ah jh ah s ah jh ah n ah n uw r k y uw aa jh k ah n z iy m sil 
LOG (lattice-best-path[5.5.141~1-40a9d]:main():lattice-best-path.cc:99) For utterance usctimit_ema_f5_348, best cost 109.398 + 2703.31 = 2812.71 over 455 frames.
usctimit_ema_f5_348 sil dh iy k aa t ih k ih sh ah p er ao r iy jh ah b ah d sil 
LOG (lattice-best-path[5.5.141~1-40a9d]:main():lattice-best-path.cc:99) For utterance usctimit_ema_f5_349, best cost 75.4862 + 2326.35 = 2401.83 over 405 frames.
usctimit_ema_f5_349 sil dh iy sh ah s k er f r jh oy z sil 
LOG (lattice-best-path[5.5.141~1-40a9d]:main():lattice-best-path.cc:99) For utterance usctimit_ema_f5_354, best cost 158.336 + 4055.35 = 4213.69 over 679 frames.
usctimit_ema_f5_354 w eh v er dh iy g r m ay t ah p eh sh ah m ay z ih z sil ah l ah n d sil 
LOG (lattice-best-path[5.5.141~1-40a9d]:main():lattice-best-path.cc:99) For utterance usctimit_ema_f5_356, best cost 65.4807 + 1443.9 = 1509.38 over 219 frames.
usctimit_ema_f5_356 sil dh iy l ay k aa n dh iy l 
LOG (lattice-best-path[5.5.141~1-40a9d]:main():lattice-best-path.cc:99) For utterance usctimit_ema_f5_369, best cost 145.132 + 3146.13 = 3291.27 over 537 frames.
usctimit_ema_f5_369 sil dh er z ah jh ay ae t ih k w ao s t ih k s t er ih ng dh iy t aa p ae t sil 
LOG (lattice-best-path[5.5.141~1-40a9d]:main():lattice-best-path.cc:99) For utterance usctimit_ema_f5_375, best cost 113.936 + 2660.78 = 2774.72 over 435 frames.
usctimit_ema_f5_375 sil ay er sh ah t er z iy ch er s p er ch er b r ah s t sil 
LOG (lattice-best-path[5.5.141~1-40a9d]:main():lattice-best-path.cc:99) For utterance usctimit_ema_f5_389, best cost 166.54 + 3434.1 = 3600.64 over 553 frames.
usctimit_ema_f5_389 sil dh iy f ih ch er k m ey n dh iy t ih s t er k t iy z dh iy t uw s iy p iy t ih z sil 
LOG (lattice-best-path[5.5.141~1-40a9d]:main():lattice-best-path.cc:99) For utterance usctimit_ema_f5_392, best cost 140.755 + 3426.34 = 3567.1 over 574 frames.
usctimit_ema_f5_392 sil dh er ch ah n eh s t ah m p ay k ih k ah m z ih s ah s ah sh uw z sil 
LOG (lattice-best-path[5.5.141~1-40a9d]:main():lattice-best-path.cc:99) For utterance usctimit_ema_f5_396, best cost 168.354 + 3277.66 = 3446.01 over 518 frames.
usctimit_ema_f5_396 sil dh iy ae t ay z ih ng g er s t ah v p r m ah v er ay n iy s t r ih v er ch ey n d ih z sil 
LOG (lattice-best-path[5.5.141~1-40a9d]:main():lattice-best-path.cc:99) For utterance usctimit_ema_f5_406, best cost 136.271 + 3118.7 = 3254.97 over 512 frames.
usctimit_ema_f5_406 sil dh iy s ih g ow f ao s ih l iy ow v ow b ay t ah ch ow n d iy z sil 
LOG (lattice-best-path[5.5.141~1-40a9d]:main():lattice-best-path.cc:99) For utterance usctimit_ema_f5_424, best cost 67.5889 + 2165.49 = 2233.07 over 379 frames.
usctimit_ema_f5_424 sil dh iy p iy p l d b iy ah n d sil 
LOG (lattice-best-path[5.5.141~1-40a9d]:main():lattice-best-path.cc:99) For utterance usctimit_ema_f5_426, best cost 88.0711 + 2233.42 = 2321.49 over 335 frames.
usctimit_ema_f5_426 sil dh iy z iy ow z ah l z ih s iy p iy ah 
LOG (lattice-best-path[5.5.141~1-40a9d]:main():lattice-best-path.cc:99) For utterance usctimit_ema_f5_431, best cost 121.472 + 2617.66 = 2739.13 over 427 frames.
usctimit_ema_f5_431 sil aa p aa f ao r ih z ey sh ah f ih k ae f ah n er z er z sil 
LOG (lattice-best-path[5.5.141~1-40a9d]:main():lattice-best-path.cc:99) For utterance usctimit_ema_f5_436, best cost 115.278 + 2505.32 = 2620.6 over 405 frames.
usctimit_ema_f5_436 sil hh er s p er th iy f r k l ey k er z ah n d ih ng sil 
LOG (lattice-best-path[5.5.141~1-40a9d]:main():lattice-best-path.cc:99) For utterance usctimit_ema_f5_438, best cost 146.905 + 3059.43 = 3206.33 over 498 frames.
usctimit_ema_f5_438 sil dh iy p ay ao t r ey m ao l ey n t ih k ah p y uw z dh iy t r d ih sh ah n sil 
LOG (lattice-best-path[5.5.141~1-40a9d]:main():lattice-best-path.cc:99) For utterance usctimit_ema_f5_447, best cost 132.253 + 3276.06 = 3408.31 over 536 frames.
usctimit_ema_f5_447 sil r uw z iy n d ih s ay dh iy n dh iy s t iy n t ow v er sil 
LOG (lattice-best-path[5.5.141~1-40a9d]:main():lattice-best-path.cc:99) For utterance usctimit_ema_f5_451, best cost 153.42 + 3429.16 = 3582.58 over 533 frames.
usctimit_ema_f5_451 sil t l iy ch l ih k ah s uw m ah n iy f er r l t ah m ah n s ih ng sil 
LOG (lattice-best-path[5.5.141~1-40a9d]:main():lattice-best-path.cc:99) For utterance usctimit_ema_m1_006, best cost 88.7329 + 2279.26 = 2367.99 over 381 frames.
usctimit_ema_m1_006 sil w ay t l w ao r iy f r s l iy ae m z sil 
LOG (lattice-best-path[5.5.141~1-40a9d]:main():lattice-best-path.cc:99) For utterance usctimit_ema_m1_010, best cost 62.963 + 1749.12 = 1812.09 over 306 frames.
usctimit_ema_m1_010 sil w ao r l w ao r iy l ah l iy sil 
LOG (lattice-best-path[5.5.141~1-40a9d]:main():lattice-best-path.cc:99) For utterance usctimit_ema_m1_012, best cost 116.957 + 2730.47 = 2847.42 over 456 frames.
usctimit_ema_m1_012 sil ao f er z ih z ih z ae m er v y uw v er f ao m ow sil 
LOG (lattice-best-path[5.5.141~1-40a9d]:main():lattice-best-path.cc:99) For utterance usctimit_ema_m1_051, best cost 107.412 + 2600.25 = 2707.67 over 421 frames.
usctimit_ema_m1_051 sil ih k aa k r iy sh ah l iy k r dh iy p ih sh iy ey d sil 
LOG (lattice-best-path[5.5.141~1-40a9d]:main():lattice-best-path.cc:99) For utterance usctimit_ema_m1_090, best cost 99.7869 + 2158.1 = 2257.88 over 356 frames.
usctimit_ema_m1_090 sil y uw m ah s ih s ah s ah l iy b ah l iy f ay l z sil 
LOG (lattice-best-path[5.5.141~1-40a9d]:main():lattice-best-path.cc:99) For utterance usctimit_ema_m1_095, best cost 115.047 + 2530.93 = 2645.97 over 420 frames.
usctimit_ema_m1_095 sil dh iy b eh s w ey t l er z s ah l ch er p r aa b l z sil 
LOG (lattice-best-path[5.5.141~1-40a9d]:main():lattice-best-path.cc:99) For utterance usctimit_ema_m1_098, best cost 96.86 + 2447.87 = 2544.73 over 421 frames.
usctimit_ema_m1_098 sil ah m ah s y uw r ae n s k ih f r iy b ae t sil 
LOG (lattice-best-path[5.5.141~1-40a9d]:main():lattice-best-path.cc:99) For utterance usctimit_ema_m1_099, best cost 120.162 + 2833.96 = 2954.12 over 495 frames.
usctimit_ema_m1_099 sil dh iy k aa t uw f iy ch er z ah m ah s p r ae k ah t ae p l sil 
LOG (lattice-best-path[5.5.141~1-40a9d]:main():lattice-best-path.cc:99) For utterance usctimit_ema_m1_137, best cost 141.708 + 2983.67 = 3125.38 over 499 frames.
usctimit_ema_m1_137 sil k l th ih k ae k ah t uw z jh eh jh p ay s t ae n er ay s t ae s sil 
LOG (lattice-best-path[5.5.141~1-40a9d]:main():lattice-best-path.cc:99) For utterance usctimit_ema_m1_139, best cost 119.452 + 3255.44 = 3374.89 over 571 frames.
usctimit_ema_m1_139 sil w er k ah n t ey t m ah ch k ao r iy n s aw n z ay z sil 
LOG (lattice-best-path[5.5.141~1-40a9d]:main():lattice-best-path.cc:99) For utterance usctimit_ema_m1_145, best cost 155.795 + 3306.83 = 3462.63 over 546 frames.
usctimit_ema_m1_145 sil eh s p r k aa sh ah n iy l w ao z b ay b ah n hh aw er f r ah s t aa k l sil 
LOG (lattice-best-path[5.5.141~1-40a9d]:main():lattice-best-path.cc:99) For utterance usctimit_ema_m1_158, best cost 164.149 + 3362.14 = 3526.29 over 573 frames.
usctimit_ema_m1_158 sil b ay n f er b r k ao r f r k ao r z ah n t w ih sh ah n ah n eh k s p r t iy z sil 
LOG (lattice-best-path[5.5.141~1-40a9d]:main():lattice-best-path.cc:99) For utterance usctimit_ema_m1_160, best cost 152.984 + 3085.71 = 3238.69 over 512 frames.
usctimit_ema_m1_160 sil ch ih ng k er ch er ch ah l ah n t ah m ey t eh r ow hh aw w ih ng k aa s t uw sil 
LOG (lattice-best-path[5.5.141~1-40a9d]:main():lattice-best-path.cc:99) For utterance usctimit_ema_m1_162, best cost 111.706 + 2932.51 = 3044.21 over 506 frames.
usctimit_ema_m1_162 sil ah m ao z ah l k ah l d ih z ah n ow k ow ch ey sh ah l sil 
LOG (lattice-best-path[5.5.141~1-40a9d]:main():lattice-best-path.cc:99) For utterance usctimit_ema_m1_164, best cost 64.5653 + 2347.87 = 2412.44 over 407 frames.
usctimit_ema_m1_164 sil hh ih k uw z aa n t uw sil 
LOG (lattice-best-path[5.5.141~1-40a9d]:main():lattice-best-path.cc:99) For utterance usctimit_ema_m1_166, best cost 76.2763 + 2133.16 = 2209.44 over 380 frames.
usctimit_ema_m1_166 sil dh iy k ae t iy l z hh er w iy er z sil 
LOG (lattice-best-path[5.5.141~1-40a9d]:main():lattice-best-path.cc:99) For utterance usctimit_ema_m1_169, best cost 72.462 + 1916.52 = 1988.99 over 346 frames.
usctimit_ema_m1_169 sil dh iy aa f r g ow aw n iy d ih ng sil 
LOG (lattice-best-path[5.5.141~1-40a9d]:main():lattice-best-path.cc:99) For utterance usctimit_ema_m1_179, best cost 88.3452 + 2085.64 = 2173.98 over 365 frames.
usctimit_ema_m1_179 sil k aa r iy ch k r f ah n uw ae k s ih z sil 
LOG (lattice-best-path[5.5.141~1-40a9d]:main():lattice-best-path.cc:99) For utterance usctimit_ema_m1_183, best cost 117.249 + 3082.16 = 3199.41 over 544 frames.
usctimit_ema_m1_183 sil ah p r ch er ch er v iy l s ae ch uw s k p ow zh er sil 
LOG (lattice-best-path[5.5.141~1-40a9d]:main():lattice-best-path.cc:99) For utterance usctimit_ema_m1_193, best cost 152.485 + 3145.95 = 3298.44 over 545 frames.
usctimit_ema_m1_193 sil ay d ey v ah n s er v er ch oy z ih z ah m ah p ah n t ae t p r ay ao r iy z sil 
LOG (lattice-best-path[5.5.141~1-40a9d]:main():lattice-best-path.cc:99) For utterance usctimit_ema_m1_204, best cost 67.9159 + 1906.54 = 1974.46 over 353 frames.
usctimit_ema_m1_204 sil hh aa k uh d ih jh er n d er z sil 
LOG (lattice-best-path[5.5.141~1-40a9d]:main():lattice-best-path.cc:99) For utterance usctimit_ema_m1_209, best cost 64.467 + 1931.34 = 1995.81 over 352 frames.
usctimit_ema_m1_209 sil w ih l th ih f er p oy n sil 
LOG (lattice-best-path[5.5.141~1-40a9d]:main():lattice-best-path.cc:99) For utterance usctimit_ema_m1_224, best cost 92.5164 + 2330.12 = 2422.64 over 406 frames.
usctimit_ema_m1_224 sil ay ey t ah f r oy s t er n ao z p l iy sil 
LOG (lattice-best-path[5.5.141~1-40a9d]:main():lattice-best-path.cc:99) For utterance usctimit_ema_m1_229, best cost 102.991 + 2294.6 = 2397.59 over 395 frames.
usctimit_ema_m1_229 sil m ay dh iy w ih ng ih g ah n s ah hh aa k aa f iy sil 
LOG (lattice-best-path[5.5.141~1-40a9d]:main():lattice-best-path.cc:99) For utterance usctimit_ema_m1_237, best cost 119.457 + 2684.03 = 2803.49 over 450 frames.
usctimit_ema_m1_237 sil w ih s aa p iy t ay m iy ay s k l z b l w ao r uw f sil 
LOG (lattice-best-path[5.5.141~1-40a9d]:main():lattice-best-path.cc:99) For utterance usctimit_ema_m1_265, best cost 126.004 + 2800.71 = 2926.71 over 470 frames.
usctimit_ema_m1_265 sil p iy t ey t ih s t er iy t ih v p aa t uw k ah n z f ao r iy sil 
LOG (lattice-best-path[5.5.141~1-40a9d]:main():lattice-best-path.cc:99) For utterance usctimit_ema_m1_269, best cost 117.856 + 2755.43 = 2873.29 over 491 frames.
usctimit_ema_m1_269 sil ay b r ah m ah p ay dh ow sh uw z ah b iy v er ch er ch sil 
LOG (lattice-best-path[5.5.141~1-40a9d]:main():lattice-best-path.cc:99) For utterance usctimit_ema_m1_277, best cost 85.1507 + 1864.98 = 1950.13 over 337 frames.
usctimit_ema_m1_277 sil dh iy m iy ih ng dh ih z aw er jh er n z sil 
LOG (lattice-best-path[5.5.141~1-40a9d]:main():lattice-best-path.cc:99) For utterance usctimit_ema_m1_302, best cost 183.902 + 4264.58 = 4448.48 over 706 frames.
usctimit_ema_m1_302 sil ah l ah n aa t ah l m ey l ah t uw s t iy k ah n aa s uw b l f r iy ih ng sh ah l f ey sh 
LOG (lattice-best-path[5.5.141~1-40a9d]:main():lattice-best-path.cc:99) For utterance usctimit_ema_m1_303, best cost 107.128 + 2339.93 = 2447.06 over 415 frames.
usctimit_ema_m1_303 sil aa f ah n iy g ah p ae k ao r ih n iy p uh d ey n sil 
LOG (lattice-best-path[5.5.141~1-40a9d]:main():lattice-best-path.cc:99) For utterance usctimit_ema_m1_317, best cost 162.048 + 4155.71 = 4317.75 over 731 frames.
usctimit_ema_m1_317 sil dh iy w ao f iy t ay k uw s w er sh ah n b aa p ow th ih g aa p ae n s t uw er sil 
LOG (lattice-best-path[5.5.141~1-40a9d]:main():lattice-best-path.cc:99) For utterance usctimit_ema_m1_320, best cost 119.361 + 2685.46 = 2804.82 over 468 frames.
usctimit_ema_m1_320 sil dh iy k aa s ao r w ay n jh oy d ih sh ah l f ih sh t ih sh sil 
LOG (lattice-best-path[5.5.141~1-40a9d]:main():lattice-best-path.cc:99) For utterance usctimit_ema_m1_322, best cost 104.344 + 2362.87 = 2467.22 over 422 frames.
usctimit_ema_m1_322 sil ah l f ah n z aa n t ah l d r iy n ae m l z sil 
LOG (lattice-best-path[5.5.141~1-40a9d]:main():lattice-best-path.cc:99) For utterance usctimit_ema_m1_336, best cost 123.142 + 2823.09 = 2946.23 over 475 frames.
usctimit_ema_m1_336 sil dh ae n oy s p r ah m g ow z r ow z m ao r w iy ch ey sil 
LOG (lattice-best-path[5.5.141~1-40a9d]:main():lattice-best-path.cc:99) For utterance usctimit_ema_m1_338, best cost 122.519 + 2894.4 = 3016.92 over 511 frames.
usctimit_ema_m1_338 sil dh ae t ay d r m ey k s ah n z ah l iy f er m ah s eh v iy sil 
LOG (lattice-best-path[5.5.141~1-40a9d]:main():lattice-best-path.cc:99) For utterance usctimit_ema_m1_340, best cost 89.1656 + 1847.53 = 1936.69 over 316 frames.
usctimit_ema_m1_340 sil jh ao ng k ih ng sh ah l f ih f ao l ih ng sil 
LOG (lattice-best-path[5.5.141~1-40a9d]:main():lattice-best-path.cc:99) For utterance usctimit_ema_m1_344, best cost 122.654 + 2511.87 = 2634.52 over 454 frames.
usctimit_ema_m1_344 sil hh ae m b ih z g r ay v ih ng l s ah n t ah n dh er z ey z sil 
LOG (lattice-best-path[5.5.141~1-40a9d]:main():lattice-best-path.cc:99) For utterance usctimit_ema_m1_347, best cost 118.693 + 2796.73 = 2915.43 over 467 frames.
usctimit_ema_m1_347 sil t er z p er w ih b aa p ah f uw sh er k ae sh ah jh sil 
LOG (lattice-best-path[5.5.141~1-40a9d]:main():lattice-best-path.cc:99) For utterance usctimit_ema_m1_350, best cost 102.053 + 1981.38 = 2083.43 over 337 frames.
usctimit_ema_m1_350 sil ih sh ah l er f ah l z ih v er w ah b er p ah n sil 
LOG (lattice-best-path[5.5.141~1-40a9d]:main():lattice-best-path.cc:99) For utterance usctimit_ema_m1_360, best cost 149.337 + 3079.72 = 3229.06 over 500 frames.
usctimit_ema_m1_360 sil dh iy f ih sh iy ae z ah l iy f r t ih k l iy l s er f ih s ah s m l iy sil 
LOG (lattice-best-path[5.5.141~1-40a9d]:main():lattice-best-path.cc:99) For utterance usctimit_ema_m1_361, best cost 114.523 + 2270.26 = 2384.79 over 383 frames.
usctimit_ema_m1_361 sil t ih n t ey sh iy l th ih s iy m uw dh iy s w ih s w iy sil 
LOG (lattice-best-path[5.5.141~1-40a9d]:main():lattice-best-path.cc:99) For utterance usctimit_ema_m1_367, best cost 114.227 + 2778.37 = 2892.6 over 492 frames.
usctimit_ema_m1_367 sil b aa b er p ey p er m iy s ah b iy b aa n f ay er sil 
LOG (lattice-best-path[5.5.141~1-40a9d]:main():lattice-best-path.cc:99) For utterance usctimit_ema_m1_368, best cost 108.595 + 2740.62 = 2849.22 over 474 frames.
usctimit_ema_m1_368 sil k ao sh ah v er hh ae v ow t uw f ih sh ah n ah jh sil 
LOG (lattice-best-path[5.5.141~1-40a9d]:main():lattice-best-path.cc:99) For utterance usctimit_ema_m1_375, best cost 126.607 + 2751.24 = 2877.85 over 464 frames.
usctimit_ema_m1_375 sil ay r sh ow ch er z iy f r jh t ah p er ch er b r k ah z sil 
LOG (lattice-best-path[5.5.141~1-40a9d]:main():lattice-best-path.cc:99) For utterance usctimit_ema_m1_394, best cost 128.386 + 3219.66 = 3348.05 over 547 frames.
usctimit_ema_m1_394 sil dh iy z ah g r s ah p l iy s ah n t f ay k aa t s m ow v er z sil 
LOG (lattice-best-path[5.5.141~1-40a9d]:main():lattice-best-path.cc:99) For utterance usctimit_ema_m1_400, best cost 112.35 + 2292.43 = 2404.78 over 382 frames.
usctimit_ema_m1_400 sil w ih z ah s l aa r ch ih ng b ay dh iy aa r ih ng ao r sil 
LOG (lattice-best-path[5.5.141~1-40a9d]:main():lattice-best-path.cc:99) For utterance usctimit_ema_m1_432, best cost 56.2903 + 1579.9 = 1636.19 over 285 frames.
usctimit_ema_m1_432 sil ah l aw l iy w ey er sil 
LOG (lattice-best-path[5.5.141~1-40a9d]:main():lattice-best-path.cc:99) For utterance usctimit_ema_m3_010, best cost 63.4771 + 1889.67 = 1953.14 over 327 frames.
usctimit_ema_m3_010 sil w ao r aa r w er y ah l iy sil 
LOG (lattice-best-path[5.5.141~1-40a9d]:main():lattice-best-path.cc:99) For utterance usctimit_ema_m3_044, best cost 99.8475 + 2938.26 = 3038.11 over 472 frames.
usctimit_ema_m3_044 sil l ay k ah v iy k ah p aa d eh t r d ah z sil 
LOG (lattice-best-path[5.5.141~1-40a9d]:main():lattice-best-path.cc:99) For utterance usctimit_ema_m3_068, best cost 95.9371 + 2576.86 = 2672.8 over 441 frames.
usctimit_ema_m3_068 sil dh iy s ah p aa s l g ow p y aa k ah s iy sil 
LOG (lattice-best-path[5.5.141~1-40a9d]:main():lattice-best-path.cc:99) For utterance usctimit_ema_m3_071, best cost 121.351 + 2792.76 = 2914.11 over 439 frames.
usctimit_ema_m3_071 sil k aa p r ih sh ah m ao z ah n ih s t ae n iy l iy dh iy s iy sil 
LOG (lattice-best-path[5.5.141~1-40a9d]:main():lattice-best-path.cc:99) For utterance usctimit_ema_m3_080, best cost 113.4 + 2786.84 = 2900.24 over 411 frames.
usctimit_ema_m3_080 sil ih g ow z ae l iy zh er ch aa k ah k ao r t ay l z sil 
LOG (lattice-best-path[5.5.141~1-40a9d]:main():lattice-best-path.cc:99) For utterance usctimit_ema_m3_101, best cost 84.0066 + 1945.84 = 2029.85 over 307 frames.
usctimit_ema_m3_101 sil k ae f ih s er w ih ng ao f t ey n t sil 
LOG (lattice-best-path[5.5.141~1-40a9d]:main():lattice-best-path.cc:99) For utterance usctimit_ema_m3_113, best cost 90.7157 + 2299.61 = 2390.32 over 382 frames.
usctimit_ema_m3_113 sil w aa t ah f ao r m uw z ah s ah jh eh l z sil 
LOG (lattice-best-path[5.5.141~1-40a9d]:main():lattice-best-path.cc:99) For utterance usctimit_ema_m3_129, best cost 100.597 + 2456.94 = 2557.54 over 411 frames.
usctimit_ema_m3_129 sil t uw m ay t er ae s ih k ah g y ah n ch aa l sil 
LOG (lattice-best-path[5.5.141~1-40a9d]:main():lattice-best-path.cc:99) For utterance usctimit_ema_m3_141, best cost 99.1407 + 2236.09 = 2335.23 over 354 frames.
usctimit_ema_m3_141 sil r m uw dh iy s p ah n d w ih th er t iy z ah z sil 
LOG (lattice-best-path[5.5.141~1-40a9d]:main():lattice-best-path.cc:99) For utterance usctimit_ema_m3_147, best cost 95.8355 + 2617.76 = 2713.59 over 438 frames.
usctimit_ema_m3_147 sil dh er m ey n ay f ao f r ae n d b ae n z sil 
LOG (lattice-best-path[5.5.141~1-40a9d]:main():lattice-best-path.cc:99) For utterance usctimit_ema_m3_192, best cost 112.221 + 2633.01 = 2745.23 over 428 frames.
usctimit_ema_m3_192 sil ah l d b eh s p eh sh ah jh oy p aa g w eh r iy sil 
LOG (lattice-best-path[5.5.141~1-40a9d]:main():lattice-best-path.cc:99) For utterance usctimit_ema_m3_203, best cost 103.59 + 2462.46 = 2566.05 over 419 frames.
usctimit_ema_m3_203 sil dh iy p ah b ah jh ah b aa t ey b ow m ah g r ow zh sil 
LOG (lattice-best-path[5.5.141~1-40a9d]:main():lattice-best-path.cc:99) For utterance usctimit_ema_m3_260, best cost 131.007 + 2711.34 = 2842.35 over 446 frames.
usctimit_ema_m3_260 sil r f ay z eh k aw m ay n d r ay ah n er b r ow sh ah n ae l sil 
LOG (lattice-best-path[5.5.141~1-40a9d]:main():lattice-best-path.cc:99) For utterance usctimit_ema_m3_267, best cost 109.26 + 3093.77 = 3203.03 over 519 frames.
usctimit_ema_m3_267 sil ih s k ae k ah s m ao r l ae v er ey n iy t uw sil 
LOG (lattice-best-path[5.5.141~1-40a9d]:main():lattice-best-path.cc:99) For utterance usctimit_ema_m3_282, best cost 164.918 + 4017.55 = 4182.47 over 657 frames.
usctimit_ema_m3_282 sil dh iy ae t er z ah b iy s ih f ao r ey t iy th ih g ah n t er k er f l iy f r s sil 
LOG (lattice-best-path[5.5.141~1-40a9d]:main():lattice-best-path.cc:99) For utterance usctimit_ema_m3_300, best cost 97.6177 + 2685.82 = 2783.44 over 450 frames.
usctimit_ema_m3_300 sil dh iy b ih g aa l ah t uw aa n iy l ay d ao l sil 
LOG (lattice-best-path[5.5.141~1-40a9d]:main():lattice-best-path.cc:99) For utterance usctimit_ema_m3_316, best cost 172.992 + 3562.24 = 3735.23 over 569 frames.
usctimit_ema_m3_316 sil dh iy p r iy s w er k ah n r oy s er f y ah l ih n z ah b iy m er d z ih d ih sh ah n z sil 
LOG (lattice-best-path[5.5.141~1-40a9d]:main():lattice-best-path.cc:99) For utterance usctimit_ema_m3_320, best cost 107.64 + 2706.86 = 2814.5 over 447 frames.
usctimit_ema_m3_320 sil ah k aa s ao r ow n jh oy ih sh ah l th ih sh ih sh sil 
LOG (lattice-best-path[5.5.141~1-40a9d]:main():lattice-best-path.cc:99) For utterance usctimit_ema_m3_335, best cost 104.483 + 2856.31 = 2960.79 over 449 frames.
usctimit_ema_m3_335 sil b aa p ih r ow l r ow dh iy er n er l z sil 
LOG (lattice-best-path[5.5.141~1-40a9d]:main():lattice-best-path.cc:99) For utterance usctimit_ema_m3_336, best cost 113.957 + 2334.62 = 2448.58 over 372 frames.
usctimit_ema_m3_336 sil dh ae n oy z aa m er z m ao r n oy n iy ch b eh n sil 
LOG (lattice-best-path[5.5.141~1-40a9d]:main():lattice-best-path.cc:99) For utterance usctimit_ema_m3_338, best cost 119.215 + 2969.69 = 3088.9 over 500 frames.
usctimit_ema_m3_338 sil dh eh d ay r eh m ey s ah n s l ae t er m ah ch ah b iy sil 
LOG (lattice-best-path[5.5.141~1-40a9d]:main():lattice-best-path.cc:99) For utterance usctimit_ema_m3_339, best cost 95.84 + 2487.92 = 2583.76 over 423 frames.
usctimit_ema_m3_339 sil ah b ao r n aa l ah s ah p er s ih ng g l sil 
LOG (lattice-best-path[5.5.141~1-40a9d]:main():lattice-best-path.cc:99) For utterance usctimit_ema_m3_357, best cost 122.41 + 2875.17 = 2997.58 over 462 frames.
usctimit_ema_m3_357 sil dh iy ae m aw s k ae f r ih k r s ih th iy l ih s t iy d sil 
LOG (lattice-best-path[5.5.141~1-40a9d]:main():lattice-best-path.cc:99) For utterance usctimit_ema_m3_359, best cost 99.9364 + 2370.12 = 2470.06 over 389 frames.
usctimit_ema_m3_359 sil k aw s ih m ey t b ow n z ah t iy s r l sil 
LOG (lattice-best-path[5.5.141~1-40a9d]:main():lattice-best-path.cc:99) For utterance usctimit_ema_m3_379, best cost 113.358 + 2939.06 = 3052.42 over 477 frames.
usctimit_ema_m3_379 sil ay er s ih s ih z uw z ah l ah n s t ae sh iy p er z sil 
LOG (lattice-best-path[5.5.141~1-40a9d]:main():lattice-best-path.cc:99) For utterance usctimit_ema_m3_385, best cost 99.445 + 2098.66 = 2198.11 over 354 frames.
usctimit_ema_m3_385 sil eh v ih k ae n iy t ih p ey d ih g aa f ah n sil 
LOG (lattice-best-path[5.5.141~1-40a9d]:main():lattice-best-path.cc:99) For utterance usctimit_ema_m3_390, best cost 125.563 + 2697.53 = 2823.09 over 428 frames.
usctimit_ema_m3_390 sil dh iy ow ao r iy ch aa r k ih s ah p oy z ih d ih l n s t iy sil 
LOG (lattice-best-path[5.5.141~1-40a9d]:main():lattice-best-path.cc:99) For utterance usctimit_ema_m3_423, best cost 132.002 + 3087.24 = 3219.25 over 495 frames.
usctimit_ema_m3_423 sil dh iy g ow z ah f r t ow s aa r ae t ow sh er sh ah n ah f r sil 
LOG (lattice-best-path[5.5.141~1-40a9d]:main():lattice-best-path.cc:99) For utterance usctimit_ema_m3_434, best cost 63.7657 + 1676.21 = 1739.97 over 285 frames.
usctimit_ema_m3_434 sil r eh sh l ay z ah l er z sil 
LOG (lattice-best-path[5.5.141~1-40a9d]:main():lattice-best-path.cc:99) For utterance usctimit_ema_m3_438, best cost 138.965 + 3066.84 = 3205.8 over 495 frames.
usctimit_ema_m3_438 sil dh iy p ay aa t er m aa l ih n t ih k ah p y uw s iy t er k ih sh ah n sil 
LOG (lattice-best-path[5.5.141~1-40a9d]:main():lattice-best-path.cc:99) For utterance usctimit_ema_m3_442, best cost 101.467 + 2426.2 = 2527.67 over 404 frames.
usctimit_ema_m3_442 sil w ih p l iy ch iy s p ah d ih t uw ih s p r iy sil 
LOG (lattice-best-path[5.5.141~1-40a9d]:main():lattice-best-path.cc:99) For utterance usctimit_ema_m3_444, best cost 161.278 + 3688.36 = 3849.64 over 603 frames.
usctimit_ema_m3_444 sil r aa m ey ae g r ey n uw aa sh uh d ih n er ah n iy s p r iy p ay f r z er sil 
LOG (lattice-best-path[5.5.141~1-40a9d]:main():lattice-best-path.cc:99) For utterance usctimit_ema_m3_457, best cost 155.246 + 3360.68 = 3515.92 over 560 frames.
usctimit_ema_m3_457 sil k aa f y uw z g r ah n s t iy d ah m l ih k s ow s ah n t ah b r s ah n z sil 
LOG (lattice-scale[5.5.141~1-40a9d]:main():lattice-scale.cc:107) Done 183 lattices.
LOG (lattice-best-path[5.5.141~1-40a9d]:main():lattice-best-path.cc:99) For utterance usctimit_ema_m3_458, best cost 140.823 + 3259.15 = 3399.98 over 535 frames.
usctimit_ema_m3_458 sil dh eh s ih ng d ey p r w ih s k aa b ay k w ay d ey p er z ey sh t sil 
LOG (lattice-add-penalty[5.5.141~1-40a9d]:main():lattice-add-penalty.cc:62) Done adding word insertion penalty to 183 lattices.
LOG (lattice-best-path[5.5.141~1-40a9d]:main():lattice-best-path.cc:99) For utterance usctimit_ema_m3_460, best cost 75.1021 + 2895.5 = 2970.6 over 497 frames.
usctimit_ema_m3_460 sil w ih ch iy eh sh ah l ey t uw z sil 
LOG (lattice-best-path[5.5.141~1-40a9d]:main():lattice-best-path.cc:124) Overall cost per frame is 6.1906 = 0.248659 [graph] + 5.94194 [acoustic] over 81821 frames.
LOG (lattice-best-path[5.5.141~1-40a9d]:main():lattice-best-path.cc:128) Done 183 lattices, failed for 0
# Accounting: time=6 threads=1
# Ended (code 0) at Mon Dec 24 21:09:22 EET 2018, elapsed time 6 seconds
