# lattice-scale --inv-acoustic-scale=16 "ark:gunzip -c exp/bg/mono/decode/lat.*.gz|" ark:- | lattice-add-penalty --word-ins-penalty=0.5 ark:- ark:- | lattice-best-path --word-symbol-table=exp/bg/mono/graph/words.txt ark:- ark,t:- | utils/int2sym.pl -f 2- exp/bg/mono/graph/words.txt | cat > exp/bg/mono/decode/scoring_kaldi/penalty_0.5/16.txt 
# Started at Mon Dec 24 21:09:22 EET 2018
#
lattice-add-penalty --word-ins-penalty=0.5 ark:- ark:- 
lattice-best-path --word-symbol-table=exp/bg/mono/graph/words.txt ark:- ark,t:- 
lattice-scale --inv-acoustic-scale=16 'ark:gunzip -c exp/bg/mono/decode/lat.*.gz|' ark:- 
LOG (lattice-best-path[5.5.141~1-40a9d]:main():lattice-best-path.cc:99) For utterance usctimit_ema_f1_021, best cost 53.9749 + 1487.96 = 1541.93 over 290 frames.
usctimit_ema_f1_021 sil l iy oy s ah n er z sil 
LOG (lattice-best-path[5.5.141~1-40a9d]:main():lattice-best-path.cc:99) For utterance usctimit_ema_f1_028, best cost 118.738 + 2604.15 = 2722.89 over 499 frames.
usctimit_ema_f1_028 sil w ey t uw z ih k aa r t er d ih s t ey p aa p y uw aa r ey sil 
LOG (lattice-best-path[5.5.141~1-40a9d]:main():lattice-best-path.cc:99) For utterance usctimit_ema_f1_031, best cost 96.1803 + 2100.82 = 2197 over 395 frames.
usctimit_ema_f1_031 sil eh s ao r s l z r d ey sh ah v er z ah n sil 
LOG (lattice-best-path[5.5.141~1-40a9d]:main():lattice-best-path.cc:99) For utterance usctimit_ema_f1_052, best cost 104.224 + 2280.77 = 2384.99 over 431 frames.
usctimit_ema_f1_052 sil hh aa s ah n ow ch er d z ch y ao z ah l iy r iy sil 
LOG (lattice-best-path[5.5.141~1-40a9d]:main():lattice-best-path.cc:99) For utterance usctimit_ema_f1_054, best cost 87.4709 + 1940.06 = 2027.53 over 382 frames.
usctimit_ema_f1_054 sil ch aa n t iy ch ah n ah n t ah l ih sh ah n z sil 
LOG (lattice-best-path[5.5.141~1-40a9d]:main():lattice-best-path.cc:99) For utterance usctimit_ema_f1_072, best cost 74.3563 + 2030.32 = 2104.67 over 403 frames.
usctimit_ema_f1_072 sil s ah n ih z ih ng f ih k y er z sil 
LOG (lattice-best-path[5.5.141~1-40a9d]:main():lattice-best-path.cc:99) For utterance usctimit_ema_f1_078, best cost 104.738 + 2240.86 = 2345.6 over 447 frames.
usctimit_ema_f1_078 sil ah l eh k aa s ah l iy z w aa t ah p ay n s ih z sil 
LOG (lattice-best-path[5.5.141~1-40a9d]:main():lattice-best-path.cc:99) For utterance usctimit_ema_f1_090, best cost 93.0144 + 1798.5 = 1891.52 over 353 frames.
usctimit_ema_f1_090 sil y uw ao z ih s ah s ah l iy z ah l iy b ay l z sil 
LOG (lattice-best-path[5.5.141~1-40a9d]:main():lattice-best-path.cc:99) For utterance usctimit_ema_f1_105, best cost 111.04 + 2481.69 = 2592.73 over 461 frames.
usctimit_ema_f1_105 sil dh iy p ey l iy b aa k ae n ay iy aa r oy l ae m ow z sil 
LOG (lattice-best-path[5.5.141~1-40a9d]:main():lattice-best-path.cc:99) For utterance usctimit_ema_f1_108, best cost 114.001 + 2395.45 = 2509.45 over 458 frames.
usctimit_ema_f1_108 sil dh iy s ih jh eh v er z iy f r aa p eh n aa r n t iy z sil 
LOG (lattice-best-path[5.5.141~1-40a9d]:main():lattice-best-path.cc:99) For utterance usctimit_ema_f1_111, best cost 88.5756 + 1742.29 = 1830.87 over 329 frames.
usctimit_ema_f1_111 sil r ih z ih sh ah n t ah l ih z ih z f r iy l sil 
LOG (lattice-best-path[5.5.141~1-40a9d]:main():lattice-best-path.cc:99) For utterance usctimit_ema_f1_115, best cost 82.3019 + 1843.44 = 1925.74 over 355 frames.
usctimit_ema_f1_115 sil dh iy f ao r ae ch eh s er r eh k ae z sil 
LOG (lattice-best-path[5.5.141~1-40a9d]:main():lattice-best-path.cc:99) For utterance usctimit_ema_f1_123, best cost 100.551 + 2528.51 = 2629.06 over 492 frames.
usctimit_ema_f1_123 sil dh iy b ah n l s ah s ah l z ih ch iy sh ao r er sil 
LOG (lattice-best-path[5.5.141~1-40a9d]:main():lattice-best-path.cc:99) For utterance usctimit_ema_f1_126, best cost 126.898 + 2291.89 = 2418.78 over 432 frames.
usctimit_ema_f1_126 sil w ih sh ao aa k ah l z ah p ey ih n ey k aa f ih k ey sh ah n sil 
LOG (lattice-best-path[5.5.141~1-40a9d]:main():lattice-best-path.cc:99) For utterance usctimit_ema_f1_134, best cost 73.2592 + 2054.64 = 2127.9 over 416 frames.
usctimit_ema_f1_134 sil dh iy k ih z iy z ae s ih z ih k sil 
LOG (lattice-best-path[5.5.141~1-40a9d]:main():lattice-best-path.cc:99) For utterance usctimit_ema_f1_153, best cost 155.495 + 3209.37 = 3364.86 over 618 frames.
usctimit_ema_f1_153 sil dh ih m ay n iy p eh s ah s aw d z ih p iy ow s ah v ey sh ah n d r oy n z sil 
LOG (lattice-best-path[5.5.141~1-40a9d]:main():lattice-best-path.cc:99) For utterance usctimit_ema_f1_162, best cost 98.6126 + 2451.98 = 2550.6 over 486 frames.
usctimit_ema_f1_162 sil ah s ah l ah l d ih z ah n ae k oy d ey sh ah n sil 
LOG (lattice-best-path[5.5.141~1-40a9d]:main():lattice-best-path.cc:99) For utterance usctimit_ema_f1_170, best cost 94.5605 + 2350.83 = 2445.39 over 459 frames.
usctimit_ema_f1_170 sil hh ao r ay s iy ah m ih k s eh s ih k aw t sil 
LOG (lattice-best-path[5.5.141~1-40a9d]:main():lattice-best-path.cc:99) For utterance usctimit_ema_f1_198, best cost 66.6052 + 1783.61 = 1850.21 over 368 frames.
usctimit_ema_f1_198 sil ah p ah n ay v eh r k er z sil 
LOG (lattice-best-path[5.5.141~1-40a9d]:main():lattice-best-path.cc:99) For utterance usctimit_ema_f1_209, best cost 62.235 + 1681.98 = 1744.21 over 339 frames.
usctimit_ema_f1_209 sil dh iy l ih ng r p oy n ae n sil 
LOG (lattice-best-path[5.5.141~1-40a9d]:main():lattice-best-path.cc:99) For utterance usctimit_ema_f1_213, best cost 82.0326 + 1858.23 = 1940.27 over 358 frames.
usctimit_ema_f1_213 sil ay m ay z aa k aw t ay ey n s ih ng sil 
LOG (lattice-best-path[5.5.141~1-40a9d]:main():lattice-best-path.cc:99) For utterance usctimit_ema_f1_227, best cost 77.5226 + 1937.79 = 2015.31 over 386 frames.
usctimit_ema_f1_227 sil b ay iy ih ng y ao r y uw ih l er sil 
LOG (lattice-best-path[5.5.141~1-40a9d]:main():lattice-best-path.cc:99) For utterance usctimit_ema_f1_236, best cost 89.5774 + 1831.41 = 1920.99 over 358 frames.
usctimit_ema_f1_236 sil hh aw oy l ey t uw ih s ah l ah v eh s ih ng sil 
LOG (lattice-best-path[5.5.141~1-40a9d]:main():lattice-best-path.cc:99) For utterance usctimit_ema_f1_239, best cost 75.189 + 2046.36 = 2121.55 over 412 frames.
usctimit_ema_f1_239 sil w ih k aa m ey z ah ch ah n z iy sil 
LOG (lattice-best-path[5.5.141~1-40a9d]:main():lattice-best-path.cc:99) For utterance usctimit_ema_f1_242, best cost 80.7554 + 1813.35 = 1894.1 over 356 frames.
usctimit_ema_f1_242 sil d ey t ih k ah f ao r ih s ao r ow s sil 
LOG (lattice-best-path[5.5.141~1-40a9d]:main():lattice-best-path.cc:99) For utterance usctimit_ema_f1_244, best cost 90.1714 + 2047.26 = 2137.43 over 398 frames.
usctimit_ema_f1_244 sil dh iy eh k aa t ih k aa r d f aw er b eh n z sil 
LOG (lattice-best-path[5.5.141~1-40a9d]:main():lattice-best-path.cc:99) For utterance usctimit_ema_f1_250, best cost 61.3388 + 1676.51 = 1737.85 over 346 frames.
usctimit_ema_f1_250 sil dh ow s er z aa sh ah s iy sil 
LOG (lattice-best-path[5.5.141~1-40a9d]:main():lattice-best-path.cc:99) For utterance usctimit_ema_f1_252, best cost 137.011 + 2849.86 = 2986.87 over 550 frames.
usctimit_ema_f1_252 sil aa s ah b l iy t uw r w ih th aw t uw p r ih sh ah z aw w ih ng sil 
LOG (lattice-best-path[5.5.141~1-40a9d]:main():lattice-best-path.cc:99) For utterance usctimit_ema_f1_255, best cost 111.067 + 2190.63 = 2301.7 over 428 frames.
usctimit_ema_f1_255 sil dh iy t ih f er f r ae t ih k ah m ay n t uw f ah l aw t sil 
LOG (lattice-best-path[5.5.141~1-40a9d]:main():lattice-best-path.cc:99) For utterance usctimit_ema_f1_262, best cost 136.959 + 2985.7 = 3122.66 over 572 frames.
usctimit_ema_f1_262 sil dh iy s er ch er z r t ih k ah l iy f ao r ih f r ah s eh k ah b ay er sil 
LOG (lattice-best-path[5.5.141~1-40a9d]:main():lattice-best-path.cc:99) For utterance usctimit_ema_f1_286, best cost 82.8087 + 1559.67 = 1642.48 over 302 frames.
usctimit_ema_f1_286 sil dh eh k ah ch ey z hh ae t er s ah s ah n sil 
LOG (lattice-best-path[5.5.141~1-40a9d]:main():lattice-best-path.cc:99) For utterance usctimit_ema_f1_297, best cost 107.126 + 2895.68 = 3002.8 over 592 frames.
usctimit_ema_f1_297 sil r ah n t aa n ch ah s ao f r t ah n z iy f ah n sil 
LOG (lattice-best-path[5.5.141~1-40a9d]:main():lattice-best-path.cc:99) For utterance usctimit_ema_f1_299, best cost 112.486 + 2485.41 = 2597.89 over 491 frames.
usctimit_ema_f1_299 sil hh ae k ah n er t iy z ah z s oy s ah s ay y uw eh n sil 
LOG (lattice-best-path[5.5.141~1-40a9d]:main():lattice-best-path.cc:99) For utterance usctimit_ema_f1_302, best cost 120.758 + 2899.99 = 3020.74 over 573 frames.
usctimit_ema_f1_302 sil ah d ah l ah l ae b ay s t iy ae s ah l f r iy sh ah l ih z sil 
LOG (lattice-best-path[5.5.141~1-40a9d]:main():lattice-best-path.cc:99) For utterance usctimit_ema_f1_311, best cost 129.15 + 2588.03 = 2717.18 over 495 frames.
usctimit_ema_f1_311 sil dh iy f r ey n ch ah jh eh m ay s ah t uw b ay z dh iy p r ah v er sil 
LOG (lattice-best-path[5.5.141~1-40a9d]:main():lattice-best-path.cc:99) For utterance usctimit_ema_f1_317, best cost 129.425 + 3418.24 = 3547.66 over 679 frames.
usctimit_ema_f1_317 sil ah n iy ow p iy t ay k ah s w er sh ah n w ao l iy ae n s ah n sil 
LOG (lattice-best-path[5.5.141~1-40a9d]:main():lattice-best-path.cc:99) For utterance usctimit_ema_f1_320, best cost 101.175 + 2304.17 = 2405.34 over 454 frames.
usctimit_ema_f1_320 sil ih k ah n s er l ah jh oy d ih sh ah l ih sh ih zh sil 
LOG (lattice-best-path[5.5.141~1-40a9d]:main():lattice-best-path.cc:99) For utterance usctimit_ema_f1_323, best cost 97.8354 + 2278.91 = 2376.75 over 450 frames.
usctimit_ema_f1_323 sil dh ae n s w ih sh ah m ay t er k oy z eh k ah z sil 
LOG (lattice-best-path[5.5.141~1-40a9d]:main():lattice-best-path.cc:99) For utterance usctimit_ema_f1_325, best cost 91.9996 + 2037.17 = 2129.17 over 400 frames.
usctimit_ema_f1_325 sil w ih sh ah l ah m aa ch ih z ey t ay m dh iy z sil 
LOG (lattice-best-path[5.5.141~1-40a9d]:main():lattice-best-path.cc:99) For utterance usctimit_ema_f1_342, best cost 96.0286 + 2341.16 = 2437.19 over 452 frames.
usctimit_ema_f1_342 sil sh uw w ey t er z eh t uw f r l ih s ih ng sil 
LOG (lattice-best-path[5.5.141~1-40a9d]:main():lattice-best-path.cc:99) For utterance usctimit_ema_f1_346, best cost 78.7695 + 1698.03 = 1776.8 over 328 frames.
usctimit_ema_f1_346 sil w ao k ah n iy s t uw z iy ch iy er sil 
LOG (lattice-best-path[5.5.141~1-40a9d]:main():lattice-best-path.cc:99) For utterance usctimit_ema_f1_347, best cost 107.798 + 2309.68 = 2417.48 over 452 frames.
usctimit_ema_f1_347 sil r jh ah p r n ay d ah f iy ch ih g ae sh ah jh sil 
LOG (lattice-best-path[5.5.141~1-40a9d]:main():lattice-best-path.cc:99) For utterance usctimit_ema_f1_356, best cost 72.5748 + 1569.79 = 1642.37 over 302 frames.
usctimit_ema_f1_356 sil dh iy l ay k l hh ae ch aw er z sil 
LOG (lattice-best-path[5.5.141~1-40a9d]:main():lattice-best-path.cc:99) For utterance usctimit_ema_f1_360, best cost 126.347 + 2443.33 = 2569.68 over 462 frames.
usctimit_ema_f1_360 sil dh iy v ih z iy s l iy f ay d r ae n s er th ih z ah s ah l iy sil 
LOG (lattice-best-path[5.5.141~1-40a9d]:main():lattice-best-path.cc:99) For utterance usctimit_ema_f1_362, best cost 83.5588 + 2092.13 = 2175.69 over 430 frames.
usctimit_ema_f1_362 sil dh iy s ih n ah v er w ao r n t ih k y er sil 
LOG (lattice-best-path[5.5.141~1-40a9d]:main():lattice-best-path.cc:99) For utterance usctimit_ema_f1_364, best cost 119.803 + 2358.3 = 2478.1 over 457 frames.
usctimit_ema_f1_364 sil dh iy t ae t ae b r d eh k ao z ih k ae t ae f ih t ae n sil 
LOG (lattice-best-path[5.5.141~1-40a9d]:main():lattice-best-path.cc:99) For utterance usctimit_ema_f1_368, best cost 89.3876 + 2269.86 = 2359.24 over 450 frames.
usctimit_ema_f1_368 sil w ih s ah v ae n ah t ih th ih sh ah m jh sil 
LOG (lattice-best-path[5.5.141~1-40a9d]:main():lattice-best-path.cc:99) For utterance usctimit_ema_f1_382, best cost 117.637 + 2942.17 = 3059.81 over 595 frames.
usctimit_ema_f1_382 sil s ih sh ah l z ah n eh k ae sh ah l iy ow z ah n sh ah b ih ng sil 
LOG (lattice-best-path[5.5.141~1-40a9d]:main():lattice-best-path.cc:99) For utterance usctimit_ema_f1_394, best cost 116.531 + 2755.13 = 2871.66 over 548 frames.
usctimit_ema_f1_394 sil dh iy z ih r s ah p l iy s ah n t ay k ah l s m ay er z sil 
LOG (lattice-best-path[5.5.141~1-40a9d]:main():lattice-best-path.cc:99) For utterance usctimit_ema_f1_397, best cost 125.004 + 2562.61 = 2687.62 over 501 frames.
usctimit_ema_f1_397 sil t r n ah s ay s k aa k ah s ah v er f ih g ae k ae v er sil 
LOG (lattice-best-path[5.5.141~1-40a9d]:main():lattice-best-path.cc:99) For utterance usctimit_ema_f1_402, best cost 73.1152 + 1985.82 = 2058.93 over 401 frames.
usctimit_ema_f1_402 sil r s ih k ah t ih f r iy ch iy z sil 
LOG (lattice-best-path[5.5.141~1-40a9d]:main():lattice-best-path.cc:99) For utterance usctimit_ema_f1_405, best cost 104.912 + 2580.06 = 2684.97 over 510 frames.
usctimit_ema_f1_405 sil w ey ah s p r iy s ae p oy n t er ih ng g r er sil 
LOG (lattice-best-path[5.5.141~1-40a9d]:main():lattice-best-path.cc:99) For utterance usctimit_ema_f1_451, best cost 116.143 + 2354.67 = 2470.81 over 444 frames.
usctimit_ema_f1_451 sil ch ow t ih ng k ah s ih m ay iy f r l t uw n s ih ng sil 
LOG (lattice-best-path[5.5.141~1-40a9d]:main():lattice-best-path.cc:99) For utterance usctimit_ema_f1_453, best cost 116.667 + 2414.79 = 2531.46 over 476 frames.
usctimit_ema_f1_453 sil w eh n er z w ih ng ih ng z ih ng v er ch ah b ow p er ah n sil 
LOG (lattice-best-path[5.5.141~1-40a9d]:main():lattice-best-path.cc:99) For utterance usctimit_ema_f1_456, best cost 107.812 + 2242.47 = 2350.29 over 433 frames.
usctimit_ema_f1_456 sil ah s ih d eh k ah l m p ae t uw ae z b aa r ih ng sil 
LOG (lattice-best-path[5.5.141~1-40a9d]:main():lattice-best-path.cc:99) For utterance usctimit_ema_f1_460, best cost 59.809 + 1662.26 = 1722.07 over 334 frames.
usctimit_ema_f1_460 sil w ih sh iy ih sh ah m ah z sil 
LOG (lattice-best-path[5.5.141~1-40a9d]:main():lattice-best-path.cc:99) For utterance usctimit_ema_f5_009, best cost 63.3254 + 1686.79 = 1750.12 over 341 frames.
usctimit_ema_f5_009 sil y uw l aw w er l ay z sil 
LOG (lattice-best-path[5.5.141~1-40a9d]:main():lattice-best-path.cc:99) For utterance usctimit_ema_f5_011, best cost 72.5788 + 1646.21 = 1718.79 over 301 frames.
usctimit_ema_f5_011 sil dh iy r m ah s ay z ih k ae n sil 
LOG (lattice-best-path[5.5.141~1-40a9d]:main():lattice-best-path.cc:99) For utterance usctimit_ema_f5_017, best cost 89.0672 + 1876.11 = 1965.18 over 328 frames.
usctimit_ema_f5_017 sil ae l iy r d f ao z m ae z w ao l sil 
LOG (lattice-best-path[5.5.141~1-40a9d]:main():lattice-best-path.cc:99) For utterance usctimit_ema_f5_019, best cost 80.5561 + 1674.03 = 1754.58 over 308 frames.
usctimit_ema_f5_019 sil ah f ah l ah t ah t iy f r iy m sil 
LOG (lattice-best-path[5.5.141~1-40a9d]:main():lattice-best-path.cc:99) For utterance usctimit_ema_f5_066, best cost 77.6779 + 1962.4 = 2040.08 over 335 frames.
usctimit_ema_f5_066 sil dh iy s eh g ah s t uw f r ey l iy sil 
LOG (lattice-best-path[5.5.141~1-40a9d]:main():lattice-best-path.cc:99) For utterance usctimit_ema_f5_080, best cost 103.688 + 2321.99 = 2425.67 over 417 frames.
usctimit_ema_f5_080 sil dh iy k ah s ah l ey t er t aa p l ah p ay l z sil 
LOG (lattice-best-path[5.5.141~1-40a9d]:main():lattice-best-path.cc:99) For utterance usctimit_ema_f5_081, best cost 104.811 + 2093.09 = 2197.9 over 373 frames.
usctimit_ema_f5_081 sil ae s k r ey p r iy s t eh s w ih n ey sh ah n sil 
LOG (lattice-best-path[5.5.141~1-40a9d]:main():lattice-best-path.cc:99) For utterance usctimit_ema_f5_090, best cost 103.456 + 2084.79 = 2188.24 over 385 frames.
usctimit_ema_f5_090 sil dh iy n s ih s ah s ah t iy d ah l iy f ay l z sil 
LOG (lattice-best-path[5.5.141~1-40a9d]:main():lattice-best-path.cc:99) For utterance usctimit_ema_f5_143, best cost 115.535 + 2421.55 = 2537.09 over 473 frames.
usctimit_ema_f5_143 sil dh iy k ah f r ah s ao f er z ey sh ah s ih s ih sh ah t sil 
LOG (lattice-best-path[5.5.141~1-40a9d]:main():lattice-best-path.cc:99) For utterance usctimit_ema_f5_144, best cost 147.735 + 3150.29 = 3298.03 over 594 frames.
usctimit_ema_f5_144 sil ae s k ao t dh iy p eh n t er z ah n iy b ow t hh aa b iy aa r iy z sil 
LOG (lattice-best-path[5.5.141~1-40a9d]:main():lattice-best-path.cc:99) For utterance usctimit_ema_f5_162, best cost 114.237 + 2502.25 = 2616.48 over 483 frames.
usctimit_ema_f5_162 sil ah s ao k aa jh ih z ah n aw k l d ey sh ah l sil 
LOG (lattice-best-path[5.5.141~1-40a9d]:main():lattice-best-path.cc:99) For utterance usctimit_ema_f5_163, best cost 126.88 + 2801.65 = 2928.53 over 532 frames.
usctimit_ema_f5_163 sil dh iy ch ah t er z b ay hh iy z jh eh n w ao z ah m z f r iy sil 
LOG (lattice-best-path[5.5.141~1-40a9d]:main():lattice-best-path.cc:99) For utterance usctimit_ema_f5_164, best cost 76.8502 + 2075.92 = 2152.77 over 405 frames.
usctimit_ema_f5_164 sil dh ih k uw z d aw t uw d sil 
LOG (lattice-best-path[5.5.141~1-40a9d]:main():lattice-best-path.cc:99) For utterance usctimit_ema_f5_174, best cost 81.1464 + 2048.01 = 2129.16 over 386 frames.
usctimit_ema_f5_174 sil hh ae t r ae t ae sh ah z y er sil 
LOG (lattice-best-path[5.5.141~1-40a9d]:main():lattice-best-path.cc:99) For utterance usctimit_ema_f5_197, best cost 84.8867 + 2050.42 = 2135.3 over 400 frames.
usctimit_ema_f5_197 sil dh iy s m l p iy p w er m ah t sil 
LOG (lattice-best-path[5.5.141~1-40a9d]:main():lattice-best-path.cc:99) For utterance usctimit_ema_f5_208, best cost 80.6803 + 1882.97 = 1963.65 over 373 frames.
usctimit_ema_f5_208 sil dh iy b iy p oy l ah l dh iy ow sh ah n sil 
LOG (lattice-best-path[5.5.141~1-40a9d]:main():lattice-best-path.cc:99) For utterance usctimit_ema_f5_233, best cost 176.304 + 3540.14 = 3716.45 over 648 frames.
usctimit_ema_f5_233 sil ae n iy ey b l iy sil r eh r t l aw oy d ae k t ah n s eh t uw f r iy dh iy sil 
LOG (lattice-best-path[5.5.141~1-40a9d]:main():lattice-best-path.cc:99) For utterance usctimit_ema_f5_243, best cost 101.255 + 1918.7 = 2019.96 over 363 frames.
usctimit_ema_f5_243 sil ah hh ao l d ey p r n dh iy l b ah t ah z sil 
LOG (lattice-best-path[5.5.141~1-40a9d]:main():lattice-best-path.cc:99) For utterance usctimit_ema_f5_244, best cost 94.813 + 2184.63 = 2279.44 over 412 frames.
usctimit_ema_f5_244 sil dh iy t er f ah d p aw ah f ao r b ah n z sil 
LOG (lattice-best-path[5.5.141~1-40a9d]:main():lattice-best-path.cc:99) For utterance usctimit_ema_f5_272, best cost 107.002 + 1947.35 = 2054.35 over 364 frames.
usctimit_ema_f5_272 sil t ow f l z m ey t ah p aa s ah s oy b iy z sil 
LOG (lattice-best-path[5.5.141~1-40a9d]:main():lattice-best-path.cc:99) For utterance usctimit_ema_f5_281, best cost 156.045 + 3114.3 = 3270.35 over 565 frames.
usctimit_ema_f5_281 sil ay d ay er z ih s ah p l d iy w ih n f ao r ih k er k aa k ah n s ah t sil 
LOG (lattice-best-path[5.5.141~1-40a9d]:main():lattice-best-path.cc:99) For utterance usctimit_ema_f5_304, best cost 165.701 + 3545.1 = 3710.8 over 667 frames.
usctimit_ema_f5_304 sil g eh s aa p ay t iy m eh k w uh d ah n aa t ih z k oy n eh sh ah l f ao r z sil 
LOG (lattice-best-path[5.5.141~1-40a9d]:main():lattice-best-path.cc:99) For utterance usctimit_ema_f5_307, best cost 89.6404 + 2185.74 = 2275.38 over 418 frames.
usctimit_ema_f5_307 sil dh iy ch ah n ah b ih g z p aw t l sil 
LOG (lattice-best-path[5.5.141~1-40a9d]:main():lattice-best-path.cc:99) For utterance usctimit_ema_f5_329, best cost 127.095 + 2663.77 = 2790.86 over 535 frames.
usctimit_ema_f5_329 sil dh iy k aw w aa n er f r m f r m ay n dh iy hh iy m ao s sil 
LOG (lattice-best-path[5.5.141~1-40a9d]:main():lattice-best-path.cc:99) For utterance usctimit_ema_f5_330, best cost 179.511 + 3416.88 = 3596.39 over 611 frames.
usctimit_ema_f5_330 sil dh iy t ah t ah m iy d ah m ao s k ow n s ay d dh iy b ih k ae n z iy s ah s t ah m p r sil 
LOG (lattice-best-path[5.5.141~1-40a9d]:main():lattice-best-path.cc:99) For utterance usctimit_ema_f5_334, best cost 129.208 + 2842.6 = 2971.81 over 536 frames.
usctimit_ema_f5_334 sil w ey s k aa s t iy m iy b l ae k ae s t iy l d ae n sil 
LOG (lattice-best-path[5.5.141~1-40a9d]:main():lattice-best-path.cc:99) For utterance usctimit_ema_f5_336, best cost 111.832 + 2100.6 = 2212.43 over 396 frames.
usctimit_ema_f5_336 sil ae n oy s k ah g er z m ao r n oy iy ch t ey sil 
LOG (lattice-best-path[5.5.141~1-40a9d]:main():lattice-best-path.cc:99) For utterance usctimit_ema_f5_343, best cost 112.225 + 2614.05 = 2726.28 over 506 frames.
usctimit_ema_f5_343 sil ah jh ah s ah jh ah n uw r k y uw aa jh ah n z iy m sil 
LOG (lattice-best-path[5.5.141~1-40a9d]:main():lattice-best-path.cc:99) For utterance usctimit_ema_f5_348, best cost 109.398 + 2365.39 = 2474.79 over 455 frames.
usctimit_ema_f5_348 sil dh iy k aa t ih k ih sh ah p er ao r iy jh ah b ah d sil 
LOG (lattice-best-path[5.5.141~1-40a9d]:main():lattice-best-path.cc:99) For utterance usctimit_ema_f5_349, best cost 75.4862 + 2035.55 = 2111.04 over 405 frames.
usctimit_ema_f5_349 sil dh iy sh ah s k er f r jh oy z sil 
LOG (lattice-best-path[5.5.141~1-40a9d]:main():lattice-best-path.cc:99) For utterance usctimit_ema_f5_354, best cost 149.7 + 3556.81 = 3706.51 over 679 frames.
usctimit_ema_f5_354 w eh v dh iy g r m ay t ah p eh sh ah m ay z ih z sil ah l d sil 
LOG (lattice-best-path[5.5.141~1-40a9d]:main():lattice-best-path.cc:99) For utterance usctimit_ema_f5_356, best cost 65.4807 + 1263.41 = 1328.89 over 219 frames.
usctimit_ema_f5_356 sil dh iy l ay k aa n dh iy l 
LOG (lattice-best-path[5.5.141~1-40a9d]:main():lattice-best-path.cc:99) For utterance usctimit_ema_f5_369, best cost 136.529 + 2761.08 = 2897.6 over 537 frames.
usctimit_ema_f5_369 sil dh er z ah jh ay ae d w ao z ih k s t er ih ng dh iy t aa p ae t sil 
LOG (lattice-best-path[5.5.141~1-40a9d]:main():lattice-best-path.cc:99) For utterance usctimit_ema_f5_375, best cost 112.556 + 2329.51 = 2442.07 over 435 frames.
usctimit_ema_f5_375 sil ay er sh ah t er z iy ch er s p er ch er b r ah s sil 
LOG (lattice-best-path[5.5.141~1-40a9d]:main():lattice-best-path.cc:99) For utterance usctimit_ema_f5_389, best cost 153.176 + 3017.79 = 3170.96 over 553 frames.
usctimit_ema_f5_389 sil dh iy t ih ch er k m ey n dh iy t er k t ey t iy t uw s iy p iy t ih z sil 
LOG (lattice-best-path[5.5.141~1-40a9d]:main():lattice-best-path.cc:99) For utterance usctimit_ema_f5_392, best cost 139.295 + 2999.39 = 3138.69 over 574 frames.
usctimit_ema_f5_392 sil dh er ch ah n eh s t ah m p aa p ih k ah m z ih s ah s ah sh uw z sil 
LOG (lattice-best-path[5.5.141~1-40a9d]:main():lattice-best-path.cc:99) For utterance usctimit_ema_f5_396, best cost 159.986 + 2876.18 = 3036.17 over 518 frames.
usctimit_ema_f5_396 sil dh iy ae t ay z ih ng g er z ah v p r m ah v er ay iy s r ih v er ch ey n d ih z sil 
LOG (lattice-best-path[5.5.141~1-40a9d]:main():lattice-best-path.cc:99) For utterance usctimit_ema_f5_406, best cost 129.303 + 2735.68 = 2864.99 over 512 frames.
usctimit_ema_f5_406 sil dh iy s ih g ow f ao s ih l iy v ow b ay t ah ch ow v iy z sil 
LOG (lattice-best-path[5.5.141~1-40a9d]:main():lattice-best-path.cc:99) For utterance usctimit_ema_f5_424, best cost 67.5889 + 1894.8 = 1962.39 over 379 frames.
usctimit_ema_f5_424 sil dh iy p iy p l d b iy ah n d sil 
LOG (lattice-best-path[5.5.141~1-40a9d]:main():lattice-best-path.cc:99) For utterance usctimit_ema_f5_426, best cost 71.8697 + 1970.24 = 2042.11 over 335 frames.
usctimit_ema_f5_426 sil dh iy ow z ah l t iy p iy ah 
LOG (lattice-best-path[5.5.141~1-40a9d]:main():lattice-best-path.cc:99) For utterance usctimit_ema_f5_431, best cost 104.511 + 2306.86 = 2411.38 over 427 frames.
usctimit_ema_f5_431 sil aa p aa f ao r ih sh ah f ih k ah v er z er z sil 
LOG (lattice-best-path[5.5.141~1-40a9d]:main():lattice-best-path.cc:99) For utterance usctimit_ema_f5_436, best cost 115.278 + 2192.16 = 2307.44 over 405 frames.
usctimit_ema_f5_436 sil hh er s p er th iy f r k l ey k er z ah n d ih ng sil 
LOG (lattice-best-path[5.5.141~1-40a9d]:main():lattice-best-path.cc:99) For utterance usctimit_ema_f5_438, best cost 142.931 + 2680.55 = 2823.48 over 498 frames.
usctimit_ema_f5_438 sil dh iy p ay ao t r ey m ao l ey n t ih k ah t uw z dh iy t r d ih sh ah n sil 
LOG (lattice-best-path[5.5.141~1-40a9d]:main():lattice-best-path.cc:99) For utterance usctimit_ema_f5_447, best cost 119.515 + 2878.94 = 2998.45 over 536 frames.
usctimit_ema_f5_447 sil r uw z iy n d ih s ih ng dh iy s t iy s ow v er sil 
LOG (lattice-best-path[5.5.141~1-40a9d]:main():lattice-best-path.cc:99) For utterance usctimit_ema_f5_451, best cost 138.691 + 3014.65 = 3153.34 over 533 frames.
usctimit_ema_f5_451 sil t l ah l ih k ah s uw m ah n iy f r l t ah m ah n s ih ng sil 
LOG (lattice-best-path[5.5.141~1-40a9d]:main():lattice-best-path.cc:99) For utterance usctimit_ema_m1_006, best cost 82.3108 + 2000.15 = 2082.46 over 381 frames.
usctimit_ema_m1_006 sil w ih l w ao r iy f r s l iy ae n z sil 
LOG (lattice-best-path[5.5.141~1-40a9d]:main():lattice-best-path.cc:99) For utterance usctimit_ema_m1_010, best cost 56.3443 + 1537.06 = 1593.4 over 306 frames.
usctimit_ema_m1_010 sil ah l w ao r iy l ah l iy sil 
LOG (lattice-best-path[5.5.141~1-40a9d]:main():lattice-best-path.cc:99) For utterance usctimit_ema_m1_012, best cost 109.763 + 2395.85 = 2505.62 over 456 frames.
usctimit_ema_m1_012 sil ao f er z ih z ae m er v y uw v er f ao m ow sil 
LOG (lattice-best-path[5.5.141~1-40a9d]:main():lattice-best-path.cc:99) For utterance usctimit_ema_m1_051, best cost 107.412 + 2275.22 = 2382.63 over 421 frames.
usctimit_ema_m1_051 sil ih k aa k r iy sh ah l iy k r dh iy p ih sh iy ey d sil 
LOG (lattice-best-path[5.5.141~1-40a9d]:main():lattice-best-path.cc:99) For utterance usctimit_ema_m1_090, best cost 99.7869 + 1888.33 = 1988.12 over 356 frames.
usctimit_ema_m1_090 sil y uw m ah s ih s ah s ah l iy b ah l iy f ay l z sil 
LOG (lattice-best-path[5.5.141~1-40a9d]:main():lattice-best-path.cc:99) For utterance usctimit_ema_m1_095, best cost 115.047 + 2214.56 = 2329.61 over 420 frames.
usctimit_ema_m1_095 sil dh iy b eh s w ey t l er z s ah l ch er p r aa b l z sil 
LOG (lattice-best-path[5.5.141~1-40a9d]:main():lattice-best-path.cc:99) For utterance usctimit_ema_m1_098, best cost 96.86 + 2141.88 = 2238.74 over 421 frames.
usctimit_ema_m1_098 sil ah m ah s y uw r ae n s k ih f r iy b ae t sil 
LOG (lattice-best-path[5.5.141~1-40a9d]:main():lattice-best-path.cc:99) For utterance usctimit_ema_m1_099, best cost 120.162 + 2479.71 = 2599.87 over 495 frames.
usctimit_ema_m1_099 sil dh iy k aa t uw f iy ch er z ah m ah s p r ae k ah t ae p l sil 
LOG (lattice-best-path[5.5.141~1-40a9d]:main():lattice-best-path.cc:99) For utterance usctimit_ema_m1_137, best cost 134.695 + 2617.44 = 2752.14 over 499 frames.
usctimit_ema_m1_137 sil k l th ih k ae t uw z jh eh jh p ay s t ae n er ay s t ae s sil 
LOG (lattice-best-path[5.5.141~1-40a9d]:main():lattice-best-path.cc:99) For utterance usctimit_ema_m1_139, best cost 114.776 + 2852.99 = 2967.77 over 571 frames.
usctimit_ema_m1_139 sil w er k t ey t m ah ch k ao r iy n s aw n z ay z sil 
LOG (lattice-best-path[5.5.141~1-40a9d]:main():lattice-best-path.cc:99) For utterance usctimit_ema_m1_145, best cost 155.795 + 2893.48 = 3049.27 over 546 frames.
usctimit_ema_m1_145 sil eh s p r k aa sh ah n iy l w ao z b ay b ah n hh aw er f r ah s t aa k l sil 
LOG (lattice-best-path[5.5.141~1-40a9d]:main():lattice-best-path.cc:99) For utterance usctimit_ema_m1_158, best cost 147.301 + 2957.91 = 3105.21 over 573 frames.
usctimit_ema_m1_158 sil ay n f er b r k ao r f r k ao r s t w ih sh ah n eh k s p r t iy z sil 
LOG (lattice-best-path[5.5.141~1-40a9d]:main():lattice-best-path.cc:99) For utterance usctimit_ema_m1_160, best cost 152.984 + 2700 = 2852.98 over 512 frames.
usctimit_ema_m1_160 sil ch ih ng k er ch er ch ah l ah n t ah m ey t eh r ow hh aw w ih ng k aa s t uw sil 
LOG (lattice-best-path[5.5.141~1-40a9d]:main():lattice-best-path.cc:99) For utterance usctimit_ema_m1_162, best cost 111.706 + 2565.94 = 2677.65 over 506 frames.
usctimit_ema_m1_162 sil ah m ao z ah l k ah l d ih z ah n ow k ow ch ey sh ah l sil 
LOG (lattice-best-path[5.5.141~1-40a9d]:main():lattice-best-path.cc:99) For utterance usctimit_ema_m1_164, best cost 64.5653 + 2054.39 = 2118.95 over 407 frames.
usctimit_ema_m1_164 sil hh ih k uw z aa n t uw sil 
LOG (lattice-best-path[5.5.141~1-40a9d]:main():lattice-best-path.cc:99) For utterance usctimit_ema_m1_166, best cost 76.2763 + 1866.52 = 1942.79 over 380 frames.
usctimit_ema_m1_166 sil dh iy k ae t iy l z hh er w iy er z sil 
LOG (lattice-best-path[5.5.141~1-40a9d]:main():lattice-best-path.cc:99) For utterance usctimit_ema_m1_169, best cost 72.462 + 1676.96 = 1749.42 over 346 frames.
usctimit_ema_m1_169 sil dh iy aa f r g ow aw n iy d ih ng sil 
LOG (lattice-best-path[5.5.141~1-40a9d]:main():lattice-best-path.cc:99) For utterance usctimit_ema_m1_179, best cost 88.3452 + 1824.93 = 1913.28 over 365 frames.
usctimit_ema_m1_179 sil k aa r iy ch k r f ah n uw ae k s ih z sil 
LOG (lattice-best-path[5.5.141~1-40a9d]:main():lattice-best-path.cc:99) For utterance usctimit_ema_m1_183, best cost 114.715 + 2699.39 = 2814.1 over 544 frames.
usctimit_ema_m1_183 sil ah p r ch er ch er dh iy l s ae ch uw s k p ow zh er sil 
LOG (lattice-best-path[5.5.141~1-40a9d]:main():lattice-best-path.cc:99) For utterance usctimit_ema_m1_193, best cost 132.433 + 2771.03 = 2903.47 over 545 frames.
usctimit_ema_m1_193 sil ay d ah n s ah ch oy z ih z ah m ah p ah n t ae t p ay ao r iy z sil 
LOG (lattice-best-path[5.5.141~1-40a9d]:main():lattice-best-path.cc:99) For utterance usctimit_ema_m1_204, best cost 63.9185 + 1671.92 = 1735.83 over 353 frames.
usctimit_ema_m1_204 sil hh aa k uh d ih jh er d er z sil 
LOG (lattice-best-path[5.5.141~1-40a9d]:main():lattice-best-path.cc:99) For utterance usctimit_ema_m1_209, best cost 56.0083 + 1698.02 = 1754.03 over 352 frames.
usctimit_ema_m1_209 sil ah l d f er p oy n sil 
LOG (lattice-best-path[5.5.141~1-40a9d]:main():lattice-best-path.cc:99) For utterance usctimit_ema_m1_224, best cost 92.1516 + 2039.18 = 2131.33 over 406 frames.
usctimit_ema_m1_224 sil ay ey t ih f r oy s t er n ao z p l iy sil 
LOG (lattice-best-path[5.5.141~1-40a9d]:main():lattice-best-path.cc:99) For utterance usctimit_ema_m1_229, best cost 96.2558 + 2014.04 = 2110.3 over 395 frames.
usctimit_ema_m1_229 sil m ay dh iy w ih ng ih k ah n z hh aa k aa f iy sil 
LOG (lattice-best-path[5.5.141~1-40a9d]:main():lattice-best-path.cc:99) For utterance usctimit_ema_m1_237, best cost 105.297 + 2361.64 = 2466.94 over 450 frames.
usctimit_ema_m1_237 sil w ih s aa p iy t ay m iy ay s k l ah l ow f sil 
LOG (lattice-best-path[5.5.141~1-40a9d]:main():lattice-best-path.cc:99) For utterance usctimit_ema_m1_265, best cost 126.004 + 2450.62 = 2576.62 over 470 frames.
usctimit_ema_m1_265 sil p iy t ey t ih s t er iy t ih v p aa t uw k ah n z f ao r iy sil 
LOG (lattice-best-path[5.5.141~1-40a9d]:main():lattice-best-path.cc:99) For utterance usctimit_ema_m1_269, best cost 117.856 + 2411 = 2528.86 over 491 frames.
usctimit_ema_m1_269 sil ay b r ah m ah p ay dh ow sh uw z ah b iy v er ch er ch sil 
LOG (lattice-best-path[5.5.141~1-40a9d]:main():lattice-best-path.cc:99) For utterance usctimit_ema_m1_277, best cost 80.6361 + 1635.93 = 1716.56 over 337 frames.
usctimit_ema_m1_277 sil dh iy m iy ih ng ih z aw er jh er n z sil 
LOG (lattice-best-path[5.5.141~1-40a9d]:main():lattice-best-path.cc:99) For utterance usctimit_ema_m1_302, best cost 173.636 + 3741.12 = 3914.75 over 706 frames.
usctimit_ema_m1_302 sil ah l ah n aa t ah l m ey l t uw s t iy k ah n aa s uw b l f r iy sh ah l f ey sh 
LOG (lattice-best-path[5.5.141~1-40a9d]:main():lattice-best-path.cc:99) For utterance usctimit_ema_m1_303, best cost 94.4583 + 2059.7 = 2154.16 over 415 frames.
usctimit_ema_m1_303 sil aa f ah n iy g ah p ae k w ih n iy p ah n sil 
LOG (lattice-best-path[5.5.141~1-40a9d]:main():lattice-best-path.cc:99) For utterance usctimit_ema_m1_317, best cost 162.048 + 3636.24 = 3798.29 over 731 frames.
usctimit_ema_m1_317 sil dh iy w ao f iy t ay k uw s w er sh ah n b aa p ow th ih g aa p ae n s t uw er sil 
LOG (lattice-best-path[5.5.141~1-40a9d]:main():lattice-best-path.cc:99) For utterance usctimit_ema_m1_320, best cost 117.617 + 2351.51 = 2469.12 over 468 frames.
usctimit_ema_m1_320 sil dh iy k aa s ao r w ih n jh oy d ih sh ah l f ih sh t ih sh sil 
LOG (lattice-best-path[5.5.141~1-40a9d]:main():lattice-best-path.cc:99) For utterance usctimit_ema_m1_322, best cost 102.755 + 2069 = 2171.76 over 422 frames.
usctimit_ema_m1_322 sil ah l f ah n z aa n t l d r iy n ae m l z sil 
LOG (lattice-best-path[5.5.141~1-40a9d]:main():lattice-best-path.cc:99) For utterance usctimit_ema_m1_336, best cost 123.142 + 2470.21 = 2593.35 over 475 frames.
usctimit_ema_m1_336 sil dh ae n oy s p r ah m g ow z r ow z m ao r w iy ch ey sil 
LOG (lattice-best-path[5.5.141~1-40a9d]:main():lattice-best-path.cc:99) For utterance usctimit_ema_m1_338, best cost 117.641 + 2537.35 = 2654.99 over 511 frames.
usctimit_ema_m1_338 sil ae t ay r m ey k s ah n z ah l iy f er m ah s eh v iy sil 
LOG (lattice-best-path[5.5.141~1-40a9d]:main():lattice-best-path.cc:99) For utterance usctimit_ema_m1_340, best cost 89.1656 + 1616.59 = 1705.75 over 316 frames.
usctimit_ema_m1_340 sil jh ao ng k ih ng sh ah l f ih f ao l ih ng sil 
LOG (lattice-best-path[5.5.141~1-40a9d]:main():lattice-best-path.cc:99) For utterance usctimit_ema_m1_344, best cost 103.13 + 2216.87 = 2320 over 454 frames.
usctimit_ema_m1_344 sil hh ae m b ih z r ay v ih ng s ah n d er z ey z sil 
LOG (lattice-best-path[5.5.141~1-40a9d]:main():lattice-best-path.cc:99) For utterance usctimit_ema_m1_347, best cost 106.85 + 2458.72 = 2565.57 over 467 frames.
usctimit_ema_m1_347 sil t er z p er w ih b aa t uw sh er k ae sh ah jh sil 
LOG (lattice-best-path[5.5.141~1-40a9d]:main():lattice-best-path.cc:99) For utterance usctimit_ema_m1_350, best cost 100.591 + 1735.14 = 1835.73 over 337 frames.
usctimit_ema_m1_350 sil ih sh ah l er f ah l z ih v er w ah b er k ah n sil 
LOG (lattice-best-path[5.5.141~1-40a9d]:main():lattice-best-path.cc:99) For utterance usctimit_ema_m1_360, best cost 143.634 + 2700.24 = 2843.87 over 500 frames.
usctimit_ema_m1_360 sil dh iy f ih sh iy ae z ah l iy f r t ih k l iy l s er f ih s ah s l iy sil 
LOG (lattice-best-path[5.5.141~1-40a9d]:main():lattice-best-path.cc:99) For utterance usctimit_ema_m1_361, best cost 114.523 + 1986.48 = 2101 over 383 frames.
usctimit_ema_m1_361 sil t ih n t ey sh iy l th ih s iy m uw dh iy s w ih s w iy sil 
LOG (lattice-best-path[5.5.141~1-40a9d]:main():lattice-best-path.cc:99) For utterance usctimit_ema_m1_367, best cost 108.409 + 2436.51 = 2544.92 over 492 frames.
usctimit_ema_m1_367 sil aa b er p ey p er m iy s ah b iy b aa f ay er sil 
LOG (lattice-best-path[5.5.141~1-40a9d]:main():lattice-best-path.cc:99) For utterance usctimit_ema_m1_368, best cost 101.344 + 2404.55 = 2505.9 over 474 frames.
usctimit_ema_m1_368 sil k er sh ah v er hh ae v ow t uw f ih sh ah jh sil 
LOG (lattice-best-path[5.5.141~1-40a9d]:main():lattice-best-path.cc:99) For utterance usctimit_ema_m1_375, best cost 124.726 + 2409.05 = 2533.77 over 464 frames.
usctimit_ema_m1_375 sil ay r sh ah jh er z iy f r jh t ah p er ch er b r k ah z sil 
LOG (lattice-best-path[5.5.141~1-40a9d]:main():lattice-best-path.cc:99) For utterance usctimit_ema_m1_394, best cost 128.386 + 2817.21 = 2945.59 over 547 frames.
usctimit_ema_m1_394 sil dh iy z ah g r s ah p l iy s ah n t f ay k aa t s m ow v er z sil 
LOG (lattice-best-path[5.5.141~1-40a9d]:main():lattice-best-path.cc:99) For utterance usctimit_ema_m1_400, best cost 112.35 + 2005.88 = 2118.23 over 382 frames.
usctimit_ema_m1_400 sil w ih z ah s l aa r ch ih ng b ay dh iy aa r ih ng ao r sil 
LOG (lattice-best-path[5.5.141~1-40a9d]:main():lattice-best-path.cc:99) For utterance usctimit_ema_m1_432, best cost 52.457 + 1385.9 = 1438.35 over 285 frames.
usctimit_ema_m1_432 sil ah l l iy w ey er sil 
LOG (lattice-best-path[5.5.141~1-40a9d]:main():lattice-best-path.cc:99) For utterance usctimit_ema_m3_010, best cost 63.4771 + 1653.46 = 1716.93 over 327 frames.
usctimit_ema_m3_010 sil w ao r aa r w er y ah l iy sil 
LOG (lattice-best-path[5.5.141~1-40a9d]:main():lattice-best-path.cc:99) For utterance usctimit_ema_m3_044, best cost 99.8475 + 2570.98 = 2670.83 over 472 frames.
usctimit_ema_m3_044 sil l ay k ah v iy k ah p aa d eh t r d ah z sil 
LOG (lattice-best-path[5.5.141~1-40a9d]:main():lattice-best-path.cc:99) For utterance usctimit_ema_m3_068, best cost 95.9371 + 2254.75 = 2350.69 over 441 frames.
usctimit_ema_m3_068 sil dh iy s ah p aa s l g ow p y aa k ah s iy sil 
LOG (lattice-best-path[5.5.141~1-40a9d]:main():lattice-best-path.cc:99) For utterance usctimit_ema_m3_071, best cost 112.22 + 2452.2 = 2564.42 over 439 frames.
usctimit_ema_m3_071 sil k aa r ih sh ah m ao z ah n s t ae n iy l iy dh iy s iy sil 
LOG (lattice-best-path[5.5.141~1-40a9d]:main():lattice-best-path.cc:99) For utterance usctimit_ema_m3_080, best cost 105.614 + 2445.75 = 2551.36 over 411 frames.
usctimit_ema_m3_080 sil ih g ow z ae l iy zh er ch aa k ao r t ay l z sil 
LOG (lattice-best-path[5.5.141~1-40a9d]:main():lattice-best-path.cc:99) For utterance usctimit_ema_m3_101, best cost 78.113 + 1708.3 = 1786.41 over 307 frames.
usctimit_ema_m3_101 sil k ae f ih s er w ih n aa t ey n t sil 
LOG (lattice-best-path[5.5.141~1-40a9d]:main():lattice-best-path.cc:99) For utterance usctimit_ema_m3_113, best cost 82.111 + 2020.29 = 2102.41 over 382 frames.
usctimit_ema_m3_113 sil w aa t f ao r uw z ah s ah jh eh l z sil 
LOG (lattice-best-path[5.5.141~1-40a9d]:main():lattice-best-path.cc:99) For utterance usctimit_ema_m3_129, best cost 89.89 + 2159.67 = 2249.55 over 411 frames.
usctimit_ema_m3_129 sil t uw m ay t er ae s ih g y ah n t ah l sil 
LOG (lattice-best-path[5.5.141~1-40a9d]:main():lattice-best-path.cc:99) For utterance usctimit_ema_m3_141, best cost 94.0096 + 1961.09 = 2055.1 over 354 frames.
usctimit_ema_m3_141 sil r m uw dh iy s ah n d w ih th er t iy z ih z sil 
LOG (lattice-best-path[5.5.141~1-40a9d]:main():lattice-best-path.cc:99) For utterance usctimit_ema_m3_147, best cost 95.7277 + 2290.63 = 2386.36 over 438 frames.
usctimit_ema_m3_147 sil dh er m ey m ay f ao f r ae n d b ae n z sil 
LOG (lattice-best-path[5.5.141~1-40a9d]:main():lattice-best-path.cc:99) For utterance usctimit_ema_m3_192, best cost 105.665 + 2310.1 = 2415.76 over 428 frames.
usctimit_ema_m3_192 sil ah l d b eh s p eh sh ah jh oy p aa g l er sil 
LOG (lattice-best-path[5.5.141~1-40a9d]:main():lattice-best-path.cc:99) For utterance usctimit_ema_m3_203, best cost 103.59 + 2154.65 = 2258.24 over 419 frames.
usctimit_ema_m3_203 sil dh iy p ah b ah jh ah b aa t ey b ow m ah g r ow zh sil 
LOG (lattice-best-path[5.5.141~1-40a9d]:main():lattice-best-path.cc:99) For utterance usctimit_ema_m3_260, best cost 128.059 + 2375.17 = 2503.23 over 446 frames.
usctimit_ema_m3_260 sil r f ay z eh k aw m ay n b ay ah n er b r eh sh ah n ae l sil 
LOG (lattice-best-path[5.5.141~1-40a9d]:main():lattice-best-path.cc:99) For utterance usctimit_ema_m3_267, best cost 105.217 + 2710.91 = 2816.12 over 519 frames.
usctimit_ema_m3_267 sil ih s k ae k ah s m ao l ae v er ey n iy t uw sil 
LOG (lattice-best-path[5.5.141~1-40a9d]:main():lattice-best-path.cc:99) For utterance usctimit_ema_m3_282, best cost 160.301 + 3519.95 = 3680.25 over 657 frames.
usctimit_ema_m3_282 sil dh iy ae t er z ah b iy s ih f ao r ey t iy ih g ah n t er k er f l iy f r s sil 
LOG (lattice-best-path[5.5.141~1-40a9d]:main():lattice-best-path.cc:99) For utterance usctimit_ema_m3_300, best cost 97.6177 + 2350.09 = 2447.71 over 450 frames.
usctimit_ema_m3_300 sil dh iy b ih g aa l ah t uw aa n iy l ay d ao l sil 
LOG (lattice-best-path[5.5.141~1-40a9d]:main():lattice-best-path.cc:99) For utterance usctimit_ema_m3_316, best cost 160.802 + 3128.09 = 3288.89 over 569 frames.
usctimit_ema_m3_316 sil dh iy p r iy s ow k ah n r oy s er f y ah l ih z ah b iy m er z ih d ih sh ah n z sil 
LOG (lattice-best-path[5.5.141~1-40a9d]:main():lattice-best-path.cc:99) For utterance usctimit_ema_m3_320, best cost 107.64 + 2368.5 = 2476.14 over 447 frames.
usctimit_ema_m3_320 sil ah k aa s ao r ow n jh oy ih sh ah l th ih sh ih sh sil 
LOG (lattice-best-path[5.5.141~1-40a9d]:main():lattice-best-path.cc:99) For utterance usctimit_ema_m3_335, best cost 98.0473 + 2504.94 = 2602.98 over 449 frames.
usctimit_ema_m3_335 sil b aa p ih r ow l r ow dh iy er m er z sil 
LOG (lattice-best-path[5.5.141~1-40a9d]:main():lattice-best-path.cc:99) For utterance usctimit_ema_m3_336, best cost 103.315 + 2052.92 = 2156.24 over 372 frames.
usctimit_ema_m3_336 sil ae n oy z aa m er z m ao r n oy n iy ch ey sil 
LOG (lattice-best-path[5.5.141~1-40a9d]:main():lattice-best-path.cc:99) For utterance usctimit_ema_m3_338, best cost 119.215 + 2598.48 = 2717.69 over 500 frames.
usctimit_ema_m3_338 sil dh eh d ay r eh m ey s ah n s l ae t er m ah ch ah b iy sil 
LOG (lattice-best-path[5.5.141~1-40a9d]:main():lattice-best-path.cc:99) For utterance usctimit_ema_m3_339, best cost 95.84 + 2176.93 = 2272.77 over 423 frames.
usctimit_ema_m3_339 sil ah b ao r n aa l ah s ah p er s ih ng g l sil 
LOG (lattice-best-path[5.5.141~1-40a9d]:main():lattice-best-path.cc:99) For utterance usctimit_ema_m3_357, best cost 109.489 + 2527.49 = 2636.98 over 462 frames.
usctimit_ema_m3_357 sil ah m aw s k ae f r ih k r t iy l ih s t iy d sil 
LOG (lattice-best-path[5.5.141~1-40a9d]:main():lattice-best-path.cc:99) For utterance usctimit_ema_m3_359, best cost 87.0975 + 2085.47 = 2172.57 over 389 frames.
usctimit_ema_m3_359 sil k aw s ih m ey t ow n t iy s r l sil 
LOG (lattice-best-path[5.5.141~1-40a9d]:main():lattice-best-path.cc:99) For utterance usctimit_ema_m3_379, best cost 113.358 + 2571.68 = 2685.04 over 477 frames.
usctimit_ema_m3_379 sil ay er s ih s ih z uw z ah l ah n s t ae sh iy p er z sil 
LOG (lattice-best-path[5.5.141~1-40a9d]:main():lattice-best-path.cc:99) For utterance usctimit_ema_m3_385, best cost 96.6557 + 1838.81 = 1935.46 over 354 frames.
usctimit_ema_m3_385 sil eh v ih k ae n iy t ih p ey d ih n aa t ah n sil 
LOG (lattice-best-path[5.5.141~1-40a9d]:main():lattice-best-path.cc:99) For utterance usctimit_ema_m3_390, best cost 115.561 + 2370.21 = 2485.77 over 428 frames.
usctimit_ema_m3_390 sil dh iy w iy ch aa r k ah s ah p oy z ah d ih l n s t iy sil 
LOG (lattice-best-path[5.5.141~1-40a9d]:main():lattice-best-path.cc:99) For utterance usctimit_ema_m3_423, best cost 132.002 + 2701.34 = 2833.34 over 495 frames.
usctimit_ema_m3_423 sil dh iy g ow z ah f r t ow s aa r ae t ow sh er sh ah n ah f r sil 
LOG (lattice-best-path[5.5.141~1-40a9d]:main():lattice-best-path.cc:99) For utterance usctimit_ema_m3_434, best cost 63.7657 + 1466.68 = 1530.45 over 285 frames.
usctimit_ema_m3_434 sil r eh sh l ay z ah l er z sil 
LOG (lattice-best-path[5.5.141~1-40a9d]:main():lattice-best-path.cc:99) For utterance usctimit_ema_m3_438, best cost 136.261 + 2686.13 = 2822.39 over 495 frames.
usctimit_ema_m3_438 sil dh iy p ay aa t er m aa l ih n t ih k ah p iy s iy t er k ih sh ah n sil 
LOG (lattice-best-path[5.5.141~1-40a9d]:main():lattice-best-path.cc:99) For utterance usctimit_ema_m3_442, best cost 96.0501 + 2127.88 = 2223.93 over 404 frames.
usctimit_ema_m3_442 sil w ih k l iy ch iy s ah d ih t uw ih s p r iy sil 
LOG (lattice-best-path[5.5.141~1-40a9d]:main():lattice-best-path.cc:99) For utterance usctimit_ema_m3_444, best cost 150.083 + 3237.7 = 3387.79 over 603 frames.
usctimit_ema_m3_444 sil r aa m ey ae g r ey n uw aa sh uh d er ah n s p r iy p ay f r z er sil 
LOG (lattice-best-path[5.5.141~1-40a9d]:main():lattice-best-path.cc:99) For utterance usctimit_ema_m3_457, best cost 151.553 + 2944.04 = 3095.59 over 560 frames.
usctimit_ema_m3_457 sil k aa th iy z g r ah n s iy d ah m l ih k s ow s ah n t ah b r s ah n z sil 
LOG (lattice-scale[5.5.141~1-40a9d]:main():lattice-scale.cc:107) Done 183 lattices.
LOG (lattice-best-path[5.5.141~1-40a9d]:main():lattice-best-path.cc:99) For utterance usctimit_ema_m3_458, best cost 137.563 + 2854.8 = 2992.37 over 535 frames.
usctimit_ema_m3_458 sil dh eh s ih ng ey p r w ih s k aa b ay k w ay d ey p er z ey sh t sil 
LOG (lattice-add-penalty[5.5.141~1-40a9d]:main():lattice-add-penalty.cc:62) Done adding word insertion penalty to 183 lattices.
LOG (lattice-best-path[5.5.141~1-40a9d]:main():lattice-best-path.cc:99) For utterance usctimit_ema_m3_460, best cost 65.7624 + 2542.52 = 2608.28 over 497 frames.
usctimit_ema_m3_460 sil w ih s iy eh sh ah l ih z sil 
LOG (lattice-best-path[5.5.141~1-40a9d]:main():lattice-best-path.cc:124) Overall cost per frame is 5.44724 = 0.237401 [graph] + 5.20984 [acoustic] over 81821 frames.
LOG (lattice-best-path[5.5.141~1-40a9d]:main():lattice-best-path.cc:128) Done 183 lattices, failed for 0
# Accounting: time=5 threads=1
# Ended (code 0) at Mon Dec 24 21:09:27 EET 2018, elapsed time 5 seconds
