# lattice-scale --inv-acoustic-scale=8 "ark:gunzip -c exp/ug/mono/decode/lat.*.gz|" ark:- | lattice-add-penalty --word-ins-penalty=1.0 ark:- ark:- | lattice-best-path --word-symbol-table=exp/ug/mono/graph/words.txt ark:- ark,t:- | utils/int2sym.pl -f 2- exp/ug/mono/graph/words.txt | cat > exp/ug/mono/decode/scoring_kaldi/penalty_1.0/8.txt 
# Started at Mon Dec 24 19:59:23 EET 2018
#
lattice-add-penalty --word-ins-penalty=1.0 ark:- ark:- 
lattice-best-path --word-symbol-table=exp/ug/mono/graph/words.txt ark:- ark,t:- 
lattice-scale --inv-acoustic-scale=8 'ark:gunzip -c exp/ug/mono/decode/lat.*.gz|' ark:- 
LOG (lattice-best-path[5.5.141~1-40a9d]:main():lattice-best-path.cc:99) For utterance usctimit_ema_f1_021, best cost 82.0298 + 2943.35 = 3025.38 over 290 frames.
usctimit_ema_f1_021 aa m iy oy r s aa m ah n er z 
LOG (lattice-best-path[5.5.141~1-40a9d]:main():lattice-best-path.cc:99) For utterance usctimit_ema_f1_028, best cost 172.794 + 5157.61 = 5330.41 over 499 frames.
usctimit_ema_f1_028 l iy d uw ow z ih k aa p ah t er d ih s ah t ey p aa p y l aw r ey iy 
LOG (lattice-best-path[5.5.141~1-40a9d]:main():lattice-best-path.cc:99) For utterance usctimit_ema_f1_031, best cost 130.71 + 4169.13 = 4299.84 over 395 frames.
usctimit_ema_f1_031 ao r s l r s l l z ih k er jh uw iy sh n r z n sil 
LOG (lattice-best-path[5.5.141~1-40a9d]:main():lattice-best-path.cc:99) For utterance usctimit_ema_f1_052, best cost 134.051 + 4529.11 = 4663.16 over 431 frames.
usctimit_ema_f1_052 aa s ah b l jh eh k d z jh iy l aa z k ah f iy er iy 
LOG (lattice-best-path[5.5.141~1-40a9d]:main():lattice-best-path.cc:99) For utterance usctimit_ema_f1_054, best cost 118.211 + 3857.26 = 3975.47 over 382 frames.
usctimit_ema_f1_054 ch aa n jh iy ch d ah n l s n t l ih jh ih n z 
LOG (lattice-best-path[5.5.141~1-40a9d]:main():lattice-best-path.cc:99) For utterance usctimit_ema_f1_072, best cost 118.299 + 4021.8 = 4140.1 over 403 frames.
usctimit_ema_f1_072 s ah n ae n ih z eh d ey f y v ih k iy er k s 
LOG (lattice-best-path[5.5.141~1-40a9d]:main():lattice-best-path.cc:99) For utterance usctimit_ema_f1_078, best cost 119.185 + 4490.89 = 4610.07 over 447 frames.
usctimit_ema_f1_078 ah l eh t aa s l iy z w aa t ow p ay n s ah z 
LOG (lattice-best-path[5.5.141~1-40a9d]:main():lattice-best-path.cc:99) For utterance usctimit_ema_f1_090, best cost 119.266 + 3590.1 = 3709.37 over 353 frames.
usctimit_ema_f1_090 iy m eh z ih s b ah s ah l iy d ah l iy f ay l z 
LOG (lattice-best-path[5.5.141~1-40a9d]:main():lattice-best-path.cc:99) For utterance usctimit_ema_f1_105, best cost 146.185 + 4927.64 = 5073.82 over 461 frames.
usctimit_ema_f1_105 dh ih k ay ow iy b aa k ae eh hh ay iy ae r oy l d aw ah z 
LOG (lattice-best-path[5.5.141~1-40a9d]:main():lattice-best-path.cc:99) For utterance usctimit_ema_f1_108, best cost 147.514 + 4777.57 = 4925.08 over 458 frames.
usctimit_ema_f1_108 ah s r t eh v r z m ey f r f aa p eh n aa r n jh iy z 
LOG (lattice-best-path[5.5.141~1-40a9d]:main():lattice-best-path.cc:99) For utterance usctimit_ema_f1_111, best cost 111.807 + 3478.78 = 3590.59 over 329 frames.
usctimit_ema_f1_111 r ih f ih sh ow n t ao s ih s ah z f r iy l 
LOG (lattice-best-path[5.5.141~1-40a9d]:main():lattice-best-path.cc:99) For utterance usctimit_ema_f1_115, best cost 97.2411 + 3683.76 = 3781 over 355 frames.
usctimit_ema_f1_115 sil ey f ao ae ch eh s er r ae p eh z 
LOG (lattice-best-path[5.5.141~1-40a9d]:main():lattice-best-path.cc:99) For utterance usctimit_ema_f1_123, best cost 131.209 + 5034.77 = 5165.98 over 492 frames.
usctimit_ema_f1_123 ih b ah n l l s p ow z ah ih z ah ch iy iy d sh ao er 
LOG (lattice-best-path[5.5.141~1-40a9d]:main():lattice-best-path.cc:99) For utterance usctimit_ema_f1_126, best cost 154.544 + 4591.79 = 4746.34 over 432 frames.
usctimit_ema_f1_126 w ah sh ao aa t k ow z ow p ey ih n ey k aa f ih k ey sh ae n 
LOG (lattice-best-path[5.5.141~1-40a9d]:main():lattice-best-path.cc:99) For utterance usctimit_ema_f1_134, best cost 103.766 + 4074.63 = 4178.4 over 416 frames.
usctimit_ema_f1_134 dh iy m iy z k ih z iy ih z ae s ah z ah k 
LOG (lattice-best-path[5.5.141~1-40a9d]:main():lattice-best-path.cc:99) For utterance usctimit_ema_f1_153, best cost 199.499 + 6377.92 = 6577.42 over 618 frames.
usctimit_ema_f1_153 dh ih m ay ng iy l k eh s ah s aw t z ih p iy b l s er v ey ng ey sh n r l n z 
LOG (lattice-best-path[5.5.141~1-40a9d]:main():lattice-best-path.cc:99) For utterance usctimit_ema_f1_162, best cost 137.365 + 4868.92 = 5006.29 over 486 frames.
usctimit_ema_f1_162 ah s ao l k aa l t ih z ah n aw k oy jh k ey sh ah m 
LOG (lattice-best-path[5.5.141~1-40a9d]:main():lattice-best-path.cc:99) For utterance usctimit_ema_f1_170, best cost 142.343 + 4663.63 = 4805.97 over 459 frames.
usctimit_ema_f1_170 k l ao dh er ay s iy aa m ah m ih d ih k s eh t ih k aw m 
LOG (lattice-best-path[5.5.141~1-40a9d]:main():lattice-best-path.cc:99) For utterance usctimit_ema_f1_198, best cost 92.9715 + 3548.33 = 3641.3 over 368 frames.
usctimit_ema_f1_198 sil ah p er m n ay v eh r k er t z 
LOG (lattice-best-path[5.5.141~1-40a9d]:main():lattice-best-path.cc:99) For utterance usctimit_ema_f1_209, best cost 77.857 + 3352.74 = 3430.6 over 339 frames.
usctimit_ema_f1_209 r iy l k iy ng r p l n ae n 
LOG (lattice-best-path[5.5.141~1-40a9d]:main():lattice-best-path.cc:99) For utterance usctimit_ema_f1_213, best cost 95.4109 + 3712.57 = 3807.98 over 358 frames.
usctimit_ema_f1_213 ay m ay z aa k aw t ay iy n s ih iy 
LOG (lattice-best-path[5.5.141~1-40a9d]:main():lattice-best-path.cc:99) For utterance usctimit_ema_f1_227, best cost 109.074 + 3843.66 = 3952.74 over 386 frames.
usctimit_ema_f1_227 b ay iy ih ng y ow r y m ey l w aa ng er 
LOG (lattice-best-path[5.5.141~1-40a9d]:main():lattice-best-path.cc:99) For utterance usctimit_ema_f1_236, best cost 117.437 + 3636.75 = 3754.19 over 358 frames.
usctimit_ema_f1_236 aw oy l iy t y l ey ih s ae l ih t eh s ah ng 
LOG (lattice-best-path[5.5.141~1-40a9d]:main():lattice-best-path.cc:99) For utterance usctimit_ema_f1_239, best cost 120.926 + 4046.38 = 4167.31 over 412 frames.
usctimit_ema_f1_239 w ah t r ao aa m iy z m aa ch aa n iy z ng iy sil 
LOG (lattice-best-path[5.5.141~1-40a9d]:main():lattice-best-path.cc:99) For utterance usctimit_ema_f1_242, best cost 115.244 + 3601.43 = 3716.68 over 356 frames.
usctimit_ema_f1_242 d uw ey t ih k er k ow f aa m ih s ao aw t z 
LOG (lattice-best-path[5.5.141~1-40a9d]:main():lattice-best-path.cc:99) For utterance usctimit_ema_f1_244, best cost 133.717 + 4045.32 = 4179.03 over 398 frames.
usctimit_ema_f1_244 iy k eh v ow aa d k aa ow f r d ah f aw r b eh n z 
LOG (lattice-best-path[5.5.141~1-40a9d]:main():lattice-best-path.cc:99) For utterance usctimit_ema_f1_250, best cost 79.1023 + 3334.62 = 3413.72 over 346 frames.
usctimit_ema_f1_250 dh m eh s r s ae sh m l s iy 
LOG (lattice-best-path[5.5.141~1-40a9d]:main():lattice-best-path.cc:99) For utterance usctimit_ema_f1_252, best cost 184.656 + 5669.33 = 5853.98 over 550 frames.
usctimit_ema_f1_252 aw s ah ah b ah iy t ah w r k ih v ah t ih p er ih sh n z n ow w er d ey ng 
LOG (lattice-best-path[5.5.141~1-40a9d]:main():lattice-best-path.cc:99) For utterance usctimit_ema_f1_255, best cost 134.281 + 4380.59 = 4514.87 over 428 frames.
usctimit_ema_f1_255 dh t ih f er f r ae t ih k aa m ay n z t ih f ow aw 
LOG (lattice-best-path[5.5.141~1-40a9d]:main():lattice-best-path.cc:99) For utterance usctimit_ema_f1_262, best cost 184.308 + 5946.71 = 6131.02 over 572 frames.
usctimit_ema_f1_262 dh ih s r sh r z r t ih k ow iy f ao r m d ih f er p z b eh t ih p ay er 
LOG (lattice-best-path[5.5.141~1-40a9d]:main():lattice-best-path.cc:99) For utterance usctimit_ema_f1_286, best cost 102.4 + 3103.6 = 3206 over 302 frames.
usctimit_ema_f1_286 eh t ow ch ey z z k ae s m er s l s ah 
LOG (lattice-best-path[5.5.141~1-40a9d]:main():lattice-best-path.cc:99) For utterance usctimit_ema_f1_297, best cost 136.016 + 5762.37 = 5898.39 over 592 frames.
usctimit_ema_f1_297 r k r iy n t aa n ch ah s ao ch r t n z n iy f n n 
LOG (lattice-best-path[5.5.141~1-40a9d]:main():lattice-best-path.cc:99) For utterance usctimit_ema_f1_299, best cost 140.711 + 4959.95 = 5100.66 over 491 frames.
usctimit_ema_f1_299 ae dh n ah m er t ey z ah z s oy s aa s dh ay y uw eh n 
LOG (lattice-best-path[5.5.141~1-40a9d]:main():lattice-best-path.cc:99) For utterance usctimit_ema_f1_302, best cost 170.368 + 5759.76 = 5930.13 over 573 frames.
usctimit_ema_f1_302 ih d ah l ah eh b ay n s iy n aa t ih d ah b ow f r iy sh ah l f ah jh 
LOG (lattice-best-path[5.5.141~1-40a9d]:main():lattice-best-path.cc:99) For utterance usctimit_ema_f1_311, best cost 189.589 + 5150.42 = 5340.01 over 495 frames.
usctimit_ema_f1_311 sil ih f r ey n ch ae v ah z jh ih l ih s ah t uw b ay z b ih iy b r ae p er sil 
LOG (lattice-best-path[5.5.141~1-40a9d]:main():lattice-best-path.cc:99) For utterance usctimit_ema_f1_317, best cost 189.336 + 6778.41 = 6967.74 over 679 frames.
usctimit_ema_f1_317 m eh n iy l l p iy t ay k ah n s w er sh ah n w aa p ow th iy ae n s uw n er 
LOG (lattice-best-path[5.5.141~1-40a9d]:main():lattice-best-path.cc:99) For utterance usctimit_ema_f1_320, best cost 132.679 + 4587.38 = 4720.05 over 454 frames.
usctimit_ema_f1_320 ah k aa n eh s er l n jh oy d ih sh ah l dh ih ch ah ch 
LOG (lattice-best-path[5.5.141~1-40a9d]:main():lattice-best-path.cc:99) For utterance usctimit_ema_f1_323, best cost 130.444 + 4543.3 = 4673.74 over 450 frames.
usctimit_ema_f1_323 d ae n iy s w eh sh n ay ch er k oy z ae k l eh z 
LOG (lattice-best-path[5.5.141~1-40a9d]:main():lattice-best-path.cc:99) For utterance usctimit_ema_f1_325, best cost 131.097 + 4050.64 = 4181.74 over 400 frames.
usctimit_ema_f1_325 t ao eh sh s ah l d ah m aa ch ih z ey t ay m v iy z 
LOG (lattice-best-path[5.5.141~1-40a9d]:main():lattice-best-path.cc:99) For utterance usctimit_ema_f1_342, best cost 147.443 + 4641.8 = 4789.24 over 452 frames.
usctimit_ema_f1_342 sh y oy z jh er s ah b eh t uw eh f r l t ah z f ih n m 
LOG (lattice-best-path[5.5.141~1-40a9d]:main():lattice-best-path.cc:99) For utterance usctimit_ema_f1_346, best cost 113.204 + 3359.13 = 3472.33 over 328 frames.
usctimit_ema_f1_346 w uw ao k ah m n ng iy s t uw n z iy ch iy er 
LOG (lattice-best-path[5.5.141~1-40a9d]:main():lattice-best-path.cc:99) For utterance usctimit_ema_f1_347, best cost 143.038 + 4593.91 = 4736.94 over 452 frames.
usctimit_ema_f1_347 sil r jh z hh er n ay d eh n f iy jh ih g ae sh er d ah jh 
LOG (lattice-best-path[5.5.141~1-40a9d]:main():lattice-best-path.cc:99) For utterance usctimit_ema_f1_356, best cost 96.7796 + 3132.21 = 3228.99 over 302 frames.
usctimit_ema_f1_356 sil dh ey l ay k l m hh ae ch aw er z 
LOG (lattice-best-path[5.5.141~1-40a9d]:main():lattice-best-path.cc:99) For utterance usctimit_ema_f1_360, best cost 166.397 + 4858.58 = 5024.98 over 462 frames.
usctimit_ema_f1_360 ih f ih s iy n s l iy f ay t ih k l iy n s er k ah z ah s m l iy sil 
LOG (lattice-best-path[5.5.141~1-40a9d]:main():lattice-best-path.cc:99) For utterance usctimit_ema_f1_362, best cost 121.962 + 4155.81 = 4277.77 over 430 frames.
usctimit_ema_f1_362 dh ey s ih ng aw b er w ao l v r n t ih k iy er 
LOG (lattice-best-path[5.5.141~1-40a9d]:main():lattice-best-path.cc:99) For utterance usctimit_ema_f1_364, best cost 166.164 + 4671.54 = 4837.7 over 457 frames.
usctimit_ema_f1_364 ih t ae s ah t ae b er d ae n n k aa z ih k ae p ch ae f iy jh ae n 
LOG (lattice-best-path[5.5.141~1-40a9d]:main():lattice-best-path.cc:99) For utterance usctimit_ema_f1_368, best cost 133.104 + 4504.09 = 4637.2 over 450 frames.
usctimit_ema_f1_368 sil k r z ah d ae n eh b ih t n f ih sh s ae m d ch 
LOG (lattice-best-path[5.5.141~1-40a9d]:main():lattice-best-path.cc:99) For utterance usctimit_ema_f1_382, best cost 162.076 + 5843.44 = 6005.51 over 595 frames.
usctimit_ema_f1_382 s ae sh l iy k l t ah n eh k ae s aw iy uw l d n ch m ae p ih ng 
LOG (lattice-best-path[5.5.141~1-40a9d]:main():lattice-best-path.cc:99) For utterance usctimit_ema_f1_394, best cost 159.224 + 5483.92 = 5643.14 over 548 frames.
usctimit_ema_f1_394 dh iy z ih r s ah p w iy s ih n t ah f ay k ow l s m ay er z z 
LOG (lattice-best-path[5.5.141~1-40a9d]:main():lattice-best-path.cc:99) For utterance usctimit_ema_f1_397, best cost 171.295 + 5084.98 = 5256.28 over 501 frames.
usctimit_ema_f1_397 sil t ah b r n aw s ay s k aa f n s aa f er f n ay g ae hh aa b ah 
LOG (lattice-best-path[5.5.141~1-40a9d]:main():lattice-best-path.cc:99) For utterance usctimit_ema_f1_402, best cost 92.1293 + 3958.15 = 4050.28 over 401 frames.
usctimit_ema_f1_402 r s ih k m ae t ih f r n ch iy z 
LOG (lattice-best-path[5.5.141~1-40a9d]:main():lattice-best-path.cc:99) For utterance usctimit_ema_f1_405, best cost 136.309 + 5134.71 = 5271.02 over 510 frames.
usctimit_ema_f1_405 w ey m r d z p er ey s ae k oy z n d r ng dh r ae 
LOG (lattice-best-path[5.5.141~1-40a9d]:main():lattice-best-path.cc:99) For utterance usctimit_ema_f1_451, best cost 151.389 + 4696.96 = 4848.34 over 444 frames.
usctimit_ema_f1_451 sil ch ow t ih n k uw z ih m eh n ey f r l t m n s ih n ng 
LOG (lattice-best-path[5.5.141~1-40a9d]:main():lattice-best-path.cc:99) For utterance usctimit_ema_f1_453, best cost 148.841 + 4810.24 = 4959.08 over 476 frames.
usctimit_ema_f1_453 w ay n w er z k r ng iy n z ih ng v eh ch ah b ow p er n 
LOG (lattice-best-path[5.5.141~1-40a9d]:main():lattice-best-path.cc:99) For utterance usctimit_ema_f1_456, best cost 140.752 + 4457.54 = 4598.29 over 433 frames.
usctimit_ema_f1_456 ah m ao s ih d eh t ah l n p ae t uw ae ah z k aa r ih m 
LOG (lattice-best-path[5.5.141~1-40a9d]:main():lattice-best-path.cc:99) For utterance usctimit_ema_f1_460, best cost 101.14 + 3295.54 = 3396.68 over 334 frames.
usctimit_ema_f1_460 w ih sh iy n ih sh ow z m ah b ih d ah z 
LOG (lattice-best-path[5.5.141~1-40a9d]:main():lattice-best-path.cc:99) For utterance usctimit_ema_f5_009, best cost 78.2464 + 3368.04 = 3446.28 over 341 frames.
usctimit_ema_f5_009 y uw l aw b r r l ay 
LOG (lattice-best-path[5.5.141~1-40a9d]:main():lattice-best-path.cc:99) For utterance usctimit_ema_f5_011, best cost 95.2907 + 3271.69 = 3366.98 over 301 frames.
usctimit_ema_f5_011 ih y r m ah s hh ay z uw k ae n 
LOG (lattice-best-path[5.5.141~1-40a9d]:main():lattice-best-path.cc:99) For utterance usctimit_ema_f5_017, best cost 119.167 + 3710.04 = 3829.21 over 328 frames.
usctimit_ema_f5_017 aw m uh iy hh r m s ih f ao s m ae z w l 
LOG (lattice-best-path[5.5.141~1-40a9d]:main():lattice-best-path.cc:99) For utterance usctimit_ema_f5_019, best cost 108.698 + 3319.58 = 3428.28 over 308 frames.
usctimit_ema_f5_019 ah f ah l f ay z hh l p iy f r iy m 
LOG (lattice-best-path[5.5.141~1-40a9d]:main():lattice-best-path.cc:99) For utterance usctimit_ema_f5_066, best cost 138.414 + 3868.11 = 4006.53 over 335 frames.
usctimit_ema_f5_066 d aa k er sh dh s k eh n k eh d s t uw f r iy n iy k 
LOG (lattice-best-path[5.5.141~1-40a9d]:main():lattice-best-path.cc:99) For utterance usctimit_ema_f5_080, best cost 158.423 + 4600.32 = 4758.74 over 417 frames.
usctimit_ema_f5_080 ih g ao s n aw dh ey d er d er t aa p ah k ah eh p ay l z sil 
LOG (lattice-best-path[5.5.141~1-40a9d]:main():lattice-best-path.cc:99) For utterance usctimit_ema_f5_081, best cost 152.451 + 4139.99 = 4292.45 over 373 frames.
usctimit_ema_f5_081 ae s k r ey p er iy s t ae k s w n z n eh y n iy sh n 
LOG (lattice-best-path[5.5.141~1-40a9d]:main():lattice-best-path.cc:99) For utterance usctimit_ema_f5_090, best cost 132.552 + 4150.36 = 4282.91 over 385 frames.
usctimit_ema_f5_090 y n s ih k s ah s ah d l iy d l iy k f ay l z 
LOG (lattice-best-path[5.5.141~1-40a9d]:main():lattice-best-path.cc:99) For utterance usctimit_ema_f5_143, best cost 140.704 + 4845.61 = 4986.31 over 473 frames.
usctimit_ema_f5_143 dh k eh f r ah s ao f r z ey sh n ah s ih s n sh ah 
LOG (lattice-best-path[5.5.141~1-40a9d]:main():lattice-best-path.cc:99) For utterance usctimit_ema_f5_144, best cost 209.438 + 6247.66 = 6457.09 over 594 frames.
usctimit_ema_f5_144 eh s k ow aa t z w iy k ih z eh t ih d er n uw b ow t ah dh hh aa d iy aa iy z 
LOG (lattice-best-path[5.5.141~1-40a9d]:main():lattice-best-path.cc:99) For utterance usctimit_ema_f5_162, best cost 140.662 + 4975.98 = 5116.64 over 483 frames.
usctimit_ema_f5_162 ah s ao k aa jh ih z er n aw k oy jh k ey sh n l 
LOG (lattice-best-path[5.5.141~1-40a9d]:main():lattice-best-path.cc:99) For utterance usctimit_ema_f5_163, best cost 182.078 + 5568.19 = 5750.27 over 532 frames.
usctimit_ema_f5_163 r ch ah k er z b aa ih hh iy n ah z n jh ae w ao z ah m z ah f ao r iy 
LOG (lattice-best-path[5.5.141~1-40a9d]:main():lattice-best-path.cc:99) For utterance usctimit_ema_f5_164, best cost 98.2084 + 4140.82 = 4239.02 over 405 frames.
usctimit_ema_f5_164 sil t ih k uw z t aw dh iy t uw d 
LOG (lattice-best-path[5.5.141~1-40a9d]:main():lattice-best-path.cc:99) For utterance usctimit_ema_f5_174, best cost 116.386 + 4047.58 = 4163.97 over 386 frames.
usctimit_ema_f5_174 t aa hh ae t r aa t f ae sh n z y er sil 
LOG (lattice-best-path[5.5.141~1-40a9d]:main():lattice-best-path.cc:99) For utterance usctimit_ema_f5_197, best cost 116.613 + 4055.31 = 4171.92 over 400 frames.
usctimit_ema_f5_197 w s m l l ah p ah p ah w r m m hh aa k 
LOG (lattice-best-path[5.5.141~1-40a9d]:main():lattice-best-path.cc:99) For utterance usctimit_ema_f5_208, best cost 121.123 + 3741.45 = 3862.57 over 373 frames.
usctimit_ema_f5_208 sil dh ih d iy p oy t ow v er l t y ow sh ah m 
LOG (lattice-best-path[5.5.141~1-40a9d]:main():lattice-best-path.cc:99) For utterance usctimit_ema_f5_233, best cost 219.333 + 7038.1 = 7257.43 over 648 frames.
usctimit_ema_f5_233 f er n iy ey b l iy sil r m eh b er t r l aw ay d ae k l t ih n s eh t r f iy iy 
LOG (lattice-best-path[5.5.141~1-40a9d]:main():lattice-best-path.cc:99) For utterance usctimit_ema_f5_243, best cost 112.856 + 3817.24 = 3930.09 over 363 frames.
usctimit_ema_f5_243 aa hh l d ey p r n z n ey l b l t ah z 
LOG (lattice-best-path[5.5.141~1-40a9d]:main():lattice-best-path.cc:99) For utterance usctimit_ema_f5_244, best cost 128.793 + 4342.57 = 4471.36 over 412 frames.
usctimit_ema_f5_244 iy k er f l m aw t ah p aw ah f aw r b eh d s 
LOG (lattice-best-path[5.5.141~1-40a9d]:main():lattice-best-path.cc:99) For utterance usctimit_ema_f5_272, best cost 125.683 + 3885.74 = 4011.42 over 364 frames.
usctimit_ema_f5_272 t ow f l z m ey t r p ao s eh s oy b iy z 
LOG (lattice-best-path[5.5.141~1-40a9d]:main():lattice-best-path.cc:99) For utterance usctimit_ema_f5_281, best cost 227.353 + 6168.51 = 6395.86 over 565 frames.
usctimit_ema_f5_281 t m ay d ah ay r z ih s ah p l k ih v iy w oy n f ao m ih k er k r k ao m s ah b eh 
LOG (lattice-best-path[5.5.141~1-40a9d]:main():lattice-best-path.cc:99) For utterance usctimit_ema_f5_304, best cost 227.917 + 7055.46 = 7283.37 over 667 frames.
usctimit_ema_f5_304 g eh s aa p ay n t iy z n r g w ah d ah n w aa k t ih z k w ey n ae sh l f ao r z 
LOG (lattice-best-path[5.5.141~1-40a9d]:main():lattice-best-path.cc:99) For utterance usctimit_ema_f5_307, best cost 139.934 + 4311.98 = 4451.92 over 418 frames.
usctimit_ema_f5_307 d uw ch aa n k ah p t eh b ih g uw s p aw hh l p 
LOG (lattice-best-path[5.5.141~1-40a9d]:main():lattice-best-path.cc:99) For utterance usctimit_ema_f5_329, best cost 151.874 + 5320.28 = 5472.15 over 535 frames.
usctimit_ema_f5_329 ih k aw w aa n er f r m f er m ay n dh ih k iy m ao s 
LOG (lattice-best-path[5.5.141~1-40a9d]:main():lattice-best-path.cc:99) For utterance usctimit_ema_f5_330, best cost 243.961 + 6785.06 = 7029.02 over 611 frames.
usctimit_ema_f5_330 sil iy t ah t ay m iy d ah ao s k ow n s ay ih b ih p ah b r ih k ae n iy z iy n s ih s t ah m p r p 
LOG (lattice-best-path[5.5.141~1-40a9d]:main():lattice-best-path.cc:99) For utterance usctimit_ema_f5_334, best cost 188.51 + 5651.74 = 5840.25 over 536 frames.
usctimit_ema_f5_334 sil ao ey z k aa s t iy m iy b l ae k l ah s t iy k n t iy iy l g eh t 
LOG (lattice-best-path[5.5.141~1-40a9d]:main():lattice-best-path.cc:99) For utterance usctimit_ema_f5_336, best cost 133.761 + 4199.16 = 4332.92 over 396 frames.
usctimit_ema_f5_336 ae n oy s p aa m g er z m ao r n oy iy ch t ey 
LOG (lattice-best-path[5.5.141~1-40a9d]:main():lattice-best-path.cc:99) For utterance usctimit_ema_f5_343, best cost 163.173 + 5179.5 = 5342.68 over 506 frames.
usctimit_ema_f5_343 ah jh s ah jh eh m y ih dh n uw r k y l aa jh k ah m iy z iy m 
LOG (lattice-best-path[5.5.141~1-40a9d]:main():lattice-best-path.cc:99) For utterance usctimit_ema_f5_348, best cost 132.375 + 4725.06 = 4857.44 over 455 frames.
usctimit_ema_f5_348 ah k aa k ih k ih sh eh p uw er ao iy jh ah b ah d 
LOG (lattice-best-path[5.5.141~1-40a9d]:main():lattice-best-path.cc:99) For utterance usctimit_ema_f5_349, best cost 101.056 + 4062.46 = 4163.52 over 405 frames.
usctimit_ema_f5_349 sil iy sh ao n s k er f r jh oy z 
LOG (lattice-best-path[5.5.141~1-40a9d]:main():lattice-best-path.cc:99) For utterance usctimit_ema_f5_354, best cost 191.163 + 7081.91 = 7273.07 over 679 frames.
usctimit_ema_f5_354 w n eh v er dh iy g r m ah t ih p r sh r ay z ah z sil ah l w n n 
LOG (lattice-best-path[5.5.141~1-40a9d]:main():lattice-best-path.cc:99) For utterance usctimit_ema_f5_356, best cost 91.527 + 2508.63 = 2600.16 over 219 frames.
usctimit_ema_f5_356 dh ey l ay t w aa n k iy l ey 
LOG (lattice-best-path[5.5.141~1-40a9d]:main():lattice-best-path.cc:99) For utterance usctimit_ema_f5_369, best cost 196.712 + 5489.04 = 5685.75 over 537 frames.
usctimit_ema_f5_369 sil dh er s ih jh ay z ae t iy t w aa s th eh k s t er ih ng z dh ih t aa p ae 
LOG (lattice-best-path[5.5.141~1-40a9d]:main():lattice-best-path.cc:99) For utterance usctimit_ema_f5_375, best cost 152.444 + 4633.95 = 4786.4 over 435 frames.
usctimit_ema_f5_375 ay er sh eh t er z iy ch f r sh k b er ch r b r f ah s t 
LOG (lattice-best-path[5.5.141~1-40a9d]:main():lattice-best-path.cc:99) For utterance usctimit_ema_f5_389, best cost 211.149 + 5990.84 = 6201.99 over 553 frames.
usctimit_ema_f5_389 ih th ih t er k n iy n d eh k ih th jh r k n t ey z b iy t iy s iy p iy ch ih z 
LOG (lattice-best-path[5.5.141~1-40a9d]:main():lattice-best-path.cc:99) For utterance usctimit_ema_f5_392, best cost 172.654 + 5982.5 = 6155.15 over 574 frames.
usctimit_ema_f5_392 er ch ih n ae s t ih n k ay k z er k ow m z n s ih s ah sh uw z 
LOG (lattice-best-path[5.5.141~1-40a9d]:main():lattice-best-path.cc:99) For utterance usctimit_ema_f5_396, best cost 216.42 + 5732.24 = 5948.66 over 518 frames.
usctimit_ema_f5_396 iy ae p r t ay z ih ng b er s t ah v p ah m ah r ay n iy s r n eh v er ch ey n d ah z 
LOG (lattice-best-path[5.5.141~1-40a9d]:main():lattice-best-path.cc:99) For utterance usctimit_ema_f5_406, best cost 190.514 + 5430.54 = 5621.05 over 512 frames.
usctimit_ema_f5_406 ah f ih k iy ow f ao s ih z n iy l iy ow v r ow b ay t eh ch aw m z iy z 
LOG (lattice-best-path[5.5.141~1-40a9d]:main():lattice-best-path.cc:99) For utterance usctimit_ema_f5_424, best cost 94.5148 + 3759.73 = 3854.25 over 379 frames.
usctimit_ema_f5_424 iy p iy k l ih t ih b iy hh n er d 
LOG (lattice-best-path[5.5.141~1-40a9d]:main():lattice-best-path.cc:99) For utterance usctimit_ema_f5_426, best cost 117.108 + 3871.12 = 3988.23 over 335 frames.
usctimit_ema_f5_426 iy z iy ah z ah l l jh ih s r iy p iy z iy ah 
LOG (lattice-best-path[5.5.141~1-40a9d]:main():lattice-best-path.cc:99) For utterance usctimit_ema_f5_431, best cost 164.711 + 4550.53 = 4715.24 over 427 frames.
usctimit_ema_f5_431 aa p aa f uh ao v ih z ey sh z ae f ih k eh f ah n r z er z 
LOG (lattice-best-path[5.5.141~1-40a9d]:main():lattice-best-path.cc:99) For utterance usctimit_ema_f5_436, best cost 161.918 + 4363.44 = 4525.36 over 405 frames.
usctimit_ema_f5_436 hh r t s p er th ey f r k l ey k er z ah dh ng s ih dh ng 
LOG (lattice-best-path[5.5.141~1-40a9d]:main():lattice-best-path.cc:99) For utterance usctimit_ema_f5_438, best cost 176.408 + 5350.58 = 5526.99 over 498 frames.
usctimit_ema_f5_438 iy p ay ao t ao ey m ao l ih t k n p iy uw z p iy ch r k b n sh n 
LOG (lattice-best-path[5.5.141~1-40a9d]:main():lattice-best-path.cc:99) For utterance usctimit_ema_f5_447, best cost 178.54 + 5683.95 = 5862.49 over 536 frames.
usctimit_ema_f5_447 r m ah z iy n ah d er k s ay d ng ah dh ay s t iy n s ow v r k 
LOG (lattice-best-path[5.5.141~1-40a9d]:main():lattice-best-path.cc:99) For utterance usctimit_ema_f5_451, best cost 183.622 + 5988.54 = 6172.16 over 533 frames.
usctimit_ema_f5_451 t ah r k s ah ch l ah f ah s uw m eh n iy f er r l t m n s ah ng 
LOG (lattice-best-path[5.5.141~1-40a9d]:main():lattice-best-path.cc:99) For utterance usctimit_ema_m1_006, best cost 119.221 + 3973.02 = 4092.24 over 381 frames.
usctimit_ema_m1_006 w l y l er w er y uw f r s l iy ay d m z 
LOG (lattice-best-path[5.5.141~1-40a9d]:main():lattice-best-path.cc:99) For utterance usctimit_ema_m1_010, best cost 77.0756 + 3035.77 = 3112.85 over 306 frames.
usctimit_ema_m1_010 w l r l ih w r iy l l l iy 
LOG (lattice-best-path[5.5.141~1-40a9d]:main():lattice-best-path.cc:99) For utterance usctimit_ema_m1_012, best cost 153.337 + 4762.7 = 4916.04 over 456 frames.
usctimit_ema_m1_012 sil f ao f er z ih z ey s ae m r v y uw eh v r f ao m ow 
LOG (lattice-best-path[5.5.141~1-40a9d]:main():lattice-best-path.cc:99) For utterance usctimit_ema_m1_051, best cost 147.68 + 4515.57 = 4663.25 over 421 frames.
usctimit_ema_m1_051 ih k aa k er b iy sh ah w l iy k r iy l iy p r sh y ey d 
LOG (lattice-best-path[5.5.141~1-40a9d]:main():lattice-best-path.cc:99) For utterance usctimit_ema_m1_090, best cost 125.074 + 3772.44 = 3897.51 over 356 frames.
usctimit_ema_m1_090 sil y m aa s ih s p l s ah l iy dh l iy f ay l z 
LOG (lattice-best-path[5.5.141~1-40a9d]:main():lattice-best-path.cc:99) For utterance usctimit_ema_m1_095, best cost 155.304 + 4402.27 = 4557.57 over 420 frames.
usctimit_ema_m1_095 sil dh ih b eh s w ey t l ao r n s s l ch t er p r aa b l z 
LOG (lattice-best-path[5.5.141~1-40a9d]:main():lattice-best-path.cc:99) For utterance usctimit_ema_m1_098, best cost 124.513 + 4275.27 = 4399.78 over 421 frames.
usctimit_ema_m1_098 ah m ah s y l er ae d n n z k ih f r iy b ae k 
LOG (lattice-best-path[5.5.141~1-40a9d]:main():lattice-best-path.cc:99) For utterance usctimit_ema_m1_099, best cost 167.66 + 4943.34 = 5111 over 495 frames.
usctimit_ema_m1_099 sil dh ih k aa r ch uw n f iy ch er z ah m aa s k r ae k ah t ae p l 
LOG (lattice-best-path[5.5.141~1-40a9d]:main():lattice-best-path.cc:99) For utterance usctimit_ema_m1_137, best cost 174.214 + 5217.54 = 5391.75 over 499 frames.
usctimit_ema_m1_137 k l f ih g ae p ih t uw z jh ow jh b ay s t ae n er ay s t ae s z 
LOG (lattice-best-path[5.5.141~1-40a9d]:main():lattice-best-path.cc:99) For utterance usctimit_ema_m1_139, best cost 162.15 + 5670.82 = 5832.97 over 571 frames.
usctimit_ema_m1_139 sil ah w aa er k n t ey n ch m ah ch k ao r iy n n s aw n z ay z 
LOG (lattice-best-path[5.5.141~1-40a9d]:main():lattice-best-path.cc:99) For utterance usctimit_ema_m1_145, best cost 207.811 + 5765.57 = 5973.39 over 546 frames.
usctimit_ema_m1_145 sil eh jh p r k aa sh ah n iy l w ao z b ay b ah m p aw er f er dh zh t ow k l sil 
LOG (lattice-best-path[5.5.141~1-40a9d]:main():lattice-best-path.cc:99) For utterance usctimit_ema_m1_158, best cost 195.737 + 5889.51 = 6085.24 over 573 frames.
usctimit_ema_m1_158 b ay ng f er b r hh ao er f r k ao r z ih n t w sh n n eh k s p r sh iy z 
LOG (lattice-best-path[5.5.141~1-40a9d]:main():lattice-best-path.cc:99) For utterance usctimit_ema_m1_160, best cost 191.784 + 5387.61 = 5579.39 over 512 frames.
usctimit_ema_m1_160 sil ch iy k er jh t r ch ow d ah n t ah m ey k eh r ow hh l ng k aa s jh n z 
LOG (lattice-best-path[5.5.141~1-40a9d]:main():lattice-best-path.cc:99) For utterance usctimit_ema_m1_162, best cost 152.897 + 5088.76 = 5241.66 over 506 frames.
usctimit_ema_m1_162 l m ao s t l k l jh uw z aw n aw k ow oy jh k ey sh ah l 
LOG (lattice-best-path[5.5.141~1-40a9d]:main():lattice-best-path.cc:99) For utterance usctimit_ema_m1_164, best cost 86.4969 + 4095.46 = 4181.96 over 407 frames.
usctimit_ema_m1_164 sil f ih k uw z ow v ih t uw sil 
LOG (lattice-best-path[5.5.141~1-40a9d]:main():lattice-best-path.cc:99) For utterance usctimit_ema_m1_166, best cost 105.974 + 3721.58 = 3827.55 over 380 frames.
usctimit_ema_m1_166 sil dh k ae s m iy l z hh er m oy iy er z 
LOG (lattice-best-path[5.5.141~1-40a9d]:main():lattice-best-path.cc:99) For utterance usctimit_ema_m1_169, best cost 89.2555 + 3355.51 = 3444.77 over 346 frames.
usctimit_ema_m1_169 sil eh aa f er g ow aa n iy k ih ng 
LOG (lattice-best-path[5.5.141~1-40a9d]:main():lattice-best-path.cc:99) For utterance usctimit_ema_m1_179, best cost 107.236 + 3640.31 = 3747.55 over 365 frames.
usctimit_ema_m1_179 sil k r aa iy ch r ae f ah n uw ae k s ah z 
LOG (lattice-best-path[5.5.141~1-40a9d]:main():lattice-best-path.cc:99) For utterance usctimit_ema_m1_183, best cost 133.119 + 5394.49 = 5527.61 over 544 frames.
usctimit_ema_m1_183 r p r ch er t er v iy w s ae ch uw s k p ow zh er 
LOG (lattice-best-path[5.5.141~1-40a9d]:main():lattice-best-path.cc:99) For utterance usctimit_ema_m1_193, best cost 177.732 + 5506.89 = 5684.62 over 545 frames.
usctimit_ema_m1_193 ay g ey v n s er r ch oy z ah z ah m l p ah n t ae p p ay ao er d z 
LOG (lattice-best-path[5.5.141~1-40a9d]:main():lattice-best-path.cc:99) For utterance usctimit_ema_m1_204, best cost 84.6642 + 3334.76 = 3419.42 over 353 frames.
usctimit_ema_m1_204 hh aa g ah d ih jh er n d er n z 
LOG (lattice-best-path[5.5.141~1-40a9d]:main():lattice-best-path.cc:99) For utterance usctimit_ema_m1_209, best cost 87.8084 + 3364.49 = 3452.3 over 352 frames.
usctimit_ema_m1_209 sil l uw l th n f er p oy n n sil 
LOG (lattice-best-path[5.5.141~1-40a9d]:main():lattice-best-path.cc:99) For utterance usctimit_ema_m1_224, best cost 121.524 + 4060.28 = 4181.81 over 406 frames.
usctimit_ema_m1_224 sil ay ey dh ah f r oy s t r n ao er z p l iy sil 
LOG (lattice-best-path[5.5.141~1-40a9d]:main():lattice-best-path.cc:99) For utterance usctimit_ema_m1_229, best cost 145.712 + 3984.87 = 4130.59 over 395 frames.
usctimit_ema_m1_229 m ay ay d iy ow m ao r ih ng b iy g n f ah hh aa k aa f iy 
LOG (lattice-best-path[5.5.141~1-40a9d]:main():lattice-best-path.cc:99) For utterance usctimit_ema_m1_237, best cost 148.643 + 4679.65 = 4828.29 over 450 frames.
usctimit_ema_m1_237 w iy s aa k iy t ay n iy ay s ih k l z b l w aa w uw f sil 
LOG (lattice-best-path[5.5.141~1-40a9d]:main():lattice-best-path.cc:99) For utterance usctimit_ema_m1_265, best cost 156.372 + 4883.58 = 5039.95 over 470 frames.
usctimit_ema_m1_265 sil p iy t ey p ih s d er iy t ih b ah k ao s ah k n er s ao n iy 
LOG (lattice-best-path[5.5.141~1-40a9d]:main():lattice-best-path.cc:99) For utterance usctimit_ema_m1_269, best cost 144.983 + 4806.39 = 4951.37 over 491 frames.
usctimit_ema_m1_269 ay b r v er m ah p ay dh ow ch uw z ih b iy uw r ch er jh 
LOG (lattice-best-path[5.5.141~1-40a9d]:main():lattice-best-path.cc:99) For utterance usctimit_ema_m1_277, best cost 108.077 + 3247.26 = 3355.34 over 337 frames.
usctimit_ema_m1_277 sil ih m iy d ng dh ih z m aw oy jh er n z 
LOG (lattice-best-path[5.5.141~1-40a9d]:main():lattice-best-path.cc:99) For utterance usctimit_ema_m1_302, best cost 243.925 + 7431.55 = 7675.48 over 706 frames.
usctimit_ema_m1_302 ah p l ah p n ah t ow l dh ey l b ah p uw n z t iy k aa n aa s uw b l f r iy d ng sh ow f ah sh 
LOG (lattice-best-path[5.5.141~1-40a9d]:main():lattice-best-path.cc:99) For utterance usctimit_ema_m1_303, best cost 127.448 + 4088.38 = 4215.82 over 415 frames.
usctimit_ema_m1_303 sil aa f n y g ih p ae k m ao dh n iy p l t ey n 
LOG (lattice-best-path[5.5.141~1-40a9d]:main():lattice-best-path.cc:99) For utterance usctimit_ema_m1_317, best cost 213.424 + 7251.59 = 7465.02 over 731 frames.
usctimit_ema_m1_317 sil m ah iy w l th iy t ay k uw n s w er sh ah n b aa p ow th iy y aa ae n ih s k uw er 
LOG (lattice-best-path[5.5.141~1-40a9d]:main():lattice-best-path.cc:99) For utterance usctimit_ema_m1_320, best cost 144.57 + 4685.7 = 4830.27 over 468 frames.
usctimit_ema_m1_320 sil ih k aa s ao er w l n jh oy dh ih sh ow f ih sh d ih sh 
LOG (lattice-best-path[5.5.141~1-40a9d]:main():lattice-best-path.cc:99) For utterance usctimit_ema_m1_322, best cost 125.138 + 4132.9 = 4258.04 over 422 frames.
usctimit_ema_m1_322 sil d l f n z aa r t l jh ah m er iy n ae m l z 
LOG (lattice-best-path[5.5.141~1-40a9d]:main():lattice-best-path.cc:99) For utterance usctimit_ema_m1_336, best cost 167.186 + 4908.46 = 5075.65 over 475 frames.
usctimit_ema_m1_336 sil dh ay n oy s p ow l m g ow z r ow z m ao n oy ng iy jh ey iy 
LOG (lattice-best-path[5.5.141~1-40a9d]:main():lattice-best-path.cc:99) For utterance usctimit_ema_m1_338, best cost 139.779 + 5079.06 = 5218.84 over 511 frames.
usctimit_ema_m1_338 eh t ay g r m ih k s ae n z l iy f er m ao s eh b iy 
LOG (lattice-best-path[5.5.141~1-40a9d]:main():lattice-best-path.cc:99) For utterance usctimit_ema_m1_340, best cost 121.279 + 3225.7 = 3346.98 over 316 frames.
usctimit_ema_m1_340 sil jh ow ng k r ng sh ow v ah sh f ao l ah ih d 
LOG (lattice-best-path[5.5.141~1-40a9d]:main():lattice-best-path.cc:99) For utterance usctimit_ema_m1_344, best cost 146.097 + 4390.84 = 4536.94 over 454 frames.
usctimit_ema_m1_344 sil p ae m g iy z t r ay v ih ng l s ah z ah p er z ey z 
LOG (lattice-best-path[5.5.141~1-40a9d]:main():lattice-best-path.cc:99) For utterance usctimit_ema_m1_347, best cost 157.102 + 4859.84 = 5016.94 over 467 frames.
usctimit_ema_m1_347 sil t r jh z p r w d ih b aw p ah f uw sh er g ae sh er ih jh 
LOG (lattice-best-path[5.5.141~1-40a9d]:main():lattice-best-path.cc:99) For utterance usctimit_ema_m1_350, best cost 130.671 + 3450.66 = 3581.33 over 337 frames.
usctimit_ema_m1_350 sil iy sh ow er f eh l th ah z ih f ah w b r p ah n 
LOG (lattice-best-path[5.5.141~1-40a9d]:main():lattice-best-path.cc:99) For utterance usctimit_ema_m1_360, best cost 194.249 + 5355.8 = 5550.05 over 500 frames.
usctimit_ema_m1_360 sil dh f ih sh b iy ae z l iy p f r t ih k l iy l s er f ih s ah dh s m l ey k 
LOG (lattice-best-path[5.5.141~1-40a9d]:main():lattice-best-path.cc:99) For utterance usctimit_ema_m1_361, best cost 144.006 + 3965.85 = 4109.85 over 383 frames.
usctimit_ema_m1_361 t ih n t ey sh y uw l th ih s iy m uw iy s t w s w iy sil 
LOG (lattice-best-path[5.5.141~1-40a9d]:main():lattice-best-path.cc:99) For utterance usctimit_ema_m1_367, best cost 142.303 + 4846.95 = 4989.25 over 492 frames.
usctimit_ema_m1_367 sil b aa r b er p ey p er n l iy s ah b iy b ow f ay er 
LOG (lattice-best-path[5.5.141~1-40a9d]:main():lattice-best-path.cc:99) For utterance usctimit_ema_m1_368, best cost 155.153 + 4760.32 = 4915.47 over 474 frames.
usctimit_ema_m1_368 sil r f k r sh uw g ah hh ae v n l r t ah f ih sh ae n w jh 
LOG (lattice-best-path[5.5.141~1-40a9d]:main():lattice-best-path.cc:99) For utterance usctimit_ema_m1_375, best cost 157.862 + 4796.69 = 4954.55 over 464 frames.
usctimit_ema_m1_375 sil ay r sh y ow s er z iy f r sh t ah p er s er b r k ah z sil 
LOG (lattice-best-path[5.5.141~1-40a9d]:main():lattice-best-path.cc:99) For utterance usctimit_ema_m1_394, best cost 179.191 + 5605.32 = 5784.51 over 547 frames.
usctimit_ema_m1_394 sil dh iy uw z ah l g r s ah p l iy s n t f ay k f aa w s m ow v er z 
LOG (lattice-best-path[5.5.141~1-40a9d]:main():lattice-best-path.cc:99) For utterance usctimit_ema_m1_400, best cost 139.154 + 3999.6 = 4138.76 over 382 frames.
usctimit_ema_m1_400 sil w r z ih s l ao r ch ey ng ay v iy aa r n ng ao er 
LOG (lattice-best-path[5.5.141~1-40a9d]:main():lattice-best-path.cc:99) For utterance usctimit_ema_m1_432, best cost 64.0845 + 2762.61 = 2826.7 over 285 frames.
usctimit_ema_m1_432 l aw l iy w ey hh iy er 
LOG (lattice-best-path[5.5.141~1-40a9d]:main():lattice-best-path.cc:99) For utterance usctimit_ema_m3_010, best cost 93.6949 + 3291.88 = 3385.58 over 327 frames.
usctimit_ema_m3_010 sil w ow r aa v ah w er y l l iy sil 
LOG (lattice-best-path[5.5.141~1-40a9d]:main():lattice-best-path.cc:99) For utterance usctimit_ema_m3_044, best cost 136.432 + 5112.29 = 5248.73 over 472 frames.
usctimit_ema_m3_044 sil dh l ay k ah iy k ah p aa d ih t eh t r v n s ah z 
LOG (lattice-best-path[5.5.141~1-40a9d]:main():lattice-best-path.cc:99) For utterance usctimit_ema_m3_068, best cost 117.103 + 4497.45 = 4614.56 over 441 frames.
usctimit_ema_m3_068 ih t ah b aa s l b y ow p y aa k r s iy sil 
LOG (lattice-best-path[5.5.141~1-40a9d]:main():lattice-best-path.cc:99) For utterance usctimit_ema_m3_071, best cost 155.495 + 4869.68 = 5025.17 over 439 frames.
usctimit_ema_m3_071 k aa p r sh ah m ao th ah n ih s t ae n iy l iy d ey t s iy sil 
LOG (lattice-best-path[5.5.141~1-40a9d]:main():lattice-best-path.cc:99) For utterance usctimit_ema_m3_080, best cost 142.93 + 4867.84 = 5010.77 over 411 frames.
usctimit_ema_m3_080 ih g ao z ae l ah iy er zh r ch aa p ah k ao er t ay l z 
LOG (lattice-best-path[5.5.141~1-40a9d]:main():lattice-best-path.cc:99) For utterance usctimit_ema_m3_101, best cost 99.5144 + 3404.71 = 3504.23 over 307 frames.
usctimit_ema_m3_101 k ae f dh s er w n l aa f t ey n t 
LOG (lattice-best-path[5.5.141~1-40a9d]:main():lattice-best-path.cc:99) For utterance usctimit_ema_m3_113, best cost 116.363 + 4017.26 = 4133.62 over 382 frames.
usctimit_ema_m3_113 w aa t ah f ao m uw iy s ah s ah d ay l z sil 
LOG (lattice-best-path[5.5.141~1-40a9d]:main():lattice-best-path.cc:99) For utterance usctimit_ema_m3_129, best cost 120.306 + 4299.94 = 4420.25 over 411 frames.
usctimit_ema_m3_129 jh m ay ch k er ae s iy k n y ah n ih ch aa l 
LOG (lattice-best-path[5.5.141~1-40a9d]:main():lattice-best-path.cc:99) For utterance usctimit_ema_m3_141, best cost 126.245 + 3904.22 = 4030.47 over 354 frames.
usctimit_ema_m3_141 r m uw d s b ah n jh w th ih p er k iy z ah z sil 
LOG (lattice-best-path[5.5.141~1-40a9d]:main():lattice-best-path.cc:99) For utterance usctimit_ema_m3_147, best cost 138.539 + 4569.3 = 4707.84 over 438 frames.
usctimit_ema_m3_147 sil ih er m ey n ay f ao n f r n d ah b ae n iy n z sil 
LOG (lattice-best-path[5.5.141~1-40a9d]:main():lattice-best-path.cc:99) For utterance usctimit_ema_m3_192, best cost 149.464 + 4600.88 = 4750.34 over 428 frames.
usctimit_ema_m3_192 sil sil l dh ih b eh s p eh z n jh eh p aa g l eh r d iy sil 
LOG (lattice-best-path[5.5.141~1-40a9d]:main():lattice-best-path.cc:99) For utterance usctimit_ema_m3_203, best cost 132.213 + 4311.23 = 4443.45 over 419 frames.
usctimit_ema_m3_203 ah p ah b uh jh b aa t ey b ow m ah g er aw zh sil 
LOG (lattice-best-path[5.5.141~1-40a9d]:main():lattice-best-path.cc:99) For utterance usctimit_ema_m3_260, best cost 164.758 + 4728.68 = 4893.44 over 446 frames.
usctimit_ema_m3_260 r sh f ay z eh k aw m ay n ah d r ay ah n er b r ah sh ah n ae t ah 
LOG (lattice-best-path[5.5.141~1-40a9d]:main():lattice-best-path.cc:99) For utterance usctimit_ema_m3_267, best cost 153.484 + 5400.36 = 5553.84 over 519 frames.
usctimit_ema_m3_267 ih s k ae k ow s m ao r l hh ae v er ey n ih m iy iy t iy sil 
LOG (lattice-best-path[5.5.141~1-40a9d]:main():lattice-best-path.cc:99) For utterance usctimit_ema_m3_282, best cost 223.522 + 7012 = 7235.53 over 657 frames.
usctimit_ema_m3_282 sil sil iy ae t er z ow b iy s ey f ao r ey k iy th ih g ah n th er k eh f l ih f er s sil sil 
LOG (lattice-best-path[5.5.141~1-40a9d]:main():lattice-best-path.cc:99) For utterance usctimit_ema_m3_300, best cost 127.363 + 4682.83 = 4810.2 over 450 frames.
usctimit_ema_m3_300 dh ih b ih g aa l d jh uw ao n y l r ay t ao l 
LOG (lattice-best-path[5.5.141~1-40a9d]:main():lattice-best-path.cc:99) For utterance usctimit_ema_m3_316, best cost 226.875 + 6207.87 = 6434.75 over 569 frames.
usctimit_ema_m3_316 dh ah p r iy s uw er k eh n r oy s uh f y l ay n z b aa dh iy m er d z ih k n ih sh n z sil 
LOG (lattice-best-path[5.5.141~1-40a9d]:main():lattice-best-path.cc:99) For utterance usctimit_ema_m3_320, best cost 133.839 + 4734.48 = 4868.32 over 447 frames.
usctimit_ema_m3_320 sil ah k aa s ao er l n jh oy sh ow f ih sh t ih sh sil 
LOG (lattice-best-path[5.5.141~1-40a9d]:main():lattice-best-path.cc:99) For utterance usctimit_ema_m3_335, best cost 129.21 + 4981.53 = 5110.74 over 449 frames.
usctimit_ema_m3_335 sil aa p ih p r ow ow b ow r dh ow ih er n er l z 
LOG (lattice-best-path[5.5.141~1-40a9d]:main():lattice-best-path.cc:99) For utterance usctimit_ema_m3_336, best cost 128.641 + 4085.74 = 4214.38 over 372 frames.
usctimit_ema_m3_336 eh n oy z t aa m r z m ao n ow ay ng iy ch dh ey 
LOG (lattice-best-path[5.5.141~1-40a9d]:main():lattice-best-path.cc:99) For utterance usctimit_ema_m3_338, best cost 146.943 + 5188.22 = 5335.16 over 500 frames.
usctimit_ema_m3_338 dh eh d ay r ae m ey s ae n s l iy ae t r m ah ch ah iy sil 
LOG (lattice-best-path[5.5.141~1-40a9d]:main():lattice-best-path.cc:99) For utterance usctimit_ema_m3_339, best cost 124.931 + 4345.56 = 4470.49 over 423 frames.
usctimit_ema_m3_339 ah b ao r n aa l ah s ah p er s ih p iy n d l sil 
LOG (lattice-best-path[5.5.141~1-40a9d]:main():lattice-best-path.cc:99) For utterance usctimit_ema_m3_357, best cost 156.137 + 5011.13 = 5167.27 over 462 frames.
usctimit_ema_m3_357 iy aa m aw s y ae b r ih k aa s ah s iy l ah s b iy er d sil sil 
LOG (lattice-best-path[5.5.141~1-40a9d]:main():lattice-best-path.cc:99) For utterance usctimit_ema_m3_359, best cost 121.086 + 4143.38 = 4264.46 over 389 frames.
usctimit_ema_m3_359 k aw s ih m ey s b ow n z n t iy s r l sil 
LOG (lattice-best-path[5.5.141~1-40a9d]:main():lattice-best-path.cc:99) For utterance usctimit_ema_m3_379, best cost 152.648 + 5128.32 = 5280.97 over 477 frames.
usctimit_ema_m3_379 sil ay r s ih n s ah z uw ah z l eh v n s ae n ih s iy r z sil 
LOG (lattice-best-path[5.5.141~1-40a9d]:main():lattice-best-path.cc:99) For utterance usctimit_ema_m3_385, best cost 104.684 + 3684.14 = 3788.82 over 354 frames.
usctimit_ema_m3_385 eh r iy k ae m iy jh iy p ey ih aa th ah ng 
LOG (lattice-best-path[5.5.141~1-40a9d]:main():lattice-best-path.cc:99) For utterance usctimit_ema_m3_390, best cost 166.741 + 4701.48 = 4868.22 over 428 frames.
usctimit_ema_m3_390 dh iy ow w ey ch aa m r k ih s ah p oy z n ih d eh n iy w n s t iy 
LOG (lattice-best-path[5.5.141~1-40a9d]:main():lattice-best-path.cc:99) For utterance usctimit_ema_m3_423, best cost 161.629 + 5402.66 = 5564.29 over 495 frames.
usctimit_ema_m3_423 sil ah k ow s ah f r t ow s aa n ae t ow sh er sh aa n ih f er sil 
LOG (lattice-best-path[5.5.141~1-40a9d]:main():lattice-best-path.cc:99) For utterance usctimit_ema_m3_434, best cost 77.4953 + 2937.24 = 3014.73 over 285 frames.
usctimit_ema_m3_434 sil r ae sh ao ay z l er z sil 
LOG (lattice-best-path[5.5.141~1-40a9d]:main():lattice-best-path.cc:99) For utterance usctimit_ema_m3_438, best cost 167.183 + 5370.07 = 5537.25 over 495 frames.
usctimit_ema_m3_438 iy p ay aa t er m aa l ih n t ah p ih p iy er s iy t r k n sh n sil 
LOG (lattice-best-path[5.5.141~1-40a9d]:main():lattice-best-path.cc:99) For utterance usctimit_ema_m3_442, best cost 138.128 + 4231.23 = 4369.35 over 404 frames.
usctimit_ema_m3_442 w ih ay t l iy ch iy s b ih d ih t uw l ih s p r iy sil 
LOG (lattice-best-path[5.5.141~1-40a9d]:main():lattice-best-path.cc:99) For utterance usctimit_ema_m3_444, best cost 190.597 + 6439.03 = 6629.63 over 603 frames.
usctimit_ema_m3_444 r aa m ey ae g eh ey n uw aa sh r d iy n er ay n iy s p r p ay f r z er sil 
LOG (lattice-best-path[5.5.141~1-40a9d]:main():lattice-best-path.cc:99) For utterance usctimit_ema_m3_457, best cost 180.524 + 5896.88 = 6077.4 over 560 frames.
usctimit_ema_m3_457 sil k aa f iy z er n ah n s iy jh ah m l ih k s ow s n t ae b r s ao n z 
LOG (lattice-best-path[5.5.141~1-40a9d]:main():lattice-best-path.cc:99) For utterance usctimit_ema_m3_458, best cost 191.092 + 5685.05 = 5876.14 over 535 frames.
usctimit_ema_m3_458 sil b eh s d iy ng b ey p r w s k aa z b ay k ao ay d ey p r z ey sh d sil 
LOG (lattice-scale[5.5.141~1-40a9d]:main():lattice-scale.cc:107) Done 183 lattices.
LOG (lattice-add-penalty[5.5.141~1-40a9d]:main():lattice-add-penalty.cc:62) Done adding word insertion penalty to 183 lattices.
LOG (lattice-best-path[5.5.141~1-40a9d]:main():lattice-best-path.cc:99) For utterance usctimit_ema_m3_460, best cost 109.496 + 5051.62 = 5161.12 over 497 frames.
usctimit_ema_m3_460 sil w ih ch s iy er sh ah z l ih g uw s sil 
LOG (lattice-best-path[5.5.141~1-40a9d]:main():lattice-best-path.cc:124) Overall cost per frame is 10.6825 = 0.319469 [graph] + 10.3631 [acoustic] over 81821 frames.
LOG (lattice-best-path[5.5.141~1-40a9d]:main():lattice-best-path.cc:128) Done 183 lattices, failed for 0
# Accounting: time=18 threads=1
# Ended (code 0) at Mon Dec 24 19:59:41 EET 2018, elapsed time 18 seconds
