# lattice-scale --inv-acoustic-scale=11 "ark:gunzip -c exp/ug/mono/decode/lat.*.gz|" ark:- | lattice-add-penalty --word-ins-penalty=1.0 ark:- ark:- | lattice-best-path --word-symbol-table=exp/ug/mono/graph/words.txt ark:- ark,t:- | utils/int2sym.pl -f 2- exp/ug/mono/graph/words.txt | cat > exp/ug/mono/decode/scoring_kaldi/penalty_1.0/11.txt 
# Started at Mon Dec 24 19:59:58 EET 2018
#
lattice-add-penalty --word-ins-penalty=1.0 ark:- ark:- 
lattice-best-path --word-symbol-table=exp/ug/mono/graph/words.txt ark:- ark,t:- 
lattice-scale --inv-acoustic-scale=11 'ark:gunzip -c exp/ug/mono/decode/lat.*.gz|' ark:- 
LOG (lattice-best-path[5.5.141~1-40a9d]:main():lattice-best-path.cc:99) For utterance usctimit_ema_f1_021, best cost 77.0334 + 2144.37 = 2221.4 over 290 frames.
usctimit_ema_f1_021 aa m iy oy r s aa ah n er z 
LOG (lattice-best-path[5.5.141~1-40a9d]:main():lattice-best-path.cc:99) For utterance usctimit_ema_f1_028, best cost 149.295 + 3772.51 = 3921.81 over 499 frames.
usctimit_ema_f1_028 l ah uw z ih k aa ah t er ih s ah t ey p aa p y l ae r ey iy 
LOG (lattice-best-path[5.5.141~1-40a9d]:main():lattice-best-path.cc:99) For utterance usctimit_ema_f1_031, best cost 109.246 + 3050.08 = 3159.33 over 395 frames.
usctimit_ema_f1_031 aa s l r s l l z er jh iy sh n r z n sil 
LOG (lattice-best-path[5.5.141~1-40a9d]:main():lattice-best-path.cc:99) For utterance usctimit_ema_f1_052, best cost 115.989 + 3310.17 = 3426.16 over 431 frames.
usctimit_ema_f1_052 aa s ah l t eh t z jh iy l aa d ah f iy er iy 
LOG (lattice-best-path[5.5.141~1-40a9d]:main():lattice-best-path.cc:99) For utterance usctimit_ema_f1_054, best cost 108.705 + 2814.46 = 2923.17 over 382 frames.
usctimit_ema_f1_054 ch aa n jh iy ch d ah n l s n t l jh n z 
LOG (lattice-best-path[5.5.141~1-40a9d]:main():lattice-best-path.cc:99) For utterance usctimit_ema_f1_072, best cost 107.079 + 2934.02 = 3041.1 over 403 frames.
usctimit_ema_f1_072 s ih ae n ih z eh d ey f uw ih k iy r k s 
LOG (lattice-best-path[5.5.141~1-40a9d]:main():lattice-best-path.cc:99) For utterance usctimit_ema_f1_078, best cost 114.795 + 3270.12 = 3384.91 over 447 frames.
usctimit_ema_f1_078 l eh t aa s l iy z w aa t ow p ay n s ah z 
LOG (lattice-best-path[5.5.141~1-40a9d]:main():lattice-best-path.cc:99) For utterance usctimit_ema_f1_090, best cost 109.26 + 2618.29 = 2727.55 over 353 frames.
usctimit_ema_f1_090 iy m eh z ih s ah s ah l iy d l iy f ay l z 
LOG (lattice-best-path[5.5.141~1-40a9d]:main():lattice-best-path.cc:99) For utterance usctimit_ema_f1_105, best cost 138.966 + 3590.64 = 3729.61 over 461 frames.
usctimit_ema_f1_105 dh ih k ay ow iy aa k ae eh hh ay iy ae r oy l ae m ah z 
LOG (lattice-best-path[5.5.141~1-40a9d]:main():lattice-best-path.cc:99) For utterance usctimit_ema_f1_108, best cost 127.37 + 3492.27 = 3619.64 over 458 frames.
usctimit_ema_f1_108 r t eh v r z ey f r f aa p eh ae r n jh iy z 
LOG (lattice-best-path[5.5.141~1-40a9d]:main():lattice-best-path.cc:99) For utterance usctimit_ema_f1_111, best cost 111.447 + 2530.38 = 2641.83 over 329 frames.
usctimit_ema_f1_111 r ih f ih sh ow n t aa s ih s ah z f r iy l 
LOG (lattice-best-path[5.5.141~1-40a9d]:main():lattice-best-path.cc:99) For utterance usctimit_ema_f1_115, best cost 91.6037 + 2683.22 = 2774.82 over 355 frames.
usctimit_ema_f1_115 sil ey f ao ae ch eh s er r p eh z 
LOG (lattice-best-path[5.5.141~1-40a9d]:main():lattice-best-path.cc:99) For utterance usctimit_ema_f1_123, best cost 115.938 + 3675.07 = 3791.01 over 492 frames.
usctimit_ema_f1_123 ih b ah n l l s ow z ah z ah ch iy iy sh ao er 
LOG (lattice-best-path[5.5.141~1-40a9d]:main():lattice-best-path.cc:99) For utterance usctimit_ema_f1_126, best cost 149.718 + 3343.11 = 3492.83 over 432 frames.
usctimit_ema_f1_126 w ah sh ao aa k ow z ow p ey ih n ey k aa f ih k ey sh ae n 
LOG (lattice-best-path[5.5.141~1-40a9d]:main():lattice-best-path.cc:99) For utterance usctimit_ema_f1_134, best cost 87.0562 + 2978 = 3065.06 over 416 frames.
usctimit_ema_f1_134 iy n iy z k ih z iy z ae s ah z ah 
LOG (lattice-best-path[5.5.141~1-40a9d]:main():lattice-best-path.cc:99) For utterance usctimit_ema_f1_153, best cost 183.095 + 4654.34 = 4837.44 over 618 frames.
usctimit_ema_f1_153 ih m ay ng iy k eh s ah s aw t z ih p iy l s er v ey ng ey sh n r l n z 
LOG (lattice-best-path[5.5.141~1-40a9d]:main():lattice-best-path.cc:99) For utterance usctimit_ema_f1_162, best cost 110.965 + 3563.65 = 3674.61 over 486 frames.
usctimit_ema_f1_162 ah s ao k aa t ih z n aw k oy t ey sh ah 
LOG (lattice-best-path[5.5.141~1-40a9d]:main():lattice-best-path.cc:99) For utterance usctimit_ema_f1_170, best cost 122.583 + 3407.23 = 3529.81 over 459 frames.
usctimit_ema_f1_170 k ao dh er ay s iy aa l m ih k s eh t ih k aw m 
LOG (lattice-best-path[5.5.141~1-40a9d]:main():lattice-best-path.cc:99) For utterance usctimit_ema_f1_198, best cost 75.2587 + 2595.09 = 2670.35 over 368 frames.
usctimit_ema_f1_198 ah p er n ay v ih r k er z 
LOG (lattice-best-path[5.5.141~1-40a9d]:main():lattice-best-path.cc:99) For utterance usctimit_ema_f1_209, best cost 68.0643 + 2446.82 = 2514.88 over 339 frames.
usctimit_ema_f1_209 r iy l k ng r p l n ae 
LOG (lattice-best-path[5.5.141~1-40a9d]:main():lattice-best-path.cc:99) For utterance usctimit_ema_f1_213, best cost 90.3199 + 2704.83 = 2795.15 over 358 frames.
usctimit_ema_f1_213 ay m ay z aa k aw t ay iy n s iy 
LOG (lattice-best-path[5.5.141~1-40a9d]:main():lattice-best-path.cc:99) For utterance usctimit_ema_f1_227, best cost 95.8676 + 2805.84 = 2901.71 over 386 frames.
usctimit_ema_f1_227 ay iy ih ng iy l er y m ey l w aa er 
LOG (lattice-best-path[5.5.141~1-40a9d]:main():lattice-best-path.cc:99) For utterance usctimit_ema_f1_236, best cost 112.739 + 2648.96 = 2761.7 over 358 frames.
usctimit_ema_f1_236 aw oy l iy t y l ey ih s ae l t eh s ah ng 
LOG (lattice-best-path[5.5.141~1-40a9d]:main():lattice-best-path.cc:99) For utterance usctimit_ema_f1_239, best cost 105.318 + 2957.37 = 3062.69 over 412 frames.
usctimit_ema_f1_239 w t r ao aa iy s aa ch aa n iy z ng iy sil 
LOG (lattice-best-path[5.5.141~1-40a9d]:main():lattice-best-path.cc:99) For utterance usctimit_ema_f1_242, best cost 102.788 + 2629.83 = 2732.62 over 356 frames.
usctimit_ema_f1_242 d ey t ih k r l f aa m ih s ao aw t z 
LOG (lattice-best-path[5.5.141~1-40a9d]:main():lattice-best-path.cc:99) For utterance usctimit_ema_f1_244, best cost 118.089 + 2955.7 = 3073.79 over 398 frames.
usctimit_ema_f1_244 iy eh v aa d k aa ow f r d f aw r b eh n z 
LOG (lattice-best-path[5.5.141~1-40a9d]:main():lattice-best-path.cc:99) For utterance usctimit_ema_f1_250, best cost 79.1023 + 2425.18 = 2504.28 over 346 frames.
usctimit_ema_f1_250 dh m eh s r s ae sh m l s iy 
LOG (lattice-best-path[5.5.141~1-40a9d]:main():lattice-best-path.cc:99) For utterance usctimit_ema_f1_252, best cost 167.27 + 4139.17 = 4306.44 over 550 frames.
usctimit_ema_f1_252 aa s ah b ah iy t ah ao k ih v ah t ih p er ih sh n z n ow w er d iy 
LOG (lattice-best-path[5.5.141~1-40a9d]:main():lattice-best-path.cc:99) For utterance usctimit_ema_f1_255, best cost 129.241 + 3190.84 = 3320.08 over 428 frames.
usctimit_ema_f1_255 dh t ih f er f r ae t ih k aa m ay n t ih f ow aw 
LOG (lattice-best-path[5.5.141~1-40a9d]:main():lattice-best-path.cc:99) For utterance usctimit_ema_f1_262, best cost 144.046 + 4360.96 = 4505.01 over 572 frames.
usctimit_ema_f1_262 ih s r sh r z r t ih k ow iy f er m ih f er eh t ay er 
LOG (lattice-best-path[5.5.141~1-40a9d]:main():lattice-best-path.cc:99) For utterance usctimit_ema_f1_286, best cost 101.083 + 2258.28 = 2359.37 over 302 frames.
usctimit_ema_f1_286 eh t ah ch ey z z k ae s m er s l s ah 
LOG (lattice-best-path[5.5.141~1-40a9d]:main():lattice-best-path.cc:99) For utterance usctimit_ema_f1_297, best cost 119.554 + 4205.62 = 4325.18 over 592 frames.
usctimit_ema_f1_297 r k iy n t aa n ch ah s ao t r t n z iy f n 
LOG (lattice-best-path[5.5.141~1-40a9d]:main():lattice-best-path.cc:99) For utterance usctimit_ema_f1_299, best cost 134.001 + 3612.93 = 3746.93 over 491 frames.
usctimit_ema_f1_299 ae dh n ah m er t ey z ah z s oy s aa s ay y r eh n 
LOG (lattice-best-path[5.5.141~1-40a9d]:main():lattice-best-path.cc:99) For utterance usctimit_ema_f1_302, best cost 135.882 + 4218.51 = 4354.39 over 573 frames.
usctimit_ema_f1_302 ih d ah l ah eh b ay s iy n aa t ah f iy sh aa f ah jh 
LOG (lattice-best-path[5.5.141~1-40a9d]:main():lattice-best-path.cc:99) For utterance usctimit_ema_f1_311, best cost 159.184 + 3770.91 = 3930.09 over 495 frames.
usctimit_ema_f1_311 sil ih f r iy ch ae v z jh ih l s ah t uw b ay z ih g r ah er sil 
LOG (lattice-best-path[5.5.141~1-40a9d]:main():lattice-best-path.cc:99) For utterance usctimit_ema_f1_317, best cost 168.327 + 4946.95 = 5115.27 over 679 frames.
usctimit_ema_f1_317 m eh iy aa p iy t ay k ah s w er sh ah n aa p ow k iy ae n s uw n er 
LOG (lattice-best-path[5.5.141~1-40a9d]:main():lattice-best-path.cc:99) For utterance usctimit_ema_f1_320, best cost 108.252 + 3358.31 = 3466.56 over 454 frames.
usctimit_ema_f1_320 ah k ae s er l n d er d sh ah l ih ch ah ch 
LOG (lattice-best-path[5.5.141~1-40a9d]:main():lattice-best-path.cc:99) For utterance usctimit_ema_f1_323, best cost 118.403 + 3313.91 = 3432.31 over 450 frames.
usctimit_ema_f1_323 ae n iy s l eh sh n ay ch er k oy z ae k ah z 
LOG (lattice-best-path[5.5.141~1-40a9d]:main():lattice-best-path.cc:99) For utterance usctimit_ema_f1_325, best cost 115.327 + 2960.39 = 3075.72 over 400 frames.
usctimit_ema_f1_325 t ao sh ah l d ah m aa jh z ey t ay m v iy z 
LOG (lattice-best-path[5.5.141~1-40a9d]:main():lattice-best-path.cc:99) For utterance usctimit_ema_f1_342, best cost 99.9669 + 3416.69 = 3516.65 over 452 frames.
usctimit_ema_f1_342 jh oy z er t eh t r f r l ah s ih n 
LOG (lattice-best-path[5.5.141~1-40a9d]:main():lattice-best-path.cc:99) For utterance usctimit_ema_f1_346, best cost 98.4153 + 2455.38 = 2553.79 over 328 frames.
usctimit_ema_f1_346 w uw ao k ah m ng s uw n z iy ch iy er 
LOG (lattice-best-path[5.5.141~1-40a9d]:main():lattice-best-path.cc:99) For utterance usctimit_ema_f1_347, best cost 121.196 + 3358.84 = 3480.04 over 452 frames.
usctimit_ema_f1_347 r jh ah p er n ay d eh f iy jh ih g ae sh ah jh 
LOG (lattice-best-path[5.5.141~1-40a9d]:main():lattice-best-path.cc:99) For utterance usctimit_ema_f1_356, best cost 84.1508 + 2288.65 = 2372.8 over 302 frames.
usctimit_ema_f1_356 dh ey l ay k l m ae ch aw er z 
LOG (lattice-best-path[5.5.141~1-40a9d]:main():lattice-best-path.cc:99) For utterance usctimit_ema_f1_360, best cost 147.671 + 3549.43 = 3697.1 over 462 frames.
usctimit_ema_f1_360 ih t ih s iy s l iy f ay d l iy n s er dh z ah s m l iy sil 
LOG (lattice-best-path[5.5.141~1-40a9d]:main():lattice-best-path.cc:99) For utterance usctimit_ema_f1_362, best cost 105.967 + 3036.29 = 3142.26 over 430 frames.
usctimit_ema_f1_362 dh ey s ih ng aw b er w ao l r n t iy er 
LOG (lattice-best-path[5.5.141~1-40a9d]:main():lattice-best-path.cc:99) For utterance usctimit_ema_f1_364, best cost 156.155 + 3407.13 = 3563.28 over 457 frames.
usctimit_ema_f1_364 ih t ae s ah t ae b er d ae n n k aa z ih k ae t ae f ih t ae n 
LOG (lattice-best-path[5.5.141~1-40a9d]:main():lattice-best-path.cc:99) For utterance usctimit_ema_f1_368, best cost 95.4126 + 3307.87 = 3403.28 over 450 frames.
usctimit_ema_f1_368 r z uw ae n ah ih t n ih sh ae m ch 
LOG (lattice-best-path[5.5.141~1-40a9d]:main():lattice-best-path.cc:99) For utterance usctimit_ema_f1_382, best cost 152.729 + 4257.87 = 4410.6 over 595 frames.
usctimit_ema_f1_382 s ae sh l iy k l t ah n eh k ae s ah iy l d n ch n ae p ah ng 
LOG (lattice-best-path[5.5.141~1-40a9d]:main():lattice-best-path.cc:99) For utterance usctimit_ema_f1_394, best cost 148.533 + 3998.59 = 4147.12 over 548 frames.
usctimit_ema_f1_394 dh iy z ih r s ah p w iy s ih n t f ay k l s m ay er z z 
LOG (lattice-best-path[5.5.141~1-40a9d]:main():lattice-best-path.cc:99) For utterance usctimit_ema_f1_397, best cost 147.616 + 3718.85 = 3866.46 over 501 frames.
usctimit_ema_f1_397 sil t ah r n aw s ay s k aa f n s aa f er f n g ae ae ah 
LOG (lattice-best-path[5.5.141~1-40a9d]:main():lattice-best-path.cc:99) For utterance usctimit_ema_f1_402, best cost 86.2229 + 2883.66 = 2969.88 over 401 frames.
usctimit_ema_f1_402 r s ih t ae t ih f r n ch iy z 
LOG (lattice-best-path[5.5.141~1-40a9d]:main():lattice-best-path.cc:99) For utterance usctimit_ema_f1_405, best cost 109.421 + 3757.95 = 3867.37 over 510 frames.
usctimit_ema_f1_405 w ey ah s er ey s ae k oy z n r ng r ae 
LOG (lattice-best-path[5.5.141~1-40a9d]:main():lattice-best-path.cc:99) For utterance usctimit_ema_f1_451, best cost 136.702 + 3427.85 = 3564.55 over 444 frames.
usctimit_ema_f1_451 ch ow ih n k uw z ih m eh iy f r l t m n s ih n ng 
LOG (lattice-best-path[5.5.141~1-40a9d]:main():lattice-best-path.cc:99) For utterance usctimit_ema_f1_453, best cost 134.574 + 3511.77 = 3646.34 over 476 frames.
usctimit_ema_f1_453 l n er z k r ng iy n z ih ng v eh ch ah b l p er n 
LOG (lattice-best-path[5.5.141~1-40a9d]:main():lattice-best-path.cc:99) For utterance usctimit_ema_f1_456, best cost 126.587 + 3253.97 = 3380.56 over 433 frames.
usctimit_ema_f1_456 ah ao s ih d eh t l n p ae t uw ae z k aa r ih m 
LOG (lattice-best-path[5.5.141~1-40a9d]:main():lattice-best-path.cc:99) For utterance usctimit_ema_f1_460, best cost 88.7988 + 2406.9 = 2495.7 over 334 frames.
usctimit_ema_f1_460 w ih sh iy n ih sh ah m ah ih d ah z 
LOG (lattice-best-path[5.5.141~1-40a9d]:main():lattice-best-path.cc:99) For utterance usctimit_ema_f5_009, best cost 66.6768 + 2459.52 = 2526.2 over 341 frames.
usctimit_ema_f5_009 y l aw r r l ay 
LOG (lattice-best-path[5.5.141~1-40a9d]:main():lattice-best-path.cc:99) For utterance usctimit_ema_f5_011, best cost 88.663 + 2386.01 = 2474.68 over 301 frames.
usctimit_ema_f5_011 ih y r m ah s ay z uw k ae n 
LOG (lattice-best-path[5.5.141~1-40a9d]:main():lattice-best-path.cc:99) For utterance usctimit_ema_f5_017, best cost 117.541 + 2699.57 = 2817.11 over 328 frames.
usctimit_ema_f5_017 aw m aa iy hh r m s ih f ao s m ae z w l 
LOG (lattice-best-path[5.5.141~1-40a9d]:main():lattice-best-path.cc:99) For utterance usctimit_ema_f5_019, best cost 102.117 + 2420.81 = 2522.92 over 308 frames.
usctimit_ema_f5_019 ah f ah l f ah hh l p iy f r iy m 
LOG (lattice-best-path[5.5.141~1-40a9d]:main():lattice-best-path.cc:99) For utterance usctimit_ema_f5_066, best cost 72.5115 + 2866.83 = 2939.34 over 335 frames.
usctimit_ema_f5_066 eh g ah s t uw f r iy iy 
LOG (lattice-best-path[5.5.141~1-40a9d]:main():lattice-best-path.cc:99) For utterance usctimit_ema_f5_080, best cost 131.923 + 3367.44 = 3499.36 over 417 frames.
usctimit_ema_f5_080 ih k ah s n aw ah iy er t aa p ah k ah eh p ay l z 
LOG (lattice-best-path[5.5.141~1-40a9d]:main():lattice-best-path.cc:99) For utterance usctimit_ema_f5_081, best cost 152.451 + 3010.91 = 3163.36 over 373 frames.
usctimit_ema_f5_081 ae s k r ey p er iy s t ae k s w n z n eh y n iy sh n 
LOG (lattice-best-path[5.5.141~1-40a9d]:main():lattice-best-path.cc:99) For utterance usctimit_ema_f5_090, best cost 111.052 + 3037.21 = 3148.27 over 385 frames.
usctimit_ema_f5_090 n s ih s ah s ah d iy d l iy f ay l z 
LOG (lattice-best-path[5.5.141~1-40a9d]:main():lattice-best-path.cc:99) For utterance usctimit_ema_f5_143, best cost 104.438 + 3557.44 = 3661.88 over 473 frames.
usctimit_ema_f5_143 s ao f r z ey sh n ah s ih s n sh ah 
LOG (lattice-best-path[5.5.141~1-40a9d]:main():lattice-best-path.cc:99) For utterance usctimit_ema_f5_144, best cost 196.996 + 4554.53 = 4751.53 over 594 frames.
usctimit_ema_f5_144 eh s k ow aa t z iy k ih z eh t ih d er n uw b ow t ah ah hh aa iy aa iy z 
LOG (lattice-best-path[5.5.141~1-40a9d]:main():lattice-best-path.cc:99) For utterance usctimit_ema_f5_162, best cost 135.82 + 3622.86 = 3758.68 over 483 frames.
usctimit_ema_f5_162 ah s ao k aa jh z er n aw k oy jh k ey sh n l 
LOG (lattice-best-path[5.5.141~1-40a9d]:main():lattice-best-path.cc:99) For utterance usctimit_ema_f5_163, best cost 160.076 + 4067.55 = 4227.62 over 532 frames.
usctimit_ema_f5_163 r ch ah k r z aa ah hh iy n z jh ae w ao z ah m z ah f r iy 
LOG (lattice-best-path[5.5.141~1-40a9d]:main():lattice-best-path.cc:99) For utterance usctimit_ema_f5_164, best cost 93.4461 + 3015.25 = 3108.7 over 405 frames.
usctimit_ema_f5_164 sil t ih k uw z t aw dh t uw d 
LOG (lattice-best-path[5.5.141~1-40a9d]:main():lattice-best-path.cc:99) For utterance usctimit_ema_f5_174, best cost 102.964 + 2954.24 = 3057.2 over 386 frames.
usctimit_ema_f5_174 t aa hh ae t r f ae sh n z y er 
LOG (lattice-best-path[5.5.141~1-40a9d]:main():lattice-best-path.cc:99) For utterance usctimit_ema_f5_197, best cost 102.045 + 2962.78 = 3064.83 over 400 frames.
usctimit_ema_f5_197 iy s m l p ah p w r m m hh aa k 
LOG (lattice-best-path[5.5.141~1-40a9d]:main():lattice-best-path.cc:99) For utterance usctimit_ema_f5_208, best cost 102.214 + 2737.48 = 2839.69 over 373 frames.
usctimit_ema_f5_208 sil ih d iy p oy t ow r l t iy ow sh n 
LOG (lattice-best-path[5.5.141~1-40a9d]:main():lattice-best-path.cc:99) For utterance usctimit_ema_f5_233, best cost 213.423 + 5124.35 = 5337.77 over 648 frames.
usctimit_ema_f5_233 f er n iy ey b l iy sil r m ah b er t r l aw ay d ae k l t n s eh t r f iy iy 
LOG (lattice-best-path[5.5.141~1-40a9d]:main():lattice-best-path.cc:99) For utterance usctimit_ema_f5_243, best cost 112.856 + 2776.17 = 2889.03 over 363 frames.
usctimit_ema_f5_243 aa hh l d ey p r n z n ey l b l t ah z 
LOG (lattice-best-path[5.5.141~1-40a9d]:main():lattice-best-path.cc:99) For utterance usctimit_ema_f5_244, best cost 109.856 + 3176.08 = 3285.94 over 412 frames.
usctimit_ema_f5_244 iy k er f ah t ah p aw ah f aa b eh d s 
LOG (lattice-best-path[5.5.141~1-40a9d]:main():lattice-best-path.cc:99) For utterance usctimit_ema_f5_272, best cost 125.683 + 2825.99 = 2951.68 over 364 frames.
usctimit_ema_f5_272 t ow f l z m ey t r p ao s eh s oy b iy z 
LOG (lattice-best-path[5.5.141~1-40a9d]:main():lattice-best-path.cc:99) For utterance usctimit_ema_f5_281, best cost 200.615 + 4508.8 = 4709.41 over 565 frames.
usctimit_ema_f5_281 ay d ay r z ih s ah p l k ih v iy w n f ao m ih k er k r k ah s ah b eh 
LOG (lattice-best-path[5.5.141~1-40a9d]:main():lattice-best-path.cc:99) For utterance usctimit_ema_f5_304, best cost 198.798 + 5156.3 = 5355.1 over 667 frames.
usctimit_ema_f5_304 g eh s aa p ay t iy z n r g l d ah ao k ih z k oy n ae sh l f ao r z 
LOG (lattice-best-path[5.5.141~1-40a9d]:main():lattice-best-path.cc:99) For utterance usctimit_ema_f5_307, best cost 127.799 + 3146.33 = 3274.13 over 418 frames.
usctimit_ema_f5_307 d ch aa n k ah t eh b ih g ah s p aw hh l p 
LOG (lattice-best-path[5.5.141~1-40a9d]:main():lattice-best-path.cc:99) For utterance usctimit_ema_f5_329, best cost 147.325 + 3872.61 = 4019.93 over 535 frames.
usctimit_ema_f5_329 ih k aw w aa n er f r m f er m ay dh ih k iy m ao s 
LOG (lattice-best-path[5.5.141~1-40a9d]:main():lattice-best-path.cc:99) For utterance usctimit_ema_f5_330, best cost 223.355 + 4952.25 = 5175.61 over 611 frames.
usctimit_ema_f5_330 sil iy t ah t ay m iy d ah ao s k l n s ay ih b ih p ah b r k ae n iy z iy s z t ah m p r 
LOG (lattice-best-path[5.5.141~1-40a9d]:main():lattice-best-path.cc:99) For utterance usctimit_ema_f5_334, best cost 175.054 + 4122.46 = 4297.51 over 536 frames.
usctimit_ema_f5_334 sil oy z k aa s t iy m iy b l ae k l s t iy k t iy iy l g eh t 
LOG (lattice-best-path[5.5.141~1-40a9d]:main():lattice-best-path.cc:99) For utterance usctimit_ema_f5_336, best cost 122.245 + 3064.64 = 3186.88 over 396 frames.
usctimit_ema_f5_336 ae n oy s p aa m r z m ao n oy iy ch t ey 
LOG (lattice-best-path[5.5.141~1-40a9d]:main():lattice-best-path.cc:99) For utterance usctimit_ema_f5_343, best cost 151.242 + 3776.21 = 3927.45 over 506 frames.
usctimit_ema_f5_343 ah jh s ah jh eh m ih dh n uw r k y l jh k ah m iy z iy m 
LOG (lattice-best-path[5.5.141~1-40a9d]:main():lattice-best-path.cc:99) For utterance usctimit_ema_f5_348, best cost 126.943 + 3440.42 = 3567.36 over 455 frames.
usctimit_ema_f5_348 ah k er ih k ih sh eh p uw er ao iy jh ah b ah d 
LOG (lattice-best-path[5.5.141~1-40a9d]:main():lattice-best-path.cc:99) For utterance usctimit_ema_f5_349, best cost 100.789 + 2954.78 = 3055.57 over 405 frames.
usctimit_ema_f5_349 sil iy sh ao n s k r f r jh oy z 
LOG (lattice-best-path[5.5.141~1-40a9d]:main():lattice-best-path.cc:99) For utterance usctimit_ema_f5_354, best cost 176.323 + 5163.18 = 5339.5 over 679 frames.
usctimit_ema_f5_354 w n eh v er dh iy g r m t p r sh r ay z ah z sil ah l n n 
LOG (lattice-best-path[5.5.141~1-40a9d]:main():lattice-best-path.cc:99) For utterance usctimit_ema_f5_356, best cost 67.4854 + 1844.54 = 1912.03 over 219 frames.
usctimit_ema_f5_356 iy l ih k ao iy l ey 
LOG (lattice-best-path[5.5.141~1-40a9d]:main():lattice-best-path.cc:99) For utterance usctimit_ema_f5_369, best cost 172.266 + 4012.1 = 4184.36 over 537 frames.
usctimit_ema_f5_369 sil er s ih jh ay z ae t iy w aa s ih k s t er ih z dh ih t aa p ae 
LOG (lattice-best-path[5.5.141~1-40a9d]:main():lattice-best-path.cc:99) For utterance usctimit_ema_f5_375, best cost 127.932 + 3390.97 = 3518.9 over 435 frames.
usctimit_ema_f5_375 ay er sh eh t er z iy ch r sh k b er ch r b r 
LOG (lattice-best-path[5.5.141~1-40a9d]:main():lattice-best-path.cc:99) For utterance usctimit_ema_f5_389, best cost 174.509 + 4390.16 = 4564.67 over 553 frames.
usctimit_ema_f5_389 ih t er k n iy n dh ih t er k n t ey z b iy t iy s iy p iy t z 
LOG (lattice-best-path[5.5.141~1-40a9d]:main():lattice-best-path.cc:99) For utterance usctimit_ema_f5_392, best cost 168.434 + 4354.83 = 4523.26 over 574 frames.
usctimit_ema_f5_392 er ch ih n ae s d n k ay k z er k ow m z n s ih s ah sh uw z 
LOG (lattice-best-path[5.5.141~1-40a9d]:main():lattice-best-path.cc:99) For utterance usctimit_ema_f5_396, best cost 196.814 + 4186.27 = 4383.08 over 518 frames.
usctimit_ema_f5_396 iy ae t ay z ih ng b er s t ah v p ah m ah r ay iy s r n eh b er ch ey n d z 
LOG (lattice-best-path[5.5.141~1-40a9d]:main():lattice-best-path.cc:99) For utterance usctimit_ema_f5_406, best cost 159.588 + 3978.17 = 4137.76 over 512 frames.
usctimit_ema_f5_406 ah s ih ow f ao s ih l iy ow v ow b ah t eh ch aw m z iy z 
LOG (lattice-best-path[5.5.141~1-40a9d]:main():lattice-best-path.cc:99) For utterance usctimit_ema_f5_424, best cost 89.7774 + 2738.83 = 2828.61 over 379 frames.
usctimit_ema_f5_424 iy p iy k l t ih b iy hh n er d 
LOG (lattice-best-path[5.5.141~1-40a9d]:main():lattice-best-path.cc:99) For utterance usctimit_ema_f5_426, best cost 102.026 + 2829.12 = 2931.14 over 335 frames.
usctimit_ema_f5_426 iy z iy ah z ah l l jh z iy iy z iy ah 
LOG (lattice-best-path[5.5.141~1-40a9d]:main():lattice-best-path.cc:99) For utterance usctimit_ema_f5_431, best cost 150.164 + 3321.33 = 3471.49 over 427 frames.
usctimit_ema_f5_431 aa p aa f ao v z ey sh z ah f ih k ah f ah n r z er z 
LOG (lattice-best-path[5.5.141~1-40a9d]:main():lattice-best-path.cc:99) For utterance usctimit_ema_f5_436, best cost 128.997 + 3200.11 = 3329.11 over 405 frames.
usctimit_ema_f5_436 hh r s p er th ey f r k l iy k er z ah ng 
LOG (lattice-best-path[5.5.141~1-40a9d]:main():lattice-best-path.cc:99) For utterance usctimit_ema_f5_438, best cost 157.022 + 3907.23 = 4064.25 over 498 frames.
usctimit_ema_f5_438 iy p ay ao t ao ey m ao l ih t k g iy uw s iy ch r g sh n 
LOG (lattice-best-path[5.5.141~1-40a9d]:main():lattice-best-path.cc:99) For utterance usctimit_ema_f5_447, best cost 168.159 + 4142.3 = 4310.46 over 536 frames.
usctimit_ema_f5_447 r m ah z iy n ah d er k s ay d ng dh ay s t iy n s ow r k 
LOG (lattice-best-path[5.5.141~1-40a9d]:main():lattice-best-path.cc:99) For utterance usctimit_ema_f5_451, best cost 173.055 + 4364.55 = 4537.61 over 533 frames.
usctimit_ema_f5_451 t ah r k ch l ah f ah s ih m eh n iy f er r l t m n s ah ng 
LOG (lattice-best-path[5.5.141~1-40a9d]:main():lattice-best-path.cc:99) For utterance usctimit_ema_m1_006, best cost 111.214 + 2896.52 = 3007.74 over 381 frames.
usctimit_ema_m1_006 w l y l er w er iy f r s l iy ay t m z 
LOG (lattice-best-path[5.5.141~1-40a9d]:main():lattice-best-path.cc:99) For utterance usctimit_ema_m1_010, best cost 67.2978 + 2216.99 = 2284.29 over 306 frames.
usctimit_ema_m1_010 w l l ih w r iy l l iy 
LOG (lattice-best-path[5.5.141~1-40a9d]:main():lattice-best-path.cc:99) For utterance usctimit_ema_m1_012, best cost 134.143 + 3481.15 = 3615.29 over 456 frames.
usctimit_ema_m1_012 ao f er z ih z ey s ae m r v y uw v r f ao m ow 
LOG (lattice-best-path[5.5.141~1-40a9d]:main():lattice-best-path.cc:99) For utterance usctimit_ema_m1_051, best cost 141.413 + 3289.91 = 3431.32 over 421 frames.
usctimit_ema_m1_051 ih k aa k r iy sh ah w l iy k r iy l iy p r sh y ey d 
LOG (lattice-best-path[5.5.141~1-40a9d]:main():lattice-best-path.cc:99) For utterance usctimit_ema_m1_090, best cost 113.649 + 2753.14 = 2866.79 over 356 frames.
usctimit_ema_m1_090 sil y m s ih s l s ah l iy dh l iy f ay l z 
LOG (lattice-best-path[5.5.141~1-40a9d]:main():lattice-best-path.cc:99) For utterance usctimit_ema_m1_095, best cost 130.582 + 3224.18 = 3354.76 over 420 frames.
usctimit_ema_m1_095 sil ih b eh s w ey t l r n s s l t er p r l l z 
LOG (lattice-best-path[5.5.141~1-40a9d]:main():lattice-best-path.cc:99) For utterance usctimit_ema_m1_098, best cost 110.641 + 3120.94 = 3231.58 over 421 frames.
usctimit_ema_m1_098 ah m s y l er ae d n z k ih f r b ae k 
LOG (lattice-best-path[5.5.141~1-40a9d]:main():lattice-best-path.cc:99) For utterance usctimit_ema_m1_099, best cost 142.53 + 3615.49 = 3758.02 over 495 frames.
usctimit_ema_m1_099 ih k aa t uw f iy ch er z ah m aa s k r ae k ah t ae p l 
LOG (lattice-best-path[5.5.141~1-40a9d]:main():lattice-best-path.cc:99) For utterance usctimit_ema_m1_137, best cost 157.797 + 3809.44 = 3967.24 over 499 frames.
usctimit_ema_m1_137 k l s ih g ae p ih t uw z jh ow jh b ay s ae r ay s t ae s 
LOG (lattice-best-path[5.5.141~1-40a9d]:main():lattice-best-path.cc:99) For utterance usctimit_ema_m1_139, best cost 140.236 + 4143.38 = 4283.62 over 571 frames.
usctimit_ema_m1_139 w r k n t ey n t m ah ch k ao r iy n s aw n z ay z 
LOG (lattice-best-path[5.5.141~1-40a9d]:main():lattice-best-path.cc:99) For utterance usctimit_ema_m1_145, best cost 195.996 + 4202.57 = 4398.57 over 546 frames.
usctimit_ema_m1_145 sil eh jh p r k aa sh ah n iy l z b ay b ah m p aw er f er dh zh t ow k l sil 
LOG (lattice-best-path[5.5.141~1-40a9d]:main():lattice-best-path.cc:99) For utterance usctimit_ema_m1_158, best cost 167.616 + 4306.75 = 4474.36 over 573 frames.
usctimit_ema_m1_158 ay ng f er b r hh ao er f r k ao r s n t w sh n eh t r t iy z 
LOG (lattice-best-path[5.5.141~1-40a9d]:main():lattice-best-path.cc:99) For utterance usctimit_ema_m1_160, best cost 183.315 + 3926.11 = 4109.42 over 512 frames.
usctimit_ema_m1_160 sil ch iy k er jh t r ch ow d n t m ey k eh r ow hh l ng k aa s jh n z 
LOG (lattice-best-path[5.5.141~1-40a9d]:main():lattice-best-path.cc:99) For utterance usctimit_ema_m1_162, best cost 140.156 + 3712.71 = 3852.86 over 506 frames.
usctimit_ema_m1_162 l m ao s t l k l jh uw z aa n aw k oy ch ey sh ah l 
LOG (lattice-best-path[5.5.141~1-40a9d]:main():lattice-best-path.cc:99) For utterance usctimit_ema_m1_164, best cost 81.6724 + 2982.51 = 3064.19 over 407 frames.
usctimit_ema_m1_164 sil f ih k uw z ow dh t uw sil 
LOG (lattice-best-path[5.5.141~1-40a9d]:main():lattice-best-path.cc:99) For utterance usctimit_ema_m1_166, best cost 94.3771 + 2716.21 = 2810.58 over 380 frames.
usctimit_ema_m1_166 dh k ae s m iy l z hh er w iy er z 
LOG (lattice-best-path[5.5.141~1-40a9d]:main():lattice-best-path.cc:99) For utterance usctimit_ema_m1_169, best cost 88.0815 + 2441.41 = 2529.49 over 346 frames.
usctimit_ema_m1_169 sil ih aa f r g ow aa n iy k ih ng 
LOG (lattice-best-path[5.5.141~1-40a9d]:main():lattice-best-path.cc:99) For utterance usctimit_ema_m1_179, best cost 96.876 + 2657.19 = 2754.06 over 365 frames.
usctimit_ema_m1_179 sil k aa iy ch r f ah n uw ae k s ah z 
LOG (lattice-best-path[5.5.141~1-40a9d]:main():lattice-best-path.cc:99) For utterance usctimit_ema_m1_183, best cost 129.859 + 3925.73 = 4055.58 over 544 frames.
usctimit_ema_m1_183 r p r ch er t er v iy w s ae ch uw s k p ow z er 
LOG (lattice-best-path[5.5.141~1-40a9d]:main():lattice-best-path.cc:99) For utterance usctimit_ema_m1_193, best cost 167.794 + 4013.63 = 4181.42 over 545 frames.
usctimit_ema_m1_193 ay g ey v n s er r ch oy z ah z m l p ah n t ae p p ay ao er z 
LOG (lattice-best-path[5.5.141~1-40a9d]:main():lattice-best-path.cc:99) For utterance usctimit_ema_m1_204, best cost 65.8859 + 2441.16 = 2507.04 over 353 frames.
usctimit_ema_m1_204 hh aa g ih jh er d er z 
LOG (lattice-best-path[5.5.141~1-40a9d]:main():lattice-best-path.cc:99) For utterance usctimit_ema_m1_209, best cost 83.4997 + 2451.11 = 2534.61 over 352 frames.
usctimit_ema_m1_209 sil l uw l th n f er p oy n sil 
LOG (lattice-best-path[5.5.141~1-40a9d]:main():lattice-best-path.cc:99) For utterance usctimit_ema_m1_224, best cost 111.364 + 2961.56 = 3072.93 over 406 frames.
usctimit_ema_m1_224 ay ey dh v r oy s t r n ao er z p l iy sil 
LOG (lattice-best-path[5.5.141~1-40a9d]:main():lattice-best-path.cc:99) For utterance usctimit_ema_m1_229, best cost 117.687 + 2922.69 = 3040.38 over 395 frames.
usctimit_ema_m1_229 m ay d iy w ih ng iy g n f ah hh aa k aa f iy 
LOG (lattice-best-path[5.5.141~1-40a9d]:main():lattice-best-path.cc:99) For utterance usctimit_ema_m1_237, best cost 120.671 + 3425.99 = 3546.66 over 450 frames.
usctimit_ema_m1_237 w iy s aa iy t ay n iy ay s k l z b l ow f sil 
LOG (lattice-best-path[5.5.141~1-40a9d]:main():lattice-best-path.cc:99) For utterance usctimit_ema_m1_265, best cost 152.151 + 3555.38 = 3707.53 over 470 frames.
usctimit_ema_m1_265 sil p iy t ey p ih s d er iy t ih b k ao s ah k n er s ao n iy 
LOG (lattice-best-path[5.5.141~1-40a9d]:main():lattice-best-path.cc:99) For utterance usctimit_ema_m1_269, best cost 133.608 + 3506.31 = 3639.92 over 491 frames.
usctimit_ema_m1_269 ay b r m ah p ay dh ow sh uw z ih b iy uw r ch er jh 
LOG (lattice-best-path[5.5.141~1-40a9d]:main():lattice-best-path.cc:99) For utterance usctimit_ema_m1_277, best cost 100.116 + 2367.77 = 2467.89 over 337 frames.
usctimit_ema_m1_277 sil ih m iy d ng dh ih z m aw jh er n z 
LOG (lattice-best-path[5.5.141~1-40a9d]:main():lattice-best-path.cc:99) For utterance usctimit_ema_m1_302, best cost 221.541 + 5424.9 = 5646.44 over 706 frames.
usctimit_ema_m1_302 ah l ah p n ah t ow l dh ey l ah p uw n z t iy k aa n aa s uw b l f r iy sh ow f ah sh 
LOG (lattice-best-path[5.5.141~1-40a9d]:main():lattice-best-path.cc:99) For utterance usctimit_ema_m1_303, best cost 110.422 + 2986.37 = 3096.79 over 415 frames.
usctimit_ema_m1_303 sil aa f n iy g ih p ae k ao dh n iy p ih n 
LOG (lattice-best-path[5.5.141~1-40a9d]:main():lattice-best-path.cc:99) For utterance usctimit_ema_m1_317, best cost 202.497 + 5283.75 = 5486.25 over 731 frames.
usctimit_ema_m1_317 sil ah iy w l f iy t ay k uw n s w er sh ah n b aa p ow th iy y aa ae n s k uw er 
LOG (lattice-best-path[5.5.141~1-40a9d]:main():lattice-best-path.cc:99) For utterance usctimit_ema_m1_320, best cost 144.57 + 3407.78 = 3552.35 over 468 frames.
usctimit_ema_m1_320 sil ih k aa s ao er w l n jh oy dh ih sh ow f ih sh d ih sh 
LOG (lattice-best-path[5.5.141~1-40a9d]:main():lattice-best-path.cc:99) For utterance usctimit_ema_m1_322, best cost 119.375 + 3010.84 = 3130.21 over 422 frames.
usctimit_ema_m1_322 sil d l f n z ah r t l jh m er iy n ae m l z 
LOG (lattice-best-path[5.5.141~1-40a9d]:main():lattice-best-path.cc:99) For utterance usctimit_ema_m1_336, best cost 150.877 + 3582.89 = 3733.77 over 475 frames.
usctimit_ema_m1_336 sil eh n oy s p ow m g ow z r ow z m ao n oy ng iy jh ey 
LOG (lattice-best-path[5.5.141~1-40a9d]:main():lattice-best-path.cc:99) For utterance usctimit_ema_m1_338, best cost 133.967 + 3699.6 = 3833.57 over 511 frames.
usctimit_ema_m1_338 eh t ay g r m ih k s ah z l iy f er m ao s eh b iy 
LOG (lattice-best-path[5.5.141~1-40a9d]:main():lattice-best-path.cc:99) For utterance usctimit_ema_m1_340, best cost 103.737 + 2361.96 = 2465.7 over 316 frames.
usctimit_ema_m1_340 sil jh ow k r ng sh ow v ah f ao l ih d 
LOG (lattice-best-path[5.5.141~1-40a9d]:main():lattice-best-path.cc:99) For utterance usctimit_ema_m1_344, best cost 135.565 + 3202.54 = 3338.1 over 454 frames.
usctimit_ema_m1_344 sil p ae m k iy z r ay v ng l s ah z ah p er z ey z 
LOG (lattice-best-path[5.5.141~1-40a9d]:main():lattice-best-path.cc:99) For utterance usctimit_ema_m1_347, best cost 155.768 + 3535.72 = 3691.49 over 467 frames.
usctimit_ema_m1_347 sil t r jh z p r w d ih b aa p ah f uw sh er g ae sh er ih jh 
LOG (lattice-best-path[5.5.141~1-40a9d]:main():lattice-best-path.cc:99) For utterance usctimit_ema_m1_350, best cost 118.745 + 2520.09 = 2638.84 over 337 frames.
usctimit_ema_m1_350 sil ih sh ow er f l z z ih f ah w b r p ah n 
LOG (lattice-best-path[5.5.141~1-40a9d]:main():lattice-best-path.cc:99) For utterance usctimit_ema_m1_360, best cost 189.91 + 3899.01 = 4088.92 over 500 frames.
usctimit_ema_m1_360 dh f ih sh b iy ae z l iy p f r t ih k l iy l s er f ih s ah dh s m l ey k 
LOG (lattice-best-path[5.5.141~1-40a9d]:main():lattice-best-path.cc:99) For utterance usctimit_ema_m1_361, best cost 129.781 + 2895.71 = 3025.49 over 383 frames.
usctimit_ema_m1_361 t ih n t ey sh iy l th ih s iy m uw iy s w s w iy k 
LOG (lattice-best-path[5.5.141~1-40a9d]:main():lattice-best-path.cc:99) For utterance usctimit_ema_m1_367, best cost 126.503 + 3536.95 = 3663.45 over 492 frames.
usctimit_ema_m1_367 sil aa b er p ey p er n iy s ah b iy b ow f ay er 
LOG (lattice-best-path[5.5.141~1-40a9d]:main():lattice-best-path.cc:99) For utterance usctimit_ema_m1_368, best cost 131.87 + 3483.09 = 3614.96 over 474 frames.
usctimit_ema_m1_368 sil r f k r sh ih g ah v n l t ah f ih sh ah w jh 
LOG (lattice-best-path[5.5.141~1-40a9d]:main():lattice-best-path.cc:99) For utterance usctimit_ema_m1_375, best cost 151.676 + 3494.57 = 3646.25 over 464 frames.
usctimit_ema_m1_375 ay r sh y ow s er z iy f r sh t ah p er s er b r k ah z sil 
LOG (lattice-best-path[5.5.141~1-40a9d]:main():lattice-best-path.cc:99) For utterance usctimit_ema_m1_394, best cost 156.811 + 4096.35 = 4253.16 over 547 frames.
usctimit_ema_m1_394 sil iy z ah g r s ah p l iy s n t f ay k f aa w s m ow er z 
LOG (lattice-best-path[5.5.141~1-40a9d]:main():lattice-best-path.cc:99) For utterance usctimit_ema_m1_400, best cost 134.663 + 2912.68 = 3047.34 over 382 frames.
usctimit_ema_m1_400 sil w r z ih s l ao r ch ey ng ay v iy aa r ng ao er 
LOG (lattice-best-path[5.5.141~1-40a9d]:main():lattice-best-path.cc:99) For utterance usctimit_ema_m1_432, best cost 52.3285 + 2019.64 = 2071.97 over 285 frames.
usctimit_ema_m1_432 l l iy w ey y er 
LOG (lattice-best-path[5.5.141~1-40a9d]:main():lattice-best-path.cc:99) For utterance usctimit_ema_m3_010, best cost 83.1897 + 2402.01 = 2485.2 over 327 frames.
usctimit_ema_m3_010 sil w ow r aa w er y l l iy sil 
LOG (lattice-best-path[5.5.141~1-40a9d]:main():lattice-best-path.cc:99) For utterance usctimit_ema_m3_044, best cost 110.034 + 3740.22 = 3850.26 over 472 frames.
usctimit_ema_m3_044 sil l ay k ah iy k ah p aa d ah t r t ah z 
LOG (lattice-best-path[5.5.141~1-40a9d]:main():lattice-best-path.cc:99) For utterance usctimit_ema_m3_068, best cost 103.92 + 3283.83 = 3387.75 over 441 frames.
usctimit_ema_m3_068 ih t ah b aa s l y ow p y aa k r s iy 
LOG (lattice-best-path[5.5.141~1-40a9d]:main():lattice-best-path.cc:99) For utterance usctimit_ema_m3_071, best cost 144.727 + 3550.77 = 3695.49 over 439 frames.
usctimit_ema_m3_071 k aa p r sh ah m ao th ah n ih s t ae n iy l iy iy s iy sil 
LOG (lattice-best-path[5.5.141~1-40a9d]:main():lattice-best-path.cc:99) For utterance usctimit_ema_m3_080, best cost 133.099 + 3548.45 = 3681.55 over 411 frames.
usctimit_ema_m3_080 ih g ao z ae l iy er d r t aa p ah k ao er t ay l z 
LOG (lattice-best-path[5.5.141~1-40a9d]:main():lattice-best-path.cc:99) For utterance usctimit_ema_m3_101, best cost 87.6294 + 2487.3 = 2574.93 over 307 frames.
usctimit_ema_m3_101 k ae f ah s er w n ao t ey n t 
LOG (lattice-best-path[5.5.141~1-40a9d]:main():lattice-best-path.cc:99) For utterance usctimit_ema_m3_113, best cost 103.721 + 2932.88 = 3036.6 over 382 frames.
usctimit_ema_m3_113 aa t ah f ao m uw iy s ah s ah t ay l z 
LOG (lattice-best-path[5.5.141~1-40a9d]:main():lattice-best-path.cc:99) For utterance usctimit_ema_m3_129, best cost 107.594 + 3138.59 = 3246.19 over 411 frames.
usctimit_ema_m3_129 jh m ay s k er ae s iy k n y n t aa l 
LOG (lattice-best-path[5.5.141~1-40a9d]:main():lattice-best-path.cc:99) For utterance usctimit_ema_m3_141, best cost 111.099 + 2852.84 = 2963.94 over 354 frames.
usctimit_ema_m3_141 r m uw d s b n jh w th t er k iy z ah z 
LOG (lattice-best-path[5.5.141~1-40a9d]:main():lattice-best-path.cc:99) For utterance usctimit_ema_m3_147, best cost 108.859 + 3347.21 = 3456.07 over 438 frames.
usctimit_ema_m3_147 sil er m ey n ay f ao f r n d b ae n z 
LOG (lattice-best-path[5.5.141~1-40a9d]:main():lattice-best-path.cc:99) For utterance usctimit_ema_m3_192, best cost 119.664 + 3370.62 = 3490.28 over 428 frames.
usctimit_ema_m3_192 sil l ih b eh s eh z n jh eh p aa g l er iy sil 
LOG (lattice-best-path[5.5.141~1-40a9d]:main():lattice-best-path.cc:99) For utterance usctimit_ema_m3_203, best cost 117.212 + 3147.79 = 3265 over 419 frames.
usctimit_ema_m3_203 ah p ah b ah jh b aa t ey ow m ah g er aw zh 
LOG (lattice-best-path[5.5.141~1-40a9d]:main():lattice-best-path.cc:99) For utterance usctimit_ema_m3_260, best cost 149.966 + 3451.56 = 3601.53 over 446 frames.
usctimit_ema_m3_260 r sh ay z eh k aw m ay n d r ay n er b r ah sh ah n ae t ah 
LOG (lattice-best-path[5.5.141~1-40a9d]:main():lattice-best-path.cc:99) For utterance usctimit_ema_m3_267, best cost 127.33 + 3948.52 = 4075.85 over 519 frames.
usctimit_ema_m3_267 ih s k ae k ow s m ao l ae v er ey n iy t iy sil 
LOG (lattice-best-path[5.5.141~1-40a9d]:main():lattice-best-path.cc:99) For utterance usctimit_ema_m3_282, best cost 189.111 + 5128.5 = 5317.61 over 657 frames.
usctimit_ema_m3_282 sil iy ae t er z ow b iy s ey f ao r ih k iy ih g ah t er k eh f ih f er s sil 
LOG (lattice-best-path[5.5.141~1-40a9d]:main():lattice-best-path.cc:99) For utterance usctimit_ema_m3_300, best cost 111.37 + 3420.99 = 3532.36 over 450 frames.
usctimit_ema_m3_300 dh ih b ih g aa l d jh ow y l r ay d l 
LOG (lattice-best-path[5.5.141~1-40a9d]:main():lattice-best-path.cc:99) For utterance usctimit_ema_m3_316, best cost 205.01 + 4533.82 = 4738.83 over 569 frames.
usctimit_ema_m3_316 ih p r s uw er k ah n r oy s uh f y l ay z b aa iy m er d z ih k n ih sh n z sil 
LOG (lattice-best-path[5.5.141~1-40a9d]:main():lattice-best-path.cc:99) For utterance usctimit_ema_m3_320, best cost 117.127 + 3457.83 = 3574.96 over 447 frames.
usctimit_ema_m3_320 sil ah k aa s er l d oy sh ow f ih sh ih sh sil 
LOG (lattice-best-path[5.5.141~1-40a9d]:main():lattice-best-path.cc:99) For utterance usctimit_ema_m3_335, best cost 100.485 + 3647.75 = 3748.24 over 449 frames.
usctimit_ema_m3_335 sil aa ih r ow ow r ow ih er n er l z 
LOG (lattice-best-path[5.5.141~1-40a9d]:main():lattice-best-path.cc:99) For utterance usctimit_ema_m3_336, best cost 116.463 + 2982.01 = 3098.47 over 372 frames.
usctimit_ema_m3_336 eh n oy z aa m r z m ao n ow ih iy ch dh ey 
LOG (lattice-best-path[5.5.141~1-40a9d]:main():lattice-best-path.cc:99) For utterance usctimit_ema_m3_338, best cost 136.052 + 3781.99 = 3918.05 over 500 frames.
usctimit_ema_m3_338 eh d ay r ae m ey s ae n s l ae t r m ah ch ah iy sil 
LOG (lattice-best-path[5.5.141~1-40a9d]:main():lattice-best-path.cc:99) For utterance usctimit_ema_m3_339, best cost 120.303 + 3164.47 = 3284.78 over 423 frames.
usctimit_ema_m3_339 ah b ao r n aa l ah s ah p er s ih p iy d l sil 
LOG (lattice-best-path[5.5.141~1-40a9d]:main():lattice-best-path.cc:99) For utterance usctimit_ema_m3_357, best cost 115.653 + 3679.82 = 3795.47 over 462 frames.
usctimit_ema_m3_357 ah m aw s ae r ih k aa s iy l ah s iy er sil 
LOG (lattice-best-path[5.5.141~1-40a9d]:main():lattice-best-path.cc:99) For utterance usctimit_ema_m3_359, best cost 116.294 + 3017.32 = 3133.62 over 389 frames.
usctimit_ema_m3_359 k aw s ih m ey s b ow n z t iy s r l sil 
LOG (lattice-best-path[5.5.141~1-40a9d]:main():lattice-best-path.cc:99) For utterance usctimit_ema_m3_379, best cost 128.013 + 3750.04 = 3878.06 over 477 frames.
usctimit_ema_m3_379 sil ay r s ih s ah z uw z l eh n s ae s iy r z sil 
LOG (lattice-best-path[5.5.141~1-40a9d]:main():lattice-best-path.cc:99) For utterance usctimit_ema_m3_385, best cost 97.9703 + 2685.55 = 2783.52 over 354 frames.
usctimit_ema_m3_385 eh r k ae m iy jh iy p ey ih aa th ah n 
LOG (lattice-best-path[5.5.141~1-40a9d]:main():lattice-best-path.cc:99) For utterance usctimit_ema_m3_390, best cost 145.937 + 3437.77 = 3583.7 over 428 frames.
usctimit_ema_m3_390 iy ow w ey ch aa r k ih s ah p oy z ih d eh iy w n s t iy 
LOG (lattice-best-path[5.5.141~1-40a9d]:main():lattice-best-path.cc:99) For utterance usctimit_ema_m3_423, best cost 148.036 + 3940.76 = 4088.79 over 495 frames.
usctimit_ema_m3_423 sil ah k ow s ah f r t ow s er ae t ah sh er sh aa n ih f er 
LOG (lattice-best-path[5.5.141~1-40a9d]:main():lattice-best-path.cc:99) For utterance usctimit_ema_m3_434, best cost 75.8277 + 2137.76 = 2213.59 over 285 frames.
usctimit_ema_m3_434 sil r ae s ao ay z l er z sil 
LOG (lattice-best-path[5.5.141~1-40a9d]:main():lattice-best-path.cc:99) For utterance usctimit_ema_m3_438, best cost 161.884 + 3910.16 = 4072.04 over 495 frames.
usctimit_ema_m3_438 iy p ay aa t er m aa l ih n t ah p ih p iy s iy t r k n sh n sil 
LOG (lattice-best-path[5.5.141~1-40a9d]:main():lattice-best-path.cc:99) For utterance usctimit_ema_m3_442, best cost 127.028 + 3086.51 = 3213.54 over 404 frames.
usctimit_ema_m3_442 w ih t l iy ch iy s b ah d ih t uw ih s p r iy sil 
LOG (lattice-best-path[5.5.141~1-40a9d]:main():lattice-best-path.cc:99) For utterance usctimit_ema_m3_444, best cost 173.678 + 4697.56 = 4871.24 over 603 frames.
usctimit_ema_m3_444 r aa m ey ae g eh ey n uw aa s r d er eh n iy s r p ay f r z er sil 
LOG (lattice-best-path[5.5.141~1-40a9d]:main():lattice-best-path.cc:99) For utterance usctimit_ema_m3_457, best cost 169.279 + 4299.53 = 4468.81 over 560 frames.
usctimit_ema_m3_457 sil k aa f iy z er ah n s iy jh ah m l ih s ow s n t ae b r s ah n z 
LOG (lattice-best-path[5.5.141~1-40a9d]:main():lattice-best-path.cc:99) For utterance usctimit_ema_m3_458, best cost 167.751 + 4155.43 = 4323.18 over 535 frames.
usctimit_ema_m3_458 sil b eh s iy b ey p r w s k aa b ay k ay d ey p r z ey sh d sil 
LOG (lattice-scale[5.5.141~1-40a9d]:main():lattice-scale.cc:107) Done 183 lattices.
LOG (lattice-add-penalty[5.5.141~1-40a9d]:main():lattice-add-penalty.cc:62) Done adding word insertion penalty to 183 lattices.
LOG (lattice-best-path[5.5.141~1-40a9d]:main():lattice-best-path.cc:99) For utterance usctimit_ema_m3_460, best cost 99.3382 + 3682.91 = 3782.24 over 497 frames.
usctimit_ema_m3_460 sil w ih ch iy er sh ah l ih g uw s sil 
LOG (lattice-best-path[5.5.141~1-40a9d]:main():lattice-best-path.cc:124) Overall cost per frame is 7.85165 = 0.28586 [graph] + 7.56579 [acoustic] over 81821 frames.
LOG (lattice-best-path[5.5.141~1-40a9d]:main():lattice-best-path.cc:128) Done 183 lattices, failed for 0
# Accounting: time=18 threads=1
# Ended (code 0) at Mon Dec 24 20:00:16 EET 2018, elapsed time 18 seconds
