# lattice-scale --inv-acoustic-scale=13 "ark:gunzip -c exp/ug/mono/decode/lat.*.gz|" ark:- | lattice-add-penalty --word-ins-penalty=1.0 ark:- ark:- | lattice-best-path --word-symbol-table=exp/ug/mono/graph/words.txt ark:- ark,t:- | utils/int2sym.pl -f 2- exp/ug/mono/graph/words.txt | cat > exp/ug/mono/decode/scoring_kaldi/penalty_1.0/13.txt 
# Started at Mon Dec 24 20:00:16 EET 2018
#
lattice-add-penalty --word-ins-penalty=1.0 ark:- ark:- 
lattice-best-path --word-symbol-table=exp/ug/mono/graph/words.txt ark:- ark,t:- 
lattice-scale --inv-acoustic-scale=13 'ark:gunzip -c exp/ug/mono/decode/lat.*.gz|' ark:- 
LOG (lattice-best-path[5.5.141~1-40a9d]:main():lattice-best-path.cc:99) For utterance usctimit_ema_f1_021, best cost 77.0334 + 1814.47 = 1891.5 over 290 frames.
usctimit_ema_f1_021 aa m iy oy r s aa ah n er z 
LOG (lattice-best-path[5.5.141~1-40a9d]:main():lattice-best-path.cc:99) For utterance usctimit_ema_f1_028, best cost 136.854 + 3203.64 = 3340.49 over 499 frames.
usctimit_ema_f1_028 l ah uw z ih k ah ah t er ih s ah t ey p aa y l ae r iy 
LOG (lattice-best-path[5.5.141~1-40a9d]:main():lattice-best-path.cc:99) For utterance usctimit_ema_f1_031, best cost 103.353 + 2586.55 = 2689.9 over 395 frames.
usctimit_ema_f1_031 aa s l r s l z er d iy sh n r z n sil 
LOG (lattice-best-path[5.5.141~1-40a9d]:main():lattice-best-path.cc:99) For utterance usctimit_ema_f1_052, best cost 115.989 + 2800.91 = 2916.9 over 431 frames.
usctimit_ema_f1_052 aa s ah l t eh t z jh iy l aa d ah f iy er iy 
LOG (lattice-best-path[5.5.141~1-40a9d]:main():lattice-best-path.cc:99) For utterance usctimit_ema_f1_054, best cost 94.0828 + 2394.48 = 2488.56 over 382 frames.
usctimit_ema_f1_054 ch aa n s iy ch eh s n t l jh n z 
LOG (lattice-best-path[5.5.141~1-40a9d]:main():lattice-best-path.cc:99) For utterance usctimit_ema_f1_072, best cost 91.1682 + 2496.52 = 2587.69 over 403 frames.
usctimit_ema_f1_072 s ih n z eh d ey f ih k iy r k s 
LOG (lattice-best-path[5.5.141~1-40a9d]:main():lattice-best-path.cc:99) For utterance usctimit_ema_f1_078, best cost 108.697 + 2772.41 = 2881.11 over 447 frames.
usctimit_ema_f1_078 l eh t aa s l iy z aa t ow p ay n s ah z 
LOG (lattice-best-path[5.5.141~1-40a9d]:main():lattice-best-path.cc:99) For utterance usctimit_ema_f1_090, best cost 104.214 + 2219.76 = 2323.97 over 353 frames.
usctimit_ema_f1_090 iy m eh z ih s ah s ah l iy d l iy ay l z 
LOG (lattice-best-path[5.5.141~1-40a9d]:main():lattice-best-path.cc:99) For utterance usctimit_ema_f1_105, best cost 126.987 + 3048.94 = 3175.92 over 461 frames.
usctimit_ema_f1_105 ih k ay ow iy aa k ae eh d ay iy ae r oy l ae ah z 
LOG (lattice-best-path[5.5.141~1-40a9d]:main():lattice-best-path.cc:99) For utterance usctimit_ema_f1_108, best cost 121.172 + 2960.74 = 3081.92 over 458 frames.
usctimit_ema_f1_108 r t eh v r z ey f ah aa p eh ae r n jh iy z 
LOG (lattice-best-path[5.5.141~1-40a9d]:main():lattice-best-path.cc:99) For utterance usctimit_ema_f1_111, best cost 95.552 + 2156.06 = 2251.61 over 329 frames.
usctimit_ema_f1_111 r z ih sh ow n t ao ih s ah z r iy l 
LOG (lattice-best-path[5.5.141~1-40a9d]:main():lattice-best-path.cc:99) For utterance usctimit_ema_f1_115, best cost 91.6037 + 2270.42 = 2362.02 over 355 frames.
usctimit_ema_f1_115 sil ey f ao ae ch eh s er r p eh z 
LOG (lattice-best-path[5.5.141~1-40a9d]:main():lattice-best-path.cc:99) For utterance usctimit_ema_f1_123, best cost 110.952 + 3114.1 = 3225.06 over 492 frames.
usctimit_ema_f1_123 ih b ah n l s ow z ah z ah ch iy iy sh ao er 
LOG (lattice-best-path[5.5.141~1-40a9d]:main():lattice-best-path.cc:99) For utterance usctimit_ema_f1_126, best cost 149.718 + 2828.79 = 2978.5 over 432 frames.
usctimit_ema_f1_126 w ah sh ao aa k ow z ow p ey ih n ey k aa f ih k ey sh ae n 
LOG (lattice-best-path[5.5.141~1-40a9d]:main():lattice-best-path.cc:99) For utterance usctimit_ema_f1_134, best cost 77.1067 + 2528.48 = 2605.59 over 416 frames.
usctimit_ema_f1_134 iy iy k ih z iy z ae s ah z ah 
LOG (lattice-best-path[5.5.141~1-40a9d]:main():lattice-best-path.cc:99) For utterance usctimit_ema_f1_153, best cost 170.146 + 3949.45 = 4119.59 over 618 frames.
usctimit_ema_f1_153 ih m ay ng iy k eh s ah s aw t z ih p iy l s er v ey sh n r l n z 
LOG (lattice-best-path[5.5.141~1-40a9d]:main():lattice-best-path.cc:99) For utterance usctimit_ema_f1_162, best cost 110.965 + 3015.4 = 3126.36 over 486 frames.
usctimit_ema_f1_162 ah s ao k aa t ih z n aw k oy t ey sh ah 
LOG (lattice-best-path[5.5.141~1-40a9d]:main():lattice-best-path.cc:99) For utterance usctimit_ema_f1_170, best cost 111.041 + 2893.62 = 3004.66 over 459 frames.
usctimit_ema_f1_170 k ao er ay s iy l m ih k s eh t ih k aw m 
LOG (lattice-best-path[5.5.141~1-40a9d]:main():lattice-best-path.cc:99) For utterance usctimit_ema_f1_198, best cost 69.3576 + 2201.74 = 2271.1 over 368 frames.
usctimit_ema_f1_198 ah p er n ay ih r k er z 
LOG (lattice-best-path[5.5.141~1-40a9d]:main():lattice-best-path.cc:99) For utterance usctimit_ema_f1_209, best cost 58.1968 + 2079.81 = 2138.01 over 339 frames.
usctimit_ema_f1_209 iy ih ng r p l n ae 
LOG (lattice-best-path[5.5.141~1-40a9d]:main():lattice-best-path.cc:99) For utterance usctimit_ema_f1_213, best cost 90.3199 + 2288.7 = 2379.02 over 358 frames.
usctimit_ema_f1_213 ay m ay z aa k aw t ay iy n s iy 
LOG (lattice-best-path[5.5.141~1-40a9d]:main():lattice-best-path.cc:99) For utterance usctimit_ema_f1_227, best cost 73.4425 + 2394.53 = 2467.97 over 386 frames.
usctimit_ema_f1_227 ay iy ng iy l er uw ey l er 
LOG (lattice-best-path[5.5.141~1-40a9d]:main():lattice-best-path.cc:99) For utterance usctimit_ema_f1_236, best cost 101.65 + 2251.28 = 2352.93 over 358 frames.
usctimit_ema_f1_236 aw oy l iy t uw ih s ae l t eh s ah ng 
LOG (lattice-best-path[5.5.141~1-40a9d]:main():lattice-best-path.cc:99) For utterance usctimit_ema_f1_239, best cost 93.4781 + 2513.8 = 2607.28 over 412 frames.
usctimit_ema_f1_239 w t aa iy s ah ch aa n iy z ng iy sil 
LOG (lattice-best-path[5.5.141~1-40a9d]:main():lattice-best-path.cc:99) For utterance usctimit_ema_f1_242, best cost 97.0318 + 2230.89 = 2327.92 over 356 frames.
usctimit_ema_f1_242 d ey t ih k r l f aa m ih s ao l s 
LOG (lattice-best-path[5.5.141~1-40a9d]:main():lattice-best-path.cc:99) For utterance usctimit_ema_f1_244, best cost 111.161 + 2507.73 = 2618.89 over 398 frames.
usctimit_ema_f1_244 iy eh k aa d k aa ow r d f aw r b eh n z 
LOG (lattice-best-path[5.5.141~1-40a9d]:main():lattice-best-path.cc:99) For utterance usctimit_ema_f1_250, best cost 74.3398 + 2056.36 = 2130.7 over 346 frames.
usctimit_ema_f1_250 dh m eh s r s ae sh aa s iy 
LOG (lattice-best-path[5.5.141~1-40a9d]:main():lattice-best-path.cc:99) For utterance usctimit_ema_f1_252, best cost 145.289 + 3523.26 = 3668.54 over 550 frames.
usctimit_ema_f1_252 aa s ah b ah iy t ah ao k ah ah t r ih sh n z ae w er d iy 
LOG (lattice-best-path[5.5.141~1-40a9d]:main():lattice-best-path.cc:99) For utterance usctimit_ema_f1_255, best cost 111.983 + 2716.24 = 2828.22 over 428 frames.
usctimit_ema_f1_255 dh t ih f er f r ae t aa m ay n t ih f aa 
LOG (lattice-best-path[5.5.141~1-40a9d]:main():lattice-best-path.cc:99) For utterance usctimit_ema_f1_262, best cost 144.046 + 3690.04 = 3834.09 over 572 frames.
usctimit_ema_f1_262 ih s r sh r z r t ih k ow iy f er m ih f er eh t ay er 
LOG (lattice-best-path[5.5.141~1-40a9d]:main():lattice-best-path.cc:99) For utterance usctimit_ema_f1_286, best cost 95.5192 + 1915.87 = 2011.39 over 302 frames.
usctimit_ema_f1_286 eh t ah ch ey z z k ae s er s l s ah 
LOG (lattice-best-path[5.5.141~1-40a9d]:main():lattice-best-path.cc:99) For utterance usctimit_ema_f1_297, best cost 114.424 + 3563.62 = 3678.04 over 592 frames.
usctimit_ema_f1_297 r iy n t aa n ch ah s ao t r t n z iy f n 
LOG (lattice-best-path[5.5.141~1-40a9d]:main():lattice-best-path.cc:99) For utterance usctimit_ema_f1_299, best cost 127.779 + 3063.26 = 3191.04 over 491 frames.
usctimit_ema_f1_299 ae dh n ah m er t iy z ah z s oy s aa s ay y ae n 
LOG (lattice-best-path[5.5.141~1-40a9d]:main():lattice-best-path.cc:99) For utterance usctimit_ema_f1_302, best cost 121.321 + 3582.49 = 3703.81 over 573 frames.
usctimit_ema_f1_302 ih d ah l ah ae ah s iy n aa t ah f iy sh l ah z 
LOG (lattice-best-path[5.5.141~1-40a9d]:main():lattice-best-path.cc:99) For utterance usctimit_ema_f1_311, best cost 132.591 + 3214.55 = 3347.15 over 495 frames.
usctimit_ema_f1_311 r iy ch ae v z jh ah s ah t uw b ay z ih g r ah er 
LOG (lattice-best-path[5.5.141~1-40a9d]:main():lattice-best-path.cc:99) For utterance usctimit_ema_f1_317, best cost 156.835 + 4195.99 = 4352.83 over 679 frames.
usctimit_ema_f1_317 ah n iy aa iy t ay k ah s w er sh n aa p ow k iy ae n s uw n er 
LOG (lattice-best-path[5.5.141~1-40a9d]:main():lattice-best-path.cc:99) For utterance usctimit_ema_f1_320, best cost 103.865 + 2845.61 = 2949.48 over 454 frames.
usctimit_ema_f1_320 ah k ae s er l n d er d sh l ih ch ah ch 
LOG (lattice-best-path[5.5.141~1-40a9d]:main():lattice-best-path.cc:99) For utterance usctimit_ema_f1_323, best cost 110.435 + 2811.33 = 2921.77 over 450 frames.
usctimit_ema_f1_323 ae n s oy sh n ay ch er k oy z ae k ah z 
LOG (lattice-best-path[5.5.141~1-40a9d]:main():lattice-best-path.cc:99) For utterance usctimit_ema_f1_325, best cost 104.38 + 2514.7 = 2619.08 over 400 frames.
usctimit_ema_f1_325 t ao sh ah l ah m aa jh z ey t ay m iy z 
LOG (lattice-best-path[5.5.141~1-40a9d]:main():lattice-best-path.cc:99) For utterance usctimit_ema_f1_342, best cost 99.9669 + 2891.04 = 2991.01 over 452 frames.
usctimit_ema_f1_342 jh oy z er t eh t r f r l ah s ih n 
LOG (lattice-best-path[5.5.141~1-40a9d]:main():lattice-best-path.cc:99) For utterance usctimit_ema_f1_346, best cost 87.4656 + 2087.61 = 2175.08 over 328 frames.
usctimit_ema_f1_346 w ao k ah m ng s uw z iy ch iy er 
LOG (lattice-best-path[5.5.141~1-40a9d]:main():lattice-best-path.cc:99) For utterance usctimit_ema_f1_347, best cost 121.196 + 2842.1 = 2963.3 over 452 frames.
usctimit_ema_f1_347 r jh ah p er n ay d eh f iy jh ih g ae sh ah jh 
LOG (lattice-best-path[5.5.141~1-40a9d]:main():lattice-best-path.cc:99) For utterance usctimit_ema_f1_356, best cost 78.3898 + 1941.84 = 2020.23 over 302 frames.
usctimit_ema_f1_356 dh l ay k l m ae ch aw er z 
LOG (lattice-best-path[5.5.141~1-40a9d]:main():lattice-best-path.cc:99) For utterance usctimit_ema_f1_360, best cost 142.612 + 3008.17 = 3150.78 over 462 frames.
usctimit_ema_f1_360 ih t ih s iy s l iy f ay d iy n s er dh z ah s m l iy sil 
LOG (lattice-best-path[5.5.141~1-40a9d]:main():lattice-best-path.cc:99) For utterance usctimit_ema_f1_362, best cost 85.9763 + 2587.35 = 2673.32 over 430 frames.
usctimit_ema_f1_362 ey s ih ng ah er ao l r n t iy er 
LOG (lattice-best-path[5.5.141~1-40a9d]:main():lattice-best-path.cc:99) For utterance usctimit_ema_f1_364, best cost 146.482 + 2891.51 = 3037.99 over 457 frames.
usctimit_ema_f1_364 ih t ae s ah t ae b er d ae n k aa z ih k ae t ae dh t ae n 
LOG (lattice-best-path[5.5.141~1-40a9d]:main():lattice-best-path.cc:99) For utterance usctimit_ema_f1_368, best cost 90.6959 + 2803.16 = 2893.86 over 450 frames.
usctimit_ema_f1_368 r z uw ae n ah t n ih sh ae m ch 
LOG (lattice-best-path[5.5.141~1-40a9d]:main():lattice-best-path.cc:99) For utterance usctimit_ema_f1_382, best cost 142.957 + 3611.45 = 3754.4 over 595 frames.
usctimit_ema_f1_382 s ae sh l iy k l t n eh k ae s ah iy l d n ch ah p ah ng 
LOG (lattice-best-path[5.5.141~1-40a9d]:main():lattice-best-path.cc:99) For utterance usctimit_ema_f1_394, best cost 142.744 + 3388.41 = 3531.15 over 548 frames.
usctimit_ema_f1_394 iy z ih r s ah p w iy s ih n t f ay k l s m ay er z z 
LOG (lattice-best-path[5.5.141~1-40a9d]:main():lattice-best-path.cc:99) For utterance usctimit_ema_f1_397, best cost 147.616 + 3146.72 = 3294.33 over 501 frames.
usctimit_ema_f1_397 sil t ah r n aw s ay s k aa f n s aa f er f n g ae ae ah 
LOG (lattice-best-path[5.5.141~1-40a9d]:main():lattice-best-path.cc:99) For utterance usctimit_ema_f1_402, best cost 86.2229 + 2440.02 = 2526.24 over 401 frames.
usctimit_ema_f1_402 r s ih t ae t ih f r n ch iy z 
LOG (lattice-best-path[5.5.141~1-40a9d]:main():lattice-best-path.cc:99) For utterance usctimit_ema_f1_405, best cost 108.313 + 3180.86 = 3289.18 over 510 frames.
usctimit_ema_f1_405 w ey ah s er iy s ae k oy z n r ng r ae 
LOG (lattice-best-path[5.5.141~1-40a9d]:main():lattice-best-path.cc:99) For utterance usctimit_ema_f1_451, best cost 136.702 + 2900.49 = 3037.19 over 444 frames.
usctimit_ema_f1_451 ch ow ih n k uw z ih m eh iy f r l t m n s ih n ng 
LOG (lattice-best-path[5.5.141~1-40a9d]:main():lattice-best-path.cc:99) For utterance usctimit_ema_f1_453, best cost 123.195 + 2981.71 = 3104.91 over 476 frames.
usctimit_ema_f1_453 l n er z k r ng iy n z ih ng v ah ch ah p er n 
LOG (lattice-best-path[5.5.141~1-40a9d]:main():lattice-best-path.cc:99) For utterance usctimit_ema_f1_456, best cost 126.587 + 2753.36 = 2879.95 over 433 frames.
usctimit_ema_f1_456 ah ao s ih d eh t l n p ae t uw ae z k aa r ih m 
LOG (lattice-best-path[5.5.141~1-40a9d]:main():lattice-best-path.cc:99) For utterance usctimit_ema_f1_460, best cost 60.859 + 2062.96 = 2123.82 over 334 frames.
usctimit_ema_f1_460 w ih sh iy ih sh ah z 
LOG (lattice-best-path[5.5.141~1-40a9d]:main():lattice-best-path.cc:99) For utterance usctimit_ema_f5_009, best cost 66.6768 + 2081.13 = 2147.81 over 341 frames.
usctimit_ema_f5_009 y l aw r r l ay 
LOG (lattice-best-path[5.5.141~1-40a9d]:main():lattice-best-path.cc:99) For utterance usctimit_ema_f5_011, best cost 81.8851 + 2025.67 = 2107.56 over 301 frames.
usctimit_ema_f5_011 iy r m ah s ay z uw k ae n 
LOG (lattice-best-path[5.5.141~1-40a9d]:main():lattice-best-path.cc:99) For utterance usctimit_ema_f5_017, best cost 111.699 + 2289.64 = 2401.34 over 328 frames.
usctimit_ema_f5_017 aw m iy hh r m s ih f ao s m ae z w l 
LOG (lattice-best-path[5.5.141~1-40a9d]:main():lattice-best-path.cc:99) For utterance usctimit_ema_f5_019, best cost 97.1563 + 2053.17 = 2150.32 over 308 frames.
usctimit_ema_f5_019 ah f ah l f ah hh l p iy f iy m 
LOG (lattice-best-path[5.5.141~1-40a9d]:main():lattice-best-path.cc:99) For utterance usctimit_ema_f5_066, best cost 72.5115 + 2425.78 = 2498.29 over 335 frames.
usctimit_ema_f5_066 eh g ah s t uw f r iy iy 
LOG (lattice-best-path[5.5.141~1-40a9d]:main():lattice-best-path.cc:99) For utterance usctimit_ema_f5_080, best cost 120.278 + 2860.2 = 2980.48 over 417 frames.
usctimit_ema_f5_080 ih k ah s n ah iy er t aa ih k ah eh p ay l z 
LOG (lattice-best-path[5.5.141~1-40a9d]:main():lattice-best-path.cc:99) For utterance usctimit_ema_f5_081, best cost 139.879 + 2559.23 = 2699.11 over 373 frames.
usctimit_ema_f5_081 ae s k r iy p er iy s t ae s w n z n eh n iy sh n 
LOG (lattice-best-path[5.5.141~1-40a9d]:main():lattice-best-path.cc:99) For utterance usctimit_ema_f5_090, best cost 79.5599 + 2597.28 = 2676.84 over 385 frames.
usctimit_ema_f5_090 ah d iy d l iy f ay l z 
LOG (lattice-best-path[5.5.141~1-40a9d]:main():lattice-best-path.cc:99) For utterance usctimit_ema_f5_143, best cost 100.202 + 3013.99 = 3114.19 over 473 frames.
usctimit_ema_f5_143 s ao f r z ey sh ah s ih s n sh ah 
LOG (lattice-best-path[5.5.141~1-40a9d]:main():lattice-best-path.cc:99) For utterance usctimit_ema_f5_144, best cost 147.043 + 3897.55 = 4044.59 over 594 frames.
usctimit_ema_f5_144 eh s k ao t z iy er n uw b ow t hh aa iy aa iy z 
LOG (lattice-best-path[5.5.141~1-40a9d]:main():lattice-best-path.cc:99) For utterance usctimit_ema_f5_162, best cost 130.661 + 3070.49 = 3201.15 over 483 frames.
usctimit_ema_f5_162 ah s ao k aa jh z n aw k oy jh k ey sh n l 
LOG (lattice-best-path[5.5.141~1-40a9d]:main():lattice-best-path.cc:99) For utterance usctimit_ema_f5_163, best cost 144.956 + 3455.58 = 3600.54 over 532 frames.
usctimit_ema_f5_163 r ch ah k r z aa ah hh iy z jh ae w z ah m z f r iy 
LOG (lattice-best-path[5.5.141~1-40a9d]:main():lattice-best-path.cc:99) For utterance usctimit_ema_f5_164, best cost 93.4461 + 2551.37 = 2644.81 over 405 frames.
usctimit_ema_f5_164 sil t ih k uw z t aw dh t uw d 
LOG (lattice-best-path[5.5.141~1-40a9d]:main():lattice-best-path.cc:99) For utterance usctimit_ema_f5_174, best cost 102.964 + 2499.74 = 2602.7 over 386 frames.
usctimit_ema_f5_174 t aa hh ae t r f ae sh n z y er 
LOG (lattice-best-path[5.5.141~1-40a9d]:main():lattice-best-path.cc:99) For utterance usctimit_ema_f5_197, best cost 67.3807 + 2538.06 = 2605.44 over 400 frames.
usctimit_ema_f5_197 m l p ah p w ah k 
LOG (lattice-best-path[5.5.141~1-40a9d]:main():lattice-best-path.cc:99) For utterance usctimit_ema_f5_208, best cost 77.6935 + 2340.24 = 2417.94 over 373 frames.
usctimit_ema_f5_208 iy p oy ah r l t iy sh n 
LOG (lattice-best-path[5.5.141~1-40a9d]:main():lattice-best-path.cc:99) For utterance usctimit_ema_f5_233, best cost 184.614 + 4363.14 = 4547.75 over 648 frames.
usctimit_ema_f5_233 f er n iy ey b l iy sil er t l aw ay d ae k l t n s eh t f iy iy 
LOG (lattice-best-path[5.5.141~1-40a9d]:main():lattice-best-path.cc:99) For utterance usctimit_ema_f5_243, best cost 107.144 + 2354.1 = 2461.24 over 363 frames.
usctimit_ema_f5_243 aa hh l d ey p r n d iy l b l t ah z 
LOG (lattice-best-path[5.5.141~1-40a9d]:main():lattice-best-path.cc:99) For utterance usctimit_ema_f5_244, best cost 105.23 + 2691.67 = 2796.9 over 412 frames.
usctimit_ema_f5_244 iy k ah f ah d p aw ah f aa b eh d s 
LOG (lattice-best-path[5.5.141~1-40a9d]:main():lattice-best-path.cc:99) For utterance usctimit_ema_f5_272, best cost 124.487 + 2392.39 = 2516.88 over 364 frames.
usctimit_ema_f5_272 t ow f l z m ey t r p ao s ah s oy b iy z 
LOG (lattice-best-path[5.5.141~1-40a9d]:main():lattice-best-path.cc:99) For utterance usctimit_ema_f5_281, best cost 177.74 + 3836.63 = 4014.38 over 565 frames.
usctimit_ema_f5_281 ay d ay r z ih s ah p l d iy w n f ao m ih k er k r k ah s ah 
LOG (lattice-best-path[5.5.141~1-40a9d]:main():lattice-best-path.cc:99) For utterance usctimit_ema_f5_304, best cost 179.038 + 4381.32 = 4560.36 over 667 frames.
usctimit_ema_f5_304 s aa p ay t iy n r g l d ah ao k ih z k oy n ae sh l f ao r z 
LOG (lattice-best-path[5.5.141~1-40a9d]:main():lattice-best-path.cc:99) For utterance usctimit_ema_f5_307, best cost 117.896 + 2671.27 = 2789.17 over 418 frames.
usctimit_ema_f5_307 d ch ah k ah t eh b ih g z p aw hh l p 
LOG (lattice-best-path[5.5.141~1-40a9d]:main():lattice-best-path.cc:99) For utterance usctimit_ema_f5_329, best cost 141.69 + 3281.71 = 3423.4 over 535 frames.
usctimit_ema_f5_329 ih k aw w n er f r m f er m ay dh ih k iy m ao s 
LOG (lattice-best-path[5.5.141~1-40a9d]:main():lattice-best-path.cc:99) For utterance usctimit_ema_f5_330, best cost 206.275 + 4205.97 = 4412.25 over 611 frames.
usctimit_ema_f5_330 sil iy t ah t ay m iy d ah ao s k l n s ay ih b dh b r k ae n z iy s z d m p r 
LOG (lattice-best-path[5.5.141~1-40a9d]:main():lattice-best-path.cc:99) For utterance usctimit_ema_f5_334, best cost 163.295 + 3498.52 = 3661.82 over 536 frames.
usctimit_ema_f5_334 oy z k aa s t iy m iy b l ae k l s t iy k t iy l d eh t 
LOG (lattice-best-path[5.5.141~1-40a9d]:main():lattice-best-path.cc:99) For utterance usctimit_ema_f5_336, best cost 122.245 + 2593.15 = 2715.4 over 396 frames.
usctimit_ema_f5_336 ae n oy s p aa m r z m ao n oy iy ch t ey 
LOG (lattice-best-path[5.5.141~1-40a9d]:main():lattice-best-path.cc:99) For utterance usctimit_ema_f5_343, best cost 139.459 + 3205.34 = 3344.8 over 506 frames.
usctimit_ema_f5_343 ah jh s ah jh eh n n uw r k y l jh k ah m iy z iy m 
LOG (lattice-best-path[5.5.141~1-40a9d]:main():lattice-best-path.cc:99) For utterance usctimit_ema_f5_348, best cost 126.943 + 2911.12 = 3038.07 over 455 frames.
usctimit_ema_f5_348 ah k er ih k ih sh eh p uw er ao iy jh ah b ah d 
LOG (lattice-best-path[5.5.141~1-40a9d]:main():lattice-best-path.cc:99) For utterance usctimit_ema_f5_349, best cost 95.9302 + 2504.79 = 2600.72 over 405 frames.
usctimit_ema_f5_349 sil iy sh ao n s k r f jh oy z 
LOG (lattice-best-path[5.5.141~1-40a9d]:main():lattice-best-path.cc:99) For utterance usctimit_ema_f5_354, best cost 150.81 + 4392.31 = 4543.12 over 679 frames.
usctimit_ema_f5_354 w eh r dh g r m t p r sh r ay z ah z sil l n 
LOG (lattice-best-path[5.5.141~1-40a9d]:main():lattice-best-path.cc:99) For utterance usctimit_ema_f5_356, best cost 49.2327 + 1578.1 = 1627.34 over 219 frames.
usctimit_ema_f5_356 iy l ah iy l 
LOG (lattice-best-path[5.5.141~1-40a9d]:main():lattice-best-path.cc:99) For utterance usctimit_ema_f5_369, best cost 132.009 + 3431.82 = 3563.83 over 537 frames.
usctimit_ema_f5_369 sil er s ih jh ay ae t ao s ih s er ih t aa p ae 
LOG (lattice-best-path[5.5.141~1-40a9d]:main():lattice-best-path.cc:99) For utterance usctimit_ema_f5_375, best cost 120.835 + 2875.87 = 2996.7 over 435 frames.
usctimit_ema_f5_375 ay er sh eh t er z iy ch r s p er ch r b r 
LOG (lattice-best-path[5.5.141~1-40a9d]:main():lattice-best-path.cc:99) For utterance usctimit_ema_f5_389, best cost 151.559 + 3735.24 = 3886.8 over 553 frames.
usctimit_ema_f5_389 t er k n iy n jh r k t ey z b iy jh s iy p iy t z 
LOG (lattice-best-path[5.5.141~1-40a9d]:main():lattice-best-path.cc:99) For utterance usctimit_ema_f5_392, best cost 138.388 + 3713.48 = 3851.87 over 574 frames.
usctimit_ema_f5_392 er ch ih n ae s d n k aa ow m z ih s ah sh uw z 
LOG (lattice-best-path[5.5.141~1-40a9d]:main():lattice-best-path.cc:99) For utterance usctimit_ema_f5_396, best cost 169.606 + 3565.7 = 3735.3 over 518 frames.
usctimit_ema_f5_396 iy ae t ay z ih ng b er s t ah r ay iy s r n eh b er ch ey n d z 
LOG (lattice-best-path[5.5.141~1-40a9d]:main():lattice-best-path.cc:99) For utterance usctimit_ema_f5_406, best cost 135.516 + 3389.62 = 3525.14 over 512 frames.
usctimit_ema_f5_406 ow f ao s ih l iy v ow b ah t eh ch aw m z iy z 
LOG (lattice-best-path[5.5.141~1-40a9d]:main():lattice-best-path.cc:99) For utterance usctimit_ema_f5_424, best cost 75.1225 + 2330.84 = 2405.96 over 379 frames.
usctimit_ema_f5_424 iy p iy k l d iy hh n d 
LOG (lattice-best-path[5.5.141~1-40a9d]:main():lattice-best-path.cc:99) For utterance usctimit_ema_f5_426, best cost 86.9253 + 2407.78 = 2494.7 over 335 frames.
usctimit_ema_f5_426 iy z iy ah z ah l jh z iy iy ah 
LOG (lattice-best-path[5.5.141~1-40a9d]:main():lattice-best-path.cc:99) For utterance usctimit_ema_f5_431, best cost 122.219 + 2834.62 = 2956.83 over 427 frames.
usctimit_ema_f5_431 aa p aa f ao v z ey sh z f iy r z er z 
LOG (lattice-best-path[5.5.141~1-40a9d]:main():lattice-best-path.cc:99) For utterance usctimit_ema_f5_436, best cost 123.353 + 2712.62 = 2835.97 over 405 frames.
usctimit_ema_f5_436 hh r s er th ey f r k l iy k er z ah ng 
LOG (lattice-best-path[5.5.141~1-40a9d]:main():lattice-best-path.cc:99) For utterance usctimit_ema_f5_438, best cost 151.314 + 3311.71 = 3463.02 over 498 frames.
usctimit_ema_f5_438 iy p ay ao t ao ey m ao l ih t k g iy s iy ch r g sh n 
LOG (lattice-best-path[5.5.141~1-40a9d]:main():lattice-best-path.cc:99) For utterance usctimit_ema_f5_447, best cost 150.214 + 3521.15 = 3671.37 over 536 frames.
usctimit_ema_f5_447 r n z iy n ah er k s ay n dh ay s t iy n s ow r k 
LOG (lattice-best-path[5.5.141~1-40a9d]:main():lattice-best-path.cc:99) For utterance usctimit_ema_f5_451, best cost 162.43 + 3703.15 = 3865.58 over 533 frames.
usctimit_ema_f5_451 t ah r ch l ah f ah s ih m n iy f er r l t m n s ah ng 
LOG (lattice-best-path[5.5.141~1-40a9d]:main():lattice-best-path.cc:99) For utterance usctimit_ema_m1_006, best cost 99.313 + 2461.81 = 2561.13 over 381 frames.
usctimit_ema_m1_006 l y l w r iy f r s l iy ay t m z 
LOG (lattice-best-path[5.5.141~1-40a9d]:main():lattice-best-path.cc:99) For utterance usctimit_ema_m1_010, best cost 62.3999 + 1880.36 = 1942.76 over 306 frames.
usctimit_ema_m1_010 w l ih w r iy l l iy 
LOG (lattice-best-path[5.5.141~1-40a9d]:main():lattice-best-path.cc:99) For utterance usctimit_ema_m1_012, best cost 122.199 + 2956.55 = 3078.75 over 456 frames.
usctimit_ema_m1_012 ao f er z ih ih s ae m r y uw v r f ao m ow 
LOG (lattice-best-path[5.5.141~1-40a9d]:main():lattice-best-path.cc:99) For utterance usctimit_ema_m1_051, best cost 135.469 + 2789.14 = 2924.61 over 421 frames.
usctimit_ema_m1_051 ih k aa k r iy sh ah l iy k r iy l iy p r sh y ey d 
LOG (lattice-best-path[5.5.141~1-40a9d]:main():lattice-best-path.cc:99) For utterance usctimit_ema_m1_090, best cost 113.649 + 2329.58 = 2443.23 over 356 frames.
usctimit_ema_m1_090 sil y m s ih s l s ah l iy dh l iy f ay l z 
LOG (lattice-best-path[5.5.141~1-40a9d]:main():lattice-best-path.cc:99) For utterance usctimit_ema_m1_095, best cost 125.93 + 2732.37 = 2858.3 over 420 frames.
usctimit_ema_m1_095 sil ih b eh s w ey t l r s s l t er p r l l z 
LOG (lattice-best-path[5.5.141~1-40a9d]:main():lattice-best-path.cc:99) For utterance usctimit_ema_m1_098, best cost 105.766 + 2645.58 = 2751.34 over 421 frames.
usctimit_ema_m1_098 ah m s y l er ae n z k ih f r b ae k 
LOG (lattice-best-path[5.5.141~1-40a9d]:main():lattice-best-path.cc:99) For utterance usctimit_ema_m1_099, best cost 137.198 + 3063.8 = 3201 over 495 frames.
usctimit_ema_m1_099 ih k aa t uw f iy ch er z ah m aa s r ae k ah t ae p l 
LOG (lattice-best-path[5.5.141~1-40a9d]:main():lattice-best-path.cc:99) For utterance usctimit_ema_m1_137, best cost 146.835 + 3233.09 = 3379.93 over 499 frames.
usctimit_ema_m1_137 k l s ih k ae t uw z jh ow jh b ay s ae r ay s t ae s 
LOG (lattice-best-path[5.5.141~1-40a9d]:main():lattice-best-path.cc:99) For utterance usctimit_ema_m1_139, best cost 135.555 + 3510.22 = 3645.77 over 571 frames.
usctimit_ema_m1_139 w r k n t ey t m ah ch k ao r iy n s aw n z ay z 
LOG (lattice-best-path[5.5.141~1-40a9d]:main():lattice-best-path.cc:99) For utterance usctimit_ema_m1_145, best cost 188.453 + 3563.21 = 3751.67 over 546 frames.
usctimit_ema_m1_145 sil eh jh p r k aa sh ah n iy l z b ay b ah m p aw er f er dh zh t ow k l 
LOG (lattice-best-path[5.5.141~1-40a9d]:main():lattice-best-path.cc:99) For utterance usctimit_ema_m1_158, best cost 163.336 + 3648.28 = 3811.61 over 573 frames.
usctimit_ema_m1_158 ay ng f er b r hh ao er f r k ao r z t w sh n eh t r t iy z 
LOG (lattice-best-path[5.5.141~1-40a9d]:main():lattice-best-path.cc:99) For utterance usctimit_ema_m1_160, best cost 178.213 + 3326.43 = 3504.65 over 512 frames.
usctimit_ema_m1_160 sil ch iy k er jh t r ch ow d n t m ey k er ow hh l ng k aa s jh n z 
LOG (lattice-best-path[5.5.141~1-40a9d]:main():lattice-best-path.cc:99) For utterance usctimit_ema_m1_162, best cost 136.355 + 3144.99 = 3281.35 over 506 frames.
usctimit_ema_m1_162 l m ao s t l k l jh ah z aa n aw k l ch ey sh ah l 
LOG (lattice-best-path[5.5.141~1-40a9d]:main():lattice-best-path.cc:99) For utterance usctimit_ema_m1_164, best cost 70.1978 + 2534.19 = 2604.39 over 407 frames.
usctimit_ema_m1_164 sil k uw z ow dh t uw sil 
LOG (lattice-best-path[5.5.141~1-40a9d]:main():lattice-best-path.cc:99) For utterance usctimit_ema_m1_166, best cost 94.3771 + 2298.33 = 2392.71 over 380 frames.
usctimit_ema_m1_166 dh k ae s m iy l z hh er w iy er z 
LOG (lattice-best-path[5.5.141~1-40a9d]:main():lattice-best-path.cc:99) For utterance usctimit_ema_m1_169, best cost 88.0815 + 2065.81 = 2153.89 over 346 frames.
usctimit_ema_m1_169 sil ih aa f r g ow aa n iy k ih ng 
LOG (lattice-best-path[5.5.141~1-40a9d]:main():lattice-best-path.cc:99) For utterance usctimit_ema_m1_179, best cost 96.876 + 2248.39 = 2345.26 over 365 frames.
usctimit_ema_m1_179 sil k aa iy ch r f ah n uw ae k s ah z 
LOG (lattice-best-path[5.5.141~1-40a9d]:main():lattice-best-path.cc:99) For utterance usctimit_ema_m1_183, best cost 129.859 + 3321.77 = 3451.63 over 544 frames.
usctimit_ema_m1_183 r p r ch er t er v iy w s ae ch uw s k p ow z er 
LOG (lattice-best-path[5.5.141~1-40a9d]:main():lattice-best-path.cc:99) For utterance usctimit_ema_m1_193, best cost 163.22 + 3400.29 = 3563.51 over 545 frames.
usctimit_ema_m1_193 ay g ey v n s er r ch oy z z m l p ah n t ae p p ay ao er z 
LOG (lattice-best-path[5.5.141~1-40a9d]:main():lattice-best-path.cc:99) For utterance usctimit_ema_m1_204, best cost 65.8859 + 2065.6 = 2131.48 over 353 frames.
usctimit_ema_m1_204 hh aa g ih jh er d er z 
LOG (lattice-best-path[5.5.141~1-40a9d]:main():lattice-best-path.cc:99) For utterance usctimit_ema_m1_209, best cost 77.2297 + 2079.53 = 2156.76 over 352 frames.
usctimit_ema_m1_209 sil l uw l th n f er p oy n 
LOG (lattice-best-path[5.5.141~1-40a9d]:main():lattice-best-path.cc:99) For utterance usctimit_ema_m1_224, best cost 106.018 + 2511.1 = 2617.12 over 406 frames.
usctimit_ema_m1_224 ay ey dh v r oy s t r n ao z p l iy sil 
LOG (lattice-best-path[5.5.141~1-40a9d]:main():lattice-best-path.cc:99) For utterance usctimit_ema_m1_229, best cost 117.687 + 2473.05 = 2590.73 over 395 frames.
usctimit_ema_m1_229 m ay d iy w ih ng iy g n f ah hh aa k aa f iy 
LOG (lattice-best-path[5.5.141~1-40a9d]:main():lattice-best-path.cc:99) For utterance usctimit_ema_m1_237, best cost 120.671 + 2898.91 = 3019.58 over 450 frames.
usctimit_ema_m1_237 w iy s aa iy t ay n iy ay s k l z b l ow f sil 
LOG (lattice-best-path[5.5.141~1-40a9d]:main():lattice-best-path.cc:99) For utterance usctimit_ema_m1_265, best cost 140.566 + 3018.84 = 3159.41 over 470 frames.
usctimit_ema_m1_265 p iy t ey p ih s d er iy t ih b k ao s ah k n s ao n iy 
LOG (lattice-best-path[5.5.141~1-40a9d]:main():lattice-best-path.cc:99) For utterance usctimit_ema_m1_269, best cost 133.608 + 2966.88 = 3100.48 over 491 frames.
usctimit_ema_m1_269 ay b r m ah p ay dh ow sh uw z ih b iy uw r ch er jh 
LOG (lattice-best-path[5.5.141~1-40a9d]:main():lattice-best-path.cc:99) For utterance usctimit_ema_m1_277, best cost 95.4711 + 2007.92 = 2103.39 over 337 frames.
usctimit_ema_m1_277 sil ih m iy d ng dh z m aw jh er n z 
LOG (lattice-best-path[5.5.141~1-40a9d]:main():lattice-best-path.cc:99) For utterance usctimit_ema_m1_302, best cost 211.733 + 4599.22 = 4810.95 over 706 frames.
usctimit_ema_m1_302 l ah n ah t ow l dh ey l ah p uw n z t iy k aa n aa s uw b l f r iy sh ow f ah sh 
LOG (lattice-best-path[5.5.141~1-40a9d]:main():lattice-best-path.cc:99) For utterance usctimit_ema_m1_303, best cost 104.806 + 2531.81 = 2636.62 over 415 frames.
usctimit_ema_m1_303 sil aa f n iy g ih p ae k ao n iy p ih n 
LOG (lattice-best-path[5.5.141~1-40a9d]:main():lattice-best-path.cc:99) For utterance usctimit_ema_m1_317, best cost 186.654 + 4484.94 = 4671.59 over 731 frames.
usctimit_ema_m1_317 sil ah iy w l f iy t ay k uw s w er sh ah b aa p ow th iy aa ae n s k uw er 
LOG (lattice-best-path[5.5.141~1-40a9d]:main():lattice-best-path.cc:99) For utterance usctimit_ema_m1_320, best cost 135.733 + 2891.46 = 3027.19 over 468 frames.
usctimit_ema_m1_320 ih k aa s ao er w l n jh oy dh sh ow f ih sh d ih sh 
LOG (lattice-best-path[5.5.141~1-40a9d]:main():lattice-best-path.cc:99) For utterance usctimit_ema_m1_322, best cost 114.25 + 2551.98 = 2666.23 over 422 frames.
usctimit_ema_m1_322 sil l f n z ah r t l jh m er iy n ae m l z 
LOG (lattice-best-path[5.5.141~1-40a9d]:main():lattice-best-path.cc:99) For utterance usctimit_ema_m1_336, best cost 150.877 + 3031.68 = 3182.55 over 475 frames.
usctimit_ema_m1_336 sil eh n oy s p ow m g ow z r ow z m ao n oy ng iy jh ey 
LOG (lattice-best-path[5.5.141~1-40a9d]:main():lattice-best-path.cc:99) For utterance usctimit_ema_m1_338, best cost 121.08 + 3142.5 = 3263.58 over 511 frames.
usctimit_ema_m1_338 eh t ay r m ih k s ah z l iy f er m ao s ah iy 
LOG (lattice-best-path[5.5.141~1-40a9d]:main():lattice-best-path.cc:99) For utterance usctimit_ema_m1_340, best cost 103.737 + 1998.58 = 2102.32 over 316 frames.
usctimit_ema_m1_340 sil jh ow k r ng sh ow v ah f ao l ih d 
LOG (lattice-best-path[5.5.141~1-40a9d]:main():lattice-best-path.cc:99) For utterance usctimit_ema_m1_344, best cost 135.565 + 2709.84 = 2845.4 over 454 frames.
usctimit_ema_m1_344 sil p ae m k iy z r ay v ng l s ah z ah p er z ey z 
LOG (lattice-best-path[5.5.141~1-40a9d]:main():lattice-best-path.cc:99) For utterance usctimit_ema_m1_347, best cost 134.86 + 3010.91 = 3145.77 over 467 frames.
usctimit_ema_m1_347 r z p r w ih b aa p ah f uw sh er g ae sh er ih jh 
LOG (lattice-best-path[5.5.141~1-40a9d]:main():lattice-best-path.cc:99) For utterance usctimit_ema_m1_350, best cost 109.452 + 2140.63 = 2250.08 over 337 frames.
usctimit_ema_m1_350 sil sh ow er f l s z ih v w b r p ah n 
LOG (lattice-best-path[5.5.141~1-40a9d]:main():lattice-best-path.cc:99) For utterance usctimit_ema_m1_360, best cost 178.678 + 3309.63 = 3488.31 over 500 frames.
usctimit_ema_m1_360 dh f ih sh iy ae z l iy f r t ih k l iy l s er f ih s ah dh s m l ey k 
LOG (lattice-best-path[5.5.141~1-40a9d]:main():lattice-best-path.cc:99) For utterance usctimit_ema_m1_361, best cost 129.781 + 2450.22 = 2580 over 383 frames.
usctimit_ema_m1_361 t ih n t ey sh iy l th ih s iy m uw iy s w s w iy k 
LOG (lattice-best-path[5.5.141~1-40a9d]:main():lattice-best-path.cc:99) For utterance usctimit_ema_m1_367, best cost 126.503 + 2992.8 = 3119.31 over 492 frames.
usctimit_ema_m1_367 sil aa b er p ey p er n iy s ah b iy b ow f ay er 
LOG (lattice-best-path[5.5.141~1-40a9d]:main():lattice-best-path.cc:99) For utterance usctimit_ema_m1_368, best cost 111.843 + 2966.45 = 3078.29 over 474 frames.
usctimit_ema_m1_368 sil k r sh g ah v l t ah f ih sh ah l jh 
LOG (lattice-best-path[5.5.141~1-40a9d]:main():lattice-best-path.cc:99) For utterance usctimit_ema_m1_375, best cost 137.839 + 2968.76 = 3106.6 over 464 frames.
usctimit_ema_m1_375 ay r sh ow s er z iy f r sh t ah p er s er b r k ah z 
LOG (lattice-best-path[5.5.141~1-40a9d]:main():lattice-best-path.cc:99) For utterance usctimit_ema_m1_394, best cost 150.784 + 3472.11 = 3622.89 over 547 frames.
usctimit_ema_m1_394 sil iy z ah g r s ah p l iy s n t f ay k aa w s m ow er z 
LOG (lattice-best-path[5.5.141~1-40a9d]:main():lattice-best-path.cc:99) For utterance usctimit_ema_m1_400, best cost 128.745 + 2470.32 = 2599.06 over 382 frames.
usctimit_ema_m1_400 sil w r z ih s l r ch ey ng ay v iy aa r ng ao er 
LOG (lattice-best-path[5.5.141~1-40a9d]:main():lattice-best-path.cc:99) For utterance usctimit_ema_m1_432, best cost 52.3285 + 1708.93 = 1761.26 over 285 frames.
usctimit_ema_m1_432 l l iy w ey y er 
LOG (lattice-best-path[5.5.141~1-40a9d]:main():lattice-best-path.cc:99) For utterance usctimit_ema_m3_010, best cost 71.2789 + 2042.89 = 2114.16 over 327 frames.
usctimit_ema_m3_010 w er aa w er y l l iy sil 
LOG (lattice-best-path[5.5.141~1-40a9d]:main():lattice-best-path.cc:99) For utterance usctimit_ema_m3_044, best cost 110.034 + 3164.8 = 3274.84 over 472 frames.
usctimit_ema_m3_044 sil l ay k ah iy k ah p aa d ah t r t ah z 
LOG (lattice-best-path[5.5.141~1-40a9d]:main():lattice-best-path.cc:99) For utterance usctimit_ema_m3_068, best cost 98.3738 + 2783.87 = 2882.24 over 441 frames.
usctimit_ema_m3_068 ih t ah aa s l y ow p y aa k r s iy 
LOG (lattice-best-path[5.5.141~1-40a9d]:main():lattice-best-path.cc:99) For utterance usctimit_ema_m3_071, best cost 127.596 + 3020.77 = 3148.37 over 439 frames.
usctimit_ema_m3_071 k aa r sh l ao ah n ih s t ae n iy l iy iy s iy sil 
LOG (lattice-best-path[5.5.141~1-40a9d]:main():lattice-best-path.cc:99) For utterance usctimit_ema_m3_080, best cost 111.51 + 3021.89 = 3133.4 over 411 frames.
usctimit_ema_m3_080 ih ao z ae l iy r t aa p ah k ao t ay l z 
LOG (lattice-best-path[5.5.141~1-40a9d]:main():lattice-best-path.cc:99) For utterance usctimit_ema_m3_101, best cost 87.6294 + 2104.64 = 2192.27 over 307 frames.
usctimit_ema_m3_101 k ae f ah s er w n ao t ey n t 
LOG (lattice-best-path[5.5.141~1-40a9d]:main():lattice-best-path.cc:99) For utterance usctimit_ema_m3_113, best cost 103.721 + 2481.67 = 2585.39 over 382 frames.
usctimit_ema_m3_113 aa t ah f ao m uw iy s ah s ah t ay l z 
LOG (lattice-best-path[5.5.141~1-40a9d]:main():lattice-best-path.cc:99) For utterance usctimit_ema_m3_129, best cost 102.432 + 2660.59 = 2763.02 over 411 frames.
usctimit_ema_m3_129 jh m ay t er ae s iy k n y n t aa l 
LOG (lattice-best-path[5.5.141~1-40a9d]:main():lattice-best-path.cc:99) For utterance usctimit_ema_m3_141, best cost 109.656 + 2415.36 = 2525.01 over 354 frames.
usctimit_ema_m3_141 r m uw d s ah n jh w th t er k iy z ah z 
LOG (lattice-best-path[5.5.141~1-40a9d]:main():lattice-best-path.cc:99) For utterance usctimit_ema_m3_147, best cost 108.859 + 2832.25 = 2941.11 over 438 frames.
usctimit_ema_m3_147 sil er m ey n ay f ao f r n d b ae n z 
LOG (lattice-best-path[5.5.141~1-40a9d]:main():lattice-best-path.cc:99) For utterance usctimit_ema_m3_192, best cost 119.664 + 2852.06 = 2971.73 over 428 frames.
usctimit_ema_m3_192 sil l ih b eh s eh z n jh eh p aa g l er iy sil 
LOG (lattice-best-path[5.5.141~1-40a9d]:main():lattice-best-path.cc:99) For utterance usctimit_ema_m3_203, best cost 117.212 + 2663.51 = 2780.73 over 419 frames.
usctimit_ema_m3_203 ah p ah b ah jh b aa t ey ow m ah g er aw zh 
LOG (lattice-best-path[5.5.141~1-40a9d]:main():lattice-best-path.cc:99) For utterance usctimit_ema_m3_260, best cost 139.825 + 2930.04 = 3069.87 over 446 frames.
usctimit_ema_m3_260 r sh ay z eh k aw m n d r ay n er b r sh ah n ae t ah 
LOG (lattice-best-path[5.5.141~1-40a9d]:main():lattice-best-path.cc:99) For utterance usctimit_ema_m3_267, best cost 127.33 + 3341.06 = 3468.39 over 519 frames.
usctimit_ema_m3_267 ih s k ae k ow s m ao l ae v er ey n iy t iy sil 
LOG (lattice-best-path[5.5.141~1-40a9d]:main():lattice-best-path.cc:99) For utterance usctimit_ema_m3_282, best cost 177.915 + 4350.26 = 4528.17 over 657 frames.
usctimit_ema_m3_282 sil iy ae t ah ow b iy s ey f ao r ah iy ih g ah t er k eh f ih f er s sil 
LOG (lattice-best-path[5.5.141~1-40a9d]:main():lattice-best-path.cc:99) For utterance usctimit_ema_m3_300, best cost 105.565 + 2900.18 = 3005.75 over 450 frames.
usctimit_ema_m3_300 ih b ih g aa l d jh ow y l r ay d l 
LOG (lattice-best-path[5.5.141~1-40a9d]:main():lattice-best-path.cc:99) For utterance usctimit_ema_m3_316, best cost 198.269 + 3842.36 = 4040.63 over 569 frames.
usctimit_ema_m3_316 ih p r s uw er k ah n r oy s uh f y l ih z aa iy m er d z ih k n ih sh n z sil 
LOG (lattice-best-path[5.5.141~1-40a9d]:main():lattice-best-path.cc:99) For utterance usctimit_ema_m3_320, best cost 117.127 + 2925.86 = 3042.99 over 447 frames.
usctimit_ema_m3_320 sil ah k aa s er l d oy sh ow f ih sh ih sh sil 
LOG (lattice-best-path[5.5.141~1-40a9d]:main():lattice-best-path.cc:99) For utterance usctimit_ema_m3_335, best cost 100.485 + 3086.56 = 3187.04 over 449 frames.
usctimit_ema_m3_335 sil aa ih r ow ow r ow ih er n er l z 
LOG (lattice-best-path[5.5.141~1-40a9d]:main():lattice-best-path.cc:99) For utterance usctimit_ema_m3_336, best cost 110.57 + 2528.98 = 2639.55 over 372 frames.
usctimit_ema_m3_336 eh n oy z aa m r z m ao n ow ih iy ch ey 
LOG (lattice-best-path[5.5.141~1-40a9d]:main():lattice-best-path.cc:99) For utterance usctimit_ema_m3_338, best cost 136.052 + 3200.15 = 3336.2 over 500 frames.
usctimit_ema_m3_338 eh d ay r ae m ey s ae n s l ae t r m ah ch ah iy sil 
LOG (lattice-best-path[5.5.141~1-40a9d]:main():lattice-best-path.cc:99) For utterance usctimit_ema_m3_339, best cost 114.76 + 2683.11 = 2797.87 over 423 frames.
usctimit_ema_m3_339 ah b ao r n aa l ah s ah p er s iy iy d l sil 
LOG (lattice-best-path[5.5.141~1-40a9d]:main():lattice-best-path.cc:99) For utterance usctimit_ema_m3_357, best cost 115.653 + 3113.69 = 3229.34 over 462 frames.
usctimit_ema_m3_357 ah m aw s ae r ih k aa s iy l ah s iy er sil 
LOG (lattice-best-path[5.5.141~1-40a9d]:main():lattice-best-path.cc:99) For utterance usctimit_ema_m3_359, best cost 116.294 + 2553.12 = 2669.41 over 389 frames.
usctimit_ema_m3_359 k aw s ih m ey s b ow n z t iy s r l sil 
LOG (lattice-best-path[5.5.141~1-40a9d]:main():lattice-best-path.cc:99) For utterance usctimit_ema_m3_379, best cost 122.556 + 3177.99 = 3300.55 over 477 frames.
usctimit_ema_m3_379 sil ay r s ih s ah z uw z l n s ae s iy r z sil 
LOG (lattice-best-path[5.5.141~1-40a9d]:main():lattice-best-path.cc:99) For utterance usctimit_ema_m3_385, best cost 93.4326 + 2276.44 = 2369.87 over 354 frames.
usctimit_ema_m3_385 eh r k ae m iy jh iy p ey ih aa th ah 
LOG (lattice-best-path[5.5.141~1-40a9d]:main():lattice-best-path.cc:99) For utterance usctimit_ema_m3_390, best cost 133.713 + 2920.62 = 3054.34 over 428 frames.
usctimit_ema_m3_390 iy w ey ch r k ih s ah p oy z ah d eh iy w n s t iy 
LOG (lattice-best-path[5.5.141~1-40a9d]:main():lattice-best-path.cc:99) For utterance usctimit_ema_m3_423, best cost 143.39 + 3338.62 = 3482.01 over 495 frames.
usctimit_ema_m3_423 sil ah k ow s ah f r t ow s er ae t ah sh er sh aa ih f er 
LOG (lattice-best-path[5.5.141~1-40a9d]:main():lattice-best-path.cc:99) For utterance usctimit_ema_m3_434, best cost 58.3537 + 1824.69 = 1883.05 over 285 frames.
usctimit_ema_m3_434 sil r s ay z l er z 
LOG (lattice-best-path[5.5.141~1-40a9d]:main():lattice-best-path.cc:99) For utterance usctimit_ema_m3_438, best cost 147.945 + 3321.38 = 3469.33 over 495 frames.
usctimit_ema_m3_438 iy p ay aa t er aa l ih t ah g p iy s iy t r k n sh n sil 
LOG (lattice-best-path[5.5.141~1-40a9d]:main():lattice-best-path.cc:99) For utterance usctimit_ema_m3_442, best cost 127.028 + 2611.66 = 2738.69 over 404 frames.
usctimit_ema_m3_442 w ih t l iy ch iy s b ah d ih t uw ih s p r iy sil 
LOG (lattice-best-path[5.5.141~1-40a9d]:main():lattice-best-path.cc:99) For utterance usctimit_ema_m3_444, best cost 163.737 + 3984.12 = 4147.85 over 603 frames.
usctimit_ema_m3_444 r ao ey ae g eh ey n uw aa s r d er eh n s r p ay f r z er sil 
LOG (lattice-best-path[5.5.141~1-40a9d]:main():lattice-best-path.cc:99) For utterance usctimit_ema_m3_457, best cost 158.79 + 3648.26 = 3807.05 over 560 frames.
usctimit_ema_m3_457 sil k aa f iy z er ah s iy d ah m l ih s ow s n t ae b r s ah z 
LOG (lattice-best-path[5.5.141~1-40a9d]:main():lattice-best-path.cc:99) For utterance usctimit_ema_m3_458, best cost 144.524 + 3537.3 = 3681.83 over 535 frames.
usctimit_ema_m3_458 sil ae s iy b ey r w s k aa b ay k ay d ey r z ey sh d 
LOG (lattice-scale[5.5.141~1-40a9d]:main():lattice-scale.cc:107) Done 183 lattices.
LOG (lattice-add-penalty[5.5.141~1-40a9d]:main():lattice-add-penalty.cc:62) Done adding word insertion penalty to 183 lattices.
LOG (lattice-best-path[5.5.141~1-40a9d]:main():lattice-best-path.cc:99) For utterance usctimit_ema_m3_460, best cost 83.218 + 3132.16 = 3215.38 over 497 frames.
usctimit_ema_m3_460 sil w ih ch iy er sh ah ih s sil 
LOG (lattice-best-path[5.5.141~1-40a9d]:main():lattice-best-path.cc:124) Overall cost per frame is 6.68605 = 0.266285 [graph] + 6.41976 [acoustic] over 81821 frames.
LOG (lattice-best-path[5.5.141~1-40a9d]:main():lattice-best-path.cc:128) Done 183 lattices, failed for 0
# Accounting: time=21 threads=1
# Ended (code 0) at Mon Dec 24 20:00:37 EET 2018, elapsed time 21 seconds
