# lattice-scale --inv-acoustic-scale=9 "ark:gunzip -c exp/ug/mono/decode/lat.*.gz|" ark:- | lattice-add-penalty --word-ins-penalty=1.0 ark:- ark:- | lattice-best-path --word-symbol-table=exp/ug/mono/graph/words.txt ark:- ark,t:- | utils/int2sym.pl -f 2- exp/ug/mono/graph/words.txt | cat > exp/ug/mono/decode/scoring_kaldi/penalty_1.0/9.txt 
# Started at Mon Dec 24 19:59:40 EET 2018
#
lattice-scale --inv-acoustic-scale=9 'ark:gunzip -c exp/ug/mono/decode/lat.*.gz|' ark:- 
lattice-best-path --word-symbol-table=exp/ug/mono/graph/words.txt ark:- ark,t:- 
lattice-add-penalty --word-ins-penalty=1.0 ark:- ark:- 
LOG (lattice-best-path[5.5.141~1-40a9d]:main():lattice-best-path.cc:99) For utterance usctimit_ema_f1_021, best cost 77.0334 + 2620.9 = 2697.93 over 290 frames.
usctimit_ema_f1_021 aa m iy oy r s aa ah n er z 
LOG (lattice-best-path[5.5.141~1-40a9d]:main():lattice-best-path.cc:99) For utterance usctimit_ema_f1_028, best cost 167.782 + 4589.02 = 4756.8 over 499 frames.
usctimit_ema_f1_028 l iy d uw ow z ih k aa p ah t er ih s ah t ey p aa p y l aw r ey iy 
LOG (lattice-best-path[5.5.141~1-40a9d]:main():lattice-best-path.cc:99) For utterance usctimit_ema_f1_031, best cost 124.804 + 3711.54 = 3836.35 over 395 frames.
usctimit_ema_f1_031 ao r s l r s l l z ih k er jh iy sh n r z n sil 
LOG (lattice-best-path[5.5.141~1-40a9d]:main():lattice-best-path.cc:99) For utterance usctimit_ema_f1_052, best cost 127.232 + 4032.63 = 4159.86 over 431 frames.
usctimit_ema_f1_052 aa s ah b l t eh k d z jh iy l aa d ah f iy er iy 
LOG (lattice-best-path[5.5.141~1-40a9d]:main():lattice-best-path.cc:99) For utterance usctimit_ema_f1_054, best cost 118.211 + 3428.67 = 3546.89 over 382 frames.
usctimit_ema_f1_054 ch aa n jh iy ch d ah n l s n t l ih jh ih n z 
LOG (lattice-best-path[5.5.141~1-40a9d]:main():lattice-best-path.cc:99) For utterance usctimit_ema_f1_072, best cost 113.622 + 3579.17 = 3692.79 over 403 frames.
usctimit_ema_f1_072 s ih ae n ih z eh d ey f y v ih k iy r k s 
LOG (lattice-best-path[5.5.141~1-40a9d]:main():lattice-best-path.cc:99) For utterance usctimit_ema_f1_078, best cost 119.185 + 3991.9 = 4111.08 over 447 frames.
usctimit_ema_f1_078 ah l eh t aa s l iy z w aa t ow p ay n s ah z 
LOG (lattice-best-path[5.5.141~1-40a9d]:main():lattice-best-path.cc:99) For utterance usctimit_ema_f1_090, best cost 109.26 + 3200.13 = 3309.39 over 353 frames.
usctimit_ema_f1_090 iy m eh z ih s ah s ah l iy d l iy f ay l z 
LOG (lattice-best-path[5.5.141~1-40a9d]:main():lattice-best-path.cc:99) For utterance usctimit_ema_f1_105, best cost 146.185 + 4380.12 = 4526.31 over 461 frames.
usctimit_ema_f1_105 dh ih k ay ow iy b aa k ae eh hh ay iy ae r oy l d aw ah z 
LOG (lattice-best-path[5.5.141~1-40a9d]:main():lattice-best-path.cc:99) For utterance usctimit_ema_f1_108, best cost 147.514 + 4246.73 = 4394.24 over 458 frames.
usctimit_ema_f1_108 ah s r t eh v r z m ey f r f aa p eh n aa r n jh iy z 
LOG (lattice-best-path[5.5.141~1-40a9d]:main():lattice-best-path.cc:99) For utterance usctimit_ema_f1_111, best cost 111.807 + 3092.25 = 3204.06 over 329 frames.
usctimit_ema_f1_111 r ih f ih sh ow n t ao s ih s ah z f r iy l 
LOG (lattice-best-path[5.5.141~1-40a9d]:main():lattice-best-path.cc:99) For utterance usctimit_ema_f1_115, best cost 91.6037 + 3279.49 = 3371.09 over 355 frames.
usctimit_ema_f1_115 sil ey f ao ae ch eh s er r p eh z 
LOG (lattice-best-path[5.5.141~1-40a9d]:main():lattice-best-path.cc:99) For utterance usctimit_ema_f1_123, best cost 125.574 + 4480.85 = 4606.42 over 492 frames.
usctimit_ema_f1_123 ih b ah n l l s ow z ah ih z ah ch iy iy d sh ao er 
LOG (lattice-best-path[5.5.141~1-40a9d]:main():lattice-best-path.cc:99) For utterance usctimit_ema_f1_126, best cost 149.718 + 4086.03 = 4235.74 over 432 frames.
usctimit_ema_f1_126 w ah sh ao aa k ow z ow p ey ih n ey k aa f ih k ey sh ae n 
LOG (lattice-best-path[5.5.141~1-40a9d]:main():lattice-best-path.cc:99) For utterance usctimit_ema_f1_134, best cost 98.6021 + 3626.69 = 3725.29 over 416 frames.
usctimit_ema_f1_134 dh iy m iy z k ih z iy ih z ae s ah z ah 
LOG (lattice-best-path[5.5.141~1-40a9d]:main():lattice-best-path.cc:99) For utterance usctimit_ema_f1_153, best cost 199.499 + 5669.26 = 5868.76 over 618 frames.
usctimit_ema_f1_153 dh ih m ay ng iy l k eh s ah s aw t z ih p iy b l s er v ey ng ey sh n r l n z 
LOG (lattice-best-path[5.5.141~1-40a9d]:main():lattice-best-path.cc:99) For utterance usctimit_ema_f1_162, best cost 130.667 + 4334.13 = 4464.8 over 486 frames.
usctimit_ema_f1_162 ah s ao l k aa l t ih z ah n aw k oy t ey sh ah m 
LOG (lattice-best-path[5.5.141~1-40a9d]:main():lattice-best-path.cc:99) For utterance usctimit_ema_f1_170, best cost 127.814 + 4158.69 = 4286.5 over 459 frames.
usctimit_ema_f1_170 k l ao dh er ay s iy aa l m ih k s eh t ih k aw m 
LOG (lattice-best-path[5.5.141~1-40a9d]:main():lattice-best-path.cc:99) For utterance usctimit_ema_f1_198, best cost 87.4761 + 3159.02 = 3246.5 over 368 frames.
usctimit_ema_f1_198 sil ah p er n ay v eh r k er t z 
LOG (lattice-best-path[5.5.141~1-40a9d]:main():lattice-best-path.cc:99) For utterance usctimit_ema_f1_209, best cost 72.951 + 2984.6 = 3057.55 over 339 frames.
usctimit_ema_f1_209 r iy l k ng r p l n ae n 
LOG (lattice-best-path[5.5.141~1-40a9d]:main():lattice-best-path.cc:99) For utterance usctimit_ema_f1_213, best cost 95.4109 + 3300.06 = 3395.47 over 358 frames.
usctimit_ema_f1_213 ay m ay z aa k aw t ay iy n s ih iy 
LOG (lattice-best-path[5.5.141~1-40a9d]:main():lattice-best-path.cc:99) For utterance usctimit_ema_f1_227, best cost 100.636 + 3424.25 = 3524.89 over 386 frames.
usctimit_ema_f1_227 ay iy ih ng iy l er y m ey l w aa t er 
LOG (lattice-best-path[5.5.141~1-40a9d]:main():lattice-best-path.cc:99) For utterance usctimit_ema_f1_236, best cost 117.437 + 3232.67 = 3350.11 over 358 frames.
usctimit_ema_f1_236 aw oy l iy t y l ey ih s ae l ih t eh s ah ng 
LOG (lattice-best-path[5.5.141~1-40a9d]:main():lattice-best-path.cc:99) For utterance usctimit_ema_f1_239, best cost 120.926 + 3596.79 = 3717.71 over 412 frames.
usctimit_ema_f1_239 w ah t r ao aa m iy z m aa ch aa n iy z ng iy sil 
LOG (lattice-best-path[5.5.141~1-40a9d]:main():lattice-best-path.cc:99) For utterance usctimit_ema_f1_242, best cost 115.244 + 3201.28 = 3316.52 over 356 frames.
usctimit_ema_f1_242 d uw ey t ih k er k ow f aa m ih s ao aw t z 
LOG (lattice-best-path[5.5.141~1-40a9d]:main():lattice-best-path.cc:99) For utterance usctimit_ema_f1_244, best cost 127.325 + 3602.05 = 3729.38 over 398 frames.
usctimit_ema_f1_244 iy k eh v aa d k aa ow f r d ah f aw r b eh n z 
LOG (lattice-best-path[5.5.141~1-40a9d]:main():lattice-best-path.cc:99) For utterance usctimit_ema_f1_250, best cost 79.1023 + 2964.1 = 3043.21 over 346 frames.
usctimit_ema_f1_250 dh m eh s r s ae sh m l s iy 
LOG (lattice-best-path[5.5.141~1-40a9d]:main():lattice-best-path.cc:99) For utterance usctimit_ema_f1_252, best cost 183.271 + 5040.73 = 5224 over 550 frames.
usctimit_ema_f1_252 aa s ah ah b ah iy t ah w r k ih v ah t ih p er ih sh n z n ow w er d ey ng 
LOG (lattice-best-path[5.5.141~1-40a9d]:main():lattice-best-path.cc:99) For utterance usctimit_ema_f1_255, best cost 134.281 + 3893.86 = 4028.14 over 428 frames.
usctimit_ema_f1_255 dh t ih f er f r ae t ih k aa m ay n z t ih f ow aw 
LOG (lattice-best-path[5.5.141~1-40a9d]:main():lattice-best-path.cc:99) For utterance usctimit_ema_f1_262, best cost 178.959 + 5291.19 = 5470.15 over 572 frames.
usctimit_ema_f1_262 dh ih s r sh r z r t ih k ow iy f ao r m d ih f er k z b eh t ah ay er 
LOG (lattice-best-path[5.5.141~1-40a9d]:main():lattice-best-path.cc:99) For utterance usctimit_ema_f1_286, best cost 102.4 + 2758.76 = 2861.16 over 302 frames.
usctimit_ema_f1_286 eh t ow ch ey z z k ae s m er s l s ah 
LOG (lattice-best-path[5.5.141~1-40a9d]:main():lattice-best-path.cc:99) For utterance usctimit_ema_f1_297, best cost 134.17 + 5123.87 = 5258.04 over 592 frames.
usctimit_ema_f1_297 r k r iy n t aa n ch ah s ao t r t n z n iy f n n 
LOG (lattice-best-path[5.5.141~1-40a9d]:main():lattice-best-path.cc:99) For utterance usctimit_ema_f1_299, best cost 140.711 + 4408.84 = 4549.55 over 491 frames.
usctimit_ema_f1_299 ae dh n ah m er t ey z ah z s oy s aa s dh ay y uw eh n 
LOG (lattice-best-path[5.5.141~1-40a9d]:main():lattice-best-path.cc:99) For utterance usctimit_ema_f1_302, best cost 154.446 + 5134.66 = 5289.11 over 573 frames.
usctimit_ema_f1_302 ih d ah l ah eh b ay n s iy n aa t ih d l f iy sh ah l f ah jh 
LOG (lattice-best-path[5.5.141~1-40a9d]:main():lattice-best-path.cc:99) For utterance usctimit_ema_f1_311, best cost 169.371 + 4597.2 = 4766.57 over 495 frames.
usctimit_ema_f1_311 sil ih f r ey n ch ae v z jh ih l s ah t uw b ay z ih iy b r ah er sil 
LOG (lattice-best-path[5.5.141~1-40a9d]:main():lattice-best-path.cc:99) For utterance usctimit_ema_f1_317, best cost 174.966 + 6038.65 = 6213.61 over 679 frames.
usctimit_ema_f1_317 m eh n iy ao p iy t ay k ah s w er sh ah n aa p ow th iy ae n s uw n er 
LOG (lattice-best-path[5.5.141~1-40a9d]:main():lattice-best-path.cc:99) For utterance usctimit_ema_f1_320, best cost 127.035 + 4083.14 = 4210.17 over 454 frames.
usctimit_ema_f1_320 ah k aa n s er l n jh oy d ih sh ah l dh ih ch ah ch 
LOG (lattice-best-path[5.5.141~1-40a9d]:main():lattice-best-path.cc:99) For utterance usctimit_ema_f1_323, best cost 125.254 + 4043.16 = 4168.41 over 450 frames.
usctimit_ema_f1_323 ae n iy s w eh sh n ay ch er k oy z ae k l eh z 
LOG (lattice-best-path[5.5.141~1-40a9d]:main():lattice-best-path.cc:99) For utterance usctimit_ema_f1_325, best cost 131.097 + 3600.57 = 3731.66 over 400 frames.
usctimit_ema_f1_325 t ao eh sh s ah l d ah m aa ch ih z ey t ay m v iy z 
LOG (lattice-best-path[5.5.141~1-40a9d]:main():lattice-best-path.cc:99) For utterance usctimit_ema_f1_342, best cost 130.079 + 4142.23 = 4272.31 over 452 frames.
usctimit_ema_f1_342 sh y oy z er t b eh t r f r l t ah z f ih n m 
LOG (lattice-best-path[5.5.141~1-40a9d]:main():lattice-best-path.cc:99) For utterance usctimit_ema_f1_346, best cost 103.488 + 2994.92 = 3098.41 over 328 frames.
usctimit_ema_f1_346 w uw ao k ah m n ng s uw n z iy ch iy er 
LOG (lattice-best-path[5.5.141~1-40a9d]:main():lattice-best-path.cc:99) For utterance usctimit_ema_f1_347, best cost 127.419 + 4098.26 = 4225.68 over 452 frames.
usctimit_ema_f1_347 sil r jh ah p er n ay d eh f iy jh ih g ae sh ah jh 
LOG (lattice-best-path[5.5.141~1-40a9d]:main():lattice-best-path.cc:99) For utterance usctimit_ema_f1_356, best cost 91.3137 + 2789.19 = 2880.51 over 302 frames.
usctimit_ema_f1_356 sil dh ey l ay k l hh ae ch aw er z 
LOG (lattice-best-path[5.5.141~1-40a9d]:main():lattice-best-path.cc:99) For utterance usctimit_ema_f1_360, best cost 166.397 + 4318.74 = 4485.13 over 462 frames.
usctimit_ema_f1_360 ih f ih s iy n s l iy f ay t ih k l iy n s er k ah z ah s m l iy sil 
LOG (lattice-best-path[5.5.141~1-40a9d]:main():lattice-best-path.cc:99) For utterance usctimit_ema_f1_362, best cost 121.962 + 3694.05 = 3816.01 over 430 frames.
usctimit_ema_f1_362 dh ey s ih ng aw b er w ao l v r n t ih k iy er 
LOG (lattice-best-path[5.5.141~1-40a9d]:main():lattice-best-path.cc:99) For utterance usctimit_ema_f1_364, best cost 166.164 + 4152.48 = 4318.64 over 457 frames.
usctimit_ema_f1_364 ih t ae s ah t ae b er d ae n n k aa z ih k ae p ch ae f iy jh ae n 
LOG (lattice-best-path[5.5.141~1-40a9d]:main():lattice-best-path.cc:99) For utterance usctimit_ema_f1_368, best cost 116.463 + 4019.4 = 4135.87 over 450 frames.
usctimit_ema_f1_368 sil k r z uw ae n ah ih t n f ih sh ae m n ch 
LOG (lattice-best-path[5.5.141~1-40a9d]:main():lattice-best-path.cc:99) For utterance usctimit_ema_f1_382, best cost 159.015 + 5197.16 = 5356.18 over 595 frames.
usctimit_ema_f1_382 s ae sh l iy k l t ah n eh k ae s ah iy uw l d n ch n ae p ih ng 
LOG (lattice-best-path[5.5.141~1-40a9d]:main():lattice-best-path.cc:99) For utterance usctimit_ema_f1_394, best cost 159.224 + 4874.59 = 5033.82 over 548 frames.
usctimit_ema_f1_394 dh iy z ih r s ah p w iy s ih n t ah f ay k ow l s m ay er z z 
LOG (lattice-best-path[5.5.141~1-40a9d]:main():lattice-best-path.cc:99) For utterance usctimit_ema_f1_397, best cost 165.798 + 4525.38 = 4691.17 over 501 frames.
usctimit_ema_f1_397 sil t ah b r n aw s ay s k aa f n s aa f er f n ay g ae hh ae ah 
LOG (lattice-best-path[5.5.141~1-40a9d]:main():lattice-best-path.cc:99) For utterance usctimit_ema_f1_402, best cost 92.1293 + 3518.36 = 3610.49 over 401 frames.
usctimit_ema_f1_402 r s ih k m ae t ih f r n ch iy z 
LOG (lattice-best-path[5.5.141~1-40a9d]:main():lattice-best-path.cc:99) For utterance usctimit_ema_f1_405, best cost 125.374 + 4574.52 = 4699.89 over 510 frames.
usctimit_ema_f1_405 w ey m r d z p er ey s ae k oy z n r ng r ae 
LOG (lattice-best-path[5.5.141~1-40a9d]:main():lattice-best-path.cc:99) For utterance usctimit_ema_f1_451, best cost 141.271 + 4184.53 = 4325.8 over 444 frames.
usctimit_ema_f1_451 ch ow t ih n k uw z ih m eh iy f r l t m n s ih n ng 
LOG (lattice-best-path[5.5.141~1-40a9d]:main():lattice-best-path.cc:99) For utterance usctimit_ema_f1_453, best cost 148.841 + 4275.77 = 4424.61 over 476 frames.
usctimit_ema_f1_453 w ay n w er z k r ng iy n z ih ng v eh ch ah b ow p er n 
LOG (lattice-best-path[5.5.141~1-40a9d]:main():lattice-best-path.cc:99) For utterance usctimit_ema_f1_456, best cost 135.445 + 3967.23 = 4102.68 over 433 frames.
usctimit_ema_f1_456 ah ao s ih d eh t ah l n p ae t uw ae ah z k aa r ih m 
LOG (lattice-best-path[5.5.141~1-40a9d]:main():lattice-best-path.cc:99) For utterance usctimit_ema_f1_460, best cost 95.597 + 2934.34 = 3029.93 over 334 frames.
usctimit_ema_f1_460 w ih sh iy n ih sh ow z m ah ih d ah z 
LOG (lattice-best-path[5.5.141~1-40a9d]:main():lattice-best-path.cc:99) For utterance usctimit_ema_f5_009, best cost 72.4036 + 2999.26 = 3071.66 over 341 frames.
usctimit_ema_f5_009 y l aw b r r l ay 
LOG (lattice-best-path[5.5.141~1-40a9d]:main():lattice-best-path.cc:99) For utterance usctimit_ema_f5_011, best cost 95.2907 + 2908.17 = 3003.46 over 301 frames.
usctimit_ema_f5_011 ih y r m ah s hh ay z uw k ae n 
LOG (lattice-best-path[5.5.141~1-40a9d]:main():lattice-best-path.cc:99) For utterance usctimit_ema_f5_017, best cost 119.167 + 3297.81 = 3416.98 over 328 frames.
usctimit_ema_f5_017 aw m uh iy hh r m s ih f ao s m ae z w l 
LOG (lattice-best-path[5.5.141~1-40a9d]:main():lattice-best-path.cc:99) For utterance usctimit_ema_f5_019, best cost 108.698 + 2950.74 = 3059.43 over 308 frames.
usctimit_ema_f5_019 ah f ah l f ay z hh l p iy f r iy m 
LOG (lattice-best-path[5.5.141~1-40a9d]:main():lattice-best-path.cc:99) For utterance usctimit_ema_f5_066, best cost 97.9315 + 3477.1 = 3575.03 over 335 frames.
usctimit_ema_f5_066 iy s k eh g ah s t uw f r iy n iy k 
LOG (lattice-best-path[5.5.141~1-40a9d]:main():lattice-best-path.cc:99) For utterance usctimit_ema_f5_080, best cost 144.939 + 4101.53 = 4246.47 over 417 frames.
usctimit_ema_f5_080 ih g ao s n aw dh iy er d er t aa p ah k ah eh p ay l z 
LOG (lattice-best-path[5.5.141~1-40a9d]:main():lattice-best-path.cc:99) For utterance usctimit_ema_f5_081, best cost 152.451 + 3679.99 = 3832.45 over 373 frames.
usctimit_ema_f5_081 ae s k r ey p er iy s t ae k s w n z n eh y n iy sh n 
LOG (lattice-best-path[5.5.141~1-40a9d]:main():lattice-best-path.cc:99) For utterance usctimit_ema_f5_090, best cost 122.278 + 3698.96 = 3821.24 over 385 frames.
usctimit_ema_f5_090 y n s ih s ah s ah d l iy d l iy f ay l z 
LOG (lattice-best-path[5.5.141~1-40a9d]:main():lattice-best-path.cc:99) For utterance usctimit_ema_f5_143, best cost 140.704 + 4307.21 = 4447.91 over 473 frames.
usctimit_ema_f5_143 dh k eh f r ah s ao f r z ey sh n ah s ih s n sh ah 
LOG (lattice-best-path[5.5.141~1-40a9d]:main():lattice-best-path.cc:99) For utterance usctimit_ema_f5_144, best cost 203.431 + 5559.45 = 5762.88 over 594 frames.
usctimit_ema_f5_144 eh s k ow aa t z iy k ih z eh t ih d er n uw b ow t ah dh hh aa d iy aa iy z 
LOG (lattice-best-path[5.5.141~1-40a9d]:main():lattice-best-path.cc:99) For utterance usctimit_ema_f5_162, best cost 140.662 + 4423.09 = 4563.75 over 483 frames.
usctimit_ema_f5_162 ah s ao k aa jh ih z er n aw k oy jh k ey sh n l 
LOG (lattice-best-path[5.5.141~1-40a9d]:main():lattice-best-path.cc:99) For utterance usctimit_ema_f5_163, best cost 166.161 + 4964.76 = 5130.92 over 532 frames.
usctimit_ema_f5_163 r ch ah k r z b aa ih hh iy n z jh ae w ao z ah m z ah f r iy 
LOG (lattice-best-path[5.5.141~1-40a9d]:main():lattice-best-path.cc:99) For utterance usctimit_ema_f5_164, best cost 93.4461 + 3685.31 = 3778.75 over 405 frames.
usctimit_ema_f5_164 sil t ih k uw z t aw dh t uw d 
LOG (lattice-best-path[5.5.141~1-40a9d]:main():lattice-best-path.cc:99) For utterance usctimit_ema_f5_174, best cost 106.193 + 3607.35 = 3713.55 over 386 frames.
usctimit_ema_f5_174 t aa hh ae t r f ae sh n z y er sil 
LOG (lattice-best-path[5.5.141~1-40a9d]:main():lattice-best-path.cc:99) For utterance usctimit_ema_f5_197, best cost 116.613 + 3604.72 = 3721.33 over 400 frames.
usctimit_ema_f5_197 w s m l l ah p ah p ah w r m m hh aa k 
LOG (lattice-best-path[5.5.141~1-40a9d]:main():lattice-best-path.cc:99) For utterance usctimit_ema_f5_208, best cost 113.811 + 3332.8 = 3446.61 over 373 frames.
usctimit_ema_f5_208 sil ih d iy p oy t ow v er l t iy ow sh ah m 
LOG (lattice-best-path[5.5.141~1-40a9d]:main():lattice-best-path.cc:99) For utterance usctimit_ema_f5_233, best cost 219.333 + 6256.09 = 6475.42 over 648 frames.
usctimit_ema_f5_233 f er n iy ey b l iy sil r m eh b er t r l aw ay d ae k l t ih n s eh t r f iy iy 
LOG (lattice-best-path[5.5.141~1-40a9d]:main():lattice-best-path.cc:99) For utterance usctimit_ema_f5_243, best cost 112.856 + 3393.1 = 3505.95 over 363 frames.
usctimit_ema_f5_243 aa hh l d ey p r n z n ey l b l t ah z 
LOG (lattice-best-path[5.5.141~1-40a9d]:main():lattice-best-path.cc:99) For utterance usctimit_ema_f5_244, best cost 127.401 + 3861.31 = 3988.71 over 412 frames.
usctimit_ema_f5_244 iy k er f l m aa t ah p aw ah f aw r b eh d s 
LOG (lattice-best-path[5.5.141~1-40a9d]:main():lattice-best-path.cc:99) For utterance usctimit_ema_f5_272, best cost 125.683 + 3453.99 = 3579.68 over 364 frames.
usctimit_ema_f5_272 t ow f l z m ey t r p ao s eh s oy b iy z 
LOG (lattice-best-path[5.5.141~1-40a9d]:main():lattice-best-path.cc:99) For utterance usctimit_ema_f5_281, best cost 212.906 + 5497.15 = 5710.06 over 565 frames.
usctimit_ema_f5_281 m ay d ay r z ih s ah p l k ih v iy w n f ao m ih k er k r k ao m s ah b eh 
LOG (lattice-best-path[5.5.141~1-40a9d]:main():lattice-best-path.cc:99) For utterance usctimit_ema_f5_304, best cost 225.365 + 6273.89 = 6499.25 over 667 frames.
usctimit_ema_f5_304 g eh s aa p ay n t iy z n r g oy d ah n w aa k t ih z k w ey n ae sh l f ao r z 
LOG (lattice-best-path[5.5.141~1-40a9d]:main():lattice-best-path.cc:99) For utterance usctimit_ema_f5_307, best cost 133.465 + 3838.68 = 3972.14 over 418 frames.
usctimit_ema_f5_307 d uw ch aa n k ah t eh b ih g ah s p aw hh l p 
LOG (lattice-best-path[5.5.141~1-40a9d]:main():lattice-best-path.cc:99) For utterance usctimit_ema_f5_329, best cost 147.325 + 4733.18 = 4880.51 over 535 frames.
usctimit_ema_f5_329 ih k aw w aa n er f r m f er m ay dh ih k iy m ao s 
LOG (lattice-best-path[5.5.141~1-40a9d]:main():lattice-best-path.cc:99) For utterance usctimit_ema_f5_330, best cost 233.754 + 6040.91 = 6274.67 over 611 frames.
usctimit_ema_f5_330 sil iy t ah t ay m iy d ah ao s k ow n s ay ih b ih p ah b r ih k ae n iy z iy s ih s t ah m p r 
LOG (lattice-best-path[5.5.141~1-40a9d]:main():lattice-best-path.cc:99) For utterance usctimit_ema_f5_334, best cost 184.178 + 5027.9 = 5212.08 over 536 frames.
usctimit_ema_f5_334 sil ao ey z k aa s t iy m iy b l ae k l s t iy k n t iy iy l g eh t 
LOG (lattice-best-path[5.5.141~1-40a9d]:main():lattice-best-path.cc:99) For utterance usctimit_ema_f5_336, best cost 133.761 + 3732.59 = 3866.35 over 396 frames.
usctimit_ema_f5_336 ae n oy s p aa m g er z m ao r n oy iy ch t ey 
LOG (lattice-best-path[5.5.141~1-40a9d]:main():lattice-best-path.cc:99) For utterance usctimit_ema_f5_343, best cost 151.242 + 4615.37 = 4766.61 over 506 frames.
usctimit_ema_f5_343 ah jh s ah jh eh m ih dh n uw r k y l jh k ah m iy z iy m 
LOG (lattice-best-path[5.5.141~1-40a9d]:main():lattice-best-path.cc:99) For utterance usctimit_ema_f5_348, best cost 126.943 + 4204.96 = 4331.9 over 455 frames.
usctimit_ema_f5_348 ah k er ih k ih sh eh p uw er ao iy jh ah b ah d 
LOG (lattice-best-path[5.5.141~1-40a9d]:main():lattice-best-path.cc:99) For utterance usctimit_ema_f5_349, best cost 101.056 + 3611.07 = 3712.13 over 405 frames.
usctimit_ema_f5_349 sil iy sh ao n s k er f r jh oy z 
LOG (lattice-best-path[5.5.141~1-40a9d]:main():lattice-best-path.cc:99) For utterance usctimit_ema_f5_354, best cost 188.259 + 6297.84 = 6486.1 over 679 frames.
usctimit_ema_f5_354 w n eh v er dh iy g r m ah t ih p r sh r ay z ah z sil ah l w d 
LOG (lattice-best-path[5.5.141~1-40a9d]:main():lattice-best-path.cc:99) For utterance usctimit_ema_f5_356, best cost 85.9304 + 2235.21 = 2321.14 over 219 frames.
usctimit_ema_f5_356 dh ey l ay t w aa n iy l ey 
LOG (lattice-best-path[5.5.141~1-40a9d]:main():lattice-best-path.cc:99) For utterance usctimit_ema_f5_369, best cost 185.646 + 4889.55 = 5075.19 over 537 frames.
usctimit_ema_f5_369 sil dh er s ih jh ay z ae t iy w aa s th eh k s t er ih z dh ih t aa p ae 
LOG (lattice-best-path[5.5.141~1-40a9d]:main():lattice-best-path.cc:99) For utterance usctimit_ema_f5_375, best cost 141.444 + 4129.65 = 4271.09 over 435 frames.
usctimit_ema_f5_375 ay er sh eh t er z iy ch r sh k b er ch r b r ah s t 
LOG (lattice-best-path[5.5.141~1-40a9d]:main():lattice-best-path.cc:99) For utterance usctimit_ema_f5_389, best cost 211.149 + 5325.19 = 5536.34 over 553 frames.
usctimit_ema_f5_389 ih th ih t er k n iy n d eh k ih th jh r k n t ey z b iy t iy s iy p iy ch ih z 
LOG (lattice-best-path[5.5.141~1-40a9d]:main():lattice-best-path.cc:99) For utterance usctimit_ema_f5_392, best cost 172.654 + 5317.78 = 5490.43 over 574 frames.
usctimit_ema_f5_392 er ch ih n ae s t ih n k ay k z er k ow m z n s ih s ah sh uw z 
LOG (lattice-best-path[5.5.141~1-40a9d]:main():lattice-best-path.cc:99) For utterance usctimit_ema_f5_396, best cost 211.608 + 5099.88 = 5311.49 over 518 frames.
usctimit_ema_f5_396 iy ae p r t ay z ih ng b er s t ah v p ah m ah r ay iy s r n eh v er ch ey n d ah z 
LOG (lattice-best-path[5.5.141~1-40a9d]:main():lattice-best-path.cc:99) For utterance usctimit_ema_f5_406, best cost 189.422 + 4828.17 = 5017.59 over 512 frames.
usctimit_ema_f5_406 ah s ih k iy ow f ao s ih z n iy l iy ow v r ow b ay t eh ch aw m z iy z 
LOG (lattice-best-path[5.5.141~1-40a9d]:main():lattice-best-path.cc:99) For utterance usctimit_ema_f5_424, best cost 94.5148 + 3341.99 = 3436.5 over 379 frames.
usctimit_ema_f5_424 iy p iy k l ih t ih b iy hh n er d 
LOG (lattice-best-path[5.5.141~1-40a9d]:main():lattice-best-path.cc:99) For utterance usctimit_ema_f5_426, best cost 112.165 + 3445.87 = 3558.03 over 335 frames.
usctimit_ema_f5_426 iy z iy ah z ah l l jh ih s iy p iy z iy ah 
LOG (lattice-best-path[5.5.141~1-40a9d]:main():lattice-best-path.cc:99) For utterance usctimit_ema_f5_431, best cost 152.757 + 4056.47 = 4209.22 over 427 frames.
usctimit_ema_f5_431 aa p aa f ao v z ey sh z ae f ih k eh f ah n r z er z 
LOG (lattice-best-path[5.5.141~1-40a9d]:main():lattice-best-path.cc:99) For utterance usctimit_ema_f5_436, best cost 141.255 + 3897.51 = 4038.77 over 405 frames.
usctimit_ema_f5_436 hh r s p er th ey f r k l ey k er z ah ih dh ng 
LOG (lattice-best-path[5.5.141~1-40a9d]:main():lattice-best-path.cc:99) For utterance usctimit_ema_f5_438, best cost 166.511 + 4765.84 = 4932.35 over 498 frames.
usctimit_ema_f5_438 iy p ay ao t ao ey m ao l ih t k g iy uw s iy ch r k b n sh n 
LOG (lattice-best-path[5.5.141~1-40a9d]:main():lattice-best-path.cc:99) For utterance usctimit_ema_f5_447, best cost 172.506 + 5058.15 = 5230.65 over 536 frames.
usctimit_ema_f5_447 r m ah z iy n ah d er k s ay d ng ah dh ay s t iy n s ow r k 
LOG (lattice-best-path[5.5.141~1-40a9d]:main():lattice-best-path.cc:99) For utterance usctimit_ema_f5_451, best cost 182.567 + 5324.17 = 5506.73 over 533 frames.
usctimit_ema_f5_451 t ah r k s ah ch l ah f ah s ih m eh n iy f er r l t m n s ah ng 
LOG (lattice-best-path[5.5.141~1-40a9d]:main():lattice-best-path.cc:99) For utterance usctimit_ema_m1_006, best cost 119.221 + 3531.58 = 3650.8 over 381 frames.
usctimit_ema_m1_006 w l y l er w er y uw f r s l iy ay d m z 
LOG (lattice-best-path[5.5.141~1-40a9d]:main():lattice-best-path.cc:99) For utterance usctimit_ema_m1_010, best cost 77.0756 + 2698.47 = 2775.54 over 306 frames.
usctimit_ema_m1_010 w l r l ih w r iy l l l iy 
LOG (lattice-best-path[5.5.141~1-40a9d]:main():lattice-best-path.cc:99) For utterance usctimit_ema_m1_012, best cost 153.337 + 4233.51 = 4386.85 over 456 frames.
usctimit_ema_m1_012 sil f ao f er z ih z ey s ae m r v y uw eh v r f ao m ow 
LOG (lattice-best-path[5.5.141~1-40a9d]:main():lattice-best-path.cc:99) For utterance usctimit_ema_m1_051, best cost 147.107 + 4014.4 = 4161.5 over 421 frames.
usctimit_ema_m1_051 ih k aa k r b iy sh ah w l iy k r iy l iy p r sh y ey d 
LOG (lattice-best-path[5.5.141~1-40a9d]:main():lattice-best-path.cc:99) For utterance usctimit_ema_m1_090, best cost 125.074 + 3353.28 = 3478.35 over 356 frames.
usctimit_ema_m1_090 sil y m aa s ih s p l s ah l iy dh l iy f ay l z 
LOG (lattice-best-path[5.5.141~1-40a9d]:main():lattice-best-path.cc:99) For utterance usctimit_ema_m1_095, best cost 149.555 + 3918.72 = 4068.27 over 420 frames.
usctimit_ema_m1_095 sil ih b eh s w ey t l ao r n s s l ch t er p r aa b l z 
LOG (lattice-best-path[5.5.141~1-40a9d]:main():lattice-best-path.cc:99) For utterance usctimit_ema_m1_098, best cost 119.707 + 3804.82 = 3924.53 over 421 frames.
usctimit_ema_m1_098 ah m ah s y l er ae d n n z k ih f r b ae k 
LOG (lattice-best-path[5.5.141~1-40a9d]:main():lattice-best-path.cc:99) For utterance usctimit_ema_m1_099, best cost 152.404 + 4408.14 = 4560.54 over 495 frames.
usctimit_ema_m1_099 ih k aa r t uw n f iy ch er z ah m aa s k r ae k ah t ae p l 
LOG (lattice-best-path[5.5.141~1-40a9d]:main():lattice-best-path.cc:99) For utterance usctimit_ema_m1_137, best cost 169.453 + 4642.25 = 4811.7 over 499 frames.
usctimit_ema_m1_137 k l f ih g ae p ih t uw z jh ow jh b ay s ae n er ay s t ae s z 
LOG (lattice-best-path[5.5.141~1-40a9d]:main():lattice-best-path.cc:99) For utterance usctimit_ema_m1_139, best cost 154.032 + 5048.64 = 5202.67 over 571 frames.
usctimit_ema_m1_139 sil ah w r k n t ey n t m ah ch k ao r iy n n s aw n z ay z 
LOG (lattice-best-path[5.5.141~1-40a9d]:main():lattice-best-path.cc:99) For utterance usctimit_ema_m1_145, best cost 195.996 + 5136.47 = 5332.47 over 546 frames.
usctimit_ema_m1_145 sil eh jh p r k aa sh ah n iy l z b ay b ah m p aw er f er dh zh t ow k l sil 
LOG (lattice-best-path[5.5.141~1-40a9d]:main():lattice-best-path.cc:99) For utterance usctimit_ema_m1_158, best cost 184.16 + 5245.97 = 5430.13 over 573 frames.
usctimit_ema_m1_158 b ay ng f er b r hh ao er f r k ao r z n t w sh n n eh t p r t iy z 
LOG (lattice-best-path[5.5.141~1-40a9d]:main():lattice-best-path.cc:99) For utterance usctimit_ema_m1_160, best cost 191.784 + 4788.99 = 4980.77 over 512 frames.
usctimit_ema_m1_160 sil ch iy k er jh t r ch ow d ah n t ah m ey k eh r ow hh l ng k aa s jh n z 
LOG (lattice-best-path[5.5.141~1-40a9d]:main():lattice-best-path.cc:99) For utterance usctimit_ema_m1_162, best cost 152.897 + 4523.35 = 4676.24 over 506 frames.
usctimit_ema_m1_162 l m ao s t l k l jh uw z aw n aw k ow oy jh k ey sh ah l 
LOG (lattice-best-path[5.5.141~1-40a9d]:main():lattice-best-path.cc:99) For utterance usctimit_ema_m1_164, best cost 86.4969 + 3640.41 = 3726.91 over 407 frames.
usctimit_ema_m1_164 sil f ih k uw z ow v ih t uw sil 
LOG (lattice-best-path[5.5.141~1-40a9d]:main():lattice-best-path.cc:99) For utterance usctimit_ema_m1_166, best cost 101.672 + 3312.01 = 3413.68 over 380 frames.
usctimit_ema_m1_166 dh k ae s m iy l z hh er m oy iy er z 
LOG (lattice-best-path[5.5.141~1-40a9d]:main():lattice-best-path.cc:99) For utterance usctimit_ema_m1_169, best cost 88.7465 + 2983.16 = 3071.9 over 346 frames.
usctimit_ema_m1_169 sil eh aa f r g ow aa n iy k ih ng 
LOG (lattice-best-path[5.5.141~1-40a9d]:main():lattice-best-path.cc:99) For utterance usctimit_ema_m1_179, best cost 107.236 + 3235.83 = 3343.07 over 365 frames.
usctimit_ema_m1_179 sil k r aa iy ch r ae f ah n uw ae k s ah z 
LOG (lattice-best-path[5.5.141~1-40a9d]:main():lattice-best-path.cc:99) For utterance usctimit_ema_m1_183, best cost 129.859 + 4798.11 = 4927.97 over 544 frames.
usctimit_ema_m1_183 r p r ch er t er v iy w s ae ch uw s k p ow z er 
LOG (lattice-best-path[5.5.141~1-40a9d]:main():lattice-best-path.cc:99) For utterance usctimit_ema_m1_193, best cost 172.239 + 4900.12 = 5072.36 over 545 frames.
usctimit_ema_m1_193 ay g ey v n s er r ch oy z ah z ah m l p ah n t ae p p ay ao er z 
LOG (lattice-best-path[5.5.141~1-40a9d]:main():lattice-best-path.cc:99) For utterance usctimit_ema_m1_204, best cost 75.3238 + 2972.96 = 3048.28 over 353 frames.
usctimit_ema_m1_204 hh aa g ih jh er n d er n z 
LOG (lattice-best-path[5.5.141~1-40a9d]:main():lattice-best-path.cc:99) For utterance usctimit_ema_m1_209, best cost 87.8084 + 2990.66 = 3078.47 over 352 frames.
usctimit_ema_m1_209 sil l uw l th n f er p oy n n sil 
LOG (lattice-best-path[5.5.141~1-40a9d]:main():lattice-best-path.cc:99) For utterance usctimit_ema_m1_224, best cost 115.367 + 3614.91 = 3730.28 over 406 frames.
usctimit_ema_m1_224 ay ey dh ah f r oy s t r n ao er z p l iy sil 
LOG (lattice-best-path[5.5.141~1-40a9d]:main():lattice-best-path.cc:99) For utterance usctimit_ema_m1_229, best cost 139.974 + 3547.25 = 3687.23 over 395 frames.
usctimit_ema_m1_229 m ay ay d iy ow m ao r ih ng iy g n f ah hh aa k aa f iy 
LOG (lattice-best-path[5.5.141~1-40a9d]:main():lattice-best-path.cc:99) For utterance usctimit_ema_m1_237, best cost 130.749 + 4176.45 = 4307.2 over 450 frames.
usctimit_ema_m1_237 w iy s aa k iy t ay n iy ay s ih k l z b l ow f sil 
LOG (lattice-best-path[5.5.141~1-40a9d]:main():lattice-best-path.cc:99) For utterance usctimit_ema_m1_265, best cost 156.372 + 4340.96 = 4497.33 over 470 frames.
usctimit_ema_m1_265 sil p iy t ey p ih s d er iy t ih b ah k ao s ah k n er s ao n iy 
LOG (lattice-best-path[5.5.141~1-40a9d]:main():lattice-best-path.cc:99) For utterance usctimit_ema_m1_269, best cost 144.776 + 4272.53 = 4417.31 over 491 frames.
usctimit_ema_m1_269 ay b r v er m ah p ay dh ow sh uw z ih b iy uw r ch er jh 
LOG (lattice-best-path[5.5.141~1-40a9d]:main():lattice-best-path.cc:99) For utterance usctimit_ema_m1_277, best cost 100.116 + 2893.94 = 2994.06 over 337 frames.
usctimit_ema_m1_277 sil ih m iy d ng dh ih z m aw jh er n z 
LOG (lattice-best-path[5.5.141~1-40a9d]:main():lattice-best-path.cc:99) For utterance usctimit_ema_m1_302, best cost 238.479 + 6610.72 = 6849.19 over 706 frames.
usctimit_ema_m1_302 ah l ah p n ah t ow l dh ey l b ah p uw n z t iy k aa n aa s uw b l f r iy d ng sh ow f ah sh 
LOG (lattice-best-path[5.5.141~1-40a9d]:main():lattice-best-path.cc:99) For utterance usctimit_ema_m1_303, best cost 111.804 + 3648.61 = 3760.42 over 415 frames.
usctimit_ema_m1_303 sil aa f n y g ih p ae k ao dh n iy p ih n 
LOG (lattice-best-path[5.5.141~1-40a9d]:main():lattice-best-path.cc:99) For utterance usctimit_ema_m1_317, best cost 213.424 + 6445.86 = 6659.28 over 731 frames.
usctimit_ema_m1_317 sil m ah iy w l th iy t ay k uw n s w er sh ah n b aa p ow th iy y aa ae n ih s k uw er 
LOG (lattice-best-path[5.5.141~1-40a9d]:main():lattice-best-path.cc:99) For utterance usctimit_ema_m1_320, best cost 144.57 + 4165.06 = 4309.63 over 468 frames.
usctimit_ema_m1_320 sil ih k aa s ao er w l n jh oy dh ih sh ow f ih sh d ih sh 
LOG (lattice-best-path[5.5.141~1-40a9d]:main():lattice-best-path.cc:99) For utterance usctimit_ema_m1_322, best cost 123.754 + 3674.98 = 3798.73 over 422 frames.
usctimit_ema_m1_322 sil d l f n z ah r t l jh ah m er iy n ae m l z 
LOG (lattice-best-path[5.5.141~1-40a9d]:main():lattice-best-path.cc:99) For utterance usctimit_ema_m1_336, best cost 156.093 + 4373.75 = 4529.84 over 475 frames.
usctimit_ema_m1_336 sil eh n oy s p ow l m g ow z r ow z m ao n oy ng iy jh ey 
LOG (lattice-best-path[5.5.141~1-40a9d]:main():lattice-best-path.cc:99) For utterance usctimit_ema_m1_338, best cost 139.779 + 4514.72 = 4654.5 over 511 frames.
usctimit_ema_m1_338 eh t ay g r m ih k s ae n z l iy f er m ao s eh b iy 
LOG (lattice-best-path[5.5.141~1-40a9d]:main():lattice-best-path.cc:99) For utterance usctimit_ema_m1_340, best cost 121.279 + 2867.29 = 2988.57 over 316 frames.
usctimit_ema_m1_340 sil jh ow ng k r ng sh ow v ah sh f ao l ah ih d 
LOG (lattice-best-path[5.5.141~1-40a9d]:main():lattice-best-path.cc:99) For utterance usctimit_ema_m1_344, best cost 141.46 + 3907.49 = 4048.95 over 454 frames.
usctimit_ema_m1_344 sil p ae m g iy z t r ay v ng l s ah z ah p er z ey z 
LOG (lattice-best-path[5.5.141~1-40a9d]:main():lattice-best-path.cc:99) For utterance usctimit_ema_m1_347, best cost 157.102 + 4319.86 = 4476.96 over 467 frames.
usctimit_ema_m1_347 sil t r jh z p r w d ih b aw p ah f uw sh er g ae sh er ih jh 
LOG (lattice-best-path[5.5.141~1-40a9d]:main():lattice-best-path.cc:99) For utterance usctimit_ema_m1_350, best cost 126.222 + 3071.67 = 3197.9 over 337 frames.
usctimit_ema_m1_350 sil iy sh ow er f eh l th z ih f ah w b r p ah n 
LOG (lattice-best-path[5.5.141~1-40a9d]:main():lattice-best-path.cc:99) For utterance usctimit_ema_m1_360, best cost 194.249 + 4760.71 = 4954.96 over 500 frames.
usctimit_ema_m1_360 sil dh f ih sh b iy ae z l iy p f r t ih k l iy l s er f ih s ah dh s m l ey k 
LOG (lattice-best-path[5.5.141~1-40a9d]:main():lattice-best-path.cc:99) For utterance usctimit_ema_m1_361, best cost 131.704 + 3536.92 = 3668.62 over 383 frames.
usctimit_ema_m1_361 t ih n t ey sh iy l th ih s iy m uw iy s w s w iy sil 
LOG (lattice-best-path[5.5.141~1-40a9d]:main():lattice-best-path.cc:99) For utterance usctimit_ema_m1_367, best cost 126.503 + 4322.94 = 4449.44 over 492 frames.
usctimit_ema_m1_367 sil aa b er p ey p er n iy s ah b iy b ow f ay er 
LOG (lattice-best-path[5.5.141~1-40a9d]:main():lattice-best-path.cc:99) For utterance usctimit_ema_m1_368, best cost 155.153 + 4231.39 = 4386.55 over 474 frames.
usctimit_ema_m1_368 sil r f k r sh uw g ah hh ae v n l r t ah f ih sh ae n w jh 
LOG (lattice-best-path[5.5.141~1-40a9d]:main():lattice-best-path.cc:99) For utterance usctimit_ema_m1_375, best cost 157.862 + 4263.73 = 4421.59 over 464 frames.
usctimit_ema_m1_375 sil ay r sh y ow s er z iy f r sh t ah p er s er b r k ah z sil 
LOG (lattice-best-path[5.5.141~1-40a9d]:main():lattice-best-path.cc:99) For utterance usctimit_ema_m1_394, best cost 179.191 + 4982.51 = 5161.7 over 547 frames.
usctimit_ema_m1_394 sil dh iy uw z ah l g r s ah p l iy s n t f ay k f aa w s m ow v er z 
LOG (lattice-best-path[5.5.141~1-40a9d]:main():lattice-best-path.cc:99) For utterance usctimit_ema_m1_400, best cost 139.154 + 3555.2 = 3694.36 over 382 frames.
usctimit_ema_m1_400 sil w r z ih s l ao r ch ey ng ay v iy aa r n ng ao er 
LOG (lattice-best-path[5.5.141~1-40a9d]:main():lattice-best-path.cc:99) For utterance usctimit_ema_m1_432, best cost 64.0845 + 2455.66 = 2519.74 over 285 frames.
usctimit_ema_m1_432 l aw l iy w ey hh iy er 
LOG (lattice-best-path[5.5.141~1-40a9d]:main():lattice-best-path.cc:99) For utterance usctimit_ema_m3_010, best cost 83.1897 + 2935.79 = 3018.98 over 327 frames.
usctimit_ema_m3_010 sil w ow r aa w er y l l iy sil 
LOG (lattice-best-path[5.5.141~1-40a9d]:main():lattice-best-path.cc:99) For utterance usctimit_ema_m3_044, best cost 130.603 + 4549.83 = 4680.43 over 472 frames.
usctimit_ema_m3_044 sil l ay k ah iy k ah p aa d ih t eh t r v n s ah z 
LOG (lattice-best-path[5.5.141~1-40a9d]:main():lattice-best-path.cc:99) For utterance usctimit_ema_m3_068, best cost 117.103 + 3997.74 = 4114.84 over 441 frames.
usctimit_ema_m3_068 ih t ah b aa s l b y ow p y aa k r s iy sil 
LOG (lattice-best-path[5.5.141~1-40a9d]:main():lattice-best-path.cc:99) For utterance usctimit_ema_m3_071, best cost 155.495 + 4328.6 = 4484.1 over 439 frames.
usctimit_ema_m3_071 k aa p r sh ah m ao th ah n ih s t ae n iy l iy d ey t s iy sil 
LOG (lattice-best-path[5.5.141~1-40a9d]:main():lattice-best-path.cc:99) For utterance usctimit_ema_m3_080, best cost 139.344 + 4330.23 = 4469.57 over 411 frames.
usctimit_ema_m3_080 ih g ao z ae l ah iy er d r ch aa p ah k ao er t ay l z 
LOG (lattice-best-path[5.5.141~1-40a9d]:main():lattice-best-path.cc:99) For utterance usctimit_ema_m3_101, best cost 99.5144 + 3026.41 = 3125.93 over 307 frames.
usctimit_ema_m3_101 k ae f dh s er w n l aa f t ey n t 
LOG (lattice-best-path[5.5.141~1-40a9d]:main():lattice-best-path.cc:99) For utterance usctimit_ema_m3_113, best cost 116.363 + 3570.89 = 3687.26 over 382 frames.
usctimit_ema_m3_113 w aa t ah f ao m uw iy s ah s ah d ay l z sil 
LOG (lattice-best-path[5.5.141~1-40a9d]:main():lattice-best-path.cc:99) For utterance usctimit_ema_m3_129, best cost 118.367 + 3824.07 = 3942.44 over 411 frames.
usctimit_ema_m3_129 jh m ay ch k er ae s iy k n y ah n ih t aa l 
LOG (lattice-best-path[5.5.141~1-40a9d]:main():lattice-best-path.cc:99) For utterance usctimit_ema_m3_141, best cost 120.856 + 3475.74 = 3596.59 over 354 frames.
usctimit_ema_m3_141 r m uw d s b ah n jh w th t er k iy z ah z sil 
LOG (lattice-best-path[5.5.141~1-40a9d]:main():lattice-best-path.cc:99) For utterance usctimit_ema_m3_147, best cost 123.414 + 4076.02 = 4199.43 over 438 frames.
usctimit_ema_m3_147 sil ih er m ey n ay f ao f r n d b ae n iy n z 
LOG (lattice-best-path[5.5.141~1-40a9d]:main():lattice-best-path.cc:99) For utterance usctimit_ema_m3_192, best cost 133.426 + 4104.66 = 4238.09 over 428 frames.
usctimit_ema_m3_192 sil sil l ih b eh s p eh z n jh eh p aa g l er iy sil 
LOG (lattice-best-path[5.5.141~1-40a9d]:main():lattice-best-path.cc:99) For utterance usctimit_ema_m3_203, best cost 123.527 + 3840.07 = 3963.59 over 419 frames.
usctimit_ema_m3_203 ah p ah b ah jh b aa t ey ow m ah g er aw zh sil 
LOG (lattice-best-path[5.5.141~1-40a9d]:main():lattice-best-path.cc:99) For utterance usctimit_ema_m3_260, best cost 160.386 + 4207.21 = 4367.59 over 446 frames.
usctimit_ema_m3_260 r sh f ay z eh k aw m ay n d r ay ah n er b r ah sh ah n ae t ah 
LOG (lattice-best-path[5.5.141~1-40a9d]:main():lattice-best-path.cc:99) For utterance usctimit_ema_m3_267, best cost 137.042 + 4815.81 = 4952.85 over 519 frames.
usctimit_ema_m3_267 ih s k ae k ow s m ao r l ae v er ey n iy iy t iy sil 
LOG (lattice-best-path[5.5.141~1-40a9d]:main():lattice-best-path.cc:99) For utterance usctimit_ema_m3_282, best cost 203.711 + 6251.43 = 6455.14 over 657 frames.
usctimit_ema_m3_282 sil iy ae t er z ow b iy s ey f ao r ey k iy ih g ah th er k eh f l ih f er s sil sil 
LOG (lattice-best-path[5.5.141~1-40a9d]:main():lattice-best-path.cc:99) For utterance usctimit_ema_m3_300, best cost 127.363 + 4162.52 = 4289.88 over 450 frames.
usctimit_ema_m3_300 dh ih b ih g aa l d jh uw ao n y l r ay t ao l 
LOG (lattice-best-path[5.5.141~1-40a9d]:main():lattice-best-path.cc:99) For utterance usctimit_ema_m3_316, best cost 220.451 + 5524.04 = 5744.49 over 569 frames.
usctimit_ema_m3_316 ih p r iy s uw er k ah n r oy s uh f y l ay n z b aa dh iy m er d z ih k n ih sh n z sil 
LOG (lattice-best-path[5.5.141~1-40a9d]:main():lattice-best-path.cc:99) For utterance usctimit_ema_m3_320, best cost 127.642 + 4214.31 = 4341.95 over 447 frames.
usctimit_ema_m3_320 sil ah k aa s er l n jh oy sh ow f ih sh t ih sh sil 
LOG (lattice-best-path[5.5.141~1-40a9d]:main():lattice-best-path.cc:99) For utterance usctimit_ema_m3_335, best cost 118.035 + 4438.68 = 4556.71 over 449 frames.
usctimit_ema_m3_335 sil aa p ih r ow ow ow r dh ow ih er n er l z 
LOG (lattice-best-path[5.5.141~1-40a9d]:main():lattice-best-path.cc:99) For utterance usctimit_ema_m3_336, best cost 120.899 + 3639.26 = 3760.16 over 372 frames.
usctimit_ema_m3_336 eh n oy z aa m r z m ao n ow ih n iy ch dh ey 
LOG (lattice-best-path[5.5.141~1-40a9d]:main():lattice-best-path.cc:99) For utterance usctimit_ema_m3_338, best cost 142.01 + 4616.4 = 4758.41 over 500 frames.
usctimit_ema_m3_338 dh eh d ay r ae m ey s ae n s l ae t r m ah ch ah iy sil 
LOG (lattice-best-path[5.5.141~1-40a9d]:main():lattice-best-path.cc:99) For utterance usctimit_ema_m3_339, best cost 124.931 + 3862.72 = 3987.65 over 423 frames.
usctimit_ema_m3_339 ah b ao r n aa l ah s ah p er s ih p iy n d l sil 
LOG (lattice-best-path[5.5.141~1-40a9d]:main():lattice-best-path.cc:99) For utterance usctimit_ema_m3_357, best cost 143.54 + 4466.4 = 4609.94 over 462 frames.
usctimit_ema_m3_357 iy aa m aw s ae b r ih k aa s ah s iy l ah s b iy er d sil 
LOG (lattice-best-path[5.5.141~1-40a9d]:main():lattice-best-path.cc:99) For utterance usctimit_ema_m3_359, best cost 121.086 + 3683 = 3804.09 over 389 frames.
usctimit_ema_m3_359 k aw s ih m ey s b ow n z n t iy s r l sil 
LOG (lattice-best-path[5.5.141~1-40a9d]:main():lattice-best-path.cc:99) For utterance usctimit_ema_m3_379, best cost 137.723 + 4572.81 = 4710.53 over 477 frames.
usctimit_ema_m3_379 sil ay r s ih s ah z uw z l eh n s ae n ih s iy r z sil 
LOG (lattice-best-path[5.5.141~1-40a9d]:main():lattice-best-path.cc:99) For utterance usctimit_ema_m3_385, best cost 102.798 + 3276.48 = 3379.28 over 354 frames.
usctimit_ema_m3_385 eh r iy k ae m iy jh iy p ey ih aa th ah n 
LOG (lattice-best-path[5.5.141~1-40a9d]:main():lattice-best-path.cc:99) For utterance usctimit_ema_m3_390, best cost 166.741 + 4179.1 = 4345.84 over 428 frames.
usctimit_ema_m3_390 dh iy ow w ey ch aa m r k ih s ah p oy z n ih d eh n iy w n s t iy 
LOG (lattice-best-path[5.5.141~1-40a9d]:main():lattice-best-path.cc:99) For utterance usctimit_ema_m3_423, best cost 156.471 + 4807.01 = 4963.48 over 495 frames.
usctimit_ema_m3_423 sil ah k ow s ah f r t ow s er ae t ow sh er sh aa n ih f er sil 
LOG (lattice-best-path[5.5.141~1-40a9d]:main():lattice-best-path.cc:99) For utterance usctimit_ema_m3_434, best cost 77.4953 + 2610.88 = 2688.37 over 285 frames.
usctimit_ema_m3_434 sil r ae sh ao ay z l er z sil 
LOG (lattice-best-path[5.5.141~1-40a9d]:main():lattice-best-path.cc:99) For utterance usctimit_ema_m3_438, best cost 167.183 + 4773.4 = 4940.58 over 495 frames.
usctimit_ema_m3_438 iy p ay aa t er m aa l ih n t ah p ih p iy er s iy t r k n sh n sil 
LOG (lattice-best-path[5.5.141~1-40a9d]:main():lattice-best-path.cc:99) For utterance usctimit_ema_m3_442, best cost 132.002 + 3766.8 = 3898.8 over 404 frames.
usctimit_ema_m3_442 w ih t l iy ch iy s b ah d ih t uw l ih s p r iy sil 
LOG (lattice-best-path[5.5.141~1-40a9d]:main():lattice-best-path.cc:99) For utterance usctimit_ema_m3_444, best cost 190.597 + 5723.58 = 5914.18 over 603 frames.
usctimit_ema_m3_444 r aa m ey ae g eh ey n uw aa sh r d iy n er ay n iy s p r p ay f r z er sil 
LOG (lattice-best-path[5.5.141~1-40a9d]:main():lattice-best-path.cc:99) For utterance usctimit_ema_m3_457, best cost 180.524 + 5241.67 = 5422.2 over 560 frames.
usctimit_ema_m3_457 sil k aa f iy z er n ah n s iy jh ah m l ih k s ow s n t ae b r s ao n z 
LOG (lattice-best-path[5.5.141~1-40a9d]:main():lattice-best-path.cc:99) For utterance usctimit_ema_m3_458, best cost 185.683 + 5058.31 = 5244 over 535 frames.
usctimit_ema_m3_458 sil b eh s d iy ng b ey p r w s k aa b ay k ao ay d ey p r z ey sh d sil 
LOG (lattice-scale[5.5.141~1-40a9d]:main():lattice-scale.cc:107) Done 183 lattices.
LOG (lattice-add-penalty[5.5.141~1-40a9d]:main():lattice-add-penalty.cc:62) Done adding word insertion penalty to 183 lattices.
LOG (lattice-best-path[5.5.141~1-40a9d]:main():lattice-best-path.cc:99) For utterance usctimit_ema_m3_460, best cost 109.496 + 4490.33 = 4599.83 over 497 frames.
usctimit_ema_m3_460 sil w ih ch s iy er sh ah z l ih g uw s sil 
LOG (lattice-best-path[5.5.141~1-40a9d]:main():lattice-best-path.cc:124) Overall cost per frame is 9.53041 = 0.308085 [graph] + 9.22232 [acoustic] over 81821 frames.
LOG (lattice-best-path[5.5.141~1-40a9d]:main():lattice-best-path.cc:128) Done 183 lattices, failed for 0
# Accounting: time=18 threads=1
# Ended (code 0) at Mon Dec 24 19:59:58 EET 2018, elapsed time 18 seconds
