# lattice-scale --inv-acoustic-scale=14 "ark:gunzip -c exp/ug/mono/decode/lat.*.gz|" ark:- | lattice-add-penalty --word-ins-penalty=1.0 ark:- ark:- | lattice-best-path --word-symbol-table=exp/ug/mono/graph/words.txt ark:- ark,t:- | utils/int2sym.pl -f 2- exp/ug/mono/graph/words.txt | cat > exp/ug/mono/decode/scoring_kaldi/penalty_1.0/14.txt 
# Started at Mon Dec 24 20:00:16 EET 2018
#
lattice-best-path --word-symbol-table=exp/ug/mono/graph/words.txt ark:- ark,t:- 
lattice-add-penalty --word-ins-penalty=1.0 ark:- ark:- 
lattice-scale --inv-acoustic-scale=14 'ark:gunzip -c exp/ug/mono/decode/lat.*.gz|' ark:- 
LOG (lattice-best-path[5.5.141~1-40a9d]:main():lattice-best-path.cc:99) For utterance usctimit_ema_f1_021, best cost 77.0334 + 1684.86 = 1761.9 over 290 frames.
usctimit_ema_f1_021 aa m iy oy r s aa ah n er z 
LOG (lattice-best-path[5.5.141~1-40a9d]:main():lattice-best-path.cc:99) For utterance usctimit_ema_f1_028, best cost 131.207 + 2980.2 = 3111.41 over 499 frames.
usctimit_ema_f1_028 l ah uw z ih k ah ah t er ih s ah t ey p aa y l r iy 
LOG (lattice-best-path[5.5.141~1-40a9d]:main():lattice-best-path.cc:99) For utterance usctimit_ema_f1_031, best cost 98.6403 + 2406.37 = 2505.01 over 395 frames.
usctimit_ema_f1_031 aa s l r s l z er d iy sh ah z n sil 
LOG (lattice-best-path[5.5.141~1-40a9d]:main():lattice-best-path.cc:99) For utterance usctimit_ema_f1_052, best cost 115.989 + 2600.85 = 2716.84 over 431 frames.
usctimit_ema_f1_052 aa s ah l t eh t z jh iy l aa d ah f iy er iy 
LOG (lattice-best-path[5.5.141~1-40a9d]:main():lattice-best-path.cc:99) For utterance usctimit_ema_f1_054, best cost 94.0828 + 2223.44 = 2317.53 over 382 frames.
usctimit_ema_f1_054 ch aa n s iy ch eh s n t l jh n z 
LOG (lattice-best-path[5.5.141~1-40a9d]:main():lattice-best-path.cc:99) For utterance usctimit_ema_f1_072, best cost 85.4149 + 2323.61 = 2409.02 over 403 frames.
usctimit_ema_f1_072 s ih n z ah ey f ih k iy r k s 
LOG (lattice-best-path[5.5.141~1-40a9d]:main():lattice-best-path.cc:99) For utterance usctimit_ema_f1_078, best cost 108.697 + 2574.38 = 2683.08 over 447 frames.
usctimit_ema_f1_078 l eh t aa s l iy z aa t ow p ay n s ah z 
LOG (lattice-best-path[5.5.141~1-40a9d]:main():lattice-best-path.cc:99) For utterance usctimit_ema_f1_090, best cost 104.214 + 2061.2 = 2165.42 over 353 frames.
usctimit_ema_f1_090 iy m eh z ih s ah s ah l iy d l iy ay l z 
LOG (lattice-best-path[5.5.141~1-40a9d]:main():lattice-best-path.cc:99) For utterance usctimit_ema_f1_105, best cost 126.987 + 2831.16 = 2958.14 over 461 frames.
usctimit_ema_f1_105 ih k ay ow iy aa k ae eh d ay iy ae r oy l ae ah z 
LOG (lattice-best-path[5.5.141~1-40a9d]:main():lattice-best-path.cc:99) For utterance usctimit_ema_f1_108, best cost 121.172 + 2749.26 = 2870.43 over 458 frames.
usctimit_ema_f1_108 r t eh v r z ey f ah aa p eh ae r n jh iy z 
LOG (lattice-best-path[5.5.141~1-40a9d]:main():lattice-best-path.cc:99) For utterance usctimit_ema_f1_111, best cost 81.5098 + 2015.37 = 2096.88 over 329 frames.
usctimit_ema_f1_111 r ih sh ow t ao ih z z r iy l 
LOG (lattice-best-path[5.5.141~1-40a9d]:main():lattice-best-path.cc:99) For utterance usctimit_ema_f1_115, best cost 91.6037 + 2108.24 = 2199.85 over 355 frames.
usctimit_ema_f1_115 sil ey f ao ae ch eh s er r p eh z 
LOG (lattice-best-path[5.5.141~1-40a9d]:main():lattice-best-path.cc:99) For utterance usctimit_ema_f1_123, best cost 110.598 + 2892.01 = 3002.61 over 492 frames.
usctimit_ema_f1_123 ih b ah n l s ow s ah z ah ch iy iy sh ao er 
LOG (lattice-best-path[5.5.141~1-40a9d]:main():lattice-best-path.cc:99) For utterance usctimit_ema_f1_126, best cost 149.718 + 2626.73 = 2776.45 over 432 frames.
usctimit_ema_f1_126 w ah sh ao aa k ow z ow p ey ih n ey k aa f ih k ey sh ae n 
LOG (lattice-best-path[5.5.141~1-40a9d]:main():lattice-best-path.cc:99) For utterance usctimit_ema_f1_134, best cost 77.1067 + 2347.87 = 2424.98 over 416 frames.
usctimit_ema_f1_134 iy iy k ih z iy z ae s ah z ah 
LOG (lattice-best-path[5.5.141~1-40a9d]:main():lattice-best-path.cc:99) For utterance usctimit_ema_f1_153, best cost 170.146 + 3667.34 = 3837.49 over 618 frames.
usctimit_ema_f1_153 ih m ay ng iy k eh s ah s aw t z ih p iy l s er v ey sh n r l n z 
LOG (lattice-best-path[5.5.141~1-40a9d]:main():lattice-best-path.cc:99) For utterance usctimit_ema_f1_162, best cost 106.453 + 2804.31 = 2910.76 over 486 frames.
usctimit_ema_f1_162 ah s ao k aa d z n aw k oy t ey sh ah 
LOG (lattice-best-path[5.5.141~1-40a9d]:main():lattice-best-path.cc:99) For utterance usctimit_ema_f1_170, best cost 95.488 + 2702.05 = 2797.54 over 459 frames.
usctimit_ema_f1_170 k ao er ay s iy l m ih k s eh t aw 
LOG (lattice-best-path[5.5.141~1-40a9d]:main():lattice-best-path.cc:99) For utterance usctimit_ema_f1_198, best cost 69.3576 + 2044.47 = 2113.83 over 368 frames.
usctimit_ema_f1_198 ah p er n ay ih r k er z 
LOG (lattice-best-path[5.5.141~1-40a9d]:main():lattice-best-path.cc:99) For utterance usctimit_ema_f1_209, best cost 52.9001 + 1936.36 = 1989.26 over 339 frames.
usctimit_ema_f1_209 iy ih ng r l n ae 
LOG (lattice-best-path[5.5.141~1-40a9d]:main():lattice-best-path.cc:99) For utterance usctimit_ema_f1_213, best cost 90.3199 + 2125.22 = 2215.54 over 358 frames.
usctimit_ema_f1_213 ay m ay z aa k aw t ay iy n s iy 
LOG (lattice-best-path[5.5.141~1-40a9d]:main():lattice-best-path.cc:99) For utterance usctimit_ema_f1_227, best cost 73.4425 + 2223.49 = 2296.93 over 386 frames.
usctimit_ema_f1_227 ay iy ng iy l er uw ey l er 
LOG (lattice-best-path[5.5.141~1-40a9d]:main():lattice-best-path.cc:99) For utterance usctimit_ema_f1_236, best cost 94.5304 + 2097.41 = 2191.94 over 358 frames.
usctimit_ema_f1_236 ah oy l iy t uw ih s ae l t eh s ng 
LOG (lattice-best-path[5.5.141~1-40a9d]:main():lattice-best-path.cc:99) For utterance usctimit_ema_f1_239, best cost 86.761 + 2340.68 = 2427.44 over 412 frames.
usctimit_ema_f1_239 w t aa iy s ah ch aa n iy z iy sil 
LOG (lattice-best-path[5.5.141~1-40a9d]:main():lattice-best-path.cc:99) For utterance usctimit_ema_f1_242, best cost 91.9792 + 2076.37 = 2168.35 over 356 frames.
usctimit_ema_f1_242 d ey t ih k ah f aa m ih s ao l s 
LOG (lattice-best-path[5.5.141~1-40a9d]:main():lattice-best-path.cc:99) For utterance usctimit_ema_f1_244, best cost 111.161 + 2328.6 = 2439.76 over 398 frames.
usctimit_ema_f1_244 iy eh k aa d k aa ow r d f aw r b eh n z 
LOG (lattice-best-path[5.5.141~1-40a9d]:main():lattice-best-path.cc:99) For utterance usctimit_ema_f1_250, best cost 74.3398 + 1909.48 = 1983.82 over 346 frames.
usctimit_ema_f1_250 dh m eh s r s ae sh aa s iy 
LOG (lattice-best-path[5.5.141~1-40a9d]:main():lattice-best-path.cc:99) For utterance usctimit_ema_f1_252, best cost 140.687 + 3276.14 = 3416.83 over 550 frames.
usctimit_ema_f1_252 aa s ah b ah iy t w r k ah ah t r sh n z ae w er d iy 
LOG (lattice-best-path[5.5.141~1-40a9d]:main():lattice-best-path.cc:99) For utterance usctimit_ema_f1_255, best cost 111.983 + 2522.22 = 2634.2 over 428 frames.
usctimit_ema_f1_255 dh t ih f er f r ae t aa m ay n t ih f aa 
LOG (lattice-best-path[5.5.141~1-40a9d]:main():lattice-best-path.cc:99) For utterance usctimit_ema_f1_262, best cost 144.046 + 3426.47 = 3570.51 over 572 frames.
usctimit_ema_f1_262 ih s r sh r z r t ih k ow iy f er m ih f er eh t ay er 
LOG (lattice-best-path[5.5.141~1-40a9d]:main():lattice-best-path.cc:99) For utterance usctimit_ema_f1_286, best cost 90.3284 + 1784.07 = 1874.4 over 302 frames.
usctimit_ema_f1_286 eh t ah ch ey z z ae s er s l s ah 
LOG (lattice-best-path[5.5.141~1-40a9d]:main():lattice-best-path.cc:99) For utterance usctimit_ema_f1_297, best cost 114.424 + 3309.07 = 3423.5 over 592 frames.
usctimit_ema_f1_297 r iy n t aa n ch ah s ao t r t n z iy f n 
LOG (lattice-best-path[5.5.141~1-40a9d]:main():lattice-best-path.cc:99) For utterance usctimit_ema_f1_299, best cost 122.884 + 2849.13 = 2972.02 over 491 frames.
usctimit_ema_f1_299 ae dh n n er t iy z ah z s oy s aa s ay y ae n 
LOG (lattice-best-path[5.5.141~1-40a9d]:main():lattice-best-path.cc:99) For utterance usctimit_ema_f1_302, best cost 121.321 + 3326.6 = 3447.92 over 573 frames.
usctimit_ema_f1_302 ih d ah l ah ae ah s iy n aa t ah f iy sh l ah z 
LOG (lattice-best-path[5.5.141~1-40a9d]:main():lattice-best-path.cc:99) For utterance usctimit_ema_f1_311, best cost 126.483 + 2990.89 = 3117.38 over 495 frames.
usctimit_ema_f1_311 r iy ch ae v z jh ah s ah t uw b ay z iy r ah er 
LOG (lattice-best-path[5.5.141~1-40a9d]:main():lattice-best-path.cc:99) For utterance usctimit_ema_f1_317, best cost 134.517 + 3917.86 = 4052.37 over 679 frames.
usctimit_ema_f1_317 ah iy aa iy t ay k ah s w er sh n aa l iy ae n s ah er 
LOG (lattice-best-path[5.5.141~1-40a9d]:main():lattice-best-path.cc:99) For utterance usctimit_ema_f1_320, best cost 103.865 + 2642.35 = 2746.22 over 454 frames.
usctimit_ema_f1_320 ah k ae s er l n d er d sh l ih ch ah ch 
LOG (lattice-best-path[5.5.141~1-40a9d]:main():lattice-best-path.cc:99) For utterance usctimit_ema_f1_323, best cost 110.435 + 2610.52 = 2720.96 over 450 frames.
usctimit_ema_f1_323 ae n s oy sh n ay ch er k oy z ae k ah z 
LOG (lattice-best-path[5.5.141~1-40a9d]:main():lattice-best-path.cc:99) For utterance usctimit_ema_f1_325, best cost 104.38 + 2335.08 = 2439.46 over 400 frames.
usctimit_ema_f1_325 t ao sh ah l ah m aa jh z ey t ay m iy z 
LOG (lattice-best-path[5.5.141~1-40a9d]:main():lattice-best-path.cc:99) For utterance usctimit_ema_f1_342, best cost 99.9669 + 2684.54 = 2784.51 over 452 frames.
usctimit_ema_f1_342 jh oy z er t eh t r f r l ah s ih n 
LOG (lattice-best-path[5.5.141~1-40a9d]:main():lattice-best-path.cc:99) For utterance usctimit_ema_f1_346, best cost 81.3754 + 1944.16 = 2025.53 over 328 frames.
usctimit_ema_f1_346 ao k ah m ng s uw z iy ch iy er 
LOG (lattice-best-path[5.5.141~1-40a9d]:main():lattice-best-path.cc:99) For utterance usctimit_ema_f1_347, best cost 121.196 + 2639.09 = 2760.29 over 452 frames.
usctimit_ema_f1_347 r jh ah p er n ay d eh f iy jh ih g ae sh ah jh 
LOG (lattice-best-path[5.5.141~1-40a9d]:main():lattice-best-path.cc:99) For utterance usctimit_ema_f1_356, best cost 78.3898 + 1803.14 = 1881.53 over 302 frames.
usctimit_ema_f1_356 dh l ay k l m ae ch aw er z 
LOG (lattice-best-path[5.5.141~1-40a9d]:main():lattice-best-path.cc:99) For utterance usctimit_ema_f1_360, best cost 142.612 + 2793.3 = 2935.91 over 462 frames.
usctimit_ema_f1_360 ih t ih s iy s l iy f ay d iy n s er dh z ah s m l iy sil 
LOG (lattice-best-path[5.5.141~1-40a9d]:main():lattice-best-path.cc:99) For utterance usctimit_ema_f1_362, best cost 85.9763 + 2402.54 = 2488.51 over 430 frames.
usctimit_ema_f1_362 ey s ih ng ah er ao l r n t iy er 
LOG (lattice-best-path[5.5.141~1-40a9d]:main():lattice-best-path.cc:99) For utterance usctimit_ema_f1_364, best cost 142.043 + 2689.18 = 2831.22 over 457 frames.
usctimit_ema_f1_364 ih t ae s ah t ae b er d eh k aa z ih k ae t ae dh t ae n 
LOG (lattice-best-path[5.5.141~1-40a9d]:main():lattice-best-path.cc:99) For utterance usctimit_ema_f1_368, best cost 90.6959 + 2602.94 = 2693.63 over 450 frames.
usctimit_ema_f1_368 r z uw ae n ah t n ih sh ae m ch 
LOG (lattice-best-path[5.5.141~1-40a9d]:main():lattice-best-path.cc:99) For utterance usctimit_ema_f1_382, best cost 123.106 + 3372.65 = 3495.75 over 595 frames.
usctimit_ema_f1_382 s ae sh l iy l t ah k ae s ah iy l n ch ah dh ng 
LOG (lattice-best-path[5.5.141~1-40a9d]:main():lattice-best-path.cc:99) For utterance usctimit_ema_f1_394, best cost 126.796 + 3161.73 = 3288.53 over 548 frames.
usctimit_ema_f1_394 iy z ih r s ah w iy s n t f ay k l s m er z z 
LOG (lattice-best-path[5.5.141~1-40a9d]:main():lattice-best-path.cc:99) For utterance usctimit_ema_f1_397, best cost 142.751 + 2926.77 = 3069.52 over 501 frames.
usctimit_ema_f1_397 sil t ah r n aw s ay z aa f n s aa f er f n g ae ae ah 
LOG (lattice-best-path[5.5.141~1-40a9d]:main():lattice-best-path.cc:99) For utterance usctimit_ema_f1_402, best cost 86.2229 + 2265.73 = 2351.95 over 401 frames.
usctimit_ema_f1_402 r s ih t ae t ih f r n ch iy z 
LOG (lattice-best-path[5.5.141~1-40a9d]:main():lattice-best-path.cc:99) For utterance usctimit_ema_f1_405, best cost 108.313 + 2953.66 = 3061.97 over 510 frames.
usctimit_ema_f1_405 w ey ah s er iy s ae k oy z n r ng r ae 
LOG (lattice-best-path[5.5.141~1-40a9d]:main():lattice-best-path.cc:99) For utterance usctimit_ema_f1_451, best cost 131.95 + 2697.9 = 2829.85 over 444 frames.
usctimit_ema_f1_451 ch ow ih n k uw z ih m ay f r l t m n s ih n ng 
LOG (lattice-best-path[5.5.141~1-40a9d]:main():lattice-best-path.cc:99) For utterance usctimit_ema_f1_453, best cost 106.711 + 2784.41 = 2891.12 over 476 frames.
usctimit_ema_f1_453 l n er z k r ng iy n z ah ch ah p er n 
LOG (lattice-best-path[5.5.141~1-40a9d]:main():lattice-best-path.cc:99) For utterance usctimit_ema_f1_456, best cost 126.587 + 2556.69 = 2683.28 over 433 frames.
usctimit_ema_f1_456 ah ao s ih d eh t l n p ae t uw ae z k aa r ih m 
LOG (lattice-best-path[5.5.141~1-40a9d]:main():lattice-best-path.cc:99) For utterance usctimit_ema_f1_460, best cost 55.8923 + 1920.4 = 1976.29 over 334 frames.
usctimit_ema_f1_460 w ih sh iy sh ah z 
LOG (lattice-best-path[5.5.141~1-40a9d]:main():lattice-best-path.cc:99) For utterance usctimit_ema_f5_009, best cost 66.6768 + 1932.48 = 1999.16 over 341 frames.
usctimit_ema_f5_009 y l aw r r l ay 
LOG (lattice-best-path[5.5.141~1-40a9d]:main():lattice-best-path.cc:99) For utterance usctimit_ema_f5_011, best cost 71.6827 + 1890.57 = 1962.25 over 301 frames.
usctimit_ema_f5_011 iy r m s ay z k ae n 
LOG (lattice-best-path[5.5.141~1-40a9d]:main():lattice-best-path.cc:99) For utterance usctimit_ema_f5_017, best cost 94.6854 + 2142.65 = 2237.33 over 328 frames.
usctimit_ema_f5_017 aw m iy r z f ao s m ae z w l 
LOG (lattice-best-path[5.5.141~1-40a9d]:main():lattice-best-path.cc:99) For utterance usctimit_ema_f5_019, best cost 97.1563 + 1906.51 = 2003.67 over 308 frames.
usctimit_ema_f5_019 ah f ah l f ah hh l p iy f iy m 
LOG (lattice-best-path[5.5.141~1-40a9d]:main():lattice-best-path.cc:99) For utterance usctimit_ema_f5_066, best cost 61.769 + 2263.22 = 2324.99 over 335 frames.
usctimit_ema_f5_066 eh g ah s t f iy iy 
LOG (lattice-best-path[5.5.141~1-40a9d]:main():lattice-best-path.cc:99) For utterance usctimit_ema_f5_080, best cost 107.111 + 2668.25 = 2775.36 over 417 frames.
usctimit_ema_f5_080 ih k ah s n ah iy er t aa eh p ay l z 
LOG (lattice-best-path[5.5.141~1-40a9d]:main():lattice-best-path.cc:99) For utterance usctimit_ema_f5_081, best cost 135.477 + 2380.59 = 2516.07 over 373 frames.
usctimit_ema_f5_081 ae s k r iy p er iy s t ae s w n z n eh ih sh n 
LOG (lattice-best-path[5.5.141~1-40a9d]:main():lattice-best-path.cc:99) For utterance usctimit_ema_f5_090, best cost 78.6904 + 2412.63 = 2491.32 over 385 frames.
usctimit_ema_f5_090 ah d iy d l iy k ay l z 
LOG (lattice-best-path[5.5.141~1-40a9d]:main():lattice-best-path.cc:99) For utterance usctimit_ema_f5_143, best cost 93.1675 + 2805.57 = 2898.73 over 473 frames.
usctimit_ema_f5_143 s ao t z ih sh ah s ih s n sh ah 
LOG (lattice-best-path[5.5.141~1-40a9d]:main():lattice-best-path.cc:99) For utterance usctimit_ema_f5_144, best cost 147.043 + 3619.15 = 3766.2 over 594 frames.
usctimit_ema_f5_144 eh s k ao t z iy er n uw b ow t hh aa iy aa iy z 
LOG (lattice-best-path[5.5.141~1-40a9d]:main():lattice-best-path.cc:99) For utterance usctimit_ema_f5_162, best cost 130.661 + 2851.17 = 2981.83 over 483 frames.
usctimit_ema_f5_162 ah s ao k aa jh z n aw k oy jh k ey sh n l 
LOG (lattice-best-path[5.5.141~1-40a9d]:main():lattice-best-path.cc:99) For utterance usctimit_ema_f5_163, best cost 144.956 + 3208.75 = 3353.71 over 532 frames.
usctimit_ema_f5_163 r ch ah k r z aa ah hh iy z jh ae w z ah m z f r iy 
LOG (lattice-best-path[5.5.141~1-40a9d]:main():lattice-best-path.cc:99) For utterance usctimit_ema_f5_164, best cost 83.5314 + 2378.6 = 2462.13 over 405 frames.
usctimit_ema_f5_164 ih k uw z t aw dh t uw d 
LOG (lattice-best-path[5.5.141~1-40a9d]:main():lattice-best-path.cc:99) For utterance usctimit_ema_f5_174, best cost 90.8684 + 2332.92 = 2423.79 over 386 frames.
usctimit_ema_f5_174 t ae t r f ae sh n z y er 
LOG (lattice-best-path[5.5.141~1-40a9d]:main():lattice-best-path.cc:99) For utterance usctimit_ema_f5_197, best cost 67.3807 + 2356.77 = 2424.15 over 400 frames.
usctimit_ema_f5_197 m l p ah p w ah k 
LOG (lattice-best-path[5.5.141~1-40a9d]:main():lattice-best-path.cc:99) For utterance usctimit_ema_f5_208, best cost 71.8016 + 2178.81 = 2250.61 over 373 frames.
usctimit_ema_f5_208 iy p oy ah iy ow sh n 
LOG (lattice-best-path[5.5.141~1-40a9d]:main():lattice-best-path.cc:99) For utterance usctimit_ema_f5_233, best cost 179.683 + 4056.2 = 4235.88 over 648 frames.
usctimit_ema_f5_233 f er n iy ey b l iy sil er t l aw ay d ae k t n s eh t f iy iy 
LOG (lattice-best-path[5.5.141~1-40a9d]:main():lattice-best-path.cc:99) For utterance usctimit_ema_f5_243, best cost 101.663 + 2191.33 = 2292.99 over 363 frames.
usctimit_ema_f5_243 aa hh l d ey p r n iy l b l t ah z 
LOG (lattice-best-path[5.5.141~1-40a9d]:main():lattice-best-path.cc:99) For utterance usctimit_ema_f5_244, best cost 105.23 + 2499.41 = 2604.64 over 412 frames.
usctimit_ema_f5_244 iy k ah f ah d p aw ah f aa b eh d s 
LOG (lattice-best-path[5.5.141~1-40a9d]:main():lattice-best-path.cc:99) For utterance usctimit_ema_f5_272, best cost 124.487 + 2221.5 = 2345.99 over 364 frames.
usctimit_ema_f5_272 t ow f l z m ey t r p ao s ah s oy b iy z 
LOG (lattice-best-path[5.5.141~1-40a9d]:main():lattice-best-path.cc:99) For utterance usctimit_ema_f5_281, best cost 177.74 + 3562.59 = 3740.33 over 565 frames.
usctimit_ema_f5_281 ay d ay r z ih s ah p l d iy w n f ao m ih k er k r k ah s ah 
LOG (lattice-best-path[5.5.141~1-40a9d]:main():lattice-best-path.cc:99) For utterance usctimit_ema_f5_304, best cost 174.257 + 4073.04 = 4247.29 over 667 frames.
usctimit_ema_f5_304 s aa p ay t iy n r g l d ah ao k z k oy n ae sh l f ao r z 
LOG (lattice-best-path[5.5.141~1-40a9d]:main():lattice-best-path.cc:99) For utterance usctimit_ema_f5_307, best cost 102.734 + 2494.75 = 2597.49 over 418 frames.
usctimit_ema_f5_307 d ch ah k ah t eh b ey aw hh l p 
LOG (lattice-best-path[5.5.141~1-40a9d]:main():lattice-best-path.cc:99) For utterance usctimit_ema_f5_329, best cost 121.226 + 3067.08 = 3188.31 over 535 frames.
usctimit_ema_f5_329 ih k aw w n er f ah f er m n iy m ao s 
LOG (lattice-best-path[5.5.141~1-40a9d]:main():lattice-best-path.cc:99) For utterance usctimit_ema_f5_330, best cost 204.983 + 3906.76 = 4111.75 over 611 frames.
usctimit_ema_f5_330 iy t ah t ay m iy d ah ao s k l n s ay ih b dh b r k ae n z iy s z d m p r 
LOG (lattice-best-path[5.5.141~1-40a9d]:main():lattice-best-path.cc:99) For utterance usctimit_ema_f5_334, best cost 157.997 + 3253.56 = 3411.56 over 536 frames.
usctimit_ema_f5_334 oy z k aa s t iy m iy b l ae k l s t iy k t iy l d iy 
LOG (lattice-best-path[5.5.141~1-40a9d]:main():lattice-best-path.cc:99) For utterance usctimit_ema_f5_336, best cost 110.325 + 2419.46 = 2529.78 over 396 frames.
usctimit_ema_f5_336 ae n oy s aa m r z m ao n oy iy t ey 
LOG (lattice-best-path[5.5.141~1-40a9d]:main():lattice-best-path.cc:99) For utterance usctimit_ema_f5_343, best cost 123.667 + 2991.36 = 3115.03 over 506 frames.
usctimit_ema_f5_343 ah jh s ah jh ih n uw r k y l jh k n z iy m 
LOG (lattice-best-path[5.5.141~1-40a9d]:main():lattice-best-path.cc:99) For utterance usctimit_ema_f5_348, best cost 99.3066 + 2729.05 = 2828.36 over 455 frames.
usctimit_ema_f5_348 ih k ih sh eh p uw er ao iy t ah d 
LOG (lattice-best-path[5.5.141~1-40a9d]:main():lattice-best-path.cc:99) For utterance usctimit_ema_f5_349, best cost 92.3214 + 2329.29 = 2421.61 over 405 frames.
usctimit_ema_f5_349 iy sh ao n s k r f jh oy z 
LOG (lattice-best-path[5.5.141~1-40a9d]:main():lattice-best-path.cc:99) For utterance usctimit_ema_f5_354, best cost 145.044 + 4084 = 4229.05 over 679 frames.
usctimit_ema_f5_354 w eh r dh g r m t p r sh r z ah z sil l n 
LOG (lattice-best-path[5.5.141~1-40a9d]:main():lattice-best-path.cc:99) For utterance usctimit_ema_f5_356, best cost 49.2327 + 1465.38 = 1514.61 over 219 frames.
usctimit_ema_f5_356 iy l ah iy l 
LOG (lattice-best-path[5.5.141~1-40a9d]:main():lattice-best-path.cc:99) For utterance usctimit_ema_f5_369, best cost 128.54 + 3190.15 = 3318.69 over 537 frames.
usctimit_ema_f5_369 sil er s ih jh ay ae t k ao s er ih t aa p ae 
LOG (lattice-best-path[5.5.141~1-40a9d]:main():lattice-best-path.cc:99) For utterance usctimit_ema_f5_375, best cost 118.994 + 2672.25 = 2791.24 over 435 frames.
usctimit_ema_f5_375 ay er sh eh t er z iy t r s p er ch r b r 
LOG (lattice-best-path[5.5.141~1-40a9d]:main():lattice-best-path.cc:99) For utterance usctimit_ema_f5_389, best cost 136.464 + 3483.17 = 3619.63 over 553 frames.
usctimit_ema_f5_389 t er k n iy n jh r k t ey iy t iy p iy t z 
LOG (lattice-best-path[5.5.141~1-40a9d]:main():lattice-best-path.cc:99) For utterance usctimit_ema_f5_392, best cost 136.678 + 3449.87 = 3586.54 over 574 frames.
usctimit_ema_f5_392 er ch ih n ae s d n k aa ah m z ih s ah sh uw z 
LOG (lattice-best-path[5.5.141~1-40a9d]:main():lattice-best-path.cc:99) For utterance usctimit_ema_f5_396, best cost 164.924 + 3315.39 = 3480.31 over 518 frames.
usctimit_ema_f5_396 iy ae t ay z ih ng b er s t ah r ay iy s r n eh b er ch ey d z 
LOG (lattice-best-path[5.5.141~1-40a9d]:main():lattice-best-path.cc:99) For utterance usctimit_ema_f5_406, best cost 135.516 + 3147.51 = 3283.02 over 512 frames.
usctimit_ema_f5_406 ow f ao s ih l iy v ow b ah t eh ch aw m z iy z 
LOG (lattice-best-path[5.5.141~1-40a9d]:main():lattice-best-path.cc:99) For utterance usctimit_ema_f5_424, best cost 75.1225 + 2164.35 = 2239.47 over 379 frames.
usctimit_ema_f5_424 iy p iy k l d iy hh n d 
LOG (lattice-best-path[5.5.141~1-40a9d]:main():lattice-best-path.cc:99) For utterance usctimit_ema_f5_426, best cost 86.9253 + 2235.79 = 2322.72 over 335 frames.
usctimit_ema_f5_426 iy z iy ah z ah l jh z iy iy ah 
LOG (lattice-best-path[5.5.141~1-40a9d]:main():lattice-best-path.cc:99) For utterance usctimit_ema_f5_431, best cost 117.241 + 2637 = 2754.24 over 427 frames.
usctimit_ema_f5_431 aa p aa f ao v ey sh z f iy r z er z 
LOG (lattice-best-path[5.5.141~1-40a9d]:main():lattice-best-path.cc:99) For utterance usctimit_ema_f5_436, best cost 118.946 + 2522.99 = 2641.93 over 405 frames.
usctimit_ema_f5_436 hh r s er th ey f r k ih k er z ah ng 
LOG (lattice-best-path[5.5.141~1-40a9d]:main():lattice-best-path.cc:99) For utterance usctimit_ema_f5_438, best cost 146.501 + 3079.76 = 3226.26 over 498 frames.
usctimit_ema_f5_438 iy p ay ao t ao ey m ao ih t k g iy s iy ch r g sh n 
LOG (lattice-best-path[5.5.141~1-40a9d]:main():lattice-best-path.cc:99) For utterance usctimit_ema_f5_447, best cost 145.662 + 3274.12 = 3419.78 over 536 frames.
usctimit_ema_f5_447 r n z iy n er k s ay n dh ay s t iy n s ow r k 
LOG (lattice-best-path[5.5.141~1-40a9d]:main():lattice-best-path.cc:99) For utterance usctimit_ema_f5_451, best cost 162.43 + 3438.64 = 3601.07 over 533 frames.
usctimit_ema_f5_451 t ah r ch l ah f ah s ih m n iy f er r l t m n s ah ng 
LOG (lattice-best-path[5.5.141~1-40a9d]:main():lattice-best-path.cc:99) For utterance usctimit_ema_m1_006, best cost 94.0591 + 2291.19 = 2385.25 over 381 frames.
usctimit_ema_m1_006 l y ao er iy f r s l iy ay t m z 
LOG (lattice-best-path[5.5.141~1-40a9d]:main():lattice-best-path.cc:99) For utterance usctimit_ema_m1_010, best cost 51.2324 + 1756.82 = 1808.05 over 306 frames.
usctimit_ema_m1_010 l w r iy l l iy 
LOG (lattice-best-path[5.5.141~1-40a9d]:main():lattice-best-path.cc:99) For utterance usctimit_ema_m1_012, best cost 111.135 + 2756.14 = 2867.27 over 456 frames.
usctimit_ema_m1_012 ao f er z ih s ae m r uw v r f ao m ow 
LOG (lattice-best-path[5.5.141~1-40a9d]:main():lattice-best-path.cc:99) For utterance usctimit_ema_m1_051, best cost 127.053 + 2597.95 = 2725 over 421 frames.
usctimit_ema_m1_051 ih k aa k r iy sh ah iy k r dh iy p r sh y ey d 
LOG (lattice-best-path[5.5.141~1-40a9d]:main():lattice-best-path.cc:99) For utterance usctimit_ema_m1_090, best cost 106.25 + 2170.3 = 2276.54 over 356 frames.
usctimit_ema_m1_090 y m s ih s l s ah l iy dh l iy f ay l z 
LOG (lattice-best-path[5.5.141~1-40a9d]:main():lattice-best-path.cc:99) For utterance usctimit_ema_m1_095, best cost 115.309 + 2547.55 = 2662.86 over 420 frames.
usctimit_ema_m1_095 b eh s w ey t l r s s l t er p r l l z 
LOG (lattice-best-path[5.5.141~1-40a9d]:main():lattice-best-path.cc:99) For utterance usctimit_ema_m1_098, best cost 105.766 + 2456.61 = 2562.37 over 421 frames.
usctimit_ema_m1_098 ah m s y l er ae n z k ih f r b ae k 
LOG (lattice-best-path[5.5.141~1-40a9d]:main():lattice-best-path.cc:99) For utterance usctimit_ema_m1_099, best cost 132.576 + 2849.44 = 2982.02 over 495 frames.
usctimit_ema_m1_099 ih k aa t uw f iy ch er z m aa s r ae k ah t ae p l 
LOG (lattice-best-path[5.5.141~1-40a9d]:main():lattice-best-path.cc:99) For utterance usctimit_ema_m1_137, best cost 141.435 + 3007.22 = 3148.66 over 499 frames.
usctimit_ema_m1_137 l s ih k ae t uw z jh ow jh b ay s ae r ay s t ae s 
LOG (lattice-best-path[5.5.141~1-40a9d]:main():lattice-best-path.cc:99) For utterance usctimit_ema_m1_139, best cost 131.25 + 3263.5 = 3394.75 over 571 frames.
usctimit_ema_m1_139 w r k n t ey t m ch k ao r iy n s aw n z ay z 
LOG (lattice-best-path[5.5.141~1-40a9d]:main():lattice-best-path.cc:99) For utterance usctimit_ema_m1_145, best cost 184.244 + 3312.75 = 3496.99 over 546 frames.
usctimit_ema_m1_145 sil eh jh p r k aa sh n iy l z b ay b ah m p aw er f er dh zh t ow k l 
LOG (lattice-best-path[5.5.141~1-40a9d]:main():lattice-best-path.cc:99) For utterance usctimit_ema_m1_158, best cost 163.336 + 3387.69 = 3551.02 over 573 frames.
usctimit_ema_m1_158 ay ng f er b r hh ao er f r k ao r z t w sh n eh t r t iy z 
LOG (lattice-best-path[5.5.141~1-40a9d]:main():lattice-best-path.cc:99) For utterance usctimit_ema_m1_160, best cost 165.897 + 3100.78 = 3266.67 over 512 frames.
usctimit_ema_m1_160 ch iy k er jh t r ch ah n t m ey k er ow hh l ng k aa s jh n z 
LOG (lattice-best-path[5.5.141~1-40a9d]:main():lattice-best-path.cc:99) For utterance usctimit_ema_m1_162, best cost 129.06 + 2927.33 = 3056.39 over 506 frames.
usctimit_ema_m1_162 l m ao s l k l jh z aa n aw k l ch ey sh ah l 
LOG (lattice-best-path[5.5.141~1-40a9d]:main():lattice-best-path.cc:99) For utterance usctimit_ema_m1_164, best cost 64.4451 + 2358.62 = 2423.07 over 407 frames.
usctimit_ema_m1_164 sil k uw z ow t uw sil 
LOG (lattice-best-path[5.5.141~1-40a9d]:main():lattice-best-path.cc:99) For utterance usctimit_ema_m1_166, best cost 87.5335 + 2140.54 = 2228.07 over 380 frames.
usctimit_ema_m1_166 dh k ae s m iy l t er w iy er z 
LOG (lattice-best-path[5.5.141~1-40a9d]:main():lattice-best-path.cc:99) For utterance usctimit_ema_m1_169, best cost 73.7235 + 1931.88 = 2005.6 over 346 frames.
usctimit_ema_m1_169 sil ao f r g aw n iy d ng 
LOG (lattice-best-path[5.5.141~1-40a9d]:main():lattice-best-path.cc:99) For utterance usctimit_ema_m1_179, best cost 96.876 + 2087.79 = 2184.66 over 365 frames.
usctimit_ema_m1_179 sil k aa iy ch r f ah n uw ae k s ah z 
LOG (lattice-best-path[5.5.141~1-40a9d]:main():lattice-best-path.cc:99) For utterance usctimit_ema_m1_183, best cost 129.859 + 3084.5 = 3214.36 over 544 frames.
usctimit_ema_m1_183 r p r ch er t er v iy w s ae ch uw s k p ow z er 
LOG (lattice-best-path[5.5.141~1-40a9d]:main():lattice-best-path.cc:99) For utterance usctimit_ema_m1_193, best cost 157.222 + 3163.32 = 3320.55 over 545 frames.
usctimit_ema_m1_193 ay g ey v n s ah ch oy z z m ah p ah n t ae p p ay ao er z 
LOG (lattice-best-path[5.5.141~1-40a9d]:main():lattice-best-path.cc:99) For utterance usctimit_ema_m1_204, best cost 65.8859 + 1918.05 = 1983.94 over 353 frames.
usctimit_ema_m1_204 hh aa g ih jh er d er z 
LOG (lattice-best-path[5.5.141~1-40a9d]:main():lattice-best-path.cc:99) For utterance usctimit_ema_m1_209, best cost 70.9753 + 1936.91 = 2007.89 over 352 frames.
usctimit_ema_m1_209 l uw l th n f er p oy n 
LOG (lattice-best-path[5.5.141~1-40a9d]:main():lattice-best-path.cc:99) For utterance usctimit_ema_m1_224, best cost 100.122 + 2337.52 = 2437.64 over 406 frames.
usctimit_ema_m1_224 l ey dh v r oy s r n ao z p l iy sil 
LOG (lattice-best-path[5.5.141~1-40a9d]:main():lattice-best-path.cc:99) For utterance usctimit_ema_m1_229, best cost 117.687 + 2296.4 = 2414.09 over 395 frames.
usctimit_ema_m1_229 m ay d iy w ih ng iy g n f ah hh aa k aa f iy 
LOG (lattice-best-path[5.5.141~1-40a9d]:main():lattice-best-path.cc:99) For utterance usctimit_ema_m1_237, best cost 115.769 + 2696.65 = 2812.42 over 450 frames.
usctimit_ema_m1_237 w s aa iy t ay n iy ay s k l z b l ow f sil 
LOG (lattice-best-path[5.5.141~1-40a9d]:main():lattice-best-path.cc:99) For utterance usctimit_ema_m1_265, best cost 125.262 + 2818.03 = 2943.29 over 470 frames.
usctimit_ema_m1_265 iy t ey p ih s er iy t ih t ao s ah k n s ao n iy 
LOG (lattice-best-path[5.5.141~1-40a9d]:main():lattice-best-path.cc:99) For utterance usctimit_ema_m1_269, best cost 116.787 + 2771.15 = 2887.93 over 491 frames.
usctimit_ema_m1_269 ah r ah p ay dh ow sh uw z ih b iy r ch er jh 
LOG (lattice-best-path[5.5.141~1-40a9d]:main():lattice-best-path.cc:99) For utterance usctimit_ema_m1_277, best cost 89.9414 + 1869.79 = 1959.73 over 337 frames.
usctimit_ema_m1_277 sil ih m iy d ng dh z aw jh er n z 
LOG (lattice-best-path[5.5.141~1-40a9d]:main():lattice-best-path.cc:99) For utterance usctimit_ema_m1_302, best cost 189.615 + 4291.95 = 4481.56 over 706 frames.
usctimit_ema_m1_302 l ah n ah t l dh ey l ah p uw n t iy n aa s uw b l f r iy sh ow f ah sh 
LOG (lattice-best-path[5.5.141~1-40a9d]:main():lattice-best-path.cc:99) For utterance usctimit_ema_m1_303, best cost 104.806 + 2350.97 = 2455.78 over 415 frames.
usctimit_ema_m1_303 sil aa f n iy g ih p ae k ao n iy p ih n 
LOG (lattice-best-path[5.5.141~1-40a9d]:main():lattice-best-path.cc:99) For utterance usctimit_ema_m1_317, best cost 186.654 + 4164.59 = 4351.24 over 731 frames.
usctimit_ema_m1_317 sil ah iy w l f iy t ay k uw s w er sh ah b aa p ow th iy aa ae n s k uw er 
LOG (lattice-best-path[5.5.141~1-40a9d]:main():lattice-best-path.cc:99) For utterance usctimit_ema_m1_320, best cost 130.826 + 2689.74 = 2820.57 over 468 frames.
usctimit_ema_m1_320 ih k aa s ao er w l jh oy dh sh ow f ih sh d ih sh 
LOG (lattice-best-path[5.5.141~1-40a9d]:main():lattice-best-path.cc:99) For utterance usctimit_ema_m1_322, best cost 114.25 + 2369.7 = 2483.95 over 422 frames.
usctimit_ema_m1_322 sil l f n z ah r t l jh m er iy n ae m l z 
LOG (lattice-best-path[5.5.141~1-40a9d]:main():lattice-best-path.cc:99) For utterance usctimit_ema_m1_336, best cost 150.877 + 2815.13 = 2966 over 475 frames.
usctimit_ema_m1_336 sil eh n oy s p ow m g ow z r ow z m ao n oy ng iy jh ey 
LOG (lattice-best-path[5.5.141~1-40a9d]:main():lattice-best-path.cc:99) For utterance usctimit_ema_m1_338, best cost 121.08 + 2918.04 = 3039.12 over 511 frames.
usctimit_ema_m1_338 eh t ay r m ih k s ah z l iy f er m ao s ah iy 
LOG (lattice-best-path[5.5.141~1-40a9d]:main():lattice-best-path.cc:99) For utterance usctimit_ema_m1_340, best cost 103.737 + 1855.82 = 1959.56 over 316 frames.
usctimit_ema_m1_340 sil jh ow k r ng sh ow v ah f ao l ih d 
LOG (lattice-best-path[5.5.141~1-40a9d]:main():lattice-best-path.cc:99) For utterance usctimit_ema_m1_344, best cost 135.565 + 2516.28 = 2651.84 over 454 frames.
usctimit_ema_m1_344 sil p ae m k iy z r ay v ng l s ah z ah p er z ey z 
LOG (lattice-best-path[5.5.141~1-40a9d]:main():lattice-best-path.cc:99) For utterance usctimit_ema_m1_347, best cost 130.331 + 2800.12 = 2930.45 over 467 frames.
usctimit_ema_m1_347 r z p r w dh aa p ah f uw sh er g ae sh er ih jh 
LOG (lattice-best-path[5.5.141~1-40a9d]:main():lattice-best-path.cc:99) For utterance usctimit_ema_m1_350, best cost 99.2819 + 1997.25 = 2096.53 over 337 frames.
usctimit_ema_m1_350 sil sh ow er f l s z ih w b r p n 
LOG (lattice-best-path[5.5.141~1-40a9d]:main():lattice-best-path.cc:99) For utterance usctimit_ema_m1_360, best cost 178.678 + 3073.23 = 3251.91 over 500 frames.
usctimit_ema_m1_360 dh f ih sh iy ae z l iy f r t ih k l iy l s er f ih s ah dh s m l ey k 
LOG (lattice-best-path[5.5.141~1-40a9d]:main():lattice-best-path.cc:99) For utterance usctimit_ema_m1_361, best cost 129.781 + 2275.2 = 2404.98 over 383 frames.
usctimit_ema_m1_361 t ih n t ey sh iy l th ih s iy m uw iy s w s w iy k 
LOG (lattice-best-path[5.5.141~1-40a9d]:main():lattice-best-path.cc:99) For utterance usctimit_ema_m1_367, best cost 126.503 + 2779.03 = 2905.53 over 492 frames.
usctimit_ema_m1_367 sil aa b er p ey p er n iy s ah b iy b ow f ay er 
LOG (lattice-best-path[5.5.141~1-40a9d]:main():lattice-best-path.cc:99) For utterance usctimit_ema_m1_368, best cost 107.28 + 2758.85 = 2866.13 over 474 frames.
usctimit_ema_m1_368 sil k r sh g ah v l t ah f ih sh ah ch 
LOG (lattice-best-path[5.5.141~1-40a9d]:main():lattice-best-path.cc:99) For utterance usctimit_ema_m1_375, best cost 137.839 + 2756.71 = 2894.54 over 464 frames.
usctimit_ema_m1_375 ay r sh ow s er z iy f r sh t ah p er s er b r k ah z 
LOG (lattice-best-path[5.5.141~1-40a9d]:main():lattice-best-path.cc:99) For utterance usctimit_ema_m1_394, best cost 150.784 + 3224.1 = 3374.89 over 547 frames.
usctimit_ema_m1_394 sil iy z ah g r s ah p l iy s n t f ay k aa w s m ow er z 
LOG (lattice-best-path[5.5.141~1-40a9d]:main():lattice-best-path.cc:99) For utterance usctimit_ema_m1_400, best cost 128.745 + 2293.87 = 2422.61 over 382 frames.
usctimit_ema_m1_400 sil w r z ih s l r ch ey ng ay v iy aa r ng ao er 
LOG (lattice-best-path[5.5.141~1-40a9d]:main():lattice-best-path.cc:99) For utterance usctimit_ema_m1_432, best cost 52.3285 + 1586.86 = 1639.19 over 285 frames.
usctimit_ema_m1_432 l l iy w ey y er 
LOG (lattice-best-path[5.5.141~1-40a9d]:main():lattice-best-path.cc:99) For utterance usctimit_ema_m3_010, best cost 71.2789 + 1896.97 = 1968.24 over 327 frames.
usctimit_ema_m3_010 w er aa w er y l l iy sil 
LOG (lattice-best-path[5.5.141~1-40a9d]:main():lattice-best-path.cc:99) For utterance usctimit_ema_m3_044, best cost 105.701 + 2942.93 = 3048.63 over 472 frames.
usctimit_ema_m3_044 sil l ay k ah iy k p aa d ah t r t ah z 
LOG (lattice-best-path[5.5.141~1-40a9d]:main():lattice-best-path.cc:99) For utterance usctimit_ema_m3_068, best cost 98.3738 + 2585.02 = 2683.4 over 441 frames.
usctimit_ema_m3_068 ih t ah aa s l y ow p y aa k r s iy 
LOG (lattice-best-path[5.5.141~1-40a9d]:main():lattice-best-path.cc:99) For utterance usctimit_ema_m3_071, best cost 122.805 + 2809.5 = 2932.31 over 439 frames.
usctimit_ema_m3_071 k aa r sh l ao ah n s t ae n iy l iy iy s iy sil 
LOG (lattice-best-path[5.5.141~1-40a9d]:main():lattice-best-path.cc:99) For utterance usctimit_ema_m3_080, best cost 101.504 + 2815.6 = 2917.11 over 411 frames.
usctimit_ema_m3_080 ih ao z ae l iy r t aa k ao t ay l z 
LOG (lattice-best-path[5.5.141~1-40a9d]:main():lattice-best-path.cc:99) For utterance usctimit_ema_m3_101, best cost 87.6294 + 1954.31 = 2041.94 over 307 frames.
usctimit_ema_m3_101 k ae f ah s er w n ao t ey n t 
LOG (lattice-best-path[5.5.141~1-40a9d]:main():lattice-best-path.cc:99) For utterance usctimit_ema_m3_113, best cost 103.721 + 2304.41 = 2408.13 over 382 frames.
usctimit_ema_m3_113 aa t ah f ao m uw iy s ah s ah t ay l z 
LOG (lattice-best-path[5.5.141~1-40a9d]:main():lattice-best-path.cc:99) For utterance usctimit_ema_m3_129, best cost 100.563 + 2472.38 = 2572.94 over 411 frames.
usctimit_ema_m3_129 jh m ay t er ae s iy k n iy n t aa l 
LOG (lattice-best-path[5.5.141~1-40a9d]:main():lattice-best-path.cc:99) For utterance usctimit_ema_m3_141, best cost 104.873 + 2247.3 = 2352.18 over 354 frames.
usctimit_ema_m3_141 r m uw d s ah n jh w th t er k iy z z 
LOG (lattice-best-path[5.5.141~1-40a9d]:main():lattice-best-path.cc:99) For utterance usctimit_ema_m3_147, best cost 103.875 + 2634.58 = 2738.46 over 438 frames.
usctimit_ema_m3_147 sil er m ey n ay f ao f r n d ae n z 
LOG (lattice-best-path[5.5.141~1-40a9d]:main():lattice-best-path.cc:99) For utterance usctimit_ema_m3_192, best cost 114.657 + 2653.16 = 2767.82 over 428 frames.
usctimit_ema_m3_192 sil l ih b eh s eh z n jh eh p aa g l er sil 
LOG (lattice-best-path[5.5.141~1-40a9d]:main():lattice-best-path.cc:99) For utterance usctimit_ema_m3_203, best cost 112.189 + 2478.23 = 2590.42 over 419 frames.
usctimit_ema_m3_203 ah p ah b ah jh b aa t ey ow ih g er aw zh 
LOG (lattice-best-path[5.5.141~1-40a9d]:main():lattice-best-path.cc:99) For utterance usctimit_ema_m3_260, best cost 120.646 + 2738.91 = 2859.55 over 446 frames.
usctimit_ema_m3_260 r sh ay z eh k aw m n d ay n er r sh n ae ah 
LOG (lattice-best-path[5.5.141~1-40a9d]:main():lattice-best-path.cc:99) For utterance usctimit_ema_m3_267, best cost 114.831 + 3114.52 = 3229.35 over 519 frames.
usctimit_ema_m3_267 ih k ae k ah s m ao l ae er ey n iy t iy sil 
LOG (lattice-best-path[5.5.141~1-40a9d]:main():lattice-best-path.cc:99) For utterance usctimit_ema_m3_282, best cost 176.342 + 4041.04 = 4217.38 over 657 frames.
usctimit_ema_m3_282 sil iy ae t ah ah b iy s ey f ao r ah iy ih g ah t er k eh f ih f er s sil 
LOG (lattice-best-path[5.5.141~1-40a9d]:main():lattice-best-path.cc:99) For utterance usctimit_ema_m3_300, best cost 104.538 + 2694.05 = 2798.59 over 450 frames.
usctimit_ema_m3_300 ih b ih d aa l d jh ow y l r ay d l 
LOG (lattice-best-path[5.5.141~1-40a9d]:main():lattice-best-path.cc:99) For utterance usctimit_ema_m3_316, best cost 185.405 + 3580.36 = 3765.76 over 569 frames.
usctimit_ema_m3_316 ih p r s uw er k ah r oy s uh f y l ih z aa iy m er d z ih d ih sh z sil 
LOG (lattice-best-path[5.5.141~1-40a9d]:main():lattice-best-path.cc:99) For utterance usctimit_ema_m3_320, best cost 117.127 + 2716.87 = 2834 over 447 frames.
usctimit_ema_m3_320 sil ah k aa s er l d oy sh ow f ih sh ih sh sil 
LOG (lattice-best-path[5.5.141~1-40a9d]:main():lattice-best-path.cc:99) For utterance usctimit_ema_m3_335, best cost 100.485 + 2866.09 = 2966.58 over 449 frames.
usctimit_ema_m3_335 sil aa ih r ow ow r ow ih er n er l z 
LOG (lattice-best-path[5.5.141~1-40a9d]:main():lattice-best-path.cc:99) For utterance usctimit_ema_m3_336, best cost 104.843 + 2353.79 = 2458.63 over 372 frames.
usctimit_ema_m3_336 eh n oy z aa m r z m ao n ay iy ch ey 
LOG (lattice-best-path[5.5.141~1-40a9d]:main():lattice-best-path.cc:99) For utterance usctimit_ema_m3_338, best cost 136.052 + 2971.57 = 3107.62 over 500 frames.
usctimit_ema_m3_338 eh d ay r ae m ey s ae n s l ae t r m ah ch ah iy sil 
LOG (lattice-best-path[5.5.141~1-40a9d]:main():lattice-best-path.cc:99) For utterance usctimit_ema_m3_339, best cost 110.463 + 2495.5 = 2605.97 over 423 frames.
usctimit_ema_m3_339 ah b ao r n aa l ah s p er s iy iy d l sil 
LOG (lattice-best-path[5.5.141~1-40a9d]:main():lattice-best-path.cc:99) For utterance usctimit_ema_m3_357, best cost 115.653 + 2891.29 = 3006.94 over 462 frames.
usctimit_ema_m3_357 ah m aw s ae r ih k aa s iy l ah s iy er sil 
LOG (lattice-best-path[5.5.141~1-40a9d]:main():lattice-best-path.cc:99) For utterance usctimit_ema_m3_359, best cost 106.701 + 2380.17 = 2486.87 over 389 frames.
usctimit_ema_m3_359 k aw s ih m ey s b ow t iy s r l sil 
LOG (lattice-best-path[5.5.141~1-40a9d]:main():lattice-best-path.cc:99) For utterance usctimit_ema_m3_379, best cost 122.556 + 2950.99 = 3073.55 over 477 frames.
usctimit_ema_m3_379 sil ay r s ih s ah z uw z l n s ae s iy r z sil 
LOG (lattice-best-path[5.5.141~1-40a9d]:main():lattice-best-path.cc:99) For utterance usctimit_ema_m3_385, best cost 93.4326 + 2113.84 = 2207.27 over 354 frames.
usctimit_ema_m3_385 eh r k ae m iy jh iy p ey ih aa th ah 
LOG (lattice-best-path[5.5.141~1-40a9d]:main():lattice-best-path.cc:99) For utterance usctimit_ema_m3_390, best cost 133.713 + 2712.01 = 2845.72 over 428 frames.
usctimit_ema_m3_390 iy w ey ch r k ih s ah p oy z ah d eh iy w n s t iy 
LOG (lattice-best-path[5.5.141~1-40a9d]:main():lattice-best-path.cc:99) For utterance usctimit_ema_m3_423, best cost 143.39 + 3100.15 = 3243.54 over 495 frames.
usctimit_ema_m3_423 sil ah k ow s ah f r t ow s er ae t ah sh er sh aa ih f er 
LOG (lattice-best-path[5.5.141~1-40a9d]:main():lattice-best-path.cc:99) For utterance usctimit_ema_m3_434, best cost 58.3537 + 1694.36 = 1752.71 over 285 frames.
usctimit_ema_m3_434 sil r s ay z l er z 
LOG (lattice-best-path[5.5.141~1-40a9d]:main():lattice-best-path.cc:99) For utterance usctimit_ema_m3_438, best cost 147.945 + 3084.14 = 3232.08 over 495 frames.
usctimit_ema_m3_438 iy p ay aa t er aa l ih t ah g p iy s iy t r k n sh n sil 
LOG (lattice-best-path[5.5.141~1-40a9d]:main():lattice-best-path.cc:99) For utterance usctimit_ema_m3_442, best cost 121.395 + 2430.72 = 2552.12 over 404 frames.
usctimit_ema_m3_442 w ih t l iy ch iy s b ah d ih t uw ih s r iy sil 
LOG (lattice-best-path[5.5.141~1-40a9d]:main():lattice-best-path.cc:99) For utterance usctimit_ema_m3_444, best cost 163.737 + 3699.54 = 3863.27 over 603 frames.
usctimit_ema_m3_444 r ao ey ae g eh ey n uw aa s r d er eh n s r p ay f r z er sil 
LOG (lattice-best-path[5.5.141~1-40a9d]:main():lattice-best-path.cc:99) For utterance usctimit_ema_m3_457, best cost 149.711 + 3396.69 = 3546.4 over 560 frames.
usctimit_ema_m3_457 sil k aa f iy z er ah s iy d ah m l ih s ow t ae b r s ah z 
LOG (lattice-best-path[5.5.141~1-40a9d]:main():lattice-best-path.cc:99) For utterance usctimit_ema_m3_458, best cost 144.524 + 3284.64 = 3429.16 over 535 frames.
usctimit_ema_m3_458 sil ae s iy b ey r w s k aa b ay k ay d ey r z ey sh d 
LOG (lattice-scale[5.5.141~1-40a9d]:main():lattice-scale.cc:107) Done 183 lattices.
LOG (lattice-add-penalty[5.5.141~1-40a9d]:main():lattice-add-penalty.cc:62) Done adding word insertion penalty to 183 lattices.
LOG (lattice-best-path[5.5.141~1-40a9d]:main():lattice-best-path.cc:99) For utterance usctimit_ema_m3_460, best cost 83.218 + 2908.44 = 2991.65 over 497 frames.
usctimit_ema_m3_460 sil w ih ch iy er sh ah ih s sil 
LOG (lattice-best-path[5.5.141~1-40a9d]:main():lattice-best-path.cc:124) Overall cost per frame is 6.2271 = 0.256477 [graph] + 5.97063 [acoustic] over 81821 frames.
LOG (lattice-best-path[5.5.141~1-40a9d]:main():lattice-best-path.cc:128) Done 183 lattices, failed for 0
# Accounting: time=21 threads=1
# Ended (code 0) at Mon Dec 24 20:00:37 EET 2018, elapsed time 21 seconds
