# lattice-scale --inv-acoustic-scale=15 "ark:gunzip -c exp/ug/mono/decode/lat.*.gz|" ark:- | lattice-add-penalty --word-ins-penalty=1.0 ark:- ark:- | lattice-best-path --word-symbol-table=exp/ug/mono/graph/words.txt ark:- ark,t:- | utils/int2sym.pl -f 2- exp/ug/mono/graph/words.txt | cat > exp/ug/mono/decode/scoring_kaldi/penalty_1.0/15.txt 
# Started at Mon Dec 24 20:00:37 EET 2018
#
lattice-best-path --word-symbol-table=exp/ug/mono/graph/words.txt ark:- ark,t:- 
lattice-scale --inv-acoustic-scale=15 'ark:gunzip -c exp/ug/mono/decode/lat.*.gz|' ark:- 
lattice-add-penalty --word-ins-penalty=1.0 ark:- ark:- 
LOG (lattice-best-path[5.5.141~1-40a9d]:main():lattice-best-path.cc:99) For utterance usctimit_ema_f1_021, best cost 65.5286 + 1583.54 = 1649.06 over 290 frames.
usctimit_ema_f1_021 l iy oy s aa ah n er z 
LOG (lattice-best-path[5.5.141~1-40a9d]:main():lattice-best-path.cc:99) For utterance usctimit_ema_f1_028, best cost 131.207 + 2781.52 = 2912.73 over 499 frames.
usctimit_ema_f1_028 l ah uw z ih k ah ah t er ih s ah t ey p aa y l r iy 
LOG (lattice-best-path[5.5.141~1-40a9d]:main():lattice-best-path.cc:99) For utterance usctimit_ema_f1_031, best cost 98.6403 + 2245.95 = 2344.59 over 395 frames.
usctimit_ema_f1_031 aa s l r s l z er d iy sh ah z n sil 
LOG (lattice-best-path[5.5.141~1-40a9d]:main():lattice-best-path.cc:99) For utterance usctimit_ema_f1_052, best cost 115.989 + 2427.46 = 2543.45 over 431 frames.
usctimit_ema_f1_052 aa s ah l t eh t z jh iy l aa d ah f iy er iy 
LOG (lattice-best-path[5.5.141~1-40a9d]:main():lattice-best-path.cc:99) For utterance usctimit_ema_f1_054, best cost 89.464 + 2079.75 = 2169.21 over 382 frames.
usctimit_ema_f1_054 ch aa z iy ch eh s n t l jh n z 
LOG (lattice-best-path[5.5.141~1-40a9d]:main():lattice-best-path.cc:99) For utterance usctimit_ema_f1_072, best cost 81.0545 + 2172.97 = 2254.03 over 403 frames.
usctimit_ema_f1_072 s ih z ah ey f ih k iy r k s 
LOG (lattice-best-path[5.5.141~1-40a9d]:main():lattice-best-path.cc:99) For utterance usctimit_ema_f1_078, best cost 108.697 + 2402.76 = 2511.45 over 447 frames.
usctimit_ema_f1_078 l eh t aa s l iy z aa t ow p ay n s ah z 
LOG (lattice-best-path[5.5.141~1-40a9d]:main():lattice-best-path.cc:99) For utterance usctimit_ema_f1_090, best cost 95.4052 + 1932.41 = 2027.81 over 353 frames.
usctimit_ema_f1_090 uw eh z ih s ah s l iy d l iy ay l z 
LOG (lattice-best-path[5.5.141~1-40a9d]:main():lattice-best-path.cc:99) For utterance usctimit_ema_f1_105, best cost 121.988 + 2647.22 = 2769.21 over 461 frames.
usctimit_ema_f1_105 ih k ay ow iy aa k ae eh d ay iy ae r oy l ah z 
LOG (lattice-best-path[5.5.141~1-40a9d]:main():lattice-best-path.cc:99) For utterance usctimit_ema_f1_108, best cost 114.607 + 2572.25 = 2686.86 over 458 frames.
usctimit_ema_f1_108 r t eh v r z ey f ah aa p eh ay n t iy z 
LOG (lattice-best-path[5.5.141~1-40a9d]:main():lattice-best-path.cc:99) For utterance usctimit_ema_f1_111, best cost 81.5098 + 1881.01 = 1962.52 over 329 frames.
usctimit_ema_f1_111 r ih sh ow t ao ih z z r iy l 
LOG (lattice-best-path[5.5.141~1-40a9d]:main():lattice-best-path.cc:99) For utterance usctimit_ema_f1_115, best cost 91.6037 + 1967.69 = 2059.3 over 355 frames.
usctimit_ema_f1_115 sil ey f ao ae ch eh s er r p eh z 
LOG (lattice-best-path[5.5.141~1-40a9d]:main():lattice-best-path.cc:99) For utterance usctimit_ema_f1_123, best cost 105.904 + 2703.61 = 2809.51 over 492 frames.
usctimit_ema_f1_123 ih b ah n l s ow s ah z ah ch iy sh ao er 
LOG (lattice-best-path[5.5.141~1-40a9d]:main():lattice-best-path.cc:99) For utterance usctimit_ema_f1_126, best cost 139.049 + 2461.81 = 2600.86 over 432 frames.
usctimit_ema_f1_126 w ah sh ao aa k ow z ow p ey iy k aa f ih k ey sh ae n 
LOG (lattice-best-path[5.5.141~1-40a9d]:main():lattice-best-path.cc:99) For utterance usctimit_ema_f1_134, best cost 77.1067 + 2191.35 = 2268.46 over 416 frames.
usctimit_ema_f1_134 iy iy k ih z iy z ae s ah z ah 
LOG (lattice-best-path[5.5.141~1-40a9d]:main():lattice-best-path.cc:99) For utterance usctimit_ema_f1_153, best cost 163.379 + 3429.48 = 3592.86 over 618 frames.
usctimit_ema_f1_153 ih m ay ng iy k eh s ah s aw t z ih p iy l s ah ey sh n r l n z 
LOG (lattice-best-path[5.5.141~1-40a9d]:main():lattice-best-path.cc:99) For utterance usctimit_ema_f1_162, best cost 106.453 + 2617.35 = 2723.81 over 486 frames.
usctimit_ema_f1_162 ah s ao k aa d z n aw k oy t ey sh ah 
LOG (lattice-best-path[5.5.141~1-40a9d]:main():lattice-best-path.cc:99) For utterance usctimit_ema_f1_170, best cost 95.488 + 2521.92 = 2617.4 over 459 frames.
usctimit_ema_f1_170 k ao er ay s iy l m ih k s eh t aw 
LOG (lattice-best-path[5.5.141~1-40a9d]:main():lattice-best-path.cc:99) For utterance usctimit_ema_f1_198, best cost 69.3576 + 1908.18 = 1977.53 over 368 frames.
usctimit_ema_f1_198 ah p er n ay ih r k er z 
LOG (lattice-best-path[5.5.141~1-40a9d]:main():lattice-best-path.cc:99) For utterance usctimit_ema_f1_209, best cost 52.9001 + 1807.27 = 1860.17 over 339 frames.
usctimit_ema_f1_209 iy ih ng r l n ae 
LOG (lattice-best-path[5.5.141~1-40a9d]:main():lattice-best-path.cc:99) For utterance usctimit_ema_f1_213, best cost 90.3199 + 1983.54 = 2073.86 over 358 frames.
usctimit_ema_f1_213 ay m ay z aa k aw t ay iy n s iy 
LOG (lattice-best-path[5.5.141~1-40a9d]:main():lattice-best-path.cc:99) For utterance usctimit_ema_f1_227, best cost 66.5659 + 2081.73 = 2148.3 over 386 frames.
usctimit_ema_f1_227 ay iy iy l er uw ey l er 
LOG (lattice-best-path[5.5.141~1-40a9d]:main():lattice-best-path.cc:99) For utterance usctimit_ema_f1_236, best cost 89.9578 + 1962.02 = 2051.98 over 358 frames.
usctimit_ema_f1_236 oy l iy t uw ih s ae l t eh s ng 
LOG (lattice-best-path[5.5.141~1-40a9d]:main():lattice-best-path.cc:99) For utterance usctimit_ema_f1_239, best cost 82.1466 + 2189.11 = 2271.25 over 412 frames.
usctimit_ema_f1_239 w t aa iy s ah ch aa n z iy sil 
LOG (lattice-best-path[5.5.141~1-40a9d]:main():lattice-best-path.cc:99) For utterance usctimit_ema_f1_242, best cost 80.7648 + 1949.01 = 2029.77 over 356 frames.
usctimit_ema_f1_242 d iy t ah f aa m ih s ao l s 
LOG (lattice-best-path[5.5.141~1-40a9d]:main():lattice-best-path.cc:99) For utterance usctimit_ema_f1_244, best cost 93.629 + 2190.52 = 2284.15 over 398 frames.
usctimit_ema_f1_244 iy eh k aa d k ow r d aa b eh n z 
LOG (lattice-best-path[5.5.141~1-40a9d]:main():lattice-best-path.cc:99) For utterance usctimit_ema_f1_250, best cost 69.3635 + 1786.9 = 1856.26 over 346 frames.
usctimit_ema_f1_250 dh ow s r s ae sh aa s iy 
LOG (lattice-best-path[5.5.141~1-40a9d]:main():lattice-best-path.cc:99) For utterance usctimit_ema_f1_252, best cost 140.687 + 3057.73 = 3198.42 over 550 frames.
usctimit_ema_f1_252 aa s ah b ah iy t w r k ah ah t r sh n z ae w er d iy 
LOG (lattice-best-path[5.5.141~1-40a9d]:main():lattice-best-path.cc:99) For utterance usctimit_ema_f1_255, best cost 111.983 + 2354.07 = 2466.06 over 428 frames.
usctimit_ema_f1_255 dh t ih f er f r ae t aa m ay n t ih f aa 
LOG (lattice-best-path[5.5.141~1-40a9d]:main():lattice-best-path.cc:99) For utterance usctimit_ema_f1_262, best cost 144.046 + 3198.04 = 3342.08 over 572 frames.
usctimit_ema_f1_262 ih s r sh r z r t ih k ow iy f er m ih f er eh t ay er 
LOG (lattice-best-path[5.5.141~1-40a9d]:main():lattice-best-path.cc:99) For utterance usctimit_ema_f1_286, best cost 90.3284 + 1665.14 = 1755.46 over 302 frames.
usctimit_ema_f1_286 eh t ah ch ey z z ae s er s l s ah 
LOG (lattice-best-path[5.5.141~1-40a9d]:main():lattice-best-path.cc:99) For utterance usctimit_ema_f1_297, best cost 114.424 + 3088.47 = 3202.89 over 592 frames.
usctimit_ema_f1_297 r iy n t aa n ch ah s ao t r t n z iy f n 
LOG (lattice-best-path[5.5.141~1-40a9d]:main():lattice-best-path.cc:99) For utterance usctimit_ema_f1_299, best cost 118.282 + 2663.55 = 2781.83 over 491 frames.
usctimit_ema_f1_299 ae ah m er t iy z ah z s oy s aa s ay y ae n 
LOG (lattice-best-path[5.5.141~1-40a9d]:main():lattice-best-path.cc:99) For utterance usctimit_ema_f1_302, best cost 117.022 + 3108.93 = 3225.95 over 573 frames.
usctimit_ema_f1_302 ih d l ah ae ah s iy n aa t ah f iy sh l ah z 
LOG (lattice-best-path[5.5.141~1-40a9d]:main():lattice-best-path.cc:99) For utterance usctimit_ema_f1_311, best cost 114.771 + 2802.43 = 2917.21 over 495 frames.
usctimit_ema_f1_311 r iy ch ah jh ah s ah t uw b ay z iy r ah er 
LOG (lattice-best-path[5.5.141~1-40a9d]:main():lattice-best-path.cc:99) For utterance usctimit_ema_f1_317, best cost 134.517 + 3656.67 = 3791.18 over 679 frames.
usctimit_ema_f1_317 ah iy aa iy t ay k ah s w er sh n aa l iy ae n s ah er 
LOG (lattice-best-path[5.5.141~1-40a9d]:main():lattice-best-path.cc:99) For utterance usctimit_ema_f1_320, best cost 98.5768 + 2471.4 = 2569.98 over 454 frames.
usctimit_ema_f1_320 ah k ae s er l n d ah sh l ih ch ah ch 
LOG (lattice-best-path[5.5.141~1-40a9d]:main():lattice-best-path.cc:99) For utterance usctimit_ema_f1_323, best cost 108.932 + 2437.98 = 2546.91 over 450 frames.
usctimit_ema_f1_323 ae n s oy z ah ay ch er k oy z ae k ah z 
LOG (lattice-best-path[5.5.141~1-40a9d]:main():lattice-best-path.cc:99) For utterance usctimit_ema_f1_325, best cost 102.824 + 2180.91 = 2283.74 over 400 frames.
usctimit_ema_f1_325 t ao s ah l ah m aa jh z ey t ay m iy z 
LOG (lattice-best-path[5.5.141~1-40a9d]:main():lattice-best-path.cc:99) For utterance usctimit_ema_f1_342, best cost 90.1236 + 2515.02 = 2605.15 over 452 frames.
usctimit_ema_f1_342 jh oy z er t eh t r f r ah s ah 
LOG (lattice-best-path[5.5.141~1-40a9d]:main():lattice-best-path.cc:99) For utterance usctimit_ema_f1_346, best cost 81.3754 + 1814.55 = 1895.92 over 328 frames.
usctimit_ema_f1_346 ao k ah m ng s uw z iy ch iy er 
LOG (lattice-best-path[5.5.141~1-40a9d]:main():lattice-best-path.cc:99) For utterance usctimit_ema_f1_347, best cost 116.054 + 2468.26 = 2584.31 over 452 frames.
usctimit_ema_f1_347 r jh z r n ay d eh f iy jh ih g ae sh ah jh 
LOG (lattice-best-path[5.5.141~1-40a9d]:main():lattice-best-path.cc:99) For utterance usctimit_ema_f1_356, best cost 78.3898 + 1682.93 = 1761.32 over 302 frames.
usctimit_ema_f1_356 dh l ay k l m ae ch aw er z 
LOG (lattice-best-path[5.5.141~1-40a9d]:main():lattice-best-path.cc:99) For utterance usctimit_ema_f1_360, best cost 132.584 + 2616.54 = 2749.13 over 462 frames.
usctimit_ema_f1_360 ih s iy s l iy f ay d iy n s er dh z ah s m l iy sil 
LOG (lattice-best-path[5.5.141~1-40a9d]:main():lattice-best-path.cc:99) For utterance usctimit_ema_f1_362, best cost 85.9763 + 2242.37 = 2328.34 over 430 frames.
usctimit_ema_f1_362 ey s ih ng ah er ao l r n t iy er 
LOG (lattice-best-path[5.5.141~1-40a9d]:main():lattice-best-path.cc:99) For utterance usctimit_ema_f1_364, best cost 132.909 + 2518.85 = 2651.76 over 457 frames.
usctimit_ema_f1_364 ih t ae t ae b er d eh k aa z ih k ae t ae dh t ae n 
LOG (lattice-best-path[5.5.141~1-40a9d]:main():lattice-best-path.cc:99) For utterance usctimit_ema_f1_368, best cost 80.3195 + 2439.35 = 2519.67 over 450 frames.
usctimit_ema_f1_368 r s ah ih t n ih sh ae m ch 
LOG (lattice-best-path[5.5.141~1-40a9d]:main():lattice-best-path.cc:99) For utterance usctimit_ema_f1_382, best cost 119.479 + 3151.31 = 3270.79 over 595 frames.
usctimit_ema_f1_382 s ae sh l iy l t ah k ae s ah iy l n ch ah ng 
LOG (lattice-best-path[5.5.141~1-40a9d]:main():lattice-best-path.cc:99) For utterance usctimit_ema_f1_394, best cost 115.641 + 2961.67 = 3077.31 over 548 frames.
usctimit_ema_f1_394 iy z ih r s ah w iy s n t ay k l s m er z 
LOG (lattice-best-path[5.5.141~1-40a9d]:main():lattice-best-path.cc:99) For utterance usctimit_ema_f1_397, best cost 136.402 + 2737.83 = 2874.23 over 501 frames.
usctimit_ema_f1_397 sil t ah r n aw s ay z aa f n s aa f er f n ae ae ah 
LOG (lattice-best-path[5.5.141~1-40a9d]:main():lattice-best-path.cc:99) For utterance usctimit_ema_f1_402, best cost 75.5163 + 2125.32 = 2200.84 over 401 frames.
usctimit_ema_f1_402 r s ih t ae t r n ch iy z 
LOG (lattice-best-path[5.5.141~1-40a9d]:main():lattice-best-path.cc:99) For utterance usctimit_ema_f1_405, best cost 103.149 + 2761.73 = 2864.88 over 510 frames.
usctimit_ema_f1_405 w ey ah s er iy s ae k oy t r ng r ae 
LOG (lattice-best-path[5.5.141~1-40a9d]:main():lattice-best-path.cc:99) For utterance usctimit_ema_f1_451, best cost 127.081 + 2522.72 = 2649.8 over 444 frames.
usctimit_ema_f1_451 ch ow ih n k uw z ih m ay f r l t m n s ah ng 
LOG (lattice-best-path[5.5.141~1-40a9d]:main():lattice-best-path.cc:99) For utterance usctimit_ema_f1_453, best cost 106.711 + 2598.78 = 2705.49 over 476 frames.
usctimit_ema_f1_453 l n er z k r ng iy n z ah ch ah p er n 
LOG (lattice-best-path[5.5.141~1-40a9d]:main():lattice-best-path.cc:99) For utterance usctimit_ema_f1_456, best cost 121.36 + 2391.15 = 2512.51 over 433 frames.
usctimit_ema_f1_456 ah ao s ih d eh t l n p ae t uw ae z aa r ih m 
LOG (lattice-best-path[5.5.141~1-40a9d]:main():lattice-best-path.cc:99) For utterance usctimit_ema_f1_460, best cost 55.8923 + 1792.38 = 1848.27 over 334 frames.
usctimit_ema_f1_460 w ih sh iy sh ah z 
LOG (lattice-best-path[5.5.141~1-40a9d]:main():lattice-best-path.cc:99) For utterance usctimit_ema_f5_009, best cost 66.6768 + 1803.65 = 1870.32 over 341 frames.
usctimit_ema_f5_009 y l aw r r l ay 
LOG (lattice-best-path[5.5.141~1-40a9d]:main():lattice-best-path.cc:99) For utterance usctimit_ema_f5_011, best cost 71.6827 + 1764.53 = 1836.21 over 301 frames.
usctimit_ema_f5_011 iy r m s ay z k ae n 
LOG (lattice-best-path[5.5.141~1-40a9d]:main():lattice-best-path.cc:99) For utterance usctimit_ema_f5_017, best cost 94.6854 + 1999.81 = 2094.49 over 328 frames.
usctimit_ema_f5_017 aw m iy r z f ao s m ae z w l 
LOG (lattice-best-path[5.5.141~1-40a9d]:main():lattice-best-path.cc:99) For utterance usctimit_ema_f5_019, best cost 97.1563 + 1779.41 = 1876.57 over 308 frames.
usctimit_ema_f5_019 ah f ah l f ah hh l p iy f iy m 
LOG (lattice-best-path[5.5.141~1-40a9d]:main():lattice-best-path.cc:99) For utterance usctimit_ema_f5_066, best cost 51.3495 + 2122.47 = 2173.82 over 335 frames.
usctimit_ema_f5_066 eh g ah t iy iy 
LOG (lattice-best-path[5.5.141~1-40a9d]:main():lattice-best-path.cc:99) For utterance usctimit_ema_f5_080, best cost 92.11 + 2504.44 = 2596.55 over 417 frames.
usctimit_ema_f5_080 ah s ah iy er t aa eh p ay l z 
LOG (lattice-best-path[5.5.141~1-40a9d]:main():lattice-best-path.cc:99) For utterance usctimit_ema_f5_081, best cost 135.477 + 2221.88 = 2357.36 over 373 frames.
usctimit_ema_f5_081 ae s k r iy p er iy s t ae s w n z n eh ih sh n 
LOG (lattice-best-path[5.5.141~1-40a9d]:main():lattice-best-path.cc:99) For utterance usctimit_ema_f5_090, best cost 78.6904 + 2251.79 = 2330.48 over 385 frames.
usctimit_ema_f5_090 ah d iy d l iy k ay l z 
LOG (lattice-best-path[5.5.141~1-40a9d]:main():lattice-best-path.cc:99) For utterance usctimit_ema_f5_143, best cost 93.1675 + 2618.53 = 2711.7 over 473 frames.
usctimit_ema_f5_143 s ao t z ih sh ah s ih s n sh ah 
LOG (lattice-best-path[5.5.141~1-40a9d]:main():lattice-best-path.cc:99) For utterance usctimit_ema_f5_144, best cost 141.054 + 3383.49 = 3524.54 over 594 frames.
usctimit_ema_f5_144 eh s k ao t z iy er n uw b t hh aa iy aa iy z 
LOG (lattice-best-path[5.5.141~1-40a9d]:main():lattice-best-path.cc:99) For utterance usctimit_ema_f5_162, best cost 130.661 + 2661.09 = 2791.75 over 483 frames.
usctimit_ema_f5_162 ah s ao k aa jh z n aw k oy jh k ey sh n l 
LOG (lattice-best-path[5.5.141~1-40a9d]:main():lattice-best-path.cc:99) For utterance usctimit_ema_f5_163, best cost 140.468 + 2999.24 = 3139.71 over 532 frames.
usctimit_ema_f5_163 r ch ah k r z aa ah hh iy z jh ae w z m z f r iy 
LOG (lattice-best-path[5.5.141~1-40a9d]:main():lattice-best-path.cc:99) For utterance usctimit_ema_f5_164, best cost 83.5314 + 2220.03 = 2303.56 over 405 frames.
usctimit_ema_f5_164 ih k uw z t aw dh t uw d 
LOG (lattice-best-path[5.5.141~1-40a9d]:main():lattice-best-path.cc:99) For utterance usctimit_ema_f5_174, best cost 90.8684 + 2177.39 = 2268.26 over 386 frames.
usctimit_ema_f5_174 t ae t r f ae sh n z y er 
LOG (lattice-best-path[5.5.141~1-40a9d]:main():lattice-best-path.cc:99) For utterance usctimit_ema_f5_197, best cost 67.3807 + 2199.65 = 2267.04 over 400 frames.
usctimit_ema_f5_197 m l p ah p w ah k 
LOG (lattice-best-path[5.5.141~1-40a9d]:main():lattice-best-path.cc:99) For utterance usctimit_ema_f5_208, best cost 71.8016 + 2033.55 = 2105.36 over 373 frames.
usctimit_ema_f5_208 iy p oy ah iy ow sh n 
LOG (lattice-best-path[5.5.141~1-40a9d]:main():lattice-best-path.cc:99) For utterance usctimit_ema_f5_233, best cost 179.683 + 3785.79 = 3965.47 over 648 frames.
usctimit_ema_f5_233 f er n iy ey b l iy sil er t l aw ay d ae k t n s eh t f iy iy 
LOG (lattice-best-path[5.5.141~1-40a9d]:main():lattice-best-path.cc:99) For utterance usctimit_ema_f5_243, best cost 101.663 + 2045.24 = 2146.9 over 363 frames.
usctimit_ema_f5_243 aa hh l d ey p r n iy l b l t ah z 
LOG (lattice-best-path[5.5.141~1-40a9d]:main():lattice-best-path.cc:99) For utterance usctimit_ema_f5_244, best cost 105.23 + 2332.78 = 2438.01 over 412 frames.
usctimit_ema_f5_244 iy k ah f ah d p aw ah f aa b eh d s 
LOG (lattice-best-path[5.5.141~1-40a9d]:main():lattice-best-path.cc:99) For utterance usctimit_ema_f5_272, best cost 118.954 + 2078.9 = 2197.85 over 364 frames.
usctimit_ema_f5_272 t ow f l z ey t r p ao s ah s oy b iy z 
LOG (lattice-best-path[5.5.141~1-40a9d]:main():lattice-best-path.cc:99) For utterance usctimit_ema_f5_281, best cost 177.338 + 3325.48 = 3502.82 over 565 frames.
usctimit_ema_f5_281 ay d ay r z ah s ah p l d iy w n f ao m ih k er k r k ah s ah 
LOG (lattice-best-path[5.5.141~1-40a9d]:main():lattice-best-path.cc:99) For utterance usctimit_ema_f5_304, best cost 169.102 + 3806.38 = 3975.48 over 667 frames.
usctimit_ema_f5_304 s aa p ay t iy n r w d ah ao k z k oy n ae sh l f ao r z 
LOG (lattice-best-path[5.5.141~1-40a9d]:main():lattice-best-path.cc:99) For utterance usctimit_ema_f5_307, best cost 102.734 + 2328.44 = 2431.17 over 418 frames.
usctimit_ema_f5_307 d ch ah k ah t eh b ey aw hh l p 
LOG (lattice-best-path[5.5.141~1-40a9d]:main():lattice-best-path.cc:99) For utterance usctimit_ema_f5_329, best cost 121.226 + 2862.61 = 2983.84 over 535 frames.
usctimit_ema_f5_329 ih k aw w n er f ah f er m n iy m ao s 
LOG (lattice-best-path[5.5.141~1-40a9d]:main():lattice-best-path.cc:99) For utterance usctimit_ema_f5_330, best cost 204.983 + 3646.31 = 3851.3 over 611 frames.
usctimit_ema_f5_330 iy t ah t ay m iy d ah ao s k l n s ay ih b dh b r k ae n z iy s z d m p r 
LOG (lattice-best-path[5.5.141~1-40a9d]:main():lattice-best-path.cc:99) For utterance usctimit_ema_f5_334, best cost 148.024 + 3046.53 = 3194.56 over 536 frames.
usctimit_ema_f5_334 oy z k aa s t iy m iy b ay k l s t iy k t iy l iy 
LOG (lattice-best-path[5.5.141~1-40a9d]:main():lattice-best-path.cc:99) For utterance usctimit_ema_f5_336, best cost 107.622 + 2260.79 = 2368.41 over 396 frames.
usctimit_ema_f5_336 ae n oy s aa m r z m ao n l iy t ey 
LOG (lattice-best-path[5.5.141~1-40a9d]:main():lattice-best-path.cc:99) For utterance usctimit_ema_f5_343, best cost 122.022 + 2793.48 = 2915.5 over 506 frames.
usctimit_ema_f5_343 ah jh s ah jh ih n uw r k iy l jh k n z iy m 
LOG (lattice-best-path[5.5.141~1-40a9d]:main():lattice-best-path.cc:99) For utterance usctimit_ema_f5_348, best cost 99.3066 + 2547.11 = 2646.42 over 455 frames.
usctimit_ema_f5_348 ih k ih sh eh p uw er ao iy t ah d 
LOG (lattice-best-path[5.5.141~1-40a9d]:main():lattice-best-path.cc:99) For utterance usctimit_ema_f5_349, best cost 86.9102 + 2179.26 = 2266.17 over 405 frames.
usctimit_ema_f5_349 iy sh uw s k r f jh oy z 
LOG (lattice-best-path[5.5.141~1-40a9d]:main():lattice-best-path.cc:99) For utterance usctimit_ema_f5_354, best cost 145.044 + 3811.74 = 3956.78 over 679 frames.
usctimit_ema_f5_354 w eh r dh g r m t p r sh r z ah z sil l n 
LOG (lattice-best-path[5.5.141~1-40a9d]:main():lattice-best-path.cc:99) For utterance usctimit_ema_f5_356, best cost 49.2327 + 1367.69 = 1416.92 over 219 frames.
usctimit_ema_f5_356 iy l ah iy l 
LOG (lattice-best-path[5.5.141~1-40a9d]:main():lattice-best-path.cc:99) For utterance usctimit_ema_f5_369, best cost 128.54 + 2977.48 = 3106.02 over 537 frames.
usctimit_ema_f5_369 sil er s ih jh ay ae t k ao s er ih t aa p ae 
LOG (lattice-best-path[5.5.141~1-40a9d]:main():lattice-best-path.cc:99) For utterance usctimit_ema_f5_375, best cost 107.397 + 2505.36 = 2612.76 over 435 frames.
usctimit_ema_f5_375 r sh eh t er z iy t r s p er jh b r 
LOG (lattice-best-path[5.5.141~1-40a9d]:main():lattice-best-path.cc:99) For utterance usctimit_ema_f5_389, best cost 136.464 + 3250.96 = 3387.42 over 553 frames.
usctimit_ema_f5_389 t er k n iy n jh r k t ey iy t iy p iy t z 
LOG (lattice-best-path[5.5.141~1-40a9d]:main():lattice-best-path.cc:99) For utterance usctimit_ema_f5_392, best cost 136.678 + 3219.87 = 3356.55 over 574 frames.
usctimit_ema_f5_392 er ch ih n ae s d n k aa ah m z ih s ah sh uw z 
LOG (lattice-best-path[5.5.141~1-40a9d]:main():lattice-best-path.cc:99) For utterance usctimit_ema_f5_396, best cost 158.953 + 3099.99 = 3258.95 over 518 frames.
usctimit_ema_f5_396 iy ae t ay z ih ng d er s t ah r ay iy s r n v er ch ey d z 
LOG (lattice-best-path[5.5.141~1-40a9d]:main():lattice-best-path.cc:99) For utterance usctimit_ema_f5_406, best cost 129.073 + 2943.8 = 3072.88 over 512 frames.
usctimit_ema_f5_406 ow f ao s ih l iy v ow b ah t eh ch ow z iy z 
LOG (lattice-best-path[5.5.141~1-40a9d]:main():lattice-best-path.cc:99) For utterance usctimit_ema_f5_424, best cost 68.9016 + 2026 = 2094.9 over 379 frames.
usctimit_ema_f5_424 iy p iy k l d iy ah d 
LOG (lattice-best-path[5.5.141~1-40a9d]:main():lattice-best-path.cc:99) For utterance usctimit_ema_f5_426, best cost 77.6192 + 2095.74 = 2173.36 over 335 frames.
usctimit_ema_f5_426 iy z iy ah l jh z iy iy ah 
LOG (lattice-best-path[5.5.141~1-40a9d]:main():lattice-best-path.cc:99) For utterance usctimit_ema_f5_431, best cost 109.999 + 2468 = 2578 over 427 frames.
usctimit_ema_f5_431 aa p aa f ao ih sh z f iy r z er z 
LOG (lattice-best-path[5.5.141~1-40a9d]:main():lattice-best-path.cc:99) For utterance usctimit_ema_f5_436, best cost 118.946 + 2354.79 = 2473.73 over 405 frames.
usctimit_ema_f5_436 hh r s er th ey f r k ih k er z ah ng 
LOG (lattice-best-path[5.5.141~1-40a9d]:main():lattice-best-path.cc:99) For utterance usctimit_ema_f5_438, best cost 144.605 + 2876.24 = 3020.84 over 498 frames.
usctimit_ema_f5_438 iy p ay ao t ao ey m ao ih t k g iy s iy t r g sh n 
LOG (lattice-best-path[5.5.141~1-40a9d]:main():lattice-best-path.cc:99) For utterance usctimit_ema_f5_447, best cost 145.662 + 3055.85 = 3201.51 over 536 frames.
usctimit_ema_f5_447 r n z iy n er k s ay n dh ay s t iy n s ow r k 
LOG (lattice-best-path[5.5.141~1-40a9d]:main():lattice-best-path.cc:99) For utterance usctimit_ema_f5_451, best cost 160.483 + 3211.26 = 3371.74 over 533 frames.
usctimit_ema_f5_451 t ah r t l ah f ah s ih m n iy f er r l t m n s ah ng 
LOG (lattice-best-path[5.5.141~1-40a9d]:main():lattice-best-path.cc:99) For utterance usctimit_ema_m1_006, best cost 89.414 + 2143.02 = 2232.43 over 381 frames.
usctimit_ema_m1_006 l y ao er iy f r s l iy ay m z 
LOG (lattice-best-path[5.5.141~1-40a9d]:main():lattice-best-path.cc:99) For utterance usctimit_ema_m1_010, best cost 51.2324 + 1639.7 = 1690.93 over 306 frames.
usctimit_ema_m1_010 l w r iy l l iy 
LOG (lattice-best-path[5.5.141~1-40a9d]:main():lattice-best-path.cc:99) For utterance usctimit_ema_m1_012, best cost 111.135 + 2572.39 = 2683.53 over 456 frames.
usctimit_ema_m1_012 ao f er z ih s ae m r uw v r f ao m ow 
LOG (lattice-best-path[5.5.141~1-40a9d]:main():lattice-best-path.cc:99) For utterance usctimit_ema_m1_051, best cost 127.053 + 2424.75 = 2551.8 over 421 frames.
usctimit_ema_m1_051 ih k aa k r iy sh ah iy k r dh iy p r sh y ey d 
LOG (lattice-best-path[5.5.141~1-40a9d]:main():lattice-best-path.cc:99) For utterance usctimit_ema_m1_090, best cost 101.626 + 2030.2 = 2131.83 over 356 frames.
usctimit_ema_m1_090 y m s ih s l s ah l dh l iy f ay l z 
LOG (lattice-best-path[5.5.141~1-40a9d]:main():lattice-best-path.cc:99) For utterance usctimit_ema_m1_095, best cost 110.972 + 2381.85 = 2492.82 over 420 frames.
usctimit_ema_m1_095 b eh s w ey t l r s s l t er p aa l z 
LOG (lattice-best-path[5.5.141~1-40a9d]:main():lattice-best-path.cc:99) For utterance usctimit_ema_m1_098, best cost 100.09 + 2298.2 = 2398.29 over 421 frames.
usctimit_ema_m1_098 ah m s uw er ae n z k ih f r b ae k 
LOG (lattice-best-path[5.5.141~1-40a9d]:main():lattice-best-path.cc:99) For utterance usctimit_ema_m1_099, best cost 122.147 + 2669.37 = 2791.52 over 495 frames.
usctimit_ema_m1_099 ih k aa t uw f iy ch er z m aa s r ah t ae p l 
LOG (lattice-best-path[5.5.141~1-40a9d]:main():lattice-best-path.cc:99) For utterance usctimit_ema_m1_137, best cost 141.435 + 2806.74 = 2948.17 over 499 frames.
usctimit_ema_m1_137 l s ih k ae t uw z jh ow jh b ay s ae r ay s t ae s 
LOG (lattice-best-path[5.5.141~1-40a9d]:main():lattice-best-path.cc:99) For utterance usctimit_ema_m1_139, best cost 121.544 + 3055.58 = 3177.12 over 571 frames.
usctimit_ema_m1_139 w r t ey t m ch k ao r iy n s aw n z ay z 
LOG (lattice-best-path[5.5.141~1-40a9d]:main():lattice-best-path.cc:99) For utterance usctimit_ema_m1_145, best cost 164.749 + 3110.49 = 3275.24 over 546 frames.
usctimit_ema_m1_145 sil eh jh p r k aa sh n iy l z b ay b ah p aw er f er k ow k l 
LOG (lattice-best-path[5.5.141~1-40a9d]:main():lattice-best-path.cc:99) For utterance usctimit_ema_m1_158, best cost 163.336 + 3161.84 = 3325.18 over 573 frames.
usctimit_ema_m1_158 ay ng f er b r hh ao er f r k ao r z t w sh n eh t r t iy z 
LOG (lattice-best-path[5.5.141~1-40a9d]:main():lattice-best-path.cc:99) For utterance usctimit_ema_m1_160, best cost 144.382 + 2915.15 = 3059.53 over 512 frames.
usctimit_ema_m1_160 ch iy k er jh ch ah n t m ey k ow hh l ng k aa t n z 
LOG (lattice-best-path[5.5.141~1-40a9d]:main():lattice-best-path.cc:99) For utterance usctimit_ema_m1_162, best cost 124.508 + 2736.56 = 2861.06 over 506 frames.
usctimit_ema_m1_162 l m ao s l k l jh z aa n aw k l ch ey sh l 
LOG (lattice-best-path[5.5.141~1-40a9d]:main():lattice-best-path.cc:99) For utterance usctimit_ema_m1_164, best cost 64.4451 + 2201.38 = 2265.83 over 407 frames.
usctimit_ema_m1_164 sil k uw z ow t uw sil 
LOG (lattice-best-path[5.5.141~1-40a9d]:main():lattice-best-path.cc:99) For utterance usctimit_ema_m1_166, best cost 87.5335 + 1997.84 = 2085.37 over 380 frames.
usctimit_ema_m1_166 dh k ae s m iy l t er w iy er z 
LOG (lattice-best-path[5.5.141~1-40a9d]:main():lattice-best-path.cc:99) For utterance usctimit_ema_m1_169, best cost 73.7235 + 1803.08 = 1876.81 over 346 frames.
usctimit_ema_m1_169 sil ao f r g aw n iy d ng 
LOG (lattice-best-path[5.5.141~1-40a9d]:main():lattice-best-path.cc:99) For utterance usctimit_ema_m1_179, best cost 92.2994 + 1953.02 = 2045.32 over 365 frames.
usctimit_ema_m1_179 sil k aa iy ch r f ah n uw ae k s z 
LOG (lattice-best-path[5.5.141~1-40a9d]:main():lattice-best-path.cc:99) For utterance usctimit_ema_m1_183, best cost 117.166 + 2891.41 = 3008.58 over 544 frames.
usctimit_ema_m1_183 r p r ch er t er iy l s ae ch uw s k ow z er 
LOG (lattice-best-path[5.5.141~1-40a9d]:main():lattice-best-path.cc:99) For utterance usctimit_ema_m1_193, best cost 137.821 + 2971.05 = 3108.87 over 545 frames.
usctimit_ema_m1_193 ay g ey v n s ah ch oy z z l p ah n p ay ao er z 
LOG (lattice-best-path[5.5.141~1-40a9d]:main():lattice-best-path.cc:99) For utterance usctimit_ema_m1_204, best cost 59.9562 + 1796.03 = 1855.98 over 353 frames.
usctimit_ema_m1_204 hh aa g d er d er z 
LOG (lattice-best-path[5.5.141~1-40a9d]:main():lattice-best-path.cc:99) For utterance usctimit_ema_m1_209, best cost 65.549 + 1812.89 = 1878.44 over 352 frames.
usctimit_ema_m1_209 ih l th n f er p oy n 
LOG (lattice-best-path[5.5.141~1-40a9d]:main():lattice-best-path.cc:99) For utterance usctimit_ema_m1_224, best cost 100.122 + 2181.68 = 2281.8 over 406 frames.
usctimit_ema_m1_224 l ey dh v r oy s r n ao z p l iy sil 
LOG (lattice-best-path[5.5.141~1-40a9d]:main():lattice-best-path.cc:99) For utterance usctimit_ema_m1_229, best cost 111.993 + 2148.88 = 2260.87 over 395 frames.
usctimit_ema_m1_229 m ay d iy w ih ng iy g n t hh aa k aa f iy 
LOG (lattice-best-path[5.5.141~1-40a9d]:main():lattice-best-path.cc:99) For utterance usctimit_ema_m1_237, best cost 102.105 + 2530.01 = 2632.11 over 450 frames.
usctimit_ema_m1_237 w s aa iy t ay iy ay s k l l ow f sil 
LOG (lattice-best-path[5.5.141~1-40a9d]:main():lattice-best-path.cc:99) For utterance usctimit_ema_m1_265, best cost 125.262 + 2630.16 = 2755.42 over 470 frames.
usctimit_ema_m1_265 iy t ey p ih s er iy t ih t ao s ah k n s ao n iy 
LOG (lattice-best-path[5.5.141~1-40a9d]:main():lattice-best-path.cc:99) For utterance usctimit_ema_m1_269, best cost 116.787 + 2586.41 = 2703.19 over 491 frames.
usctimit_ema_m1_269 ah r ah p ay dh ow sh uw z ih b iy r ch er jh 
LOG (lattice-best-path[5.5.141~1-40a9d]:main():lattice-best-path.cc:99) For utterance usctimit_ema_m1_277, best cost 89.9414 + 1745.14 = 1835.08 over 337 frames.
usctimit_ema_m1_277 sil ih m iy d ng dh z aw jh er n z 
LOG (lattice-best-path[5.5.141~1-40a9d]:main():lattice-best-path.cc:99) For utterance usctimit_ema_m1_302, best cost 179.11 + 4015.9 = 4195.01 over 706 frames.
usctimit_ema_m1_302 l ah ah t l dh ey l p uw n t iy n aa s uw b l f r iy sh ow f ah sh 
LOG (lattice-best-path[5.5.141~1-40a9d]:main():lattice-best-path.cc:99) For utterance usctimit_ema_m1_303, best cost 93.0646 + 2205.82 = 2298.88 over 415 frames.
usctimit_ema_m1_303 aa f n iy g ih p ae k ao n iy p n 
LOG (lattice-best-path[5.5.141~1-40a9d]:main():lattice-best-path.cc:99) For utterance usctimit_ema_m1_317, best cost 185.646 + 3887.94 = 4073.59 over 731 frames.
usctimit_ema_m1_317 sil ah iy w l f iy t ay k uw s w er sh ah b aa p ow f iy aa ae n s k uw er 
LOG (lattice-best-path[5.5.141~1-40a9d]:main():lattice-best-path.cc:99) For utterance usctimit_ema_m1_320, best cost 130.826 + 2510.43 = 2641.25 over 468 frames.
usctimit_ema_m1_320 ih k aa s ao er w l jh oy dh sh ow f ih sh d ih sh 
LOG (lattice-best-path[5.5.141~1-40a9d]:main():lattice-best-path.cc:99) For utterance usctimit_ema_m1_322, best cost 110.71 + 2215.08 = 2325.79 over 422 frames.
usctimit_ema_m1_322 sil l f n z aa t l jh m er iy n ae m l z 
LOG (lattice-best-path[5.5.141~1-40a9d]:main():lattice-best-path.cc:99) For utterance usctimit_ema_m1_336, best cost 150.877 + 2627.45 = 2778.33 over 475 frames.
usctimit_ema_m1_336 sil eh n oy s p ow m g ow z r ow z m ao n oy ng iy jh ey 
LOG (lattice-best-path[5.5.141~1-40a9d]:main():lattice-best-path.cc:99) For utterance usctimit_ema_m1_338, best cost 121.08 + 2723.5 = 2844.58 over 511 frames.
usctimit_ema_m1_338 eh t ay r m ih k s ah z l iy f er m ao s ah iy 
LOG (lattice-best-path[5.5.141~1-40a9d]:main():lattice-best-path.cc:99) For utterance usctimit_ema_m1_340, best cost 84.7563 + 1750.21 = 1834.97 over 316 frames.
usctimit_ema_m1_340 jh ow k iy sh ow v ah f ao l ah 
LOG (lattice-best-path[5.5.141~1-40a9d]:main():lattice-best-path.cc:99) For utterance usctimit_ema_m1_344, best cost 130.033 + 2353.91 = 2483.95 over 454 frames.
usctimit_ema_m1_344 sil ae m k iy z r ay v ng l s ah z ah p er z ey z 
LOG (lattice-best-path[5.5.141~1-40a9d]:main():lattice-best-path.cc:99) For utterance usctimit_ema_m1_347, best cost 130.331 + 2613.44 = 2743.77 over 467 frames.
usctimit_ema_m1_347 r z p r w dh aa p ah f uw sh er g ae sh er ih jh 
LOG (lattice-best-path[5.5.141~1-40a9d]:main():lattice-best-path.cc:99) For utterance usctimit_ema_m1_350, best cost 99.2819 + 1864.1 = 1963.38 over 337 frames.
usctimit_ema_m1_350 sil sh ow er f l s z ih w b r p n 
LOG (lattice-best-path[5.5.141~1-40a9d]:main():lattice-best-path.cc:99) For utterance usctimit_ema_m1_360, best cost 167.016 + 2879.46 = 3046.48 over 500 frames.
usctimit_ema_m1_360 f ih sh iy ae z l iy f r t ih k l iy l s er f ih s ah dh s l ey k 
LOG (lattice-best-path[5.5.141~1-40a9d]:main():lattice-best-path.cc:99) For utterance usctimit_ema_m1_361, best cost 123.016 + 2130.11 = 2253.12 over 383 frames.
usctimit_ema_m1_361 t n t ey sh iy l t ih s iy m uw iy s w s w iy k 
LOG (lattice-best-path[5.5.141~1-40a9d]:main():lattice-best-path.cc:99) For utterance usctimit_ema_m1_367, best cost 126.503 + 2593.76 = 2720.27 over 492 frames.
usctimit_ema_m1_367 sil aa b er p ey p er n iy s ah b iy b ow f ay er 
LOG (lattice-best-path[5.5.141~1-40a9d]:main():lattice-best-path.cc:99) For utterance usctimit_ema_m1_368, best cost 107.28 + 2574.93 = 2682.21 over 474 frames.
usctimit_ema_m1_368 sil k r sh g ah v l t ah f ih sh ah ch 
LOG (lattice-best-path[5.5.141~1-40a9d]:main():lattice-best-path.cc:99) For utterance usctimit_ema_m1_375, best cost 133.246 + 2577.22 = 2710.46 over 464 frames.
usctimit_ema_m1_375 ay r sh ow s er z iy f r sh t ah p er s er b r k z 
LOG (lattice-best-path[5.5.141~1-40a9d]:main():lattice-best-path.cc:99) For utterance usctimit_ema_m1_394, best cost 145.997 + 3013.84 = 3159.84 over 547 frames.
usctimit_ema_m1_394 sil iy z ah g r s ah p l iy s n f ay k aa w s m ow er z 
LOG (lattice-best-path[5.5.141~1-40a9d]:main():lattice-best-path.cc:99) For utterance usctimit_ema_m1_400, best cost 128.745 + 2140.94 = 2269.69 over 382 frames.
usctimit_ema_m1_400 sil w r z ih s l r ch ey ng ay v iy aa r ng ao er 
LOG (lattice-best-path[5.5.141~1-40a9d]:main():lattice-best-path.cc:99) For utterance usctimit_ema_m1_432, best cost 52.3285 + 1481.07 = 1533.4 over 285 frames.
usctimit_ema_m1_432 l l iy w ey y er 
LOG (lattice-best-path[5.5.141~1-40a9d]:main():lattice-best-path.cc:99) For utterance usctimit_ema_m3_010, best cost 66.1075 + 1775.47 = 1841.58 over 327 frames.
usctimit_ema_m3_010 w er aa w er y l iy sil 
LOG (lattice-best-path[5.5.141~1-40a9d]:main():lattice-best-path.cc:99) For utterance usctimit_ema_m3_044, best cost 105.701 + 2746.73 = 2852.44 over 472 frames.
usctimit_ema_m3_044 sil l ay k ah iy k p aa d ah t r t ah z 
LOG (lattice-best-path[5.5.141~1-40a9d]:main():lattice-best-path.cc:99) For utterance usctimit_ema_m3_068, best cost 96.7421 + 2414.26 = 2511 over 441 frames.
usctimit_ema_m3_068 ih t ah aa s l d uw p y aa k r s iy 
LOG (lattice-best-path[5.5.141~1-40a9d]:main():lattice-best-path.cc:99) For utterance usctimit_ema_m3_071, best cost 122.805 + 2622.2 = 2745.01 over 439 frames.
usctimit_ema_m3_071 k aa r sh l ao ah n s t ae n iy l iy iy s iy sil 
LOG (lattice-best-path[5.5.141~1-40a9d]:main():lattice-best-path.cc:99) For utterance usctimit_ema_m3_080, best cost 101.504 + 2627.9 = 2729.4 over 411 frames.
usctimit_ema_m3_080 ih ao z ae l iy r t aa k ao t ay l z 
LOG (lattice-best-path[5.5.141~1-40a9d]:main():lattice-best-path.cc:99) For utterance usctimit_ema_m3_101, best cost 83.3533 + 1828.07 = 1911.43 over 307 frames.
usctimit_ema_m3_101 k ae dh s er w n ao t ey n t 
LOG (lattice-best-path[5.5.141~1-40a9d]:main():lattice-best-path.cc:99) For utterance usctimit_ema_m3_113, best cost 103.721 + 2150.78 = 2254.5 over 382 frames.
usctimit_ema_m3_113 aa t ah f ao m uw iy s ah s ah t ay l z 
LOG (lattice-best-path[5.5.141~1-40a9d]:main():lattice-best-path.cc:99) For utterance usctimit_ema_m3_129, best cost 90.9428 + 2316.94 = 2407.89 over 411 frames.
usctimit_ema_m3_129 jh m ay t er ae s iy iy n t aa l 
LOG (lattice-best-path[5.5.141~1-40a9d]:main():lattice-best-path.cc:99) For utterance usctimit_ema_m3_141, best cost 100.112 + 2101.98 = 2202.09 over 354 frames.
usctimit_ema_m3_141 r m uw d s ah jh w th t er k iy z z 
LOG (lattice-best-path[5.5.141~1-40a9d]:main():lattice-best-path.cc:99) For utterance usctimit_ema_m3_147, best cost 100.624 + 2462.06 = 2562.69 over 438 frames.
usctimit_ema_m3_147 sil er m ey oy f ao f r n d ae n z 
LOG (lattice-best-path[5.5.141~1-40a9d]:main():lattice-best-path.cc:99) For utterance usctimit_ema_m3_192, best cost 103.351 + 2487.41 = 2590.76 over 428 frames.
usctimit_ema_m3_192 sil l ih b eh s eh d eh p aa g l er sil 
LOG (lattice-best-path[5.5.141~1-40a9d]:main():lattice-best-path.cc:99) For utterance usctimit_ema_m3_203, best cost 97.858 + 2326.82 = 2424.68 over 419 frames.
usctimit_ema_m3_203 ah b ah jh b aa t ey ow g er aw zh 
LOG (lattice-best-path[5.5.141~1-40a9d]:main():lattice-best-path.cc:99) For utterance usctimit_ema_m3_260, best cost 120.646 + 2556.31 = 2676.96 over 446 frames.
usctimit_ema_m3_260 r sh ay z eh k aw m n d ay n er r sh n ae ah 
LOG (lattice-best-path[5.5.141~1-40a9d]:main():lattice-best-path.cc:99) For utterance usctimit_ema_m3_267, best cost 114.831 + 2906.89 = 3021.72 over 519 frames.
usctimit_ema_m3_267 ih k ae k ah s m ao l ae er ey n iy t iy sil 
LOG (lattice-best-path[5.5.141~1-40a9d]:main():lattice-best-path.cc:99) For utterance usctimit_ema_m3_282, best cost 171.171 + 3776.54 = 3947.71 over 657 frames.
usctimit_ema_m3_282 sil iy ae t ah ah b iy s r f ao r ah iy ih g t er k eh f ih f er s sil 
LOG (lattice-best-path[5.5.141~1-40a9d]:main():lattice-best-path.cc:99) For utterance usctimit_ema_m3_300, best cost 104.538 + 2514.45 = 2618.98 over 450 frames.
usctimit_ema_m3_300 ih b ih d aa l d jh ow y l r ay d l 
LOG (lattice-best-path[5.5.141~1-40a9d]:main():lattice-best-path.cc:99) For utterance usctimit_ema_m3_316, best cost 172.885 + 3353.43 = 3526.32 over 569 frames.
usctimit_ema_m3_316 ih p r s uw er k ah r oy s er f y l ih z aa iy m er d z ih sh z sil 
LOG (lattice-best-path[5.5.141~1-40a9d]:main():lattice-best-path.cc:99) For utterance usctimit_ema_m3_320, best cost 117.127 + 2535.74 = 2652.87 over 447 frames.
usctimit_ema_m3_320 sil ah k aa s er l d oy sh ow f ih sh ih sh sil 
LOG (lattice-best-path[5.5.141~1-40a9d]:main():lattice-best-path.cc:99) For utterance usctimit_ema_m3_335, best cost 100.485 + 2675.02 = 2775.5 over 449 frames.
usctimit_ema_m3_335 sil aa ih r ow ow r ow ih er n er l z 
LOG (lattice-best-path[5.5.141~1-40a9d]:main():lattice-best-path.cc:99) For utterance usctimit_ema_m3_336, best cost 104.843 + 2196.87 = 2301.71 over 372 frames.
usctimit_ema_m3_336 eh n oy z aa m r z m ao n ay iy ch ey 
LOG (lattice-best-path[5.5.141~1-40a9d]:main():lattice-best-path.cc:99) For utterance usctimit_ema_m3_338, best cost 136.052 + 2773.46 = 2909.51 over 500 frames.
usctimit_ema_m3_338 eh d ay r ae m ey s ae n s l ae t r m ah ch ah iy sil 
LOG (lattice-best-path[5.5.141~1-40a9d]:main():lattice-best-path.cc:99) For utterance usctimit_ema_m3_339, best cost 110.463 + 2329.14 = 2439.6 over 423 frames.
usctimit_ema_m3_339 ah b ao r n aa l ah s p er s iy iy d l sil 
LOG (lattice-best-path[5.5.141~1-40a9d]:main():lattice-best-path.cc:99) For utterance usctimit_ema_m3_357, best cost 110.968 + 2702.95 = 2813.92 over 462 frames.
usctimit_ema_m3_357 ah m aw s ae r k aa s iy l ah s iy er sil 
LOG (lattice-best-path[5.5.141~1-40a9d]:main():lattice-best-path.cc:99) For utterance usctimit_ema_m3_359, best cost 95.5478 + 2232.31 = 2327.86 over 389 frames.
usctimit_ema_m3_359 k aw s ih t b ow t iy s r l sil 
LOG (lattice-best-path[5.5.141~1-40a9d]:main():lattice-best-path.cc:99) For utterance usctimit_ema_m3_379, best cost 118.154 + 2758.38 = 2876.54 over 477 frames.
usctimit_ema_m3_379 sil ay r s ih s z uw z l n s ae s iy r z sil 
LOG (lattice-best-path[5.5.141~1-40a9d]:main():lattice-best-path.cc:99) For utterance usctimit_ema_m3_385, best cost 87.8983 + 1978.09 = 2065.99 over 354 frames.
usctimit_ema_m3_385 eh r k ae iy jh iy p ey ih aa th ah 
LOG (lattice-best-path[5.5.141~1-40a9d]:main():lattice-best-path.cc:99) For utterance usctimit_ema_m3_390, best cost 128.773 + 2535.91 = 2664.68 over 428 frames.
usctimit_ema_m3_390 iy w ey ch r k ih s ah p oy z ah eh iy w n s t iy 
LOG (lattice-best-path[5.5.141~1-40a9d]:main():lattice-best-path.cc:99) For utterance usctimit_ema_m3_423, best cost 143.39 + 2893.47 = 3036.86 over 495 frames.
usctimit_ema_m3_423 sil ah k ow s ah f r t ow s er ae t ah sh er sh aa ih f er 
LOG (lattice-best-path[5.5.141~1-40a9d]:main():lattice-best-path.cc:99) For utterance usctimit_ema_m3_434, best cost 58.3537 + 1581.4 = 1639.76 over 285 frames.
usctimit_ema_m3_434 sil r s ay z l er z 
LOG (lattice-best-path[5.5.141~1-40a9d]:main():lattice-best-path.cc:99) For utterance usctimit_ema_m3_438, best cost 139.734 + 2886.27 = 3026 over 495 frames.
usctimit_ema_m3_438 iy p ay aa t er aa l ih t ah g p iy s iy t r sh n sil 
LOG (lattice-best-path[5.5.141~1-40a9d]:main():lattice-best-path.cc:99) For utterance usctimit_ema_m3_442, best cost 121.395 + 2268.68 = 2390.07 over 404 frames.
usctimit_ema_m3_442 w ih t l iy ch iy s b ah d ih t uw ih s r iy sil 
LOG (lattice-best-path[5.5.141~1-40a9d]:main():lattice-best-path.cc:99) For utterance usctimit_ema_m3_444, best cost 163.737 + 3452.9 = 3616.64 over 603 frames.
usctimit_ema_m3_444 r ao ey ae g eh ey n uw aa s r d er eh n s r p ay f r z er sil 
LOG (lattice-best-path[5.5.141~1-40a9d]:main():lattice-best-path.cc:99) For utterance usctimit_ema_m3_457, best cost 142.905 + 3176.81 = 3319.72 over 560 frames.
usctimit_ema_m3_457 sil k aa f iy z er ah s iy d ah m l ih s ow t ah r s ah z 
LOG (lattice-best-path[5.5.141~1-40a9d]:main():lattice-best-path.cc:99) For utterance usctimit_ema_m3_458, best cost 132.543 + 3076.91 = 3209.45 over 535 frames.
usctimit_ema_m3_458 sil ae s iy b ey r w s k aa ih k ay d ey r z ey jh 
LOG (lattice-scale[5.5.141~1-40a9d]:main():lattice-scale.cc:107) Done 183 lattices.
LOG (lattice-add-penalty[5.5.141~1-40a9d]:main():lattice-add-penalty.cc:62) Done adding word insertion penalty to 183 lattices.
LOG (lattice-best-path[5.5.141~1-40a9d]:main():lattice-best-path.cc:99) For utterance usctimit_ema_m3_460, best cost 83.218 + 2714.54 = 2797.76 over 497 frames.
usctimit_ema_m3_460 sil w ih ch iy er sh ah ih s sil 
LOG (lattice-best-path[5.5.141~1-40a9d]:main():lattice-best-path.cc:124) Overall cost per frame is 5.82874 = 0.247775 [graph] + 5.58097 [acoustic] over 81821 frames.
LOG (lattice-best-path[5.5.141~1-40a9d]:main():lattice-best-path.cc:128) Done 183 lattices, failed for 0
# Accounting: time=20 threads=1
# Ended (code 0) at Mon Dec 24 20:00:57 EET 2018, elapsed time 20 seconds
