# lattice-scale --inv-acoustic-scale=12 "ark:gunzip -c exp/ug/mono/decode/lat.*.gz|" ark:- | lattice-add-penalty --word-ins-penalty=1.0 ark:- ark:- | lattice-best-path --word-symbol-table=exp/ug/mono/graph/words.txt ark:- ark,t:- | utils/int2sym.pl -f 2- exp/ug/mono/graph/words.txt | cat > exp/ug/mono/decode/scoring_kaldi/penalty_1.0/12.txt 
# Started at Mon Dec 24 19:59:58 EET 2018
#
lattice-best-path --word-symbol-table=exp/ug/mono/graph/words.txt ark:- ark,t:- 
lattice-add-penalty --word-ins-penalty=1.0 ark:- ark:- 
lattice-scale --inv-acoustic-scale=12 'ark:gunzip -c exp/ug/mono/decode/lat.*.gz|' ark:- 
LOG (lattice-best-path[5.5.141~1-40a9d]:main():lattice-best-path.cc:99) For utterance usctimit_ema_f1_021, best cost 77.0334 + 1965.67 = 2042.71 over 290 frames.
usctimit_ema_f1_021 aa m iy oy r s aa ah n er z 
LOG (lattice-best-path[5.5.141~1-40a9d]:main():lattice-best-path.cc:99) For utterance usctimit_ema_f1_028, best cost 143.758 + 3463.22 = 3606.97 over 499 frames.
usctimit_ema_f1_028 l ah uw z ih k aa ah t er ih s ah t ey p aa y l ae r ey iy 
LOG (lattice-best-path[5.5.141~1-40a9d]:main():lattice-best-path.cc:99) For utterance usctimit_ema_f1_031, best cost 108.312 + 2796.79 = 2905.1 over 395 frames.
usctimit_ema_f1_031 aa s l r s l l z er d iy sh n r z n sil 
LOG (lattice-best-path[5.5.141~1-40a9d]:main():lattice-best-path.cc:99) For utterance usctimit_ema_f1_052, best cost 115.989 + 3034.32 = 3150.31 over 431 frames.
usctimit_ema_f1_052 aa s ah l t eh t z jh iy l aa d ah f iy er iy 
LOG (lattice-best-path[5.5.141~1-40a9d]:main():lattice-best-path.cc:99) For utterance usctimit_ema_f1_054, best cost 94.0828 + 2594.02 = 2688.1 over 382 frames.
usctimit_ema_f1_054 ch aa n s iy ch eh s n t l jh n z 
LOG (lattice-best-path[5.5.141~1-40a9d]:main():lattice-best-path.cc:99) For utterance usctimit_ema_f1_072, best cost 91.1682 + 2704.57 = 2795.74 over 403 frames.
usctimit_ema_f1_072 s ih n z eh d ey f ih k iy r k s 
LOG (lattice-best-path[5.5.141~1-40a9d]:main():lattice-best-path.cc:99) For utterance usctimit_ema_f1_078, best cost 108.697 + 3003.45 = 3112.14 over 447 frames.
usctimit_ema_f1_078 l eh t aa s l iy z aa t ow p ay n s ah z 
LOG (lattice-best-path[5.5.141~1-40a9d]:main():lattice-best-path.cc:99) For utterance usctimit_ema_f1_090, best cost 104.214 + 2404.74 = 2508.95 over 353 frames.
usctimit_ema_f1_090 iy m eh z ih s ah s ah l iy d l iy ay l z 
LOG (lattice-best-path[5.5.141~1-40a9d]:main():lattice-best-path.cc:99) For utterance usctimit_ema_f1_105, best cost 126.987 + 3303.02 = 3430 over 461 frames.
usctimit_ema_f1_105 ih k ay ow iy aa k ae eh d ay iy ae r oy l ae ah z 
LOG (lattice-best-path[5.5.141~1-40a9d]:main():lattice-best-path.cc:99) For utterance usctimit_ema_f1_108, best cost 127.37 + 3201.25 = 3328.62 over 458 frames.
usctimit_ema_f1_108 r t eh v r z ey f r f aa p eh ae r n jh iy z 
LOG (lattice-best-path[5.5.141~1-40a9d]:main():lattice-best-path.cc:99) For utterance usctimit_ema_f1_111, best cost 105.42 + 2325.28 = 2430.7 over 329 frames.
usctimit_ema_f1_111 r ih f ih sh ow n t aa s ih s ah z r iy l 
LOG (lattice-best-path[5.5.141~1-40a9d]:main():lattice-best-path.cc:99) For utterance usctimit_ema_f1_115, best cost 91.6037 + 2459.62 = 2551.22 over 355 frames.
usctimit_ema_f1_115 sil ey f ao ae ch eh s er r p eh z 
LOG (lattice-best-path[5.5.141~1-40a9d]:main():lattice-best-path.cc:99) For utterance usctimit_ema_f1_123, best cost 110.952 + 3373.61 = 3484.56 over 492 frames.
usctimit_ema_f1_123 ih b ah n l s ow z ah z ah ch iy iy sh ao er 
LOG (lattice-best-path[5.5.141~1-40a9d]:main():lattice-best-path.cc:99) For utterance usctimit_ema_f1_126, best cost 149.718 + 3064.52 = 3214.24 over 432 frames.
usctimit_ema_f1_126 w ah sh ao aa k ow z ow p ey ih n ey k aa f ih k ey sh ae n 
LOG (lattice-best-path[5.5.141~1-40a9d]:main():lattice-best-path.cc:99) For utterance usctimit_ema_f1_134, best cost 77.1067 + 2739.19 = 2816.29 over 416 frames.
usctimit_ema_f1_134 iy iy k ih z iy z ae s ah z ah 
LOG (lattice-best-path[5.5.141~1-40a9d]:main():lattice-best-path.cc:99) For utterance usctimit_ema_f1_153, best cost 170.146 + 4278.57 = 4448.71 over 618 frames.
usctimit_ema_f1_153 ih m ay ng iy k eh s ah s aw t z ih p iy l s er v ey sh n r l n z 
LOG (lattice-best-path[5.5.141~1-40a9d]:main():lattice-best-path.cc:99) For utterance usctimit_ema_f1_162, best cost 110.965 + 3266.68 = 3377.64 over 486 frames.
usctimit_ema_f1_162 ah s ao k aa t ih z n aw k oy t ey sh ah 
LOG (lattice-best-path[5.5.141~1-40a9d]:main():lattice-best-path.cc:99) For utterance usctimit_ema_f1_170, best cost 116.529 + 3129.13 = 3245.66 over 459 frames.
usctimit_ema_f1_170 k ao p er ay s iy l m ih k s eh t ih k aw m 
LOG (lattice-best-path[5.5.141~1-40a9d]:main():lattice-best-path.cc:99) For utterance usctimit_ema_f1_198, best cost 75.2587 + 2378.83 = 2454.09 over 368 frames.
usctimit_ema_f1_198 ah p er n ay v ih r k er z 
LOG (lattice-best-path[5.5.141~1-40a9d]:main():lattice-best-path.cc:99) For utterance usctimit_ema_f1_209, best cost 68.0643 + 2242.92 = 2310.98 over 339 frames.
usctimit_ema_f1_209 r iy l k ng r p l n ae 
LOG (lattice-best-path[5.5.141~1-40a9d]:main():lattice-best-path.cc:99) For utterance usctimit_ema_f1_213, best cost 90.3199 + 2479.43 = 2569.75 over 358 frames.
usctimit_ema_f1_213 ay m ay z aa k aw t ay iy n s iy 
LOG (lattice-best-path[5.5.141~1-40a9d]:main():lattice-best-path.cc:99) For utterance usctimit_ema_f1_227, best cost 78.3905 + 2588.75 = 2667.14 over 386 frames.
usctimit_ema_f1_227 ay iy ng iy l er uw ey l l er 
LOG (lattice-best-path[5.5.141~1-40a9d]:main():lattice-best-path.cc:99) For utterance usctimit_ema_f1_236, best cost 106.993 + 2433.52 = 2540.51 over 358 frames.
usctimit_ema_f1_236 aw oy l iy t y l ih s ae l t eh s ah ng 
LOG (lattice-best-path[5.5.141~1-40a9d]:main():lattice-best-path.cc:99) For utterance usctimit_ema_f1_239, best cost 104.41 + 2711.81 = 2816.23 over 412 frames.
usctimit_ema_f1_239 w t r ao aa iy s ah ch aa n iy z ng iy sil 
LOG (lattice-best-path[5.5.141~1-40a9d]:main():lattice-best-path.cc:99) For utterance usctimit_ema_f1_242, best cost 102.788 + 2410.67 = 2513.46 over 356 frames.
usctimit_ema_f1_242 d ey t ih k r l f aa m ih s ao aw t z 
LOG (lattice-best-path[5.5.141~1-40a9d]:main():lattice-best-path.cc:99) For utterance usctimit_ema_f1_244, best cost 118.089 + 2709.39 = 2827.48 over 398 frames.
usctimit_ema_f1_244 iy eh v aa d k aa ow f r d f aw r b eh n z 
LOG (lattice-best-path[5.5.141~1-40a9d]:main():lattice-best-path.cc:99) For utterance usctimit_ema_f1_250, best cost 74.3398 + 2227.72 = 2302.06 over 346 frames.
usctimit_ema_f1_250 dh m eh s r s ae sh aa s iy 
LOG (lattice-best-path[5.5.141~1-40a9d]:main():lattice-best-path.cc:99) For utterance usctimit_ema_f1_252, best cost 166.357 + 3795.08 = 3961.44 over 550 frames.
usctimit_ema_f1_252 aa s ah b ah iy t ah ao k ih k ah t ih p er ih sh n z n ow w er d iy 
LOG (lattice-best-path[5.5.141~1-40a9d]:main():lattice-best-path.cc:99) For utterance usctimit_ema_f1_255, best cost 129.241 + 2924.93 = 3054.17 over 428 frames.
usctimit_ema_f1_255 dh t ih f er f r ae t ih k aa m ay n t ih f ow aw 
LOG (lattice-best-path[5.5.141~1-40a9d]:main():lattice-best-path.cc:99) For utterance usctimit_ema_f1_262, best cost 144.046 + 3997.55 = 4141.59 over 572 frames.
usctimit_ema_f1_262 ih s r sh r z r t ih k ow iy f er m ih f er eh t ay er 
LOG (lattice-best-path[5.5.141~1-40a9d]:main():lattice-best-path.cc:99) For utterance usctimit_ema_f1_286, best cost 95.5192 + 2075.52 = 2171.04 over 302 frames.
usctimit_ema_f1_286 eh t ah ch ey z z k ae s er s l s ah 
LOG (lattice-best-path[5.5.141~1-40a9d]:main():lattice-best-path.cc:99) For utterance usctimit_ema_f1_297, best cost 119.554 + 3855.15 = 3974.71 over 592 frames.
usctimit_ema_f1_297 r k iy n t aa n ch ah s ao t r t n z iy f n 
LOG (lattice-best-path[5.5.141~1-40a9d]:main():lattice-best-path.cc:99) For utterance usctimit_ema_f1_299, best cost 134.001 + 3311.85 = 3445.85 over 491 frames.
usctimit_ema_f1_299 ae dh n ah m er t ey z ah z s oy s aa s ay y r eh n 
LOG (lattice-best-path[5.5.141~1-40a9d]:main():lattice-best-path.cc:99) For utterance usctimit_ema_f1_302, best cost 121.321 + 3881.03 = 4002.35 over 573 frames.
usctimit_ema_f1_302 ih d ah l ah ae ah s iy n aa t ah f iy sh l ah z 
LOG (lattice-best-path[5.5.141~1-40a9d]:main():lattice-best-path.cc:99) For utterance usctimit_ema_f1_311, best cost 138.712 + 3476.05 = 3614.77 over 495 frames.
usctimit_ema_f1_311 sil r iy ch ae v z jh ah s ah t uw b ay z ih g r ah er 
LOG (lattice-best-path[5.5.141~1-40a9d]:main():lattice-best-path.cc:99) For utterance usctimit_ema_f1_317, best cost 158.29 + 4544.11 = 4702.4 over 679 frames.
usctimit_ema_f1_317 m eh iy aa iy t ay k ah s w er sh n aa p ow k iy ae n s uw n er 
LOG (lattice-best-path[5.5.141~1-40a9d]:main():lattice-best-path.cc:99) For utterance usctimit_ema_f1_320, best cost 103.865 + 3082.75 = 3186.61 over 454 frames.
usctimit_ema_f1_320 ah k ae s er l n d er d sh l ih ch ah ch 
LOG (lattice-best-path[5.5.141~1-40a9d]:main():lattice-best-path.cc:99) For utterance usctimit_ema_f1_323, best cost 115.218 + 3040.73 = 3155.95 over 450 frames.
usctimit_ema_f1_323 ae n iy s oy sh n ay ch er k oy z ae k ah z 
LOG (lattice-best-path[5.5.141~1-40a9d]:main():lattice-best-path.cc:99) For utterance usctimit_ema_f1_325, best cost 104.38 + 2724.26 = 2828.64 over 400 frames.
usctimit_ema_f1_325 t ao sh ah l ah m aa jh z ey t ay m iy z 
LOG (lattice-best-path[5.5.141~1-40a9d]:main():lattice-best-path.cc:99) For utterance usctimit_ema_f1_342, best cost 99.9669 + 3131.96 = 3231.93 over 452 frames.
usctimit_ema_f1_342 jh oy z er t eh t r f r l ah s ih n 
LOG (lattice-best-path[5.5.141~1-40a9d]:main():lattice-best-path.cc:99) For utterance usctimit_ema_f1_346, best cost 92.3292 + 2256.37 = 2348.7 over 328 frames.
usctimit_ema_f1_346 w ao k ah m ng s uw n z iy ch iy er 
LOG (lattice-best-path[5.5.141~1-40a9d]:main():lattice-best-path.cc:99) For utterance usctimit_ema_f1_347, best cost 121.196 + 3078.94 = 3200.14 over 452 frames.
usctimit_ema_f1_347 r jh ah p er n ay d eh f iy jh ih g ae sh ah jh 
LOG (lattice-best-path[5.5.141~1-40a9d]:main():lattice-best-path.cc:99) For utterance usctimit_ema_f1_356, best cost 83.0481 + 2098.96 = 2182.01 over 302 frames.
usctimit_ema_f1_356 dh iy l ay k l m ae ch aw er z 
LOG (lattice-best-path[5.5.141~1-40a9d]:main():lattice-best-path.cc:99) For utterance usctimit_ema_f1_360, best cost 147.671 + 3253.64 = 3401.31 over 462 frames.
usctimit_ema_f1_360 ih t ih s iy s l iy f ay d l iy n s er dh z ah s m l iy sil 
LOG (lattice-best-path[5.5.141~1-40a9d]:main():lattice-best-path.cc:99) For utterance usctimit_ema_f1_362, best cost 92.0859 + 2796.37 = 2888.45 over 430 frames.
usctimit_ema_f1_362 ey s ih ng ah er w ao l r n t iy er 
LOG (lattice-best-path[5.5.141~1-40a9d]:main():lattice-best-path.cc:99) For utterance usctimit_ema_f1_364, best cost 146.482 + 3132.47 = 3278.95 over 457 frames.
usctimit_ema_f1_364 ih t ae s ah t ae b er d ae n k aa z ih k ae t ae dh t ae n 
LOG (lattice-best-path[5.5.141~1-40a9d]:main():lattice-best-path.cc:99) For utterance usctimit_ema_f1_368, best cost 90.6959 + 3036.76 = 3127.45 over 450 frames.
usctimit_ema_f1_368 r z uw ae n ah t n ih sh ae m ch 
LOG (lattice-best-path[5.5.141~1-40a9d]:main():lattice-best-path.cc:99) For utterance usctimit_ema_f1_382, best cost 147.141 + 3908.2 = 4055.34 over 595 frames.
usctimit_ema_f1_382 s ae sh l iy k l t ah n eh k ae s ah iy l d n ch ah p ah ng 
LOG (lattice-best-path[5.5.141~1-40a9d]:main():lattice-best-path.cc:99) For utterance usctimit_ema_f1_394, best cost 142.744 + 3670.78 = 3813.52 over 548 frames.
usctimit_ema_f1_394 iy z ih r s ah p w iy s ih n t f ay k l s m ay er z z 
LOG (lattice-best-path[5.5.141~1-40a9d]:main():lattice-best-path.cc:99) For utterance usctimit_ema_f1_397, best cost 147.616 + 3408.95 = 3556.56 over 501 frames.
usctimit_ema_f1_397 sil t ah r n aw s ay s k aa f n s aa f er f n g ae ae ah 
LOG (lattice-best-path[5.5.141~1-40a9d]:main():lattice-best-path.cc:99) For utterance usctimit_ema_f1_402, best cost 86.2229 + 2643.35 = 2729.58 over 401 frames.
usctimit_ema_f1_402 r s ih t ae t ih f r n ch iy z 
LOG (lattice-best-path[5.5.141~1-40a9d]:main():lattice-best-path.cc:99) For utterance usctimit_ema_f1_405, best cost 109.421 + 3444.79 = 3554.21 over 510 frames.
usctimit_ema_f1_405 w ey ah s er ey s ae k oy z n r ng r ae 
LOG (lattice-best-path[5.5.141~1-40a9d]:main():lattice-best-path.cc:99) For utterance usctimit_ema_f1_451, best cost 136.702 + 3142.19 = 3278.89 over 444 frames.
usctimit_ema_f1_451 ch ow ih n k uw z ih m eh iy f r l t m n s ih n ng 
LOG (lattice-best-path[5.5.141~1-40a9d]:main():lattice-best-path.cc:99) For utterance usctimit_ema_f1_453, best cost 124.422 + 3228.9 = 3353.32 over 476 frames.
usctimit_ema_f1_453 l n er z k r ng iy n z ih ng v eh ch ah p er n 
LOG (lattice-best-path[5.5.141~1-40a9d]:main():lattice-best-path.cc:99) For utterance usctimit_ema_f1_456, best cost 126.587 + 2982.81 = 3109.4 over 433 frames.
usctimit_ema_f1_456 ah ao s ih d eh t l n p ae t uw ae z k aa r ih m 
LOG (lattice-best-path[5.5.141~1-40a9d]:main():lattice-best-path.cc:99) For utterance usctimit_ema_f1_460, best cost 74.7048 + 2220.04 = 2294.75 over 334 frames.
usctimit_ema_f1_460 w ih sh iy n ih sh ah d ah z 
LOG (lattice-best-path[5.5.141~1-40a9d]:main():lattice-best-path.cc:99) For utterance usctimit_ema_f5_009, best cost 66.6768 + 2254.56 = 2321.24 over 341 frames.
usctimit_ema_f5_009 y l aw r r l ay 
LOG (lattice-best-path[5.5.141~1-40a9d]:main():lattice-best-path.cc:99) For utterance usctimit_ema_f5_011, best cost 88.663 + 2187.18 = 2275.84 over 301 frames.
usctimit_ema_f5_011 ih y r m ah s ay z uw k ae n 
LOG (lattice-best-path[5.5.141~1-40a9d]:main():lattice-best-path.cc:99) For utterance usctimit_ema_f5_017, best cost 117.541 + 2474.6 = 2592.14 over 328 frames.
usctimit_ema_f5_017 aw m aa iy hh r m s ih f ao s m ae z w l 
LOG (lattice-best-path[5.5.141~1-40a9d]:main():lattice-best-path.cc:99) For utterance usctimit_ema_f5_019, best cost 102.117 + 2219.07 = 2321.19 over 308 frames.
usctimit_ema_f5_019 ah f ah l f ah hh l p iy f r iy m 
LOG (lattice-best-path[5.5.141~1-40a9d]:main():lattice-best-path.cc:99) For utterance usctimit_ema_f5_066, best cost 72.5115 + 2627.93 = 2700.44 over 335 frames.
usctimit_ema_f5_066 eh g ah s t uw f r iy iy 
LOG (lattice-best-path[5.5.141~1-40a9d]:main():lattice-best-path.cc:99) For utterance usctimit_ema_f5_080, best cost 125.311 + 3093.18 = 3218.49 over 417 frames.
usctimit_ema_f5_080 ih k ah s n ah iy er t aa p ah k ah eh p ay l z 
LOG (lattice-best-path[5.5.141~1-40a9d]:main():lattice-best-path.cc:99) For utterance usctimit_ema_f5_081, best cost 146.021 + 2766.25 = 2912.27 over 373 frames.
usctimit_ema_f5_081 ae s k r iy p er iy s t ae s w n z n eh y n iy sh n 
LOG (lattice-best-path[5.5.141~1-40a9d]:main():lattice-best-path.cc:99) For utterance usctimit_ema_f5_090, best cost 79.5599 + 2813.72 = 2893.28 over 385 frames.
usctimit_ema_f5_090 ah d iy d l iy f ay l z 
LOG (lattice-best-path[5.5.141~1-40a9d]:main():lattice-best-path.cc:99) For utterance usctimit_ema_f5_143, best cost 100.202 + 3265.16 = 3365.36 over 473 frames.
usctimit_ema_f5_143 s ao f r z ey sh ah s ih s n sh ah 
LOG (lattice-best-path[5.5.141~1-40a9d]:main():lattice-best-path.cc:99) For utterance usctimit_ema_f5_144, best cost 155.809 + 4213.56 = 4369.37 over 594 frames.
usctimit_ema_f5_144 eh s k ao t z iy er n uw b ow t ah ah hh aa iy aa iy z 
LOG (lattice-best-path[5.5.141~1-40a9d]:main():lattice-best-path.cc:99) For utterance usctimit_ema_f5_162, best cost 135.82 + 3320.95 = 3456.77 over 483 frames.
usctimit_ema_f5_162 ah s ao k aa jh z er n aw k oy jh k ey sh n l 
LOG (lattice-best-path[5.5.141~1-40a9d]:main():lattice-best-path.cc:99) For utterance usctimit_ema_f5_163, best cost 151.008 + 3737.46 = 3888.47 over 532 frames.
usctimit_ema_f5_163 r ch ah k r z aa ah hh iy z jh ae w ao z ah m z f r iy 
LOG (lattice-best-path[5.5.141~1-40a9d]:main():lattice-best-path.cc:99) For utterance usctimit_ema_f5_164, best cost 93.4461 + 2763.98 = 2857.43 over 405 frames.
usctimit_ema_f5_164 sil t ih k uw z t aw dh t uw d 
LOG (lattice-best-path[5.5.141~1-40a9d]:main():lattice-best-path.cc:99) For utterance usctimit_ema_f5_174, best cost 102.964 + 2708.05 = 2811.01 over 386 frames.
usctimit_ema_f5_174 t aa hh ae t r f ae sh n z y er 
LOG (lattice-best-path[5.5.141~1-40a9d]:main():lattice-best-path.cc:99) For utterance usctimit_ema_f5_197, best cost 67.3807 + 2749.57 = 2816.95 over 400 frames.
usctimit_ema_f5_197 m l p ah p w ah k 
LOG (lattice-best-path[5.5.141~1-40a9d]:main():lattice-best-path.cc:99) For utterance usctimit_ema_f5_208, best cost 102.214 + 2509.36 = 2611.57 over 373 frames.
usctimit_ema_f5_208 sil ih d iy p oy t ow r l t iy ow sh n 
LOG (lattice-best-path[5.5.141~1-40a9d]:main():lattice-best-path.cc:99) For utterance usctimit_ema_f5_233, best cost 202.951 + 4707.46 = 4910.41 over 648 frames.
usctimit_ema_f5_233 f er n iy ey b l iy sil r m ah er t l aw ay d ae k l t n s eh t r f iy iy 
LOG (lattice-best-path[5.5.141~1-40a9d]:main():lattice-best-path.cc:99) For utterance usctimit_ema_f5_243, best cost 107.144 + 2550.27 = 2657.42 over 363 frames.
usctimit_ema_f5_243 aa hh l d ey p r n d iy l b l t ah z 
LOG (lattice-best-path[5.5.141~1-40a9d]:main():lattice-best-path.cc:99) For utterance usctimit_ema_f5_244, best cost 106.104 + 2915.08 = 3021.18 over 412 frames.
usctimit_ema_f5_244 iy k er f ah d p aw ah f aa b eh d s 
LOG (lattice-best-path[5.5.141~1-40a9d]:main():lattice-best-path.cc:99) For utterance usctimit_ema_f5_272, best cost 125.683 + 2590.49 = 2716.18 over 364 frames.
usctimit_ema_f5_272 t ow f l z m ey t r p ao s eh s oy b iy z 
LOG (lattice-best-path[5.5.141~1-40a9d]:main():lattice-best-path.cc:99) For utterance usctimit_ema_f5_281, best cost 200.615 + 4133.06 = 4333.68 over 565 frames.
usctimit_ema_f5_281 ay d ay r z ih s ah p l k ih v iy w n f ao m ih k er k r k ah s ah b eh 
LOG (lattice-best-path[5.5.141~1-40a9d]:main():lattice-best-path.cc:99) For utterance usctimit_ema_f5_304, best cost 192.442 + 4732.8 = 4925.24 over 667 frames.
usctimit_ema_f5_304 g ah s aa p ay t iy n r g l d ah ao k ih z k oy n ae sh l f ao r z 
LOG (lattice-best-path[5.5.141~1-40a9d]:main():lattice-best-path.cc:99) For utterance usctimit_ema_f5_307, best cost 122.067 + 2889.64 = 3011.71 over 418 frames.
usctimit_ema_f5_307 d ch ah k ah t eh b ih g ah s p aw hh l p 
LOG (lattice-best-path[5.5.141~1-40a9d]:main():lattice-best-path.cc:99) For utterance usctimit_ema_f5_329, best cost 141.69 + 3555.18 = 3696.87 over 535 frames.
usctimit_ema_f5_329 ih k aw w n er f r m f er m ay dh ih k iy m ao s 
LOG (lattice-best-path[5.5.141~1-40a9d]:main():lattice-best-path.cc:99) For utterance usctimit_ema_f5_330, best cost 211.028 + 4551.44 = 4762.47 over 611 frames.
usctimit_ema_f5_330 sil iy t ah t ay m iy d ah ao s k l n s ay ih b dh b r k ae n iy z iy s z d m p r 
LOG (lattice-best-path[5.5.141~1-40a9d]:main():lattice-best-path.cc:99) For utterance usctimit_ema_f5_334, best cost 164.473 + 3788.84 = 3953.31 over 536 frames.
usctimit_ema_f5_334 oy z k aa s t iy m iy b l ae k l s t iy k t iy l g eh t 
LOG (lattice-best-path[5.5.141~1-40a9d]:main():lattice-best-path.cc:99) For utterance usctimit_ema_f5_336, best cost 122.245 + 2809.25 = 2931.49 over 396 frames.
usctimit_ema_f5_336 ae n oy s p aa m r z m ao n oy iy ch t ey 
LOG (lattice-best-path[5.5.141~1-40a9d]:main():lattice-best-path.cc:99) For utterance usctimit_ema_f5_343, best cost 139.459 + 3472.46 = 3611.91 over 506 frames.
usctimit_ema_f5_343 ah jh s ah jh eh n n uw r k y l jh k ah m iy z iy m 
LOG (lattice-best-path[5.5.141~1-40a9d]:main():lattice-best-path.cc:99) For utterance usctimit_ema_f5_348, best cost 126.943 + 3153.72 = 3280.66 over 455 frames.
usctimit_ema_f5_348 ah k er ih k ih sh eh p uw er ao iy jh ah b ah d 
LOG (lattice-best-path[5.5.141~1-40a9d]:main():lattice-best-path.cc:99) For utterance usctimit_ema_f5_349, best cost 100.789 + 2708.55 = 2809.33 over 405 frames.
usctimit_ema_f5_349 sil iy sh ao n s k r f r jh oy z 
LOG (lattice-best-path[5.5.141~1-40a9d]:main():lattice-best-path.cc:99) For utterance usctimit_ema_f5_354, best cost 167.018 + 4741.74 = 4908.76 over 679 frames.
usctimit_ema_f5_354 w n eh v er dh g r m t p r sh r ay z ah z sil l n n 
LOG (lattice-best-path[5.5.141~1-40a9d]:main():lattice-best-path.cc:99) For utterance usctimit_ema_f5_356, best cost 61.4965 + 1696.68 = 1758.18 over 219 frames.
usctimit_ema_f5_356 iy l ih k ao iy l 
LOG (lattice-best-path[5.5.141~1-40a9d]:main():lattice-best-path.cc:99) For utterance usctimit_ema_f5_369, best cost 147.583 + 3701.32 = 3848.91 over 537 frames.
usctimit_ema_f5_369 sil er s ih jh ay ae t iy w aa s ih k s er ih t aa p ae 
LOG (lattice-best-path[5.5.141~1-40a9d]:main():lattice-best-path.cc:99) For utterance usctimit_ema_f5_375, best cost 127.932 + 3108.39 = 3236.32 over 435 frames.
usctimit_ema_f5_375 ay er sh eh t er z iy ch r sh k b er ch r b r 
LOG (lattice-best-path[5.5.141~1-40a9d]:main():lattice-best-path.cc:99) For utterance usctimit_ema_f5_389, best cost 154.973 + 4042.98 = 4197.96 over 553 frames.
usctimit_ema_f5_389 t er k n iy n jh r k t ey z b iy t iy s iy p iy t z 
LOG (lattice-best-path[5.5.141~1-40a9d]:main():lattice-best-path.cc:99) For utterance usctimit_ema_f5_392, best cost 158.523 + 4001.54 = 4160.07 over 574 frames.
usctimit_ema_f5_392 er ch ih n ae s d n k ay k z er k ow m z ih s ah sh uw z 
LOG (lattice-best-path[5.5.141~1-40a9d]:main():lattice-best-path.cc:99) For utterance usctimit_ema_f5_396, best cost 169.606 + 3862.84 = 4032.44 over 518 frames.
usctimit_ema_f5_396 iy ae t ay z ih ng b er s t ah r ay iy s r n eh b er ch ey n d z 
LOG (lattice-best-path[5.5.141~1-40a9d]:main():lattice-best-path.cc:99) For utterance usctimit_ema_f5_406, best cost 153.507 + 3652.71 = 3806.22 over 512 frames.
usctimit_ema_f5_406 ah s ih ow f ao s ih l iy v ow b ah t eh ch aw m z iy z 
LOG (lattice-best-path[5.5.141~1-40a9d]:main():lattice-best-path.cc:99) For utterance usctimit_ema_f5_424, best cost 79.9801 + 2519.84 = 2599.82 over 379 frames.
usctimit_ema_f5_424 iy p iy k l d iy hh n er d 
LOG (lattice-best-path[5.5.141~1-40a9d]:main():lattice-best-path.cc:99) For utterance usctimit_ema_f5_426, best cost 91.5889 + 2603.39 = 2694.98 over 335 frames.
usctimit_ema_f5_426 iy z iy ah z ah l jh z iy iy iy ah 
LOG (lattice-best-path[5.5.141~1-40a9d]:main():lattice-best-path.cc:99) For utterance usctimit_ema_f5_431, best cost 126.637 + 3066.31 = 3192.95 over 427 frames.
usctimit_ema_f5_431 aa p aa f ao v z ey sh z ah f iy r z er z 
LOG (lattice-best-path[5.5.141~1-40a9d]:main():lattice-best-path.cc:99) For utterance usctimit_ema_f5_436, best cost 123.353 + 2938.67 = 3062.02 over 405 frames.
usctimit_ema_f5_436 hh r s er th ey f r k l iy k er z ah ng 
LOG (lattice-best-path[5.5.141~1-40a9d]:main():lattice-best-path.cc:99) For utterance usctimit_ema_f5_438, best cost 157.022 + 3581.63 = 3738.65 over 498 frames.
usctimit_ema_f5_438 iy p ay ao t ao ey m ao l ih t k g iy uw s iy ch r g sh n 
LOG (lattice-best-path[5.5.141~1-40a9d]:main():lattice-best-path.cc:99) For utterance usctimit_ema_f5_447, best cost 156.968 + 3807.81 = 3964.78 over 536 frames.
usctimit_ema_f5_447 r n z iy n ah er k s ay d ng dh ay s t iy n s ow r k 
LOG (lattice-best-path[5.5.141~1-40a9d]:main():lattice-best-path.cc:99) For utterance usctimit_ema_f5_451, best cost 173.055 + 4000.84 = 4173.89 over 533 frames.
usctimit_ema_f5_451 t ah r k ch l ah f ah s ih m eh n iy f er r l t m n s ah ng 
LOG (lattice-best-path[5.5.141~1-40a9d]:main():lattice-best-path.cc:99) For utterance usctimit_ema_m1_006, best cost 106.933 + 2659.16 = 2766.09 over 381 frames.
usctimit_ema_m1_006 w l y ow w er iy f r s l iy ay t m z 
LOG (lattice-best-path[5.5.141~1-40a9d]:main():lattice-best-path.cc:99) For utterance usctimit_ema_m1_010, best cost 62.3999 + 2037.06 = 2099.46 over 306 frames.
usctimit_ema_m1_010 w l ih w r iy l l iy 
LOG (lattice-best-path[5.5.141~1-40a9d]:main():lattice-best-path.cc:99) For utterance usctimit_ema_m1_012, best cost 128.209 + 3196.75 = 3324.96 over 456 frames.
usctimit_ema_m1_012 ao f er z ih z ey s ae m r y uw v r f ao m ow 
LOG (lattice-best-path[5.5.141~1-40a9d]:main():lattice-best-path.cc:99) For utterance usctimit_ema_m1_051, best cost 135.469 + 3021.57 = 3157.04 over 421 frames.
usctimit_ema_m1_051 ih k aa k r iy sh ah l iy k r iy l iy p r sh y ey d 
LOG (lattice-best-path[5.5.141~1-40a9d]:main():lattice-best-path.cc:99) For utterance usctimit_ema_m1_090, best cost 113.649 + 2523.71 = 2637.36 over 356 frames.
usctimit_ema_m1_090 sil y m s ih s l s ah l iy dh l iy f ay l z 
LOG (lattice-best-path[5.5.141~1-40a9d]:main():lattice-best-path.cc:99) For utterance usctimit_ema_m1_095, best cost 125.93 + 2960.07 = 3086 over 420 frames.
usctimit_ema_m1_095 sil ih b eh s w ey t l r s s l t er p r l l z 
LOG (lattice-best-path[5.5.141~1-40a9d]:main():lattice-best-path.cc:99) For utterance usctimit_ema_m1_098, best cost 110.641 + 2860.87 = 2971.51 over 421 frames.
usctimit_ema_m1_098 ah m s y l er ae d n z k ih f r b ae k 
LOG (lattice-best-path[5.5.141~1-40a9d]:main():lattice-best-path.cc:99) For utterance usctimit_ema_m1_099, best cost 137.198 + 3319.12 = 3456.32 over 495 frames.
usctimit_ema_m1_099 ih k aa t uw f iy ch er z ah m aa s r ae k ah t ae p l 
LOG (lattice-best-path[5.5.141~1-40a9d]:main():lattice-best-path.cc:99) For utterance usctimit_ema_m1_137, best cost 146.835 + 3502.52 = 3649.35 over 499 frames.
usctimit_ema_m1_137 k l s ih k ae t uw z jh ow jh b ay s ae r ay s t ae s 
LOG (lattice-best-path[5.5.141~1-40a9d]:main():lattice-best-path.cc:99) For utterance usctimit_ema_m1_139, best cost 135.555 + 3802.73 = 3938.29 over 571 frames.
usctimit_ema_m1_139 w r k n t ey t m ah ch k ao r iy n s aw n z ay z 
LOG (lattice-best-path[5.5.141~1-40a9d]:main():lattice-best-path.cc:99) For utterance usctimit_ema_m1_145, best cost 195.996 + 3852.36 = 4048.35 over 546 frames.
usctimit_ema_m1_145 sil eh jh p r k aa sh ah n iy l z b ay b ah m p aw er f er dh zh t ow k l sil 
LOG (lattice-best-path[5.5.141~1-40a9d]:main():lattice-best-path.cc:99) For utterance usctimit_ema_m1_158, best cost 167.616 + 3947.85 = 4115.47 over 573 frames.
usctimit_ema_m1_158 ay ng f er b r hh ao er f r k ao r s n t w sh n eh t r t iy z 
LOG (lattice-best-path[5.5.141~1-40a9d]:main():lattice-best-path.cc:99) For utterance usctimit_ema_m1_160, best cost 178.213 + 3603.63 = 3781.85 over 512 frames.
usctimit_ema_m1_160 sil ch iy k er jh t r ch ow d n t m ey k er ow hh l ng k aa s jh n z 
LOG (lattice-best-path[5.5.141~1-40a9d]:main():lattice-best-path.cc:99) For utterance usctimit_ema_m1_162, best cost 136.355 + 3407.07 = 3543.43 over 506 frames.
usctimit_ema_m1_162 l m ao s t l k l jh ah z aa n aw k l ch ey sh ah l 
LOG (lattice-best-path[5.5.141~1-40a9d]:main():lattice-best-path.cc:99) For utterance usctimit_ema_m1_164, best cost 70.1978 + 2745.37 = 2815.57 over 407 frames.
usctimit_ema_m1_164 sil k uw z ow dh t uw sil 
LOG (lattice-best-path[5.5.141~1-40a9d]:main():lattice-best-path.cc:99) For utterance usctimit_ema_m1_166, best cost 94.3771 + 2489.86 = 2584.23 over 380 frames.
usctimit_ema_m1_166 dh k ae s m iy l z hh er w iy er z 
LOG (lattice-best-path[5.5.141~1-40a9d]:main():lattice-best-path.cc:99) For utterance usctimit_ema_m1_169, best cost 88.0815 + 2237.96 = 2326.04 over 346 frames.
usctimit_ema_m1_169 sil ih aa f r g ow aa n iy k ih ng 
LOG (lattice-best-path[5.5.141~1-40a9d]:main():lattice-best-path.cc:99) For utterance usctimit_ema_m1_179, best cost 96.876 + 2435.75 = 2532.63 over 365 frames.
usctimit_ema_m1_179 sil k aa iy ch r f ah n uw ae k s ah z 
LOG (lattice-best-path[5.5.141~1-40a9d]:main():lattice-best-path.cc:99) For utterance usctimit_ema_m1_183, best cost 129.859 + 3598.58 = 3728.44 over 544 frames.
usctimit_ema_m1_183 r p r ch er t er v iy w s ae ch uw s k p ow z er 
LOG (lattice-best-path[5.5.141~1-40a9d]:main():lattice-best-path.cc:99) For utterance usctimit_ema_m1_193, best cost 163.22 + 3683.65 = 3846.87 over 545 frames.
usctimit_ema_m1_193 ay g ey v n s er r ch oy z z m l p ah n t ae p p ay ao er z 
LOG (lattice-best-path[5.5.141~1-40a9d]:main():lattice-best-path.cc:99) For utterance usctimit_ema_m1_204, best cost 65.8859 + 2237.73 = 2303.61 over 353 frames.
usctimit_ema_m1_204 hh aa g ih jh er d er z 
LOG (lattice-best-path[5.5.141~1-40a9d]:main():lattice-best-path.cc:99) For utterance usctimit_ema_m1_209, best cost 77.2297 + 2252.83 = 2330.06 over 352 frames.
usctimit_ema_m1_209 sil l uw l th n f er p oy n 
LOG (lattice-best-path[5.5.141~1-40a9d]:main():lattice-best-path.cc:99) For utterance usctimit_ema_m1_224, best cost 111.364 + 2714.77 = 2826.13 over 406 frames.
usctimit_ema_m1_224 ay ey dh v r oy s t r n ao er z p l iy sil 
LOG (lattice-best-path[5.5.141~1-40a9d]:main():lattice-best-path.cc:99) For utterance usctimit_ema_m1_229, best cost 117.687 + 2679.13 = 2796.82 over 395 frames.
usctimit_ema_m1_229 m ay d iy w ih ng iy g n f ah hh aa k aa f iy 
LOG (lattice-best-path[5.5.141~1-40a9d]:main():lattice-best-path.cc:99) For utterance usctimit_ema_m1_237, best cost 120.671 + 3140.49 = 3261.16 over 450 frames.
usctimit_ema_m1_237 w iy s aa iy t ay n iy ay s k l z b l ow f sil 
LOG (lattice-best-path[5.5.141~1-40a9d]:main():lattice-best-path.cc:99) For utterance usctimit_ema_m1_265, best cost 140.566 + 3270.41 = 3410.98 over 470 frames.
usctimit_ema_m1_265 p iy t ey p ih s d er iy t ih b k ao s ah k n s ao n iy 
LOG (lattice-best-path[5.5.141~1-40a9d]:main():lattice-best-path.cc:99) For utterance usctimit_ema_m1_269, best cost 133.608 + 3214.12 = 3347.72 over 491 frames.
usctimit_ema_m1_269 ay b r m ah p ay dh ow sh uw z ih b iy uw r ch er jh 
LOG (lattice-best-path[5.5.141~1-40a9d]:main():lattice-best-path.cc:99) For utterance usctimit_ema_m1_277, best cost 100.116 + 2170.46 = 2270.57 over 337 frames.
usctimit_ema_m1_277 sil ih m iy d ng dh ih z m aw jh er n z 
LOG (lattice-best-path[5.5.141~1-40a9d]:main():lattice-best-path.cc:99) For utterance usctimit_ema_m1_302, best cost 217.519 + 4976.52 = 5194.04 over 706 frames.
usctimit_ema_m1_302 l ah p n ah t ow l dh ey l ah p uw n z t iy k aa n aa s uw b l f r iy sh ow f ah sh 
LOG (lattice-best-path[5.5.141~1-40a9d]:main():lattice-best-path.cc:99) For utterance usctimit_ema_m1_303, best cost 104.806 + 2742.8 = 2847.6 over 415 frames.
usctimit_ema_m1_303 sil aa f n iy g ih p ae k ao n iy p ih n 
LOG (lattice-best-path[5.5.141~1-40a9d]:main():lattice-best-path.cc:99) For utterance usctimit_ema_m1_317, best cost 191.36 + 4853.86 = 5045.22 over 731 frames.
usctimit_ema_m1_317 sil ah iy w l f iy t ay k uw s w er sh ah n b aa p ow th iy aa ae n s k uw er 
LOG (lattice-best-path[5.5.141~1-40a9d]:main():lattice-best-path.cc:99) For utterance usctimit_ema_m1_320, best cost 135.733 + 3132.41 = 3268.15 over 468 frames.
usctimit_ema_m1_320 ih k aa s ao er w l n jh oy dh sh ow f ih sh d ih sh 
LOG (lattice-best-path[5.5.141~1-40a9d]:main():lattice-best-path.cc:99) For utterance usctimit_ema_m1_322, best cost 114.25 + 2764.65 = 2878.9 over 422 frames.
usctimit_ema_m1_322 sil l f n z ah r t l jh m er iy n ae m l z 
LOG (lattice-best-path[5.5.141~1-40a9d]:main():lattice-best-path.cc:99) For utterance usctimit_ema_m1_336, best cost 150.877 + 3284.31 = 3435.19 over 475 frames.
usctimit_ema_m1_336 sil eh n oy s p ow m g ow z r ow z m ao n oy ng iy jh ey 
LOG (lattice-best-path[5.5.141~1-40a9d]:main():lattice-best-path.cc:99) For utterance usctimit_ema_m1_338, best cost 127.284 + 3397.79 = 3525.07 over 511 frames.
usctimit_ema_m1_338 eh t ay g r m ih k s ah z l iy f er m ao s ah iy 
LOG (lattice-best-path[5.5.141~1-40a9d]:main():lattice-best-path.cc:99) For utterance usctimit_ema_m1_340, best cost 103.737 + 2165.13 = 2268.87 over 316 frames.
usctimit_ema_m1_340 sil jh ow k r ng sh ow v ah f ao l ih d 
LOG (lattice-best-path[5.5.141~1-40a9d]:main():lattice-best-path.cc:99) For utterance usctimit_ema_m1_344, best cost 135.565 + 2935.66 = 3071.22 over 454 frames.
usctimit_ema_m1_344 sil p ae m k iy z r ay v ng l s ah z ah p er z ey z 
LOG (lattice-best-path[5.5.141~1-40a9d]:main():lattice-best-path.cc:99) For utterance usctimit_ema_m1_347, best cost 144.174 + 3252.14 = 3396.32 over 467 frames.
usctimit_ema_m1_347 sil t r z p r w ih b aa p ah f uw sh er g ae sh er ih jh 
LOG (lattice-best-path[5.5.141~1-40a9d]:main():lattice-best-path.cc:99) For utterance usctimit_ema_m1_350, best cost 109.806 + 2318.66 = 2428.47 over 337 frames.
usctimit_ema_m1_350 sil sh ow er f l z z ih v w b r p ah n 
LOG (lattice-best-path[5.5.141~1-40a9d]:main():lattice-best-path.cc:99) For utterance usctimit_ema_m1_360, best cost 184.147 + 3579.62 = 3763.77 over 500 frames.
usctimit_ema_m1_360 dh f ih sh iy ae z l iy p f r t ih k l iy l s er f ih s ah dh s m l ey k 
LOG (lattice-best-path[5.5.141~1-40a9d]:main():lattice-best-path.cc:99) For utterance usctimit_ema_m1_361, best cost 129.781 + 2654.4 = 2784.18 over 383 frames.
usctimit_ema_m1_361 t ih n t ey sh iy l th ih s iy m uw iy s w s w iy k 
LOG (lattice-best-path[5.5.141~1-40a9d]:main():lattice-best-path.cc:99) For utterance usctimit_ema_m1_367, best cost 126.503 + 3242.2 = 3368.71 over 492 frames.
usctimit_ema_m1_367 sil aa b er p ey p er n iy s ah b iy b ow f ay er 
LOG (lattice-best-path[5.5.141~1-40a9d]:main():lattice-best-path.cc:99) For utterance usctimit_ema_m1_368, best cost 127.589 + 3197.06 = 3324.65 over 474 frames.
usctimit_ema_m1_368 sil r f k r sh ih g ah v ow t ah f ih sh ah l jh 
LOG (lattice-best-path[5.5.141~1-40a9d]:main():lattice-best-path.cc:99) For utterance usctimit_ema_m1_375, best cost 137.839 + 3216.16 = 3354 over 464 frames.
usctimit_ema_m1_375 ay r sh ow s er z iy f r sh t ah p er s er b r k ah z 
LOG (lattice-best-path[5.5.141~1-40a9d]:main():lattice-best-path.cc:99) For utterance usctimit_ema_m1_394, best cost 156.811 + 3754.99 = 3911.8 over 547 frames.
usctimit_ema_m1_394 sil iy z ah g r s ah p l iy s n t f ay k f aa w s m ow er z 
LOG (lattice-best-path[5.5.141~1-40a9d]:main():lattice-best-path.cc:99) For utterance usctimit_ema_m1_400, best cost 134.663 + 2669.96 = 2804.62 over 382 frames.
usctimit_ema_m1_400 sil w r z ih s l ao r ch ey ng ay v iy aa r ng ao er 
LOG (lattice-best-path[5.5.141~1-40a9d]:main():lattice-best-path.cc:99) For utterance usctimit_ema_m1_432, best cost 52.3285 + 1851.34 = 1903.67 over 285 frames.
usctimit_ema_m1_432 l l iy w ey y er 
LOG (lattice-best-path[5.5.141~1-40a9d]:main():lattice-best-path.cc:99) For utterance usctimit_ema_m3_010, best cost 71.2789 + 2213.13 = 2284.41 over 327 frames.
usctimit_ema_m3_010 w er aa w er y l l iy sil 
LOG (lattice-best-path[5.5.141~1-40a9d]:main():lattice-best-path.cc:99) For utterance usctimit_ema_m3_044, best cost 110.034 + 3428.54 = 3538.57 over 472 frames.
usctimit_ema_m3_044 sil l ay k ah iy k ah p aa d ah t r t ah z 
LOG (lattice-best-path[5.5.141~1-40a9d]:main():lattice-best-path.cc:99) For utterance usctimit_ema_m3_068, best cost 103.259 + 3010.8 = 3114.06 over 441 frames.
usctimit_ema_m3_068 ih t ah d aa s l y ow p y aa k r s iy 
LOG (lattice-best-path[5.5.141~1-40a9d]:main():lattice-best-path.cc:99) For utterance usctimit_ema_m3_071, best cost 138.09 + 3261.48 = 3399.57 over 439 frames.
usctimit_ema_m3_071 k aa p r sh ah m ao ah n ih s t ae n iy l iy iy s iy sil 
LOG (lattice-best-path[5.5.141~1-40a9d]:main():lattice-best-path.cc:99) For utterance usctimit_ema_m3_080, best cost 116.628 + 3268.44 = 3385.07 over 411 frames.
usctimit_ema_m3_080 ih ao z ae l iy er r t aa p ah k ao t ay l z 
LOG (lattice-best-path[5.5.141~1-40a9d]:main():lattice-best-path.cc:99) For utterance usctimit_ema_m3_101, best cost 87.6294 + 2280.03 = 2367.66 over 307 frames.
usctimit_ema_m3_101 k ae f ah s er w n ao t ey n t 
LOG (lattice-best-path[5.5.141~1-40a9d]:main():lattice-best-path.cc:99) For utterance usctimit_ema_m3_113, best cost 103.721 + 2688.48 = 2792.2 over 382 frames.
usctimit_ema_m3_113 aa t ah f ao m uw iy s ah s ah t ay l z 
LOG (lattice-best-path[5.5.141~1-40a9d]:main():lattice-best-path.cc:99) For utterance usctimit_ema_m3_129, best cost 107.594 + 2877.04 = 2984.64 over 411 frames.
usctimit_ema_m3_129 jh m ay s k er ae s iy k n y n t aa l 
LOG (lattice-best-path[5.5.141~1-40a9d]:main():lattice-best-path.cc:99) For utterance usctimit_ema_m3_141, best cost 111.099 + 2615.11 = 2726.21 over 354 frames.
usctimit_ema_m3_141 r m uw d s b n jh w th t er k iy z ah z 
LOG (lattice-best-path[5.5.141~1-40a9d]:main():lattice-best-path.cc:99) For utterance usctimit_ema_m3_147, best cost 108.859 + 3068.27 = 3177.13 over 438 frames.
usctimit_ema_m3_147 sil er m ey n ay f ao f r n d b ae n z 
LOG (lattice-best-path[5.5.141~1-40a9d]:main():lattice-best-path.cc:99) For utterance usctimit_ema_m3_192, best cost 119.664 + 3089.73 = 3209.4 over 428 frames.
usctimit_ema_m3_192 sil l ih b eh s eh z n jh eh p aa g l er iy sil 
LOG (lattice-best-path[5.5.141~1-40a9d]:main():lattice-best-path.cc:99) For utterance usctimit_ema_m3_203, best cost 117.212 + 2885.47 = 3002.69 over 419 frames.
usctimit_ema_m3_203 ah p ah b ah jh b aa t ey ow m ah g er aw zh 
LOG (lattice-best-path[5.5.141~1-40a9d]:main():lattice-best-path.cc:99) For utterance usctimit_ema_m3_260, best cost 145.652 + 3168.1 = 3313.75 over 446 frames.
usctimit_ema_m3_260 r sh ay z eh k aw m ay n d r ay n er b r sh ah n ae t ah 
LOG (lattice-best-path[5.5.141~1-40a9d]:main():lattice-best-path.cc:99) For utterance usctimit_ema_m3_267, best cost 127.33 + 3619.48 = 3746.81 over 519 frames.
usctimit_ema_m3_267 ih s k ae k ow s m ao l ae v er ey n iy t iy sil 
LOG (lattice-best-path[5.5.141~1-40a9d]:main():lattice-best-path.cc:99) For utterance usctimit_ema_m3_282, best cost 189.111 + 4701.12 = 4890.23 over 657 frames.
usctimit_ema_m3_282 sil iy ae t er z ow b iy s ey f ao r ih k iy ih g ah t er k eh f ih f er s sil 
LOG (lattice-best-path[5.5.141~1-40a9d]:main():lattice-best-path.cc:99) For utterance usctimit_ema_m3_300, best cost 111.37 + 3135.91 = 3247.28 over 450 frames.
usctimit_ema_m3_300 dh ih b ih g aa l d jh ow y l r ay d l 
LOG (lattice-best-path[5.5.141~1-40a9d]:main():lattice-best-path.cc:99) For utterance usctimit_ema_m3_316, best cost 198.269 + 4162.56 = 4360.83 over 569 frames.
usctimit_ema_m3_316 ih p r s uw er k ah n r oy s uh f y l ih z aa iy m er d z ih k n ih sh n z sil 
LOG (lattice-best-path[5.5.141~1-40a9d]:main():lattice-best-path.cc:99) For utterance usctimit_ema_m3_320, best cost 117.127 + 3169.68 = 3286.81 over 447 frames.
usctimit_ema_m3_320 sil ah k aa s er l d oy sh ow f ih sh ih sh sil 
LOG (lattice-best-path[5.5.141~1-40a9d]:main():lattice-best-path.cc:99) For utterance usctimit_ema_m3_335, best cost 100.485 + 3343.77 = 3444.26 over 449 frames.
usctimit_ema_m3_335 sil aa ih r ow ow r ow ih er n er l z 
LOG (lattice-best-path[5.5.141~1-40a9d]:main():lattice-best-path.cc:99) For utterance usctimit_ema_m3_336, best cost 116.463 + 2733.51 = 2849.97 over 372 frames.
usctimit_ema_m3_336 eh n oy z aa m r z m ao n ow ih iy ch dh ey 
LOG (lattice-best-path[5.5.141~1-40a9d]:main():lattice-best-path.cc:99) For utterance usctimit_ema_m3_338, best cost 136.052 + 3466.83 = 3602.88 over 500 frames.
usctimit_ema_m3_338 eh d ay r ae m ey s ae n s l ae t r m ah ch ah iy sil 
LOG (lattice-best-path[5.5.141~1-40a9d]:main():lattice-best-path.cc:99) For utterance usctimit_ema_m3_339, best cost 120.303 + 2900.77 = 3021.07 over 423 frames.
usctimit_ema_m3_339 ah b ao r n aa l ah s ah p er s ih p iy d l sil 
LOG (lattice-best-path[5.5.141~1-40a9d]:main():lattice-best-path.cc:99) For utterance usctimit_ema_m3_357, best cost 115.653 + 3373.17 = 3488.82 over 462 frames.
usctimit_ema_m3_357 ah m aw s ae r ih k aa s iy l ah s iy er sil 
LOG (lattice-best-path[5.5.141~1-40a9d]:main():lattice-best-path.cc:99) For utterance usctimit_ema_m3_359, best cost 116.294 + 2765.88 = 2882.17 over 389 frames.
usctimit_ema_m3_359 k aw s ih m ey s b ow n z t iy s r l sil 
LOG (lattice-best-path[5.5.141~1-40a9d]:main():lattice-best-path.cc:99) For utterance usctimit_ema_m3_379, best cost 122.556 + 3442.82 = 3565.38 over 477 frames.
usctimit_ema_m3_379 sil ay r s ih s ah z uw z l n s ae s iy r z sil 
LOG (lattice-best-path[5.5.141~1-40a9d]:main():lattice-best-path.cc:99) For utterance usctimit_ema_m3_385, best cost 93.4326 + 2466.14 = 2559.58 over 354 frames.
usctimit_ema_m3_385 eh r k ae m iy jh iy p ey ih aa th ah 
LOG (lattice-best-path[5.5.141~1-40a9d]:main():lattice-best-path.cc:99) For utterance usctimit_ema_m3_390, best cost 145.937 + 3151.29 = 3297.22 over 428 frames.
usctimit_ema_m3_390 iy ow w ey ch aa r k ih s ah p oy z ih d eh iy w n s t iy 
LOG (lattice-best-path[5.5.141~1-40a9d]:main():lattice-best-path.cc:99) For utterance usctimit_ema_m3_423, best cost 143.39 + 3616.84 = 3760.23 over 495 frames.
usctimit_ema_m3_423 sil ah k ow s ah f r t ow s er ae t ah sh er sh aa ih f er 
LOG (lattice-best-path[5.5.141~1-40a9d]:main():lattice-best-path.cc:99) For utterance usctimit_ema_m3_434, best cost 66.0581 + 1969.02 = 2035.08 over 285 frames.
usctimit_ema_m3_434 sil r sh ao ay z l er z 
LOG (lattice-best-path[5.5.141~1-40a9d]:main():lattice-best-path.cc:99) For utterance usctimit_ema_m3_438, best cost 151.855 + 3594.17 = 3746.03 over 495 frames.
usctimit_ema_m3_438 iy p ay aa t er aa l ih t ah p ih p iy s iy t r k n sh n sil 
LOG (lattice-best-path[5.5.141~1-40a9d]:main():lattice-best-path.cc:99) For utterance usctimit_ema_m3_442, best cost 127.028 + 2829.3 = 2956.33 over 404 frames.
usctimit_ema_m3_442 w ih t l iy ch iy s b ah d ih t uw ih s p r iy sil 
LOG (lattice-best-path[5.5.141~1-40a9d]:main():lattice-best-path.cc:99) For utterance usctimit_ema_m3_444, best cost 168.599 + 4311.09 = 4479.69 over 603 frames.
usctimit_ema_m3_444 r ao ey ae g eh ey n uw aa s r d er eh n iy s r p ay f r z er sil 
LOG (lattice-best-path[5.5.141~1-40a9d]:main():lattice-best-path.cc:99) For utterance usctimit_ema_m3_457, best cost 169.279 + 3941.24 = 4110.52 over 560 frames.
usctimit_ema_m3_457 sil k aa f iy z er ah n s iy jh ah m l ih s ow s n t ae b r s ah n z 
LOG (lattice-best-path[5.5.141~1-40a9d]:main():lattice-best-path.cc:99) For utterance usctimit_ema_m3_458, best cost 151.786 + 3824.26 = 3976.05 over 535 frames.
usctimit_ema_m3_458 sil b eh s iy b ey r w s k aa b ay k ay d ey r z ey jh sil 
LOG (lattice-scale[5.5.141~1-40a9d]:main():lattice-scale.cc:107) Done 183 lattices.
LOG (lattice-add-penalty[5.5.141~1-40a9d]:main():lattice-add-penalty.cc:62) Done adding word insertion penalty to 183 lattices.
LOG (lattice-best-path[5.5.141~1-40a9d]:main():lattice-best-path.cc:99) For utterance usctimit_ema_m3_460, best cost 99.3382 + 3376 = 3475.33 over 497 frames.
usctimit_ema_m3_460 sil w ih ch iy er sh ah l ih g uw s sil 
LOG (lattice-best-path[5.5.141~1-40a9d]:main():lattice-best-path.cc:124) Overall cost per frame is 7.22066 = 0.274652 [graph] + 6.94601 [acoustic] over 81821 frames.
LOG (lattice-best-path[5.5.141~1-40a9d]:main():lattice-best-path.cc:128) Done 183 lattices, failed for 0
# Accounting: time=18 threads=1
# Ended (code 0) at Mon Dec 24 20:00:16 EET 2018, elapsed time 18 seconds
