# gmm-latgen-faster --max-active=7000 --beam=13.0 --lattice-beam=6.0 --acoustic-scale=0.083333 --allow-partial=true --word-symbol-table=exp/bg/tri1/graph/words.txt exp/bg/tri1/final.mdl exp/bg/tri1/graph/HCLG.fst "ark,s,cs:apply-cmvn  --utt2spk=ark:data/dev/split4/2/utt2spk scp:data/dev/split4/2/cmvn.scp scp:data/dev/split4/2/feats.scp ark:- | add-deltas  ark:- ark:- |" "ark:|gzip -c > exp/bg/tri1/decode/lat.2.gz" 
# Started at Mon Dec 24 15:13:24 EET 2018
#
gmm-latgen-faster --max-active=7000 --beam=13.0 --lattice-beam=6.0 --acoustic-scale=0.083333 --allow-partial=true --word-symbol-table=exp/bg/tri1/graph/words.txt exp/bg/tri1/final.mdl exp/bg/tri1/graph/HCLG.fst 'ark,s,cs:apply-cmvn  --utt2spk=ark:data/dev/split4/2/utt2spk scp:data/dev/split4/2/cmvn.scp scp:data/dev/split4/2/feats.scp ark:- | add-deltas  ark:- ark:- |' 'ark:|gzip -c > exp/bg/tri1/decode/lat.2.gz' 
add-deltas ark:- ark:- 
apply-cmvn --utt2spk=ark:data/dev/split4/2/utt2spk scp:data/dev/split4/2/cmvn.scp scp:data/dev/split4/2/feats.scp ark:- 
usctimit_ema_f5_009 sil hh iy l aw ah b r eh r l ay sil 
LOG (gmm-latgen-faster[5.5.141~1-40a9d]:DecodeUtteranceLatticeFaster():decoder-wrappers.cc:289) Log-like per frame for utterance usctimit_ema_f5_009 is -6.70783 over 341 frames.
usctimit_ema_f5_011 sil w ih ng aa r m ah s hh ay s uw z hh ae n sil 
LOG (gmm-latgen-faster[5.5.141~1-40a9d]:DecodeUtteranceLatticeFaster():decoder-wrappers.cc:289) Log-like per frame for utterance usctimit_ema_f5_011 is -7.38514 over 301 frames.
usctimit_ema_f5_017 sil ae l ah m ow n iy hh aa r m z ah d ih f ao r s m ae n s m ao l f sil 
LOG (gmm-latgen-faster[5.5.141~1-40a9d]:DecodeUtteranceLatticeFaster():decoder-wrappers.cc:289) Log-like per frame for utterance usctimit_ema_f5_017 is -7.7135 over 328 frames.
usctimit_ema_f5_019 sil eh l f eh l f l ay z hh eh l th iy f r y uw m sil 
LOG (gmm-latgen-faster[5.5.141~1-40a9d]:DecodeUtteranceLatticeFaster():decoder-wrappers.cc:289) Log-like per frame for utterance usctimit_ema_f5_019 is -7.35057 over 308 frames.
usctimit_ema_f5_066 sil t uw f r iy l iy sil 
LOG (gmm-latgen-faster[5.5.141~1-40a9d]:DecodeUtteranceLatticeFaster():decoder-wrappers.cc:289) Log-like per frame for utterance usctimit_ema_f5_066 is -7.91315 over 335 frames.
usctimit_ema_f5_080 sil ih k w ao t ah s ah n aw er dh ey t er d er t r aa p ah k ah l ay l z sil 
LOG (gmm-latgen-faster[5.5.141~1-40a9d]:DecodeUtteranceLatticeFaster():decoder-wrappers.cc:289) Log-like per frame for utterance usctimit_ema_f5_080 is -7.55654 over 417 frames.
usctimit_ema_f5_081 sil dh ae s k er iy p aa r t iy z t ae k s m ah n z ah n eh d ah n ey sh ah n sil 
LOG (gmm-latgen-faster[5.5.141~1-40a9d]:DecodeUtteranceLatticeFaster():decoder-wrappers.cc:289) Log-like per frame for utterance usctimit_ema_f5_081 is -7.55991 over 373 frames.
usctimit_ema_f5_090 sil l iy d ih l iy f ay l z sil 
LOG (gmm-latgen-faster[5.5.141~1-40a9d]:DecodeUtteranceLatticeFaster():decoder-wrappers.cc:289) Log-like per frame for utterance usctimit_ema_f5_090 is -7.33225 over 385 frames.
usctimit_ema_f5_143 sil dh iy k eh v er t s ao ao f r ih z ey sh ah n ah v ih s ih s ah n sh ah n t sil 
LOG (gmm-latgen-faster[5.5.141~1-40a9d]:DecodeUtteranceLatticeFaster():decoder-wrappers.cc:289) Log-like per frame for utterance usctimit_ema_f5_143 is -6.94297 over 473 frames.
usctimit_ema_f5_144 sil ah s k ah l ao z eh n t uw jh ah n uw b uh k t uw dh iy hh aa t iy aa t iy z sil 
LOG (gmm-latgen-faster[5.5.141~1-40a9d]:DecodeUtteranceLatticeFaster():decoder-wrappers.cc:289) Log-like per frame for utterance usctimit_ema_f5_144 is -7.16973 over 594 frames.
usctimit_ema_f5_162 sil ow m ah s t ao l k ah l ah jh ih z aa r n aw t k ah l ah jh ah k ey sh ah n ah l sil 
LOG (gmm-latgen-faster[5.5.141~1-40a9d]:DecodeUtteranceLatticeFaster():decoder-wrappers.cc:289) Log-like per frame for utterance usctimit_ema_f5_162 is -6.99752 over 483 frames.
usctimit_ema_f5_163 sil w ih ch er s b ay ah hh ay iy n ah s ah n jh eh n w er z aa n s ah f aa r iy sil 
LOG (gmm-latgen-faster[5.5.141~1-40a9d]:DecodeUtteranceLatticeFaster():decoder-wrappers.cc:289) Log-like per frame for utterance usctimit_ema_f5_163 is -7.12775 over 532 frames.
usctimit_ema_f5_164 sil dh ih k k l uw uw z d aw t ah b ah t uw d sil 
LOG (gmm-latgen-faster[5.5.141~1-40a9d]:DecodeUtteranceLatticeFaster():decoder-wrappers.cc:289) Log-like per frame for utterance usctimit_ema_f5_164 is -6.92313 over 405 frames.
usctimit_ema_f5_174 sil s t r ao hh ae t s er aw t ah f aa sh ah n s iy r sil 
LOG (gmm-latgen-faster[5.5.141~1-40a9d]:DecodeUtteranceLatticeFaster():decoder-wrappers.cc:289) Log-like per frame for utterance usctimit_ema_f5_174 is -7.14538 over 386 frames.
usctimit_ema_f5_197 sil dh iy s m ao l b oy p ah k ah l w ao r m aa m ah hh ae p k sil 
LOG (gmm-latgen-faster[5.5.141~1-40a9d]:DecodeUtteranceLatticeFaster():decoder-wrappers.cc:289) Log-like per frame for utterance usctimit_ema_f5_197 is -6.92756 over 400 frames.
usctimit_ema_f5_208 sil dh iy d y uw p oy ow v er l ih k dh iy ow sh ah n sil 
LOG (gmm-latgen-faster[5.5.141~1-40a9d]:DecodeUtteranceLatticeFaster():decoder-wrappers.cc:289) Log-like per frame for utterance usctimit_ema_f5_208 is -6.79306 over 373 frames.
usctimit_ema_f5_233 sil aa r d y uw ey b l iy sil hh er m eh m b er t uw l aw oy n t ae n ih k ah l t eh n s t eh n t er f r iy t l iy sil 
LOG (gmm-latgen-faster[5.5.141~1-40a9d]:DecodeUtteranceLatticeFaster():decoder-wrappers.cc:289) Log-like per frame for utterance usctimit_ema_f5_233 is -7.46244 over 648 frames.
usctimit_ema_f5_243 sil aa r hh ao l ah d ey ey p r ih n z ih v ey ah l b ah l d z sil 
LOG (gmm-latgen-faster[5.5.141~1-40a9d]:DecodeUtteranceLatticeFaster():decoder-wrappers.cc:289) Log-like per frame for utterance usctimit_ema_f5_243 is -7.20873 over 363 frames.
usctimit_ema_f5_244 sil l aw ow v er dh iy f aw er b ae d s sil 
LOG (gmm-latgen-faster[5.5.141~1-40a9d]:DecodeUtteranceLatticeFaster():decoder-wrappers.cc:289) Log-like per frame for utterance usctimit_ema_f5_244 is -7.25483 over 412 frames.
usctimit_ema_f5_272 sil m ey t f r m p r aa s eh s ah l ey b iy d z sil 
LOG (gmm-latgen-faster[5.5.141~1-40a9d]:DecodeUtteranceLatticeFaster():decoder-wrappers.cc:289) Log-like per frame for utterance usctimit_ema_f5_272 is -7.27724 over 364 frames.
usctimit_ema_f5_281 sil m ay d ih z ay er z ah s ah b ah l k ih v n iy w ah n f ao r m ah v p eh r k r ae t sil 
LOG (gmm-latgen-faster[5.5.141~1-40a9d]:DecodeUtteranceLatticeFaster():decoder-wrappers.cc:289) Log-like per frame for utterance usctimit_ema_f5_281 is -7.49726 over 565 frames.
usctimit_ema_f5_304 sil g eh s aa p ay ah n t r iy z ah n d r eh t w eh n s aa n d w aa k t uw s ih k w ey n ae sh ah n ah l f ao r z sil 
LOG (gmm-latgen-faster[5.5.141~1-40a9d]:DecodeUtteranceLatticeFaster():decoder-wrappers.cc:289) Log-like per frame for utterance usctimit_ema_f5_304 is -7.23727 over 667 frames.
usctimit_ema_f5_307 sil d ah ch aa n k eh t ae b ih g eh l p sil 
LOG (gmm-latgen-faster[5.5.141~1-40a9d]:DecodeUtteranceLatticeFaster():decoder-wrappers.cc:289) Log-like per frame for utterance usctimit_ema_f5_307 is -7.09506 over 418 frames.
usctimit_ema_f5_329 sil dh ih k ae l w aa n d er f r m f aa r m ay ae n ah b ih k ey n w ao s t sil 
LOG (gmm-latgen-faster[5.5.141~1-40a9d]:DecodeUtteranceLatticeFaster():decoder-wrappers.cc:289) Log-like per frame for utterance usctimit_ema_f5_329 is -6.73312 over 535 frames.
usctimit_ema_f5_330 sil iy t ah n t ay m l iy ah n g ah m ao s k ah l ih n s ay d ah b ah t dh iy b r ey k ae n hh iy d s ah s t ah m p aa r t sil 
LOG (gmm-latgen-faster[5.5.141~1-40a9d]:DecodeUtteranceLatticeFaster():decoder-wrappers.cc:289) Log-like per frame for utterance usctimit_ema_f5_330 is -7.5914 over 611 frames.
usctimit_ema_f5_334 sil k ao r ih s k aa s t ih m iy b l ae k l ae t s t iy k ah m p l iy g l iy eh l ah g ae n t sil 
LOG (gmm-latgen-faster[5.5.141~1-40a9d]:DecodeUtteranceLatticeFaster():decoder-wrappers.cc:289) Log-like per frame for utterance usctimit_ema_f5_334 is -7.16483 over 536 frames.
usctimit_ema_f5_336 sil dh eh n oy z p r aa p ah ng g r ah s n l ao r n oy ih ng iy ch d iy sil 
LOG (gmm-latgen-faster[5.5.141~1-40a9d]:DecodeUtteranceLatticeFaster():decoder-wrappers.cc:289) Log-like per frame for utterance usctimit_ema_f5_336 is -7.27897 over 396 frames.
usctimit_ema_f5_343 sil eh jh ah s ah n jh eh n ih r dh iy n uw aa r k y ah l aa jh ih k ah m iy s iy ae m sil 
LOG (gmm-latgen-faster[5.5.141~1-40a9d]:DecodeUtteranceLatticeFaster():decoder-wrappers.cc:289) Log-like per frame for utterance usctimit_ema_f5_343 is -6.9228 over 506 frames.
usctimit_ema_f5_348 sil dh iy k aa r b ih k l iy n er sh ah m p r d er ao r iy ah jh dh iy b r ae d sil 
LOG (gmm-latgen-faster[5.5.141~1-40a9d]:DecodeUtteranceLatticeFaster():decoder-wrappers.cc:289) Log-like per frame for utterance usctimit_ema_f5_348 is -7.10795 over 455 frames.
usctimit_ema_f5_349 sil p l iy z sh ao r n dh iy s k er f r ah jh oy z sil 
LOG (gmm-latgen-faster[5.5.141~1-40a9d]:DecodeUtteranceLatticeFaster():decoder-wrappers.cc:289) Log-like per frame for utterance usctimit_ema_f5_349 is -6.77416 over 405 frames.
usctimit_ema_f5_354 sil w ih n eh v er dh iy g eh r m eh t uw p r eh sh ah r ay z ah z sil dh iy l sil w ih n sil 
LOG (gmm-latgen-faster[5.5.141~1-40a9d]:DecodeUtteranceLatticeFaster():decoder-wrappers.cc:289) Log-like per frame for utterance usctimit_ema_f5_354 is -7.06296 over 679 frames.
usctimit_ema_f5_356 sil dh ey ao l ay k sil dh iy ao l ay k 
LOG (gmm-latgen-faster[5.5.141~1-40a9d]:DecodeUtteranceLatticeFaster():decoder-wrappers.cc:289) Log-like per frame for utterance usctimit_ema_f5_356 is -7.8546 over 219 frames.
usctimit_ema_f5_369 sil dh eh r z ah jh eh g ae n t ih k w aa s t ih k s t er v ih ng z b ih g t aa p ae p sil 
LOG (gmm-latgen-faster[5.5.141~1-40a9d]:DecodeUtteranceLatticeFaster():decoder-wrappers.cc:289) Log-like per frame for utterance usctimit_ema_f5_369 is -6.98787 over 537 frames.
usctimit_ema_f5_375 sil ay r ah s t ah n s t er z iy ch f r eh sh t ah p er t uw b er f eh s t sil 
LOG (gmm-latgen-faster[5.5.141~1-40a9d]:DecodeUtteranceLatticeFaster():decoder-wrappers.cc:289) Log-like per frame for utterance usctimit_ema_f5_375 is -7.2928 over 435 frames.
usctimit_ema_f5_389 sil dh iy f ih s t er k ah n d iy n jh aa r k ah n t ey n z b iy ch uw s iy p iy ch ah z sil 
LOG (gmm-latgen-faster[5.5.141~1-40a9d]:DecodeUtteranceLatticeFaster():decoder-wrappers.cc:289) Log-like per frame for utterance usctimit_ema_f5_389 is -7.39683 over 553 frames.
usctimit_ema_f5_392 sil dh iy r ih ch ah n b eh s t ah n t er k aa n z ah n s t ih n s t ah m ih sh uw z sil 
LOG (gmm-latgen-faster[5.5.141~1-40a9d]:DecodeUtteranceLatticeFaster():decoder-wrappers.cc:289) Log-like per frame for utterance usctimit_ema_f5_392 is -7.11777 over 574 frames.
usctimit_ema_f5_396 sil dh iy ae b ay z ih ng p er s ah v er ay t iy s t ao r n eh v er ch ey n d ih z sil 
LOG (gmm-latgen-faster[5.5.141~1-40a9d]:DecodeUtteranceLatticeFaster():decoder-wrappers.cc:289) Log-like per frame for utterance usctimit_ema_f5_396 is -7.54577 over 518 frames.
usctimit_ema_f5_406 sil dh iy f ih k ae l m f ao r s ih z n ih r l iy ow v er w ao n b ay d eh ch eh l m d ih z iy z sil 
LOG (gmm-latgen-faster[5.5.141~1-40a9d]:DecodeUtteranceLatticeFaster():decoder-wrappers.cc:289) Log-like per frame for utterance usctimit_ema_f5_406 is -7.21379 over 512 frames.
usctimit_ema_f5_424 sil t iy p iy p ah l ay t uw b iy ah n d er d sil 
LOG (gmm-latgen-faster[5.5.141~1-40a9d]:DecodeUtteranceLatticeFaster():decoder-wrappers.cc:289) Log-like per frame for utterance usctimit_ema_f5_424 is -6.70899 over 379 frames.
usctimit_ema_f5_426 sil dh iy iy z iy k ah n z ih l ao l ah jh ah s r iy aa t sil dh iy 
LOG (gmm-latgen-faster[5.5.141~1-40a9d]:DecodeUtteranceLatticeFaster():decoder-wrappers.cc:289) Log-like per frame for utterance usctimit_ema_f5_426 is -7.98203 over 335 frames.
LOG (apply-cmvn[5.5.141~1-40a9d]:main():apply-cmvn.cc:162) Applied cepstral mean normalization to 45 utterances, errors on 0
usctimit_ema_f5_431 sil g aa n p aa f uh d ao r k ah n ih z ey sh ah n z ih f r iy k ah n f ah n er iy z er z sil 
LOG (gmm-latgen-faster[5.5.141~1-40a9d]:DecodeUtteranceLatticeFaster():decoder-wrappers.cc:289) Log-like per frame for utterance usctimit_ema_f5_431 is -7.23857 over 427 frames.
usctimit_ema_f5_436 sil hh er b s p er th d ey f r ih k ah l iy k er z aa n ih ng sil 
LOG (gmm-latgen-faster[5.5.141~1-40a9d]:DecodeUtteranceLatticeFaster():decoder-wrappers.cc:289) Log-like per frame for utterance usctimit_ema_f5_436 is -7.3514 over 405 frames.
usctimit_ema_f5_438 sil w iy ah p l ay ao r t ah jh ao r iy m ao t ah l eh n t ah k ah n p iy t er s p iy t r eh k ah b ih sh ah n sil 
LOG (gmm-latgen-faster[5.5.141~1-40a9d]:DecodeUtteranceLatticeFaster():decoder-wrappers.cc:289) Log-like per frame for utterance usctimit_ema_f5_438 is -7.29643 over 498 frames.
usctimit_ema_f5_447 sil g r ah m ah n d ih z iy ae n ah dh er ih k s ay d ih ng v iy b ay s t iy v ah n z t ih l r iy p sil 
LOG (gmm-latgen-faster[5.5.141~1-40a9d]:DecodeUtteranceLatticeFaster():decoder-wrappers.cc:289) Log-like per frame for utterance usctimit_ema_f5_447 is -7.23298 over 536 frames.
usctimit_ema_f5_451 sil jh ah l d r uw m eh n iy f er r ah l ah p s ah m ah n s ih d ih ng sil 
LOG (gmm-latgen-faster[5.5.141~1-40a9d]:DecodeUtteranceLatticeFaster():decoder-wrappers.cc:289) Log-like per frame for utterance usctimit_ema_f5_451 is -7.64539 over 533 frames.
LOG (gmm-latgen-faster[5.5.141~1-40a9d]:main():gmm-latgen-faster.cc:176) Time taken 50.4561s: real-time factor assuming 100 frames/sec is 0.246669
LOG (gmm-latgen-faster[5.5.141~1-40a9d]:main():gmm-latgen-faster.cc:179) Done 45 utterances, failed for 0
LOG (gmm-latgen-faster[5.5.141~1-40a9d]:main():gmm-latgen-faster.cc:181) Overall log-likelihood per frame is -7.23457 over 20455 frames.
# Accounting: time=50 threads=1
# Ended (code 0) at Mon Dec 24 15:14:14 EET 2018, elapsed time 50 seconds
