# gmm-latgen-faster --max-active=7000 --beam=13.0 --lattice-beam=6.0 --acoustic-scale=0.083333 --allow-partial=true --word-symbol-table=exp/bg/tri1/graph/words.txt exp/bg/tri1/final.mdl exp/bg/tri1/graph/HCLG.fst "ark,s,cs:apply-cmvn  --utt2spk=ark:data/dev/split2/1/utt2spk scp:data/dev/split2/1/cmvn.scp scp:data/dev/split2/1/feats.scp ark:- | add-deltas  ark:- ark:- |" "ark:|gzip -c > exp/bg/tri1/decode/lat.1.gz" 
# Started at Mon Dec 24 22:25:13 EET 2018
#
gmm-latgen-faster --max-active=7000 --beam=13.0 --lattice-beam=6.0 --acoustic-scale=0.083333 --allow-partial=true --word-symbol-table=exp/bg/tri1/graph/words.txt exp/bg/tri1/final.mdl exp/bg/tri1/graph/HCLG.fst 'ark,s,cs:apply-cmvn  --utt2spk=ark:data/dev/split2/1/utt2spk scp:data/dev/split2/1/cmvn.scp scp:data/dev/split2/1/feats.scp ark:- | add-deltas  ark:- ark:- |' 'ark:|gzip -c > exp/bg/tri1/decode/lat.1.gz' 
apply-cmvn --utt2spk=ark:data/dev/split2/1/utt2spk scp:data/dev/split2/1/cmvn.scp scp:data/dev/split2/1/feats.scp ark:- 
add-deltas ark:- ark:- 
usctimit_ema_f1_021 sil k ao l iy l ay er z ah l p n ah m dh eh r z sil 
LOG (gmm-latgen-faster[5.5.141~1-40a9d]:DecodeUtteranceLatticeFaster():decoder-wrappers.cc:289) Log-like per frame for utterance usctimit_ema_f1_021 is -6.93222 over 290 frames.
usctimit_ema_f1_028 sil k ao l iy d dh iy m ow s t ah k ah m p ah s t aa r d ih s ah n t ey m p aa k y ah l eh r ey t iy sil 
LOG (gmm-latgen-faster[5.5.141~1-40a9d]:DecodeUtteranceLatticeFaster():decoder-wrappers.cc:289) Log-like per frame for utterance usctimit_ema_f1_028 is -6.98439 over 499 frames.
usctimit_ema_f1_031 sil b aa r b z k ah l p er ey s l iy w ao z ah g r eh jh r ey sh ah n d ah s ah n t sil 
LOG (gmm-latgen-faster[5.5.141~1-40a9d]:DecodeUtteranceLatticeFaster():decoder-wrappers.cc:289) Log-like per frame for utterance usctimit_ema_f1_031 is -7.17199 over 395 frames.
usctimit_ema_f1_052 sil k aa s ah n ah n d ah l d r eh k t ih z ah jh iy l aa jh ih k ah l th iy eh r iy sil 
LOG (gmm-latgen-faster[5.5.141~1-40a9d]:DecodeUtteranceLatticeFaster():decoder-wrappers.cc:289) Log-like per frame for utterance usctimit_ema_f1_052 is -7.08803 over 431 frames.
usctimit_ema_f1_054 sil ch ae l ah n t iy ch jh eh n ah l s ah n t eh l ah jh ah n s sil 
LOG (gmm-latgen-faster[5.5.141~1-40a9d]:DecodeUtteranceLatticeFaster():decoder-wrappers.cc:289) Log-like per frame for utterance usctimit_ema_f1_054 is -6.81774 over 382 frames.
usctimit_ema_f1_072 sil s ah n ah n t ih z m eh jh er d ih ng k y uw b ih k iy aa r ah t t s sil 
LOG (gmm-latgen-faster[5.5.141~1-40a9d]:DecodeUtteranceLatticeFaster():decoder-wrappers.cc:289) Log-like per frame for utterance usctimit_ema_f1_072 is -6.72336 over 403 frames.
usctimit_ema_f1_078 sil ah l aa jh hh ae l s ah l dh iy z l aa p s ah n ah p w ay n s ah z sil 
LOG (gmm-latgen-faster[5.5.141~1-40a9d]:DecodeUtteranceLatticeFaster():decoder-wrappers.cc:289) Log-like per frame for utterance usctimit_ema_f1_078 is -6.76573 over 447 frames.
usctimit_ema_f1_090 sil y uw m ah s t ih k s p ow s ah l iy t ah l iy p ay l z sil 
LOG (gmm-latgen-faster[5.5.141~1-40a9d]:DecodeUtteranceLatticeFaster():decoder-wrappers.cc:289) Log-like per frame for utterance usctimit_ema_f1_090 is -6.8555 over 353 frames.
usctimit_ema_f1_105 sil dh iy p ay l ah n iy b ae k ae k ae n hh ay iy n aa p aa r w ay l d aa n ah m ow l z sil 
LOG (gmm-latgen-faster[5.5.141~1-40a9d]:DecodeUtteranceLatticeFaster():decoder-wrappers.cc:289) Log-like per frame for utterance usctimit_ema_f1_105 is -7.29906 over 461 frames.
usctimit_ema_f1_108 sil dh iy s k ah n d r eh v er z m ey d f r ah m f aa k ah n aa r ah n jh iy z sil 
LOG (gmm-latgen-faster[5.5.141~1-40a9d]:DecodeUtteranceLatticeFaster():decoder-wrappers.cc:289) Log-like per frame for utterance usctimit_ema_f1_108 is -7.14441 over 458 frames.
usctimit_ema_f1_111 sil aa r d ih v eh sh ah l n t eh l ah jh ah s ih z f er r iy l sil 
LOG (gmm-latgen-faster[5.5.141~1-40a9d]:DecodeUtteranceLatticeFaster():decoder-wrappers.cc:289) Log-like per frame for utterance usctimit_ema_f1_111 is -7.13299 over 329 frames.
usctimit_ema_f1_115 sil hh iy f ao r t ae sh eh t ay t s hh er b r eh k ah s sil 
LOG (gmm-latgen-faster[5.5.141~1-40a9d]:DecodeUtteranceLatticeFaster():decoder-wrappers.cc:289) Log-like per frame for utterance usctimit_ema_f1_115 is -7.11187 over 355 frames.
usctimit_ema_f1_123 sil dh iy b aa ng g ah l ow b ah s p l ah s ah b l iy s ih ch l iy d ih g n ih r d ih sh ao r sil 
LOG (gmm-latgen-faster[5.5.141~1-40a9d]:DecodeUtteranceLatticeFaster():decoder-wrappers.cc:289) Log-like per frame for utterance usctimit_ema_f1_123 is -6.96089 over 492 frames.
usctimit_ema_f1_126 sil w ih sh l ao l aa t ah p ah l w ao z ah l p ey g ih n iy d k aa r f ih k ey sh ah n s sil 
LOG (gmm-latgen-faster[5.5.141~1-40a9d]:DecodeUtteranceLatticeFaster():decoder-wrappers.cc:289) Log-like per frame for utterance usctimit_ema_f1_126 is -7.26157 over 432 frames.
usctimit_ema_f1_134 sil w iy t ah n iy z k ah z ey n ih z ah t ae k s w ih s ih t sil 
LOG (gmm-latgen-faster[5.5.141~1-40a9d]:DecodeUtteranceLatticeFaster():decoder-wrappers.cc:289) Log-like per frame for utterance usctimit_ema_f1_134 is -6.593 over 416 frames.
usctimit_ema_f1_153 sil dh iy m ay n m iy ow th eh s ah k s k ae l er t ih z ih p iy er d ao l s er v ih ng ey sh ah n t r eh l ah n z sil 
LOG (gmm-latgen-faster[5.5.141~1-40a9d]:DecodeUtteranceLatticeFaster():decoder-wrappers.cc:289) Log-like per frame for utterance usctimit_ema_f1_153 is -7.04383 over 618 frames.
usctimit_ema_f1_162 sil ah l m ow s t eh l k aa l ah jh ah s ih n aa k oy ah jh ah k ey sh ah n ah l sil 
LOG (gmm-latgen-faster[5.5.141~1-40a9d]:DecodeUtteranceLatticeFaster():decoder-wrappers.cc:289) Log-like per frame for utterance usctimit_ema_f1_162 is -6.81921 over 486 frames.
usctimit_ema_f1_170 sil k ow ao th er ay s dh iy aa n ah m ah t ah t ih k s p eh n s ih k aw n t sil 
LOG (gmm-latgen-faster[5.5.141~1-40a9d]:DecodeUtteranceLatticeFaster():decoder-wrappers.cc:289) Log-like per frame for utterance usctimit_ema_f1_170 is -6.90617 over 459 frames.
usctimit_ema_f1_198 sil hh aa b l er m ah n ah v ey er r eh k ah n s sil 
LOG (gmm-latgen-faster[5.5.141~1-40a9d]:DecodeUtteranceLatticeFaster():decoder-wrappers.cc:289) Log-like per frame for utterance usctimit_ema_f1_198 is -6.55559 over 368 frames.
usctimit_ema_f1_209 sil k aa r iy l ah k ih ng f er m p l ih m ah n t sil 
LOG (gmm-latgen-faster[5.5.141~1-40a9d]:DecodeUtteranceLatticeFaster():decoder-wrappers.cc:289) Log-like per frame for utterance usctimit_ema_f1_209 is -6.67394 over 339 frames.
usctimit_ema_f1_213 sil ae t ah m ay ih z ao l ah k aw n s ih m ay m iy jh ah n s iy sil 
LOG (gmm-latgen-faster[5.5.141~1-40a9d]:DecodeUtteranceLatticeFaster():decoder-wrappers.cc:289) Log-like per frame for utterance usctimit_ema_f1_213 is -7.03619 over 358 frames.
usctimit_ema_f1_227 sil r ay t iy d ih ng y ow v er g y uw m ey l ah p l ah n d er sil 
LOG (gmm-latgen-faster[5.5.141~1-40a9d]:DecodeUtteranceLatticeFaster():decoder-wrappers.cc:289) Log-like per frame for utterance usctimit_ema_f1_227 is -6.76709 over 386 frames.
usctimit_ema_f1_236 sil hh aw w oy l iy t iy l ay d ih s ae l ah t r eh s ih ng sil 
LOG (gmm-latgen-faster[5.5.141~1-40a9d]:DecodeUtteranceLatticeFaster():decoder-wrappers.cc:289) Log-like per frame for utterance usctimit_ema_f1_236 is -6.887 over 358 frames.
usctimit_ema_f1_239 sil w ih v d r ao l m iy z m ah ch m ah n iy ih z ih n iy sil 
LOG (gmm-latgen-faster[5.5.141~1-40a9d]:DecodeUtteranceLatticeFaster():decoder-wrappers.cc:289) Log-like per frame for utterance usctimit_ema_f1_239 is -6.67544 over 412 frames.
usctimit_ema_f1_242 sil t uw ey t s ih k ah g ah l f ao r m ah z g r ow n t s sil 
LOG (gmm-latgen-faster[5.5.141~1-40a9d]:DecodeUtteranceLatticeFaster():decoder-wrappers.cc:289) Log-like per frame for utterance usctimit_ema_f1_242 is -6.90093 over 356 frames.
usctimit_ema_f1_244 sil b iy k eh r k ow n aa n d ah p ay ow v er dh iy f l aw er b eh n z sil 
LOG (gmm-latgen-faster[5.5.141~1-40a9d]:DecodeUtteranceLatticeFaster():decoder-wrappers.cc:289) Log-like per frame for utterance usctimit_ema_f1_244 is -6.93216 over 398 frames.
usctimit_ema_f1_250 sil dh iy m ow z k r ah s aa jh m ah l t s w iy sil 
LOG (gmm-latgen-faster[5.5.141~1-40a9d]:DecodeUtteranceLatticeFaster():decoder-wrappers.cc:289) Log-like per frame for utterance usctimit_ema_f1_250 is -6.5423 over 346 frames.
usctimit_ema_f1_252 sil ae l s ih k ah l ah d iy t uw w er k w ih th ah p t uw p er b ih sh ah n z n ow w er v iy sil 
LOG (gmm-latgen-faster[5.5.141~1-40a9d]:DecodeUtteranceLatticeFaster():decoder-wrappers.cc:289) Log-like per frame for utterance usctimit_ema_f1_252 is -6.98369 over 550 frames.
usctimit_ema_f1_255 sil dh iy t uw f er d f er v ae k t uw k aa m ay d z t uw f eh l aw t sil 
LOG (gmm-latgen-faster[5.5.141~1-40a9d]:DecodeUtteranceLatticeFaster():decoder-wrappers.cc:289) Log-like per frame for utterance usctimit_ema_f1_255 is -7.00204 over 428 frames.
usctimit_ema_f1_262 sil dh iy s p er sh er ah s p r ah t s ih k uw eh r l iy ah n f ao r m ah t ih f er p ah s p eh k t ih f ay t er sil 
LOG (gmm-latgen-faster[5.5.141~1-40a9d]:DecodeUtteranceLatticeFaster():decoder-wrappers.cc:289) Log-like per frame for utterance usctimit_ema_f1_262 is -7.03104 over 572 frames.
usctimit_ema_f1_286 sil dh ae t d aa ch ey s ih s k ae t s m er s ah l z s l iy sil 
LOG (gmm-latgen-faster[5.5.141~1-40a9d]:DecodeUtteranceLatticeFaster():decoder-wrappers.cc:289) Log-like per frame for utterance usctimit_ema_f1_286 is -6.94462 over 302 frames.
usctimit_ema_f1_297 sil g r eh g r iy ah n t aa n sh ah s ah w uh ch p r ah t uw n z ah n iy ae f ih n ih n sil 
LOG (gmm-latgen-faster[5.5.141~1-40a9d]:DecodeUtteranceLatticeFaster():decoder-wrappers.cc:289) Log-like per frame for utterance usctimit_ema_f1_297 is -6.53135 over 592 frames.
usctimit_ema_f1_299 sil k aw n p ah n ah m b er t iy z d ah n z ah s oy s ao s ah b ay t y uw aw n sil 
LOG (gmm-latgen-faster[5.5.141~1-40a9d]:DecodeUtteranceLatticeFaster():decoder-wrappers.cc:289) Log-like per frame for utterance usctimit_ema_f1_299 is -6.9093 over 491 frames.
usctimit_ema_f1_302 sil m ah d ow n aa b ae b l ah n z t iy p ih n aa t s ih d ah b ah l f r iy d ih ng sh eh l th ih jh sil 
LOG (gmm-latgen-faster[5.5.141~1-40a9d]:DecodeUtteranceLatticeFaster():decoder-wrappers.cc:289) Log-like per frame for utterance usctimit_ema_f1_302 is -6.8008 over 573 frames.
usctimit_ema_f1_311 sil dh iy f r ay t ah n ch ay l w ao z jh ih l iy s ah t uw b ay d z b ih g b r ah v er sil 
LOG (gmm-latgen-faster[5.5.141~1-40a9d]:DecodeUtteranceLatticeFaster():decoder-wrappers.cc:289) Log-like per frame for utterance usctimit_ema_f1_311 is -7.07612 over 495 frames.
usctimit_ema_f1_317 sil m ah n iy w eh l th iy t ay k ah n s p ah l er s t ah n b aa b ah l th iy aa t ah s k uw aa n er sil 
LOG (gmm-latgen-faster[5.5.141~1-40a9d]:DecodeUtteranceLatticeFaster():decoder-wrappers.cc:289) Log-like per frame for utterance usctimit_ema_f1_317 is -6.79021 over 679 frames.
usctimit_ema_f1_320 sil ah k aa n ah s er w ah l ih n d r ay d ih sh eh l f ih sh t ah jh sil 
LOG (gmm-latgen-faster[5.5.141~1-40a9d]:DecodeUtteranceLatticeFaster():decoder-wrappers.cc:289) Log-like per frame for utterance usctimit_ema_f1_320 is -6.77847 over 454 frames.
usctimit_ema_f1_323 sil d ae n m ih s p l er z ah m b ay ch er k w ey z m eh k l ah s sil 
LOG (gmm-latgen-faster[5.5.141~1-40a9d]:DecodeUtteranceLatticeFaster():decoder-wrappers.cc:289) Log-like per frame for utterance usctimit_ema_f1_323 is -6.82138 over 450 frames.
usctimit_ema_f1_325 sil d ao r jh s eh l d ah m aa ch ih z d iy t ay n ah v iy z sil 
LOG (gmm-latgen-faster[5.5.141~1-40a9d]:DecodeUtteranceLatticeFaster():decoder-wrappers.cc:289) Log-like per frame for utterance usctimit_ema_f1_325 is -6.85596 over 400 frames.
usctimit_ema_f1_342 sil sh iy w ey s t er p s ah b eh s ah m ah ch f r ow l iy g ah n ih z f ih n d sil 
LOG (gmm-latgen-faster[5.5.141~1-40a9d]:DecodeUtteranceLatticeFaster():decoder-wrappers.cc:289) Log-like per frame for utterance usctimit_ema_f1_342 is -6.9932 over 452 frames.
usctimit_ema_f1_346 sil w iy l ah g ow m ah n iy n iy s t uw d ah n s iy ch iy er sil 
LOG (gmm-latgen-faster[5.5.141~1-40a9d]:DecodeUtteranceLatticeFaster():decoder-wrappers.cc:289) Log-like per frame for utterance usctimit_ema_f1_346 is -6.99916 over 328 frames.
usctimit_ema_f1_347 sil p er jh ah s p aa r ah n ay d ih b ay t ih f iy ch ih g ae sh ao r d ah jh sil 
LOG (gmm-latgen-faster[5.5.141~1-40a9d]:DecodeUtteranceLatticeFaster():decoder-wrappers.cc:289) Log-like per frame for utterance usctimit_ema_f1_347 is -6.83829 over 452 frames.
usctimit_ema_f1_356 sil dh ey ao l ay k l ao ng hh aa ch aw er z sil 
LOG (gmm-latgen-faster[5.5.141~1-40a9d]:DecodeUtteranceLatticeFaster():decoder-wrappers.cc:289) Log-like per frame for utterance usctimit_ema_f1_356 is -7.03559 over 302 frames.
usctimit_ema_f1_360 sil dh iy p ah s t ey t ae n s l iy f r ay n s ih k l iy ae m dh iy s er p ih z ih s m ao l iy k sil 
LOG (gmm-latgen-faster[5.5.141~1-40a9d]:DecodeUtteranceLatticeFaster():decoder-wrappers.cc:289) Log-like per frame for utterance usctimit_ema_f1_360 is -7.16362 over 462 frames.
usctimit_ema_f1_362 sil dh iy ih s ah ng aa b er v ow er l eh v er ah n t er hh iy er sil 
LOG (gmm-latgen-faster[5.5.141~1-40a9d]:DecodeUtteranceLatticeFaster():decoder-wrappers.cc:289) Log-like per frame for utterance usctimit_ema_f1_362 is -6.55339 over 430 frames.
usctimit_ema_f1_364 sil dh iy t ae k s iy k eh v er k d aw n ah k w ay z dh iy k ae k t r aa jh ae n sil 
LOG (gmm-latgen-faster[5.5.141~1-40a9d]:DecodeUtteranceLatticeFaster():decoder-wrappers.cc:289) Log-like per frame for utterance usctimit_ema_f1_364 is -6.9502 over 457 frames.
usctimit_ema_f1_368 sil g r ah s ih v m eh v ah n ah b ah t ih n ih f ih sh s ae m ah n jh sil 
LOG (gmm-latgen-faster[5.5.141~1-40a9d]:DecodeUtteranceLatticeFaster():decoder-wrappers.cc:289) Log-like per frame for utterance usctimit_ema_f1_368 is -6.83954 over 450 frames.
usctimit_ema_f1_382 sil s m ae n ch l ey k eh l d ah n ah k ae sh eh l iy w ih l d ih m ah n ih sh t ah n ae p ih ng sil 
LOG (gmm-latgen-faster[5.5.141~1-40a9d]:DecodeUtteranceLatticeFaster():decoder-wrappers.cc:289) Log-like per frame for utterance usctimit_ema_f1_382 is -6.64516 over 595 frames.
usctimit_ema_f1_394 sil dh iy z ih n t r eh s ah k ah l iy s ih n t ih f l ay k ah l ah s m ao t er s t s sil 
LOG (gmm-latgen-faster[5.5.141~1-40a9d]:DecodeUtteranceLatticeFaster():decoder-wrappers.cc:289) Log-like per frame for utterance usctimit_ema_f1_394 is -6.79087 over 548 frames.
usctimit_ema_f1_397 sil s ah b er b ah n aa s w ay t s k ao f ih n s eh v er v n ah g ae v hh ae v ih t sil 
LOG (gmm-latgen-faster[5.5.141~1-40a9d]:DecodeUtteranceLatticeFaster():decoder-wrappers.cc:289) Log-like per frame for utterance usctimit_ema_f1_397 is -6.90595 over 501 frames.
usctimit_ema_f1_402 sil k r ih s t ih k m ae t s ah b ih sh f er d ch iy z sil 
LOG (gmm-latgen-faster[5.5.141~1-40a9d]:DecodeUtteranceLatticeFaster():decoder-wrappers.cc:289) Log-like per frame for utterance usctimit_ema_f1_402 is -6.65783 over 401 frames.
usctimit_ema_f1_405 sil w ao r ey t aa r d ih s p er iy ah z dh ae t ah p oy n t ih n jh er ih ng g r ae f sil 
LOG (gmm-latgen-faster[5.5.141~1-40a9d]:DecodeUtteranceLatticeFaster():decoder-wrappers.cc:289) Log-like per frame for utterance usctimit_ema_f1_405 is -6.80392 over 510 frames.
usctimit_ema_f1_451 sil ch ow z ah n t ah n k ah n s ih m ah n iy f er r ah l ah s ih m aa n s ih n ih ng sil 
LOG (gmm-latgen-faster[5.5.141~1-40a9d]:DecodeUtteranceLatticeFaster():decoder-wrappers.cc:289) Log-like per frame for utterance usctimit_ema_f1_451 is -7.12477 over 444 frames.
usctimit_ema_f1_453 sil w eh n d r ow z k r iy n b iy n z ih n hh er b ah ch ah b ah l ah p aa r d ih ng sil 
LOG (gmm-latgen-faster[5.5.141~1-40a9d]:DecodeUtteranceLatticeFaster():decoder-wrappers.cc:289) Log-like per frame for utterance usctimit_ema_f1_453 is -6.85336 over 476 frames.
usctimit_ema_f1_456 sil ah m aa t s ih g d eh n t ih l ah n ah p ae k t uw ae t ah z g aa r d ah n sil 
LOG (gmm-latgen-faster[5.5.141~1-40a9d]:DecodeUtteranceLatticeFaster():decoder-wrappers.cc:289) Log-like per frame for utterance usctimit_ema_f1_456 is -7.02626 over 433 frames.
usctimit_ema_f1_460 sil w ih sh th iy ah d ih sh ah v m ah b ah g l uw z sil 
LOG (gmm-latgen-faster[5.5.141~1-40a9d]:DecodeUtteranceLatticeFaster():decoder-wrappers.cc:289) Log-like per frame for utterance usctimit_ema_f1_460 is -6.71189 over 334 frames.
usctimit_ema_f5_009 sil hh iy l aw t r eh r l ay sil 
LOG (gmm-latgen-faster[5.5.141~1-40a9d]:DecodeUtteranceLatticeFaster():decoder-wrappers.cc:289) Log-like per frame for utterance usctimit_ema_f5_009 is -6.70308 over 341 frames.
usctimit_ema_f5_011 sil w ih ng y aa r m ah z hh ay z y uw d hh ae n sil 
LOG (gmm-latgen-faster[5.5.141~1-40a9d]:DecodeUtteranceLatticeFaster():decoder-wrappers.cc:289) Log-like per frame for utterance usctimit_ema_f5_011 is -7.4267 over 301 frames.
usctimit_ema_f5_017 sil ae l ah m ah n iy hh aa r m z ah d ih f ao r s m ae n s w eh l sil 
LOG (gmm-latgen-faster[5.5.141~1-40a9d]:DecodeUtteranceLatticeFaster():decoder-wrappers.cc:289) Log-like per frame for utterance usctimit_ema_f5_017 is -7.72364 over 328 frames.
usctimit_ema_f5_019 sil eh l f eh l f l ay z hh eh l p iy k r y uw m sil 
LOG (gmm-latgen-faster[5.5.141~1-40a9d]:DecodeUtteranceLatticeFaster():decoder-wrappers.cc:289) Log-like per frame for utterance usctimit_ema_f5_019 is -7.3559 over 308 frames.
usctimit_ema_f5_066 sil t uw f r iy l iy sil 
LOG (gmm-latgen-faster[5.5.141~1-40a9d]:DecodeUtteranceLatticeFaster():decoder-wrappers.cc:289) Log-like per frame for utterance usctimit_ema_f5_066 is -7.89913 over 335 frames.
usctimit_ema_f5_080 sil t ay l z sil 
LOG (gmm-latgen-faster[5.5.141~1-40a9d]:DecodeUtteranceLatticeFaster():decoder-wrappers.cc:289) Log-like per frame for utterance usctimit_ema_f5_080 is -7.54512 over 417 frames.
usctimit_ema_f5_081 sil dh ae s k er ey p aa r t iy z t ae k s k l ah n z ih n ae t ih n ey sh ah n sil 
LOG (gmm-latgen-faster[5.5.141~1-40a9d]:DecodeUtteranceLatticeFaster():decoder-wrappers.cc:289) Log-like per frame for utterance usctimit_ema_f5_081 is -7.5798 over 373 frames.
usctimit_ema_f5_090 sil iy n ah s ih k s p l iy d ih l iy t f ay l z sil 
LOG (gmm-latgen-faster[5.5.141~1-40a9d]:DecodeUtteranceLatticeFaster():decoder-wrappers.cc:289) Log-like per frame for utterance usctimit_ema_f5_090 is -7.32912 over 385 frames.
usctimit_ema_f5_143 sil dh iy k eh v er m ah t s ao ao f r ih z ey sh ah n ah v ih s ih s ah n sh ah n t sil 
LOG (gmm-latgen-faster[5.5.141~1-40a9d]:DecodeUtteranceLatticeFaster():decoder-wrappers.cc:289) Log-like per frame for utterance usctimit_ema_f5_143 is -6.92268 over 473 frames.
usctimit_ema_f5_144 sil ah s k ow ao th er z w iy k ah z eh n t uw t er n uw b uh k t uw dh iy hh aa d iy aa d iy s sil 
LOG (gmm-latgen-faster[5.5.141~1-40a9d]:DecodeUtteranceLatticeFaster():decoder-wrappers.cc:289) Log-like per frame for utterance usctimit_ema_f5_144 is -7.16156 over 594 frames.
usctimit_ema_f5_162 sil ow n ah s ao l k ao l ah jh ah z aa r n aw t k ah l ah jh ah k ey sh ah n ah l sil 
LOG (gmm-latgen-faster[5.5.141~1-40a9d]:DecodeUtteranceLatticeFaster():decoder-wrappers.cc:289) Log-like per frame for utterance usctimit_ema_f5_162 is -6.99609 over 483 frames.
usctimit_ema_f5_163 sil w ih ch ah l k f er s b aa t ah hh ay iy n ih z n jh eh n w er z ah m z ah f ao r iy sil 
LOG (gmm-latgen-faster[5.5.141~1-40a9d]:DecodeUtteranceLatticeFaster():decoder-wrappers.cc:289) Log-like per frame for utterance usctimit_ema_f5_163 is -7.12521 over 532 frames.
usctimit_ema_f5_164 sil th ih k k l uw l uw z d aw t uw dh iy t uw d sil 
LOG (gmm-latgen-faster[5.5.141~1-40a9d]:DecodeUtteranceLatticeFaster():decoder-wrappers.cc:289) Log-like per frame for utterance usctimit_ema_f5_164 is -6.95198 over 405 frames.
usctimit_ema_f5_174 sil s t aa r hh ae t s er aw t ah f ae sh ah n ah s iy er sil 
LOG (gmm-latgen-faster[5.5.141~1-40a9d]:DecodeUtteranceLatticeFaster():decoder-wrappers.cc:289) Log-like per frame for utterance usctimit_ema_f5_174 is -7.15076 over 386 frames.
usctimit_ema_f5_197 sil dh iy s m ao l w oy p uh k ah l w ao r m aa n dh iy hh aa k sil 
LOG (gmm-latgen-faster[5.5.141~1-40a9d]:DecodeUtteranceLatticeFaster():decoder-wrappers.cc:289) Log-like per frame for utterance usctimit_ema_f5_197 is -6.93613 over 400 frames.
usctimit_ema_f5_208 sil dh iy d y uw p oy dh iy ow sh ah n sil 
LOG (gmm-latgen-faster[5.5.141~1-40a9d]:DecodeUtteranceLatticeFaster():decoder-wrappers.cc:289) Log-like per frame for utterance usctimit_ema_f5_208 is -6.79301 over 373 frames.
usctimit_ema_f5_233 sil aa r v y uw ey b l iy sil hh er m eh m b uh t uw l aw oy d ae n ah k ah k ah n s t ae n t er f r iy l iy sil 
LOG (gmm-latgen-faster[5.5.141~1-40a9d]:DecodeUtteranceLatticeFaster():decoder-wrappers.cc:289) Log-like per frame for utterance usctimit_ema_f5_233 is -7.4554 over 648 frames.
usctimit_ema_f5_243 sil aa r hh ao l ah d ey p r ih n z ah m ey l d ah l t uw ah z sil 
LOG (gmm-latgen-faster[5.5.141~1-40a9d]:DecodeUtteranceLatticeFaster():decoder-wrappers.cc:289) Log-like per frame for utterance usctimit_ema_f5_243 is -7.19324 over 363 frames.
usctimit_ema_f5_244 sil ah p l aw t ah f aw er b ah n z sil 
LOG (gmm-latgen-faster[5.5.141~1-40a9d]:DecodeUtteranceLatticeFaster():decoder-wrappers.cc:289) Log-like per frame for utterance usctimit_ema_f5_244 is -7.24731 over 412 frames.
usctimit_ema_f5_272 sil t ow f ah l ah z m ey t f r ah m p r aa s eh s ah l iy b iy g z sil 
LOG (gmm-latgen-faster[5.5.141~1-40a9d]:DecodeUtteranceLatticeFaster():decoder-wrappers.cc:289) Log-like per frame for utterance usctimit_ema_f5_272 is -7.26371 over 364 frames.
usctimit_ema_f5_281 sil m ay n d ih z ay er z ah s eh m p ah l k ih v m y uw w ah n f ao r m ah v p eh r k r ae t sil 
LOG (gmm-latgen-faster[5.5.141~1-40a9d]:DecodeUtteranceLatticeFaster():decoder-wrappers.cc:289) Log-like per frame for utterance usctimit_ema_f5_281 is -7.5059 over 565 frames.
usctimit_ema_f5_304 sil k ah s aa p ay n t r iy z ah n r eh t w eh n t ah n w aa k t uw s ih k w ey n ae sh ah n ah l f ao r ih z sil 
LOG (gmm-latgen-faster[5.5.141~1-40a9d]:DecodeUtteranceLatticeFaster():decoder-wrappers.cc:289) Log-like per frame for utterance usctimit_ema_f5_304 is -7.22816 over 667 frames.
usctimit_ema_f5_307 sil d ah ch aa n k ae t s p eh b ih g uw s k eh l p sil 
LOG (gmm-latgen-faster[5.5.141~1-40a9d]:DecodeUtteranceLatticeFaster():decoder-wrappers.cc:289) Log-like per frame for utterance usctimit_ema_f5_307 is -7.0936 over 418 frames.
usctimit_ema_f5_329 sil dh iy k ae l w aa n d er d f r ah m f aa r m ay ae n ah b ih k ey m ao s t sil 
LOG (gmm-latgen-faster[5.5.141~1-40a9d]:DecodeUtteranceLatticeFaster():decoder-wrappers.cc:289) Log-like per frame for utterance usctimit_ema_f5_329 is -6.74784 over 535 frames.
usctimit_ema_f5_330 sil iy t ah n t ay m l iy ih n k ah m ao s k ah l ah n s ay t ah b ah t dh iy b r ey k ae n hh iy k s ih s t ah m p aa r t sil 
LOG (gmm-latgen-faster[5.5.141~1-40a9d]:DecodeUtteranceLatticeFaster():decoder-wrappers.cc:289) Log-like per frame for utterance usctimit_ema_f5_330 is -7.60988 over 611 frames.
usctimit_ema_f5_334 sil w ao r ey s k aa s t ih m iy ih n b l ae k l ah t s t uw k ah m p l iy l iy eh l ah g ae n t sil 
LOG (gmm-latgen-faster[5.5.141~1-40a9d]:DecodeUtteranceLatticeFaster():decoder-wrappers.cc:289) Log-like per frame for utterance usctimit_ema_f5_334 is -7.1629 over 536 frames.
usctimit_ema_f5_336 sil dh ae t uw ey z p r aa p n g r ah s n w ao r n oy ay iy ch d iy sil 
LOG (gmm-latgen-faster[5.5.141~1-40a9d]:DecodeUtteranceLatticeFaster():decoder-wrappers.cc:289) Log-like per frame for utterance usctimit_ema_f5_336 is -7.29124 over 396 frames.
usctimit_ema_f5_343 sil ah jh ah s eh jh eh n ih r dh ae n uw aa r k y ah l aa jh ih k aa m y uw z iy ae m sil 
LOG (gmm-latgen-faster[5.5.141~1-40a9d]:DecodeUtteranceLatticeFaster():decoder-wrappers.cc:289) Log-like per frame for utterance usctimit_ema_f5_343 is -6.9114 over 506 frames.
usctimit_ema_f5_348 sil dh iy k aa r b ih k l iy n ih sh eh m p r t er ao r iy ah jh w ih d sil 
LOG (gmm-latgen-faster[5.5.141~1-40a9d]:DecodeUtteranceLatticeFaster():decoder-wrappers.cc:289) Log-like per frame for utterance usctimit_ema_f5_348 is -7.09931 over 455 frames.
usctimit_ema_f5_349 sil p l iy z sh ao r n z s k aa r f r jh ah l iy s sil 
LOG (gmm-latgen-faster[5.5.141~1-40a9d]:DecodeUtteranceLatticeFaster():decoder-wrappers.cc:289) Log-like per frame for utterance usctimit_ema_f5_349 is -6.78468 over 405 frames.
usctimit_ema_f5_354 sil w ih n eh v er dh iy p eh r m ah t er k p r eh sh er r ay z ah z sil ah l sil w ih n t sil 
LOG (gmm-latgen-faster[5.5.141~1-40a9d]:DecodeUtteranceLatticeFaster():decoder-wrappers.cc:289) Log-like per frame for utterance usctimit_ema_f5_354 is -7.07408 over 679 frames.
usctimit_ema_f5_356 sil dh ey eh l ay k sil dh iy ao l ay k 
LOG (gmm-latgen-faster[5.5.141~1-40a9d]:DecodeUtteranceLatticeFaster():decoder-wrappers.cc:289) Log-like per frame for utterance usctimit_ema_f5_356 is -7.8708 over 219 frames.
usctimit_ema_f5_369 sil dh iy r ih z ah jh ay s ae n t ah k w aa s t ih k s t er v ih ng z b ih g t aa p ae t sil 
LOG (gmm-latgen-faster[5.5.141~1-40a9d]:DecodeUtteranceLatticeFaster():decoder-wrappers.cc:289) Log-like per frame for utterance usctimit_ema_f5_369 is -6.98659 over 537 frames.
usctimit_ema_f5_375 sil ay r ih sh eh m s t er z iy ch f r eh sh s k uw p er s r b er k ah s t sil 
LOG (gmm-latgen-faster[5.5.141~1-40a9d]:DecodeUtteranceLatticeFaster():decoder-wrappers.cc:289) Log-like per frame for utterance usctimit_ema_f5_375 is -7.30609 over 435 frames.
usctimit_ema_f5_389 sil dh iy f ih s t aa r k ah n d iy n sil dh iy f ih z d aa r k ah n t ey n z b iy ch iy s iy p iy ch ah z sil 
LOG (gmm-latgen-faster[5.5.141~1-40a9d]:DecodeUtteranceLatticeFaster():decoder-wrappers.cc:289) Log-like per frame for utterance usctimit_ema_f5_389 is -7.41508 over 553 frames.
usctimit_ema_f5_392 sil dh iy r ih ch ih n b eh s t ih m z er k aa m z ah n s t ae t uw s t ah w ih sh uw z sil 
LOG (gmm-latgen-faster[5.5.141~1-40a9d]:DecodeUtteranceLatticeFaster():decoder-wrappers.cc:289) Log-like per frame for utterance usctimit_ema_f5_392 is -7.09529 over 574 frames.
usctimit_ema_f5_396 sil dh iy ae t r ch ay z ih ng p er s ah v er ay d iy s t r er n eh v er ch ey n d ih z sil 
LOG (gmm-latgen-faster[5.5.141~1-40a9d]:DecodeUtteranceLatticeFaster():decoder-wrappers.cc:289) Log-like per frame for utterance usctimit_ema_f5_396 is -7.56102 over 518 frames.
usctimit_ema_f5_406 sil dh iy s ih g eh l m f ao r s ih z n ih r l iy ow v er w aa n b ay d ah ch eh l m z iy z sil 
LOG (gmm-latgen-faster[5.5.141~1-40a9d]:DecodeUtteranceLatticeFaster():decoder-wrappers.cc:289) Log-like per frame for utterance usctimit_ema_f5_406 is -7.23166 over 512 frames.
usctimit_ema_f5_424 sil t iy p iy p ah l iy t iy b iy ah n d er d sil 
LOG (gmm-latgen-faster[5.5.141~1-40a9d]:DecodeUtteranceLatticeFaster():decoder-wrappers.cc:289) Log-like per frame for utterance usctimit_ema_f5_424 is -6.70392 over 379 frames.
usctimit_ema_f5_426 sil dh iy iy z iy k uw t ih z uw ao l ah jh ih z r iy aa t sil dh iy iy z iy k ah n z 
LOG (gmm-latgen-faster[5.5.141~1-40a9d]:DecodeUtteranceLatticeFaster():decoder-wrappers.cc:289) Log-like per frame for utterance usctimit_ema_f5_426 is -7.97157 over 335 frames.
LOG (apply-cmvn[5.5.141~1-40a9d]:main():apply-cmvn.cc:162) Applied cepstral mean normalization to 101 utterances, errors on 0
usctimit_ema_f5_431 sil hh ae f uh d ao r k ah n ih z ey sh ah n z ih f r iy k ah n f aa n er iy z er z sil 
LOG (gmm-latgen-faster[5.5.141~1-40a9d]:DecodeUtteranceLatticeFaster():decoder-wrappers.cc:289) Log-like per frame for utterance usctimit_ema_f5_431 is -7.25079 over 427 frames.
usctimit_ema_f5_436 sil hh er p s p er s t ey f r iy k ah l iy k er z aa n ih ng sil 
LOG (gmm-latgen-faster[5.5.141~1-40a9d]:DecodeUtteranceLatticeFaster():decoder-wrappers.cc:289) Log-like per frame for utterance usctimit_ema_f5_436 is -7.35871 over 405 frames.
usctimit_ema_f5_438 sil w iy ah p l ey aa r t ah jh w ao r ey m ao t ih l iy n t ih k uw m p y uw d er s b iy t r eh k ah n ih sh ah n sil 
LOG (gmm-latgen-faster[5.5.141~1-40a9d]:DecodeUtteranceLatticeFaster():decoder-wrappers.cc:289) Log-like per frame for utterance usctimit_ema_f5_438 is -7.29758 over 498 frames.
usctimit_ema_f5_447 sil g r eh m ah n d ih z iy ae n ah n ah dh er iy k s ay d ih ng dh iy v iy b ay s t iy v ah n s t uw v er t sil 
LOG (gmm-latgen-faster[5.5.141~1-40a9d]:DecodeUtteranceLatticeFaster():decoder-wrappers.cc:289) Log-like per frame for utterance usctimit_ema_f5_447 is -7.23476 over 536 frames.
usctimit_ema_f5_451 sil ch ah l d r ah v y uw m eh n iy f er b r ow l ah t uw m ah n s ih d ih ng sil 
LOG (gmm-latgen-faster[5.5.141~1-40a9d]:DecodeUtteranceLatticeFaster():decoder-wrappers.cc:289) Log-like per frame for utterance usctimit_ema_f5_451 is -7.6639 over 533 frames.
LOG (gmm-latgen-faster[5.5.141~1-40a9d]:main():gmm-latgen-faster.cc:176) Time taken 524.09s: real-time factor assuming 100 frames/sec is 1.16353
LOG (gmm-latgen-faster[5.5.141~1-40a9d]:main():gmm-latgen-faster.cc:179) Done 101 utterances, failed for 0
LOG (gmm-latgen-faster[5.5.141~1-40a9d]:main():gmm-latgen-faster.cc:181) Overall log-likelihood per frame is -7.0485 over 45043 frames.
# Accounting: time=524 threads=1
# Ended (code 0) at Mon Dec 24 22:33:57 EET 2018, elapsed time 524 seconds
