# lattice-scale --inv-acoustic-scale=12 "ark:gunzip -c exp/bg/tri1/decode/lat.*.gz|" ark:- | lattice-add-penalty --word-ins-penalty=1.0 ark:- ark:- | lattice-best-path --word-symbol-table=exp/bg/tri1/graph/words.txt ark:- ark,t:- | utils/int2sym.pl -f 2- exp/bg/tri1/graph/words.txt | cat > exp/bg/tri1/decode/scoring_kaldi/penalty_1.0/12.txt 
# Started at Mon Dec 24 22:34:55 EET 2018
#
lattice-best-path --word-symbol-table=exp/bg/tri1/graph/words.txt ark:- ark,t:- 
lattice-scale --inv-acoustic-scale=12 'ark:gunzip -c exp/bg/tri1/decode/lat.*.gz|' ark:- 
lattice-add-penalty --word-ins-penalty=1.0 ark:- ark:- 
LOG (lattice-best-path[5.5.141~1-40a9d]:main():lattice-best-path.cc:99) For utterance usctimit_ema_f1_021, best cost 100.706 + 1928.95 = 2029.66 over 290 frames.
usctimit_ema_f1_021 sil ah l iy l ay er z ah l p n ah m dh eh r z sil 
LOG (lattice-best-path[5.5.141~1-40a9d]:main():lattice-best-path.cc:99) For utterance usctimit_ema_f1_028, best cost 191.232 + 3334.39 = 3525.62 over 499 frames.
usctimit_ema_f1_028 sil ao l iy dh iy m ow s t ah k ah m p ah s t aa r d ih s ah n t ey m p aa p iy l eh r ey t iy sil 
LOG (lattice-best-path[5.5.141~1-40a9d]:main():lattice-best-path.cc:99) For utterance usctimit_ema_f1_031, best cost 170.607 + 2697.12 = 2867.73 over 395 frames.
usctimit_ema_f1_031 sil aa r b z k ah l p er ey s l iy w ao z ah g r eh jh r ey sh ah n d ah s ah n t sil 
LOG (lattice-best-path[5.5.141~1-40a9d]:main():lattice-best-path.cc:99) For utterance usctimit_ema_f1_052, best cost 160.596 + 2927.49 = 3088.08 over 431 frames.
usctimit_ema_f1_052 sil k aa s ah n ah n d ah l d r ah t ih z ah jh iy l aa jh ih k ah l th iy eh r iy sil 
LOG (lattice-best-path[5.5.141~1-40a9d]:main():lattice-best-path.cc:99) For utterance usctimit_ema_f1_054, best cost 128.148 + 2502.24 = 2630.39 over 382 frames.
usctimit_ema_f1_054 sil ch ae l ah n t iy ch jh eh n ah l s ah n t eh l ah jh ah n s sil 
LOG (lattice-best-path[5.5.141~1-40a9d]:main():lattice-best-path.cc:99) For utterance usctimit_ema_f1_072, best cost 130.259 + 2607.67 = 2737.93 over 403 frames.
usctimit_ema_f1_072 sil s ah n ah n ih z m eh jh er d ih ng k y uw b ih g eh r ih k s sil 
LOG (lattice-best-path[5.5.141~1-40a9d]:main():lattice-best-path.cc:99) For utterance usctimit_ema_f1_078, best cost 145.108 + 2907.34 = 3052.45 over 447 frames.
usctimit_ema_f1_078 sil ah l aa jh hh aw s ah l dh iy z l aa p s ah n ah p w ay n s ah z sil 
LOG (lattice-best-path[5.5.141~1-40a9d]:main():lattice-best-path.cc:99) For utterance usctimit_ema_f1_090, best cost 119.341 + 2325.66 = 2445 over 353 frames.
usctimit_ema_f1_090 sil y uw m ah s t ih k s p ow s ah l iy t ah l iy p ay l z sil 
LOG (lattice-best-path[5.5.141~1-40a9d]:main():lattice-best-path.cc:99) For utterance usctimit_ema_f1_105, best cost 175.055 + 3225.07 = 3400.12 over 461 frames.
usctimit_ema_f1_105 sil dh iy p ay ow n iy b ae k ae k ae n hh ay iy n aa p aa r w ay l d aa m ow l z sil 
LOG (lattice-best-path[5.5.141~1-40a9d]:main():lattice-best-path.cc:99) For utterance usctimit_ema_f1_108, best cost 150.033 + 3154.15 = 3304.18 over 458 frames.
usctimit_ema_f1_108 sil dh iy s k er jh eh v er z m ey d f r m f aa k ah n aa r ah n jh iy z sil 
LOG (lattice-best-path[5.5.141~1-40a9d]:main():lattice-best-path.cc:99) For utterance usctimit_ema_f1_111, best cost 133.248 + 2239.52 = 2372.76 over 329 frames.
usctimit_ema_f1_111 sil aa r d ih v eh sh ah l n t eh l ah jh ah s ih z f er r iy l sil 
LOG (lattice-best-path[5.5.141~1-40a9d]:main():lattice-best-path.cc:99) For utterance usctimit_ema_f1_115, best cost 118.046 + 2429.3 = 2547.34 over 355 frames.
usctimit_ema_f1_115 sil hh iy f ao r t ae ch uw eh g z hh er b r eh k ah s sil 
LOG (lattice-best-path[5.5.141~1-40a9d]:main():lattice-best-path.cc:99) For utterance usctimit_ema_f1_123, best cost 184.632 + 3277.02 = 3461.65 over 492 frames.
usctimit_ema_f1_123 sil dh iy b aa ng g ah l ow ah s p ow s ah b l iy s ih ch l iy d ih g n ih r d ih sh ao r sil 
LOG (lattice-best-path[5.5.141~1-40a9d]:main():lattice-best-path.cc:99) For utterance usctimit_ema_f1_126, best cost 155.562 + 3015.57 = 3171.14 over 432 frames.
usctimit_ema_f1_126 sil w ih ch ah l w ao z ah l p ey g ih n iy d k aa r f ih k ey sh ah n s sil 
LOG (lattice-best-path[5.5.141~1-40a9d]:main():lattice-best-path.cc:99) For utterance usctimit_ema_f1_134, best cost 130.625 + 2638.07 = 2768.7 over 416 frames.
usctimit_ema_f1_134 sil w iy t ah n iy z k ah z ey n ih z ah t ae k s w ih s ih t sil 
LOG (lattice-best-path[5.5.141~1-40a9d]:main():lattice-best-path.cc:99) For utterance usctimit_ema_f1_153, best cost 225.034 + 4172.98 = 4398.01 over 618 frames.
usctimit_ema_f1_153 sil dh iy m ay n iy ow th eh s ah k s k ae l er d z ih p iy er d ao l s er v ih ng ey sh ah n t r eh l ah n z sil 
LOG (lattice-best-path[5.5.141~1-40a9d]:main():lattice-best-path.cc:99) For utterance usctimit_ema_f1_162, best cost 144.092 + 3198.01 = 3342.1 over 486 frames.
usctimit_ema_f1_162 sil l s t eh l k aa l ah jh ah s ih n aa k oy ah jh ah k ey sh ah m sil 
LOG (lattice-best-path[5.5.141~1-40a9d]:main():lattice-best-path.cc:99) For utterance usctimit_ema_f1_170, best cost 146.808 + 3051.37 = 3198.18 over 459 frames.
usctimit_ema_f1_170 sil k ow ao th er ay s dh iy aa n ah m ah t ih k s p eh n s ih k aw n sil 
LOG (lattice-best-path[5.5.141~1-40a9d]:main():lattice-best-path.cc:99) For utterance usctimit_ema_f1_198, best cost 95.1811 + 2335.93 = 2431.11 over 368 frames.
usctimit_ema_f1_198 sil ah p er m ah n ah v ey er r eh k ah n s sil 
LOG (lattice-best-path[5.5.141~1-40a9d]:main():lattice-best-path.cc:99) For utterance usctimit_ema_f1_209, best cost 74.0981 + 2205.46 = 2279.56 over 339 frames.
usctimit_ema_f1_209 sil ih ng f er m p l ih m ah n t sil 
LOG (lattice-best-path[5.5.141~1-40a9d]:main():lattice-best-path.cc:99) For utterance usctimit_ema_f1_213, best cost 128.836 + 2416.07 = 2544.91 over 358 frames.
usctimit_ema_f1_213 sil ae t ah m ay s ao l ah k aw n s ih m ay m iy jh ah n s iy sil 
LOG (lattice-best-path[5.5.141~1-40a9d]:main():lattice-best-path.cc:99) For utterance usctimit_ema_f1_227, best cost 117.572 + 2519.71 = 2637.29 over 386 frames.
usctimit_ema_f1_227 sil r ey t ih ng y ow v er g y uw m ey l ah f ao n er sil 
LOG (lattice-best-path[5.5.141~1-40a9d]:main():lattice-best-path.cc:99) For utterance usctimit_ema_f1_236, best cost 124.086 + 2365.47 = 2489.55 over 358 frames.
usctimit_ema_f1_236 sil hh aw w oy l iy t iy l ay d ih s ae l ah t r eh s ih ng sil 
LOG (lattice-best-path[5.5.141~1-40a9d]:main():lattice-best-path.cc:99) For utterance usctimit_ema_f1_239, best cost 112.604 + 2660.36 = 2772.97 over 412 frames.
usctimit_ema_f1_239 sil w ih t r ao l iy z m ah ch m ah n iy z ih n iy sil 
LOG (lattice-best-path[5.5.141~1-40a9d]:main():lattice-best-path.cc:99) For utterance usctimit_ema_f1_242, best cost 98.3251 + 2382.16 = 2480.49 over 356 frames.
usctimit_ema_f1_242 sil t uw ey t ih f ao r m ah z g r ow t s sil 
LOG (lattice-best-path[5.5.141~1-40a9d]:main():lattice-best-path.cc:99) For utterance usctimit_ema_f1_244, best cost 139.796 + 2648.01 = 2787.81 over 398 frames.
usctimit_ema_f1_244 sil b iy k eh r k ow n d ah p ay ow v er dh iy f l aw er b eh n z sil 
LOG (lattice-best-path[5.5.141~1-40a9d]:main():lattice-best-path.cc:99) For utterance usctimit_ema_f1_250, best cost 99.5547 + 2183.32 = 2282.88 over 346 frames.
usctimit_ema_f1_250 sil dh iy m ow z k r ah s aa jh m aa t s w iy sil 
LOG (lattice-best-path[5.5.141~1-40a9d]:main():lattice-best-path.cc:99) For utterance usctimit_ema_f1_252, best cost 190.525 + 3687 = 3877.53 over 550 frames.
usctimit_ema_f1_252 sil ae l s ih k ah d iy t uw w er k w ih th ah p t uw p er b ih sh ah n z n ow w er v iy sil 
LOG (lattice-best-path[5.5.141~1-40a9d]:main():lattice-best-path.cc:99) For utterance usctimit_ema_f1_255, best cost 150.192 + 2875.69 = 3025.88 over 428 frames.
usctimit_ema_f1_255 sil dh iy t uw f er d f er v ae k t uw k aa m ay d z t uw f eh l aw t sil 
LOG (lattice-best-path[5.5.141~1-40a9d]:main():lattice-best-path.cc:99) For utterance usctimit_ema_f1_262, best cost 205.642 + 3858.31 = 4063.95 over 572 frames.
usctimit_ema_f1_262 sil dh iy s p er sh er ah s p er t ih k uw l iy ah n f ao r m ah t ih f er p ah s p eh k t uw b ay er sil 
LOG (lattice-best-path[5.5.141~1-40a9d]:main():lattice-best-path.cc:99) For utterance usctimit_ema_f1_286, best cost 122.804 + 1999.27 = 2122.07 over 302 frames.
usctimit_ema_f1_286 sil dh ae t ah ch ey s ih s k ae t s m er s ah l z s l iy sil 
LOG (lattice-best-path[5.5.141~1-40a9d]:main():lattice-best-path.cc:99) For utterance usctimit_ema_f1_297, best cost 175.618 + 3725.54 = 3901.16 over 592 frames.
usctimit_ema_f1_297 sil g r eh g r iy ah n t aa n sh ah s ao ch p r ah t uw n z ah n iy ae f ih n ih n sil 
LOG (lattice-best-path[5.5.141~1-40a9d]:main():lattice-best-path.cc:99) For utterance usctimit_ema_f1_299, best cost 165.874 + 3259.47 = 3425.35 over 491 frames.
usctimit_ema_f1_299 sil k aw n p ah n ah m b er t iy z ah n z ah s oy s ao s ah b ay t y uw aw n sil 
LOG (lattice-best-path[5.5.141~1-40a9d]:main():lattice-best-path.cc:99) For utterance usctimit_ema_f1_302, best cost 209.959 + 3727.91 = 3937.87 over 573 frames.
usctimit_ema_f1_302 sil m ah d ow n aa b ae b l ah n z t iy p ih n aa t s ih d ah b ah l f r iy d ih ng sh eh l th ih jh sil 
LOG (lattice-best-path[5.5.141~1-40a9d]:main():lattice-best-path.cc:99) For utterance usctimit_ema_f1_311, best cost 179.539 + 3359.16 = 3538.69 over 495 frames.
usctimit_ema_f1_311 sil dh iy f r ay t ah n ch ay l w ao z jh ih l iy s ah t uw b ay d z b ih g b r ah v er sil 
LOG (lattice-best-path[5.5.141~1-40a9d]:main():lattice-best-path.cc:99) For utterance usctimit_ema_f1_317, best cost 195.214 + 4454.63 = 4649.84 over 679 frames.
usctimit_ema_f1_317 sil m ah n iy w eh l th iy t ay k ah n s p ah l ih sh ah n b aa b ah l th iy aa t ah s k ah n er sil 
LOG (lattice-best-path[5.5.141~1-40a9d]:main():lattice-best-path.cc:99) For utterance usctimit_ema_f1_320, best cost 142.126 + 2963.31 = 3105.44 over 454 frames.
usctimit_ema_f1_320 sil ah k aa n ah s er w ah l ih n d r ay d ih sh eh l f ih sh t ah jh sil 
LOG (lattice-best-path[5.5.141~1-40a9d]:main():lattice-best-path.cc:99) For utterance usctimit_ema_f1_323, best cost 145.85 + 2951.78 = 3097.63 over 450 frames.
usctimit_ema_f1_323 sil d ae n m ih s p l er z ah m b ay ch er k w ey z m eh k l ah s sil 
LOG (lattice-best-path[5.5.141~1-40a9d]:main():lattice-best-path.cc:99) For utterance usctimit_ema_f1_325, best cost 130.602 + 2636.63 = 2767.23 over 400 frames.
usctimit_ema_f1_325 sil d ao r jh s eh l d ah m aa ch ih z d iy t ay n d ey z sil 
LOG (lattice-best-path[5.5.141~1-40a9d]:main():lattice-best-path.cc:99) For utterance usctimit_ema_f1_342, best cost 127.434 + 3060.16 = 3187.59 over 452 frames.
usctimit_ema_f1_342 sil sh iy w ey s t er p s ah b eh r ow ih th ih z f ih n d sil 
LOG (lattice-best-path[5.5.141~1-40a9d]:main():lattice-best-path.cc:99) For utterance usctimit_ema_f1_346, best cost 126.592 + 2194.14 = 2320.73 over 328 frames.
usctimit_ema_f1_346 sil w iy l ah g ow m ah n iy n iy s t uw d ah n s iy ch iy er sil 
LOG (lattice-best-path[5.5.141~1-40a9d]:main():lattice-best-path.cc:99) For utterance usctimit_ema_f1_347, best cost 158.763 + 2963.16 = 3121.92 over 452 frames.
usctimit_ema_f1_347 sil p er jh ah s p aa r ah n ay d ih b ay t ih f iy ch ih g ae sh ao r d ah jh sil 
LOG (lattice-best-path[5.5.141~1-40a9d]:main():lattice-best-path.cc:99) For utterance usctimit_ema_f1_356, best cost 90.2694 + 2050.55 = 2140.82 over 302 frames.
usctimit_ema_f1_356 sil dh ey ao l ay k l ah hh aa ch aw er z sil 
LOG (lattice-best-path[5.5.141~1-40a9d]:main():lattice-best-path.cc:99) For utterance usctimit_ema_f1_360, best cost 182.909 + 3165.92 = 3348.82 over 462 frames.
usctimit_ema_f1_360 sil dh iy p ah s dh iy ae n s l iy f r ay n s ih k l iy ah n s er p ih z ih s m ao l iy k sil 
LOG (lattice-best-path[5.5.141~1-40a9d]:main():lattice-best-path.cc:99) For utterance usctimit_ema_f1_362, best cost 130.352 + 2711.59 = 2841.95 over 430 frames.
usctimit_ema_f1_362 sil dh ey s ah ng aa b er v ow er l eh v er n t er hh iy er sil 
LOG (lattice-best-path[5.5.141~1-40a9d]:main():lattice-best-path.cc:99) For utterance usctimit_ema_f1_364, best cost 168.429 + 3039.84 = 3208.27 over 457 frames.
usctimit_ema_f1_364 sil dh iy t ae k s iy k eh v er k d aw n ah k w ay z dh iy k ae p ch aa jh ae n sil 
LOG (lattice-best-path[5.5.141~1-40a9d]:main():lattice-best-path.cc:99) For utterance usctimit_ema_f1_368, best cost 133.965 + 2972.01 = 3105.97 over 450 frames.
usctimit_ema_f1_368 sil g r ah s ah k ah n ah b ah t ih n ih f ih sh s ae m ah n jh sil 
LOG (lattice-best-path[5.5.141~1-40a9d]:main():lattice-best-path.cc:99) For utterance usctimit_ema_f1_382, best cost 190.086 + 3802.23 = 3992.31 over 595 frames.
usctimit_ema_f1_382 sil s m ih sh l ey k eh l d ah n ah k ae sh eh l iy w ih l d ih m ah n ih sh t m ae p ih ng sil 
LOG (lattice-best-path[5.5.141~1-40a9d]:main():lattice-best-path.cc:99) For utterance usctimit_ema_f1_394, best cost 170.422 + 3586.31 = 3756.73 over 548 frames.
usctimit_ema_f1_394 sil dh iy z ih r eh s ah k ah l iy s ih n t ih f l ay k ah l ah s m ao t er s t s sil 
LOG (lattice-best-path[5.5.141~1-40a9d]:main():lattice-best-path.cc:99) For utterance usctimit_ema_f1_397, best cost 182.3 + 3312.59 = 3494.89 over 501 frames.
usctimit_ema_f1_397 sil s ah b er b ah n aa s w ay t s k ao f ih n s eh v er v n ah g ae v hh ae v ih t sil 
LOG (lattice-best-path[5.5.141~1-40a9d]:main():lattice-best-path.cc:99) For utterance usctimit_ema_f1_402, best cost 107.887 + 2583.1 = 2690.99 over 401 frames.
usctimit_ema_f1_402 sil k r ih s t ih k m ae t s ih sh er d ch iy z sil 
LOG (lattice-best-path[5.5.141~1-40a9d]:main():lattice-best-path.cc:99) For utterance usctimit_ema_f1_405, best cost 171.485 + 3333.53 = 3505.01 over 510 frames.
usctimit_ema_f1_405 sil w ao r ey t aa r d ih s p er iy ah z dh ae t ah p oy n t ih n jh er ih ng g r ae f sil 
LOG (lattice-best-path[5.5.141~1-40a9d]:main():lattice-best-path.cc:99) For utterance usctimit_ema_f1_451, best cost 161.508 + 3036.61 = 3198.11 over 444 frames.
usctimit_ema_f1_451 sil ch ow z ah n k ah n s ih m ah n iy f er r ah l ah s ih m aa n s ih n ih ng sil 
LOG (lattice-best-path[5.5.141~1-40a9d]:main():lattice-best-path.cc:99) For utterance usctimit_ema_f1_453, best cost 175.019 + 3122.19 = 3297.21 over 476 frames.
usctimit_ema_f1_453 sil w eh n d r ow z k r iy n b iy n z ih n hh er b ah ch ah b ah l ah p aa r d ih ng sil 
LOG (lattice-best-path[5.5.141~1-40a9d]:main():lattice-best-path.cc:99) For utterance usctimit_ema_f1_456, best cost 162.936 + 2911.95 = 3074.88 over 433 frames.
usctimit_ema_f1_456 sil ah m aa s ih g d eh n t ih l ah n ah p ae k t uw ae t ah z g aa r d ah n sil 
LOG (lattice-best-path[5.5.141~1-40a9d]:main():lattice-best-path.cc:99) For utterance usctimit_ema_f1_460, best cost 108.337 + 2154.45 = 2262.78 over 334 frames.
usctimit_ema_f1_460 sil w ih sh th iy ah d ih sh ah v m ah b ah g l uw z sil 
LOG (lattice-best-path[5.5.141~1-40a9d]:main():lattice-best-path.cc:99) For utterance usctimit_ema_f5_009, best cost 74.2944 + 2223.47 = 2297.76 over 341 frames.
usctimit_ema_f5_009 sil hh iy l aw t r eh r l ay sil 
LOG (lattice-best-path[5.5.141~1-40a9d]:main():lattice-best-path.cc:99) For utterance usctimit_ema_f5_011, best cost 89.3984 + 2164.41 = 2253.8 over 301 frames.
usctimit_ema_f5_011 sil w ih ng y aa r m ah z hh ay ae n sil 
LOG (lattice-best-path[5.5.141~1-40a9d]:main():lattice-best-path.cc:99) For utterance usctimit_ema_f5_017, best cost 137.083 + 2423.24 = 2560.32 over 328 frames.
usctimit_ema_f5_017 sil ae l ah m ah n iy hh aa r m z ih f ao r s m ae n s w eh l sil 
LOG (lattice-best-path[5.5.141~1-40a9d]:main():lattice-best-path.cc:99) For utterance usctimit_ema_f5_019, best cost 44.9433 + 2231.4 = 2276.34 over 308 frames.
usctimit_ema_f5_019 sil r y uw m sil 
LOG (lattice-best-path[5.5.141~1-40a9d]:main():lattice-best-path.cc:99) For utterance usctimit_ema_f5_066, best cost 55.8243 + 2599.4 = 2655.22 over 335 frames.
usctimit_ema_f5_066 sil t uw f r iy l iy sil 
LOG (lattice-best-path[5.5.141~1-40a9d]:main():lattice-best-path.cc:99) For utterance usctimit_ema_f5_080, best cost 44.5181 + 3107.81 = 3152.33 over 417 frames.
usctimit_ema_f5_080 sil t ay l z sil 
LOG (lattice-best-path[5.5.141~1-40a9d]:main():lattice-best-path.cc:99) For utterance usctimit_ema_f5_081, best cost 126.297 + 2728.56 = 2854.85 over 373 frames.
usctimit_ema_f5_081 sil dh ae s k er ey p aa r t iy z t ae k s w ey sh ah n sil 
LOG (lattice-best-path[5.5.141~1-40a9d]:main():lattice-best-path.cc:99) For utterance usctimit_ema_f5_090, best cost 84.1693 + 2752.52 = 2836.69 over 385 frames.
usctimit_ema_f5_090 sil l iy d ih l iy t f ay l z sil 
LOG (lattice-best-path[5.5.141~1-40a9d]:main():lattice-best-path.cc:99) For utterance usctimit_ema_f5_143, best cost 119.432 + 3182.56 = 3301.99 over 473 frames.
usctimit_ema_f5_143 sil ao f r ih z ey sh ah n ah v ih s ih s ah n sh ah t sil 
LOG (lattice-best-path[5.5.141~1-40a9d]:main():lattice-best-path.cc:99) For utterance usctimit_ema_f5_144, best cost 213.923 + 4078.06 = 4291.98 over 594 frames.
usctimit_ema_f5_144 sil ah s k ow ao th er z w iy k ah z eh n t uw t er n uw b uh k t uw dh iy hh aa d iy aa d iy s sil 
LOG (lattice-best-path[5.5.141~1-40a9d]:main():lattice-best-path.cc:99) For utterance usctimit_ema_f5_162, best cost 160.634 + 3248.24 = 3408.87 over 483 frames.
usctimit_ema_f5_162 sil ao l k ao l ah jh ah z aa r n aw t k ah l ah jh ah k ey sh ah n ah l sil 
LOG (lattice-best-path[5.5.141~1-40a9d]:main():lattice-best-path.cc:99) For utterance usctimit_ema_f5_163, best cost 187.39 + 3638.53 = 3825.92 over 532 frames.
usctimit_ema_f5_163 sil w ih ch ah l k f er s p ao hh ay iy n ih z n jh eh n w er z ah m z ah f ao r iy sil 
LOG (lattice-best-path[5.5.141~1-40a9d]:main():lattice-best-path.cc:99) For utterance usctimit_ema_f5_164, best cost 88.3344 + 2745.21 = 2833.54 over 405 frames.
usctimit_ema_f5_164 sil k l uw z d aw t uw dh iy t uw d sil 
LOG (lattice-best-path[5.5.141~1-40a9d]:main():lattice-best-path.cc:99) For utterance usctimit_ema_f5_174, best cost 99.4267 + 2681 = 2780.43 over 386 frames.
usctimit_ema_f5_174 sil s er aw t ah f ae sh ah n ah s iy er sil 
LOG (lattice-best-path[5.5.141~1-40a9d]:main():lattice-best-path.cc:99) For utterance usctimit_ema_f5_197, best cost 139.146 + 2660.57 = 2799.71 over 400 frames.
usctimit_ema_f5_197 sil dh iy s m ao l w oy p uh k ah w ao r m aa n dh iy hh aa k sil 
LOG (lattice-best-path[5.5.141~1-40a9d]:main():lattice-best-path.cc:99) For utterance usctimit_ema_f5_208, best cost 81.8694 + 2466.93 = 2548.8 over 373 frames.
usctimit_ema_f5_208 sil dh iy d y uw p oy dh iy ow sh ah n sil 
LOG (lattice-best-path[5.5.141~1-40a9d]:main():lattice-best-path.cc:99) For utterance usctimit_ema_f5_233, best cost 191.343 + 4676.05 = 4867.4 over 648 frames.
usctimit_ema_f5_233 sil aa r v y uw ey b l iy sil ah l aw oy d ae n ah n s t ae n t er f r iy l iy sil 
LOG (lattice-best-path[5.5.141~1-40a9d]:main():lattice-best-path.cc:99) For utterance usctimit_ema_f5_243, best cost 133.815 + 2501.99 = 2635.81 over 363 frames.
usctimit_ema_f5_243 sil aa r hh ao l ah d ey p r ih n z ah m ey l d ah l d z sil 
LOG (lattice-best-path[5.5.141~1-40a9d]:main():lattice-best-path.cc:99) For utterance usctimit_ema_f5_244, best cost 88.8098 + 2911.95 = 3000.76 over 412 frames.
usctimit_ema_f5_244 sil ah p l aw t ah f aw er b ae d sil 
LOG (lattice-best-path[5.5.141~1-40a9d]:main():lattice-best-path.cc:99) For utterance usctimit_ema_f5_272, best cost 142.365 + 2530.45 = 2672.81 over 364 frames.
usctimit_ema_f5_272 sil t ow f ah l ah z m ey t ah m p r aa s eh s ah l iy b iy g z sil 
LOG (lattice-best-path[5.5.141~1-40a9d]:main():lattice-best-path.cc:99) For utterance usctimit_ema_f5_281, best cost 186.412 + 4092.56 = 4278.97 over 565 frames.
usctimit_ema_f5_281 sil ay er z ah s eh m p ah l k ih v m y uw w ah n f ao r m ah v p eh r k aa r sil 
LOG (lattice-best-path[5.5.141~1-40a9d]:main():lattice-best-path.cc:99) For utterance usctimit_ema_f5_304, best cost 201.117 + 4663.09 = 4864.21 over 667 frames.
usctimit_ema_f5_304 sil k ah s aa p ay n t r iy z ah n r eh l aa k t uw s ih k w ey n ae sh ah n ah l f ao r ih z sil 
LOG (lattice-best-path[5.5.141~1-40a9d]:main():lattice-best-path.cc:99) For utterance usctimit_ema_f5_307, best cost 46.4115 + 2931.3 = 2977.71 over 418 frames.
usctimit_ema_f5_307 sil p eh l p sil 
LOG (lattice-best-path[5.5.141~1-40a9d]:main():lattice-best-path.cc:99) For utterance usctimit_ema_f5_329, best cost 169.052 + 3474.05 = 3643.11 over 535 frames.
usctimit_ema_f5_329 sil dh iy k ae l w aa n d er d f r ah m f aa r m ay ae n ah b ih k ey m ao s t sil 
LOG (lattice-best-path[5.5.141~1-40a9d]:main():lattice-best-path.cc:99) For utterance usctimit_ema_f5_330, best cost 206.755 + 4490.24 = 4697 over 611 frames.
usctimit_ema_f5_330 sil iy t ah n t ay m ah m ao s k ah l ah n s ay t ah b ah t dh iy b r ey d ih s t ah m p aa r t sil 
LOG (lattice-best-path[5.5.141~1-40a9d]:main():lattice-best-path.cc:99) For utterance usctimit_ema_f5_334, best cost 209.036 + 3669.44 = 3878.48 over 536 frames.
usctimit_ema_f5_334 sil ao r ey s k aa s t ih m iy ih b l ae k l ah t s t uw k m p l iy l iy eh l ah g ae n t sil 
LOG (lattice-best-path[5.5.141~1-40a9d]:main():lattice-best-path.cc:99) For utterance usctimit_ema_f5_336, best cost 128.574 + 2786.34 = 2914.91 over 396 frames.
usctimit_ema_f5_336 sil dh ae t uw ey z p r aa n w ao r n oy ay iy ch d iy sil 
LOG (lattice-best-path[5.5.141~1-40a9d]:main():lattice-best-path.cc:99) For utterance usctimit_ema_f5_343, best cost 154.524 + 3375.01 = 3529.53 over 506 frames.
usctimit_ema_f5_343 sil jh eh n ih r dh ae n uw aa r k y ah l aa jh ih k aa m iy z iy ae m sil 
LOG (lattice-best-path[5.5.141~1-40a9d]:main():lattice-best-path.cc:99) For utterance usctimit_ema_f5_348, best cost 96.3505 + 3155.66 = 3252.01 over 455 frames.
usctimit_ema_f5_348 sil ih sh eh m p r t er ao r iy ah d sil 
LOG (lattice-best-path[5.5.141~1-40a9d]:main():lattice-best-path.cc:99) For utterance usctimit_ema_f5_349, best cost 115.597 + 2653.86 = 2769.46 over 405 frames.
usctimit_ema_f5_349 sil iy z sh ao r n z s k aa r f r jh oy iy s sil 
LOG (lattice-best-path[5.5.141~1-40a9d]:main():lattice-best-path.cc:99) For utterance usctimit_ema_f5_354, best cost 193.038 + 4644.79 = 4837.83 over 679 frames.
usctimit_ema_f5_354 sil w ih n eh v er dh iy p eh r m ah t uw p r eh sh er r ay z ah z sil ah l sil w ih n sil 
LOG (lattice-best-path[5.5.141~1-40a9d]:main():lattice-best-path.cc:99) For utterance usctimit_ema_f5_356, best cost 82.6352 + 1655.04 = 1737.68 over 219 frames.
usctimit_ema_f5_356 sil dh ey eh l ay k ey ao l ay k 
LOG (lattice-best-path[5.5.141~1-40a9d]:main():lattice-best-path.cc:99) For utterance usctimit_ema_f5_369, best cost 133.191 + 3644.46 = 3777.65 over 537 frames.
usctimit_ema_f5_369 sil w aa s t ih k s t er v ih ng z b ih g t aa p ae t sil 
LOG (lattice-best-path[5.5.141~1-40a9d]:main():lattice-best-path.cc:99) For utterance usctimit_ema_f5_375, best cost 129.797 + 3073.29 = 3203.08 over 435 frames.
usctimit_ema_f5_375 sil t er z iy ch f r eh sh t uw p er s r b er k s t sil 
LOG (lattice-best-path[5.5.141~1-40a9d]:main():lattice-best-path.cc:99) For utterance usctimit_ema_f5_389, best cost 140.558 + 3989.47 = 4130.03 over 553 frames.
usctimit_ema_f5_389 sil dh iy f ih s t aa r k ah n d iy n t uw s iy p iy ch ah z sil 
LOG (lattice-best-path[5.5.141~1-40a9d]:main():lattice-best-path.cc:99) For utterance usctimit_ema_f5_392, best cost 152.892 + 3952.03 = 4104.92 over 574 frames.
usctimit_ema_f5_392 sil dh iy r ih ch ih n b eh s t ih m z er k aa m z ah n ih sh uw z sil 
LOG (lattice-best-path[5.5.141~1-40a9d]:main():lattice-best-path.cc:99) For utterance usctimit_ema_f5_396, best cost 150.83 + 3797.65 = 3948.48 over 518 frames.
usctimit_ema_f5_396 sil ay z ih ng p er s ah v er ay d iy s t er n eh v er ch ey n d ih z sil 
LOG (lattice-best-path[5.5.141~1-40a9d]:main():lattice-best-path.cc:99) For utterance usctimit_ema_f5_406, best cost 199.877 + 3540.74 = 3740.62 over 512 frames.
usctimit_ema_f5_406 sil dh iy s ih g eh l m f ao r s ih z n ih r l iy ow v er w aa n b ay d ah ch eh l m z iy z sil 
LOG (lattice-best-path[5.5.141~1-40a9d]:main():lattice-best-path.cc:99) For utterance usctimit_ema_f5_424, best cost 100.41 + 2459.39 = 2559.8 over 379 frames.
usctimit_ema_f5_424 sil t iy p iy p ah l iy t iy b iy ah n d er d sil 
LOG (lattice-best-path[5.5.141~1-40a9d]:main():lattice-best-path.cc:99) For utterance usctimit_ema_f5_426, best cost 162.504 + 2538.68 = 2701.18 over 335 frames.
usctimit_ema_f5_426 sil dh iy iy z iy k uw t uw ao l ah jh ih z r iy aa t sil dh iy iy z iy k ah n z 
LOG (lattice-best-path[5.5.141~1-40a9d]:main():lattice-best-path.cc:99) For utterance usctimit_ema_f5_431, best cost 137.496 + 2985.05 = 3122.55 over 427 frames.
usctimit_ema_f5_431 sil n ih z ey sh ah n z ih f r iy k ah n f aa n er iy z er z sil 
LOG (lattice-best-path[5.5.141~1-40a9d]:main():lattice-best-path.cc:99) For utterance usctimit_ema_f5_436, best cost 138.32 + 2866.97 = 3005.29 over 405 frames.
usctimit_ema_f5_436 sil hh er p s p er s t ey f r iy k ah l iy k er z aa n ih ng sil 
LOG (lattice-best-path[5.5.141~1-40a9d]:main():lattice-best-path.cc:99) For utterance usctimit_ema_f5_438, best cost 198.67 + 3477.07 = 3675.74 over 498 frames.
usctimit_ema_f5_438 sil w iy ah p l ey aa r t ao r ey m ao t ih l iy n t ih k uw p iy d er s b iy ch ih sh ah n sil 
LOG (lattice-best-path[5.5.141~1-40a9d]:main():lattice-best-path.cc:99) For utterance usctimit_ema_f5_447, best cost 195.563 + 3724.24 = 3919.8 over 536 frames.
usctimit_ema_f5_447 sil g r eh m ah n d ih z iy ae n ah dh er iy k s ay d ih ng dh iy v iy b ay s t iy v er t sil 
LOG (lattice-best-path[5.5.141~1-40a9d]:main():lattice-best-path.cc:99) For utterance usctimit_ema_f5_451, best cost 136.719 + 3972.65 = 4109.37 over 533 frames.
usctimit_ema_f5_451 sil ih m eh n iy f er r ow l ah t uw m ah n s ih d ih ng sil 
LOG (lattice-best-path[5.5.141~1-40a9d]:main():lattice-best-path.cc:99) For utterance usctimit_ema_m1_006, best cost 124.574 + 2598.22 = 2722.8 over 381 frames.
usctimit_ema_m1_006 sil w ay y eh l er w ao r iy ow v er s ih l iy ay d ah m z sil 
LOG (lattice-best-path[5.5.141~1-40a9d]:main():lattice-best-path.cc:99) For utterance usctimit_ema_m1_010, best cost 107.244 + 1983.46 = 2090.7 over 306 frames.
usctimit_ema_m1_010 sil w ih l r aa b ah n w eh r y ah l ow l ih l iy sil 
LOG (lattice-best-path[5.5.141~1-40a9d]:main():lattice-best-path.cc:99) For utterance usctimit_ema_m1_012, best cost 160.298 + 3128.5 = 3288.8 over 456 frames.
usctimit_ema_m1_012 sil ao r th er s t ah z ih k s ae m b er v y uw eh v r iy f ao r m ah l sil 
LOG (lattice-best-path[5.5.141~1-40a9d]:main():lattice-best-path.cc:99) For utterance usctimit_ema_m1_051, best cost 174.113 + 2922.14 = 3096.25 over 421 frames.
usctimit_ema_m1_051 sil ah n iy k ah k er b iy ih sh ah n ah b ow b iy g r ey t l iy ah p r iy sh iy ey d sil 
LOG (lattice-best-path[5.5.141~1-40a9d]:main():lattice-best-path.cc:99) For utterance usctimit_ema_m1_090, best cost 131.231 + 2447.43 = 2578.66 over 356 frames.
usctimit_ema_m1_090 sil y uw m ah s t ih k s p l ih s ah b l iy b ih l iy f ay l z sil 
LOG (lattice-best-path[5.5.141~1-40a9d]:main():lattice-best-path.cc:99) For utterance usctimit_ema_m1_095, best cost 161.355 + 2881.47 = 3042.83 over 420 frames.
usctimit_ema_m1_095 sil dh iy b eh s w ey ch ih l er s t uw s ao l eh ch t er p r aa b l ah m z sil 
LOG (lattice-best-path[5.5.141~1-40a9d]:main():lattice-best-path.cc:99) For utterance usctimit_ema_m1_098, best cost 132.453 + 2783.36 = 2915.81 over 421 frames.
usctimit_ema_m1_098 sil ah m ah s k y ah l er ae t ah n ih s k ah f er iy ah b ae k sil 
LOG (lattice-best-path[5.5.141~1-40a9d]:main():lattice-best-path.cc:99) For utterance usctimit_ema_m1_099, best cost 158.645 + 3218.61 = 3377.26 over 495 frames.
usctimit_ema_m1_099 sil dh iy k aa r ch uw m f iy t er z ah m ah s k r ae t ae n t ae t p l ah l sil 
LOG (lattice-best-path[5.5.141~1-40a9d]:main():lattice-best-path.cc:99) For utterance usctimit_ema_m1_137, best cost 194.288 + 3360.6 = 3554.89 over 499 frames.
usctimit_ema_m1_137 sil s k ah l ae s t ih k ae p ah t uw d ih s jh ah jh b ay s t ae n d er d ay z t eh s s sil 
LOG (lattice-best-path[5.5.141~1-40a9d]:main():lattice-best-path.cc:99) For utterance usctimit_ema_m1_139, best cost 172.29 + 3682.26 = 3854.55 over 571 frames.
usctimit_ema_m1_139 sil dh iy w aa r k ah n t ey n t uw m ah jh k l ao r iy n ah n s t aa n hh ih z ay z sil 
LOG (lattice-best-path[5.5.141~1-40a9d]:main():lattice-best-path.cc:99) For utterance usctimit_ema_m1_145, best cost 219.945 + 3747.81 = 3967.76 over 546 frames.
usctimit_ema_m1_145 sil ah z ah p r k aa sh ah n dh iy ae l w aa z b ay t k aa m p aw t er f er dh ah s t r ao ng hh ow l sil 
LOG (lattice-best-path[5.5.141~1-40a9d]:main():lattice-best-path.cc:99) For utterance usctimit_ema_m1_158, best cost 200.944 + 3809.87 = 4010.81 over 573 frames.
usctimit_ema_m1_158 sil b ay n ah f er b r ah hh ao r f er k w aa r z ih n t uw w ih sh ah n ah n eh k s p er t iy z sil 
LOG (lattice-best-path[5.5.141~1-40a9d]:main():lattice-best-path.cc:99) For utterance usctimit_ema_m1_160, best cost 208.547 + 3500.57 = 3709.11 over 512 frames.
usctimit_ema_m1_160 sil sh ih ng k er jh t er ch ih l d ah n d t uw m ey k eh r ow n hh ae l ah w ih ng k aa s jh ah n z sil 
LOG (lattice-best-path[5.5.141~1-40a9d]:main():lattice-best-path.cc:99) For utterance usctimit_ema_m1_162, best cost 164.985 + 3317.92 = 3482.91 over 506 frames.
usctimit_ema_m1_162 sil ow m oy s ao l k aa l ah jh ah s aa n ah l k ow ah jh t ey sh ah n ah l sil 
LOG (lattice-best-path[5.5.141~1-40a9d]:main():lattice-best-path.cc:99) For utterance usctimit_ema_m1_164, best cost 81.0702 + 2743.43 = 2824.5 over 407 frames.
usctimit_ema_m1_164 sil k l uw z d aw t dh iy t uw z sil 
LOG (lattice-best-path[5.5.141~1-40a9d]:main():lattice-best-path.cc:99) For utterance usctimit_ema_m1_166, best cost 122.038 + 2413.82 = 2535.86 over 380 frames.
usctimit_ema_m1_166 sil dh iy k ae t s m iy ao l w ey z hh er t m ay iy er z sil 
LOG (lattice-best-path[5.5.141~1-40a9d]:main():lattice-best-path.cc:99) For utterance usctimit_ema_m1_169, best cost 98.759 + 2180.24 = 2279 over 346 frames.
usctimit_ema_m1_169 sil dh ey ao f ih ng g ow aw t ah n iy iy p ih ng sil 
LOG (lattice-best-path[5.5.141~1-40a9d]:main():lattice-best-path.cc:99) For utterance usctimit_ema_m1_179, best cost 118.72 + 2344.98 = 2463.7 over 365 frames.
usctimit_ema_m1_179 sil t r ao t iy ch g r ae f aa n ah n uw ae k s ah s sil 
LOG (lattice-best-path[5.5.141~1-40a9d]:main():lattice-best-path.cc:99) For utterance usctimit_ema_m1_183, best cost 150.904 + 3506.03 = 3656.93 over 544 frames.
usctimit_ema_m1_183 sil ah p r ah ch er t er v iy w ih s t ae ch uw w eh s k ah m p ow zh er sil 
LOG (lattice-best-path[5.5.141~1-40a9d]:main():lattice-best-path.cc:99) For utterance usctimit_ema_m1_193, best cost 181.24 + 3591.93 = 3773.17 over 545 frames.
usctimit_ema_m1_193 sil ay g ey v eh n s er hh ow ch oy s ih z eh m ah p eh n t ah p r ay ao r t iy z sil 
LOG (lattice-best-path[5.5.141~1-40a9d]:main():lattice-best-path.cc:99) For utterance usctimit_ema_m1_204, best cost 91.4585 + 2162.04 = 2253.5 over 353 frames.
usctimit_ema_m1_204 sil hh aa g uh d ih z y uh r ah n d er ah n s sil 
LOG (lattice-best-path[5.5.141~1-40a9d]:main():lattice-best-path.cc:99) For utterance usctimit_ema_m1_209, best cost 102.548 + 2198.27 = 2300.82 over 352 frames.
usctimit_ema_m1_209 sil ay d ih l ah k ih n f er ah m p l ay m ah n t sil 
LOG (lattice-best-path[5.5.141~1-40a9d]:main():lattice-best-path.cc:99) For utterance usctimit_ema_m1_224, best cost 120.973 + 2663.02 = 2783.99 over 406 frames.
usctimit_ema_m1_224 sil ay ey t ah v er iy oy s t er ah n ao r ah s p l ey t sil 
LOG (lattice-best-path[5.5.141~1-40a9d]:main():lattice-best-path.cc:99) For utterance usctimit_ema_m1_229, best cost 150.809 + 2576.97 = 2727.78 over 395 frames.
usctimit_ema_m1_229 sil m ay ay d iy l m ao r d ih ng b iy g ih n s w ah hh aa k aa f iy sil 
LOG (lattice-best-path[5.5.141~1-40a9d]:main():lattice-best-path.cc:99) For utterance usctimit_ema_m1_237, best cost 147.49 + 3044.77 = 3192.26 over 450 frames.
usctimit_ema_m1_237 sil w iy s ao t iy t ay n iy ay s ih k ah l z b ah l ow er r uw f sil 
LOG (lattice-best-path[5.5.141~1-40a9d]:main():lattice-best-path.cc:99) For utterance usctimit_ema_m1_265, best cost 204.905 + 3126.3 = 3331.21 over 470 frames.
usctimit_ema_m1_265 sil p l iy z t ey k t ih z d er t iy t ih b ah l k l aa s t uw dh iy k l iy n d er z f ao r m iy sil 
LOG (lattice-best-path[5.5.141~1-40a9d]:main():lattice-best-path.cc:99) For utterance usctimit_ema_m1_269, best cost 175.919 + 3116.18 = 3292.1 over 491 frames.
usctimit_ema_m1_269 sil ay b r ae v er n aa t b ay ih dh ow z sh uw s t ah n b iy ow v er ch r er ch sil 
LOG (lattice-best-path[5.5.141~1-40a9d]:main():lattice-best-path.cc:99) For utterance usctimit_ema_m1_277, best cost 97.2068 + 2125.93 = 2223.14 over 337 frames.
usctimit_ema_m1_277 sil dh iy m iy t ih ng ih z n aw ah jh er n d sil 
LOG (lattice-best-path[5.5.141~1-40a9d]:main():lattice-best-path.cc:99) For utterance usctimit_ema_m1_302, best cost 265.95 + 4847.57 = 5113.52 over 706 frames.
usctimit_ema_m1_302 sil ah n t ah l d ah t ah n ah t ow l p m ey l b ah p uw n z t iy f ah n aa t s ih b ah l f r iy t ih ng sh eh l f ih jh sil 
LOG (lattice-best-path[5.5.141~1-40a9d]:main():lattice-best-path.cc:99) For utterance usctimit_ema_m1_303, best cost 132.453 + 2673.54 = 2805.99 over 415 frames.
usctimit_ema_m1_303 sil ao f ah n d iy g eh t b ae k m oy d ih n iy p uh d ih n sil 
LOG (lattice-best-path[5.5.141~1-40a9d]:main():lattice-best-path.cc:99) For utterance usctimit_ema_m1_317, best cost 230.263 + 4728.95 = 4959.21 over 731 frames.
usctimit_ema_m1_317 sil m ah n iy w eh l th iy t ay k uw n s p l er jh d ah n b aa b ow v dh iy g y aa ae n d ah s k uw d er sil 
LOG (lattice-best-path[5.5.141~1-40a9d]:main():lattice-best-path.cc:99) For utterance usctimit_ema_m1_320, best cost 167.317 + 3023.59 = 3190.91 over 468 frames.
usctimit_ema_m1_320 sil dh iy k ah m ah s t ao r w ih l ih n sh ow oy dh ih s sh ih l f ih sh t ih sh sil 
LOG (lattice-best-path[5.5.141~1-40a9d]:main():lattice-best-path.cc:99) For utterance usctimit_ema_m1_322, best cost 144.708 + 2687.58 = 2832.29 over 422 frames.
usctimit_ema_m1_322 sil d ow l f ah n s aa r ah n t eh l ah jh ah b er iy n b ae m ah l z sil 
LOG (lattice-best-path[5.5.141~1-40a9d]:main():lattice-best-path.cc:99) For utterance usctimit_ema_m1_336, best cost 178.737 + 3201.37 = 3380.11 over 475 frames.
usctimit_ema_m1_336 sil dh eh n oy z p r aa b ah l m g ow z p r ow z m ao r ah n oy ih ng iy ch t iy sil 
LOG (lattice-best-path[5.5.141~1-40a9d]:main():lattice-best-path.cc:99) For utterance usctimit_ema_m1_338, best cost 169.828 + 3287.57 = 3457.39 over 511 frames.
usctimit_ema_m1_338 sil dh ae t s ay g r ae m m ey k s eh n z ao l iy ae f r ah m ah t s t eh d iy sil 
LOG (lattice-best-path[5.5.141~1-40a9d]:main():lattice-best-path.cc:99) For utterance usctimit_ema_m1_340, best cost 123.15 + 2093.58 = 2216.73 over 316 frames.
usctimit_ema_m1_340 sil jh aa n k l iy n sh ow l f ey sh f ao r l ih v ih ng sil 
LOG (lattice-best-path[5.5.141~1-40a9d]:main():lattice-best-path.cc:99) For utterance usctimit_ema_m1_344, best cost 145.277 + 2854.08 = 2999.36 over 454 frames.
usctimit_ema_m1_344 sil p ae m g uw s t r ae v ih ng ah s ah n s ah n d dh er z d ey z sil 
LOG (lattice-best-path[5.5.141~1-40a9d]:main():lattice-best-path.cc:99) For utterance usctimit_ema_m1_347, best cost 184.859 + 3139.88 = 3324.74 over 467 frames.
usctimit_ema_m1_347 sil t ao r jh ih z p eh r ah n oy d ih b aw t ah f y uw sh er g ae s sh ao r t ah jh sil 
LOG (lattice-best-path[5.5.141~1-40a9d]:main():lattice-best-path.cc:99) For utterance usctimit_ema_m1_350, best cost 138.785 + 2241.93 = 2380.72 over 337 frames.
usctimit_ema_m1_350 sil hh ih z sh ow l d er f eh l th ih z ih v er w er b r ow k ah n sil 
LOG (lattice-best-path[5.5.141~1-40a9d]:main():lattice-best-path.cc:99) For utterance usctimit_ema_m1_360, best cost 219.231 + 3438.59 = 3657.82 over 500 frames.
usctimit_ema_m1_360 sil dh iy f ih sh b ih g eh n z ah l iy p f r eh n t ih k l iy ow n dh iy s er f ih s ah dh iy s m ao l ey k sil 
LOG (lattice-best-path[5.5.141~1-40a9d]:main():lattice-best-path.cc:99) For utterance usctimit_ema_m1_361, best cost 154.675 + 2566.26 = 2720.94 over 383 frames.
usctimit_ema_m1_361 sil t ih n t ey k s sh iy l ah t ih s iy m uw v iy s t w ey s ah w iy sil 
LOG (lattice-best-path[5.5.141~1-40a9d]:main():lattice-best-path.cc:99) For utterance usctimit_ema_m1_367, best cost 152.974 + 3158.5 = 3311.47 over 492 frames.
usctimit_ema_m1_367 sil b aa r b er p ey p er ah n t iy t s ah n ah b ih g b aa n f ay er sil 
LOG (lattice-best-path[5.5.141~1-40a9d]:main():lattice-best-path.cc:99) For utterance usctimit_ema_m1_368, best cost 149.321 + 3129.59 = 3278.91 over 474 frames.
usctimit_ema_m1_368 sil k ao r sh iy v ah n hh ae v ah n ah l er t uw f ih sh t ae n jh sil 
LOG (lattice-best-path[5.5.141~1-40a9d]:main():lattice-best-path.cc:99) For utterance usctimit_ema_m1_375, best cost 190.973 + 3105.44 = 3296.41 over 464 frames.
usctimit_ema_m1_375 sil ay r ih sh y ah ng k s t er z iy iy f er sh t ih p er er s f er b r eh k s ah s t sil 
LOG (lattice-best-path[5.5.141~1-40a9d]:main():lattice-best-path.cc:99) For utterance usctimit_ema_m1_394, best cost 203.144 + 3615.92 = 3819.06 over 547 frames.
usctimit_ema_m1_394 sil dh ey y uw z ah n ah g r eh s ah v p ah l iy s m ah n t uw f l ay k f aa b ah s m ow t er s sil 
LOG (lattice-best-path[5.5.141~1-40a9d]:main():lattice-best-path.cc:99) For utterance usctimit_ema_m1_400, best cost 151.844 + 2578.41 = 2730.25 over 382 frames.
usctimit_ema_m1_400 sil w ah z dh iy s l aa r ch th ih ng b ay dh iy ay er n ih ng b ao r d sil 
LOG (lattice-best-path[5.5.141~1-40a9d]:main():lattice-best-path.cc:99) For utterance usctimit_ema_m1_432, best cost 65.6628 + 1806.81 = 1872.47 over 285 frames.
usctimit_ema_m1_432 sil ah l aw l iy w ey iy er sil 
LOG (lattice-best-path[5.5.141~1-40a9d]:main():lattice-best-path.cc:99) For utterance usctimit_ema_m3_010, best cost 96.7739 + 2121.65 = 2218.42 over 327 frames.
usctimit_ema_m3_010 sil w ih l r aa t ah w eh r y ah l ah l iy sil 
LOG (lattice-best-path[5.5.141~1-40a9d]:main():lattice-best-path.cc:99) For utterance usctimit_ema_m3_044, best cost 141.526 + 3337.98 = 3479.51 over 472 frames.
usctimit_ema_m3_044 sil dh iy l ae k ae t iy k ah p aa n d ah t ah jh r iy v ah n s ah z sil 
LOG (lattice-best-path[5.5.141~1-40a9d]:main():lattice-best-path.cc:99) For utterance usctimit_ema_m3_068, best cost 136.391 + 2889.18 = 3025.57 over 441 frames.
usctimit_ema_m3_068 sil ih k s ih m p aa s ah l ah b y uw w ih p y ao r aa k ah s iy sil 
LOG (lattice-best-path[5.5.141~1-40a9d]:main():lattice-best-path.cc:99) For utterance usctimit_ema_m3_071, best cost 181.634 + 3148.8 = 3330.44 over 439 frames.
usctimit_ema_m3_071 sil k w aa p er ey sh ah l ao ng s aa n er s t ae n ih ng ih l iy v iy t uw s p y uw t sil 
LOG (lattice-best-path[5.5.141~1-40a9d]:main():lattice-best-path.cc:99) For utterance usctimit_ema_m3_080, best cost 82.7237 + 3259.15 = 3341.87 over 411 frames.
usctimit_ema_m3_080 sil ih g ow ih z ih l ih dh iy ah s sil 
LOG (lattice-best-path[5.5.141~1-40a9d]:main():lattice-best-path.cc:99) For utterance usctimit_ema_m3_101, best cost 104.62 + 2215.34 = 2319.96 over 307 frames.
usctimit_ema_m3_101 sil k l ae f ah s k er w ih n y ao f t ae n t sil 
LOG (lattice-best-path[5.5.141~1-40a9d]:main():lattice-best-path.cc:99) For utterance usctimit_ema_m3_113, best cost 126.703 + 2608.82 = 2735.52 over 382 frames.
usctimit_ema_m3_113 sil l aa t uw f ao r m uw v iy z hh ah s ah b t ay l z sil 
LOG (lattice-best-path[5.5.141~1-40a9d]:main():lattice-best-path.cc:99) For utterance usctimit_ema_m3_129, best cost 163.411 + 2771.32 = 2934.74 over 411 frames.
usctimit_ema_m3_129 sil t uw m ay ch k y uh r iy ae s ah t iy k ah n d iy y uw n d ih ch aa b ah l sil 
LOG (lattice-best-path[5.5.141~1-40a9d]:main():lattice-best-path.cc:99) For utterance usctimit_ema_m3_141, best cost 140.784 + 2507.48 = 2648.27 over 354 frames.
usctimit_ema_m3_141 sil w ih m uw v dh iy s p ah n t er w ih th ih p eh r t w iy s er z sil 
LOG (lattice-best-path[5.5.141~1-40a9d]:main():lattice-best-path.cc:99) For utterance usctimit_ema_m3_147, best cost 143.596 + 2971.77 = 3115.37 over 438 frames.
usctimit_ema_m3_147 sil dh er ih m ey n t l ay d f ao ng f r ae n d dh iy b ae n d ih n z sil 
LOG (lattice-best-path[5.5.141~1-40a9d]:main():lattice-best-path.cc:99) For utterance usctimit_ema_m3_192, best cost 147.466 + 2978.25 = 3125.71 over 428 frames.
usctimit_ema_m3_192 sil ah l iy dh iy b eh s p l ey er z ah n jh oy p aa p ih l eh r t iy sil 
LOG (lattice-best-path[5.5.141~1-40a9d]:main():lattice-best-path.cc:99) For utterance usctimit_ema_m3_203, best cost 135.084 + 2792.75 = 2927.84 over 419 frames.
usctimit_ema_m3_203 sil k ah t dh iy b ah jh ah b l ae k t ey b ow n dh iy k er aa zh sil 
LOG (lattice-best-path[5.5.141~1-40a9d]:main():lattice-best-path.cc:99) For utterance usctimit_ema_m3_260, best cost 185.909 + 3059.81 = 3245.72 over 446 frames.
usctimit_ema_m3_260 sil b r ow sh f ay er z aa r k aa m ah n dh iy d r ay ah n d er b r ow sh ah dh ae t ow sil 
LOG (lattice-best-path[5.5.141~1-40a9d]:main():lattice-best-path.cc:99) For utterance usctimit_ema_m3_267, best cost 180.397 + 3508.49 = 3688.89 over 519 frames.
usctimit_ema_m3_267 sil ih f k eh r ow k ah m s ah m aa r ow ae v er ey n jh ah m iy t ih ng ih t uw n sil 
LOG (lattice-best-path[5.5.141~1-40a9d]:main():lattice-best-path.cc:99) For utterance usctimit_ema_m3_282, best cost 208.741 + 4545.66 = 4754.4 over 657 frames.
usctimit_ema_m3_282 sil dh iy ae n t er z w ah b iy s t r ih f ao r d ih k iy f ih ng g ah n d er k er f ah l iy f er s t sil 
LOG (lattice-best-path[5.5.141~1-40a9d]:main():lattice-best-path.cc:99) For utterance usctimit_ema_m3_300, best cost 133.473 + 3052.45 = 3185.93 over 450 frames.
usctimit_ema_m3_300 sil dh iy b ih g aa b l ah jh ah t uw aa n iy ow l d r ay t ah l sil 
LOG (lattice-best-path[5.5.141~1-40a9d]:main():lattice-best-path.cc:99) For utterance usctimit_ema_m3_316, best cost 235.464 + 4024.65 = 4260.12 over 569 frames.
usctimit_ema_m3_316 sil dh iy p r iy s k ah l er k ah n v er b oy s er f y ah l ih ng s ah b aa b iy m ao r jh ah t ih k ah n d ih sh ah n d z sil 
LOG (lattice-best-path[5.5.141~1-40a9d]:main():lattice-best-path.cc:99) For utterance usctimit_ema_m3_320, best cost 137.226 + 3088.78 = 3226 over 447 frames.
usctimit_ema_m3_320 sil ah k aa s ao r ow l ah jh oy dh ih sh eh l f ih sh d ih zh sil 
LOG (lattice-best-path[5.5.141~1-40a9d]:main():lattice-best-path.cc:99) For utterance usctimit_ema_m3_335, best cost 148.41 + 3266.72 = 3415.13 over 449 frames.
usctimit_ema_m3_335 sil b aa p iy p er d ow z ah b ow v er l ah dh iy r n d eh r ah l z sil 
LOG (lattice-best-path[5.5.141~1-40a9d]:main():lattice-best-path.cc:99) For utterance usctimit_ema_m3_336, best cost 145.45 + 2674.27 = 2819.72 over 372 frames.
usctimit_ema_m3_336 sil dh eh n oy z p aa b ah m g r ow z m ao r n oy d iy ch d ey sil 
LOG (lattice-best-path[5.5.141~1-40a9d]:main():lattice-best-path.cc:99) For utterance usctimit_ema_m3_338, best cost 159.054 + 3352.5 = 3511.55 over 500 frames.
usctimit_ema_m3_338 sil dh eh d ay r ih m ey k s eh n s ao l iy ae ch er m ah ch s t eh t iy sil 
LOG (lattice-best-path[5.5.141~1-40a9d]:main():lattice-best-path.cc:99) For utterance usctimit_ema_m3_339, best cost 140.705 + 2820.42 = 2961.13 over 423 frames.
usctimit_ema_m3_339 sil ah b ao r ih n aa t ah l uw s ah p er p s l iy p ey n t ih l sil 
LOG (lattice-best-path[5.5.141~1-40a9d]:main():lattice-best-path.cc:99) For utterance usctimit_ema_m3_357, best cost 155.64 + 3293.1 = 3448.74 over 462 frames.
usctimit_ema_m3_357 sil dh iy aa n aa s k iy ae m p er d ih k r aa s t iy l d ih s t ih r d sil 
LOG (lattice-best-path[5.5.141~1-40a9d]:main():lattice-best-path.cc:99) For utterance usctimit_ema_m3_359, best cost 134.017 + 2689.24 = 2823.26 over 389 frames.
usctimit_ema_m3_359 sil k eh l s iy m ey t s b ow n t uw t iy t s t r ao l d sil 
LOG (lattice-best-path[5.5.141~1-40a9d]:main():lattice-best-path.cc:99) For utterance usctimit_ema_m3_379, best cost 160.547 + 3333.02 = 3493.57 over 477 frames.
usctimit_ema_m3_379 sil ay er s ih ng k s ih z iy w ih z ah l eh v ah n s p ae n ih sh iy p r ih z sil 
LOG (lattice-best-path[5.5.141~1-40a9d]:main():lattice-best-path.cc:99) For utterance usctimit_ema_m3_385, best cost 117.37 + 2388.46 = 2505.83 over 354 frames.
usctimit_ema_m3_385 sil eh v er iy k ae b iy jh iy p ey n d ih ng ao f ah n sil 
LOG (lattice-best-path[5.5.141~1-40a9d]:main():lattice-best-path.cc:99) For utterance usctimit_ema_m3_390, best cost 170.189 + 3042.4 = 3212.58 over 428 frames.
usctimit_ema_m3_390 sil dh iy ow v er ey ch aa r k ah d s l ih p oy z m ah n d eh n iy w ih n s t iy 
LOG (lattice-best-path[5.5.141~1-40a9d]:main():lattice-best-path.cc:99) For utterance usctimit_ema_m3_423, best cost 179.881 + 3534.84 = 3714.72 over 495 frames.
usctimit_ema_m3_423 sil k uh k ow s ah n f r k d ow s er ah n ae ch ow sh eh r f aw n ah n f er t sil 
LOG (lattice-best-path[5.5.141~1-40a9d]:main():lattice-best-path.cc:99) For utterance usctimit_ema_m3_434, best cost 78.2861 + 1911.56 = 1989.85 over 285 frames.
usctimit_ema_m3_434 sil r ae s w ay z ao l ey er z sil 
LOG (lattice-best-path[5.5.141~1-40a9d]:main():lattice-best-path.cc:99) For utterance usctimit_ema_m3_438, best cost 186.838 + 3497.05 = 3683.89 over 495 frames.
usctimit_ema_m3_438 sil w iy p l ay aa ch aa r d ao l ih ng t uw p ih p iy t er s p iy t r k n ih sh ah n sil 
LOG (lattice-best-path[5.5.141~1-40a9d]:main():lattice-best-path.cc:99) For utterance usctimit_ema_m3_442, best cost 129.571 + 2754.43 = 2884.01 over 404 frames.
usctimit_ema_m3_442 sil w ih l ay k l iy ch iy s p ah d ih k t uw ay k s p r iy sil 
LOG (lattice-scale[5.5.141~1-40a9d]:main():lattice-scale.cc:107) Done 183 lattices.
LOG (lattice-best-path[5.5.141~1-40a9d]:main():lattice-best-path.cc:99) For utterance usctimit_ema_m3_444, best cost 221.11 + 4207.13 = 4428.25 over 603 frames.
usctimit_ema_m3_444 sil r aa t m ey t ah n g eh r ey n d uw l aa sh uh d ih n er ih n d uw s p r ey p ay f er d ih z er t sil 
LOG (lattice-best-path[5.5.141~1-40a9d]:main():lattice-best-path.cc:99) For utterance usctimit_ema_m3_457, best cost 214.567 + 3795.14 = 4009.7 over 560 frames.
usctimit_ema_m3_457 sil k ao f iy ah z g r ow n ah n s t iy jh ah m b ah l ay k s l ow k s ah n t eh m p er t s aa n z sil 
LOG (lattice-add-penalty[5.5.141~1-40a9d]:main():lattice-add-penalty.cc:62) Done adding word insertion penalty to 183 lattices.
LOG (lattice-best-path[5.5.141~1-40a9d]:main():lattice-best-path.cc:99) For utterance usctimit_ema_m3_458, best cost 187.794 + 3667.79 = 3855.59 over 535 frames.
usctimit_ema_m3_458 sil dh eh t s d ih ng b ey p er w ao z k aa z b ay k l er ay d ey p r ih z ey sh ah n sil 
LOG (lattice-best-path[5.5.141~1-40a9d]:main():lattice-best-path.cc:99) For utterance usctimit_ema_m3_460, best cost 101.073 + 3313 = 3414.07 over 497 frames.
usctimit_ema_m3_460 sil w ih ch dh iy ih sh ow z m ah dh iy v ih z sil 
LOG (lattice-best-path[5.5.141~1-40a9d]:main():lattice-best-path.cc:124) Overall cost per frame is 7.09793 = 0.329594 [graph] + 6.76833 [acoustic] over 81821 frames.
LOG (lattice-best-path[5.5.141~1-40a9d]:main():lattice-best-path.cc:128) Done 183 lattices, failed for 0
# Accounting: time=3 threads=1
# Ended (code 0) at Mon Dec 24 22:34:58 EET 2018, elapsed time 3 seconds
