# gmm-acc-stats-ali exp/ug/mono/17.mdl "ark,s,cs:apply-cmvn  --utt2spk=ark:data/train/split2/1/utt2spk scp:data/train/split2/1/cmvn.scp scp:data/train/split2/1/feats.scp ark:- | add-deltas  ark:- ark:- |" "ark:gunzip -c exp/ug/mono/ali.1.gz|" exp/ug/mono/17.1.acc 
# Started at Mon Dec 24 19:30:23 EET 2018
#
gmm-acc-stats-ali exp/ug/mono/17.mdl 'ark,s,cs:apply-cmvn  --utt2spk=ark:data/train/split2/1/utt2spk scp:data/train/split2/1/cmvn.scp scp:data/train/split2/1/feats.scp ark:- | add-deltas  ark:- ark:- |' 'ark:gunzip -c exp/ug/mono/ali.1.gz|' exp/ug/mono/17.1.acc 
apply-cmvn --utt2spk=ark:data/train/split2/1/utt2spk scp:data/train/split2/1/cmvn.scp scp:data/train/split2/1/feats.scp ark:- 
add-deltas ark:- ark:- 
LOG (gmm-acc-stats-ali[5.5.141~1-40a9d]:main():gmm-acc-stats-ali.cc:105) Processed 50 utterances; for utterance usctimit_ema_f1_060 avg. like is -82.0118 over 307 frames.
LOG (gmm-acc-stats-ali[5.5.141~1-40a9d]:main():gmm-acc-stats-ali.cc:105) Processed 100 utterances; for utterance usctimit_ema_f1_121 avg. like is -88.089 over 494 frames.
LOG (gmm-acc-stats-ali[5.5.141~1-40a9d]:main():gmm-acc-stats-ali.cc:105) Processed 150 utterances; for utterance usctimit_ema_f1_184 avg. like is -77.3502 over 360 frames.
LOG (gmm-acc-stats-ali[5.5.141~1-40a9d]:main():gmm-acc-stats-ali.cc:105) Processed 200 utterances; for utterance usctimit_ema_f1_248 avg. like is -82.6233 over 404 frames.
LOG (gmm-acc-stats-ali[5.5.141~1-40a9d]:main():gmm-acc-stats-ali.cc:105) Processed 250 utterances; for utterance usctimit_ema_f1_314 avg. like is -83.2151 over 656 frames.
LOG (gmm-acc-stats-ali[5.5.141~1-40a9d]:main():gmm-acc-stats-ali.cc:105) Processed 300 utterances; for utterance usctimit_ema_f1_378 avg. like is -82.409 over 490 frames.
LOG (gmm-acc-stats-ali[5.5.141~1-40a9d]:main():gmm-acc-stats-ali.cc:105) Processed 350 utterances; for utterance usctimit_ema_f1_439 avg. like is -80.6646 over 403 frames.
LOG (gmm-acc-stats-ali[5.5.141~1-40a9d]:main():gmm-acc-stats-ali.cc:105) Processed 400 utterances; for utterance usctimit_ema_f5_041 avg. like is -92.2364 over 364 frames.
WARNING (gmm-acc-stats-ali[5.5.141~1-40a9d]:main():gmm-acc-stats-ali.cc:79) No alignment for utterance usctimit_ema_f5_083
LOG (gmm-acc-stats-ali[5.5.141~1-40a9d]:main():gmm-acc-stats-ali.cc:105) Processed 450 utterances; for utterance usctimit_ema_f5_104 avg. like is -84.6091 over 444 frames.
WARNING (gmm-acc-stats-ali[5.5.141~1-40a9d]:main():gmm-acc-stats-ali.cc:79) No alignment for utterance usctimit_ema_f5_167
LOG (gmm-acc-stats-ali[5.5.141~1-40a9d]:main():gmm-acc-stats-ali.cc:105) Processed 500 utterances; for utterance usctimit_ema_f5_168 avg. like is -94.0815 over 273 frames.
LOG (gmm-acc-stats-ali[5.5.141~1-40a9d]:main():gmm-acc-stats-ali.cc:105) Processed 550 utterances; for utterance usctimit_ema_f5_230 avg. like is -86.554 over 427 frames.
WARNING (gmm-acc-stats-ali[5.5.141~1-40a9d]:main():gmm-acc-stats-ali.cc:79) No alignment for utterance usctimit_ema_f5_263
LOG (gmm-acc-stats-ali[5.5.141~1-40a9d]:main():gmm-acc-stats-ali.cc:105) Processed 600 utterances; for utterance usctimit_ema_f5_291 avg. like is -89.6668 over 368 frames.
LOG (gmm-acc-stats-ali[5.5.141~1-40a9d]:main():gmm-acc-stats-ali.cc:105) Processed 650 utterances; for utterance usctimit_ema_f5_357 avg. like is -92.1446 over 558 frames.
LOG (gmm-acc-stats-ali[5.5.141~1-40a9d]:main():gmm-acc-stats-ali.cc:105) Processed 700 utterances; for utterance usctimit_ema_f5_427 avg. like is -89.2798 over 781 frames.
LOG (apply-cmvn[5.5.141~1-40a9d]:main():apply-cmvn.cc:162) Applied cepstral mean normalization to 729 utterances, errors on 0
LOG (gmm-acc-stats-ali[5.5.141~1-40a9d]:main():gmm-acc-stats-ali.cc:112) Done 726 files, 3 with errors.
LOG (gmm-acc-stats-ali[5.5.141~1-40a9d]:main():gmm-acc-stats-ali.cc:115) Overall avg like per frame (Gaussian only) = -84.8045 over 318590 frames.
LOG (gmm-acc-stats-ali[5.5.141~1-40a9d]:main():gmm-acc-stats-ali.cc:123) Written accs.
# Accounting: time=4 threads=1
# Ended (code 0) at Mon Dec 24 19:30:27 EET 2018, elapsed time 4 seconds
