# gmm-align-compiled --transition-scale=1.0 --acoustic-scale=0.1 --self-loop-scale=0.1 --beam=10 --retry-beam=40 --careful=false "gmm-boost-silence --boost=1.0 1 exp/ug/mono/6.mdl - |" "ark:gunzip -c exp/ug/mono/fsts.2.gz|" "ark,s,cs:apply-cmvn  --utt2spk=ark:data/train/split2/2/utt2spk scp:data/train/split2/2/cmvn.scp scp:data/train/split2/2/feats.scp ark:- | add-deltas  ark:- ark:- |" "ark,t:|gzip -c >exp/ug/mono/ali.2.gz" 
# Started at Mon Dec 24 19:26:08 EET 2018
#
gmm-align-compiled --transition-scale=1.0 --acoustic-scale=0.1 --self-loop-scale=0.1 --beam=10 --retry-beam=40 --careful=false 'gmm-boost-silence --boost=1.0 1 exp/ug/mono/6.mdl - |' 'ark:gunzip -c exp/ug/mono/fsts.2.gz|' 'ark,s,cs:apply-cmvn  --utt2spk=ark:data/train/split2/2/utt2spk scp:data/train/split2/2/cmvn.scp scp:data/train/split2/2/feats.scp ark:- | add-deltas  ark:- ark:- |' 'ark,t:|gzip -c >exp/ug/mono/ali.2.gz' 
gmm-boost-silence --boost=1.0 1 exp/ug/mono/6.mdl - 
WARNING (gmm-boost-silence[5.5.141~1-40a9d]:main():gmm-boost-silence.cc:82) The pdfs for the silence phones may be shared by other phones (note: this probably does not matter.)
LOG (gmm-boost-silence[5.5.141~1-40a9d]:main():gmm-boost-silence.cc:93) Boosted weights for 5 pdfs, by factor of 1
LOG (gmm-boost-silence[5.5.141~1-40a9d]:main():gmm-boost-silence.cc:103) Wrote model to -
apply-cmvn --utt2spk=ark:data/train/split2/2/utt2spk scp:data/train/split2/2/cmvn.scp scp:data/train/split2/2/feats.scp ark:- 
add-deltas ark:- ark:- 
LOG (gmm-align-compiled[5.5.141~1-40a9d]:main():gmm-align-compiled.cc:127) usctimit_ema_m1_001
LOG (gmm-align-compiled[5.5.141~1-40a9d]:main():gmm-align-compiled.cc:127) usctimit_ema_m1_003
LOG (gmm-align-compiled[5.5.141~1-40a9d]:main():gmm-align-compiled.cc:127) usctimit_ema_m1_004
LOG (gmm-align-compiled[5.5.141~1-40a9d]:main():gmm-align-compiled.cc:127) usctimit_ema_m1_005
LOG (gmm-align-compiled[5.5.141~1-40a9d]:main():gmm-align-compiled.cc:127) usctimit_ema_m1_007
LOG (gmm-align-compiled[5.5.141~1-40a9d]:main():gmm-align-compiled.cc:127) usctimit_ema_m1_009
LOG (gmm-align-compiled[5.5.141~1-40a9d]:main():gmm-align-compiled.cc:127) usctimit_ema_m1_011
LOG (gmm-align-compiled[5.5.141~1-40a9d]:main():gmm-align-compiled.cc:127) usctimit_ema_m1_013
LOG (gmm-align-compiled[5.5.141~1-40a9d]:main():gmm-align-compiled.cc:127) usctimit_ema_m1_014
LOG (gmm-align-compiled[5.5.141~1-40a9d]:main():gmm-align-compiled.cc:127) usctimit_ema_m1_015
LOG (gmm-align-compiled[5.5.141~1-40a9d]:main():gmm-align-compiled.cc:127) usctimit_ema_m1_016
LOG (gmm-align-compiled[5.5.141~1-40a9d]:main():gmm-align-compiled.cc:127) usctimit_ema_m1_017
LOG (gmm-align-compiled[5.5.141~1-40a9d]:main():gmm-align-compiled.cc:127) usctimit_ema_m1_019
LOG (gmm-align-compiled[5.5.141~1-40a9d]:main():gmm-align-compiled.cc:127) usctimit_ema_m1_020
LOG (gmm-align-compiled[5.5.141~1-40a9d]:main():gmm-align-compiled.cc:127) usctimit_ema_m1_021
LOG (gmm-align-compiled[5.5.141~1-40a9d]:main():gmm-align-compiled.cc:127) usctimit_ema_m1_022
LOG (gmm-align-compiled[5.5.141~1-40a9d]:main():gmm-align-compiled.cc:127) usctimit_ema_m1_023
LOG (gmm-align-compiled[5.5.141~1-40a9d]:main():gmm-align-compiled.cc:127) usctimit_ema_m1_024
LOG (gmm-align-compiled[5.5.141~1-40a9d]:main():gmm-align-compiled.cc:127) usctimit_ema_m1_025
LOG (gmm-align-compiled[5.5.141~1-40a9d]:main():gmm-align-compiled.cc:127) usctimit_ema_m1_026
LOG (gmm-align-compiled[5.5.141~1-40a9d]:main():gmm-align-compiled.cc:127) usctimit_ema_m1_027
LOG (gmm-align-compiled[5.5.141~1-40a9d]:main():gmm-align-compiled.cc:127) usctimit_ema_m1_028
LOG (gmm-align-compiled[5.5.141~1-40a9d]:main():gmm-align-compiled.cc:127) usctimit_ema_m1_029
LOG (gmm-align-compiled[5.5.141~1-40a9d]:main():gmm-align-compiled.cc:127) usctimit_ema_m1_030
LOG (gmm-align-compiled[5.5.141~1-40a9d]:main():gmm-align-compiled.cc:127) usctimit_ema_m1_031
LOG (gmm-align-compiled[5.5.141~1-40a9d]:main():gmm-align-compiled.cc:127) usctimit_ema_m1_032
LOG (gmm-align-compiled[5.5.141~1-40a9d]:main():gmm-align-compiled.cc:127) usctimit_ema_m1_033
LOG (gmm-align-compiled[5.5.141~1-40a9d]:main():gmm-align-compiled.cc:127) usctimit_ema_m1_034
LOG (gmm-align-compiled[5.5.141~1-40a9d]:main():gmm-align-compiled.cc:127) usctimit_ema_m1_035
LOG (gmm-align-compiled[5.5.141~1-40a9d]:main():gmm-align-compiled.cc:127) usctimit_ema_m1_036
LOG (gmm-align-compiled[5.5.141~1-40a9d]:main():gmm-align-compiled.cc:127) usctimit_ema_m1_037
LOG (gmm-align-compiled[5.5.141~1-40a9d]:main():gmm-align-compiled.cc:127) usctimit_ema_m1_038
LOG (gmm-align-compiled[5.5.141~1-40a9d]:main():gmm-align-compiled.cc:127) usctimit_ema_m1_039
LOG (gmm-align-compiled[5.5.141~1-40a9d]:main():gmm-align-compiled.cc:127) usctimit_ema_m1_040
LOG (gmm-align-compiled[5.5.141~1-40a9d]:main():gmm-align-compiled.cc:127) usctimit_ema_m1_041
LOG (gmm-align-compiled[5.5.141~1-40a9d]:main():gmm-align-compiled.cc:127) usctimit_ema_m1_043
LOG (gmm-align-compiled[5.5.141~1-40a9d]:main():gmm-align-compiled.cc:127) usctimit_ema_m1_044
LOG (gmm-align-compiled[5.5.141~1-40a9d]:main():gmm-align-compiled.cc:127) usctimit_ema_m1_045
LOG (gmm-align-compiled[5.5.141~1-40a9d]:main():gmm-align-compiled.cc:127) usctimit_ema_m1_046
LOG (gmm-align-compiled[5.5.141~1-40a9d]:main():gmm-align-compiled.cc:127) usctimit_ema_m1_047
LOG (gmm-align-compiled[5.5.141~1-40a9d]:main():gmm-align-compiled.cc:127) usctimit_ema_m1_048
LOG (gmm-align-compiled[5.5.141~1-40a9d]:main():gmm-align-compiled.cc:127) usctimit_ema_m1_049
LOG (gmm-align-compiled[5.5.141~1-40a9d]:main():gmm-align-compiled.cc:127) usctimit_ema_m1_050
LOG (gmm-align-compiled[5.5.141~1-40a9d]:main():gmm-align-compiled.cc:127) usctimit_ema_m1_052
LOG (gmm-align-compiled[5.5.141~1-40a9d]:main():gmm-align-compiled.cc:127) usctimit_ema_m1_053
LOG (gmm-align-compiled[5.5.141~1-40a9d]:main():gmm-align-compiled.cc:127) usctimit_ema_m1_056
LOG (gmm-align-compiled[5.5.141~1-40a9d]:main():gmm-align-compiled.cc:127) usctimit_ema_m1_057
LOG (gmm-align-compiled[5.5.141~1-40a9d]:main():gmm-align-compiled.cc:127) usctimit_ema_m1_058
LOG (gmm-align-compiled[5.5.141~1-40a9d]:main():gmm-align-compiled.cc:127) usctimit_ema_m1_059
LOG (gmm-align-compiled[5.5.141~1-40a9d]:main():gmm-align-compiled.cc:127) usctimit_ema_m1_060
LOG (gmm-align-compiled[5.5.141~1-40a9d]:main():gmm-align-compiled.cc:127) usctimit_ema_m1_061
LOG (gmm-align-compiled[5.5.141~1-40a9d]:main():gmm-align-compiled.cc:127) usctimit_ema_m1_062
LOG (gmm-align-compiled[5.5.141~1-40a9d]:main():gmm-align-compiled.cc:127) usctimit_ema_m1_063
LOG (gmm-align-compiled[5.5.141~1-40a9d]:main():gmm-align-compiled.cc:127) usctimit_ema_m1_064
LOG (gmm-align-compiled[5.5.141~1-40a9d]:main():gmm-align-compiled.cc:127) usctimit_ema_m1_067
LOG (gmm-align-compiled[5.5.141~1-40a9d]:main():gmm-align-compiled.cc:127) usctimit_ema_m1_068
LOG (gmm-align-compiled[5.5.141~1-40a9d]:main():gmm-align-compiled.cc:127) usctimit_ema_m1_069
LOG (gmm-align-compiled[5.5.141~1-40a9d]:main():gmm-align-compiled.cc:127) usctimit_ema_m1_070
LOG (gmm-align-compiled[5.5.141~1-40a9d]:main():gmm-align-compiled.cc:127) usctimit_ema_m1_071
LOG (gmm-align-compiled[5.5.141~1-40a9d]:main():gmm-align-compiled.cc:127) usctimit_ema_m1_072
LOG (gmm-align-compiled[5.5.141~1-40a9d]:main():gmm-align-compiled.cc:127) usctimit_ema_m1_073
LOG (gmm-align-compiled[5.5.141~1-40a9d]:main():gmm-align-compiled.cc:127) usctimit_ema_m1_074
LOG (gmm-align-compiled[5.5.141~1-40a9d]:main():gmm-align-compiled.cc:127) usctimit_ema_m1_075
LOG (gmm-align-compiled[5.5.141~1-40a9d]:main():gmm-align-compiled.cc:127) usctimit_ema_m1_076
LOG (gmm-align-compiled[5.5.141~1-40a9d]:main():gmm-align-compiled.cc:127) usctimit_ema_m1_077
LOG (gmm-align-compiled[5.5.141~1-40a9d]:main():gmm-align-compiled.cc:127) usctimit_ema_m1_078
LOG (gmm-align-compiled[5.5.141~1-40a9d]:main():gmm-align-compiled.cc:127) usctimit_ema_m1_079
LOG (gmm-align-compiled[5.5.141~1-40a9d]:main():gmm-align-compiled.cc:127) usctimit_ema_m1_080
LOG (gmm-align-compiled[5.5.141~1-40a9d]:main():gmm-align-compiled.cc:127) usctimit_ema_m1_081
LOG (gmm-align-compiled[5.5.141~1-40a9d]:main():gmm-align-compiled.cc:127) usctimit_ema_m1_082
LOG (gmm-align-compiled[5.5.141~1-40a9d]:main():gmm-align-compiled.cc:127) usctimit_ema_m1_083
LOG (gmm-align-compiled[5.5.141~1-40a9d]:main():gmm-align-compiled.cc:127) usctimit_ema_m1_084
LOG (gmm-align-compiled[5.5.141~1-40a9d]:main():gmm-align-compiled.cc:127) usctimit_ema_m1_085
LOG (gmm-align-compiled[5.5.141~1-40a9d]:main():gmm-align-compiled.cc:127) usctimit_ema_m1_086
LOG (gmm-align-compiled[5.5.141~1-40a9d]:main():gmm-align-compiled.cc:127) usctimit_ema_m1_087
LOG (gmm-align-compiled[5.5.141~1-40a9d]:main():gmm-align-compiled.cc:127) usctimit_ema_m1_088
LOG (gmm-align-compiled[5.5.141~1-40a9d]:main():gmm-align-compiled.cc:127) usctimit_ema_m1_089
LOG (gmm-align-compiled[5.5.141~1-40a9d]:main():gmm-align-compiled.cc:127) usctimit_ema_m1_091
LOG (gmm-align-compiled[5.5.141~1-40a9d]:main():gmm-align-compiled.cc:127) usctimit_ema_m1_092
LOG (gmm-align-compiled[5.5.141~1-40a9d]:main():gmm-align-compiled.cc:127) usctimit_ema_m1_093
LOG (gmm-align-compiled[5.5.141~1-40a9d]:main():gmm-align-compiled.cc:127) usctimit_ema_m1_094
LOG (gmm-align-compiled[5.5.141~1-40a9d]:main():gmm-align-compiled.cc:127) usctimit_ema_m1_096
LOG (gmm-align-compiled[5.5.141~1-40a9d]:main():gmm-align-compiled.cc:127) usctimit_ema_m1_097
LOG (gmm-align-compiled[5.5.141~1-40a9d]:main():gmm-align-compiled.cc:127) usctimit_ema_m1_100
LOG (gmm-align-compiled[5.5.141~1-40a9d]:main():gmm-align-compiled.cc:127) usctimit_ema_m1_101
LOG (gmm-align-compiled[5.5.141~1-40a9d]:main():gmm-align-compiled.cc:127) usctimit_ema_m1_102
LOG (gmm-align-compiled[5.5.141~1-40a9d]:main():gmm-align-compiled.cc:127) usctimit_ema_m1_103
LOG (gmm-align-compiled[5.5.141~1-40a9d]:main():gmm-align-compiled.cc:127) usctimit_ema_m1_104
LOG (gmm-align-compiled[5.5.141~1-40a9d]:main():gmm-align-compiled.cc:127) usctimit_ema_m1_105
LOG (gmm-align-compiled[5.5.141~1-40a9d]:main():gmm-align-compiled.cc:127) usctimit_ema_m1_106
LOG (gmm-align-compiled[5.5.141~1-40a9d]:main():gmm-align-compiled.cc:127) usctimit_ema_m1_107
LOG (gmm-align-compiled[5.5.141~1-40a9d]:main():gmm-align-compiled.cc:127) usctimit_ema_m1_108
LOG (gmm-align-compiled[5.5.141~1-40a9d]:main():gmm-align-compiled.cc:127) usctimit_ema_m1_110
LOG (gmm-align-compiled[5.5.141~1-40a9d]:main():gmm-align-compiled.cc:127) usctimit_ema_m1_111
LOG (gmm-align-compiled[5.5.141~1-40a9d]:main():gmm-align-compiled.cc:127) usctimit_ema_m1_112
LOG (gmm-align-compiled[5.5.141~1-40a9d]:main():gmm-align-compiled.cc:127) usctimit_ema_m1_113
LOG (gmm-align-compiled[5.5.141~1-40a9d]:main():gmm-align-compiled.cc:127) usctimit_ema_m1_114
LOG (gmm-align-compiled[5.5.141~1-40a9d]:main():gmm-align-compiled.cc:127) usctimit_ema_m1_115
LOG (gmm-align-compiled[5.5.141~1-40a9d]:main():gmm-align-compiled.cc:127) usctimit_ema_m1_116
LOG (gmm-align-compiled[5.5.141~1-40a9d]:main():gmm-align-compiled.cc:127) usctimit_ema_m1_117
LOG (gmm-align-compiled[5.5.141~1-40a9d]:main():gmm-align-compiled.cc:127) usctimit_ema_m1_118
LOG (gmm-align-compiled[5.5.141~1-40a9d]:main():gmm-align-compiled.cc:127) usctimit_ema_m1_119
LOG (gmm-align-compiled[5.5.141~1-40a9d]:main():gmm-align-compiled.cc:127) usctimit_ema_m1_120
LOG (gmm-align-compiled[5.5.141~1-40a9d]:main():gmm-align-compiled.cc:127) usctimit_ema_m1_121
LOG (gmm-align-compiled[5.5.141~1-40a9d]:main():gmm-align-compiled.cc:127) usctimit_ema_m1_122
LOG (gmm-align-compiled[5.5.141~1-40a9d]:main():gmm-align-compiled.cc:127) usctimit_ema_m1_123
LOG (gmm-align-compiled[5.5.141~1-40a9d]:main():gmm-align-compiled.cc:127) usctimit_ema_m1_124
LOG (gmm-align-compiled[5.5.141~1-40a9d]:main():gmm-align-compiled.cc:127) usctimit_ema_m1_125
LOG (gmm-align-compiled[5.5.141~1-40a9d]:main():gmm-align-compiled.cc:127) usctimit_ema_m1_126
LOG (gmm-align-compiled[5.5.141~1-40a9d]:main():gmm-align-compiled.cc:127) usctimit_ema_m1_127
LOG (gmm-align-compiled[5.5.141~1-40a9d]:main():gmm-align-compiled.cc:127) usctimit_ema_m1_128
LOG (gmm-align-compiled[5.5.141~1-40a9d]:main():gmm-align-compiled.cc:127) usctimit_ema_m1_129
LOG (gmm-align-compiled[5.5.141~1-40a9d]:main():gmm-align-compiled.cc:127) usctimit_ema_m1_130
LOG (gmm-align-compiled[5.5.141~1-40a9d]:main():gmm-align-compiled.cc:127) usctimit_ema_m1_131
LOG (gmm-align-compiled[5.5.141~1-40a9d]:main():gmm-align-compiled.cc:127) usctimit_ema_m1_132
LOG (gmm-align-compiled[5.5.141~1-40a9d]:main():gmm-align-compiled.cc:127) usctimit_ema_m1_133
LOG (gmm-align-compiled[5.5.141~1-40a9d]:main():gmm-align-compiled.cc:127) usctimit_ema_m1_134
LOG (gmm-align-compiled[5.5.141~1-40a9d]:main():gmm-align-compiled.cc:127) usctimit_ema_m1_135
LOG (gmm-align-compiled[5.5.141~1-40a9d]:main():gmm-align-compiled.cc:127) usctimit_ema_m1_136
LOG (gmm-align-compiled[5.5.141~1-40a9d]:main():gmm-align-compiled.cc:127) usctimit_ema_m1_138
LOG (gmm-align-compiled[5.5.141~1-40a9d]:main():gmm-align-compiled.cc:127) usctimit_ema_m1_140
LOG (gmm-align-compiled[5.5.141~1-40a9d]:main():gmm-align-compiled.cc:127) usctimit_ema_m1_141
LOG (gmm-align-compiled[5.5.141~1-40a9d]:main():gmm-align-compiled.cc:127) usctimit_ema_m1_142
LOG (gmm-align-compiled[5.5.141~1-40a9d]:main():gmm-align-compiled.cc:127) usctimit_ema_m1_143
LOG (gmm-align-compiled[5.5.141~1-40a9d]:main():gmm-align-compiled.cc:127) usctimit_ema_m1_144
LOG (gmm-align-compiled[5.5.141~1-40a9d]:main():gmm-align-compiled.cc:127) usctimit_ema_m1_147
LOG (gmm-align-compiled[5.5.141~1-40a9d]:main():gmm-align-compiled.cc:127) usctimit_ema_m1_148
LOG (gmm-align-compiled[5.5.141~1-40a9d]:main():gmm-align-compiled.cc:127) usctimit_ema_m1_149
LOG (gmm-align-compiled[5.5.141~1-40a9d]:main():gmm-align-compiled.cc:127) usctimit_ema_m1_151
LOG (gmm-align-compiled[5.5.141~1-40a9d]:main():gmm-align-compiled.cc:127) usctimit_ema_m1_152
LOG (gmm-align-compiled[5.5.141~1-40a9d]:main():gmm-align-compiled.cc:127) usctimit_ema_m1_153
WARNING (gmm-align-compiled[5.5.141~1-40a9d]:AlignUtteranceWrapper():decoder-wrappers.cc:501) Retrying utterance usctimit_ema_m1_153 with beam 40
LOG (gmm-align-compiled[5.5.141~1-40a9d]:main():gmm-align-compiled.cc:127) usctimit_ema_m1_155
LOG (gmm-align-compiled[5.5.141~1-40a9d]:main():gmm-align-compiled.cc:127) usctimit_ema_m1_157
LOG (gmm-align-compiled[5.5.141~1-40a9d]:main():gmm-align-compiled.cc:127) usctimit_ema_m1_159
LOG (gmm-align-compiled[5.5.141~1-40a9d]:main():gmm-align-compiled.cc:127) usctimit_ema_m1_161
LOG (gmm-align-compiled[5.5.141~1-40a9d]:main():gmm-align-compiled.cc:127) usctimit_ema_m1_165
LOG (gmm-align-compiled[5.5.141~1-40a9d]:main():gmm-align-compiled.cc:127) usctimit_ema_m1_167
LOG (gmm-align-compiled[5.5.141~1-40a9d]:main():gmm-align-compiled.cc:127) usctimit_ema_m1_170
LOG (gmm-align-compiled[5.5.141~1-40a9d]:main():gmm-align-compiled.cc:127) usctimit_ema_m1_171
LOG (gmm-align-compiled[5.5.141~1-40a9d]:main():gmm-align-compiled.cc:127) usctimit_ema_m1_172
LOG (gmm-align-compiled[5.5.141~1-40a9d]:main():gmm-align-compiled.cc:127) usctimit_ema_m1_173
LOG (gmm-align-compiled[5.5.141~1-40a9d]:main():gmm-align-compiled.cc:127) usctimit_ema_m1_174
LOG (gmm-align-compiled[5.5.141~1-40a9d]:main():gmm-align-compiled.cc:127) usctimit_ema_m1_175
LOG (gmm-align-compiled[5.5.141~1-40a9d]:main():gmm-align-compiled.cc:127) usctimit_ema_m1_176
LOG (gmm-align-compiled[5.5.141~1-40a9d]:main():gmm-align-compiled.cc:127) usctimit_ema_m1_180
LOG (gmm-align-compiled[5.5.141~1-40a9d]:main():gmm-align-compiled.cc:127) usctimit_ema_m1_181
LOG (gmm-align-compiled[5.5.141~1-40a9d]:main():gmm-align-compiled.cc:127) usctimit_ema_m1_182
LOG (gmm-align-compiled[5.5.141~1-40a9d]:main():gmm-align-compiled.cc:127) usctimit_ema_m1_184
LOG (gmm-align-compiled[5.5.141~1-40a9d]:main():gmm-align-compiled.cc:127) usctimit_ema_m1_185
LOG (gmm-align-compiled[5.5.141~1-40a9d]:main():gmm-align-compiled.cc:127) usctimit_ema_m1_186
LOG (gmm-align-compiled[5.5.141~1-40a9d]:main():gmm-align-compiled.cc:127) usctimit_ema_m1_187
LOG (gmm-align-compiled[5.5.141~1-40a9d]:main():gmm-align-compiled.cc:127) usctimit_ema_m1_188
LOG (gmm-align-compiled[5.5.141~1-40a9d]:main():gmm-align-compiled.cc:127) usctimit_ema_m1_189
LOG (gmm-align-compiled[5.5.141~1-40a9d]:main():gmm-align-compiled.cc:127) usctimit_ema_m1_190
LOG (gmm-align-compiled[5.5.141~1-40a9d]:main():gmm-align-compiled.cc:127) usctimit_ema_m1_191
LOG (gmm-align-compiled[5.5.141~1-40a9d]:main():gmm-align-compiled.cc:127) usctimit_ema_m1_192
LOG (gmm-align-compiled[5.5.141~1-40a9d]:main():gmm-align-compiled.cc:127) usctimit_ema_m1_194
LOG (gmm-align-compiled[5.5.141~1-40a9d]:main():gmm-align-compiled.cc:127) usctimit_ema_m1_195
LOG (gmm-align-compiled[5.5.141~1-40a9d]:main():gmm-align-compiled.cc:127) usctimit_ema_m1_196
LOG (gmm-align-compiled[5.5.141~1-40a9d]:main():gmm-align-compiled.cc:127) usctimit_ema_m1_197
LOG (gmm-align-compiled[5.5.141~1-40a9d]:main():gmm-align-compiled.cc:127) usctimit_ema_m1_198
LOG (gmm-align-compiled[5.5.141~1-40a9d]:main():gmm-align-compiled.cc:127) usctimit_ema_m1_199
LOG (gmm-align-compiled[5.5.141~1-40a9d]:main():gmm-align-compiled.cc:127) usctimit_ema_m1_200
LOG (gmm-align-compiled[5.5.141~1-40a9d]:main():gmm-align-compiled.cc:127) usctimit_ema_m1_201
LOG (gmm-align-compiled[5.5.141~1-40a9d]:main():gmm-align-compiled.cc:127) usctimit_ema_m1_202
LOG (gmm-align-compiled[5.5.141~1-40a9d]:main():gmm-align-compiled.cc:127) usctimit_ema_m1_203
LOG (gmm-align-compiled[5.5.141~1-40a9d]:main():gmm-align-compiled.cc:127) usctimit_ema_m1_205
LOG (gmm-align-compiled[5.5.141~1-40a9d]:main():gmm-align-compiled.cc:127) usctimit_ema_m1_206
LOG (gmm-align-compiled[5.5.141~1-40a9d]:main():gmm-align-compiled.cc:127) usctimit_ema_m1_208
LOG (gmm-align-compiled[5.5.141~1-40a9d]:main():gmm-align-compiled.cc:127) usctimit_ema_m1_210
LOG (gmm-align-compiled[5.5.141~1-40a9d]:main():gmm-align-compiled.cc:127) usctimit_ema_m1_212
LOG (gmm-align-compiled[5.5.141~1-40a9d]:main():gmm-align-compiled.cc:127) usctimit_ema_m1_213
LOG (gmm-align-compiled[5.5.141~1-40a9d]:main():gmm-align-compiled.cc:127) usctimit_ema_m1_214
LOG (gmm-align-compiled[5.5.141~1-40a9d]:main():gmm-align-compiled.cc:127) usctimit_ema_m1_215
LOG (gmm-align-compiled[5.5.141~1-40a9d]:main():gmm-align-compiled.cc:127) usctimit_ema_m1_216
LOG (gmm-align-compiled[5.5.141~1-40a9d]:main():gmm-align-compiled.cc:127) usctimit_ema_m1_217
LOG (gmm-align-compiled[5.5.141~1-40a9d]:main():gmm-align-compiled.cc:127) usctimit_ema_m1_219
LOG (gmm-align-compiled[5.5.141~1-40a9d]:main():gmm-align-compiled.cc:127) usctimit_ema_m1_220
LOG (gmm-align-compiled[5.5.141~1-40a9d]:main():gmm-align-compiled.cc:127) usctimit_ema_m1_221
LOG (gmm-align-compiled[5.5.141~1-40a9d]:main():gmm-align-compiled.cc:127) usctimit_ema_m1_223
LOG (gmm-align-compiled[5.5.141~1-40a9d]:main():gmm-align-compiled.cc:127) usctimit_ema_m1_225
LOG (gmm-align-compiled[5.5.141~1-40a9d]:main():gmm-align-compiled.cc:127) usctimit_ema_m1_226
LOG (gmm-align-compiled[5.5.141~1-40a9d]:main():gmm-align-compiled.cc:127) usctimit_ema_m1_227
LOG (gmm-align-compiled[5.5.141~1-40a9d]:main():gmm-align-compiled.cc:127) usctimit_ema_m1_228
LOG (gmm-align-compiled[5.5.141~1-40a9d]:main():gmm-align-compiled.cc:127) usctimit_ema_m1_230
LOG (gmm-align-compiled[5.5.141~1-40a9d]:main():gmm-align-compiled.cc:127) usctimit_ema_m1_238
LOG (gmm-align-compiled[5.5.141~1-40a9d]:main():gmm-align-compiled.cc:127) usctimit_ema_m1_239
LOG (gmm-align-compiled[5.5.141~1-40a9d]:main():gmm-align-compiled.cc:127) usctimit_ema_m1_240
LOG (gmm-align-compiled[5.5.141~1-40a9d]:main():gmm-align-compiled.cc:127) usctimit_ema_m1_241
LOG (gmm-align-compiled[5.5.141~1-40a9d]:main():gmm-align-compiled.cc:127) usctimit_ema_m1_242
LOG (gmm-align-compiled[5.5.141~1-40a9d]:main():gmm-align-compiled.cc:127) usctimit_ema_m1_243
LOG (gmm-align-compiled[5.5.141~1-40a9d]:main():gmm-align-compiled.cc:127) usctimit_ema_m1_244
LOG (gmm-align-compiled[5.5.141~1-40a9d]:main():gmm-align-compiled.cc:127) usctimit_ema_m1_245
LOG (gmm-align-compiled[5.5.141~1-40a9d]:main():gmm-align-compiled.cc:127) usctimit_ema_m1_246
LOG (gmm-align-compiled[5.5.141~1-40a9d]:main():gmm-align-compiled.cc:127) usctimit_ema_m1_247
LOG (gmm-align-compiled[5.5.141~1-40a9d]:main():gmm-align-compiled.cc:127) usctimit_ema_m1_248
LOG (gmm-align-compiled[5.5.141~1-40a9d]:main():gmm-align-compiled.cc:127) usctimit_ema_m1_249
LOG (gmm-align-compiled[5.5.141~1-40a9d]:main():gmm-align-compiled.cc:127) usctimit_ema_m1_250
LOG (gmm-align-compiled[5.5.141~1-40a9d]:main():gmm-align-compiled.cc:127) usctimit_ema_m1_251
LOG (gmm-align-compiled[5.5.141~1-40a9d]:main():gmm-align-compiled.cc:127) usctimit_ema_m1_252
LOG (gmm-align-compiled[5.5.141~1-40a9d]:main():gmm-align-compiled.cc:127) usctimit_ema_m1_255
LOG (gmm-align-compiled[5.5.141~1-40a9d]:main():gmm-align-compiled.cc:127) usctimit_ema_m1_256
LOG (gmm-align-compiled[5.5.141~1-40a9d]:main():gmm-align-compiled.cc:127) usctimit_ema_m1_257
LOG (gmm-align-compiled[5.5.141~1-40a9d]:main():gmm-align-compiled.cc:127) usctimit_ema_m1_258
LOG (gmm-align-compiled[5.5.141~1-40a9d]:main():gmm-align-compiled.cc:127) usctimit_ema_m1_259
LOG (gmm-align-compiled[5.5.141~1-40a9d]:main():gmm-align-compiled.cc:127) usctimit_ema_m1_261
LOG (gmm-align-compiled[5.5.141~1-40a9d]:main():gmm-align-compiled.cc:127) usctimit_ema_m1_262
LOG (gmm-align-compiled[5.5.141~1-40a9d]:main():gmm-align-compiled.cc:127) usctimit_ema_m1_263
LOG (gmm-align-compiled[5.5.141~1-40a9d]:main():gmm-align-compiled.cc:127) usctimit_ema_m1_264
LOG (gmm-align-compiled[5.5.141~1-40a9d]:main():gmm-align-compiled.cc:127) usctimit_ema_m1_266
LOG (gmm-align-compiled[5.5.141~1-40a9d]:main():gmm-align-compiled.cc:127) usctimit_ema_m1_267
WARNING (gmm-align-compiled[5.5.141~1-40a9d]:AlignUtteranceWrapper():decoder-wrappers.cc:501) Retrying utterance usctimit_ema_m1_267 with beam 40
LOG (gmm-align-compiled[5.5.141~1-40a9d]:main():gmm-align-compiled.cc:127) usctimit_ema_m1_268
LOG (gmm-align-compiled[5.5.141~1-40a9d]:main():gmm-align-compiled.cc:127) usctimit_ema_m1_271
LOG (gmm-align-compiled[5.5.141~1-40a9d]:main():gmm-align-compiled.cc:127) usctimit_ema_m1_272
LOG (gmm-align-compiled[5.5.141~1-40a9d]:main():gmm-align-compiled.cc:127) usctimit_ema_m1_273
LOG (gmm-align-compiled[5.5.141~1-40a9d]:main():gmm-align-compiled.cc:127) usctimit_ema_m1_274
LOG (gmm-align-compiled[5.5.141~1-40a9d]:main():gmm-align-compiled.cc:127) usctimit_ema_m1_275
LOG (gmm-align-compiled[5.5.141~1-40a9d]:main():gmm-align-compiled.cc:127) usctimit_ema_m1_276
LOG (gmm-align-compiled[5.5.141~1-40a9d]:main():gmm-align-compiled.cc:127) usctimit_ema_m1_278
LOG (gmm-align-compiled[5.5.141~1-40a9d]:main():gmm-align-compiled.cc:127) usctimit_ema_m1_279
LOG (gmm-align-compiled[5.5.141~1-40a9d]:main():gmm-align-compiled.cc:127) usctimit_ema_m1_280
LOG (gmm-align-compiled[5.5.141~1-40a9d]:main():gmm-align-compiled.cc:127) usctimit_ema_m1_281
LOG (gmm-align-compiled[5.5.141~1-40a9d]:main():gmm-align-compiled.cc:127) usctimit_ema_m1_282
LOG (gmm-align-compiled[5.5.141~1-40a9d]:main():gmm-align-compiled.cc:127) usctimit_ema_m1_283
LOG (gmm-align-compiled[5.5.141~1-40a9d]:main():gmm-align-compiled.cc:127) usctimit_ema_m1_284
LOG (gmm-align-compiled[5.5.141~1-40a9d]:main():gmm-align-compiled.cc:127) usctimit_ema_m1_285
LOG (gmm-align-compiled[5.5.141~1-40a9d]:main():gmm-align-compiled.cc:127) usctimit_ema_m1_286
LOG (gmm-align-compiled[5.5.141~1-40a9d]:main():gmm-align-compiled.cc:127) usctimit_ema_m1_287
LOG (gmm-align-compiled[5.5.141~1-40a9d]:main():gmm-align-compiled.cc:127) usctimit_ema_m1_288
LOG (gmm-align-compiled[5.5.141~1-40a9d]:main():gmm-align-compiled.cc:127) usctimit_ema_m1_290
LOG (gmm-align-compiled[5.5.141~1-40a9d]:main():gmm-align-compiled.cc:127) usctimit_ema_m1_291
LOG (gmm-align-compiled[5.5.141~1-40a9d]:main():gmm-align-compiled.cc:127) usctimit_ema_m1_293
LOG (gmm-align-compiled[5.5.141~1-40a9d]:main():gmm-align-compiled.cc:127) usctimit_ema_m1_294
LOG (gmm-align-compiled[5.5.141~1-40a9d]:main():gmm-align-compiled.cc:127) usctimit_ema_m1_295
LOG (gmm-align-compiled[5.5.141~1-40a9d]:main():gmm-align-compiled.cc:127) usctimit_ema_m1_296
WARNING (gmm-align-compiled[5.5.141~1-40a9d]:AlignUtteranceWrapper():decoder-wrappers.cc:501) Retrying utterance usctimit_ema_m1_296 with beam 40
LOG (gmm-align-compiled[5.5.141~1-40a9d]:main():gmm-align-compiled.cc:127) usctimit_ema_m1_297
LOG (gmm-align-compiled[5.5.141~1-40a9d]:main():gmm-align-compiled.cc:127) usctimit_ema_m1_298
LOG (gmm-align-compiled[5.5.141~1-40a9d]:main():gmm-align-compiled.cc:127) usctimit_ema_m1_299
LOG (gmm-align-compiled[5.5.141~1-40a9d]:main():gmm-align-compiled.cc:127) usctimit_ema_m1_301
LOG (gmm-align-compiled[5.5.141~1-40a9d]:main():gmm-align-compiled.cc:127) usctimit_ema_m1_304
LOG (gmm-align-compiled[5.5.141~1-40a9d]:main():gmm-align-compiled.cc:127) usctimit_ema_m1_305
LOG (gmm-align-compiled[5.5.141~1-40a9d]:main():gmm-align-compiled.cc:127) usctimit_ema_m1_309
LOG (gmm-align-compiled[5.5.141~1-40a9d]:main():gmm-align-compiled.cc:127) usctimit_ema_m1_310
WARNING (gmm-align-compiled[5.5.141~1-40a9d]:AlignUtteranceWrapper():decoder-wrappers.cc:501) Retrying utterance usctimit_ema_m1_310 with beam 40
LOG (gmm-align-compiled[5.5.141~1-40a9d]:main():gmm-align-compiled.cc:127) usctimit_ema_m1_312
LOG (gmm-align-compiled[5.5.141~1-40a9d]:main():gmm-align-compiled.cc:127) usctimit_ema_m1_313
LOG (gmm-align-compiled[5.5.141~1-40a9d]:main():gmm-align-compiled.cc:127) usctimit_ema_m1_314
LOG (gmm-align-compiled[5.5.141~1-40a9d]:main():gmm-align-compiled.cc:127) usctimit_ema_m1_315
LOG (gmm-align-compiled[5.5.141~1-40a9d]:main():gmm-align-compiled.cc:127) usctimit_ema_m1_316
LOG (gmm-align-compiled[5.5.141~1-40a9d]:main():gmm-align-compiled.cc:127) usctimit_ema_m1_318
LOG (gmm-align-compiled[5.5.141~1-40a9d]:main():gmm-align-compiled.cc:127) usctimit_ema_m1_319
LOG (gmm-align-compiled[5.5.141~1-40a9d]:main():gmm-align-compiled.cc:127) usctimit_ema_m1_321
LOG (gmm-align-compiled[5.5.141~1-40a9d]:main():gmm-align-compiled.cc:127) usctimit_ema_m1_323
LOG (gmm-align-compiled[5.5.141~1-40a9d]:main():gmm-align-compiled.cc:127) usctimit_ema_m1_324
LOG (gmm-align-compiled[5.5.141~1-40a9d]:main():gmm-align-compiled.cc:127) usctimit_ema_m1_325
LOG (gmm-align-compiled[5.5.141~1-40a9d]:main():gmm-align-compiled.cc:127) usctimit_ema_m1_326
LOG (gmm-align-compiled[5.5.141~1-40a9d]:main():gmm-align-compiled.cc:127) usctimit_ema_m1_327
LOG (gmm-align-compiled[5.5.141~1-40a9d]:main():gmm-align-compiled.cc:127) usctimit_ema_m1_328
LOG (gmm-align-compiled[5.5.141~1-40a9d]:main():gmm-align-compiled.cc:127) usctimit_ema_m1_329
LOG (gmm-align-compiled[5.5.141~1-40a9d]:main():gmm-align-compiled.cc:127) usctimit_ema_m1_330
LOG (gmm-align-compiled[5.5.141~1-40a9d]:main():gmm-align-compiled.cc:127) usctimit_ema_m1_332
LOG (gmm-align-compiled[5.5.141~1-40a9d]:main():gmm-align-compiled.cc:127) usctimit_ema_m1_334
LOG (gmm-align-compiled[5.5.141~1-40a9d]:main():gmm-align-compiled.cc:127) usctimit_ema_m1_335
LOG (gmm-align-compiled[5.5.141~1-40a9d]:main():gmm-align-compiled.cc:127) usctimit_ema_m1_337
LOG (gmm-align-compiled[5.5.141~1-40a9d]:main():gmm-align-compiled.cc:127) usctimit_ema_m1_339
LOG (gmm-align-compiled[5.5.141~1-40a9d]:main():gmm-align-compiled.cc:127) usctimit_ema_m1_341
LOG (gmm-align-compiled[5.5.141~1-40a9d]:main():gmm-align-compiled.cc:127) usctimit_ema_m1_342
LOG (gmm-align-compiled[5.5.141~1-40a9d]:main():gmm-align-compiled.cc:127) usctimit_ema_m1_343
WARNING (gmm-align-compiled[5.5.141~1-40a9d]:AlignUtteranceWrapper():decoder-wrappers.cc:501) Retrying utterance usctimit_ema_m1_343 with beam 40
LOG (gmm-align-compiled[5.5.141~1-40a9d]:main():gmm-align-compiled.cc:127) usctimit_ema_m1_345
LOG (gmm-align-compiled[5.5.141~1-40a9d]:main():gmm-align-compiled.cc:127) usctimit_ema_m1_346
LOG (gmm-align-compiled[5.5.141~1-40a9d]:main():gmm-align-compiled.cc:127) usctimit_ema_m1_348
LOG (gmm-align-compiled[5.5.141~1-40a9d]:main():gmm-align-compiled.cc:127) usctimit_ema_m1_349
LOG (gmm-align-compiled[5.5.141~1-40a9d]:main():gmm-align-compiled.cc:127) usctimit_ema_m1_351
LOG (gmm-align-compiled[5.5.141~1-40a9d]:main():gmm-align-compiled.cc:127) usctimit_ema_m1_353
LOG (gmm-align-compiled[5.5.141~1-40a9d]:main():gmm-align-compiled.cc:127) usctimit_ema_m1_354
LOG (gmm-align-compiled[5.5.141~1-40a9d]:main():gmm-align-compiled.cc:127) usctimit_ema_m1_355
LOG (gmm-align-compiled[5.5.141~1-40a9d]:main():gmm-align-compiled.cc:127) usctimit_ema_m1_356
LOG (gmm-align-compiled[5.5.141~1-40a9d]:main():gmm-align-compiled.cc:127) usctimit_ema_m1_357
LOG (gmm-align-compiled[5.5.141~1-40a9d]:main():gmm-align-compiled.cc:127) usctimit_ema_m1_358
LOG (gmm-align-compiled[5.5.141~1-40a9d]:main():gmm-align-compiled.cc:127) usctimit_ema_m1_359
LOG (gmm-align-compiled[5.5.141~1-40a9d]:main():gmm-align-compiled.cc:127) usctimit_ema_m1_362
LOG (gmm-align-compiled[5.5.141~1-40a9d]:main():gmm-align-compiled.cc:127) usctimit_ema_m1_363
LOG (gmm-align-compiled[5.5.141~1-40a9d]:main():gmm-align-compiled.cc:127) usctimit_ema_m1_364
LOG (gmm-align-compiled[5.5.141~1-40a9d]:main():gmm-align-compiled.cc:127) usctimit_ema_m1_365
LOG (gmm-align-compiled[5.5.141~1-40a9d]:main():gmm-align-compiled.cc:127) usctimit_ema_m1_370
LOG (gmm-align-compiled[5.5.141~1-40a9d]:main():gmm-align-compiled.cc:127) usctimit_ema_m1_371
LOG (gmm-align-compiled[5.5.141~1-40a9d]:main():gmm-align-compiled.cc:127) usctimit_ema_m1_372
LOG (gmm-align-compiled[5.5.141~1-40a9d]:main():gmm-align-compiled.cc:127) usctimit_ema_m1_373
LOG (gmm-align-compiled[5.5.141~1-40a9d]:main():gmm-align-compiled.cc:127) usctimit_ema_m1_376
LOG (gmm-align-compiled[5.5.141~1-40a9d]:main():gmm-align-compiled.cc:127) usctimit_ema_m1_377
LOG (gmm-align-compiled[5.5.141~1-40a9d]:main():gmm-align-compiled.cc:127) usctimit_ema_m1_378
LOG (gmm-align-compiled[5.5.141~1-40a9d]:main():gmm-align-compiled.cc:127) usctimit_ema_m1_379
LOG (gmm-align-compiled[5.5.141~1-40a9d]:main():gmm-align-compiled.cc:127) usctimit_ema_m1_380
LOG (gmm-align-compiled[5.5.141~1-40a9d]:main():gmm-align-compiled.cc:127) usctimit_ema_m1_382
LOG (gmm-align-compiled[5.5.141~1-40a9d]:main():gmm-align-compiled.cc:127) usctimit_ema_m1_383
LOG (gmm-align-compiled[5.5.141~1-40a9d]:main():gmm-align-compiled.cc:127) usctimit_ema_m1_384
LOG (gmm-align-compiled[5.5.141~1-40a9d]:main():gmm-align-compiled.cc:127) usctimit_ema_m1_385
LOG (gmm-align-compiled[5.5.141~1-40a9d]:main():gmm-align-compiled.cc:127) usctimit_ema_m1_386
LOG (gmm-align-compiled[5.5.141~1-40a9d]:main():gmm-align-compiled.cc:127) usctimit_ema_m1_388
LOG (gmm-align-compiled[5.5.141~1-40a9d]:main():gmm-align-compiled.cc:127) usctimit_ema_m1_389
LOG (gmm-align-compiled[5.5.141~1-40a9d]:main():gmm-align-compiled.cc:127) usctimit_ema_m1_390
LOG (gmm-align-compiled[5.5.141~1-40a9d]:main():gmm-align-compiled.cc:127) usctimit_ema_m1_391
LOG (gmm-align-compiled[5.5.141~1-40a9d]:main():gmm-align-compiled.cc:127) usctimit_ema_m1_392
LOG (gmm-align-compiled[5.5.141~1-40a9d]:main():gmm-align-compiled.cc:127) usctimit_ema_m1_393
LOG (gmm-align-compiled[5.5.141~1-40a9d]:main():gmm-align-compiled.cc:127) usctimit_ema_m1_395
LOG (gmm-align-compiled[5.5.141~1-40a9d]:main():gmm-align-compiled.cc:127) usctimit_ema_m1_398
LOG (gmm-align-compiled[5.5.141~1-40a9d]:main():gmm-align-compiled.cc:127) usctimit_ema_m1_399
LOG (gmm-align-compiled[5.5.141~1-40a9d]:main():gmm-align-compiled.cc:127) usctimit_ema_m1_401
LOG (gmm-align-compiled[5.5.141~1-40a9d]:main():gmm-align-compiled.cc:127) usctimit_ema_m1_403
LOG (gmm-align-compiled[5.5.141~1-40a9d]:main():gmm-align-compiled.cc:127) usctimit_ema_m1_404
LOG (gmm-align-compiled[5.5.141~1-40a9d]:main():gmm-align-compiled.cc:127) usctimit_ema_m1_406
LOG (gmm-align-compiled[5.5.141~1-40a9d]:main():gmm-align-compiled.cc:127) usctimit_ema_m1_407
LOG (gmm-align-compiled[5.5.141~1-40a9d]:main():gmm-align-compiled.cc:127) usctimit_ema_m1_408
LOG (gmm-align-compiled[5.5.141~1-40a9d]:main():gmm-align-compiled.cc:127) usctimit_ema_m1_409
LOG (gmm-align-compiled[5.5.141~1-40a9d]:main():gmm-align-compiled.cc:127) usctimit_ema_m1_410
LOG (gmm-align-compiled[5.5.141~1-40a9d]:main():gmm-align-compiled.cc:127) usctimit_ema_m1_413
LOG (gmm-align-compiled[5.5.141~1-40a9d]:main():gmm-align-compiled.cc:127) usctimit_ema_m1_414
LOG (gmm-align-compiled[5.5.141~1-40a9d]:main():gmm-align-compiled.cc:127) usctimit_ema_m1_416
LOG (gmm-align-compiled[5.5.141~1-40a9d]:main():gmm-align-compiled.cc:127) usctimit_ema_m1_417
LOG (gmm-align-compiled[5.5.141~1-40a9d]:main():gmm-align-compiled.cc:127) usctimit_ema_m1_419
LOG (gmm-align-compiled[5.5.141~1-40a9d]:main():gmm-align-compiled.cc:127) usctimit_ema_m1_420
LOG (gmm-align-compiled[5.5.141~1-40a9d]:main():gmm-align-compiled.cc:127) usctimit_ema_m1_421
LOG (gmm-align-compiled[5.5.141~1-40a9d]:main():gmm-align-compiled.cc:127) usctimit_ema_m1_422
LOG (gmm-align-compiled[5.5.141~1-40a9d]:main():gmm-align-compiled.cc:127) usctimit_ema_m1_423
LOG (gmm-align-compiled[5.5.141~1-40a9d]:main():gmm-align-compiled.cc:127) usctimit_ema_m1_424
LOG (gmm-align-compiled[5.5.141~1-40a9d]:main():gmm-align-compiled.cc:127) usctimit_ema_m1_425
LOG (gmm-align-compiled[5.5.141~1-40a9d]:main():gmm-align-compiled.cc:127) usctimit_ema_m1_426
LOG (gmm-align-compiled[5.5.141~1-40a9d]:main():gmm-align-compiled.cc:127) usctimit_ema_m1_428
LOG (gmm-align-compiled[5.5.141~1-40a9d]:main():gmm-align-compiled.cc:127) usctimit_ema_m1_431
LOG (gmm-align-compiled[5.5.141~1-40a9d]:main():gmm-align-compiled.cc:127) usctimit_ema_m1_434
LOG (gmm-align-compiled[5.5.141~1-40a9d]:main():gmm-align-compiled.cc:127) usctimit_ema_m1_435
LOG (gmm-align-compiled[5.5.141~1-40a9d]:main():gmm-align-compiled.cc:127) usctimit_ema_m1_436
LOG (gmm-align-compiled[5.5.141~1-40a9d]:main():gmm-align-compiled.cc:127) usctimit_ema_m1_437
LOG (gmm-align-compiled[5.5.141~1-40a9d]:main():gmm-align-compiled.cc:127) usctimit_ema_m1_439
LOG (gmm-align-compiled[5.5.141~1-40a9d]:main():gmm-align-compiled.cc:127) usctimit_ema_m1_440
LOG (gmm-align-compiled[5.5.141~1-40a9d]:main():gmm-align-compiled.cc:127) usctimit_ema_m1_441
LOG (gmm-align-compiled[5.5.141~1-40a9d]:main():gmm-align-compiled.cc:127) usctimit_ema_m1_442
LOG (gmm-align-compiled[5.5.141~1-40a9d]:main():gmm-align-compiled.cc:127) usctimit_ema_m1_443
LOG (gmm-align-compiled[5.5.141~1-40a9d]:main():gmm-align-compiled.cc:127) usctimit_ema_m1_444
LOG (gmm-align-compiled[5.5.141~1-40a9d]:main():gmm-align-compiled.cc:127) usctimit_ema_m1_445
LOG (gmm-align-compiled[5.5.141~1-40a9d]:main():gmm-align-compiled.cc:127) usctimit_ema_m1_446
LOG (gmm-align-compiled[5.5.141~1-40a9d]:main():gmm-align-compiled.cc:127) usctimit_ema_m1_447
LOG (gmm-align-compiled[5.5.141~1-40a9d]:main():gmm-align-compiled.cc:127) usctimit_ema_m1_448
LOG (gmm-align-compiled[5.5.141~1-40a9d]:main():gmm-align-compiled.cc:127) usctimit_ema_m1_449
LOG (gmm-align-compiled[5.5.141~1-40a9d]:main():gmm-align-compiled.cc:127) usctimit_ema_m1_450
LOG (gmm-align-compiled[5.5.141~1-40a9d]:main():gmm-align-compiled.cc:127) usctimit_ema_m1_451
LOG (gmm-align-compiled[5.5.141~1-40a9d]:main():gmm-align-compiled.cc:127) usctimit_ema_m1_452
LOG (gmm-align-compiled[5.5.141~1-40a9d]:main():gmm-align-compiled.cc:127) usctimit_ema_m1_453
LOG (gmm-align-compiled[5.5.141~1-40a9d]:main():gmm-align-compiled.cc:127) usctimit_ema_m1_454
LOG (gmm-align-compiled[5.5.141~1-40a9d]:main():gmm-align-compiled.cc:127) usctimit_ema_m1_455
LOG (gmm-align-compiled[5.5.141~1-40a9d]:main():gmm-align-compiled.cc:127) usctimit_ema_m1_456
LOG (gmm-align-compiled[5.5.141~1-40a9d]:main():gmm-align-compiled.cc:127) usctimit_ema_m1_457
LOG (gmm-align-compiled[5.5.141~1-40a9d]:main():gmm-align-compiled.cc:127) usctimit_ema_m1_458
LOG (gmm-align-compiled[5.5.141~1-40a9d]:main():gmm-align-compiled.cc:127) usctimit_ema_m1_459
LOG (gmm-align-compiled[5.5.141~1-40a9d]:main():gmm-align-compiled.cc:127) usctimit_ema_m1_460
LOG (gmm-align-compiled[5.5.141~1-40a9d]:main():gmm-align-compiled.cc:127) usctimit_ema_m3_001
LOG (gmm-align-compiled[5.5.141~1-40a9d]:main():gmm-align-compiled.cc:127) usctimit_ema_m3_002
LOG (gmm-align-compiled[5.5.141~1-40a9d]:main():gmm-align-compiled.cc:127) usctimit_ema_m3_003
LOG (gmm-align-compiled[5.5.141~1-40a9d]:main():gmm-align-compiled.cc:127) usctimit_ema_m3_004
LOG (gmm-align-compiled[5.5.141~1-40a9d]:main():gmm-align-compiled.cc:127) usctimit_ema_m3_007
LOG (gmm-align-compiled[5.5.141~1-40a9d]:main():gmm-align-compiled.cc:127) usctimit_ema_m3_008
LOG (gmm-align-compiled[5.5.141~1-40a9d]:main():gmm-align-compiled.cc:127) usctimit_ema_m3_009
LOG (gmm-align-compiled[5.5.141~1-40a9d]:main():gmm-align-compiled.cc:127) usctimit_ema_m3_011
LOG (gmm-align-compiled[5.5.141~1-40a9d]:main():gmm-align-compiled.cc:127) usctimit_ema_m3_012
LOG (gmm-align-compiled[5.5.141~1-40a9d]:main():gmm-align-compiled.cc:127) usctimit_ema_m3_013
LOG (gmm-align-compiled[5.5.141~1-40a9d]:main():gmm-align-compiled.cc:127) usctimit_ema_m3_014
LOG (gmm-align-compiled[5.5.141~1-40a9d]:main():gmm-align-compiled.cc:127) usctimit_ema_m3_016
LOG (gmm-align-compiled[5.5.141~1-40a9d]:main():gmm-align-compiled.cc:127) usctimit_ema_m3_017
LOG (gmm-align-compiled[5.5.141~1-40a9d]:main():gmm-align-compiled.cc:127) usctimit_ema_m3_018
LOG (gmm-align-compiled[5.5.141~1-40a9d]:main():gmm-align-compiled.cc:127) usctimit_ema_m3_019
LOG (gmm-align-compiled[5.5.141~1-40a9d]:main():gmm-align-compiled.cc:127) usctimit_ema_m3_020
WARNING (gmm-align-compiled[5.5.141~1-40a9d]:AlignUtteranceWrapper():decoder-wrappers.cc:501) Retrying utterance usctimit_ema_m3_020 with beam 40
LOG (gmm-align-compiled[5.5.141~1-40a9d]:main():gmm-align-compiled.cc:127) usctimit_ema_m3_022
LOG (gmm-align-compiled[5.5.141~1-40a9d]:main():gmm-align-compiled.cc:127) usctimit_ema_m3_024
LOG (gmm-align-compiled[5.5.141~1-40a9d]:main():gmm-align-compiled.cc:127) usctimit_ema_m3_025
LOG (gmm-align-compiled[5.5.141~1-40a9d]:main():gmm-align-compiled.cc:127) usctimit_ema_m3_026
LOG (gmm-align-compiled[5.5.141~1-40a9d]:main():gmm-align-compiled.cc:127) usctimit_ema_m3_027
LOG (gmm-align-compiled[5.5.141~1-40a9d]:main():gmm-align-compiled.cc:127) usctimit_ema_m3_028
LOG (gmm-align-compiled[5.5.141~1-40a9d]:main():gmm-align-compiled.cc:127) usctimit_ema_m3_029
LOG (gmm-align-compiled[5.5.141~1-40a9d]:main():gmm-align-compiled.cc:127) usctimit_ema_m3_030
LOG (gmm-align-compiled[5.5.141~1-40a9d]:main():gmm-align-compiled.cc:127) usctimit_ema_m3_031
LOG (gmm-align-compiled[5.5.141~1-40a9d]:main():gmm-align-compiled.cc:127) usctimit_ema_m3_032
LOG (gmm-align-compiled[5.5.141~1-40a9d]:main():gmm-align-compiled.cc:127) usctimit_ema_m3_033
LOG (gmm-align-compiled[5.5.141~1-40a9d]:main():gmm-align-compiled.cc:127) usctimit_ema_m3_034
LOG (gmm-align-compiled[5.5.141~1-40a9d]:main():gmm-align-compiled.cc:127) usctimit_ema_m3_036
WARNING (gmm-align-compiled[5.5.141~1-40a9d]:AlignUtteranceWrapper():decoder-wrappers.cc:501) Retrying utterance usctimit_ema_m3_036 with beam 40
LOG (gmm-align-compiled[5.5.141~1-40a9d]:main():gmm-align-compiled.cc:127) usctimit_ema_m3_037
LOG (gmm-align-compiled[5.5.141~1-40a9d]:main():gmm-align-compiled.cc:127) usctimit_ema_m3_038
LOG (gmm-align-compiled[5.5.141~1-40a9d]:main():gmm-align-compiled.cc:127) usctimit_ema_m3_039
LOG (gmm-align-compiled[5.5.141~1-40a9d]:main():gmm-align-compiled.cc:127) usctimit_ema_m3_040
LOG (gmm-align-compiled[5.5.141~1-40a9d]:main():gmm-align-compiled.cc:127) usctimit_ema_m3_041
LOG (gmm-align-compiled[5.5.141~1-40a9d]:main():gmm-align-compiled.cc:127) usctimit_ema_m3_042
LOG (gmm-align-compiled[5.5.141~1-40a9d]:main():gmm-align-compiled.cc:127) usctimit_ema_m3_043
LOG (gmm-align-compiled[5.5.141~1-40a9d]:main():gmm-align-compiled.cc:127) usctimit_ema_m3_045
LOG (gmm-align-compiled[5.5.141~1-40a9d]:main():gmm-align-compiled.cc:127) usctimit_ema_m3_046
LOG (gmm-align-compiled[5.5.141~1-40a9d]:main():gmm-align-compiled.cc:127) usctimit_ema_m3_047
LOG (gmm-align-compiled[5.5.141~1-40a9d]:main():gmm-align-compiled.cc:127) usctimit_ema_m3_048
LOG (gmm-align-compiled[5.5.141~1-40a9d]:main():gmm-align-compiled.cc:127) usctimit_ema_m3_050
LOG (gmm-align-compiled[5.5.141~1-40a9d]:main():gmm-align-compiled.cc:127) usctimit_ema_m3_051
LOG (gmm-align-compiled[5.5.141~1-40a9d]:main():gmm-align-compiled.cc:127) usctimit_ema_m3_052
LOG (gmm-align-compiled[5.5.141~1-40a9d]:main():gmm-align-compiled.cc:127) usctimit_ema_m3_053
LOG (gmm-align-compiled[5.5.141~1-40a9d]:main():gmm-align-compiled.cc:127) usctimit_ema_m3_054
LOG (gmm-align-compiled[5.5.141~1-40a9d]:main():gmm-align-compiled.cc:127) usctimit_ema_m3_055
LOG (gmm-align-compiled[5.5.141~1-40a9d]:main():gmm-align-compiled.cc:127) usctimit_ema_m3_056
LOG (gmm-align-compiled[5.5.141~1-40a9d]:main():gmm-align-compiled.cc:127) usctimit_ema_m3_057
LOG (gmm-align-compiled[5.5.141~1-40a9d]:main():gmm-align-compiled.cc:127) usctimit_ema_m3_058
LOG (gmm-align-compiled[5.5.141~1-40a9d]:main():gmm-align-compiled.cc:127) usctimit_ema_m3_059
LOG (gmm-align-compiled[5.5.141~1-40a9d]:main():gmm-align-compiled.cc:127) usctimit_ema_m3_061
LOG (gmm-align-compiled[5.5.141~1-40a9d]:main():gmm-align-compiled.cc:127) usctimit_ema_m3_062
LOG (gmm-align-compiled[5.5.141~1-40a9d]:main():gmm-align-compiled.cc:127) usctimit_ema_m3_063
LOG (gmm-align-compiled[5.5.141~1-40a9d]:main():gmm-align-compiled.cc:127) usctimit_ema_m3_064
LOG (gmm-align-compiled[5.5.141~1-40a9d]:main():gmm-align-compiled.cc:127) usctimit_ema_m3_065
LOG (gmm-align-compiled[5.5.141~1-40a9d]:main():gmm-align-compiled.cc:127) usctimit_ema_m3_066
LOG (gmm-align-compiled[5.5.141~1-40a9d]:main():gmm-align-compiled.cc:127) usctimit_ema_m3_067
LOG (gmm-align-compiled[5.5.141~1-40a9d]:main():gmm-align-compiled.cc:127) usctimit_ema_m3_069
LOG (gmm-align-compiled[5.5.141~1-40a9d]:main():gmm-align-compiled.cc:127) usctimit_ema_m3_070
LOG (gmm-align-compiled[5.5.141~1-40a9d]:main():gmm-align-compiled.cc:127) usctimit_ema_m3_072
LOG (gmm-align-compiled[5.5.141~1-40a9d]:main():gmm-align-compiled.cc:127) usctimit_ema_m3_073
LOG (gmm-align-compiled[5.5.141~1-40a9d]:main():gmm-align-compiled.cc:127) usctimit_ema_m3_074
LOG (gmm-align-compiled[5.5.141~1-40a9d]:main():gmm-align-compiled.cc:127) usctimit_ema_m3_075
LOG (gmm-align-compiled[5.5.141~1-40a9d]:main():gmm-align-compiled.cc:127) usctimit_ema_m3_076
LOG (gmm-align-compiled[5.5.141~1-40a9d]:main():gmm-align-compiled.cc:127) usctimit_ema_m3_077
LOG (gmm-align-compiled[5.5.141~1-40a9d]:main():gmm-align-compiled.cc:127) usctimit_ema_m3_078
LOG (gmm-align-compiled[5.5.141~1-40a9d]:main():gmm-align-compiled.cc:127) usctimit_ema_m3_079
LOG (gmm-align-compiled[5.5.141~1-40a9d]:main():gmm-align-compiled.cc:127) usctimit_ema_m3_081
LOG (gmm-align-compiled[5.5.141~1-40a9d]:main():gmm-align-compiled.cc:127) usctimit_ema_m3_082
LOG (gmm-align-compiled[5.5.141~1-40a9d]:main():gmm-align-compiled.cc:127) usctimit_ema_m3_083
LOG (gmm-align-compiled[5.5.141~1-40a9d]:main():gmm-align-compiled.cc:127) usctimit_ema_m3_084
LOG (gmm-align-compiled[5.5.141~1-40a9d]:main():gmm-align-compiled.cc:127) usctimit_ema_m3_085
WARNING (gmm-align-compiled[5.5.141~1-40a9d]:AlignUtteranceWrapper():decoder-wrappers.cc:501) Retrying utterance usctimit_ema_m3_085 with beam 40
LOG (gmm-align-compiled[5.5.141~1-40a9d]:main():gmm-align-compiled.cc:127) usctimit_ema_m3_086
WARNING (gmm-align-compiled[5.5.141~1-40a9d]:AlignUtteranceWrapper():decoder-wrappers.cc:501) Retrying utterance usctimit_ema_m3_086 with beam 40
LOG (gmm-align-compiled[5.5.141~1-40a9d]:main():gmm-align-compiled.cc:127) usctimit_ema_m3_087
LOG (gmm-align-compiled[5.5.141~1-40a9d]:main():gmm-align-compiled.cc:127) usctimit_ema_m3_088
LOG (gmm-align-compiled[5.5.141~1-40a9d]:main():gmm-align-compiled.cc:127) usctimit_ema_m3_090
LOG (gmm-align-compiled[5.5.141~1-40a9d]:main():gmm-align-compiled.cc:127) usctimit_ema_m3_091
LOG (gmm-align-compiled[5.5.141~1-40a9d]:main():gmm-align-compiled.cc:127) usctimit_ema_m3_092
LOG (gmm-align-compiled[5.5.141~1-40a9d]:main():gmm-align-compiled.cc:127) usctimit_ema_m3_093
LOG (gmm-align-compiled[5.5.141~1-40a9d]:main():gmm-align-compiled.cc:127) usctimit_ema_m3_094
LOG (gmm-align-compiled[5.5.141~1-40a9d]:main():gmm-align-compiled.cc:127) usctimit_ema_m3_095
LOG (gmm-align-compiled[5.5.141~1-40a9d]:main():gmm-align-compiled.cc:127) usctimit_ema_m3_096
LOG (gmm-align-compiled[5.5.141~1-40a9d]:main():gmm-align-compiled.cc:127) usctimit_ema_m3_097
LOG (gmm-align-compiled[5.5.141~1-40a9d]:main():gmm-align-compiled.cc:127) usctimit_ema_m3_098
LOG (gmm-align-compiled[5.5.141~1-40a9d]:main():gmm-align-compiled.cc:127) usctimit_ema_m3_099
LOG (gmm-align-compiled[5.5.141~1-40a9d]:main():gmm-align-compiled.cc:127) usctimit_ema_m3_100
LOG (gmm-align-compiled[5.5.141~1-40a9d]:main():gmm-align-compiled.cc:127) usctimit_ema_m3_102
LOG (gmm-align-compiled[5.5.141~1-40a9d]:main():gmm-align-compiled.cc:127) usctimit_ema_m3_103
LOG (gmm-align-compiled[5.5.141~1-40a9d]:main():gmm-align-compiled.cc:127) usctimit_ema_m3_104
LOG (gmm-align-compiled[5.5.141~1-40a9d]:main():gmm-align-compiled.cc:127) usctimit_ema_m3_105
LOG (gmm-align-compiled[5.5.141~1-40a9d]:main():gmm-align-compiled.cc:127) usctimit_ema_m3_106
LOG (gmm-align-compiled[5.5.141~1-40a9d]:main():gmm-align-compiled.cc:127) usctimit_ema_m3_107
LOG (gmm-align-compiled[5.5.141~1-40a9d]:main():gmm-align-compiled.cc:127) usctimit_ema_m3_108
LOG (gmm-align-compiled[5.5.141~1-40a9d]:main():gmm-align-compiled.cc:127) usctimit_ema_m3_109
LOG (gmm-align-compiled[5.5.141~1-40a9d]:main():gmm-align-compiled.cc:127) usctimit_ema_m3_110
WARNING (gmm-align-compiled[5.5.141~1-40a9d]:AlignUtteranceWrapper():decoder-wrappers.cc:501) Retrying utterance usctimit_ema_m3_110 with beam 40
LOG (gmm-align-compiled[5.5.141~1-40a9d]:main():gmm-align-compiled.cc:127) usctimit_ema_m3_111
LOG (gmm-align-compiled[5.5.141~1-40a9d]:main():gmm-align-compiled.cc:127) usctimit_ema_m3_112
LOG (gmm-align-compiled[5.5.141~1-40a9d]:main():gmm-align-compiled.cc:127) usctimit_ema_m3_114
LOG (gmm-align-compiled[5.5.141~1-40a9d]:main():gmm-align-compiled.cc:127) usctimit_ema_m3_115
LOG (gmm-align-compiled[5.5.141~1-40a9d]:main():gmm-align-compiled.cc:127) usctimit_ema_m3_116
LOG (gmm-align-compiled[5.5.141~1-40a9d]:main():gmm-align-compiled.cc:127) usctimit_ema_m3_117
LOG (gmm-align-compiled[5.5.141~1-40a9d]:main():gmm-align-compiled.cc:127) usctimit_ema_m3_118
LOG (gmm-align-compiled[5.5.141~1-40a9d]:main():gmm-align-compiled.cc:127) usctimit_ema_m3_119
LOG (gmm-align-compiled[5.5.141~1-40a9d]:main():gmm-align-compiled.cc:127) usctimit_ema_m3_120
LOG (gmm-align-compiled[5.5.141~1-40a9d]:main():gmm-align-compiled.cc:127) usctimit_ema_m3_121
LOG (gmm-align-compiled[5.5.141~1-40a9d]:main():gmm-align-compiled.cc:127) usctimit_ema_m3_122
LOG (gmm-align-compiled[5.5.141~1-40a9d]:main():gmm-align-compiled.cc:127) usctimit_ema_m3_123
LOG (gmm-align-compiled[5.5.141~1-40a9d]:main():gmm-align-compiled.cc:127) usctimit_ema_m3_124
LOG (gmm-align-compiled[5.5.141~1-40a9d]:main():gmm-align-compiled.cc:127) usctimit_ema_m3_125
LOG (gmm-align-compiled[5.5.141~1-40a9d]:main():gmm-align-compiled.cc:127) usctimit_ema_m3_127
LOG (gmm-align-compiled[5.5.141~1-40a9d]:main():gmm-align-compiled.cc:127) usctimit_ema_m3_128
LOG (gmm-align-compiled[5.5.141~1-40a9d]:main():gmm-align-compiled.cc:127) usctimit_ema_m3_130
LOG (gmm-align-compiled[5.5.141~1-40a9d]:main():gmm-align-compiled.cc:127) usctimit_ema_m3_131
LOG (gmm-align-compiled[5.5.141~1-40a9d]:main():gmm-align-compiled.cc:127) usctimit_ema_m3_132
LOG (gmm-align-compiled[5.5.141~1-40a9d]:main():gmm-align-compiled.cc:127) usctimit_ema_m3_133
LOG (gmm-align-compiled[5.5.141~1-40a9d]:main():gmm-align-compiled.cc:127) usctimit_ema_m3_134
LOG (gmm-align-compiled[5.5.141~1-40a9d]:main():gmm-align-compiled.cc:127) usctimit_ema_m3_135
LOG (gmm-align-compiled[5.5.141~1-40a9d]:main():gmm-align-compiled.cc:127) usctimit_ema_m3_136
LOG (gmm-align-compiled[5.5.141~1-40a9d]:main():gmm-align-compiled.cc:127) usctimit_ema_m3_137
LOG (gmm-align-compiled[5.5.141~1-40a9d]:main():gmm-align-compiled.cc:127) usctimit_ema_m3_138
LOG (gmm-align-compiled[5.5.141~1-40a9d]:main():gmm-align-compiled.cc:127) usctimit_ema_m3_139
LOG (gmm-align-compiled[5.5.141~1-40a9d]:main():gmm-align-compiled.cc:127) usctimit_ema_m3_140
LOG (gmm-align-compiled[5.5.141~1-40a9d]:main():gmm-align-compiled.cc:127) usctimit_ema_m3_142
LOG (gmm-align-compiled[5.5.141~1-40a9d]:main():gmm-align-compiled.cc:127) usctimit_ema_m3_143
LOG (gmm-align-compiled[5.5.141~1-40a9d]:main():gmm-align-compiled.cc:127) usctimit_ema_m3_144
WARNING (gmm-align-compiled[5.5.141~1-40a9d]:AlignUtteranceWrapper():decoder-wrappers.cc:501) Retrying utterance usctimit_ema_m3_144 with beam 40
LOG (gmm-align-compiled[5.5.141~1-40a9d]:main():gmm-align-compiled.cc:127) usctimit_ema_m3_145
LOG (gmm-align-compiled[5.5.141~1-40a9d]:main():gmm-align-compiled.cc:127) usctimit_ema_m3_146
LOG (gmm-align-compiled[5.5.141~1-40a9d]:main():gmm-align-compiled.cc:127) usctimit_ema_m3_148
WARNING (gmm-align-compiled[5.5.141~1-40a9d]:AlignUtteranceWrapper():decoder-wrappers.cc:501) Retrying utterance usctimit_ema_m3_148 with beam 40
LOG (gmm-align-compiled[5.5.141~1-40a9d]:main():gmm-align-compiled.cc:127) usctimit_ema_m3_149
LOG (gmm-align-compiled[5.5.141~1-40a9d]:main():gmm-align-compiled.cc:127) usctimit_ema_m3_150
LOG (gmm-align-compiled[5.5.141~1-40a9d]:main():gmm-align-compiled.cc:127) usctimit_ema_m3_151
LOG (gmm-align-compiled[5.5.141~1-40a9d]:main():gmm-align-compiled.cc:127) usctimit_ema_m3_152
LOG (gmm-align-compiled[5.5.141~1-40a9d]:main():gmm-align-compiled.cc:127) usctimit_ema_m3_153
LOG (gmm-align-compiled[5.5.141~1-40a9d]:main():gmm-align-compiled.cc:127) usctimit_ema_m3_155
LOG (gmm-align-compiled[5.5.141~1-40a9d]:main():gmm-align-compiled.cc:127) usctimit_ema_m3_156
LOG (gmm-align-compiled[5.5.141~1-40a9d]:main():gmm-align-compiled.cc:127) usctimit_ema_m3_157
LOG (gmm-align-compiled[5.5.141~1-40a9d]:main():gmm-align-compiled.cc:127) usctimit_ema_m3_158
LOG (gmm-align-compiled[5.5.141~1-40a9d]:main():gmm-align-compiled.cc:127) usctimit_ema_m3_159
LOG (gmm-align-compiled[5.5.141~1-40a9d]:main():gmm-align-compiled.cc:127) usctimit_ema_m3_160
WARNING (gmm-align-compiled[5.5.141~1-40a9d]:AlignUtteranceWrapper():decoder-wrappers.cc:501) Retrying utterance usctimit_ema_m3_160 with beam 40
LOG (gmm-align-compiled[5.5.141~1-40a9d]:main():gmm-align-compiled.cc:127) usctimit_ema_m3_161
LOG (gmm-align-compiled[5.5.141~1-40a9d]:main():gmm-align-compiled.cc:127) usctimit_ema_m3_162
LOG (gmm-align-compiled[5.5.141~1-40a9d]:main():gmm-align-compiled.cc:127) usctimit_ema_m3_163
LOG (gmm-align-compiled[5.5.141~1-40a9d]:main():gmm-align-compiled.cc:127) usctimit_ema_m3_164
LOG (gmm-align-compiled[5.5.141~1-40a9d]:main():gmm-align-compiled.cc:127) usctimit_ema_m3_165
LOG (gmm-align-compiled[5.5.141~1-40a9d]:main():gmm-align-compiled.cc:127) usctimit_ema_m3_167
LOG (gmm-align-compiled[5.5.141~1-40a9d]:main():gmm-align-compiled.cc:127) usctimit_ema_m3_168
LOG (gmm-align-compiled[5.5.141~1-40a9d]:main():gmm-align-compiled.cc:127) usctimit_ema_m3_169
LOG (gmm-align-compiled[5.5.141~1-40a9d]:main():gmm-align-compiled.cc:127) usctimit_ema_m3_170
LOG (gmm-align-compiled[5.5.141~1-40a9d]:main():gmm-align-compiled.cc:127) usctimit_ema_m3_171
LOG (gmm-align-compiled[5.5.141~1-40a9d]:main():gmm-align-compiled.cc:127) usctimit_ema_m3_172
LOG (gmm-align-compiled[5.5.141~1-40a9d]:main():gmm-align-compiled.cc:127) usctimit_ema_m3_173
LOG (gmm-align-compiled[5.5.141~1-40a9d]:main():gmm-align-compiled.cc:127) usctimit_ema_m3_174
LOG (gmm-align-compiled[5.5.141~1-40a9d]:main():gmm-align-compiled.cc:127) usctimit_ema_m3_175
LOG (gmm-align-compiled[5.5.141~1-40a9d]:main():gmm-align-compiled.cc:127) usctimit_ema_m3_176
LOG (gmm-align-compiled[5.5.141~1-40a9d]:main():gmm-align-compiled.cc:127) usctimit_ema_m3_177
LOG (gmm-align-compiled[5.5.141~1-40a9d]:main():gmm-align-compiled.cc:127) usctimit_ema_m3_178
LOG (gmm-align-compiled[5.5.141~1-40a9d]:main():gmm-align-compiled.cc:127) usctimit_ema_m3_179
LOG (gmm-align-compiled[5.5.141~1-40a9d]:main():gmm-align-compiled.cc:127) usctimit_ema_m3_180
LOG (gmm-align-compiled[5.5.141~1-40a9d]:main():gmm-align-compiled.cc:127) usctimit_ema_m3_181
LOG (gmm-align-compiled[5.5.141~1-40a9d]:main():gmm-align-compiled.cc:127) usctimit_ema_m3_182
LOG (gmm-align-compiled[5.5.141~1-40a9d]:main():gmm-align-compiled.cc:127) usctimit_ema_m3_183
LOG (gmm-align-compiled[5.5.141~1-40a9d]:main():gmm-align-compiled.cc:127) usctimit_ema_m3_184
LOG (gmm-align-compiled[5.5.141~1-40a9d]:main():gmm-align-compiled.cc:127) usctimit_ema_m3_185
LOG (gmm-align-compiled[5.5.141~1-40a9d]:main():gmm-align-compiled.cc:127) usctimit_ema_m3_186
LOG (gmm-align-compiled[5.5.141~1-40a9d]:main():gmm-align-compiled.cc:127) usctimit_ema_m3_187
LOG (gmm-align-compiled[5.5.141~1-40a9d]:main():gmm-align-compiled.cc:127) usctimit_ema_m3_188
LOG (gmm-align-compiled[5.5.141~1-40a9d]:main():gmm-align-compiled.cc:127) usctimit_ema_m3_189
LOG (gmm-align-compiled[5.5.141~1-40a9d]:main():gmm-align-compiled.cc:127) usctimit_ema_m3_190
LOG (gmm-align-compiled[5.5.141~1-40a9d]:main():gmm-align-compiled.cc:127) usctimit_ema_m3_191
LOG (gmm-align-compiled[5.5.141~1-40a9d]:main():gmm-align-compiled.cc:127) usctimit_ema_m3_193
WARNING (gmm-align-compiled[5.5.141~1-40a9d]:AlignUtteranceWrapper():decoder-wrappers.cc:501) Retrying utterance usctimit_ema_m3_193 with beam 40
LOG (gmm-align-compiled[5.5.141~1-40a9d]:main():gmm-align-compiled.cc:127) usctimit_ema_m3_194
LOG (gmm-align-compiled[5.5.141~1-40a9d]:main():gmm-align-compiled.cc:127) usctimit_ema_m3_195
LOG (gmm-align-compiled[5.5.141~1-40a9d]:main():gmm-align-compiled.cc:127) usctimit_ema_m3_196
LOG (gmm-align-compiled[5.5.141~1-40a9d]:main():gmm-align-compiled.cc:127) usctimit_ema_m3_197
LOG (gmm-align-compiled[5.5.141~1-40a9d]:main():gmm-align-compiled.cc:127) usctimit_ema_m3_198
WARNING (gmm-align-compiled[5.5.141~1-40a9d]:AlignUtteranceWrapper():decoder-wrappers.cc:501) Retrying utterance usctimit_ema_m3_198 with beam 40
LOG (gmm-align-compiled[5.5.141~1-40a9d]:main():gmm-align-compiled.cc:127) usctimit_ema_m3_200
LOG (gmm-align-compiled[5.5.141~1-40a9d]:main():gmm-align-compiled.cc:127) usctimit_ema_m3_201
LOG (gmm-align-compiled[5.5.141~1-40a9d]:main():gmm-align-compiled.cc:127) usctimit_ema_m3_202
LOG (gmm-align-compiled[5.5.141~1-40a9d]:main():gmm-align-compiled.cc:127) usctimit_ema_m3_204
LOG (gmm-align-compiled[5.5.141~1-40a9d]:main():gmm-align-compiled.cc:127) usctimit_ema_m3_206
LOG (gmm-align-compiled[5.5.141~1-40a9d]:main():gmm-align-compiled.cc:127) usctimit_ema_m3_207
LOG (gmm-align-compiled[5.5.141~1-40a9d]:main():gmm-align-compiled.cc:127) usctimit_ema_m3_208
LOG (gmm-align-compiled[5.5.141~1-40a9d]:main():gmm-align-compiled.cc:127) usctimit_ema_m3_209
LOG (gmm-align-compiled[5.5.141~1-40a9d]:main():gmm-align-compiled.cc:127) usctimit_ema_m3_210
LOG (gmm-align-compiled[5.5.141~1-40a9d]:main():gmm-align-compiled.cc:127) usctimit_ema_m3_211
LOG (gmm-align-compiled[5.5.141~1-40a9d]:main():gmm-align-compiled.cc:127) usctimit_ema_m3_212
LOG (gmm-align-compiled[5.5.141~1-40a9d]:main():gmm-align-compiled.cc:127) usctimit_ema_m3_213
LOG (gmm-align-compiled[5.5.141~1-40a9d]:main():gmm-align-compiled.cc:127) usctimit_ema_m3_214
LOG (gmm-align-compiled[5.5.141~1-40a9d]:main():gmm-align-compiled.cc:127) usctimit_ema_m3_216
WARNING (gmm-align-compiled[5.5.141~1-40a9d]:AlignUtteranceWrapper():decoder-wrappers.cc:501) Retrying utterance usctimit_ema_m3_216 with beam 40
LOG (gmm-align-compiled[5.5.141~1-40a9d]:main():gmm-align-compiled.cc:127) usctimit_ema_m3_217
WARNING (gmm-align-compiled[5.5.141~1-40a9d]:AlignUtteranceWrapper():decoder-wrappers.cc:501) Retrying utterance usctimit_ema_m3_217 with beam 40
LOG (gmm-align-compiled[5.5.141~1-40a9d]:main():gmm-align-compiled.cc:127) usctimit_ema_m3_218
WARNING (gmm-align-compiled[5.5.141~1-40a9d]:AlignUtteranceWrapper():decoder-wrappers.cc:501) Retrying utterance usctimit_ema_m3_218 with beam 40
LOG (gmm-align-compiled[5.5.141~1-40a9d]:main():gmm-align-compiled.cc:127) usctimit_ema_m3_219
LOG (gmm-align-compiled[5.5.141~1-40a9d]:main():gmm-align-compiled.cc:127) usctimit_ema_m3_220
LOG (gmm-align-compiled[5.5.141~1-40a9d]:main():gmm-align-compiled.cc:127) usctimit_ema_m3_221
LOG (gmm-align-compiled[5.5.141~1-40a9d]:main():gmm-align-compiled.cc:127) usctimit_ema_m3_222
LOG (gmm-align-compiled[5.5.141~1-40a9d]:main():gmm-align-compiled.cc:127) usctimit_ema_m3_223
LOG (gmm-align-compiled[5.5.141~1-40a9d]:main():gmm-align-compiled.cc:127) usctimit_ema_m3_224
LOG (gmm-align-compiled[5.5.141~1-40a9d]:main():gmm-align-compiled.cc:127) usctimit_ema_m3_225
LOG (gmm-align-compiled[5.5.141~1-40a9d]:main():gmm-align-compiled.cc:127) usctimit_ema_m3_226
LOG (gmm-align-compiled[5.5.141~1-40a9d]:main():gmm-align-compiled.cc:127) usctimit_ema_m3_227
LOG (gmm-align-compiled[5.5.141~1-40a9d]:main():gmm-align-compiled.cc:127) usctimit_ema_m3_229
LOG (gmm-align-compiled[5.5.141~1-40a9d]:main():gmm-align-compiled.cc:127) usctimit_ema_m3_230
LOG (gmm-align-compiled[5.5.141~1-40a9d]:main():gmm-align-compiled.cc:127) usctimit_ema_m3_232
LOG (gmm-align-compiled[5.5.141~1-40a9d]:main():gmm-align-compiled.cc:127) usctimit_ema_m3_233
LOG (gmm-align-compiled[5.5.141~1-40a9d]:main():gmm-align-compiled.cc:127) usctimit_ema_m3_234
LOG (gmm-align-compiled[5.5.141~1-40a9d]:main():gmm-align-compiled.cc:127) usctimit_ema_m3_235
LOG (gmm-align-compiled[5.5.141~1-40a9d]:main():gmm-align-compiled.cc:127) usctimit_ema_m3_236
LOG (gmm-align-compiled[5.5.141~1-40a9d]:main():gmm-align-compiled.cc:127) usctimit_ema_m3_237
LOG (gmm-align-compiled[5.5.141~1-40a9d]:main():gmm-align-compiled.cc:127) usctimit_ema_m3_238
LOG (gmm-align-compiled[5.5.141~1-40a9d]:main():gmm-align-compiled.cc:127) usctimit_ema_m3_239
LOG (gmm-align-compiled[5.5.141~1-40a9d]:main():gmm-align-compiled.cc:127) usctimit_ema_m3_240
LOG (gmm-align-compiled[5.5.141~1-40a9d]:main():gmm-align-compiled.cc:127) usctimit_ema_m3_241
LOG (gmm-align-compiled[5.5.141~1-40a9d]:main():gmm-align-compiled.cc:127) usctimit_ema_m3_243
LOG (gmm-align-compiled[5.5.141~1-40a9d]:main():gmm-align-compiled.cc:127) usctimit_ema_m3_244
LOG (gmm-align-compiled[5.5.141~1-40a9d]:main():gmm-align-compiled.cc:127) usctimit_ema_m3_245
WARNING (gmm-align-compiled[5.5.141~1-40a9d]:AlignUtteranceWrapper():decoder-wrappers.cc:501) Retrying utterance usctimit_ema_m3_245 with beam 40
LOG (gmm-align-compiled[5.5.141~1-40a9d]:main():gmm-align-compiled.cc:127) usctimit_ema_m3_246
LOG (gmm-align-compiled[5.5.141~1-40a9d]:main():gmm-align-compiled.cc:127) usctimit_ema_m3_247
LOG (gmm-align-compiled[5.5.141~1-40a9d]:main():gmm-align-compiled.cc:127) usctimit_ema_m3_248
LOG (gmm-align-compiled[5.5.141~1-40a9d]:main():gmm-align-compiled.cc:127) usctimit_ema_m3_249
LOG (gmm-align-compiled[5.5.141~1-40a9d]:main():gmm-align-compiled.cc:127) usctimit_ema_m3_250
LOG (gmm-align-compiled[5.5.141~1-40a9d]:main():gmm-align-compiled.cc:127) usctimit_ema_m3_251
LOG (gmm-align-compiled[5.5.141~1-40a9d]:main():gmm-align-compiled.cc:127) usctimit_ema_m3_252
LOG (gmm-align-compiled[5.5.141~1-40a9d]:main():gmm-align-compiled.cc:127) usctimit_ema_m3_253
LOG (gmm-align-compiled[5.5.141~1-40a9d]:main():gmm-align-compiled.cc:127) usctimit_ema_m3_254
LOG (gmm-align-compiled[5.5.141~1-40a9d]:main():gmm-align-compiled.cc:127) usctimit_ema_m3_256
LOG (gmm-align-compiled[5.5.141~1-40a9d]:main():gmm-align-compiled.cc:127) usctimit_ema_m3_259
LOG (gmm-align-compiled[5.5.141~1-40a9d]:main():gmm-align-compiled.cc:127) usctimit_ema_m3_261
LOG (gmm-align-compiled[5.5.141~1-40a9d]:main():gmm-align-compiled.cc:127) usctimit_ema_m3_262
LOG (gmm-align-compiled[5.5.141~1-40a9d]:main():gmm-align-compiled.cc:127) usctimit_ema_m3_263
LOG (gmm-align-compiled[5.5.141~1-40a9d]:main():gmm-align-compiled.cc:127) usctimit_ema_m3_264
LOG (gmm-align-compiled[5.5.141~1-40a9d]:main():gmm-align-compiled.cc:127) usctimit_ema_m3_265
LOG (gmm-align-compiled[5.5.141~1-40a9d]:main():gmm-align-compiled.cc:127) usctimit_ema_m3_266
LOG (gmm-align-compiled[5.5.141~1-40a9d]:main():gmm-align-compiled.cc:127) usctimit_ema_m3_268
LOG (gmm-align-compiled[5.5.141~1-40a9d]:main():gmm-align-compiled.cc:127) usctimit_ema_m3_269
LOG (gmm-align-compiled[5.5.141~1-40a9d]:main():gmm-align-compiled.cc:127) usctimit_ema_m3_270
LOG (gmm-align-compiled[5.5.141~1-40a9d]:main():gmm-align-compiled.cc:127) usctimit_ema_m3_271
LOG (gmm-align-compiled[5.5.141~1-40a9d]:main():gmm-align-compiled.cc:127) usctimit_ema_m3_272
LOG (gmm-align-compiled[5.5.141~1-40a9d]:main():gmm-align-compiled.cc:127) usctimit_ema_m3_273
LOG (gmm-align-compiled[5.5.141~1-40a9d]:main():gmm-align-compiled.cc:127) usctimit_ema_m3_274
LOG (gmm-align-compiled[5.5.141~1-40a9d]:main():gmm-align-compiled.cc:127) usctimit_ema_m3_275
LOG (gmm-align-compiled[5.5.141~1-40a9d]:main():gmm-align-compiled.cc:127) usctimit_ema_m3_276
LOG (gmm-align-compiled[5.5.141~1-40a9d]:main():gmm-align-compiled.cc:127) usctimit_ema_m3_278
LOG (gmm-align-compiled[5.5.141~1-40a9d]:main():gmm-align-compiled.cc:127) usctimit_ema_m3_279
LOG (gmm-align-compiled[5.5.141~1-40a9d]:main():gmm-align-compiled.cc:127) usctimit_ema_m3_280
LOG (gmm-align-compiled[5.5.141~1-40a9d]:main():gmm-align-compiled.cc:127) usctimit_ema_m3_281
WARNING (gmm-align-compiled[5.5.141~1-40a9d]:AlignUtteranceWrapper():decoder-wrappers.cc:501) Retrying utterance usctimit_ema_m3_281 with beam 40
LOG (gmm-align-compiled[5.5.141~1-40a9d]:main():gmm-align-compiled.cc:127) usctimit_ema_m3_283
LOG (gmm-align-compiled[5.5.141~1-40a9d]:main():gmm-align-compiled.cc:127) usctimit_ema_m3_284
LOG (gmm-align-compiled[5.5.141~1-40a9d]:main():gmm-align-compiled.cc:127) usctimit_ema_m3_285
LOG (gmm-align-compiled[5.5.141~1-40a9d]:main():gmm-align-compiled.cc:127) usctimit_ema_m3_287
LOG (gmm-align-compiled[5.5.141~1-40a9d]:main():gmm-align-compiled.cc:127) usctimit_ema_m3_288
LOG (gmm-align-compiled[5.5.141~1-40a9d]:main():gmm-align-compiled.cc:127) usctimit_ema_m3_289
LOG (gmm-align-compiled[5.5.141~1-40a9d]:main():gmm-align-compiled.cc:127) usctimit_ema_m3_290
LOG (gmm-align-compiled[5.5.141~1-40a9d]:main():gmm-align-compiled.cc:127) usctimit_ema_m3_291
LOG (gmm-align-compiled[5.5.141~1-40a9d]:main():gmm-align-compiled.cc:127) usctimit_ema_m3_293
LOG (gmm-align-compiled[5.5.141~1-40a9d]:main():gmm-align-compiled.cc:127) usctimit_ema_m3_294
LOG (gmm-align-compiled[5.5.141~1-40a9d]:main():gmm-align-compiled.cc:127) usctimit_ema_m3_295
LOG (gmm-align-compiled[5.5.141~1-40a9d]:main():gmm-align-compiled.cc:127) usctimit_ema_m3_296
LOG (gmm-align-compiled[5.5.141~1-40a9d]:main():gmm-align-compiled.cc:127) usctimit_ema_m3_297
LOG (gmm-align-compiled[5.5.141~1-40a9d]:main():gmm-align-compiled.cc:127) usctimit_ema_m3_298
LOG (gmm-align-compiled[5.5.141~1-40a9d]:main():gmm-align-compiled.cc:127) usctimit_ema_m3_299
LOG (gmm-align-compiled[5.5.141~1-40a9d]:main():gmm-align-compiled.cc:127) usctimit_ema_m3_301
LOG (gmm-align-compiled[5.5.141~1-40a9d]:main():gmm-align-compiled.cc:127) usctimit_ema_m3_302
LOG (gmm-align-compiled[5.5.141~1-40a9d]:main():gmm-align-compiled.cc:127) usctimit_ema_m3_303
LOG (gmm-align-compiled[5.5.141~1-40a9d]:main():gmm-align-compiled.cc:127) usctimit_ema_m3_304
LOG (gmm-align-compiled[5.5.141~1-40a9d]:main():gmm-align-compiled.cc:127) usctimit_ema_m3_305
WARNING (gmm-align-compiled[5.5.141~1-40a9d]:AlignUtteranceWrapper():decoder-wrappers.cc:501) Retrying utterance usctimit_ema_m3_305 with beam 40
LOG (gmm-align-compiled[5.5.141~1-40a9d]:main():gmm-align-compiled.cc:127) usctimit_ema_m3_306
LOG (gmm-align-compiled[5.5.141~1-40a9d]:main():gmm-align-compiled.cc:127) usctimit_ema_m3_307
LOG (gmm-align-compiled[5.5.141~1-40a9d]:main():gmm-align-compiled.cc:127) usctimit_ema_m3_308
LOG (gmm-align-compiled[5.5.141~1-40a9d]:main():gmm-align-compiled.cc:127) usctimit_ema_m3_309
LOG (gmm-align-compiled[5.5.141~1-40a9d]:main():gmm-align-compiled.cc:127) usctimit_ema_m3_310
LOG (gmm-align-compiled[5.5.141~1-40a9d]:main():gmm-align-compiled.cc:127) usctimit_ema_m3_311
LOG (gmm-align-compiled[5.5.141~1-40a9d]:main():gmm-align-compiled.cc:127) usctimit_ema_m3_312
WARNING (gmm-align-compiled[5.5.141~1-40a9d]:AlignUtteranceWrapper():decoder-wrappers.cc:501) Retrying utterance usctimit_ema_m3_312 with beam 40
LOG (gmm-align-compiled[5.5.141~1-40a9d]:main():gmm-align-compiled.cc:127) usctimit_ema_m3_313
LOG (gmm-align-compiled[5.5.141~1-40a9d]:main():gmm-align-compiled.cc:127) usctimit_ema_m3_314
WARNING (gmm-align-compiled[5.5.141~1-40a9d]:AlignUtteranceWrapper():decoder-wrappers.cc:501) Retrying utterance usctimit_ema_m3_314 with beam 40
LOG (gmm-align-compiled[5.5.141~1-40a9d]:main():gmm-align-compiled.cc:127) usctimit_ema_m3_315
LOG (gmm-align-compiled[5.5.141~1-40a9d]:main():gmm-align-compiled.cc:127) usctimit_ema_m3_317
LOG (gmm-align-compiled[5.5.141~1-40a9d]:main():gmm-align-compiled.cc:127) usctimit_ema_m3_318
LOG (gmm-align-compiled[5.5.141~1-40a9d]:main():gmm-align-compiled.cc:127) usctimit_ema_m3_319
LOG (gmm-align-compiled[5.5.141~1-40a9d]:main():gmm-align-compiled.cc:127) usctimit_ema_m3_321
WARNING (gmm-align-compiled[5.5.141~1-40a9d]:AlignUtteranceWrapper():decoder-wrappers.cc:501) Retrying utterance usctimit_ema_m3_321 with beam 40
LOG (gmm-align-compiled[5.5.141~1-40a9d]:main():gmm-align-compiled.cc:127) usctimit_ema_m3_323
LOG (gmm-align-compiled[5.5.141~1-40a9d]:main():gmm-align-compiled.cc:127) usctimit_ema_m3_324
LOG (gmm-align-compiled[5.5.141~1-40a9d]:main():gmm-align-compiled.cc:127) usctimit_ema_m3_325
LOG (gmm-align-compiled[5.5.141~1-40a9d]:main():gmm-align-compiled.cc:127) usctimit_ema_m3_326
LOG (gmm-align-compiled[5.5.141~1-40a9d]:main():gmm-align-compiled.cc:127) usctimit_ema_m3_327
LOG (gmm-align-compiled[5.5.141~1-40a9d]:main():gmm-align-compiled.cc:127) usctimit_ema_m3_328
LOG (gmm-align-compiled[5.5.141~1-40a9d]:main():gmm-align-compiled.cc:127) usctimit_ema_m3_330
WARNING (gmm-align-compiled[5.5.141~1-40a9d]:AlignUtteranceWrapper():decoder-wrappers.cc:501) Retrying utterance usctimit_ema_m3_330 with beam 40
LOG (gmm-align-compiled[5.5.141~1-40a9d]:main():gmm-align-compiled.cc:127) usctimit_ema_m3_331
LOG (gmm-align-compiled[5.5.141~1-40a9d]:main():gmm-align-compiled.cc:127) usctimit_ema_m3_332
LOG (gmm-align-compiled[5.5.141~1-40a9d]:main():gmm-align-compiled.cc:127) usctimit_ema_m3_333
LOG (gmm-align-compiled[5.5.141~1-40a9d]:main():gmm-align-compiled.cc:127) usctimit_ema_m3_334
LOG (gmm-align-compiled[5.5.141~1-40a9d]:main():gmm-align-compiled.cc:127) usctimit_ema_m3_337
LOG (gmm-align-compiled[5.5.141~1-40a9d]:main():gmm-align-compiled.cc:127) usctimit_ema_m3_341
LOG (gmm-align-compiled[5.5.141~1-40a9d]:main():gmm-align-compiled.cc:127) usctimit_ema_m3_343
LOG (gmm-align-compiled[5.5.141~1-40a9d]:main():gmm-align-compiled.cc:127) usctimit_ema_m3_344
LOG (gmm-align-compiled[5.5.141~1-40a9d]:main():gmm-align-compiled.cc:127) usctimit_ema_m3_345
LOG (gmm-align-compiled[5.5.141~1-40a9d]:main():gmm-align-compiled.cc:127) usctimit_ema_m3_346
LOG (gmm-align-compiled[5.5.141~1-40a9d]:main():gmm-align-compiled.cc:127) usctimit_ema_m3_347
LOG (gmm-align-compiled[5.5.141~1-40a9d]:main():gmm-align-compiled.cc:127) usctimit_ema_m3_349
LOG (gmm-align-compiled[5.5.141~1-40a9d]:main():gmm-align-compiled.cc:127) usctimit_ema_m3_350
LOG (gmm-align-compiled[5.5.141~1-40a9d]:main():gmm-align-compiled.cc:127) usctimit_ema_m3_351
LOG (gmm-align-compiled[5.5.141~1-40a9d]:main():gmm-align-compiled.cc:127) usctimit_ema_m3_353
WARNING (gmm-align-compiled[5.5.141~1-40a9d]:AlignUtteranceWrapper():decoder-wrappers.cc:501) Retrying utterance usctimit_ema_m3_353 with beam 40
LOG (gmm-align-compiled[5.5.141~1-40a9d]:main():gmm-align-compiled.cc:127) usctimit_ema_m3_354
LOG (gmm-align-compiled[5.5.141~1-40a9d]:main():gmm-align-compiled.cc:127) usctimit_ema_m3_355
LOG (gmm-align-compiled[5.5.141~1-40a9d]:main():gmm-align-compiled.cc:127) usctimit_ema_m3_356
LOG (gmm-align-compiled[5.5.141~1-40a9d]:main():gmm-align-compiled.cc:127) usctimit_ema_m3_358
LOG (gmm-align-compiled[5.5.141~1-40a9d]:main():gmm-align-compiled.cc:127) usctimit_ema_m3_360
LOG (gmm-align-compiled[5.5.141~1-40a9d]:main():gmm-align-compiled.cc:127) usctimit_ema_m3_361
LOG (gmm-align-compiled[5.5.141~1-40a9d]:main():gmm-align-compiled.cc:127) usctimit_ema_m3_362
LOG (gmm-align-compiled[5.5.141~1-40a9d]:main():gmm-align-compiled.cc:127) usctimit_ema_m3_364
LOG (gmm-align-compiled[5.5.141~1-40a9d]:main():gmm-align-compiled.cc:127) usctimit_ema_m3_365
LOG (gmm-align-compiled[5.5.141~1-40a9d]:main():gmm-align-compiled.cc:127) usctimit_ema_m3_366
LOG (gmm-align-compiled[5.5.141~1-40a9d]:main():gmm-align-compiled.cc:127) usctimit_ema_m3_368
WARNING (gmm-align-compiled[5.5.141~1-40a9d]:AlignUtteranceWrapper():decoder-wrappers.cc:501) Retrying utterance usctimit_ema_m3_368 with beam 40
LOG (gmm-align-compiled[5.5.141~1-40a9d]:main():gmm-align-compiled.cc:127) usctimit_ema_m3_369
LOG (gmm-align-compiled[5.5.141~1-40a9d]:main():gmm-align-compiled.cc:127) usctimit_ema_m3_370
LOG (gmm-align-compiled[5.5.141~1-40a9d]:main():gmm-align-compiled.cc:127) usctimit_ema_m3_371
LOG (gmm-align-compiled[5.5.141~1-40a9d]:main():gmm-align-compiled.cc:127) usctimit_ema_m3_372
LOG (gmm-align-compiled[5.5.141~1-40a9d]:main():gmm-align-compiled.cc:127) usctimit_ema_m3_373
LOG (gmm-align-compiled[5.5.141~1-40a9d]:main():gmm-align-compiled.cc:127) usctimit_ema_m3_375
LOG (gmm-align-compiled[5.5.141~1-40a9d]:main():gmm-align-compiled.cc:127) usctimit_ema_m3_376
LOG (gmm-align-compiled[5.5.141~1-40a9d]:main():gmm-align-compiled.cc:127) usctimit_ema_m3_377
LOG (gmm-align-compiled[5.5.141~1-40a9d]:main():gmm-align-compiled.cc:127) usctimit_ema_m3_378
LOG (gmm-align-compiled[5.5.141~1-40a9d]:main():gmm-align-compiled.cc:127) usctimit_ema_m3_380
LOG (gmm-align-compiled[5.5.141~1-40a9d]:main():gmm-align-compiled.cc:127) usctimit_ema_m3_381
LOG (gmm-align-compiled[5.5.141~1-40a9d]:main():gmm-align-compiled.cc:127) usctimit_ema_m3_382
LOG (gmm-align-compiled[5.5.141~1-40a9d]:main():gmm-align-compiled.cc:127) usctimit_ema_m3_384
LOG (gmm-align-compiled[5.5.141~1-40a9d]:main():gmm-align-compiled.cc:127) usctimit_ema_m3_386
LOG (gmm-align-compiled[5.5.141~1-40a9d]:main():gmm-align-compiled.cc:127) usctimit_ema_m3_387
WARNING (gmm-align-compiled[5.5.141~1-40a9d]:AlignUtteranceWrapper():decoder-wrappers.cc:501) Retrying utterance usctimit_ema_m3_387 with beam 40
LOG (gmm-align-compiled[5.5.141~1-40a9d]:main():gmm-align-compiled.cc:127) usctimit_ema_m3_388
LOG (gmm-align-compiled[5.5.141~1-40a9d]:main():gmm-align-compiled.cc:127) usctimit_ema_m3_389
LOG (gmm-align-compiled[5.5.141~1-40a9d]:main():gmm-align-compiled.cc:127) usctimit_ema_m3_391
LOG (gmm-align-compiled[5.5.141~1-40a9d]:main():gmm-align-compiled.cc:127) usctimit_ema_m3_392
LOG (gmm-align-compiled[5.5.141~1-40a9d]:main():gmm-align-compiled.cc:127) usctimit_ema_m3_393
LOG (gmm-align-compiled[5.5.141~1-40a9d]:main():gmm-align-compiled.cc:127) usctimit_ema_m3_394
LOG (gmm-align-compiled[5.5.141~1-40a9d]:main():gmm-align-compiled.cc:127) usctimit_ema_m3_395
LOG (gmm-align-compiled[5.5.141~1-40a9d]:main():gmm-align-compiled.cc:127) usctimit_ema_m3_396
LOG (gmm-align-compiled[5.5.141~1-40a9d]:main():gmm-align-compiled.cc:127) usctimit_ema_m3_397
LOG (gmm-align-compiled[5.5.141~1-40a9d]:main():gmm-align-compiled.cc:127) usctimit_ema_m3_398
LOG (gmm-align-compiled[5.5.141~1-40a9d]:main():gmm-align-compiled.cc:127) usctimit_ema_m3_399
LOG (gmm-align-compiled[5.5.141~1-40a9d]:main():gmm-align-compiled.cc:127) usctimit_ema_m3_401
LOG (gmm-align-compiled[5.5.141~1-40a9d]:main():gmm-align-compiled.cc:127) usctimit_ema_m3_402
LOG (gmm-align-compiled[5.5.141~1-40a9d]:main():gmm-align-compiled.cc:127) usctimit_ema_m3_403
LOG (gmm-align-compiled[5.5.141~1-40a9d]:main():gmm-align-compiled.cc:127) usctimit_ema_m3_404
LOG (gmm-align-compiled[5.5.141~1-40a9d]:main():gmm-align-compiled.cc:127) usctimit_ema_m3_405
LOG (gmm-align-compiled[5.5.141~1-40a9d]:main():gmm-align-compiled.cc:127) usctimit_ema_m3_406
LOG (gmm-align-compiled[5.5.141~1-40a9d]:main():gmm-align-compiled.cc:127) usctimit_ema_m3_407
LOG (gmm-align-compiled[5.5.141~1-40a9d]:main():gmm-align-compiled.cc:127) usctimit_ema_m3_408
LOG (gmm-align-compiled[5.5.141~1-40a9d]:main():gmm-align-compiled.cc:127) usctimit_ema_m3_409
LOG (gmm-align-compiled[5.5.141~1-40a9d]:main():gmm-align-compiled.cc:127) usctimit_ema_m3_410
LOG (gmm-align-compiled[5.5.141~1-40a9d]:main():gmm-align-compiled.cc:127) usctimit_ema_m3_411
LOG (gmm-align-compiled[5.5.141~1-40a9d]:main():gmm-align-compiled.cc:127) usctimit_ema_m3_412
LOG (gmm-align-compiled[5.5.141~1-40a9d]:main():gmm-align-compiled.cc:127) usctimit_ema_m3_413
LOG (gmm-align-compiled[5.5.141~1-40a9d]:main():gmm-align-compiled.cc:127) usctimit_ema_m3_415
LOG (gmm-align-compiled[5.5.141~1-40a9d]:main():gmm-align-compiled.cc:127) usctimit_ema_m3_416
LOG (gmm-align-compiled[5.5.141~1-40a9d]:main():gmm-align-compiled.cc:127) usctimit_ema_m3_417
LOG (gmm-align-compiled[5.5.141~1-40a9d]:main():gmm-align-compiled.cc:127) usctimit_ema_m3_418
LOG (gmm-align-compiled[5.5.141~1-40a9d]:main():gmm-align-compiled.cc:127) usctimit_ema_m3_419
LOG (gmm-align-compiled[5.5.141~1-40a9d]:main():gmm-align-compiled.cc:127) usctimit_ema_m3_420
LOG (gmm-align-compiled[5.5.141~1-40a9d]:main():gmm-align-compiled.cc:127) usctimit_ema_m3_421
LOG (gmm-align-compiled[5.5.141~1-40a9d]:main():gmm-align-compiled.cc:127) usctimit_ema_m3_422
LOG (gmm-align-compiled[5.5.141~1-40a9d]:main():gmm-align-compiled.cc:127) usctimit_ema_m3_424
LOG (gmm-align-compiled[5.5.141~1-40a9d]:main():gmm-align-compiled.cc:127) usctimit_ema_m3_425
LOG (gmm-align-compiled[5.5.141~1-40a9d]:main():gmm-align-compiled.cc:127) usctimit_ema_m3_426
LOG (gmm-align-compiled[5.5.141~1-40a9d]:main():gmm-align-compiled.cc:127) usctimit_ema_m3_427
LOG (gmm-align-compiled[5.5.141~1-40a9d]:main():gmm-align-compiled.cc:127) usctimit_ema_m3_428
LOG (gmm-align-compiled[5.5.141~1-40a9d]:main():gmm-align-compiled.cc:127) usctimit_ema_m3_430
LOG (gmm-align-compiled[5.5.141~1-40a9d]:main():gmm-align-compiled.cc:127) usctimit_ema_m3_431
LOG (gmm-align-compiled[5.5.141~1-40a9d]:main():gmm-align-compiled.cc:127) usctimit_ema_m3_433
WARNING (gmm-align-compiled[5.5.141~1-40a9d]:AlignUtteranceWrapper():decoder-wrappers.cc:501) Retrying utterance usctimit_ema_m3_433 with beam 40
LOG (gmm-align-compiled[5.5.141~1-40a9d]:main():gmm-align-compiled.cc:127) usctimit_ema_m3_435
LOG (gmm-align-compiled[5.5.141~1-40a9d]:main():gmm-align-compiled.cc:127) usctimit_ema_m3_436
LOG (gmm-align-compiled[5.5.141~1-40a9d]:main():gmm-align-compiled.cc:127) usctimit_ema_m3_437
LOG (gmm-align-compiled[5.5.141~1-40a9d]:main():gmm-align-compiled.cc:127) usctimit_ema_m3_439
LOG (gmm-align-compiled[5.5.141~1-40a9d]:main():gmm-align-compiled.cc:127) usctimit_ema_m3_440
LOG (gmm-align-compiled[5.5.141~1-40a9d]:main():gmm-align-compiled.cc:127) usctimit_ema_m3_441
LOG (gmm-align-compiled[5.5.141~1-40a9d]:main():gmm-align-compiled.cc:127) usctimit_ema_m3_443
LOG (gmm-align-compiled[5.5.141~1-40a9d]:main():gmm-align-compiled.cc:127) usctimit_ema_m3_445
LOG (gmm-align-compiled[5.5.141~1-40a9d]:main():gmm-align-compiled.cc:127) usctimit_ema_m3_447
WARNING (gmm-align-compiled[5.5.141~1-40a9d]:AlignUtteranceWrapper():decoder-wrappers.cc:501) Retrying utterance usctimit_ema_m3_447 with beam 40
LOG (gmm-align-compiled[5.5.141~1-40a9d]:main():gmm-align-compiled.cc:127) usctimit_ema_m3_448
LOG (gmm-align-compiled[5.5.141~1-40a9d]:main():gmm-align-compiled.cc:127) usctimit_ema_m3_449
LOG (gmm-align-compiled[5.5.141~1-40a9d]:main():gmm-align-compiled.cc:127) usctimit_ema_m3_450
WARNING (gmm-align-compiled[5.5.141~1-40a9d]:AlignUtteranceWrapper():decoder-wrappers.cc:501) Retrying utterance usctimit_ema_m3_450 with beam 40
LOG (gmm-align-compiled[5.5.141~1-40a9d]:main():gmm-align-compiled.cc:127) usctimit_ema_m3_451
WARNING (gmm-align-compiled[5.5.141~1-40a9d]:AlignUtteranceWrapper():decoder-wrappers.cc:501) Retrying utterance usctimit_ema_m3_451 with beam 40
LOG (gmm-align-compiled[5.5.141~1-40a9d]:main():gmm-align-compiled.cc:127) usctimit_ema_m3_452
LOG (gmm-align-compiled[5.5.141~1-40a9d]:main():gmm-align-compiled.cc:127) usctimit_ema_m3_453
LOG (apply-cmvn[5.5.141~1-40a9d]:main():apply-cmvn.cc:162) Applied cepstral mean normalization to 739 utterances, errors on 0
LOG (gmm-align-compiled[5.5.141~1-40a9d]:main():gmm-align-compiled.cc:127) usctimit_ema_m3_454
LOG (gmm-align-compiled[5.5.141~1-40a9d]:main():gmm-align-compiled.cc:127) usctimit_ema_m3_455
LOG (gmm-align-compiled[5.5.141~1-40a9d]:main():gmm-align-compiled.cc:127) usctimit_ema_m3_456
LOG (gmm-align-compiled[5.5.141~1-40a9d]:main():gmm-align-compiled.cc:135) Overall log-likelihood per frame is -88.7746 over 331215 frames.
LOG (gmm-align-compiled[5.5.141~1-40a9d]:main():gmm-align-compiled.cc:137) Retried 32 out of 739 utterances.
LOG (gmm-align-compiled[5.5.141~1-40a9d]:main():gmm-align-compiled.cc:139) Done 739, errors on 0
# Accounting: time=25 threads=1
# Ended (code 0) at Mon Dec 24 19:26:33 EET 2018, elapsed time 25 seconds
