# lattice-scale --inv-acoustic-scale=17 "ark:gunzip -c exp/ug/tri1/decode/lat.*.gz|" ark:- | lattice-add-penalty --word-ins-penalty=1.0 ark:- ark:- | lattice-best-path --word-symbol-table=exp/ug/tri1/graph/words.txt ark:- ark,t:- | utils/int2sym.pl -f 2- exp/ug/tri1/graph/words.txt | cat > exp/ug/tri1/decode/scoring_kaldi/penalty_1.0/17.txt 
# Started at Mon Dec 24 20:19:53 EET 2018
#
lattice-add-penalty --word-ins-penalty=1.0 ark:- ark:- 
lattice-best-path --word-symbol-table=exp/ug/tri1/graph/words.txt ark:- ark,t:- 
lattice-scale --inv-acoustic-scale=17 'ark:gunzip -c exp/ug/tri1/decode/lat.*.gz|' ark:- 
LOG (lattice-best-path[5.5.141~1-40a9d]:main():lattice-best-path.cc:99) For utterance usctimit_ema_f1_021, best cost 108.539 + 1359.38 = 1467.92 over 290 frames.
usctimit_ema_f1_021 sil ow m iy l ay er z ah l k n ah n ae n z sil 
LOG (lattice-best-path[5.5.141~1-40a9d]:main():lattice-best-path.cc:99) For utterance usctimit_ema_f1_028, best cost 162.525 + 2396.99 = 2559.51 over 499 frames.
usctimit_ema_f1_028 sil ah m ow s ah k aa aa r d ah s ah t ey n p aa p iy l ae r t iy sil 
LOG (lattice-best-path[5.5.141~1-40a9d]:main():lattice-best-path.cc:99) For utterance usctimit_ema_f1_031, best cost 164.695 + 1928.59 = 2093.29 over 395 frames.
usctimit_ema_f1_031 sil aa r b z k ah l p er ih s l ih z ah k er jh r iy sh ah n z ah n sil 
LOG (lattice-best-path[5.5.141~1-40a9d]:main():lattice-best-path.cc:99) For utterance usctimit_ema_f1_052, best cost 163.892 + 2081.8 = 2245.69 over 431 frames.
usctimit_ema_f1_052 sil k aa s ah n ah g ah l t r eh t uw jh iy ah l aa jh ah l dh iy er iy sil 
LOG (lattice-best-path[5.5.141~1-40a9d]:main():lattice-best-path.cc:99) For utterance usctimit_ema_f1_054, best cost 146.767 + 1766.77 = 1913.54 over 382 frames.
usctimit_ema_f1_054 sil ch ae l ah jh iy ch d eh n ah l s ih n t eh l ah jh ah n s sil 
LOG (lattice-best-path[5.5.141~1-40a9d]:main():lattice-best-path.cc:99) For utterance usctimit_ema_f1_072, best cost 133.859 + 1856.43 = 1990.29 over 403 frames.
usctimit_ema_f1_072 sil s ah n ah n ah z n eh d ih ng k ih b ah k iy er t s sil 
LOG (lattice-best-path[5.5.141~1-40a9d]:main():lattice-best-path.cc:99) For utterance usctimit_ema_f1_078, best cost 129.05 + 2076.63 = 2205.68 over 447 frames.
usctimit_ema_f1_078 sil ah l eh t aa s ah l l aa p z ow k ay n s ah z sil 
LOG (lattice-best-path[5.5.141~1-40a9d]:main():lattice-best-path.cc:99) For utterance usctimit_ema_f1_090, best cost 134.739 + 1645.3 = 1780.04 over 353 frames.
usctimit_ema_f1_090 sil y m ah s t ih k s p ah s ow iy d ah l iy f ay l z sil 
LOG (lattice-best-path[5.5.141~1-40a9d]:main():lattice-best-path.cc:99) For utterance usctimit_ema_f1_105, best cost 155.089 + 2315.36 = 2470.45 over 461 frames.
usctimit_ema_f1_105 sil ah k ay ow iy b aa p ae ay iy n aw k er oy l d aa m l z sil 
LOG (lattice-best-path[5.5.141~1-40a9d]:main():lattice-best-path.cc:99) For utterance usctimit_ema_f1_108, best cost 146.414 + 2239.2 = 2385.61 over 458 frames.
usctimit_ema_f1_108 sil r eh v er z m ey f ah m f aa p ah n ae r n ch iy z sil 
LOG (lattice-best-path[5.5.141~1-40a9d]:main():lattice-best-path.cc:99) For utterance usctimit_ema_f1_111, best cost 136.082 + 1597.43 = 1733.51 over 329 frames.
usctimit_ema_f1_111 sil aa r t eh sh ow n t eh l ah jh ah s ah z f r r iy l sil 
LOG (lattice-best-path[5.5.141~1-40a9d]:main():lattice-best-path.cc:99) For utterance usctimit_ema_f1_115, best cost 129.674 + 1709.49 = 1839.16 over 355 frames.
usctimit_ema_f1_115 sil ey d f ao r ah ae ch uw eh t er b r eh k ah s sil 
LOG (lattice-best-path[5.5.141~1-40a9d]:main():lattice-best-path.cc:99) For utterance usctimit_ema_f1_123, best cost 157.134 + 2338.99 = 2496.12 over 492 frames.
usctimit_ema_f1_123 sil ah b aa ng l l t s p ow s ah t uw ch uw iy t n ih ah sh ao r sil 
LOG (lattice-best-path[5.5.141~1-40a9d]:main():lattice-best-path.cc:99) For utterance usctimit_ema_f1_126, best cost 184.524 + 2129.53 = 2314.05 over 432 frames.
usctimit_ema_f1_126 sil w ih sh l ao aa t ah l w ao z ow p ey ih n iy k ay er f ih k ey sh ah ng sil 
LOG (lattice-best-path[5.5.141~1-40a9d]:main():lattice-best-path.cc:99) For utterance usctimit_ema_f1_134, best cost 123.139 + 1871.89 = 1995.03 over 416 frames.
usctimit_ema_f1_134 sil v iy n iy z k ah z iy n ih z ae k s p ah s ih sil 
LOG (lattice-best-path[5.5.141~1-40a9d]:main():lattice-best-path.cc:99) For utterance usctimit_ema_f1_153, best cost 238.927 + 2955.45 = 3194.37 over 618 frames.
usctimit_ema_f1_153 sil dh ih m ay n iy ah k eh s ah k s k ae l ah d z ih p iy ah t ao l s er b ae ng iy sh ah n r ah n z sil 
LOG (lattice-best-path[5.5.141~1-40a9d]:main():lattice-best-path.cc:99) For utterance usctimit_ema_f1_162, best cost 149.741 + 2262.97 = 2412.71 over 486 frames.
usctimit_ema_f1_162 sil l l k ay l ah jh ih s ih n aw k oy t uw k ey sh ah n l sil 
LOG (lattice-best-path[5.5.141~1-40a9d]:main():lattice-best-path.cc:99) For utterance usctimit_ema_f1_170, best cost 136.751 + 2181.82 = 2318.57 over 459 frames.
usctimit_ema_f1_170 sil er ay s b iy ao m ah d ih k s p eh n s ih k aw m sil 
LOG (lattice-best-path[5.5.141~1-40a9d]:main():lattice-best-path.cc:99) For utterance usctimit_ema_f1_198, best cost 97.321 + 1658.77 = 1756.09 over 368 frames.
usctimit_ema_f1_198 sil ah p er m ah n ah d ey r eh k er s sil 
LOG (lattice-best-path[5.5.141~1-40a9d]:main():lattice-best-path.cc:99) For utterance usctimit_ema_f1_209, best cost 84.4576 + 1556.89 = 1641.35 over 339 frames.
usctimit_ema_f1_209 sil iy ng p er m p l ay n ae n sil 
LOG (lattice-best-path[5.5.141~1-40a9d]:main():lattice-best-path.cc:99) For utterance usctimit_ema_f1_213, best cost 112.022 + 1721.97 = 1833.99 over 358 frames.
usctimit_ema_f1_213 sil ay ah m ay z ao ah k aw n t ay iy n s iy sil 
LOG (lattice-best-path[5.5.141~1-40a9d]:main():lattice-best-path.cc:99) For utterance usctimit_ema_f1_227, best cost 125.943 + 1793.05 = 1918.99 over 386 frames.
usctimit_ema_f1_227 sil b ay iy d y ow b er y ah m ey l ah p ao n er sil 
LOG (lattice-best-path[5.5.141~1-40a9d]:main():lattice-best-path.cc:99) For utterance usctimit_ema_f1_236, best cost 128.835 + 1683.2 = 1812.04 over 358 frames.
usctimit_ema_f1_236 sil ae oy l iy t uw ay k er s ae l ah t r eh s ih ng sil 
LOG (lattice-best-path[5.5.141~1-40a9d]:main():lattice-best-path.cc:99) For utterance usctimit_ema_f1_239, best cost 129.533 + 1877.81 = 2007.35 over 412 frames.
usctimit_ema_f1_239 sil w ih d r ow m iy z m ah ch w ah n iy z iy n iy sil 
LOG (lattice-best-path[5.5.141~1-40a9d]:main():lattice-best-path.cc:99) For utterance usctimit_ema_f1_242, best cost 107.027 + 1678.32 = 1785.35 over 356 frames.
usctimit_ema_f1_242 sil d uw ey t s ih aa r m ah z r ow ah s sil 
LOG (lattice-best-path[5.5.141~1-40a9d]:main():lattice-best-path.cc:99) For utterance usctimit_ema_f1_244, best cost 164.239 + 1863.41 = 2027.65 over 398 frames.
usctimit_ema_f1_244 sil b iy k eh r k ow aa s ah p aa ow v er dh iy f l aw r b ae d z sil 
LOG (lattice-best-path[5.5.141~1-40a9d]:main():lattice-best-path.cc:99) For utterance usctimit_ema_f1_250, best cost 110.785 + 1542.42 = 1653.21 over 346 frames.
usctimit_ema_f1_250 sil dh iy w eh s k r s aa sh m aa t s w iy sil 
LOG (lattice-best-path[5.5.141~1-40a9d]:main():lattice-best-path.cc:99) For utterance usctimit_ema_f1_252, best cost 212.774 + 2605.89 = 2818.66 over 550 frames.
usctimit_ema_f1_252 sil aa s ah b ah l ah d iy t uw w er k w ih th ah t uw p er b ih sh ah n z n ow w er t iy sil 
LOG (lattice-best-path[5.5.141~1-40a9d]:main():lattice-best-path.cc:99) For utterance usctimit_ema_f1_255, best cost 152.377 + 2056.42 = 2208.79 over 428 frames.
usctimit_ema_f1_255 sil dh iy t uw f er th er t eh t uw k ah m r ae uw f ow ae p sil 
LOG (lattice-best-path[5.5.141~1-40a9d]:main():lattice-best-path.cc:99) For utterance usctimit_ema_f1_262, best cost 214.818 + 2734.55 = 2949.37 over 572 frames.
usctimit_ema_f1_262 sil ah s p er sh er ah z k er t ey d r l iy m f ao r m ih f er p r s p eh k d ih ay er sil 
LOG (lattice-best-path[5.5.141~1-40a9d]:main():lattice-best-path.cc:99) For utterance usctimit_ema_f1_286, best cost 120.253 + 1425.6 = 1545.85 over 302 frames.
usctimit_ema_f1_286 ah t ow ch ey z ah z k ae s m er s l ah s l iy sil 
LOG (lattice-best-path[5.5.141~1-40a9d]:main():lattice-best-path.cc:99) For utterance usctimit_ema_f1_297, best cost 155.976 + 2664.41 = 2820.39 over 592 frames.
usctimit_ema_f1_297 sil r iy ah n t aa n ch ah s aa ch k er t uw n z n iy ae ih n sil 
LOG (lattice-best-path[5.5.141~1-40a9d]:main():lattice-best-path.cc:99) For utterance usctimit_ema_f1_299, best cost 145.548 + 2327.42 = 2472.97 over 491 frames.
usctimit_ema_f1_299 sil k aw b ah n ah m b er t iy z t s oy s ao s ay uw ey sil 
LOG (lattice-best-path[5.5.141~1-40a9d]:main():lattice-best-path.cc:99) For utterance usctimit_ema_f1_302, best cost 197.656 + 2657.24 = 2854.89 over 573 frames.
usctimit_ema_f1_302 sil m ah d ow n ah dh ae uw n z t iy d aa t s uw b ah l f r iy ih ng sh aa ih jh sil 
LOG (lattice-best-path[5.5.141~1-40a9d]:main():lattice-best-path.cc:99) For utterance usctimit_ema_f1_311, best cost 188.745 + 2379.63 = 2568.38 over 495 frames.
usctimit_ema_f1_311 sil r ay t ng ch ay l t ah z jh ih l iy s ah d uw b ay s b ih g b r ah dh er sil 
LOG (lattice-best-path[5.5.141~1-40a9d]:main():lattice-best-path.cc:99) For utterance usctimit_ema_f1_317, best cost 216.047 + 3140.77 = 3356.82 over 679 frames.
usctimit_ema_f1_317 sil m ah n iy w ah l p iy t ay k uw n s p ah l er z sh ao p ah l t iy aa n ah s k uw n er sil 
LOG (lattice-best-path[5.5.141~1-40a9d]:main():lattice-best-path.cc:99) For utterance usctimit_ema_f1_320, best cost 154.704 + 2098.44 = 2253.14 over 454 frames.
usctimit_ema_f1_320 sil ah k aa n ah s er w ih n d r ay d iy sh eh l f ih sh t ih jh sil 
LOG (lattice-best-path[5.5.141~1-40a9d]:main():lattice-best-path.cc:99) For utterance usctimit_ema_f1_323, best cost 142.246 + 2098.62 = 2240.87 over 450 frames.
usctimit_ema_f1_323 sil d ae n ah s t l er z ay t t er k oy z n eh k l ah s sil 
LOG (lattice-best-path[5.5.141~1-40a9d]:main():lattice-best-path.cc:99) For utterance usctimit_ema_f1_325, best cost 139.344 + 1861.44 = 2000.78 over 400 frames.
usctimit_ema_f1_325 sil d ao r s eh l d ah m aa ch ah z t ey t ay m d ey z sil 
LOG (lattice-best-path[5.5.141~1-40a9d]:main():lattice-best-path.cc:99) For utterance usctimit_ema_f1_342, best cost 125.078 + 2175.11 = 2300.19 over 452 frames.
usctimit_ema_f1_342 sil sh iy l iy z jh er b s ah b eh n ih s f uw d sil 
LOG (lattice-best-path[5.5.141~1-40a9d]:main():lattice-best-path.cc:99) For utterance usctimit_ema_f1_346, best cost 135.07 + 1543.86 = 1678.93 over 328 frames.
usctimit_ema_f1_346 sil uw l l g ah m ah n iy n uw s t uw t n z iy ch iy er sil 
LOG (lattice-best-path[5.5.141~1-40a9d]:main():lattice-best-path.cc:99) For utterance usctimit_ema_f1_347, best cost 153.709 + 2115.81 = 2269.52 over 452 frames.
usctimit_ema_f1_347 sil er jh ih z p aa r n ay b eh iy ch ih g ae sh ao r d ih jh sil 
LOG (lattice-best-path[5.5.141~1-40a9d]:main():lattice-best-path.cc:99) For utterance usctimit_ema_f1_356, best cost 100.961 + 1454.37 = 1555.33 over 302 frames.
usctimit_ema_f1_356 sil ey ao l ay g l ah hh ay ch aw er z sil 
LOG (lattice-best-path[5.5.141~1-40a9d]:main():lattice-best-path.cc:99) For utterance usctimit_ema_f1_360, best cost 186.689 + 2259.93 = 2446.62 over 462 frames.
usctimit_ema_f1_360 sil ih f ih s dh iy ah s l iy f ay n s ih k l iy n s er p ih z ah s m ah l iy sil 
LOG (lattice-best-path[5.5.141~1-40a9d]:main():lattice-best-path.cc:99) For utterance usctimit_ema_f1_362, best cost 112.285 + 1931.14 = 2043.43 over 430 frames.
usctimit_ema_f1_362 sil dh ih s ah n ow b er r l ah v er n ih er sil 
LOG (lattice-best-path[5.5.141~1-40a9d]:main():lattice-best-path.cc:99) For utterance usctimit_ema_f1_364, best cost 169.72 + 2167.31 = 2337.03 over 457 frames.
usctimit_ema_f1_364 sil ih t ae k s iy k ae b er b d ah n k aa z ah k ae p t ae jh ae n sil 
LOG (lattice-best-path[5.5.141~1-40a9d]:main():lattice-best-path.cc:99) For utterance usctimit_ema_f1_368, best cost 104.945 + 2121.97 = 2226.91 over 450 frames.
usctimit_ema_f1_368 sil n ae n ah t n ih sh s ih m ah t jh sil 
LOG (lattice-best-path[5.5.141~1-40a9d]:main():lattice-best-path.cc:99) For utterance usctimit_ema_f1_382, best cost 170.177 + 2720.06 = 2890.23 over 595 frames.
usctimit_ema_f1_382 sil s n ey sh l ay k l l d ah k ae sh eh l iy l d ih sh k n ae ng sil 
LOG (lattice-best-path[5.5.141~1-40a9d]:main():lattice-best-path.cc:99) For utterance usctimit_ema_f1_394, best cost 189.939 + 2523.49 = 2713.43 over 548 frames.
usctimit_ema_f1_394 sil d iy z ih p er ah s ah k l iy s ih n t ih f l ay k ah l ih s m ah n er s s sil 
LOG (lattice-best-path[5.5.141~1-40a9d]:main():lattice-best-path.cc:99) For utterance usctimit_ema_f1_397, best cost 163.963 + 2359.27 = 2523.23 over 501 frames.
usctimit_ema_f1_397 sil s ah b er n aa s ae ao f n s eh v er f n ah g ae p aa v ih sil 
LOG (lattice-best-path[5.5.141~1-40a9d]:main():lattice-best-path.cc:99) For utterance usctimit_ema_f1_402, best cost 105.967 + 1838.54 = 1944.51 over 401 frames.
usctimit_ema_f1_402 sil er ah s ih n ah t s ih f er n sh iy z sil 
LOG (lattice-best-path[5.5.141~1-40a9d]:main():lattice-best-path.cc:99) For utterance usctimit_ema_f1_405, best cost 126.227 + 2405.09 = 2531.32 over 510 frames.
usctimit_ema_f1_405 sil w ey t n ah g s p er iy ah s t eh p oy r ae sil 
LOG (lattice-best-path[5.5.141~1-40a9d]:main():lattice-best-path.cc:99) For utterance usctimit_ema_f1_451, best cost 179.248 + 2142.04 = 2321.29 over 444 frames.
usctimit_ema_f1_451 sil ch ow d ah n k ah n s ih m eh n iy f er r ah l ah s ih m aa n s ih ng sil 
LOG (lattice-best-path[5.5.141~1-40a9d]:main():lattice-best-path.cc:99) For utterance usctimit_ema_f1_453, best cost 136.87 + 2248.11 = 2384.98 over 476 frames.
usctimit_ema_f1_453 sil w eh n r ow z k r iy ng b iy ng z ih ae r t ah n sil 
LOG (lattice-best-path[5.5.141~1-40a9d]:main():lattice-best-path.cc:99) For utterance usctimit_ema_f1_456, best cost 163.293 + 2073.26 = 2236.56 over 433 frames.
usctimit_ema_f1_456 sil ah m aa s ih d d eh d t ah l ih p ae uw aa t ow z ae r d ih n sil 
LOG (lattice-best-path[5.5.141~1-40a9d]:main():lattice-best-path.cc:99) For utterance usctimit_ema_f1_460, best cost 117.818 + 1525.99 = 1643.81 over 334 frames.
usctimit_ema_f1_460 sil w ih sh t iy ah t ah sh ow z m ah v ah t ah z sil 
LOG (lattice-best-path[5.5.141~1-40a9d]:main():lattice-best-path.cc:99) For utterance usctimit_ema_f5_009, best cost 76.9493 + 1577.97 = 1654.92 over 341 frames.
usctimit_ema_f5_009 sil iy ah l aw ah r l ay sil 
LOG (lattice-best-path[5.5.141~1-40a9d]:main():lattice-best-path.cc:99) For utterance usctimit_ema_f5_011, best cost 42.669 + 1559.8 = 1602.47 over 301 frames.
usctimit_ema_f5_011 sil ae n sil 
LOG (lattice-best-path[5.5.141~1-40a9d]:main():lattice-best-path.cc:99) For utterance usctimit_ema_f5_017, best cost 108.213 + 1733.52 = 1841.74 over 328 frames.
usctimit_ema_f5_017 ae l m ah n iy hh aa r m z ao r s m ae 
LOG (lattice-best-path[5.5.141~1-40a9d]:main():lattice-best-path.cc:99) For utterance usctimit_ema_f5_019, best cost 37.8866 + 1588.59 = 1626.48 over 308 frames.
usctimit_ema_f5_019 sil r iy uw 
LOG (lattice-best-path[5.5.141~1-40a9d]:main():lattice-best-path.cc:99) For utterance usctimit_ema_f5_066, best cost 44.107 + 1854.44 = 1898.55 over 335 frames.
usctimit_ema_f5_066 sil r iy n iy 
LOG (lattice-best-path[5.5.141~1-40a9d]:main():lattice-best-path.cc:99) For utterance usctimit_ema_f5_080, best cost 43.9486 + 2215.52 = 2259.47 over 417 frames.
usctimit_ema_f5_080 sil ah l z sil 
LOG (lattice-best-path[5.5.141~1-40a9d]:main():lattice-best-path.cc:99) For utterance usctimit_ema_f5_081, best cost 112.274 + 1944.62 = 2056.9 over 373 frames.
usctimit_ema_f5_081 sil dh ae s k er ey d t ae k ey sh ah n sil 
LOG (lattice-best-path[5.5.141~1-40a9d]:main():lattice-best-path.cc:99) For utterance usctimit_ema_f5_090, best cost 93.1773 + 1943.5 = 2036.68 over 385 frames.
usctimit_ema_f5_090 sil l iy d ih l iy t f ay l z sil 
LOG (lattice-best-path[5.5.141~1-40a9d]:main():lattice-best-path.cc:99) For utterance usctimit_ema_f5_143, best cost 100.967 + 2282.93 = 2383.89 over 473 frames.
usctimit_ema_f5_143 sil ey sh n ah t ih s ih s n sh ah t sil 
LOG (lattice-best-path[5.5.141~1-40a9d]:main():lattice-best-path.cc:99) For utterance usctimit_ema_f5_144, best cost 166.945 + 2927.02 = 3093.97 over 594 frames.
usctimit_ema_f5_144 sil ah s k ow aa w iy k r z eh n t ah t er n uw b iy aa iy s sil 
LOG (lattice-best-path[5.5.141~1-40a9d]:main():lattice-best-path.cc:99) For utterance usctimit_ema_f5_162, best cost 147.247 + 2318.3 = 2465.54 over 483 frames.
usctimit_ema_f5_162 sil ao l k ao ah jh ah z er n aw k ow ey t ey sh ah n l sil 
LOG (lattice-best-path[5.5.141~1-40a9d]:main():lattice-best-path.cc:99) For utterance usctimit_ema_f5_163, best cost 157.949 + 2594.05 = 2752 over 532 frames.
usctimit_ema_f5_163 sil er s b ao t ay iy n ah z ah jh eh w er z aa n z ah f er iy sil 
LOG (lattice-best-path[5.5.141~1-40a9d]:main():lattice-best-path.cc:99) For utterance usctimit_ema_f5_164, best cost 84.9434 + 1946.43 = 2031.38 over 405 frames.
usctimit_ema_f5_164 sil l uw z d aw ah t uw sil 
LOG (lattice-best-path[5.5.141~1-40a9d]:main():lattice-best-path.cc:99) For utterance usctimit_ema_f5_174, best cost 99.8068 + 1901.12 = 2000.93 over 386 frames.
usctimit_ema_f5_174 sil s er aa t ah f ae sh ah s iy r sil 
LOG (lattice-best-path[5.5.141~1-40a9d]:main():lattice-best-path.cc:99) For utterance usctimit_ema_f5_197, best cost 98.9142 + 1913.02 = 2011.94 over 400 frames.
usctimit_ema_f5_197 sil oy p ah p ah w er m aa m ah sil 
LOG (lattice-best-path[5.5.141~1-40a9d]:main():lattice-best-path.cc:99) For utterance usctimit_ema_f5_208, best cost 54.5614 + 1768.27 = 1822.83 over 373 frames.
usctimit_ema_f5_208 sil iy ow sh ah n sil 
LOG (lattice-best-path[5.5.141~1-40a9d]:main():lattice-best-path.cc:99) For utterance usctimit_ema_f5_233, best cost 132.236 + 3343.89 = 3476.13 over 648 frames.
usctimit_ema_f5_233 l iy sil uw l aw n s eh t er f r iy n iy sil 
LOG (lattice-best-path[5.5.141~1-40a9d]:main():lattice-best-path.cc:99) For utterance usctimit_ema_f5_243, best cost 106.979 + 1799.13 = 1906.11 over 363 frames.
usctimit_ema_f5_243 sil ao l ah d ey ey b r n d ey l s sil 
LOG (lattice-best-path[5.5.141~1-40a9d]:main():lattice-best-path.cc:99) For utterance usctimit_ema_f5_244, best cost 41.9822 + 2090.98 = 2132.96 over 412 frames.
usctimit_ema_f5_244 l aw r sil 
LOG (lattice-best-path[5.5.141~1-40a9d]:main():lattice-best-path.cc:99) For utterance usctimit_ema_f5_272, best cost 82.4974 + 1831.41 = 1913.9 over 364 frames.
usctimit_ema_f5_272 sil ao s eh s oy b iy d z sil 
LOG (lattice-best-path[5.5.141~1-40a9d]:main():lattice-best-path.cc:99) For utterance usctimit_ema_f5_281, best cost 162.929 + 2914.83 = 3077.76 over 565 frames.
usctimit_ema_f5_281 sil m ay d ay er z ah s ah b ah l k ih iy w ah n f ao r m ih sil 
LOG (lattice-best-path[5.5.141~1-40a9d]:main():lattice-best-path.cc:99) For utterance usctimit_ema_f5_304, best cost 145.589 + 3341.34 = 3486.93 over 667 frames.
usctimit_ema_f5_304 sil eh s aa p ay n t r iy z ih oy ah n ah sh ao r s sil 
LOG (lattice-best-path[5.5.141~1-40a9d]:main():lattice-best-path.cc:99) For utterance usctimit_ema_f5_307, best cost 32.6604 + 2085.75 = 2118.41 over 418 frames.
usctimit_ema_f5_307 sil sil 
LOG (lattice-best-path[5.5.141~1-40a9d]:main():lattice-best-path.cc:99) For utterance usctimit_ema_f5_329, best cost 148.732 + 2479.07 = 2627.8 over 535 frames.
usctimit_ema_f5_329 sil ah k ae l w aa d er z r m f aa r m ay iy m ao s t sil 
LOG (lattice-best-path[5.5.141~1-40a9d]:main():lattice-best-path.cc:99) For utterance usctimit_ema_f5_330, best cost 217.033 + 3178.15 = 3395.19 over 611 frames.
usctimit_ema_f5_330 sil iy t ah n t ay m l iy g ah m aa s k ow n s ay ah b r ey s ih s t ah m p aa r t sil 
LOG (lattice-best-path[5.5.141~1-40a9d]:main():lattice-best-path.cc:99) For utterance usctimit_ema_f5_334, best cost 161.858 + 2635.14 = 2797 over 536 frames.
usctimit_ema_f5_334 sil oy s k aa s t ih m iy b l ae k l ah iy eh l ah g eh t sil 
LOG (lattice-best-path[5.5.141~1-40a9d]:main():lattice-best-path.cc:99) For utterance usctimit_ema_f5_336, best cost 102.025 + 1985.75 = 2087.77 over 396 frames.
usctimit_ema_f5_336 sil ah m w ao r n oy ih ng iy ch d iy sil 
LOG (lattice-best-path[5.5.141~1-40a9d]:main():lattice-best-path.cc:99) For utterance usctimit_ema_f5_343, best cost 179.227 + 2384.56 = 2563.78 over 506 frames.
usctimit_ema_f5_343 sil ah jh ah s ah jh eh n ih n uw aa r k iy l aa jh ih k ah m iy z iy ae m sil 
LOG (lattice-best-path[5.5.141~1-40a9d]:main():lattice-best-path.cc:99) For utterance usctimit_ema_f5_348, best cost 62.3817 + 2263.26 = 2325.64 over 455 frames.
usctimit_ema_f5_348 sil er ao r iy ah sil 
LOG (lattice-best-path[5.5.141~1-40a9d]:main():lattice-best-path.cc:99) For utterance usctimit_ema_f5_349, best cost 110.347 + 1890.76 = 2001.11 over 405 frames.
usctimit_ema_f5_349 sil iy z sh ao r d s k er k ow iy s sil 
LOG (lattice-best-path[5.5.141~1-40a9d]:main():lattice-best-path.cc:99) For utterance usctimit_ema_f5_354, best cost 187.037 + 3287.78 = 3474.81 over 679 frames.
usctimit_ema_f5_354 n eh v er dh iy b ih er m ah t r p r sh r r ay z ih z sil ah l sil sil 
LOG (lattice-best-path[5.5.141~1-40a9d]:main():lattice-best-path.cc:99) For utterance usctimit_ema_f5_356, best cost 79.175 + 1173.01 = 1252.18 over 219 frames.
usctimit_ema_f5_356 sil ey ao l eh sil ao l ay k 
LOG (lattice-best-path[5.5.141~1-40a9d]:main():lattice-best-path.cc:99) For utterance usctimit_ema_f5_369, best cost 97.6619 + 2615.04 = 2712.71 over 537 frames.
usctimit_ema_f5_369 sil s t er v ih ng ah t aa p ae sil 
LOG (lattice-best-path[5.5.141~1-40a9d]:main():lattice-best-path.cc:99) For utterance usctimit_ema_f5_375, best cost 106.624 + 2189.37 = 2295.99 over 435 frames.
usctimit_ema_f5_375 sil iy ch f er sh k ih p er s r s t sil 
LOG (lattice-best-path[5.5.141~1-40a9d]:main():lattice-best-path.cc:99) For utterance usctimit_ema_f5_389, best cost 90.5122 + 2856.7 = 2947.21 over 553 frames.
usctimit_ema_f5_389 sil sil uw s iy p iy ch ah z sil 
LOG (lattice-best-path[5.5.141~1-40a9d]:main():lattice-best-path.cc:99) For utterance usctimit_ema_f5_392, best cost 78.9693 + 2853.84 = 2932.81 over 574 frames.
usctimit_ema_f5_392 sil z er k aa n uw z sil 
LOG (lattice-best-path[5.5.141~1-40a9d]:main():lattice-best-path.cc:99) For utterance usctimit_ema_f5_396, best cost 123.162 + 2715.28 = 2838.44 over 518 frames.
usctimit_ema_f5_396 sil er ay d iy s t er n eh v er ch ey n d ih z sil 
LOG (lattice-best-path[5.5.141~1-40a9d]:main():lattice-best-path.cc:99) For utterance usctimit_ema_f5_406, best cost 120.761 + 2560.92 = 2681.68 over 512 frames.
usctimit_ema_f5_406 sil ao r s ih z n ih r l iy ow v er w iy z sil 
LOG (lattice-best-path[5.5.141~1-40a9d]:main():lattice-best-path.cc:99) For utterance usctimit_ema_f5_424, best cost 102.088 + 1744.15 = 1846.24 over 379 frames.
usctimit_ema_f5_424 sil t iy p iy p ah l ih b iy aa n ah d sil 
LOG (lattice-best-path[5.5.141~1-40a9d]:main():lattice-best-path.cc:99) For utterance usctimit_ema_f5_426, best cost 84.8358 + 1846.08 = 1930.91 over 335 frames.
usctimit_ema_f5_426 sil iy iy z iy r iy aa sil w iy iy 
LOG (lattice-best-path[5.5.141~1-40a9d]:main():lattice-best-path.cc:99) For utterance usctimit_ema_f5_431, best cost 100.713 + 2141.77 = 2242.48 over 427 frames.
usctimit_ema_f5_431 sil n ih z ey sh ah n r iy z er z sil 
LOG (lattice-best-path[5.5.141~1-40a9d]:main():lattice-best-path.cc:99) For utterance usctimit_ema_f5_436, best cost 141.381 + 2040.99 = 2182.37 over 405 frames.
usctimit_ema_f5_436 sil hh er b s p er t ey f r k ah l iy k er z ah ng sil 
LOG (lattice-best-path[5.5.141~1-40a9d]:main():lattice-best-path.cc:99) For utterance usctimit_ema_f5_438, best cost 189.84 + 2482.66 = 2672.5 over 498 frames.
usctimit_ema_f5_438 sil w iy ah p l ay ao r iy m ao ey n t ih k ah p iy d er s p iy t r sh ah n sil 
LOG (lattice-best-path[5.5.141~1-40a9d]:main():lattice-best-path.cc:99) For utterance usctimit_ema_f5_447, best cost 142.915 + 2675.42 = 2818.34 over 536 frames.
usctimit_ema_f5_447 sil iy ah n ah dh er ih k s ay d iy b ay s t iy v sil 
LOG (lattice-best-path[5.5.141~1-40a9d]:main():lattice-best-path.cc:99) For utterance usctimit_ema_f5_451, best cost 127.927 + 2818.95 = 2946.88 over 533 frames.
usctimit_ema_f5_451 sil uw m ah n iy f r ih m ah n s ih t ng sil 
LOG (lattice-best-path[5.5.141~1-40a9d]:main():lattice-best-path.cc:99) For utterance usctimit_ema_m1_006, best cost 138.308 + 1841.85 = 1980.16 over 381 frames.
usctimit_ema_m1_006 sil w ay t ae l er w er iy r f er s ah l iy ay d ah m z sil 
LOG (lattice-best-path[5.5.141~1-40a9d]:main():lattice-best-path.cc:99) For utterance usctimit_ema_m1_010, best cost 96.623 + 1421.54 = 1518.17 over 306 frames.
usctimit_ema_m1_010 sil w ih l l d ow eh r iy ah l ih l iy sil 
LOG (lattice-best-path[5.5.141~1-40a9d]:main():lattice-best-path.cc:99) For utterance usctimit_ema_m1_012, best cost 177.809 + 2200.71 = 2378.52 over 456 frames.
usctimit_ema_m1_012 sil ao r th er s t ih z ih k s ae m r v y uw eh v r iy f ao r m l ah sil 
LOG (lattice-best-path[5.5.141~1-40a9d]:main():lattice-best-path.cc:99) For utterance usctimit_ema_m1_051, best cost 158.007 + 2093.96 = 2251.97 over 421 frames.
usctimit_ema_m1_051 sil er b iy uw sh ah n b ow b iy k r ey t l iy ah p r sh iy ey d sil 
LOG (lattice-best-path[5.5.141~1-40a9d]:main():lattice-best-path.cc:99) For utterance usctimit_ema_m1_090, best cost 143.791 + 1733.73 = 1877.52 over 356 frames.
usctimit_ema_m1_090 sil uw m ah s t ih k s p l s ah t l iy b ih l iy f ay l z sil 
LOG (lattice-best-path[5.5.141~1-40a9d]:main():lattice-best-path.cc:99) For utterance usctimit_ema_m1_095, best cost 166.104 + 2042.9 = 2209 over 420 frames.
usctimit_ema_m1_095 sil dh iy b eh s w ey ch ih l er z ah s aa l t er p r aa b ow m z sil 
LOG (lattice-best-path[5.5.141~1-40a9d]:main():lattice-best-path.cc:99) For utterance usctimit_ema_m1_098, best cost 151.473 + 1962.84 = 2114.32 over 421 frames.
usctimit_ema_m1_098 sil ah m ah s k y ah l er ae d ah n ih s k ih f er iy r b ae k sil 
LOG (lattice-best-path[5.5.141~1-40a9d]:main():lattice-best-path.cc:99) For utterance usctimit_ema_m1_099, best cost 165.708 + 2286.56 = 2452.26 over 495 frames.
usctimit_ema_m1_099 sil ah k aa r t uw n f iy ch er z ah m ah s k r ae t t ae b p ah l sil 
LOG (lattice-best-path[5.5.141~1-40a9d]:main():lattice-best-path.cc:99) For utterance usctimit_ema_m1_137, best cost 199.628 + 2391.04 = 2590.67 over 499 frames.
usctimit_ema_m1_137 sil ah l ae s t ih k ae p ah t uw t ih z jh eh jh b ay s t eh d er t ay z t ae s sil 
LOG (lattice-best-path[5.5.141~1-40a9d]:main():lattice-best-path.cc:99) For utterance usctimit_ema_m1_139, best cost 190.308 + 2600.55 = 2790.86 over 571 frames.
usctimit_ema_m1_139 sil ah w ao v er k ah n t ey n t uw m ah ch k ao r iy n ah n s t aa m z ay z sil 
LOG (lattice-best-path[5.5.141~1-40a9d]:main():lattice-best-path.cc:99) For utterance usctimit_ema_m1_145, best cost 220.079 + 2667.72 = 2887.8 over 546 frames.
usctimit_ema_m1_145 sil uw p r k aa sh ih iy ae l aa z b ay t k ah m p aw t er f er dh ah s t r aa n k ow l sil 
LOG (lattice-best-path[5.5.141~1-40a9d]:main():lattice-best-path.cc:99) For utterance usctimit_ema_m1_158, best cost 195.853 + 2729.28 = 2925.13 over 573 frames.
usctimit_ema_m1_158 sil b ay f er r ah k ao r f er k ao er s ah t uw r sh ah n eh k s p er t iy z sil 
LOG (lattice-best-path[5.5.141~1-40a9d]:main():lattice-best-path.cc:99) For utterance usctimit_ema_m1_160, best cost 223.974 + 2469.01 = 2692.98 over 512 frames.
usctimit_ema_m1_160 sil sh iy ng k er jh t er ch ih l d ah n t ih m ey k eh er ow n hh aw w iy n k aa s t uw m sil 
LOG (lattice-best-path[5.5.141~1-40a9d]:main():lattice-best-path.cc:99) For utterance usctimit_ema_m1_162, best cost 162.028 + 2356.6 = 2518.63 over 506 frames.
usctimit_ema_m1_162 sil ow m ah ao l k aa l ah jh ah s aa n aw k ow ah ch ey sh ah ah l sil 
LOG (lattice-best-path[5.5.141~1-40a9d]:main():lattice-best-path.cc:99) For utterance usctimit_ema_m1_164, best cost 87.9467 + 1933 = 2020.95 over 407 frames.
usctimit_ema_m1_164 sil sil k l uw t ae ow t t uw sil 
LOG (lattice-best-path[5.5.141~1-40a9d]:main():lattice-best-path.cc:99) For utterance usctimit_ema_m1_166, best cost 125.906 + 1706.15 = 1832.06 over 380 frames.
usctimit_ema_m1_166 sil ah k ae t s m iy ah l iy s hh er t m ay iy er z sil 
LOG (lattice-best-path[5.5.141~1-40a9d]:main():lattice-best-path.cc:99) For utterance usctimit_ema_m1_169, best cost 109.92 + 1537.58 = 1647.5 over 346 frames.
usctimit_ema_m1_169 sil ey ao f ng g ow aw t ih m iy iy t ih ng sil 
LOG (lattice-best-path[5.5.141~1-40a9d]:main():lattice-best-path.cc:99) For utterance usctimit_ema_m1_179, best cost 116.747 + 1675.71 = 1792.46 over 365 frames.
usctimit_ema_m1_179 sil d r ao iy ch g r ae f ah n uw ae k s ah s sil 
LOG (lattice-best-path[5.5.141~1-40a9d]:main():lattice-best-path.cc:99) For utterance usctimit_ema_m1_183, best cost 160.272 + 2476.7 = 2636.97 over 544 frames.
usctimit_ema_m1_183 sil ah p r ch er t er v iy l ih s t ae ch uw eh s k m p ow jh er sil 
LOG (lattice-best-path[5.5.141~1-40a9d]:main():lattice-best-path.cc:99) For utterance usctimit_ema_m1_193, best cost 169.296 + 2571.1 = 2740.39 over 545 frames.
usctimit_ema_m1_193 sil ay g ih n s ah ch oy s ih z ah m ah p eh n p r ay ao r t iy z sil 
LOG (lattice-best-path[5.5.141~1-40a9d]:main():lattice-best-path.cc:99) For utterance usctimit_ema_m1_204, best cost 84.7078 + 1554.02 = 1638.73 over 353 frames.
usctimit_ema_m1_204 sil hh aa g uw jh er n d er n s sil 
LOG (lattice-best-path[5.5.141~1-40a9d]:main():lattice-best-path.cc:99) For utterance usctimit_ema_m1_209, best cost 91.3216 + 1573.59 = 1664.91 over 352 frames.
usctimit_ema_m1_209 sil ay t l z n f er m p l ah n ah sil 
LOG (lattice-best-path[5.5.141~1-40a9d]:main():lattice-best-path.cc:99) For utterance usctimit_ema_m1_224, best cost 133.001 + 1893 = 2026 over 406 frames.
usctimit_ema_m1_224 sil ay dh ah v r iy oy s t er ah n ao r z p l ey t sil 
LOG (lattice-best-path[5.5.141~1-40a9d]:main():lattice-best-path.cc:99) For utterance usctimit_ema_m1_229, best cost 163.959 + 1821.64 = 1985.6 over 395 frames.
usctimit_ema_m1_229 sil m ay d iy ow m ao r n ih ng b iy g ih n z ow hh aa t k aa f iy sil 
LOG (lattice-best-path[5.5.141~1-40a9d]:main():lattice-best-path.cc:99) For utterance usctimit_ema_m1_237, best cost 150.193 + 2151.14 = 2301.33 over 450 frames.
usctimit_ema_m1_237 sil w iy s ao t iy t ay n iy ay s ah k ah l z b ah l ow r f sil 
LOG (lattice-best-path[5.5.141~1-40a9d]:main():lattice-best-path.cc:99) For utterance usctimit_ema_m1_265, best cost 176.134 + 2241.25 = 2417.38 over 470 frames.
usctimit_ema_m1_265 sil p l iy z t ey k ih s t er t iy t eh b ah l k l aa er s f ao r m iy sil 
LOG (lattice-best-path[5.5.141~1-40a9d]:main():lattice-best-path.cc:99) For utterance usctimit_ema_m1_269, best cost 173.55 + 2208.24 = 2381.79 over 491 frames.
usctimit_ema_m1_269 sil ay b r ah dh er n aa t b ay dh ow z sh uw z dh ah b iy r ch aa er ch sil 
LOG (lattice-best-path[5.5.141~1-40a9d]:main():lattice-best-path.cc:99) For utterance usctimit_ema_m1_277, best cost 108.394 + 1501.09 = 1609.48 over 337 frames.
usctimit_ema_m1_277 sil dh iy m iy t ih ng ih z n aw ah jh er d sil 
LOG (lattice-best-path[5.5.141~1-40a9d]:main():lattice-best-path.cc:99) For utterance usctimit_ema_m1_302, best cost 251.957 + 3453.36 = 3705.32 over 706 frames.
usctimit_ema_m1_302 ah l d ah t eh l t m ey l b ah p uw n z t iy t ah n aa t s ih b ah l f r iy t ih ng sh eh l f ih jh sil 
LOG (lattice-best-path[5.5.141~1-40a9d]:main():lattice-best-path.cc:99) For utterance usctimit_ema_m1_303, best cost 128.781 + 1903.2 = 2031.98 over 415 frames.
usctimit_ema_m1_303 ao f ah n d iy g ih p ae k m ao r dh n iy p ah n sil 
LOG (lattice-best-path[5.5.141~1-40a9d]:main():lattice-best-path.cc:99) For utterance usctimit_ema_m1_317, best cost 241.05 + 3345.96 = 3587.01 over 731 frames.
usctimit_ema_m1_317 sil sil m ah n iy w eh l f iy t ay k uw n s p l er jh t ah n b aa t p ow f ih g y aa ah s k uw er sil 
LOG (lattice-best-path[5.5.141~1-40a9d]:main():lattice-best-path.cc:99) For utterance usctimit_ema_m1_320, best cost 168.752 + 2159.78 = 2328.53 over 468 frames.
usctimit_ema_m1_320 sil ah k aa m ah s ow ao r w n jh ow oy dh ih z sh ih l f ih sh d ih sh 
LOG (lattice-best-path[5.5.141~1-40a9d]:main():lattice-best-path.cc:99) For utterance usctimit_ema_m1_322, best cost 141.476 + 1915.02 = 2056.5 over 422 frames.
usctimit_ema_m1_322 sil ow l f ah n s ow n t eh l ah jh ah r iy n ae m ah l z sil 
LOG (lattice-best-path[5.5.141~1-40a9d]:main():lattice-best-path.cc:99) For utterance usctimit_ema_m1_336, best cost 177.228 + 2272.07 = 2449.3 over 475 frames.
usctimit_ema_m1_336 sil ay n oy z p r ow m g ow z p r ow z m ao r n oy ih ng iy ch ey iy 
LOG (lattice-best-path[5.5.141~1-40a9d]:main():lattice-best-path.cc:99) For utterance usctimit_ema_m1_338, best cost 160.548 + 2336.89 = 2497.44 over 511 frames.
usctimit_ema_m1_338 sil d ay g r ae m ey k s eh n z ah l iy ae f er m ah s t eh t iy 
LOG (lattice-best-path[5.5.141~1-40a9d]:main():lattice-best-path.cc:99) For utterance usctimit_ema_m1_340, best cost 128.418 + 1481.86 = 1610.28 over 316 frames.
usctimit_ema_m1_340 sil jh ow n k l iy n sh ih l f ih f ao r l ih ih ng sil 
LOG (lattice-best-path[5.5.141~1-40a9d]:main():lattice-best-path.cc:99) For utterance usctimit_ema_m1_344, best cost 128.075 + 2042.59 = 2170.67 over 454 frames.
usctimit_ema_m1_344 sil p ae m k iy ah s t r ay v ih ng w er z t ey s 
LOG (lattice-best-path[5.5.141~1-40a9d]:main():lattice-best-path.cc:99) For utterance usctimit_ema_m1_347, best cost 163.08 + 2247.85 = 2410.93 over 467 frames.
usctimit_ema_m1_347 sil t ao r jh p eh r oy d ih b aw t t r iy g ae sh ao r d ih jh 
LOG (lattice-best-path[5.5.141~1-40a9d]:main():lattice-best-path.cc:99) For utterance usctimit_ema_m1_350, best cost 150.883 + 1582.25 = 1733.13 over 337 frames.
usctimit_ema_m1_350 sil sh ow l d er f eh l t ih z ih t er w er b r ow k ah n sil 
LOG (lattice-best-path[5.5.141~1-40a9d]:main():lattice-best-path.cc:99) For utterance usctimit_ema_m1_360, best cost 235.203 + 2447.41 = 2682.62 over 500 frames.
usctimit_ema_m1_360 ah f ih sh b iy ae n z ah l iy p f r eh n t ih k l iy ao n dh iy s er f ah s ah dh iy s m ah l ey k sil 
LOG (lattice-best-path[5.5.141~1-40a9d]:main():lattice-best-path.cc:99) For utterance usctimit_ema_m1_361, best cost 158.592 + 1817.76 = 1976.35 over 383 frames.
usctimit_ema_m1_361 t ih n t ey s sh iy l ah t ih s iy m uw v iy s t w ah s uw w iy t 
LOG (lattice-best-path[5.5.141~1-40a9d]:main():lattice-best-path.cc:99) For utterance usctimit_ema_m1_367, best cost 152.742 + 2244.97 = 2397.71 over 492 frames.
usctimit_ema_m1_367 sil aa r b er p ey p er l iy iy t ah n b ih g b aa n f ay er 
LOG (lattice-best-path[5.5.141~1-40a9d]:main():lattice-best-path.cc:99) For utterance usctimit_ema_m1_368, best cost 125.682 + 2235.04 = 2360.73 over 474 frames.
usctimit_ema_m1_368 sil k ao r sh ih ah n r t uw th ih sh z ae n jh 
LOG (lattice-best-path[5.5.141~1-40a9d]:main():lattice-best-path.cc:99) For utterance usctimit_ema_m1_375, best cost 188.155 + 2202.86 = 2391.01 over 464 frames.
usctimit_ema_m1_375 sil ay r ih sh y ow n s t er s iy iy f er sh t ah p er s f er b er k t ah s sil 
LOG (lattice-best-path[5.5.141~1-40a9d]:main():lattice-best-path.cc:99) For utterance usctimit_ema_m1_394, best cost 197.888 + 2586.9 = 2784.79 over 547 frames.
usctimit_ema_m1_394 sil l y uw z ah n ah g r s ah v p ah l iy s m t f l ay k f aa b z m ow d er s 
LOG (lattice-best-path[5.5.141~1-40a9d]:main():lattice-best-path.cc:99) For utterance usctimit_ema_m1_400, best cost 166.61 + 1828.15 = 1994.76 over 382 frames.
usctimit_ema_m1_400 sil w ah z dh ih s l aa r ch dh ih ng b ay dh iy ay er n ih ng t ao r t 
LOG (lattice-best-path[5.5.141~1-40a9d]:main():lattice-best-path.cc:99) For utterance usctimit_ema_m1_432, best cost 71.194 + 1280.63 = 1351.83 over 285 frames.
usctimit_ema_m1_432 sil ah l aw l iy w ey iy er sil 
LOG (lattice-best-path[5.5.141~1-40a9d]:main():lattice-best-path.cc:99) For utterance usctimit_ema_m3_010, best cost 82.4294 + 1521.62 = 1604.05 over 327 frames.
usctimit_ema_m3_010 sil w ow er ah w eh r y ih l iy 
LOG (lattice-best-path[5.5.141~1-40a9d]:main():lattice-best-path.cc:99) For utterance usctimit_ema_m3_044, best cost 137.831 + 2368.82 = 2506.65 over 472 frames.
usctimit_ema_m3_044 sil ah l ae k ah g iy k ah p aa d ah t ah t r iy n s ah z 
LOG (lattice-best-path[5.5.141~1-40a9d]:main():lattice-best-path.cc:99) For utterance usctimit_ema_m3_068, best cost 132.59 + 2061.77 = 2194.36 over 441 frames.
usctimit_ema_m3_068 sil ih t s ah p aa s ah l ah jh iy w ih p uw aa k r s iy 
LOG (lattice-best-path[5.5.141~1-40a9d]:main():lattice-best-path.cc:99) For utterance usctimit_ema_m3_071, best cost 186.313 + 2233.03 = 2419.35 over 439 frames.
usctimit_ema_m3_071 k ao p er ey sh ah l ao ng f ah n er s t ae n ih ng l iy v ey t uw s p iy t 
LOG (lattice-best-path[5.5.141~1-40a9d]:main():lattice-best-path.cc:99) For utterance usctimit_ema_m3_080, best cost 92.1514 + 2292.63 = 2384.78 over 411 frames.
usctimit_ema_m3_080 sil ah t ow ih z ae l ih dh iy ah s sil 
LOG (lattice-best-path[5.5.141~1-40a9d]:main():lattice-best-path.cc:99) For utterance usctimit_ema_m3_101, best cost 112.343 + 1579.52 = 1691.87 over 307 frames.
usctimit_ema_m3_101 sil k l ae f ah s k er uw ih n ao f t hh ae n 
LOG (lattice-best-path[5.5.141~1-40a9d]:main():lattice-best-path.cc:99) For utterance usctimit_ema_m3_113, best cost 127.347 + 1852.33 = 1979.68 over 382 frames.
usctimit_ema_m3_113 sil l aa f ao r m uw v iy z hh ah s ah b t ay l z 
LOG (lattice-best-path[5.5.141~1-40a9d]:main():lattice-best-path.cc:99) For utterance usctimit_ema_m3_129, best cost 126.151 + 1993.07 = 2119.22 over 411 frames.
usctimit_ema_m3_129 sil t uw m ah ch k er iy ae s ih iy k ih iy t r ow l 
LOG (lattice-best-path[5.5.141~1-40a9d]:main():lattice-best-path.cc:99) For utterance usctimit_ema_m3_141, best cost 143.848 + 1782.11 = 1925.96 over 354 frames.
usctimit_ema_m3_141 r ih m uw v ih s p ah n t er w ih th ah t er p w iy s er z 
LOG (lattice-best-path[5.5.141~1-40a9d]:main():lattice-best-path.cc:99) For utterance usctimit_ema_m3_147, best cost 124.215 + 2127.64 = 2251.86 over 438 frames.
usctimit_ema_m3_147 sil dh eh r m ey n l ih f ao m f r ae n ey n z 
LOG (lattice-best-path[5.5.141~1-40a9d]:main():lattice-best-path.cc:99) For utterance usctimit_ema_m3_192, best cost 142.773 + 2126.47 = 2269.25 over 428 frames.
usctimit_ema_m3_192 sil ah l ih b eh s p l ih r z n jh oy p aa p ih l er t iy 
LOG (lattice-best-path[5.5.141~1-40a9d]:main():lattice-best-path.cc:99) For utterance usctimit_ema_m3_203, best cost 145.103 + 1982.51 = 2127.62 over 419 frames.
usctimit_ema_m3_203 sil p ah t dh iy b ah t er t l ae k t ey b ah l ah k er aa zh 
LOG (lattice-best-path[5.5.141~1-40a9d]:main():lattice-best-path.cc:99) For utterance usctimit_ema_m3_260, best cost 181.842 + 2178.67 = 2360.51 over 446 frames.
usctimit_ema_m3_260 sil b r sh f ay er z er k aa n ah d r ay aa n er b r ah sh ah dh ae d ah sil 
LOG (lattice-best-path[5.5.141~1-40a9d]:main():lattice-best-path.cc:99) For utterance usctimit_ema_m3_267, best cost 149.645 + 2522.2 = 2671.84 over 519 frames.
usctimit_ema_m3_267 sil ah k ae k ah m s m aa r l t ae v er r ey jh ih m iy t uw 
LOG (lattice-best-path[5.5.141~1-40a9d]:main():lattice-best-path.cc:99) For utterance usctimit_ema_m3_282, best cost 219.175 + 3226.61 = 3445.79 over 657 frames.
usctimit_ema_m3_282 sil dh iy ae n t er z ah l b iy s r ih f ao r t ah k iy th ih g ah t er k er f l iy f er s t 
LOG (lattice-best-path[5.5.141~1-40a9d]:main():lattice-best-path.cc:99) For utterance usctimit_ema_m3_300, best cost 145.556 + 2165.12 = 2310.68 over 450 frames.
usctimit_ema_m3_300 sil dh iy b ih g aa t l l t uw ah n iy ow l d r ay t ah l sil 
LOG (lattice-best-path[5.5.141~1-40a9d]:main():lattice-best-path.cc:99) For utterance usctimit_ema_m3_316, best cost 227.023 + 2882.82 = 3109.85 over 569 frames.
usctimit_ema_m3_316 sil dh iy p r iy s k l er k ah n b er w oy t er f iy l ih ng z aa b iy m er t ah d ih sh ah sil 
LOG (lattice-best-path[5.5.141~1-40a9d]:main():lattice-best-path.cc:99) For utterance usctimit_ema_m3_320, best cost 149.265 + 2181.94 = 2331.2 over 447 frames.
usctimit_ema_m3_320 sil ah k aa s ow er l ah jh oy dh ih sh eh l f ih sh d ih sh sil 
LOG (lattice-best-path[5.5.141~1-40a9d]:main():lattice-best-path.cc:99) For utterance usctimit_ema_m3_335, best cost 159.051 + 2307.32 = 2466.37 over 449 frames.
usctimit_ema_m3_335 sil b aa p iy p er t ow z ah ah w er dh ih l ah th iy r n ih er l z 
LOG (lattice-best-path[5.5.141~1-40a9d]:main():lattice-best-path.cc:99) For utterance usctimit_ema_m3_336, best cost 135.817 + 1905.66 = 2041.48 over 372 frames.
usctimit_ema_m3_336 dh eh n oy z p aa w ow z m ao r n ow ey ch d ey sil 
LOG (lattice-best-path[5.5.141~1-40a9d]:main():lattice-best-path.cc:99) For utterance usctimit_ema_m3_338, best cost 169.546 + 2379.31 = 2548.86 over 500 frames.
usctimit_ema_m3_338 sil ah d ay ah r ey m ey k s ah n s ah l iy ae ch r m ah ch d eh t iy sil 
LOG (lattice-best-path[5.5.141~1-40a9d]:main():lattice-best-path.cc:99) For utterance usctimit_ema_m3_339, best cost 145.7 + 1998 = 2143.7 over 423 frames.
usctimit_ema_m3_339 sil ah b ao r ih n aa l uw s ah p er b s l iy p iy b ih l sil 
LOG (lattice-best-path[5.5.141~1-40a9d]:main():lattice-best-path.cc:99) For utterance usctimit_ema_m3_357, best cost 151.065 + 2330.62 = 2481.68 over 462 frames.
usctimit_ema_m3_357 iy aa m ae s k iy ah p er d ih k r aa iy l d ih s ah p ih r d 
LOG (lattice-best-path[5.5.141~1-40a9d]:main():lattice-best-path.cc:99) For utterance usctimit_ema_m3_359, best cost 136.868 + 1908.72 = 2045.58 over 389 frames.
usctimit_ema_m3_359 sil k eh l s iy m ey t uw b ow n d t iy t s r ao l d 
LOG (lattice-best-path[5.5.141~1-40a9d]:main():lattice-best-path.cc:99) For utterance usctimit_ema_m3_379, best cost 160.22 + 2368.61 = 2528.83 over 477 frames.
usctimit_ema_m3_379 sil ay r s ih ng s ih z uw ih z ah l ih n s p eh n ih s iy p r ah z 
LOG (lattice-best-path[5.5.141~1-40a9d]:main():lattice-best-path.cc:99) For utterance usctimit_ema_m3_385, best cost 117.706 + 1704.46 = 1822.16 over 354 frames.
usctimit_ema_m3_385 ah r iy k ae b iy jh iy p ey d ih g ao f ah n sil 
LOG (lattice-best-path[5.5.141~1-40a9d]:main():lattice-best-path.cc:99) For utterance usctimit_ema_m3_390, best cost 197.218 + 2143.3 = 2340.51 over 428 frames.
usctimit_ema_m3_390 sil dh iy ow v r ey ch aa r b er k ah d s l ih p oy z n ih d eh n iy w ah n z t iy 
LOG (lattice-best-path[5.5.141~1-40a9d]:main():lattice-best-path.cc:99) For utterance usctimit_ema_m3_423, best cost 158.118 + 2520.84 = 2678.96 over 495 frames.
usctimit_ema_m3_423 sil ow s ah n f er jh ow s er n ae ch ow z er sh aw n ih f er t 
LOG (lattice-best-path[5.5.141~1-40a9d]:main():lattice-best-path.cc:99) For utterance usctimit_ema_m3_434, best cost 81.1776 + 1350.65 = 1431.83 over 285 frames.
usctimit_ema_m3_434 sil r ae sh l ay z ao l ih er z 
LOG (lattice-best-path[5.5.141~1-40a9d]:main():lattice-best-path.cc:99) For utterance usctimit_ema_m3_438, best cost 160.515 + 2498.88 = 2659.4 over 495 frames.
usctimit_ema_m3_438 sil w iy p l ay aa t r b ao ih ng t ih p ih p iy t er s b iy t r 
LOG (lattice-best-path[5.5.141~1-40a9d]:main():lattice-best-path.cc:99) For utterance usctimit_ema_m3_442, best cost 136.447 + 1951.14 = 2087.58 over 404 frames.
usctimit_ema_m3_442 sil w ih ay k l iy ch iy s b ah b ih k uw ay k s p r iy 
LOG (lattice-best-path[5.5.141~1-40a9d]:main():lattice-best-path.cc:99) For utterance usctimit_ema_m3_444, best cost 207.514 + 2987.59 = 3195.1 over 603 frames.
usctimit_ema_m3_444 r aa b iy g eh r ey n l aa sh r b ih n er ih n d uw s p er iy p ay f er t z er t sil 
LOG (lattice-scale[5.5.141~1-40a9d]:main():lattice-scale.cc:107) Done 183 lattices.
LOG (lattice-best-path[5.5.141~1-40a9d]:main():lattice-best-path.cc:99) For utterance usctimit_ema_m3_457, best cost 206.926 + 2713.95 = 2920.87 over 560 frames.
usctimit_ema_m3_457 sil k aa f iy ah z k er n ah n s iy jh eh m b ah l ay k s l ow p s ah n t eh b r ih z 
LOG (lattice-best-path[5.5.141~1-40a9d]:main():lattice-best-path.cc:99) For utterance usctimit_ema_m3_458, best cost 203.748 + 2590.22 = 2793.97 over 535 frames.
LOG (lattice-add-penalty[5.5.141~1-40a9d]:main():lattice-add-penalty.cc:62) Done adding word insertion penalty to 183 lattices.
usctimit_ema_m3_458 sil dh eh t s t iy ng d ey p er w ao z k aa z b ay k l er ay d ey p r ih s ey sh ah 
LOG (lattice-best-path[5.5.141~1-40a9d]:main():lattice-best-path.cc:99) For utterance usctimit_ema_m3_460, best cost 106.798 + 2342.69 = 2449.49 over 497 frames.
usctimit_ema_m3_460 sil w ih ch dh iy er sh ow z l ah t uw s sil 
LOG (lattice-best-path[5.5.141~1-40a9d]:main():lattice-best-path.cc:124) Overall cost per frame is 5.13268 = 0.315471 [graph] + 4.81721 [acoustic] over 81821 frames.
LOG (lattice-best-path[5.5.141~1-40a9d]:main():lattice-best-path.cc:128) Done 183 lattices, failed for 0
# Accounting: time=1 threads=1
# Ended (code 0) at Mon Dec 24 20:19:54 EET 2018, elapsed time 1 seconds
