# lattice-scale --inv-acoustic-scale=14 "ark:gunzip -c exp/ug/mono/decode/lat.*.gz|" ark:- | lattice-add-penalty --word-ins-penalty=0.5 ark:- ark:- | lattice-best-path --word-symbol-table=exp/ug/mono/graph/words.txt ark:- ark,t:- | utils/int2sym.pl -f 2- exp/ug/mono/graph/words.txt | cat > exp/ug/mono/decode/scoring_kaldi/penalty_0.5/14.txt 
# Started at Mon Dec 24 19:58:37 EET 2018
#
lattice-scale --inv-acoustic-scale=14 'ark:gunzip -c exp/ug/mono/decode/lat.*.gz|' ark:- 
lattice-add-penalty --word-ins-penalty=0.5 ark:- ark:- 
lattice-best-path --word-symbol-table=exp/ug/mono/graph/words.txt ark:- ark,t:- 
LOG (lattice-best-path[5.5.141~1-40a9d]:main():lattice-best-path.cc:99) For utterance usctimit_ema_f1_021, best cost 71.5334 + 1684.86 = 1756.4 over 290 frames.
usctimit_ema_f1_021 aa m iy oy r s aa ah n er z 
LOG (lattice-best-path[5.5.141~1-40a9d]:main():lattice-best-path.cc:99) For utterance usctimit_ema_f1_028, best cost 131.285 + 2969.33 = 3100.61 over 499 frames.
usctimit_ema_f1_028 l ah uw z ih k ah ah t er ih s ah t ey p aa y l ae r ey iy 
LOG (lattice-best-path[5.5.141~1-40a9d]:main():lattice-best-path.cc:99) For utterance usctimit_ema_f1_031, best cost 99.8115 + 2397.25 = 2497.06 over 395 frames.
usctimit_ema_f1_031 aa s l r s l l z er d iy sh n r z n sil 
LOG (lattice-best-path[5.5.141~1-40a9d]:main():lattice-best-path.cc:99) For utterance usctimit_ema_f1_052, best cost 106.989 + 2600.85 = 2707.84 over 431 frames.
usctimit_ema_f1_052 aa s ah l t eh t z jh iy l aa d ah f iy er iy 
LOG (lattice-best-path[5.5.141~1-40a9d]:main():lattice-best-path.cc:99) For utterance usctimit_ema_f1_054, best cost 87.0828 + 2223.44 = 2310.53 over 382 frames.
usctimit_ema_f1_054 ch aa n s iy ch eh s n t l jh n z 
LOG (lattice-best-path[5.5.141~1-40a9d]:main():lattice-best-path.cc:99) For utterance usctimit_ema_f1_072, best cost 84.1682 + 2318.2 = 2402.37 over 403 frames.
usctimit_ema_f1_072 s ih n z eh d ey f ih k iy r k s 
LOG (lattice-best-path[5.5.141~1-40a9d]:main():lattice-best-path.cc:99) For utterance usctimit_ema_f1_078, best cost 100.197 + 2574.38 = 2674.58 over 447 frames.
usctimit_ema_f1_078 l eh t aa s l iy z aa t ow p ay n s ah z 
LOG (lattice-best-path[5.5.141~1-40a9d]:main():lattice-best-path.cc:99) For utterance usctimit_ema_f1_090, best cost 95.7137 + 2061.2 = 2156.92 over 353 frames.
usctimit_ema_f1_090 iy m eh z ih s ah s ah l iy d l iy ay l z 
LOG (lattice-best-path[5.5.141~1-40a9d]:main():lattice-best-path.cc:99) For utterance usctimit_ema_f1_105, best cost 117.487 + 2831.16 = 2948.64 over 461 frames.
usctimit_ema_f1_105 ih k ay ow iy aa k ae eh d ay iy ae r oy l ae ah z 
LOG (lattice-best-path[5.5.141~1-40a9d]:main():lattice-best-path.cc:99) For utterance usctimit_ema_f1_108, best cost 112.172 + 2749.26 = 2861.43 over 458 frames.
usctimit_ema_f1_108 r t eh v r z ey f ah aa p eh ae r n jh iy z 
LOG (lattice-best-path[5.5.141~1-40a9d]:main():lattice-best-path.cc:99) For utterance usctimit_ema_f1_111, best cost 96.9195 + 1993.1 = 2090.02 over 329 frames.
usctimit_ema_f1_111 r ih f ih sh ow n t aa s ih s ah z r iy l 
LOG (lattice-best-path[5.5.141~1-40a9d]:main():lattice-best-path.cc:99) For utterance usctimit_ema_f1_115, best cost 85.1037 + 2108.24 = 2193.35 over 355 frames.
usctimit_ema_f1_115 sil ey f ao ae ch eh s er r p eh z 
LOG (lattice-best-path[5.5.141~1-40a9d]:main():lattice-best-path.cc:99) For utterance usctimit_ema_f1_123, best cost 102.098 + 2892.01 = 2994.11 over 492 frames.
usctimit_ema_f1_123 ih b ah n l s ow s ah z ah ch iy iy sh ao er 
LOG (lattice-best-path[5.5.141~1-40a9d]:main():lattice-best-path.cc:99) For utterance usctimit_ema_f1_126, best cost 138.218 + 2626.73 = 2764.95 over 432 frames.
usctimit_ema_f1_126 w ah sh ao aa k ow z ow p ey ih n ey k aa f ih k ey sh ae n 
LOG (lattice-best-path[5.5.141~1-40a9d]:main():lattice-best-path.cc:99) For utterance usctimit_ema_f1_134, best cost 71.1067 + 2347.87 = 2418.98 over 416 frames.
usctimit_ema_f1_134 iy iy k ih z iy z ae s ah z ah 
LOG (lattice-best-path[5.5.141~1-40a9d]:main():lattice-best-path.cc:99) For utterance usctimit_ema_f1_153, best cost 156.646 + 3667.34 = 3823.99 over 618 frames.
usctimit_ema_f1_153 ih m ay ng iy k eh s ah s aw t z ih p iy l s er v ey sh n r l n z 
LOG (lattice-best-path[5.5.141~1-40a9d]:main():lattice-best-path.cc:99) For utterance usctimit_ema_f1_162, best cost 102.965 + 2800.01 = 2902.98 over 486 frames.
usctimit_ema_f1_162 ah s ao k aa t ih z n aw k oy t ey sh ah 
LOG (lattice-best-path[5.5.141~1-40a9d]:main():lattice-best-path.cc:99) For utterance usctimit_ema_f1_170, best cost 102.541 + 2686.93 = 2789.47 over 459 frames.
usctimit_ema_f1_170 k ao er ay s iy l m ih k s eh t ih k aw m 
LOG (lattice-best-path[5.5.141~1-40a9d]:main():lattice-best-path.cc:99) For utterance usctimit_ema_f1_198, best cost 69.7587 + 2039 = 2108.76 over 368 frames.
usctimit_ema_f1_198 ah p er n ay v ih r k er z 
LOG (lattice-best-path[5.5.141~1-40a9d]:main():lattice-best-path.cc:99) For utterance usctimit_ema_f1_209, best cost 58.6818 + 1926.71 = 1985.39 over 339 frames.
usctimit_ema_f1_209 r iy ih ng r p l n ae 
LOG (lattice-best-path[5.5.141~1-40a9d]:main():lattice-best-path.cc:99) For utterance usctimit_ema_f1_213, best cost 83.8199 + 2125.22 = 2209.04 over 358 frames.
usctimit_ema_f1_213 ay m ay z aa k aw t ay iy n s iy 
LOG (lattice-best-path[5.5.141~1-40a9d]:main():lattice-best-path.cc:99) For utterance usctimit_ema_f1_227, best cost 72.8905 + 2218.93 = 2291.82 over 386 frames.
usctimit_ema_f1_227 ay iy ng iy l er uw ey l l er 
LOG (lattice-best-path[5.5.141~1-40a9d]:main():lattice-best-path.cc:99) For utterance usctimit_ema_f1_236, best cost 91.4666 + 2093.08 = 2184.55 over 358 frames.
usctimit_ema_f1_236 ah oy l iy t uw ih s ae l t eh s ah ng 
LOG (lattice-best-path[5.5.141~1-40a9d]:main():lattice-best-path.cc:99) For utterance usctimit_ema_f1_239, best cost 91.7 + 2329 = 2420.7 over 412 frames.
usctimit_ema_f1_239 w t aa aa iy s ah ch aa n iy z ng iy sil 
LOG (lattice-best-path[5.5.141~1-40a9d]:main():lattice-best-path.cc:99) For utterance usctimit_ema_f1_242, best cost 89.2318 + 2071.83 = 2161.06 over 356 frames.
usctimit_ema_f1_242 d ey t ih k ah l f aa m ih s ao l s 
LOG (lattice-best-path[5.5.141~1-40a9d]:main():lattice-best-path.cc:99) For utterance usctimit_ema_f1_244, best cost 102.661 + 2328.6 = 2431.26 over 398 frames.
usctimit_ema_f1_244 iy eh k aa d k aa ow r d f aw r b eh n z 
LOG (lattice-best-path[5.5.141~1-40a9d]:main():lattice-best-path.cc:99) For utterance usctimit_ema_f1_250, best cost 68.8399 + 1909.48 = 1978.32 over 346 frames.
usctimit_ema_f1_250 dh m eh s r s ae sh aa s iy 
LOG (lattice-best-path[5.5.141~1-40a9d]:main():lattice-best-path.cc:99) For utterance usctimit_ema_f1_252, best cost 133.789 + 3271.59 = 3405.38 over 550 frames.
usctimit_ema_f1_252 aa s ah b ah iy t ah ao k ah ah t r ih sh n z ae w er d iy 
LOG (lattice-best-path[5.5.141~1-40a9d]:main():lattice-best-path.cc:99) For utterance usctimit_ema_f1_255, best cost 103.483 + 2522.22 = 2625.7 over 428 frames.
usctimit_ema_f1_255 dh t ih f er f r ae t aa m ay n t ih f aa 
LOG (lattice-best-path[5.5.141~1-40a9d]:main():lattice-best-path.cc:99) For utterance usctimit_ema_f1_262, best cost 133.046 + 3426.47 = 3559.51 over 572 frames.
usctimit_ema_f1_262 ih s r sh r z r t ih k ow iy f er m ih f er eh t ay er 
LOG (lattice-best-path[5.5.141~1-40a9d]:main():lattice-best-path.cc:99) For utterance usctimit_ema_f1_286, best cost 88.0192 + 1779.02 = 1867.04 over 302 frames.
usctimit_ema_f1_286 eh t ah ch ey z z k ae s er s l s ah 
LOG (lattice-best-path[5.5.141~1-40a9d]:main():lattice-best-path.cc:99) For utterance usctimit_ema_f1_297, best cost 110.054 + 3304.42 = 3414.47 over 592 frames.
usctimit_ema_f1_297 r k iy n t aa n ch ah s ao t r t n z iy f n 
LOG (lattice-best-path[5.5.141~1-40a9d]:main():lattice-best-path.cc:99) For utterance usctimit_ema_f1_299, best cost 122.351 + 2839.77 = 2962.12 over 491 frames.
usctimit_ema_f1_299 ae dh n ah m er t iy z ah z s oy s aa s ay y r eh n 
LOG (lattice-best-path[5.5.141~1-40a9d]:main():lattice-best-path.cc:99) For utterance usctimit_ema_f1_302, best cost 111.821 + 3326.6 = 3438.42 over 573 frames.
usctimit_ema_f1_302 ih d ah l ah ae ah s iy n aa t ah f iy sh l ah z 
LOG (lattice-best-path[5.5.141~1-40a9d]:main():lattice-best-path.cc:99) For utterance usctimit_ema_f1_311, best cost 122.591 + 2984.94 = 3107.53 over 495 frames.
usctimit_ema_f1_311 r iy ch ae v z jh ah s ah t uw b ay z ih g r ah er 
LOG (lattice-best-path[5.5.141~1-40a9d]:main():lattice-best-path.cc:99) For utterance usctimit_ema_f1_317, best cost 144.335 + 3896.28 = 4040.61 over 679 frames.
usctimit_ema_f1_317 ah n iy aa iy t ay k ah s w er sh n aa p ow k iy ae n s uw n er 
LOG (lattice-best-path[5.5.141~1-40a9d]:main():lattice-best-path.cc:99) For utterance usctimit_ema_f1_320, best cost 95.865 + 2642.35 = 2738.22 over 454 frames.
usctimit_ema_f1_320 ah k ae s er l n d er d sh l ih ch ah ch 
LOG (lattice-best-path[5.5.141~1-40a9d]:main():lattice-best-path.cc:99) For utterance usctimit_ema_f1_323, best cost 102.435 + 2610.52 = 2712.96 over 450 frames.
usctimit_ema_f1_323 ae n s oy sh n ay ch er k oy z ae k ah z 
LOG (lattice-best-path[5.5.141~1-40a9d]:main():lattice-best-path.cc:99) For utterance usctimit_ema_f1_325, best cost 96.3801 + 2335.08 = 2431.46 over 400 frames.
usctimit_ema_f1_325 t ao sh ah l ah m aa jh z ey t ay m iy z 
LOG (lattice-best-path[5.5.141~1-40a9d]:main():lattice-best-path.cc:99) For utterance usctimit_ema_f1_342, best cost 92.4669 + 2684.54 = 2777.01 over 452 frames.
usctimit_ema_f1_342 jh oy z er t eh t r f r l ah s ih n 
LOG (lattice-best-path[5.5.141~1-40a9d]:main():lattice-best-path.cc:99) For utterance usctimit_ema_f1_346, best cost 84.2909 + 1935.03 = 2019.32 over 328 frames.
usctimit_ema_f1_346 w ao k ah m ng s iy n z iy ch iy er 
LOG (lattice-best-path[5.5.141~1-40a9d]:main():lattice-best-path.cc:99) For utterance usctimit_ema_f1_347, best cost 112.196 + 2639.09 = 2751.29 over 452 frames.
usctimit_ema_f1_347 r jh ah p er n ay d eh f iy jh ih g ae sh ah jh 
LOG (lattice-best-path[5.5.141~1-40a9d]:main():lattice-best-path.cc:99) For utterance usctimit_ema_f1_356, best cost 72.8898 + 1803.14 = 1876.03 over 302 frames.
usctimit_ema_f1_356 dh l ay k l m ae ch aw er z 
LOG (lattice-best-path[5.5.141~1-40a9d]:main():lattice-best-path.cc:99) For utterance usctimit_ema_f1_360, best cost 131.112 + 2793.3 = 2924.41 over 462 frames.
usctimit_ema_f1_360 ih t ih s iy s l iy f ay d iy n s er dh z ah s m l iy sil 
LOG (lattice-best-path[5.5.141~1-40a9d]:main():lattice-best-path.cc:99) For utterance usctimit_ema_f1_362, best cost 85.0859 + 2396.89 = 2481.97 over 430 frames.
usctimit_ema_f1_362 ey s ih ng ah er w ao l r n t iy er 
LOG (lattice-best-path[5.5.141~1-40a9d]:main():lattice-best-path.cc:99) For utterance usctimit_ema_f1_364, best cost 134.482 + 2684.97 = 2819.45 over 457 frames.
usctimit_ema_f1_364 ih t ae s ah t ae b er d ae n k aa z ih k ae t ae dh t ae n 
LOG (lattice-best-path[5.5.141~1-40a9d]:main():lattice-best-path.cc:99) For utterance usctimit_ema_f1_368, best cost 84.1959 + 2602.94 = 2687.13 over 450 frames.
usctimit_ema_f1_368 r z uw ae n ah t n ih sh ae m ch 
LOG (lattice-best-path[5.5.141~1-40a9d]:main():lattice-best-path.cc:99) For utterance usctimit_ema_f1_382, best cost 131.457 + 3353.49 = 3484.94 over 595 frames.
usctimit_ema_f1_382 s ae sh l iy k l t n eh k ae s ah iy l d n ch ah p ah ng 
LOG (lattice-best-path[5.5.141~1-40a9d]:main():lattice-best-path.cc:99) For utterance usctimit_ema_f1_394, best cost 131.244 + 3146.38 = 3277.62 over 548 frames.
usctimit_ema_f1_394 iy z ih r s ah p w iy s ih n t f ay k l s m ay er z z 
LOG (lattice-best-path[5.5.141~1-40a9d]:main():lattice-best-path.cc:99) For utterance usctimit_ema_f1_397, best cost 136.116 + 2921.95 = 3058.07 over 501 frames.
usctimit_ema_f1_397 sil t ah r n aw s ay s k aa f n s aa f er f n g ae ae ah 
LOG (lattice-best-path[5.5.141~1-40a9d]:main():lattice-best-path.cc:99) For utterance usctimit_ema_f1_402, best cost 79.7229 + 2265.73 = 2345.45 over 401 frames.
usctimit_ema_f1_402 r s ih t ae t ih f r n ch iy z 
LOG (lattice-best-path[5.5.141~1-40a9d]:main():lattice-best-path.cc:99) For utterance usctimit_ema_f1_405, best cost 100.313 + 2953.66 = 3053.97 over 510 frames.
usctimit_ema_f1_405 w ey ah s er iy s ae k oy z n r ng r ae 
LOG (lattice-best-path[5.5.141~1-40a9d]:main():lattice-best-path.cc:99) For utterance usctimit_ema_f1_451, best cost 126.202 + 2693.31 = 2819.51 over 444 frames.
usctimit_ema_f1_451 ch ow ih n k uw z ih m eh iy f r l t m n s ih n ng 
LOG (lattice-best-path[5.5.141~1-40a9d]:main():lattice-best-path.cc:99) For utterance usctimit_ema_f1_453, best cost 113.695 + 2768.73 = 2882.43 over 476 frames.
usctimit_ema_f1_453 l n er z k r ng iy n z ih ng v ah ch ah p er n 
LOG (lattice-best-path[5.5.141~1-40a9d]:main():lattice-best-path.cc:99) For utterance usctimit_ema_f1_456, best cost 116.587 + 2556.69 = 2673.28 over 433 frames.
usctimit_ema_f1_456 ah ao s ih d eh t l n p ae t uw ae z k aa r ih m 
LOG (lattice-best-path[5.5.141~1-40a9d]:main():lattice-best-path.cc:99) For utterance usctimit_ema_f1_460, best cost 69.2048 + 1902.89 = 1972.1 over 334 frames.
usctimit_ema_f1_460 w ih sh iy n ih sh ah d ah z 
LOG (lattice-best-path[5.5.141~1-40a9d]:main():lattice-best-path.cc:99) For utterance usctimit_ema_f5_009, best cost 63.1768 + 1932.48 = 1995.66 over 341 frames.
usctimit_ema_f5_009 y l aw r r l ay 
LOG (lattice-best-path[5.5.141~1-40a9d]:main():lattice-best-path.cc:99) For utterance usctimit_ema_f5_011, best cost 76.3851 + 1880.98 = 1957.37 over 301 frames.
usctimit_ema_f5_011 iy r m ah s ay z uw k ae n 
LOG (lattice-best-path[5.5.141~1-40a9d]:main():lattice-best-path.cc:99) For utterance usctimit_ema_f5_017, best cost 103.699 + 2126.1 = 2229.8 over 328 frames.
usctimit_ema_f5_017 aw m iy hh r m s ih f ao s m ae z w l 
LOG (lattice-best-path[5.5.141~1-40a9d]:main():lattice-best-path.cc:99) For utterance usctimit_ema_f5_019, best cost 90.6563 + 1906.51 = 1997.17 over 308 frames.
usctimit_ema_f5_019 ah f ah l f ah hh l p iy f iy m 
LOG (lattice-best-path[5.5.141~1-40a9d]:main():lattice-best-path.cc:99) For utterance usctimit_ema_f5_066, best cost 67.5115 + 2252.51 = 2320.02 over 335 frames.
usctimit_ema_f5_066 eh g ah s t uw f r iy iy 
LOG (lattice-best-path[5.5.141~1-40a9d]:main():lattice-best-path.cc:99) For utterance usctimit_ema_f5_080, best cost 115.811 + 2651.29 = 2767.1 over 417 frames.
usctimit_ema_f5_080 ih k ah s n ah iy er t aa p ah k ah eh p ay l z 
LOG (lattice-best-path[5.5.141~1-40a9d]:main():lattice-best-path.cc:99) For utterance usctimit_ema_f5_081, best cost 129.379 + 2376.43 = 2505.81 over 373 frames.
usctimit_ema_f5_081 ae s k r iy p er iy s t ae s w n z n eh n iy sh n 
LOG (lattice-best-path[5.5.141~1-40a9d]:main():lattice-best-path.cc:99) For utterance usctimit_ema_f5_090, best cost 73.6904 + 2412.63 = 2486.32 over 385 frames.
usctimit_ema_f5_090 ah d iy d l iy k ay l z 
LOG (lattice-best-path[5.5.141~1-40a9d]:main():lattice-best-path.cc:99) For utterance usctimit_ema_f5_143, best cost 92.2346 + 2799.63 = 2891.86 over 473 frames.
usctimit_ema_f5_143 s ao f r z ih sh ah s ih s n sh ah 
LOG (lattice-best-path[5.5.141~1-40a9d]:main():lattice-best-path.cc:99) For utterance usctimit_ema_f5_144, best cost 136.91 + 3619.64 = 3756.55 over 594 frames.
usctimit_ema_f5_144 sil eh s k ao t z iy er n uw b ow t hh aa iy aa iy z 
LOG (lattice-best-path[5.5.141~1-40a9d]:main():lattice-best-path.cc:99) For utterance usctimit_ema_f5_162, best cost 122.161 + 2851.17 = 2973.33 over 483 frames.
usctimit_ema_f5_162 ah s ao k aa jh z n aw k oy jh k ey sh n l 
LOG (lattice-best-path[5.5.141~1-40a9d]:main():lattice-best-path.cc:99) For utterance usctimit_ema_f5_163, best cost 134.456 + 3208.75 = 3343.21 over 532 frames.
usctimit_ema_f5_163 r ch ah k r z aa ah hh iy z jh ae w z ah m z f r iy 
LOG (lattice-best-path[5.5.141~1-40a9d]:main():lattice-best-path.cc:99) For utterance usctimit_ema_f5_164, best cost 87.4461 + 2369.13 = 2456.57 over 405 frames.
usctimit_ema_f5_164 sil t ih k uw z t aw dh t uw d 
LOG (lattice-best-path[5.5.141~1-40a9d]:main():lattice-best-path.cc:99) For utterance usctimit_ema_f5_174, best cost 95.7057 + 2321.92 = 2417.63 over 386 frames.
usctimit_ema_f5_174 t r hh ae t r f ae sh n z y er 
LOG (lattice-best-path[5.5.141~1-40a9d]:main():lattice-best-path.cc:99) For utterance usctimit_ema_f5_197, best cost 63.3807 + 2356.77 = 2420.15 over 400 frames.
usctimit_ema_f5_197 m l p ah p w ah k 
LOG (lattice-best-path[5.5.141~1-40a9d]:main():lattice-best-path.cc:99) For utterance usctimit_ema_f5_208, best cost 84.5451 + 2160.88 = 2245.43 over 373 frames.
usctimit_ema_f5_208 sil iy iy p oy ah r l t iy ow sh n 
LOG (lattice-best-path[5.5.141~1-40a9d]:main():lattice-best-path.cc:99) For utterance usctimit_ema_f5_233, best cost 183.658 + 4039.19 = 4222.84 over 648 frames.
usctimit_ema_f5_233 f er n iy ey b l iy sil r m ah er t l aw ay d ae k l t n s eh t f iy iy 
LOG (lattice-best-path[5.5.141~1-40a9d]:main():lattice-best-path.cc:99) For utterance usctimit_ema_f5_243, best cost 99.144 + 2185.95 = 2285.09 over 363 frames.
usctimit_ema_f5_243 aa hh l d ey p r n d iy l b l t ah z 
LOG (lattice-best-path[5.5.141~1-40a9d]:main():lattice-best-path.cc:99) For utterance usctimit_ema_f5_244, best cost 97.73 + 2499.41 = 2597.14 over 412 frames.
usctimit_ema_f5_244 iy k ah f ah d p aw ah f aa b eh d s 
LOG (lattice-best-path[5.5.141~1-40a9d]:main():lattice-best-path.cc:99) For utterance usctimit_ema_f5_272, best cost 115.487 + 2221.5 = 2336.99 over 364 frames.
usctimit_ema_f5_272 t ow f l z m ey t r p ao s ah s oy b iy z 
LOG (lattice-best-path[5.5.141~1-40a9d]:main():lattice-best-path.cc:99) For utterance usctimit_ema_f5_281, best cost 164.74 + 3562.59 = 3727.33 over 565 frames.
usctimit_ema_f5_281 ay d ay r z ih s ah p l d iy w n f ao m ih k er k r k ah s ah 
LOG (lattice-best-path[5.5.141~1-40a9d]:main():lattice-best-path.cc:99) For utterance usctimit_ema_f5_304, best cost 166.038 + 4068.37 = 4234.41 over 667 frames.
usctimit_ema_f5_304 s aa p ay t iy n r g l d ah ao k ih z k oy n ae sh l f ao r z 
LOG (lattice-best-path[5.5.141~1-40a9d]:main():lattice-best-path.cc:99) For utterance usctimit_ema_f5_307, best cost 109.896 + 2480.47 = 2590.36 over 418 frames.
usctimit_ema_f5_307 d ch ah k ah t eh b ih g z p aw hh l p 
LOG (lattice-best-path[5.5.141~1-40a9d]:main():lattice-best-path.cc:99) For utterance usctimit_ema_f5_329, best cost 131.69 + 3047.3 = 3178.99 over 535 frames.
usctimit_ema_f5_329 ih k aw w n er f r m f er m ay dh ih k iy m ao s 
LOG (lattice-best-path[5.5.141~1-40a9d]:main():lattice-best-path.cc:99) For utterance usctimit_ema_f5_330, best cost 194.028 + 3901.23 = 4095.26 over 611 frames.
usctimit_ema_f5_330 sil iy t ah t ay m iy d ah ao s k l n s ay ih b dh b r k ae n iy z iy s z d m p r 
LOG (lattice-best-path[5.5.141~1-40a9d]:main():lattice-best-path.cc:99) For utterance usctimit_ema_f5_334, best cost 151.295 + 3248.63 = 3399.92 over 536 frames.
usctimit_ema_f5_334 oy z k aa s t iy m iy b l ae k l s t iy k t iy l d eh t 
LOG (lattice-best-path[5.5.141~1-40a9d]:main():lattice-best-path.cc:99) For utterance usctimit_ema_f5_336, best cost 113.745 + 2407.93 = 2521.67 over 396 frames.
usctimit_ema_f5_336 ae n oy s p aa m r z m ao n oy iy ch t ey 
LOG (lattice-best-path[5.5.141~1-40a9d]:main():lattice-best-path.cc:99) For utterance usctimit_ema_f5_343, best cost 128.188 + 2977.16 = 3105.35 over 506 frames.
usctimit_ema_f5_343 ah jh s ah jh ih n n uw r k y l jh k ah m iy z iy m 
LOG (lattice-best-path[5.5.141~1-40a9d]:main():lattice-best-path.cc:99) For utterance usctimit_ema_f5_348, best cost 117.943 + 2703.19 = 2821.13 over 455 frames.
usctimit_ema_f5_348 ah k er ih k ih sh eh p uw er ao iy jh ah b ah d 
LOG (lattice-best-path[5.5.141~1-40a9d]:main():lattice-best-path.cc:99) For utterance usctimit_ema_f5_349, best cost 89.9302 + 2325.88 = 2415.81 over 405 frames.
usctimit_ema_f5_349 sil iy sh ao n s k r f jh oy z 
LOG (lattice-best-path[5.5.141~1-40a9d]:main():lattice-best-path.cc:99) For utterance usctimit_ema_f5_354, best cost 145.877 + 4074 = 4219.88 over 679 frames.
usctimit_ema_f5_354 w eh r dh g r m t p r sh r ay z ah z sil l n n 
LOG (lattice-best-path[5.5.141~1-40a9d]:main():lattice-best-path.cc:99) For utterance usctimit_ema_f5_356, best cost 46.7327 + 1465.38 = 1512.11 over 219 frames.
usctimit_ema_f5_356 iy l ah iy l 
LOG (lattice-best-path[5.5.141~1-40a9d]:main():lattice-best-path.cc:99) For utterance usctimit_ema_f5_369, best cost 137.083 + 3172.56 = 3309.65 over 537 frames.
usctimit_ema_f5_369 sil er s ih jh ay ae t iy w aa s ih k s er ih t aa p ae 
LOG (lattice-best-path[5.5.141~1-40a9d]:main():lattice-best-path.cc:99) For utterance usctimit_ema_f5_375, best cost 110.494 + 2672.25 = 2782.74 over 435 frames.
usctimit_ema_f5_375 ay er sh eh t er z iy t r s p er ch r b r 
LOG (lattice-best-path[5.5.141~1-40a9d]:main():lattice-best-path.cc:99) For utterance usctimit_ema_f5_389, best cost 143.973 + 3465.42 = 3609.39 over 553 frames.
usctimit_ema_f5_389 t er k n iy n jh r k t ey z b iy t iy s iy p iy t z 
LOG (lattice-best-path[5.5.141~1-40a9d]:main():lattice-best-path.cc:99) For utterance usctimit_ema_f5_392, best cost 147.023 + 3429.89 = 3576.92 over 574 frames.
usctimit_ema_f5_392 er ch ih n ae s d n k ay k z er k ow m z ih s ah sh uw z 
LOG (lattice-best-path[5.5.141~1-40a9d]:main():lattice-best-path.cc:99) For utterance usctimit_ema_f5_396, best cost 156.606 + 3311 = 3467.61 over 518 frames.
usctimit_ema_f5_396 iy ae t ay z ih ng b er s t ah r ay iy s r n eh b er ch ey n d z 
LOG (lattice-best-path[5.5.141~1-40a9d]:main():lattice-best-path.cc:99) For utterance usctimit_ema_f5_406, best cost 142.507 + 3130.89 = 3273.4 over 512 frames.
usctimit_ema_f5_406 ah s ih ow f ao s ih l iy v ow b ah t eh ch aw m z iy z 
LOG (lattice-best-path[5.5.141~1-40a9d]:main():lattice-best-path.cc:99) For utterance usctimit_ema_f5_424, best cost 74.4801 + 2159.86 = 2234.34 over 379 frames.
usctimit_ema_f5_424 iy p iy k l d iy hh n er d 
LOG (lattice-best-path[5.5.141~1-40a9d]:main():lattice-best-path.cc:99) For utterance usctimit_ema_f5_426, best cost 85.0889 + 2231.48 = 2316.57 over 335 frames.
usctimit_ema_f5_426 iy z iy ah z ah l jh z iy iy iy ah 
LOG (lattice-best-path[5.5.141~1-40a9d]:main():lattice-best-path.cc:99) For utterance usctimit_ema_f5_431, best cost 112.793 + 2633.55 = 2746.34 over 427 frames.
usctimit_ema_f5_431 aa p aa f ao ih z ey sh z f iy r z er z 
LOG (lattice-best-path[5.5.141~1-40a9d]:main():lattice-best-path.cc:99) For utterance usctimit_ema_f5_436, best cost 115.353 + 2518.86 = 2634.21 over 405 frames.
usctimit_ema_f5_436 hh r s er th ey f r k l iy k er z ah ng 
LOG (lattice-best-path[5.5.141~1-40a9d]:main():lattice-best-path.cc:99) For utterance usctimit_ema_f5_438, best cost 140.314 + 3075.16 = 3215.47 over 498 frames.
usctimit_ema_f5_438 iy p ay ao t ao ey m ao l ih t k g iy s iy ch r g sh n 
LOG (lattice-best-path[5.5.141~1-40a9d]:main():lattice-best-path.cc:99) For utterance usctimit_ema_f5_447, best cost 139.714 + 3269.64 = 3409.36 over 536 frames.
usctimit_ema_f5_447 r n z iy n ah er k s ay n dh ay s t iy n s ow r k 
LOG (lattice-best-path[5.5.141~1-40a9d]:main():lattice-best-path.cc:99) For utterance usctimit_ema_f5_451, best cost 150.93 + 3438.64 = 3589.57 over 533 frames.
usctimit_ema_f5_451 t ah r ch l ah f ah s ih m n iy f er r l t m n s ah ng 
LOG (lattice-best-path[5.5.141~1-40a9d]:main():lattice-best-path.cc:99) For utterance usctimit_ema_m1_006, best cost 91.813 + 2285.97 = 2377.78 over 381 frames.
usctimit_ema_m1_006 l y l w r iy f r s l iy ay t m z 
LOG (lattice-best-path[5.5.141~1-40a9d]:main():lattice-best-path.cc:99) For utterance usctimit_ema_m1_010, best cost 57.8999 + 1746.05 = 1803.95 over 306 frames.
usctimit_ema_m1_010 w l ih w r iy l l iy 
LOG (lattice-best-path[5.5.141~1-40a9d]:main():lattice-best-path.cc:99) For utterance usctimit_ema_m1_012, best cost 113.199 + 2745.37 = 2858.57 over 456 frames.
usctimit_ema_m1_012 ao f er z ih ih s ae m r y uw v r f ao m ow 
LOG (lattice-best-path[5.5.141~1-40a9d]:main():lattice-best-path.cc:99) For utterance usctimit_ema_m1_051, best cost 124.969 + 2589.92 = 2714.89 over 421 frames.
usctimit_ema_m1_051 ih k aa k r iy sh ah l iy k r iy l iy p r sh y ey d 
LOG (lattice-best-path[5.5.141~1-40a9d]:main():lattice-best-path.cc:99) For utterance usctimit_ema_m1_090, best cost 104.649 + 2163.18 = 2267.83 over 356 frames.
usctimit_ema_m1_090 sil y m s ih s l s ah l iy dh l iy f ay l z 
LOG (lattice-best-path[5.5.141~1-40a9d]:main():lattice-best-path.cc:99) For utterance usctimit_ema_m1_095, best cost 115.93 + 2537.2 = 2653.13 over 420 frames.
usctimit_ema_m1_095 sil ih b eh s w ey t l r s s l t er p r l l z 
LOG (lattice-best-path[5.5.141~1-40a9d]:main():lattice-best-path.cc:99) For utterance usctimit_ema_m1_098, best cost 102.141 + 2452.17 = 2554.31 over 421 frames.
usctimit_ema_m1_098 ah m s y l er ae d n z k ih f r b ae k 
LOG (lattice-best-path[5.5.141~1-40a9d]:main():lattice-best-path.cc:99) For utterance usctimit_ema_m1_099, best cost 126.198 + 2844.96 = 2971.16 over 495 frames.
usctimit_ema_m1_099 ih k aa t uw f iy ch er z ah m aa s r ae k ah t ae p l 
LOG (lattice-best-path[5.5.141~1-40a9d]:main():lattice-best-path.cc:99) For utterance usctimit_ema_m1_137, best cost 135.835 + 3002.16 = 3137.99 over 499 frames.
usctimit_ema_m1_137 k l s ih k ae t uw z jh ow jh b ay s ae r ay s t ae s 
LOG (lattice-best-path[5.5.141~1-40a9d]:main():lattice-best-path.cc:99) For utterance usctimit_ema_m1_139, best cost 125.055 + 3259.49 = 3384.54 over 571 frames.
usctimit_ema_m1_139 w r k n t ey t m ah ch k ao r iy n s aw n z ay z 
LOG (lattice-best-path[5.5.141~1-40a9d]:main():lattice-best-path.cc:99) For utterance usctimit_ema_m1_145, best cost 173.953 + 3308.7 = 3482.65 over 546 frames.
usctimit_ema_m1_145 sil eh jh p r k aa sh ah n iy l z b ay b ah m p aw er f er dh zh t ow k l 
LOG (lattice-best-path[5.5.141~1-40a9d]:main():lattice-best-path.cc:99) For utterance usctimit_ema_m1_158, best cost 154.616 + 3383.87 = 3538.49 over 573 frames.
usctimit_ema_m1_158 ay ng f er b r hh ao er f r k ao r s n t w sh n eh t r t iy z 
LOG (lattice-best-path[5.5.141~1-40a9d]:main():lattice-best-path.cc:99) For utterance usctimit_ema_m1_160, best cost 163.916 + 3089.61 = 3253.53 over 512 frames.
usctimit_ema_m1_160 sil ch iy k er jh t r ch ow ah n t m ey k er ow hh l ng k aa s jh n z 
LOG (lattice-best-path[5.5.141~1-40a9d]:main():lattice-best-path.cc:99) For utterance usctimit_ema_m1_162, best cost 125.855 + 2920.35 = 3046.2 over 506 frames.
usctimit_ema_m1_162 l m ao s t l k l jh ah z aa n aw k l ch ey sh ah l 
LOG (lattice-best-path[5.5.141~1-40a9d]:main():lattice-best-path.cc:99) For utterance usctimit_ema_m1_164, best cost 65.6978 + 2353.18 = 2418.87 over 407 frames.
usctimit_ema_m1_164 sil k uw z ow dh t uw sil 
LOG (lattice-best-path[5.5.141~1-40a9d]:main():lattice-best-path.cc:99) For utterance usctimit_ema_m1_166, best cost 87.3771 + 2134.16 = 2221.54 over 380 frames.
usctimit_ema_m1_166 dh k ae s m iy l z hh er w iy er z 
LOG (lattice-best-path[5.5.141~1-40a9d]:main():lattice-best-path.cc:99) For utterance usctimit_ema_m1_169, best cost 81.5815 + 1918.25 = 1999.83 over 346 frames.
usctimit_ema_m1_169 sil ih aa f r g ow aa n iy k ih ng 
LOG (lattice-best-path[5.5.141~1-40a9d]:main():lattice-best-path.cc:99) For utterance usctimit_ema_m1_179, best cost 89.376 + 2087.79 = 2177.16 over 365 frames.
usctimit_ema_m1_179 sil k aa iy ch r f ah n uw ae k s ah z 
LOG (lattice-best-path[5.5.141~1-40a9d]:main():lattice-best-path.cc:99) For utterance usctimit_ema_m1_183, best cost 119.859 + 3084.5 = 3204.36 over 544 frames.
usctimit_ema_m1_183 r p r ch er t er v iy w s ae ch uw s k p ow z er 
LOG (lattice-best-path[5.5.141~1-40a9d]:main():lattice-best-path.cc:99) For utterance usctimit_ema_m1_193, best cost 150.024 + 3158.09 = 3308.11 over 545 frames.
usctimit_ema_m1_193 ay g ey v n s er r ch oy z z m ah p ah n t ae p p ay ao er z 
LOG (lattice-best-path[5.5.141~1-40a9d]:main():lattice-best-path.cc:99) For utterance usctimit_ema_m1_204, best cost 61.3859 + 1918.05 = 1979.44 over 353 frames.
usctimit_ema_m1_204 hh aa g ih jh er d er z 
LOG (lattice-best-path[5.5.141~1-40a9d]:main():lattice-best-path.cc:99) For utterance usctimit_ema_m1_209, best cost 71.7297 + 1930.99 = 2002.72 over 352 frames.
usctimit_ema_m1_209 sil l uw l th n f er p oy n 
LOG (lattice-best-path[5.5.141~1-40a9d]:main():lattice-best-path.cc:99) For utterance usctimit_ema_m1_224, best cost 97.0113 + 2332.74 = 2429.75 over 406 frames.
usctimit_ema_m1_224 l ey dh v r oy s t r n ao z p l iy sil 
LOG (lattice-best-path[5.5.141~1-40a9d]:main():lattice-best-path.cc:99) For utterance usctimit_ema_m1_229, best cost 108.687 + 2296.4 = 2405.09 over 395 frames.
usctimit_ema_m1_229 m ay d iy w ih ng iy g n f ah hh aa k aa f iy 
LOG (lattice-best-path[5.5.141~1-40a9d]:main():lattice-best-path.cc:99) For utterance usctimit_ema_m1_237, best cost 111.171 + 2691.85 = 2803.02 over 450 frames.
usctimit_ema_m1_237 w iy s aa iy t ay n iy ay s k l z b l ow f sil 
LOG (lattice-best-path[5.5.141~1-40a9d]:main():lattice-best-path.cc:99) For utterance usctimit_ema_m1_265, best cost 129.066 + 2803.21 = 2932.28 over 470 frames.
usctimit_ema_m1_265 p iy t ey p ih s d er iy t ih b k ao s ah k n s ao n iy 
LOG (lattice-best-path[5.5.141~1-40a9d]:main():lattice-best-path.cc:99) For utterance usctimit_ema_m1_269, best cost 123.608 + 2754.96 = 2878.57 over 491 frames.
usctimit_ema_m1_269 ay b r m ah p ay dh ow sh uw z ih b iy uw r ch er jh 
LOG (lattice-best-path[5.5.141~1-40a9d]:main():lattice-best-path.cc:99) For utterance usctimit_ema_m1_277, best cost 88.4711 + 1864.5 = 1952.97 over 337 frames.
usctimit_ema_m1_277 sil ih m iy d ng dh z m aw jh er n z 
LOG (lattice-best-path[5.5.141~1-40a9d]:main():lattice-best-path.cc:99) For utterance usctimit_ema_m1_302, best cost 195.233 + 4270.7 = 4465.93 over 706 frames.
usctimit_ema_m1_302 l ah n ah t ow l dh ey l ah p uw n z t iy k aa n aa s uw b l f r iy sh ow f ah sh 
LOG (lattice-best-path[5.5.141~1-40a9d]:main():lattice-best-path.cc:99) For utterance usctimit_ema_m1_303, best cost 96.8059 + 2350.97 = 2447.78 over 415 frames.
usctimit_ema_m1_303 sil aa f n iy g ih p ae k ao n iy p ih n 
LOG (lattice-best-path[5.5.141~1-40a9d]:main():lattice-best-path.cc:99) For utterance usctimit_ema_m1_317, best cost 172.154 + 4164.59 = 4336.74 over 731 frames.
usctimit_ema_m1_317 sil ah iy w l f iy t ay k uw s w er sh ah b aa p ow th iy aa ae n s k uw er 
LOG (lattice-best-path[5.5.141~1-40a9d]:main():lattice-best-path.cc:99) For utterance usctimit_ema_m1_320, best cost 125.733 + 2684.93 = 2810.66 over 468 frames.
usctimit_ema_m1_320 ih k aa s ao er w l n jh oy dh sh ow f ih sh d ih sh 
LOG (lattice-best-path[5.5.141~1-40a9d]:main():lattice-best-path.cc:99) For utterance usctimit_ema_m1_322, best cost 105.25 + 2369.7 = 2474.95 over 422 frames.
usctimit_ema_m1_322 sil l f n z ah r t l jh m er iy n ae m l z 
LOG (lattice-best-path[5.5.141~1-40a9d]:main():lattice-best-path.cc:99) For utterance usctimit_ema_m1_336, best cost 139.877 + 2815.13 = 2955 over 475 frames.
usctimit_ema_m1_336 sil eh n oy s p ow m g ow z r ow z m ao n oy ng iy jh ey 
LOG (lattice-best-path[5.5.141~1-40a9d]:main():lattice-best-path.cc:99) For utterance usctimit_ema_m1_338, best cost 111.58 + 2918.04 = 3029.62 over 511 frames.
usctimit_ema_m1_338 eh t ay r m ih k s ah z l iy f er m ao s ah iy 
LOG (lattice-best-path[5.5.141~1-40a9d]:main():lattice-best-path.cc:99) For utterance usctimit_ema_m1_340, best cost 96.237 + 1855.82 = 1952.06 over 316 frames.
usctimit_ema_m1_340 sil jh ow k r ng sh ow v ah f ao l ih d 
LOG (lattice-best-path[5.5.141~1-40a9d]:main():lattice-best-path.cc:99) For utterance usctimit_ema_m1_344, best cost 125.065 + 2516.28 = 2641.34 over 454 frames.
usctimit_ema_m1_344 sil p ae m k iy z r ay v ng l s ah z ah p er z ey z 
LOG (lattice-best-path[5.5.141~1-40a9d]:main():lattice-best-path.cc:99) For utterance usctimit_ema_m1_347, best cost 129.346 + 2791.28 = 2920.63 over 467 frames.
usctimit_ema_m1_347 t r z p r w ih b aa p ah f uw sh er g ae sh er ih jh 
LOG (lattice-best-path[5.5.141~1-40a9d]:main():lattice-best-path.cc:99) For utterance usctimit_ema_m1_350, best cost 101.452 + 1987.73 = 2089.18 over 337 frames.
usctimit_ema_m1_350 sil sh ow er f l s z ih v w b r p ah n 
LOG (lattice-best-path[5.5.141~1-40a9d]:main():lattice-best-path.cc:99) For utterance usctimit_ema_m1_360, best cost 169.147 + 3068.25 = 3237.39 over 500 frames.
usctimit_ema_m1_360 dh f ih sh iy ae z l iy p f r t ih k l iy l s er f ih s ah dh s m l ey k 
LOG (lattice-best-path[5.5.141~1-40a9d]:main():lattice-best-path.cc:99) For utterance usctimit_ema_m1_361, best cost 119.281 + 2275.2 = 2394.48 over 383 frames.
usctimit_ema_m1_361 t ih n t ey sh iy l th ih s iy m uw iy s w s w iy k 
LOG (lattice-best-path[5.5.141~1-40a9d]:main():lattice-best-path.cc:99) For utterance usctimit_ema_m1_367, best cost 117.003 + 2779.03 = 2896.03 over 492 frames.
usctimit_ema_m1_367 sil aa b er p ey p er n iy s ah b iy b ow f ay er 
LOG (lattice-best-path[5.5.141~1-40a9d]:main():lattice-best-path.cc:99) For utterance usctimit_ema_m1_368, best cost 115.754 + 2742.52 = 2858.27 over 474 frames.
usctimit_ema_m1_368 sil r f k r sh ih t ah v l t ah f ih sh ah l jh 
LOG (lattice-best-path[5.5.141~1-40a9d]:main():lattice-best-path.cc:99) For utterance usctimit_ema_m1_375, best cost 126.839 + 2756.71 = 2883.54 over 464 frames.
usctimit_ema_m1_375 ay r sh ow s er z iy f r sh t ah p er s er b r k ah z 
LOG (lattice-best-path[5.5.141~1-40a9d]:main():lattice-best-path.cc:99) For utterance usctimit_ema_m1_394, best cost 144.311 + 3218.56 = 3362.87 over 547 frames.
usctimit_ema_m1_394 sil iy z ah g r s ah p l iy s n t f ay k f aa w s m ow er z 
LOG (lattice-best-path[5.5.141~1-40a9d]:main():lattice-best-path.cc:99) For utterance usctimit_ema_m1_400, best cost 119.245 + 2293.87 = 2413.11 over 382 frames.
usctimit_ema_m1_400 sil w r z ih s l r ch ey ng ay v iy aa r ng ao er 
LOG (lattice-best-path[5.5.141~1-40a9d]:main():lattice-best-path.cc:99) For utterance usctimit_ema_m1_432, best cost 48.8285 + 1586.86 = 1635.69 over 285 frames.
usctimit_ema_m1_432 l l iy w ey y er 
LOG (lattice-best-path[5.5.141~1-40a9d]:main():lattice-best-path.cc:99) For utterance usctimit_ema_m3_010, best cost 66.2789 + 1896.97 = 1963.24 over 327 frames.
usctimit_ema_m3_010 w er aa w er y l l iy sil 
LOG (lattice-best-path[5.5.141~1-40a9d]:main():lattice-best-path.cc:99) For utterance usctimit_ema_m3_044, best cost 101.534 + 2938.75 = 3040.28 over 472 frames.
usctimit_ema_m3_044 sil l ay k ah iy k ah p aa d ah t r t ah z 
LOG (lattice-best-path[5.5.141~1-40a9d]:main():lattice-best-path.cc:99) For utterance usctimit_ema_m3_068, best cost 90.8738 + 2585.02 = 2675.9 over 441 frames.
usctimit_ema_m3_068 ih t ah aa s l y ow p y aa k r s iy 
LOG (lattice-best-path[5.5.141~1-40a9d]:main():lattice-best-path.cc:99) For utterance usctimit_ema_m3_071, best cost 121.996 + 2800.58 = 2922.57 over 439 frames.
usctimit_ema_m3_071 k aa r sh ah m ao ah n ih s t ae n iy l iy iy s iy sil 
LOG (lattice-best-path[5.5.141~1-40a9d]:main():lattice-best-path.cc:99) For utterance usctimit_ema_m3_080, best cost 103.01 + 2806.04 = 2909.05 over 411 frames.
usctimit_ema_m3_080 ih ao z ae l iy r t aa p ah k ao t ay l z 
LOG (lattice-best-path[5.5.141~1-40a9d]:main():lattice-best-path.cc:99) For utterance usctimit_ema_m3_101, best cost 81.1294 + 1954.31 = 2035.44 over 307 frames.
usctimit_ema_m3_101 k ae f ah s er w n ao t ey n t 
LOG (lattice-best-path[5.5.141~1-40a9d]:main():lattice-best-path.cc:99) For utterance usctimit_ema_m3_113, best cost 95.7206 + 2304.41 = 2400.13 over 382 frames.
usctimit_ema_m3_113 aa t ah f ao m uw iy s ah s ah t ay l z 
LOG (lattice-best-path[5.5.141~1-40a9d]:main():lattice-best-path.cc:99) For utterance usctimit_ema_m3_129, best cost 93.0633 + 2472.38 = 2565.44 over 411 frames.
usctimit_ema_m3_129 jh m ay t er ae s iy k n iy n t aa l 
LOG (lattice-best-path[5.5.141~1-40a9d]:main():lattice-best-path.cc:99) For utterance usctimit_ema_m3_141, best cost 101.156 + 2242.83 = 2343.99 over 354 frames.
usctimit_ema_m3_141 r m uw d s ah n jh w th t er k iy z ah z 
LOG (lattice-best-path[5.5.141~1-40a9d]:main():lattice-best-path.cc:99) For utterance usctimit_ema_m3_147, best cost 100.859 + 2629.95 = 2730.81 over 438 frames.
usctimit_ema_m3_147 sil er m ey n ay f ao f r n d b ae n z 
LOG (lattice-best-path[5.5.141~1-40a9d]:main():lattice-best-path.cc:99) For utterance usctimit_ema_m3_192, best cost 110.664 + 2648.34 = 2759.01 over 428 frames.
usctimit_ema_m3_192 sil l ih b eh s eh z n jh eh p aa g l er iy sil 
LOG (lattice-best-path[5.5.141~1-40a9d]:main():lattice-best-path.cc:99) For utterance usctimit_ema_m3_203, best cost 108.712 + 2473.26 = 2581.97 over 419 frames.
usctimit_ema_m3_203 ah p ah b ah jh b aa t ey ow m ah g er aw zh 
LOG (lattice-best-path[5.5.141~1-40a9d]:main():lattice-best-path.cc:99) For utterance usctimit_ema_m3_260, best cost 128.825 + 2720.76 = 2849.58 over 446 frames.
usctimit_ema_m3_260 r sh ay z eh k aw m n d r ay n er b r sh ah n ae t ah 
LOG (lattice-best-path[5.5.141~1-40a9d]:main():lattice-best-path.cc:99) For utterance usctimit_ema_m3_267, best cost 116.149 + 3104 = 3220.15 over 519 frames.
usctimit_ema_m3_267 ih s k ae k ah s m ao l ae v er ey n iy t iy sil 
LOG (lattice-best-path[5.5.141~1-40a9d]:main():lattice-best-path.cc:99) For utterance usctimit_ema_m3_282, best cost 162.342 + 4041.04 = 4203.38 over 657 frames.
usctimit_ema_m3_282 sil iy ae t ah ah b iy s ey f ao r ah iy ih g ah t er k eh f ih f er s sil 
LOG (lattice-best-path[5.5.141~1-40a9d]:main():lattice-best-path.cc:99) For utterance usctimit_ema_m3_300, best cost 97.0382 + 2694.05 = 2791.09 over 450 frames.
usctimit_ema_m3_300 ih b ih d aa l d jh ow y l r ay d l 
LOG (lattice-best-path[5.5.141~1-40a9d]:main():lattice-best-path.cc:99) For utterance usctimit_ema_m3_316, best cost 182.269 + 3567.91 = 3750.18 over 569 frames.
usctimit_ema_m3_316 ih p r s uw er k ah n r oy s uh f y l ih z aa iy m er d z ih k n ih sh n z sil 
LOG (lattice-best-path[5.5.141~1-40a9d]:main():lattice-best-path.cc:99) For utterance usctimit_ema_m3_320, best cost 108.627 + 2716.87 = 2825.5 over 447 frames.
usctimit_ema_m3_320 sil ah k aa s er l d oy sh ow f ih sh ih sh sil 
LOG (lattice-best-path[5.5.141~1-40a9d]:main():lattice-best-path.cc:99) For utterance usctimit_ema_m3_335, best cost 93.4849 + 2866.09 = 2959.58 over 449 frames.
usctimit_ema_m3_335 sil aa ih r ow ow r ow ih er n er l z 
LOG (lattice-best-path[5.5.141~1-40a9d]:main():lattice-best-path.cc:99) For utterance usctimit_ema_m3_336, best cost 106.833 + 2344.01 = 2450.84 over 372 frames.
usctimit_ema_m3_336 eh n oy z aa m r z m ao n ow ih iy ch t ey 
LOG (lattice-best-path[5.5.141~1-40a9d]:main():lattice-best-path.cc:99) For utterance usctimit_ema_m3_338, best cost 125.552 + 2971.57 = 3097.12 over 500 frames.
usctimit_ema_m3_338 eh d ay r ae m ey s ae n s l ae t r m ah ch ah iy sil 
LOG (lattice-best-path[5.5.141~1-40a9d]:main():lattice-best-path.cc:99) For utterance usctimit_ema_m3_339, best cost 110.803 + 2486.37 = 2597.18 over 423 frames.
usctimit_ema_m3_339 ah b ao r n aa l ah s ah p er s ih p iy d l sil 
LOG (lattice-best-path[5.5.141~1-40a9d]:main():lattice-best-path.cc:99) For utterance usctimit_ema_m3_357, best cost 107.153 + 2891.29 = 2998.44 over 462 frames.
usctimit_ema_m3_357 ah m aw s ae r ih k aa s iy l ah s iy er sil 
LOG (lattice-best-path[5.5.141~1-40a9d]:main():lattice-best-path.cc:99) For utterance usctimit_ema_m3_359, best cost 107.794 + 2370.76 = 2478.55 over 389 frames.
usctimit_ema_m3_359 k aw s ih m ey s b ow n z t iy s r l sil 
LOG (lattice-best-path[5.5.141~1-40a9d]:main():lattice-best-path.cc:99) For utterance usctimit_ema_m3_379, best cost 113.056 + 2950.99 = 3064.05 over 477 frames.
usctimit_ema_m3_379 sil ay r s ih s ah z uw z l n s ae s iy r z sil 
LOG (lattice-best-path[5.5.141~1-40a9d]:main():lattice-best-path.cc:99) For utterance usctimit_ema_m3_385, best cost 86.4326 + 2113.84 = 2200.27 over 354 frames.
usctimit_ema_m3_385 eh r k ae m iy jh iy p ey ih aa th ah 
LOG (lattice-best-path[5.5.141~1-40a9d]:main():lattice-best-path.cc:99) For utterance usctimit_ema_m3_390, best cost 123.213 + 2712.01 = 2835.22 over 428 frames.
usctimit_ema_m3_390 iy w ey ch r k ih s ah p oy z ah d eh iy w n s t iy 
LOG (lattice-best-path[5.5.141~1-40a9d]:main():lattice-best-path.cc:99) For utterance usctimit_ema_m3_423, best cost 132.39 + 3100.15 = 3232.54 over 495 frames.
usctimit_ema_m3_423 sil ah k ow s ah f r t ow s er ae t ah sh er sh aa ih f er 
LOG (lattice-best-path[5.5.141~1-40a9d]:main():lattice-best-path.cc:99) For utterance usctimit_ema_m3_434, best cost 54.3537 + 1694.36 = 1748.71 over 285 frames.
usctimit_ema_m3_434 sil r s ay z l er z 
LOG (lattice-best-path[5.5.141~1-40a9d]:main():lattice-best-path.cc:99) For utterance usctimit_ema_m3_438, best cost 139.855 + 3080.72 = 3220.58 over 495 frames.
usctimit_ema_m3_438 iy p ay aa t er aa l ih t ah p ih p iy s iy t r k n sh n sil 
LOG (lattice-best-path[5.5.141~1-40a9d]:main():lattice-best-path.cc:99) For utterance usctimit_ema_m3_442, best cost 117.028 + 2425.11 = 2542.14 over 404 frames.
usctimit_ema_m3_442 w ih t l iy ch iy s b ah d ih t uw ih s p r iy sil 
LOG (lattice-best-path[5.5.141~1-40a9d]:main():lattice-best-path.cc:99) For utterance usctimit_ema_m3_444, best cost 151.237 + 3699.54 = 3850.77 over 603 frames.
usctimit_ema_m3_444 r ao ey ae g eh ey n uw aa s r d er eh n s r p ay f r z er sil 
LOG (lattice-best-path[5.5.141~1-40a9d]:main():lattice-best-path.cc:99) For utterance usctimit_ema_m3_457, best cost 153.911 + 3379.39 = 3533.31 over 560 frames.
usctimit_ema_m3_457 sil k aa f iy z er ah n s iy d ah m l ih s ow s n t ae b r s ah n z 
LOG (lattice-best-path[5.5.141~1-40a9d]:main():lattice-best-path.cc:99) For utterance usctimit_ema_m3_458, best cost 138.698 + 3279.41 = 3418.11 over 535 frames.
usctimit_ema_m3_458 sil b eh s iy b ey r w s k aa b ay k ay d ey r z ey sh d 
LOG (lattice-scale[5.5.141~1-40a9d]:main():lattice-scale.cc:107) Done 183 lattices.
LOG (lattice-add-penalty[5.5.141~1-40a9d]:main():lattice-add-penalty.cc:62) Done adding word insertion penalty to 183 lattices.
LOG (lattice-best-path[5.5.141~1-40a9d]:main():lattice-best-path.cc:99) For utterance usctimit_ema_m3_460, best cost 91.398 + 2894.56 = 2985.96 over 497 frames.
usctimit_ema_m3_460 sil w ih ch iy er sh ah l ih d uw s sil 
LOG (lattice-best-path[5.5.141~1-40a9d]:main():lattice-best-path.cc:124) Overall cost per frame is 6.20759 = 0.2492 [graph] + 5.95839 [acoustic] over 81821 frames.
LOG (lattice-best-path[5.5.141~1-40a9d]:main():lattice-best-path.cc:128) Done 183 lattices, failed for 0
# Accounting: time=18 threads=1
# Ended (code 0) at Mon Dec 24 19:58:55 EET 2018, elapsed time 18 seconds
