# gmm-acc-stats-ali exp/bg/tri1/5.mdl "ark,s,cs:apply-cmvn  --utt2spk=ark:data/train/split2/2/utt2spk scp:data/train/split2/2/cmvn.scp scp:data/train/split2/2/feats.scp ark:- | add-deltas  ark:- ark:- |" "ark,s,cs:gunzip -c exp/bg/tri1/ali.2.gz|" exp/bg/tri1/5.2.acc 
# Started at Mon Dec 24 21:17:14 EET 2018
#
gmm-acc-stats-ali exp/bg/tri1/5.mdl 'ark,s,cs:apply-cmvn  --utt2spk=ark:data/train/split2/2/utt2spk scp:data/train/split2/2/cmvn.scp scp:data/train/split2/2/feats.scp ark:- | add-deltas  ark:- ark:- |' 'ark,s,cs:gunzip -c exp/bg/tri1/ali.2.gz|' exp/bg/tri1/5.2.acc 
apply-cmvn --utt2spk=ark:data/train/split2/2/utt2spk scp:data/train/split2/2/cmvn.scp scp:data/train/split2/2/feats.scp ark:- 
add-deltas ark:- ark:- 
LOG (gmm-acc-stats-ali[5.5.141~1-40a9d]:main():gmm-acc-stats-ali.cc:105) Processed 50 utterances; for utterance usctimit_ema_m1_060 avg. like is -81.7789 over 321 frames.
LOG (gmm-acc-stats-ali[5.5.141~1-40a9d]:main():gmm-acc-stats-ali.cc:105) Processed 100 utterances; for utterance usctimit_ema_m1_117 avg. like is -82.3928 over 438 frames.
LOG (gmm-acc-stats-ali[5.5.141~1-40a9d]:main():gmm-acc-stats-ali.cc:105) Processed 150 utterances; for utterance usctimit_ema_m1_186 avg. like is -82.3108 over 402 frames.
LOG (gmm-acc-stats-ali[5.5.141~1-40a9d]:main():gmm-acc-stats-ali.cc:105) Processed 200 utterances; for utterance usctimit_ema_m1_252 avg. like is -81.8978 over 599 frames.
LOG (gmm-acc-stats-ali[5.5.141~1-40a9d]:main():gmm-acc-stats-ali.cc:105) Processed 250 utterances; for utterance usctimit_ema_m1_319 avg. like is -83.536 over 715 frames.
LOG (gmm-acc-stats-ali[5.5.141~1-40a9d]:main():gmm-acc-stats-ali.cc:105) Processed 300 utterances; for utterance usctimit_ema_m1_390 avg. like is -87.2571 over 518 frames.
LOG (gmm-acc-stats-ali[5.5.141~1-40a9d]:main():gmm-acc-stats-ali.cc:105) Processed 350 utterances; for utterance usctimit_ema_m1_456 avg. like is -83.2838 over 518 frames.
LOG (gmm-acc-stats-ali[5.5.141~1-40a9d]:main():gmm-acc-stats-ali.cc:105) Processed 400 utterances; for utterance usctimit_ema_m3_055 avg. like is -86.3799 over 407 frames.
LOG (gmm-acc-stats-ali[5.5.141~1-40a9d]:main():gmm-acc-stats-ali.cc:105) Processed 450 utterances; for utterance usctimit_ema_m3_111 avg. like is -87.6326 over 322 frames.
LOG (gmm-acc-stats-ali[5.5.141~1-40a9d]:main():gmm-acc-stats-ali.cc:105) Processed 500 utterances; for utterance usctimit_ema_m3_168 avg. like is -84.4013 over 336 frames.
LOG (gmm-acc-stats-ali[5.5.141~1-40a9d]:main():gmm-acc-stats-ali.cc:105) Processed 550 utterances; for utterance usctimit_ema_m3_223 avg. like is -83.3369 over 457 frames.
LOG (gmm-acc-stats-ali[5.5.141~1-40a9d]:main():gmm-acc-stats-ali.cc:105) Processed 600 utterances; for utterance usctimit_ema_m3_283 avg. like is -81.0468 over 560 frames.
LOG (gmm-acc-stats-ali[5.5.141~1-40a9d]:main():gmm-acc-stats-ali.cc:105) Processed 650 utterances; for utterance usctimit_ema_m3_346 avg. like is -85.8593 over 371 frames.
LOG (gmm-acc-stats-ali[5.5.141~1-40a9d]:main():gmm-acc-stats-ali.cc:105) Processed 700 utterances; for utterance usctimit_ema_m3_408 avg. like is -82.2152 over 288 frames.
LOG (apply-cmvn[5.5.141~1-40a9d]:main():apply-cmvn.cc:162) Applied cepstral mean normalization to 739 utterances, errors on 0
LOG (gmm-acc-stats-ali[5.5.141~1-40a9d]:main():gmm-acc-stats-ali.cc:112) Done 739 files, 0 with errors.
LOG (gmm-acc-stats-ali[5.5.141~1-40a9d]:main():gmm-acc-stats-ali.cc:115) Overall avg like per frame (Gaussian only) = -84.3698 over 331215 frames.
LOG (gmm-acc-stats-ali[5.5.141~1-40a9d]:main():gmm-acc-stats-ali.cc:123) Written accs.
# Accounting: time=3 threads=1
# Ended (code 0) at Mon Dec 24 21:17:17 EET 2018, elapsed time 3 seconds
