# build-tree --verbose=1 --max-leaves=2000 --cluster-thresh=-1 exp/bg/tri1/treeacc data/lang/bg/phones/roots.int exp/bg/tri1/questions.qst data/lang/bg/topo exp/bg/tri1/tree 
# Started at Mon Dec 24 21:16:40 EET 2018
#
build-tree --verbose=1 --max-leaves=2000 --cluster-thresh=-1 exp/bg/tri1/treeacc data/lang/bg/phones/roots.int exp/bg/tri1/questions.qst data/lang/bg/topo exp/bg/tri1/tree 
LOG (build-tree[5.5.141~1-40a9d]:main():build-tree.cc:104) Number of separate statistics is 19774
LOG (build-tree[5.5.141~1-40a9d]:BuildTree():build-tree.cc:161) BuildTree: before building trees, map has 41 leaves.
LOG (build-tree[5.5.141~1-40a9d]:SplitDecisionTree():build-tree-utils.cc:577) DoDecisionTreeSplit: split 1277 times, #leaves now 1318
LOG (build-tree[5.5.141~1-40a9d]:BuildTree():build-tree.cc:187) Setting clustering threshold to smallest split 300.273
VLOG[1] (build-tree[5.5.141~1-40a9d]:BuildTree():build-tree.cc:196) After decision tree split, num-leaves = 1318, like-impr = 5.38304 per frame over 649805 frames.
VLOG[1] (build-tree[5.5.141~1-40a9d]:BuildTree():build-tree.cc:200) Including just phones that were split, improvement is 5.38304 per frame over 649805 frames.
LOG (build-tree[5.5.141~1-40a9d]:BuildTree():build-tree.cc:215) BuildTree: removed 273 leaves.
VLOG[1] (build-tree[5.5.141~1-40a9d]:ClusterEventMapToNClustersRestrictedByMap():build-tree-utils.cc:916) Number of non-empty clusters in map = 40
VLOG[1] (build-tree[5.5.141~1-40a9d]:ClusterEventMapToNClustersRestrictedByMap():build-tree-utils.cc:917) Number of non-empty clusters = 1044
LOG (build-tree[5.5.141~1-40a9d]:BuildTree():build-tree.cc:231) BuildTree: Rounded num leaves to multiple of 8 by removing 5 leaves.
VLOG[1] (build-tree[5.5.141~1-40a9d]:BuildTree():build-tree.cc:256) Objf change due to clustering -0.0887589 per frame.
VLOG[1] (build-tree[5.5.141~1-40a9d]:BuildTree():build-tree.cc:259) Normalizing over only split phones, this is: -0.0887589 per frame.
VLOG[1] (build-tree[5.5.141~1-40a9d]:BuildTree():build-tree.cc:262) Num-leaves is now 1040
VLOG[1] (build-tree[5.5.141~1-40a9d]:main():build-tree.cc:143) For pdf-id 1, low count 0
VLOG[1] (build-tree[5.5.141~1-40a9d]:main():build-tree.cc:143) For pdf-id 6, low count 55
VLOG[1] (build-tree[5.5.141~1-40a9d]:main():build-tree.cc:143) For pdf-id 21, low count 96
VLOG[1] (build-tree[5.5.141~1-40a9d]:main():build-tree.cc:143) For pdf-id 22, low count 53
VLOG[1] (build-tree[5.5.141~1-40a9d]:main():build-tree.cc:143) For pdf-id 27, low count 85
VLOG[1] (build-tree[5.5.141~1-40a9d]:main():build-tree.cc:143) For pdf-id 34, low count 42
VLOG[1] (build-tree[5.5.141~1-40a9d]:main():build-tree.cc:143) For pdf-id 54, low count 79
VLOG[1] (build-tree[5.5.141~1-40a9d]:main():build-tree.cc:143) For pdf-id 80, low count 81
VLOG[1] (build-tree[5.5.141~1-40a9d]:main():build-tree.cc:143) For pdf-id 92, low count 60
VLOG[1] (build-tree[5.5.141~1-40a9d]:main():build-tree.cc:143) For pdf-id 102, low count 41
VLOG[1] (build-tree[5.5.141~1-40a9d]:main():build-tree.cc:143) For pdf-id 114, low count 63
VLOG[1] (build-tree[5.5.141~1-40a9d]:main():build-tree.cc:143) For pdf-id 117, low count 96
VLOG[1] (build-tree[5.5.141~1-40a9d]:main():build-tree.cc:143) For pdf-id 124, low count 70
VLOG[1] (build-tree[5.5.141~1-40a9d]:main():build-tree.cc:143) For pdf-id 133, low count 74
VLOG[1] (build-tree[5.5.141~1-40a9d]:main():build-tree.cc:143) For pdf-id 149, low count 91
VLOG[1] (build-tree[5.5.141~1-40a9d]:main():build-tree.cc:143) For pdf-id 150, low count 45
VLOG[1] (build-tree[5.5.141~1-40a9d]:main():build-tree.cc:143) For pdf-id 151, low count 46
VLOG[1] (build-tree[5.5.141~1-40a9d]:main():build-tree.cc:143) For pdf-id 167, low count 68
VLOG[1] (build-tree[5.5.141~1-40a9d]:main():build-tree.cc:143) For pdf-id 171, low count 30
VLOG[1] (build-tree[5.5.141~1-40a9d]:main():build-tree.cc:143) For pdf-id 173, low count 99
VLOG[1] (build-tree[5.5.141~1-40a9d]:main():build-tree.cc:143) For pdf-id 182, low count 99
VLOG[1] (build-tree[5.5.141~1-40a9d]:main():build-tree.cc:143) For pdf-id 189, low count 71
VLOG[1] (build-tree[5.5.141~1-40a9d]:main():build-tree.cc:143) For pdf-id 194, low count 67
VLOG[1] (build-tree[5.5.141~1-40a9d]:main():build-tree.cc:143) For pdf-id 202, low count 92
VLOG[1] (build-tree[5.5.141~1-40a9d]:main():build-tree.cc:143) For pdf-id 212, low count 61
VLOG[1] (build-tree[5.5.141~1-40a9d]:main():build-tree.cc:143) For pdf-id 217, low count 66
VLOG[1] (build-tree[5.5.141~1-40a9d]:main():build-tree.cc:143) For pdf-id 222, low count 86
VLOG[1] (build-tree[5.5.141~1-40a9d]:main():build-tree.cc:143) For pdf-id 223, low count 95
VLOG[1] (build-tree[5.5.141~1-40a9d]:main():build-tree.cc:143) For pdf-id 225, low count 63
VLOG[1] (build-tree[5.5.141~1-40a9d]:main():build-tree.cc:143) For pdf-id 228, low count 72
VLOG[1] (build-tree[5.5.141~1-40a9d]:main():build-tree.cc:143) For pdf-id 231, low count 87
VLOG[1] (build-tree[5.5.141~1-40a9d]:main():build-tree.cc:143) For pdf-id 241, low count 90
VLOG[1] (build-tree[5.5.141~1-40a9d]:main():build-tree.cc:143) For pdf-id 243, low count 72
VLOG[1] (build-tree[5.5.141~1-40a9d]:main():build-tree.cc:143) For pdf-id 249, low count 93
VLOG[1] (build-tree[5.5.141~1-40a9d]:main():build-tree.cc:143) For pdf-id 256, low count 60
VLOG[1] (build-tree[5.5.141~1-40a9d]:main():build-tree.cc:143) For pdf-id 265, low count 91
VLOG[1] (build-tree[5.5.141~1-40a9d]:main():build-tree.cc:143) For pdf-id 267, low count 95
VLOG[1] (build-tree[5.5.141~1-40a9d]:main():build-tree.cc:143) For pdf-id 268, low count 92
VLOG[1] (build-tree[5.5.141~1-40a9d]:main():build-tree.cc:143) For pdf-id 292, low count 71
VLOG[1] (build-tree[5.5.141~1-40a9d]:main():build-tree.cc:143) For pdf-id 295, low count 65
VLOG[1] (build-tree[5.5.141~1-40a9d]:main():build-tree.cc:143) For pdf-id 298, low count 50
VLOG[1] (build-tree[5.5.141~1-40a9d]:main():build-tree.cc:143) For pdf-id 300, low count 99
VLOG[1] (build-tree[5.5.141~1-40a9d]:main():build-tree.cc:143) For pdf-id 303, low count 96
VLOG[1] (build-tree[5.5.141~1-40a9d]:main():build-tree.cc:143) For pdf-id 310, low count 87
VLOG[1] (build-tree[5.5.141~1-40a9d]:main():build-tree.cc:143) For pdf-id 335, low count 73
VLOG[1] (build-tree[5.5.141~1-40a9d]:main():build-tree.cc:143) For pdf-id 336, low count 80
VLOG[1] (build-tree[5.5.141~1-40a9d]:main():build-tree.cc:143) For pdf-id 353, low count 39
VLOG[1] (build-tree[5.5.141~1-40a9d]:main():build-tree.cc:143) For pdf-id 360, low count 33
VLOG[1] (build-tree[5.5.141~1-40a9d]:main():build-tree.cc:143) For pdf-id 361, low count 87
VLOG[1] (build-tree[5.5.141~1-40a9d]:main():build-tree.cc:143) For pdf-id 366, low count 41
VLOG[1] (build-tree[5.5.141~1-40a9d]:main():build-tree.cc:143) For pdf-id 375, low count 61
VLOG[1] (build-tree[5.5.141~1-40a9d]:main():build-tree.cc:143) For pdf-id 377, low count 76
VLOG[1] (build-tree[5.5.141~1-40a9d]:main():build-tree.cc:143) For pdf-id 388, low count 60
VLOG[1] (build-tree[5.5.141~1-40a9d]:main():build-tree.cc:143) For pdf-id 415, low count 64
VLOG[1] (build-tree[5.5.141~1-40a9d]:main():build-tree.cc:143) For pdf-id 420, low count 53
VLOG[1] (build-tree[5.5.141~1-40a9d]:main():build-tree.cc:143) For pdf-id 457, low count 85
VLOG[1] (build-tree[5.5.141~1-40a9d]:main():build-tree.cc:143) For pdf-id 460, low count 61
VLOG[1] (build-tree[5.5.141~1-40a9d]:main():build-tree.cc:143) For pdf-id 463, low count 84
VLOG[1] (build-tree[5.5.141~1-40a9d]:main():build-tree.cc:143) For pdf-id 471, low count 73
VLOG[1] (build-tree[5.5.141~1-40a9d]:main():build-tree.cc:143) For pdf-id 490, low count 94
VLOG[1] (build-tree[5.5.141~1-40a9d]:main():build-tree.cc:143) For pdf-id 496, low count 90
VLOG[1] (build-tree[5.5.141~1-40a9d]:main():build-tree.cc:143) For pdf-id 531, low count 72
VLOG[1] (build-tree[5.5.141~1-40a9d]:main():build-tree.cc:143) For pdf-id 546, low count 46
VLOG[1] (build-tree[5.5.141~1-40a9d]:main():build-tree.cc:143) For pdf-id 548, low count 88
VLOG[1] (build-tree[5.5.141~1-40a9d]:main():build-tree.cc:143) For pdf-id 553, low count 81
VLOG[1] (build-tree[5.5.141~1-40a9d]:main():build-tree.cc:143) For pdf-id 560, low count 72
VLOG[1] (build-tree[5.5.141~1-40a9d]:main():build-tree.cc:143) For pdf-id 563, low count 47
VLOG[1] (build-tree[5.5.141~1-40a9d]:main():build-tree.cc:143) For pdf-id 588, low count 47
VLOG[1] (build-tree[5.5.141~1-40a9d]:main():build-tree.cc:143) For pdf-id 596, low count 96
VLOG[1] (build-tree[5.5.141~1-40a9d]:main():build-tree.cc:143) For pdf-id 624, low count 45
VLOG[1] (build-tree[5.5.141~1-40a9d]:main():build-tree.cc:143) For pdf-id 627, low count 55
VLOG[1] (build-tree[5.5.141~1-40a9d]:main():build-tree.cc:143) For pdf-id 640, low count 61
VLOG[1] (build-tree[5.5.141~1-40a9d]:main():build-tree.cc:143) For pdf-id 647, low count 68
VLOG[1] (build-tree[5.5.141~1-40a9d]:main():build-tree.cc:143) For pdf-id 650, low count 37
VLOG[1] (build-tree[5.5.141~1-40a9d]:main():build-tree.cc:143) For pdf-id 671, low count 63
VLOG[1] (build-tree[5.5.141~1-40a9d]:main():build-tree.cc:143) For pdf-id 713, low count 50
VLOG[1] (build-tree[5.5.141~1-40a9d]:main():build-tree.cc:143) For pdf-id 725, low count 65
VLOG[1] (build-tree[5.5.141~1-40a9d]:main():build-tree.cc:143) For pdf-id 750, low count 95
VLOG[1] (build-tree[5.5.141~1-40a9d]:main():build-tree.cc:143) For pdf-id 753, low count 50
VLOG[1] (build-tree[5.5.141~1-40a9d]:main():build-tree.cc:143) For pdf-id 769, low count 66
VLOG[1] (build-tree[5.5.141~1-40a9d]:main():build-tree.cc:143) For pdf-id 772, low count 63
VLOG[1] (build-tree[5.5.141~1-40a9d]:main():build-tree.cc:143) For pdf-id 819, low count 50
VLOG[1] (build-tree[5.5.141~1-40a9d]:main():build-tree.cc:143) For pdf-id 873, low count 62
VLOG[1] (build-tree[5.5.141~1-40a9d]:main():build-tree.cc:143) For pdf-id 945, low count 88
VLOG[1] (build-tree[5.5.141~1-40a9d]:main():build-tree.cc:143) For pdf-id 1025, low count 14
VLOG[1] (build-tree[5.5.141~1-40a9d]:main():build-tree.cc:143) For pdf-id 1030, low count 53
VLOG[1] (build-tree[5.5.141~1-40a9d]:main():build-tree.cc:143) For pdf-id 1039, low count 60
WARNING (build-tree[5.5.141~1-40a9d]:main():build-tree.cc:185) Saw no stats for following phones: 2 3 4 6 7 8 9 10 11 12 14 15 16 18 19 20 22 23 24 26 27 28 30 31 32 34 35 36 38 39 40 42 43 44 46 47 48 50 51 52 54 55 56 58 59 60 62 63 64 66 67 68 70 71 72 74 75 76 78 79 80 82 83 84 86 87 88 90 91 92 94 95 96 98 99 100 102 103 104 106 107 108 110 111 112 114 115 116 118 119 120 122 123 124 126 127 128 130 131 132 134 135 136 138 139 140 142 143 144 146 147 148 150 151 152 154 155 156 158 159 160 162 163 164 
LOG (build-tree[5.5.141~1-40a9d]:main():build-tree.cc:189) Wrote tree
# Accounting: time=6 threads=1
# Ended (code 0) at Mon Dec 24 21:16:46 EET 2018, elapsed time 6 seconds
