# gmm-init-model --write-occs=exp/bg/tri1/1.occs exp/bg/tri1/tree exp/bg/tri1/treeacc data/lang/bg/topo exp/bg/tri1/1.mdl 
# Started at Mon Dec 24 21:16:46 EET 2018
#
gmm-init-model --write-occs=exp/bg/tri1/1.occs exp/bg/tri1/tree exp/bg/tri1/treeacc data/lang/bg/topo exp/bg/tri1/1.mdl 
LOG (gmm-init-model[5.5.141~1-40a9d]:main():gmm-init-model.cc:271) Number of separate statistics is 19774
WARNING (gmm-init-model[5.5.141~1-40a9d]:InitAmGmm():gmm-init-model.cc:55) Tree has pdf-id 1 with no stats; corresponding phone list: 6 7 8 9 
WARNING (gmm-init-model[5.5.141~1-40a9d]:InitAmGmm():gmm-init-model.cc:83) Very small count for state 6: 55; corresponding phone list: 26 27 28 29 
WARNING (gmm-init-model[5.5.141~1-40a9d]:InitAmGmm():gmm-init-model.cc:83) Very small count for state 21: 96; corresponding phone list: 86 87 88 89 
WARNING (gmm-init-model[5.5.141~1-40a9d]:InitAmGmm():gmm-init-model.cc:83) Very small count for state 22: 53; corresponding phone list: 90 91 92 93 
WARNING (gmm-init-model[5.5.141~1-40a9d]:InitAmGmm():gmm-init-model.cc:83) Very small count for state 27: 85; corresponding phone list: 110 111 112 113 
WARNING (gmm-init-model[5.5.141~1-40a9d]:InitAmGmm():gmm-init-model.cc:83) Very small count for state 34: 42; corresponding phone list: 138 139 140 141 
WARNING (gmm-init-model[5.5.141~1-40a9d]:InitAmGmm():gmm-init-model.cc:83) Very small count for state 54: 79; corresponding phone list: 78 79 80 81 
WARNING (gmm-init-model[5.5.141~1-40a9d]:InitAmGmm():gmm-init-model.cc:83) Very small count for state 80: 81; corresponding phone list: 94 95 96 97 
WARNING (gmm-init-model[5.5.141~1-40a9d]:InitAmGmm():gmm-init-model.cc:83) Very small count for state 92: 60; corresponding phone list: 22 23 24 25 
WARNING (gmm-init-model[5.5.141~1-40a9d]:InitAmGmm():gmm-init-model.cc:83) Very small count for state 102: 41; corresponding phone list: 54 55 56 57 
WARNING (gmm-init-model[5.5.141~1-40a9d]:InitAmGmm():gmm-init-model.cc:83) Very small count for state 114: 63; corresponding phone list: 106 107 108 109 
WARNING (gmm-init-model[5.5.141~1-40a9d]:InitAmGmm():gmm-init-model.cc:83) Very small count for state 117: 96; corresponding phone list: 110 111 112 113 
WARNING (gmm-init-model[5.5.141~1-40a9d]:InitAmGmm():gmm-init-model.cc:83) Very small count for state 124: 70; corresponding phone list: 154 155 156 157 
WARNING (gmm-init-model[5.5.141~1-40a9d]:InitAmGmm():gmm-init-model.cc:83) Very small count for state 133: 74; corresponding phone list: 70 71 72 73 
WARNING (gmm-init-model[5.5.141~1-40a9d]:InitAmGmm():gmm-init-model.cc:83) Very small count for state 149: 91; corresponding phone list: 98 99 100 101 
WARNING (gmm-init-model[5.5.141~1-40a9d]:InitAmGmm():gmm-init-model.cc:83) Very small count for state 150: 45; corresponding phone list: 90 91 92 93 
WARNING (gmm-init-model[5.5.141~1-40a9d]:InitAmGmm():gmm-init-model.cc:83) Very small count for state 151: 46; corresponding phone list: 54 55 56 57 
WARNING (gmm-init-model[5.5.141~1-40a9d]:InitAmGmm():gmm-init-model.cc:83) Very small count for state 167: 68; corresponding phone list: 74 75 76 77 
WARNING (gmm-init-model[5.5.141~1-40a9d]:InitAmGmm():gmm-init-model.cc:83) Very small count for state 171: 30; corresponding phone list: 158 159 160 161 
WARNING (gmm-init-model[5.5.141~1-40a9d]:InitAmGmm():gmm-init-model.cc:83) Very small count for state 173: 99; corresponding phone list: 54 55 56 57 
WARNING (gmm-init-model[5.5.141~1-40a9d]:InitAmGmm():gmm-init-model.cc:83) Very small count for state 182: 99; corresponding phone list: 142 143 144 145 
WARNING (gmm-init-model[5.5.141~1-40a9d]:InitAmGmm():gmm-init-model.cc:83) Very small count for state 189: 71; corresponding phone list: 114 115 116 117 
WARNING (gmm-init-model[5.5.141~1-40a9d]:InitAmGmm():gmm-init-model.cc:83) Very small count for state 194: 67; corresponding phone list: 118 119 120 121 
WARNING (gmm-init-model[5.5.141~1-40a9d]:InitAmGmm():gmm-init-model.cc:83) Very small count for state 202: 92; corresponding phone list: 118 119 120 121 
WARNING (gmm-init-model[5.5.141~1-40a9d]:InitAmGmm():gmm-init-model.cc:83) Very small count for state 212: 61; corresponding phone list: 78 79 80 81 
WARNING (gmm-init-model[5.5.141~1-40a9d]:InitAmGmm():gmm-init-model.cc:83) Very small count for state 217: 66; corresponding phone list: 90 91 92 93 
WARNING (gmm-init-model[5.5.141~1-40a9d]:InitAmGmm():gmm-init-model.cc:83) Very small count for state 222: 86; corresponding phone list: 150 151 152 153 
WARNING (gmm-init-model[5.5.141~1-40a9d]:InitAmGmm():gmm-init-model.cc:83) Very small count for state 223: 95; corresponding phone list: 58 59 60 61 
WARNING (gmm-init-model[5.5.141~1-40a9d]:InitAmGmm():gmm-init-model.cc:83) Very small count for state 225: 63; corresponding phone list: 66 67 68 69 
WARNING (gmm-init-model[5.5.141~1-40a9d]:InitAmGmm():gmm-init-model.cc:83) Very small count for state 228: 72; corresponding phone list: 134 135 136 137 
WARNING (gmm-init-model[5.5.141~1-40a9d]:InitAmGmm():gmm-init-model.cc:83) Very small count for state 231: 87; corresponding phone list: 106 107 108 109 
WARNING (gmm-init-model[5.5.141~1-40a9d]:InitAmGmm():gmm-init-model.cc:83) Very small count for state 241: 90; corresponding phone list: 22 23 24 25 
WARNING (gmm-init-model[5.5.141~1-40a9d]:InitAmGmm():gmm-init-model.cc:83) Very small count for state 243: 72; corresponding phone list: 118 119 120 121 
WARNING (gmm-init-model[5.5.141~1-40a9d]:InitAmGmm():gmm-init-model.cc:83) Very small count for state 249: 93; corresponding phone list: 54 55 56 57 
WARNING (gmm-init-model[5.5.141~1-40a9d]:InitAmGmm():gmm-init-model.cc:83) Very small count for state 256: 60; corresponding phone list: 30 31 32 33 
WARNING (gmm-init-model[5.5.141~1-40a9d]:InitAmGmm():gmm-init-model.cc:83) Very small count for state 265: 91; corresponding phone list: 18 19 20 21 
WARNING (gmm-init-model[5.5.141~1-40a9d]:InitAmGmm():gmm-init-model.cc:83) Very small count for state 267: 95; corresponding phone list: 106 107 108 109 
WARNING (gmm-init-model[5.5.141~1-40a9d]:InitAmGmm():gmm-init-model.cc:83) Very small count for state 268: 92; corresponding phone list: 74 75 76 77 
WARNING (gmm-init-model[5.5.141~1-40a9d]:InitAmGmm():gmm-init-model.cc:83) Very small count for state 292: 71; corresponding phone list: 114 115 116 117 
WARNING (gmm-init-model[5.5.141~1-40a9d]:InitAmGmm():gmm-init-model.cc:83) Very small count for state 295: 65; corresponding phone list: 18 19 20 21 
WARNING (gmm-init-model[5.5.141~1-40a9d]:InitAmGmm():gmm-init-model.cc:83) Very small count for state 298: 50; corresponding phone list: 70 71 72 73 
WARNING (gmm-init-model[5.5.141~1-40a9d]:InitAmGmm():gmm-init-model.cc:83) Very small count for state 300: 99; corresponding phone list: 138 139 140 141 
WARNING (gmm-init-model[5.5.141~1-40a9d]:InitAmGmm():gmm-init-model.cc:83) Very small count for state 303: 96; corresponding phone list: 102 103 104 105 
WARNING (gmm-init-model[5.5.141~1-40a9d]:InitAmGmm():gmm-init-model.cc:83) Very small count for state 310: 87; corresponding phone list: 98 99 100 101 
WARNING (gmm-init-model[5.5.141~1-40a9d]:InitAmGmm():gmm-init-model.cc:83) Very small count for state 335: 73; corresponding phone list: 62 63 64 65 
WARNING (gmm-init-model[5.5.141~1-40a9d]:InitAmGmm():gmm-init-model.cc:83) Very small count for state 336: 80; corresponding phone list: 54 55 56 57 
WARNING (gmm-init-model[5.5.141~1-40a9d]:InitAmGmm():gmm-init-model.cc:83) Very small count for state 353: 39; corresponding phone list: 70 71 72 73 
WARNING (gmm-init-model[5.5.141~1-40a9d]:InitAmGmm():gmm-init-model.cc:83) Very small count for state 360: 33; corresponding phone list: 142 143 144 145 
WARNING (gmm-init-model[5.5.141~1-40a9d]:InitAmGmm():gmm-init-model.cc:83) Very small count for state 361: 87; corresponding phone list: 142 143 144 145 
WARNING (gmm-init-model[5.5.141~1-40a9d]:InitAmGmm():gmm-init-model.cc:83) Very small count for state 366: 41; corresponding phone list: 54 55 56 57 
WARNING (gmm-init-model[5.5.141~1-40a9d]:InitAmGmm():gmm-init-model.cc:83) Very small count for state 375: 61; corresponding phone list: 10 11 12 13 
WARNING (gmm-init-model[5.5.141~1-40a9d]:InitAmGmm():gmm-init-model.cc:83) Very small count for state 377: 76; corresponding phone list: 118 119 120 121 
WARNING (gmm-init-model[5.5.141~1-40a9d]:InitAmGmm():gmm-init-model.cc:83) Very small count for state 388: 60; corresponding phone list: 26 27 28 29 
WARNING (gmm-init-model[5.5.141~1-40a9d]:InitAmGmm():gmm-init-model.cc:83) Very small count for state 415: 64; corresponding phone list: 18 19 20 21 
WARNING (gmm-init-model[5.5.141~1-40a9d]:InitAmGmm():gmm-init-model.cc:83) Very small count for state 420: 53; corresponding phone list: 34 35 36 37 
WARNING (gmm-init-model[5.5.141~1-40a9d]:InitAmGmm():gmm-init-model.cc:83) Very small count for state 457: 85; corresponding phone list: 94 95 96 97 
WARNING (gmm-init-model[5.5.141~1-40a9d]:InitAmGmm():gmm-init-model.cc:83) Very small count for state 460: 61; corresponding phone list: 78 79 80 81 
WARNING (gmm-init-model[5.5.141~1-40a9d]:InitAmGmm():gmm-init-model.cc:83) Very small count for state 463: 84; corresponding phone list: 22 23 24 25 
WARNING (gmm-init-model[5.5.141~1-40a9d]:InitAmGmm():gmm-init-model.cc:83) Very small count for state 471: 73; corresponding phone list: 158 159 160 161 
WARNING (gmm-init-model[5.5.141~1-40a9d]:InitAmGmm():gmm-init-model.cc:83) Very small count for state 490: 94; corresponding phone list: 74 75 76 77 
WARNING (gmm-init-model[5.5.141~1-40a9d]:InitAmGmm():gmm-init-model.cc:83) Very small count for state 496: 90; corresponding phone list: 70 71 72 73 
WARNING (gmm-init-model[5.5.141~1-40a9d]:InitAmGmm():gmm-init-model.cc:83) Very small count for state 531: 72; corresponding phone list: 50 51 52 53 
WARNING (gmm-init-model[5.5.141~1-40a9d]:InitAmGmm():gmm-init-model.cc:83) Very small count for state 546: 46; corresponding phone list: 78 79 80 81 
WARNING (gmm-init-model[5.5.141~1-40a9d]:InitAmGmm():gmm-init-model.cc:83) Very small count for state 548: 88; corresponding phone list: 106 107 108 109 
WARNING (gmm-init-model[5.5.141~1-40a9d]:InitAmGmm():gmm-init-model.cc:83) Very small count for state 553: 81; corresponding phone list: 90 91 92 93 
WARNING (gmm-init-model[5.5.141~1-40a9d]:InitAmGmm():gmm-init-model.cc:83) Very small count for state 560: 72; corresponding phone list: 154 155 156 157 
WARNING (gmm-init-model[5.5.141~1-40a9d]:InitAmGmm():gmm-init-model.cc:83) Very small count for state 563: 47; corresponding phone list: 98 99 100 101 
WARNING (gmm-init-model[5.5.141~1-40a9d]:InitAmGmm():gmm-init-model.cc:83) Very small count for state 588: 47; corresponding phone list: 30 31 32 33 
WARNING (gmm-init-model[5.5.141~1-40a9d]:InitAmGmm():gmm-init-model.cc:83) Very small count for state 596: 96; corresponding phone list: 102 103 104 105 
WARNING (gmm-init-model[5.5.141~1-40a9d]:InitAmGmm():gmm-init-model.cc:83) Very small count for state 624: 45; corresponding phone list: 18 19 20 21 
WARNING (gmm-init-model[5.5.141~1-40a9d]:InitAmGmm():gmm-init-model.cc:83) Very small count for state 627: 55; corresponding phone list: 50 51 52 53 
WARNING (gmm-init-model[5.5.141~1-40a9d]:InitAmGmm():gmm-init-model.cc:83) Very small count for state 640: 61; corresponding phone list: 74 75 76 77 
WARNING (gmm-init-model[5.5.141~1-40a9d]:InitAmGmm():gmm-init-model.cc:83) Very small count for state 647: 68; corresponding phone list: 138 139 140 141 
WARNING (gmm-init-model[5.5.141~1-40a9d]:InitAmGmm():gmm-init-model.cc:83) Very small count for state 650: 37; corresponding phone list: 78 79 80 81 
WARNING (gmm-init-model[5.5.141~1-40a9d]:InitAmGmm():gmm-init-model.cc:83) Very small count for state 671: 63; corresponding phone list: 54 55 56 57 
WARNING (gmm-init-model[5.5.141~1-40a9d]:InitAmGmm():gmm-init-model.cc:83) Very small count for state 713: 50; corresponding phone list: 50 51 52 53 
WARNING (gmm-init-model[5.5.141~1-40a9d]:InitAmGmm():gmm-init-model.cc:83) Very small count for state 725: 65; corresponding phone list: 94 95 96 97 
WARNING (gmm-init-model[5.5.141~1-40a9d]:InitAmGmm():gmm-init-model.cc:83) Very small count for state 750: 95; corresponding phone list: 86 87 88 89 
WARNING (gmm-init-model[5.5.141~1-40a9d]:InitAmGmm():gmm-init-model.cc:83) Very small count for state 753: 50; corresponding phone list: 22 23 24 25 
WARNING (gmm-init-model[5.5.141~1-40a9d]:InitAmGmm():gmm-init-model.cc:83) Very small count for state 769: 66; corresponding phone list: 38 39 40 41 
WARNING (gmm-init-model[5.5.141~1-40a9d]:InitAmGmm():gmm-init-model.cc:83) Very small count for state 772: 63; corresponding phone list: 70 71 72 73 
WARNING (gmm-init-model[5.5.141~1-40a9d]:InitAmGmm():gmm-init-model.cc:83) Very small count for state 819: 50; corresponding phone list: 50 51 52 53 
WARNING (gmm-init-model[5.5.141~1-40a9d]:InitAmGmm():gmm-init-model.cc:83) Very small count for state 873: 62; corresponding phone list: 106 107 108 109 
WARNING (gmm-init-model[5.5.141~1-40a9d]:InitAmGmm():gmm-init-model.cc:83) Very small count for state 945: 88; corresponding phone list: 26 27 28 29 
WARNING (gmm-init-model[5.5.141~1-40a9d]:InitAmGmm():gmm-init-model.cc:83) Very small count for state 1025: 14; corresponding phone list: 102 103 104 105 
WARNING (gmm-init-model[5.5.141~1-40a9d]:InitAmGmm():gmm-init-model.cc:83) Very small count for state 1030: 53; corresponding phone list: 62 63 64 65 
WARNING (gmm-init-model[5.5.141~1-40a9d]:InitAmGmm():gmm-init-model.cc:83) Very small count for state 1039: 60; corresponding phone list: 70 71 72 73 
LOG (gmm-init-model[5.5.141~1-40a9d]:main():gmm-init-model.cc:306) Wrote model.
# Accounting: time=0 threads=1
# Ended (code 0) at Mon Dec 24 21:16:46 EET 2018, elapsed time 0 seconds
