# gmm-est --mix-up=3800 --power=0.25 --write-occs=exp/bg/tri1/7.occs exp/bg/tri1/6.mdl "gmm-sum-accs - exp/bg/tri1/6.*.acc |" exp/bg/tri1/7.mdl 
# Started at Mon Dec 24 15:10:10 EET 2018
#
gmm-est --mix-up=3800 --power=0.25 --write-occs=exp/bg/tri1/7.occs exp/bg/tri1/6.mdl 'gmm-sum-accs - exp/bg/tri1/6.*.acc |' exp/bg/tri1/7.mdl 
gmm-sum-accs - exp/bg/tri1/6.1.acc exp/bg/tri1/6.2.acc exp/bg/tri1/6.3.acc exp/bg/tri1/6.4.acc 
LOG (gmm-sum-accs[5.5.141~1-40a9d]:main():gmm-sum-accs.cc:63) Summed 4 stats, total count 649805, avg like/frame -83.8336
LOG (gmm-sum-accs[5.5.141~1-40a9d]:main():gmm-sum-accs.cc:66) Total count of stats is 649805
LOG (gmm-sum-accs[5.5.141~1-40a9d]:main():gmm-sum-accs.cc:67) Written stats to -
LOG (gmm-est[5.5.141~1-40a9d]:MleUpdate():transition-model.cc:528) TransitionModel::Update, objf change is 0 per frame over 649805 frames. 
LOG (gmm-est[5.5.141~1-40a9d]:MleUpdate():transition-model.cc:531) 23 probabilities floored, 3357 out of 4477 transition-states skipped due to insuffient data (it is normal to have some skipped.)
LOG (gmm-est[5.5.141~1-40a9d]:main():gmm-est.cc:102) Transition model update: Overall 0 log-like improvement per frame over 649805 frames.
WARNING (gmm-est[5.5.141~1-40a9d]:MleDiagGmmUpdate():mle-diag-gmm.cc:365) Gaussian has too little data but not removing it because it is the last Gaussian: i = 0, occ = 0, weight = 1
LOG (gmm-est[5.5.141~1-40a9d]:MleAmDiagGmmUpdate():mle-am-diag-gmm.cc:225) 0 variance elements floored in 0 Gaussians, out of 3440
LOG (gmm-est[5.5.141~1-40a9d]:MleAmDiagGmmUpdate():mle-am-diag-gmm.cc:229) Removed 0 Gaussians due to counts < --min-gaussian-occupancy=10 and --remove-low-count-gaussians=true
LOG (gmm-est[5.5.141~1-40a9d]:main():gmm-est.cc:113) GMM update: Overall 0.266208 objective function improvement per frame over 649805 frames
LOG (gmm-est[5.5.141~1-40a9d]:main():gmm-est.cc:116) GMM update: Overall avg like per frame = -83.8336 over 649805 frames.
LOG (gmm-est[5.5.141~1-40a9d]:SplitByCount():am-diag-gmm.cc:116) Split 1032 states with target = 3800, power = 0.25, perturb_factor = 0.01 and min_count = 20, split #Gauss from 3440 to 3800
LOG (gmm-est[5.5.141~1-40a9d]:main():gmm-est.cc:146) Written model to exp/bg/tri1/7.mdl
# Accounting: time=0 threads=1
# Ended (code 0) at Mon Dec 24 15:10:10 EET 2018, elapsed time 0 seconds
