# gmm-est --mix-up=6320 --power=0.25 --write-occs=exp/bg/tri1/14.occs exp/bg/tri1/13.mdl "gmm-sum-accs - exp/bg/tri1/13.*.acc |" exp/bg/tri1/14.mdl 
# Started at Mon Dec 24 21:18:39 EET 2018
#
gmm-est --mix-up=6320 --power=0.25 --write-occs=exp/bg/tri1/14.occs exp/bg/tri1/13.mdl 'gmm-sum-accs - exp/bg/tri1/13.*.acc |' exp/bg/tri1/14.mdl 
gmm-sum-accs - exp/bg/tri1/13.1.acc exp/bg/tri1/13.2.acc 
LOG (gmm-sum-accs[5.5.141~1-40a9d]:main():gmm-sum-accs.cc:63) Summed 2 stats, total count 649618, avg like/frame -81.3045
LOG (gmm-sum-accs[5.5.141~1-40a9d]:main():gmm-sum-accs.cc:66) Total count of stats is 649618
LOG (gmm-sum-accs[5.5.141~1-40a9d]:main():gmm-sum-accs.cc:67) Written stats to -
LOG (gmm-est[5.5.141~1-40a9d]:MleUpdate():transition-model.cc:528) TransitionModel::Update, objf change is 4.22066e-11 per frame over 649618 frames. 
LOG (gmm-est[5.5.141~1-40a9d]:MleUpdate():transition-model.cc:531) 77 probabilities floored, 3365 out of 4485 transition-states skipped due to insuffient data (it is normal to have some skipped.)
LOG (gmm-est[5.5.141~1-40a9d]:main():gmm-est.cc:102) Transition model update: Overall 4.22066e-11 log-like improvement per frame over 649618 frames.
WARNING (gmm-est[5.5.141~1-40a9d]:MleDiagGmmUpdate():mle-diag-gmm.cc:365) Gaussian has too little data but not removing it because it is the last Gaussian: i = 0, occ = 0, weight = 1
WARNING (gmm-est[5.5.141~1-40a9d]:MleDiagGmmUpdate():mle-diag-gmm.cc:359) Too little data - removing Gaussian (weight 0.070630, occupation count 6.003541, vector size 39)
WARNING (gmm-est[5.5.141~1-40a9d]:MleDiagGmmUpdate():mle-diag-gmm.cc:359) Too little data - removing Gaussian (weight 0.082643, occupation count 9.999794, vector size 39)
LOG (gmm-est[5.5.141~1-40a9d]:MleAmDiagGmmUpdate():mle-am-diag-gmm.cc:225) 0 variance elements floored in 0 Gaussians, out of 5960
LOG (gmm-est[5.5.141~1-40a9d]:MleAmDiagGmmUpdate():mle-am-diag-gmm.cc:229) Removed 2 Gaussians due to counts < --min-gaussian-occupancy=10 and --remove-low-count-gaussians=true
LOG (gmm-est[5.5.141~1-40a9d]:main():gmm-est.cc:113) GMM update: Overall 0.103488 objective function improvement per frame over 649618 frames
LOG (gmm-est[5.5.141~1-40a9d]:main():gmm-est.cc:116) GMM update: Overall avg like per frame = -81.3045 over 649618 frames.
LOG (gmm-est[5.5.141~1-40a9d]:SplitByCount():am-diag-gmm.cc:116) Split 1040 states with target = 6320, power = 0.25, perturb_factor = 0.01 and min_count = 20, split #Gauss from 5960 to 6322
LOG (gmm-est[5.5.141~1-40a9d]:main():gmm-est.cc:146) Written model to exp/bg/tri1/14.mdl
# Accounting: time=1 threads=1
# Ended (code 0) at Mon Dec 24 21:18:40 EET 2018, elapsed time 1 seconds
