# gmm-est --mix-up=10640 --power=0.25 --write-occs=exp/bg/tri1/26.occs exp/bg/tri1/25.mdl "gmm-sum-accs - exp/bg/tri1/25.*.acc |" exp/bg/tri1/26.mdl 
# Started at Mon Dec 24 15:11:36 EET 2018
#
gmm-est --mix-up=10640 --power=0.25 --write-occs=exp/bg/tri1/26.occs exp/bg/tri1/25.mdl 'gmm-sum-accs - exp/bg/tri1/25.*.acc |' exp/bg/tri1/26.mdl 
gmm-sum-accs - exp/bg/tri1/25.1.acc exp/bg/tri1/25.2.acc exp/bg/tri1/25.3.acc exp/bg/tri1/25.4.acc 
LOG (gmm-sum-accs[5.5.141~1-40a9d]:main():gmm-sum-accs.cc:63) Summed 4 stats, total count 649618, avg like/frame -79.4414
LOG (gmm-sum-accs[5.5.141~1-40a9d]:main():gmm-sum-accs.cc:66) Total count of stats is 649618
LOG (gmm-sum-accs[5.5.141~1-40a9d]:main():gmm-sum-accs.cc:67) Written stats to -
LOG (gmm-est[5.5.141~1-40a9d]:MleUpdate():transition-model.cc:528) TransitionModel::Update, objf change is 0 per frame over 649618 frames. 
LOG (gmm-est[5.5.141~1-40a9d]:MleUpdate():transition-model.cc:531) 75 probabilities floored, 3359 out of 4477 transition-states skipped due to insuffient data (it is normal to have some skipped.)
LOG (gmm-est[5.5.141~1-40a9d]:main():gmm-est.cc:102) Transition model update: Overall 0 log-like improvement per frame over 649618 frames.
WARNING (gmm-est[5.5.141~1-40a9d]:MleDiagGmmUpdate():mle-diag-gmm.cc:365) Gaussian has too little data but not removing it because it is the last Gaussian: i = 0, occ = 0, weight = 1
WARNING (gmm-est[5.5.141~1-40a9d]:MleDiagGmmUpdate():mle-diag-gmm.cc:359) Too little data - removing Gaussian (weight 0.042046, occupation count 9.586596, vector size 39)
WARNING (gmm-est[5.5.141~1-40a9d]:MleDiagGmmUpdate():mle-diag-gmm.cc:359) Too little data - removing Gaussian (weight 0.062111, occupation count 9.999845, vector size 39)
WARNING (gmm-est[5.5.141~1-40a9d]:MleDiagGmmUpdate():mle-diag-gmm.cc:359) Too little data - removing Gaussian (weight 0.032894, occupation count 9.999730, vector size 39)
LOG (gmm-est[5.5.141~1-40a9d]:MleAmDiagGmmUpdate():mle-am-diag-gmm.cc:225) 0 variance elements floored in 0 Gaussians, out of 10290
LOG (gmm-est[5.5.141~1-40a9d]:MleAmDiagGmmUpdate():mle-am-diag-gmm.cc:229) Removed 3 Gaussians due to counts < --min-gaussian-occupancy=10 and --remove-low-count-gaussians=true
LOG (gmm-est[5.5.141~1-40a9d]:main():gmm-est.cc:113) GMM update: Overall 0.0598406 objective function improvement per frame over 649618 frames
LOG (gmm-est[5.5.141~1-40a9d]:main():gmm-est.cc:116) GMM update: Overall avg like per frame = -79.4414 over 649618 frames.
LOG (gmm-est[5.5.141~1-40a9d]:SplitByCount():am-diag-gmm.cc:116) Split 1032 states with target = 10640, power = 0.25, perturb_factor = 0.01 and min_count = 20, split #Gauss from 10290 to 10653
LOG (gmm-est[5.5.141~1-40a9d]:main():gmm-est.cc:146) Written model to exp/bg/tri1/26.mdl
# Accounting: time=1 threads=1
# Ended (code 0) at Mon Dec 24 15:11:37 EET 2018, elapsed time 1 seconds
