# gmm-est --mix-up=9920 --power=0.25 --write-occs=exp/bg/tri1/24.occs exp/bg/tri1/23.mdl "gmm-sum-accs - exp/bg/tri1/23.*.acc |" exp/bg/tri1/24.mdl 
# Started at Mon Dec 24 21:20:49 EET 2018
#
gmm-est --mix-up=9920 --power=0.25 --write-occs=exp/bg/tri1/24.occs exp/bg/tri1/23.mdl 'gmm-sum-accs - exp/bg/tri1/23.*.acc |' exp/bg/tri1/24.mdl 
gmm-sum-accs - exp/bg/tri1/23.1.acc exp/bg/tri1/23.2.acc 
LOG (gmm-sum-accs[5.5.141~1-40a9d]:main():gmm-sum-accs.cc:63) Summed 2 stats, total count 649618, avg like/frame -79.6599
LOG (gmm-sum-accs[5.5.141~1-40a9d]:main():gmm-sum-accs.cc:66) Total count of stats is 649618
LOG (gmm-sum-accs[5.5.141~1-40a9d]:main():gmm-sum-accs.cc:67) Written stats to -
LOG (gmm-est[5.5.141~1-40a9d]:MleUpdate():transition-model.cc:528) TransitionModel::Update, objf change is 0 per frame over 649618 frames. 
LOG (gmm-est[5.5.141~1-40a9d]:MleUpdate():transition-model.cc:531) 77 probabilities floored, 3365 out of 4485 transition-states skipped due to insuffient data (it is normal to have some skipped.)
LOG (gmm-est[5.5.141~1-40a9d]:main():gmm-est.cc:102) Transition model update: Overall 0 log-like improvement per frame over 649618 frames.
WARNING (gmm-est[5.5.141~1-40a9d]:MleDiagGmmUpdate():mle-diag-gmm.cc:365) Gaussian has too little data but not removing it because it is the last Gaussian: i = 0, occ = 0, weight = 1
WARNING (gmm-est[5.5.141~1-40a9d]:MleDiagGmmUpdate():mle-diag-gmm.cc:359) Too little data - removing Gaussian (weight 0.066072, occupation count 9.580466, vector size 39)
WARNING (gmm-est[5.5.141~1-40a9d]:MleDiagGmmUpdate():mle-diag-gmm.cc:359) Too little data - removing Gaussian (weight 0.069265, occupation count 9.904870, vector size 39)
WARNING (gmm-est[5.5.141~1-40a9d]:MleDiagGmmUpdate():mle-diag-gmm.cc:359) Too little data - removing Gaussian (weight 0.059537, occupation count 9.764059, vector size 39)
WARNING (gmm-est[5.5.141~1-40a9d]:MleDiagGmmUpdate():mle-diag-gmm.cc:359) Too little data - removing Gaussian (weight 0.031846, occupation count 6.369158, vector size 39)
LOG (gmm-est[5.5.141~1-40a9d]:MleAmDiagGmmUpdate():mle-am-diag-gmm.cc:225) 0 variance elements floored in 0 Gaussians, out of 9563
LOG (gmm-est[5.5.141~1-40a9d]:MleAmDiagGmmUpdate():mle-am-diag-gmm.cc:229) Removed 4 Gaussians due to counts < --min-gaussian-occupancy=10 and --remove-low-count-gaussians=true
LOG (gmm-est[5.5.141~1-40a9d]:main():gmm-est.cc:113) GMM update: Overall 0.0637152 objective function improvement per frame over 649618 frames
LOG (gmm-est[5.5.141~1-40a9d]:main():gmm-est.cc:116) GMM update: Overall avg like per frame = -79.6599 over 649618 frames.
LOG (gmm-est[5.5.141~1-40a9d]:SplitByCount():am-diag-gmm.cc:116) Split 1040 states with target = 9920, power = 0.25, perturb_factor = 0.01 and min_count = 20, split #Gauss from 9563 to 9927
LOG (gmm-est[5.5.141~1-40a9d]:main():gmm-est.cc:146) Written model to exp/bg/tri1/24.mdl
# Accounting: time=1 threads=1
# Ended (code 0) at Mon Dec 24 21:20:50 EET 2018, elapsed time 1 seconds
