# lattice-scale --inv-acoustic-scale=11 "ark:gunzip -c exp/ug/tri1/decode/lat.*.gz|" ark:- | lattice-add-penalty --word-ins-penalty=0.0 ark:- ark:- | lattice-best-path --word-symbol-table=exp/ug/tri1/graph/words.txt ark:- ark,t:- | utils/int2sym.pl -f 2- exp/ug/tri1/graph/words.txt | cat > exp/ug/tri1/decode/scoring_kaldi/penalty_0.0/11.txt 
# Started at Mon Dec 24 20:19:21 EET 2018
#
lattice-best-path --word-symbol-table=exp/ug/tri1/graph/words.txt ark:- ark,t:- 
lattice-add-penalty --word-ins-penalty=0.0 ark:- ark:- 
lattice-scale --inv-acoustic-scale=11 'ark:gunzip -c exp/ug/tri1/decode/lat.*.gz|' ark:- 
LOG (lattice-best-path[5.5.141~1-40a9d]:main():lattice-best-path.cc:99) For utterance usctimit_ema_f1_021, best cost 92.4779 + 2098.35 = 2190.83 over 290 frames.
usctimit_ema_f1_021 sil ow m iy l ay er z ah l k n ow n ae n z sil 
LOG (lattice-best-path[5.5.141~1-40a9d]:main():lattice-best-path.cc:99) For utterance usctimit_ema_f1_028, best cost 178.083 + 3642.74 = 3820.82 over 499 frames.
usctimit_ema_f1_028 sil ow l iy d ah m ow s d uw k ah m p ah z dh aa r d ah s ah t ey n p aa p iy l ae r ah t iy sil 
LOG (lattice-best-path[5.5.141~1-40a9d]:main():lattice-best-path.cc:99) For utterance usctimit_ema_f1_031, best cost 164.572 + 2939.34 = 3103.91 over 395 frames.
usctimit_ema_f1_031 sil aa r b z k ah l p er ey s l ah w ao z ah k er ah jh r iy sh ah n hh er ah s ah n t sil 
LOG (lattice-best-path[5.5.141~1-40a9d]:main():lattice-best-path.cc:99) For utterance usctimit_ema_f1_052, best cost 157.362 + 3184.63 = 3341.99 over 431 frames.
usctimit_ema_f1_052 sil k aa s ah n ah g ah l d r ah k d ih z ah ch iy ah l aa jh ah k ah l t dh iy er iy sil 
LOG (lattice-best-path[5.5.141~1-40a9d]:main():lattice-best-path.cc:99) For utterance usctimit_ema_f1_054, best cost 127.274 + 2723.34 = 2850.61 over 382 frames.
usctimit_ema_f1_054 sil ch ae l ah n t iy iy ch d eh n ah l s ih n t eh l ah jh ah n s sil 
LOG (lattice-best-path[5.5.141~1-40a9d]:main():lattice-best-path.cc:99) For utterance usctimit_ema_f1_072, best cost 134.286 + 2837.3 = 2971.58 over 403 frames.
usctimit_ema_f1_072 sil s ah n ah n ah z m ih z er t ih ng k y uw b ah k iy eh r ah t t s sil 
LOG (lattice-best-path[5.5.141~1-40a9d]:main():lattice-best-path.cc:99) For utterance usctimit_ema_f1_078, best cost 136.918 + 3172.43 = 3309.35 over 447 frames.
usctimit_ema_f1_078 sil ao l eh jh hh aa s ah l t iy z l aa p s ah n ah p w ay n s ah z sil 
LOG (lattice-best-path[5.5.141~1-40a9d]:main():lattice-best-path.cc:99) For utterance usctimit_ema_f1_090, best cost 115.862 + 2537.97 = 2653.83 over 353 frames.
usctimit_ema_f1_090 sil y m ah s t ih k s p l ih s ow iy d ah l iy f ay l z sil 
LOG (lattice-best-path[5.5.141~1-40a9d]:main():lattice-best-path.cc:99) For utterance usctimit_ema_f1_105, best cost 178.704 + 3517.82 = 3696.53 over 461 frames.
usctimit_ema_f1_105 sil f dh ih p ay iy ow ih n iy b aa p ae k ae n hh ay iy n aw k er oy l d aa n ae m l z sil 
LOG (lattice-best-path[5.5.141~1-40a9d]:main():lattice-best-path.cc:99) For utterance usctimit_ema_f1_108, best cost 159.03 + 3415.87 = 3574.9 over 458 frames.
usctimit_ema_f1_108 sil ah s k er ah d r ay v er z m ey d f ah m f aa p eh n ae r ah n ch iy z sil sil 
LOG (lattice-best-path[5.5.141~1-40a9d]:main():lattice-best-path.cc:99) For utterance usctimit_ema_f1_111, best cost 124.453 + 2453.44 = 2577.9 over 329 frames.
usctimit_ema_f1_111 sil aa r t ah f ih sh ow n t eh l ah jh ih n s ah z f r r iy l sil 
LOG (lattice-best-path[5.5.141~1-40a9d]:main():lattice-best-path.cc:99) For utterance usctimit_ema_f1_115, best cost 117.954 + 2629.3 = 2747.25 over 355 frames.
usctimit_ema_f1_115 sil ey d f ao r ah ae ch uw eh d s r b r eh k v ah s t sil 
LOG (lattice-best-path[5.5.141~1-40a9d]:main():lattice-best-path.cc:99) For utterance usctimit_ema_f1_123, best cost 162.912 + 3570.63 = 3733.54 over 492 frames.
usctimit_ema_f1_123 sil dh iy b aa ng l l t s p ow s ah v l iy s ih ch uw iy t iy t n ih ah d ah sh ao r sil 
LOG (lattice-best-path[5.5.141~1-40a9d]:main():lattice-best-path.cc:99) For utterance usctimit_ema_f1_126, best cost 179.938 + 3251.62 = 3431.56 over 432 frames.
usctimit_ema_f1_126 sil w ih sh l ao m aa t ah k ah l w ao z ow p ey g ih n iy d uw k ay er f ih k ey sh ah ng sil 
LOG (lattice-best-path[5.5.141~1-40a9d]:main():lattice-best-path.cc:99) For utterance usctimit_ema_f1_134, best cost 113.801 + 2877.24 = 2991.04 over 416 frames.
usctimit_ema_f1_134 sil v iy t ih m iy z k ah z iy n ih z ae k s p ih s ih t sil 
LOG (lattice-best-path[5.5.141~1-40a9d]:main():lattice-best-path.cc:99) For utterance usctimit_ema_f1_153, best cost 216.281 + 4540.46 = 4756.74 over 618 frames.
usctimit_ema_f1_153 sil dh ih m ay n iy ow k l ae s ah k s k ae l er d z ih p iy ah t ao l s er b ae ng iy sh ah n t r eh l ah n z sil 
LOG (lattice-best-path[5.5.141~1-40a9d]:main():lattice-best-path.cc:99) For utterance usctimit_ema_f1_162, best cost 146.022 + 3471.04 = 3617.07 over 486 frames.
usctimit_ema_f1_162 sil ow n l s t ao l k ay l ah jh ih s ih n aw k oy t uw k ey sh ah n l sil 
LOG (lattice-best-path[5.5.141~1-40a9d]:main():lattice-best-path.cc:99) For utterance usctimit_ema_f1_170, best cost 154.366 + 3317.18 = 3471.55 over 459 frames.
usctimit_ema_f1_170 sil k ow ao th er ay ah s b iy aa m ah m ah t ah t ih k s p eh n s ih k aw n t sil 
LOG (lattice-best-path[5.5.141~1-40a9d]:main():lattice-best-path.cc:99) For utterance usctimit_ema_f1_198, best cost 108.661 + 2529.36 = 2638.02 over 368 frames.
usctimit_ema_f1_198 sil hh aw p l r m ah n ah d ey er r eh k ah n er t s sil 
LOG (lattice-best-path[5.5.141~1-40a9d]:main():lattice-best-path.cc:99) For utterance usctimit_ema_f1_209, best cost 88.7694 + 2386.88 = 2475.65 over 339 frames.
usctimit_ema_f1_209 sil ah iy l ah k iy ng p er m p l ay n ae n sil 
LOG (lattice-best-path[5.5.141~1-40a9d]:main():lattice-best-path.cc:99) For utterance usctimit_ema_f1_213, best cost 120.109 + 2622.06 = 2742.17 over 358 frames.
usctimit_ema_f1_213 sil ay ah t ah m ay z ao l ah k aw n s ih m ay iy t ah n s iy sil 
LOG (lattice-best-path[5.5.141~1-40a9d]:main():lattice-best-path.cc:99) For utterance usctimit_ema_f1_227, best cost 118.617 + 2752.79 = 2871.41 over 386 frames.
usctimit_ema_f1_227 sil b ay iy d ih ng y ow b er y ah m ey l ah v l ao n er sil 
LOG (lattice-best-path[5.5.141~1-40a9d]:main():lattice-best-path.cc:99) For utterance usctimit_ema_f1_236, best cost 116.353 + 2586.23 = 2702.58 over 358 frames.
usctimit_ema_f1_236 sil hh ah oy l iy t uw l ay d er s ae l ah t r eh s ih ng sil 
LOG (lattice-best-path[5.5.141~1-40a9d]:main():lattice-best-path.cc:99) For utterance usctimit_ema_f1_239, best cost 116.924 + 2892.23 = 3009.16 over 412 frames.
usctimit_ema_f1_239 sil w ih t d r ao ow m iy z m ah ch w ah n iy z iy n iy sil 
LOG (lattice-best-path[5.5.141~1-40a9d]:main():lattice-best-path.cc:99) For utterance usctimit_ema_f1_242, best cost 113.096 + 2564.16 = 2677.26 over 356 frames.
usctimit_ema_f1_242 sil d uw ey t s ih ah l f aa r m ah z ao r w aw t s sil 
LOG (lattice-best-path[5.5.141~1-40a9d]:main():lattice-best-path.cc:99) For utterance usctimit_ema_f1_244, best cost 140.86 + 2874.45 = 3015.31 over 398 frames.
usctimit_ema_f1_244 sil b iy k eh r k ao n aa s ah p aa ow v er dh iy f l aw r b ae d z sil 
LOG (lattice-best-path[5.5.141~1-40a9d]:main():lattice-best-path.cc:99) For utterance usctimit_ema_f1_250, best cost 99.9378 + 2374.45 = 2474.39 over 346 frames.
usctimit_ema_f1_250 sil dh iy w eh s k r ah s aa sh s m aa t s w iy sil 
LOG (lattice-best-path[5.5.141~1-40a9d]:main():lattice-best-path.cc:99) For utterance usctimit_ema_f1_252, best cost 190.551 + 4009.4 = 4199.96 over 550 frames.
usctimit_ema_f1_252 sil ae l s ah b ah l ah d iy t uw w er k w ih th ah p t uw p er b ih sh ah n z n ow w er ih v iy sil 
LOG (lattice-best-path[5.5.141~1-40a9d]:main():lattice-best-path.cc:99) For utterance usctimit_ema_f1_255, best cost 165.363 + 3124.5 = 3289.87 over 428 frames.
usctimit_ema_f1_255 sil dh iy t uw ah f er t f er t ae t t uw k ah m ah n r ay d ih z t uw f eh l aw p sil 
LOG (lattice-best-path[5.5.141~1-40a9d]:main():lattice-best-path.cc:99) For utterance usctimit_ema_f1_262, best cost 212.93 + 4177.28 = 4390.21 over 572 frames.
usctimit_ema_f1_262 sil dh ah s p er sh er ah z k er t s ih k uw eh r l iy ah n f ao r m ih d ah f er p r s p eh k d ih t b ay er sil 
LOG (lattice-best-path[5.5.141~1-40a9d]:main():lattice-best-path.cc:99) For utterance usctimit_ema_f1_286, best cost 124.886 + 2162.7 = 2287.58 over 302 frames.
usctimit_ema_f1_286 sil dh ae t t ow ah ch ey z ah z k ae t s m er s ah l z s l iy sil 
LOG (lattice-best-path[5.5.141~1-40a9d]:main():lattice-best-path.cc:99) For utterance usctimit_ema_f1_297, best cost 167.842 + 4063.19 = 4231.03 over 592 frames.
usctimit_ema_f1_297 sil k er t r iy ah n t aa n ch ah s ah w eh ch k er t s ah n z ih n iy ae f t ih n ih n sil 
LOG (lattice-best-path[5.5.141~1-40a9d]:main():lattice-best-path.cc:99) For utterance usctimit_ema_f1_299, best cost 171.19 + 3530.27 = 3701.46 over 491 frames.
usctimit_ema_f1_299 sil k aw b dh ah n ah m b er v t iy z dh ah n z ih s ao ih s ao s ah b ay d y uw ae d sil 
LOG (lattice-best-path[5.5.141~1-40a9d]:main():lattice-best-path.cc:99) For utterance usctimit_ema_f1_302, best cost 199.605 + 4054.79 = 4254.39 over 573 frames.
usctimit_ema_f1_302 sil m ah d ow n ae l dh ae f uw n z t iy p ih n aa t s uw d ah b ah l f r iy d ih ng sh eh l f ih jh sil 
LOG (lattice-best-path[5.5.141~1-40a9d]:main():lattice-best-path.cc:99) For utterance usctimit_ema_f1_311, best cost 175.554 + 3649.95 = 3825.5 over 495 frames.
usctimit_ema_f1_311 sil dh iy f r ay t ng ch ay l t ao z jh eh l iy s ah d uw b ay d z b ih g b r ah dh er sil 
LOG (lattice-best-path[5.5.141~1-40a9d]:main():lattice-best-path.cc:99) For utterance usctimit_ema_f1_317, best cost 203.13 + 4822.02 = 5025.15 over 679 frames.
usctimit_ema_f1_317 sil m ah n iy w ah l p iy t ay k uw n z s p ah l er z sh dh ah n b aa p ah l t iy aa n ah s k uw ao n er sil 
LOG (lattice-best-path[5.5.141~1-40a9d]:main():lattice-best-path.cc:99) For utterance usctimit_ema_f1_320, best cost 136.58 + 3230.37 = 3366.95 over 454 frames.
usctimit_ema_f1_320 sil ah k aa n ah s er w ah l ih n d r ay d uw sh eh l f ih sh t ih jh sil 
LOG (lattice-best-path[5.5.141~1-40a9d]:main():lattice-best-path.cc:99) For utterance usctimit_ema_f1_323, best cost 133.822 + 3219.98 = 3353.8 over 450 frames.
usctimit_ema_f1_323 sil d ae n ah s t l er z ah m b ay t t er k w ey z n eh k l ah s sil 
LOG (lattice-best-path[5.5.141~1-40a9d]:main():lattice-best-path.cc:99) For utterance usctimit_ema_f1_325, best cost 125.215 + 2866.38 = 2991.59 over 400 frames.
usctimit_ema_f1_325 sil d ao r jh s eh l d ah m aa ch ah z t ey t ay n ah v iy z sil 
LOG (lattice-best-path[5.5.141~1-40a9d]:main():lattice-best-path.cc:99) For utterance usctimit_ema_f1_342, best cost 156.032 + 3298.1 = 3454.13 over 452 frames.
usctimit_ema_f1_342 sil sh iy l w ey z jh er b s ih b eh jh r eh jh p r ow ih k ah n ih s f uw d sil 
LOG (lattice-best-path[5.5.141~1-40a9d]:main():lattice-best-path.cc:99) For utterance usctimit_ema_f1_346, best cost 120.67 + 2371.35 = 2492.02 over 328 frames.
usctimit_ema_f1_346 sil w uw l l g ah m ah n iy n uw s t uw t n z iy ch iy ih er sil 
LOG (lattice-best-path[5.5.141~1-40a9d]:main():lattice-best-path.cc:99) For utterance usctimit_ema_f1_347, best cost 147.941 + 3243.52 = 3391.46 over 452 frames.
usctimit_ema_f1_347 sil er jh ih z p aa r n ay d ih b ae t ih f iy ch ih g ae sh ao r d ih jh sil 
LOG (lattice-best-path[5.5.141~1-40a9d]:main():lattice-best-path.cc:99) For utterance usctimit_ema_f1_356, best cost 94.6967 + 2233.61 = 2328.31 over 302 frames.
usctimit_ema_f1_356 sil dh ey ao l ay g l ah hh ay ch r aw er z sil 
LOG (lattice-best-path[5.5.141~1-40a9d]:main():lattice-best-path.cc:99) For utterance usctimit_ema_f1_360, best cost 193.131 + 3436.97 = 3630.1 over 462 frames.
usctimit_ema_f1_360 sil dh iy p ah s dh ih g ae n s l iy t r ay n s ih k l iy ae m dh iy s er f ih z ah s m ow w ey t sil 
LOG (lattice-best-path[5.5.141~1-40a9d]:main():lattice-best-path.cc:99) For utterance usctimit_ema_f1_362, best cost 128.148 + 2939.16 = 3067.31 over 430 frames.
usctimit_ema_f1_362 sil dh ih s ah ng n ow b er ah w ao r l ah v er n t er hh iy ih er sil 
LOG (lattice-best-path[5.5.141~1-40a9d]:main():lattice-best-path.cc:99) For utterance usctimit_ema_f1_364, best cost 174.941 + 3299.58 = 3474.52 over 457 frames.
usctimit_ema_f1_364 sil dh iy t ae k s iy k ae b er b d aw n ih n k aa z dh iy k ae p t r aa f ih k jh ae n sil 
LOG (lattice-best-path[5.5.141~1-40a9d]:main():lattice-best-path.cc:99) For utterance usctimit_ema_f1_368, best cost 138.23 + 3211.54 = 3349.77 over 450 frames.
usctimit_ema_f1_368 sil g r ih s ah d n ah v n ah dh ah t n n ah th ih sh s ih m ah t jh sil 
LOG (lattice-best-path[5.5.141~1-40a9d]:main():lattice-best-path.cc:99) For utterance usctimit_ema_f1_382, best cost 178.593 + 4144.69 = 4323.28 over 595 frames.
usctimit_ema_f1_382 sil s n ae n sh l ay k l l d s ih n er k ae sh eh l iy r l d ih m ah n sh k n ae p ih ng sil 
LOG (lattice-best-path[5.5.141~1-40a9d]:main():lattice-best-path.cc:99) For utterance usctimit_ema_f1_394, best cost 173.308 + 3880.13 = 4053.44 over 548 frames.
usctimit_ema_f1_394 sil dh ey iy z ih ih k er ah s ah k l iy s ih n t ih f l ay k p ah l ih s m ah r n er s s sil 
LOG (lattice-best-path[5.5.141~1-40a9d]:main():lattice-best-path.cc:99) For utterance usctimit_ema_f1_397, best cost 161.526 + 3610.44 = 3771.97 over 501 frames.
usctimit_ema_f1_397 sil sil s ah b er b ah n aa s ay b z ao f ih n s eh v er f n ah g ae p aa v ih sil 
LOG (lattice-best-path[5.5.141~1-40a9d]:main():lattice-best-path.cc:99) For utterance usctimit_ema_f1_402, best cost 108.162 + 2813.27 = 2921.43 over 401 frames.
usctimit_ema_f1_402 sil f r ih s t ih t n ah t s ah dh iy t r ih d sh iy z sil 
LOG (lattice-best-path[5.5.141~1-40a9d]:main():lattice-best-path.cc:99) For utterance usctimit_ema_f1_405, best cost 148.885 + 3661.97 = 3810.86 over 510 frames.
usctimit_ema_f1_405 sil w ey g n ah d ah s p er iy ah s t eh p oy n s ah n d er ih ng iy r ae sil 
LOG (lattice-best-path[5.5.141~1-40a9d]:main():lattice-best-path.cc:99) For utterance usctimit_ema_f1_451, best cost 159.677 + 3291.56 = 3451.24 over 444 frames.
usctimit_ema_f1_451 sil ch ih l d ah n k ah n s ih m eh n iy f er r ah l ah p s ih m aa n s ih t ih ng sil 
LOG (lattice-best-path[5.5.141~1-40a9d]:main():lattice-best-path.cc:99) For utterance usctimit_ema_f1_453, best cost 173.248 + 3402.21 = 3575.46 over 476 frames.
usctimit_ema_f1_453 sil w eh n t r ow z k r iy ng b iy ng z ih n hh er v ah ch dh iy b ah l ah ae r t ah n sil 
LOG (lattice-best-path[5.5.141~1-40a9d]:main():lattice-best-path.cc:99) For utterance usctimit_ema_f1_456, best cost 156.84 + 3173.39 = 3330.23 over 433 frames.
usctimit_ema_f1_456 sil ah m aa t s ih k d eh d t ah l ah n ah p ae k t uw aa t ow z g aa r d ih n sil 
LOG (lattice-best-path[5.5.141~1-40a9d]:main():lattice-best-path.cc:99) For utterance usctimit_ema_f1_460, best cost 104.157 + 2351.19 = 2455.35 over 334 frames.
usctimit_ema_f1_460 sil w ih sh th iy ah t ah z sh ow z m ah v ah t ah z sil 
LOG (lattice-best-path[5.5.141~1-40a9d]:main():lattice-best-path.cc:99) For utterance usctimit_ema_f5_009, best cost 74.9906 + 2428.11 = 2503.1 over 341 frames.
usctimit_ema_f5_009 sil iy ah l aw ah r eh r l ay sil 
LOG (lattice-best-path[5.5.141~1-40a9d]:main():lattice-best-path.cc:99) For utterance usctimit_ema_f5_011, best cost 110.24 + 2329.55 = 2439.79 over 301 frames.
usctimit_ema_f5_011 sil l ih ng y er aa r m ah z hh ay s uw z ae n sil 
LOG (lattice-best-path[5.5.141~1-40a9d]:main():lattice-best-path.cc:99) For utterance usctimit_ema_f5_017, best cost 109.233 + 2652.28 = 2761.51 over 328 frames.
usctimit_ema_f5_017 ae l ah m ow n iy hh aa r m z ah f ao r s m ae n 
LOG (lattice-best-path[5.5.141~1-40a9d]:main():lattice-best-path.cc:99) For utterance usctimit_ema_f5_019, best cost 105.818 + 2373.32 = 2479.14 over 308 frames.
usctimit_ema_f5_019 sil ao f ae l f l ay z hh eh l p iy k r iy uw m 
LOG (lattice-best-path[5.5.141~1-40a9d]:main():lattice-best-path.cc:99) For utterance usctimit_ema_f5_066, best cost 53.6163 + 2848.22 = 2901.83 over 335 frames.
usctimit_ema_f5_066 sil t uw f r iy n iy 
LOG (lattice-best-path[5.5.141~1-40a9d]:main():lattice-best-path.cc:99) For utterance usctimit_ema_f5_080, best cost 159.75 + 3291.03 = 3450.78 over 417 frames.
usctimit_ema_f5_080 sil ih k ow aa ih s ah n aw ah d iy d er z er t r aa p ah k ah l b eh p ay l z sil 
LOG (lattice-best-path[5.5.141~1-40a9d]:main():lattice-best-path.cc:99) For utterance usctimit_ema_f5_081, best cost 153.311 + 2933.66 = 3086.97 over 373 frames.
usctimit_ema_f5_081 sil dh ae s k er ey g p aa r t iy z t ae k s w ah n z n ah n ey sh ah n sil 
LOG (lattice-best-path[5.5.141~1-40a9d]:main():lattice-best-path.cc:99) For utterance usctimit_ema_f5_090, best cost 80.1773 + 3003.59 = 3083.77 over 385 frames.
usctimit_ema_f5_090 sil l iy d ih l iy t f ay l z sil 
LOG (lattice-best-path[5.5.141~1-40a9d]:main():lattice-best-path.cc:99) For utterance usctimit_ema_f5_143, best cost 126.108 + 3474.93 = 3601.03 over 473 frames.
usctimit_ema_f5_143 sil s ao l f r ah z ey sh ah n ah v ih s ih s ah n sh ah t sil 
LOG (lattice-best-path[5.5.141~1-40a9d]:main():lattice-best-path.cc:99) For utterance usctimit_ema_f5_144, best cost 196.893 + 4449.91 = 4646.8 over 594 frames.
usctimit_ema_f5_144 sil ah s k ow aa th er z w iy k r z eh n t ah t er n uw b uh k t ah t ah hh ao t iy aa t iy s sil 
LOG (lattice-best-path[5.5.141~1-40a9d]:main():lattice-best-path.cc:99) For utterance usctimit_ema_f5_162, best cost 168.75 + 3526.4 = 3695.15 over 483 frames.
usctimit_ema_f5_162 sil ow m l s t ao l k ah l ah jh ih z er n aw m k ow ey jh ah k ey sh ah n ah l sil 
LOG (lattice-best-path[5.5.141~1-40a9d]:main():lattice-best-path.cc:99) For utterance usctimit_ema_f5_163, best cost 189.607 + 3939.67 = 4129.28 over 532 frames.
usctimit_ema_f5_163 sil r ih ch ah l k f er s b ao t ah hh ay iy n ah z n jh ah ae g w ao r z aa n z ah f aa r iy sil 
LOG (lattice-best-path[5.5.141~1-40a9d]:main():lattice-best-path.cc:99) For utterance usctimit_ema_f5_164, best cost 96.0309 + 2975.99 = 3072.03 over 405 frames.
usctimit_ema_f5_164 sil ah t k l uw z d aw d ah b ah t uw d sil 
LOG (lattice-best-path[5.5.141~1-40a9d]:main():lattice-best-path.cc:99) For utterance usctimit_ema_f5_174, best cost 121.996 + 2889.5 = 3011.5 over 386 frames.
usctimit_ema_f5_174 sil s t r ae hh ae d s er aa t ah f ae sh ah n ah s iy r sil 
LOG (lattice-best-path[5.5.141~1-40a9d]:main():lattice-best-path.cc:99) For utterance usctimit_ema_f5_197, best cost 128.02 + 2903.74 = 3031.76 over 400 frames.
usctimit_ema_f5_197 sil dh iy s m l w oy p ah p ah w ao r m aa m ah hh aa k sil 
LOG (lattice-best-path[5.5.141~1-40a9d]:main():lattice-best-path.cc:99) For utterance usctimit_ema_f5_208, best cost 52.5512 + 2725.3 = 2777.85 over 373 frames.
usctimit_ema_f5_208 sil dh iy ow sh ah n sil 
LOG (lattice-best-path[5.5.141~1-40a9d]:main():lattice-best-path.cc:99) For utterance usctimit_ema_f5_233, best cost 192.385 + 5072.81 = 5265.2 over 648 frames.
usctimit_ema_f5_233 y uw ey b l iy sil er t uw l aw oy g ae n ah k ah l t ih n s ae n t er f r iy n iy sil 
LOG (lattice-best-path[5.5.141~1-40a9d]:main():lattice-best-path.cc:99) For utterance usctimit_ema_f5_243, best cost 138.171 + 2713.91 = 2852.08 over 363 frames.
usctimit_ema_f5_243 sil aa r hh ao l ah d ey ey p r ih n z ah v ey l d ah l t uw ah z sil 
LOG (lattice-best-path[5.5.141~1-40a9d]:main():lattice-best-path.cc:99) For utterance usctimit_ema_f5_244, best cost 57.6231 + 3203.72 = 3261.34 over 412 frames.
usctimit_ema_f5_244 sil ah p l aw r z sil 
LOG (lattice-best-path[5.5.141~1-40a9d]:main():lattice-best-path.cc:99) For utterance usctimit_ema_f5_272, best cost 114.765 + 2778.78 = 2893.55 over 364 frames.
usctimit_ema_f5_272 sil m ey t f r ah m p r ao s eh s ow ey b iy d z sil 
LOG (lattice-best-path[5.5.141~1-40a9d]:main():lattice-best-path.cc:99) For utterance usctimit_ema_f5_281, best cost 188.142 + 4438.53 = 4626.67 over 565 frames.
usctimit_ema_f5_281 sil m ay d ih z ay er z ah s ah b ah l k ih t n iy w ah n f ao r m ih f p eh r k er ah t sil 
LOG (lattice-best-path[5.5.141~1-40a9d]:main():lattice-best-path.cc:99) For utterance usctimit_ema_f5_304, best cost 206.102 + 5070.69 = 5276.79 over 667 frames.
usctimit_ema_f5_304 sil d eh s aa p ay n t r iy z ah n r eh d w eh b s aa n ah t w aa k oy ah n ae sh m l f ao r s sil 
LOG (lattice-best-path[5.5.141~1-40a9d]:main():lattice-best-path.cc:99) For utterance usctimit_ema_f5_307, best cost 117.893 + 3123.53 = 3241.42 over 418 frames.
usctimit_ema_f5_307 sil t ih ch aa n k eh p t ae b ih g uw s k eh l p sil 
LOG (lattice-best-path[5.5.141~1-40a9d]:main():lattice-best-path.cc:99) For utterance usctimit_ema_f5_329, best cost 158.682 + 3787.4 = 3946.08 over 535 frames.
usctimit_ema_f5_329 sil ih k ae l w aa n d er d f er m f aa r m ay ae n ah b ih k iy m ao s t sil 
LOG (lattice-best-path[5.5.141~1-40a9d]:main():lattice-best-path.cc:99) For utterance usctimit_ema_f5_330, best cost 256.69 + 4814.31 = 5071 over 611 frames.
usctimit_ema_f5_330 sil iy t ah n t ay m l iy ih n k ah m aa s k ah l ih n s ay d ah b w ih t dh iy b r ey k d ae n ih hh iy d s ih s t ah m p aa r t sil 
LOG (lattice-best-path[5.5.141~1-40a9d]:main():lattice-best-path.cc:99) For utterance usctimit_ema_f5_334, best cost 189.467 + 4005.01 = 4194.48 over 536 frames.
usctimit_ema_f5_334 sil ao r ih s k aa s t ih m iy ey b l ae k l ah s d iy k m p l iy t l iy eh l ah g eh t sil 
LOG (lattice-best-path[5.5.141~1-40a9d]:main():lattice-best-path.cc:99) For utterance usctimit_ema_f5_336, best cost 158.222 + 2985.31 = 3143.53 over 396 frames.
usctimit_ema_f5_336 sil ah n oy z p r aa p ah ng g r ow z m ih m w ao r n oy ih ng iy ch d iy sil 
LOG (lattice-best-path[5.5.141~1-40a9d]:main():lattice-best-path.cc:99) For utterance usctimit_ema_f5_343, best cost 162.441 + 3666.14 = 3828.58 over 506 frames.
usctimit_ema_f5_343 sil ah jh ah s ah jh ih n ih r dh ah n n uw aa r k iy l aa jh ih k ah m iy z iy ae m sil 
LOG (lattice-best-path[5.5.141~1-40a9d]:main():lattice-best-path.cc:99) For utterance usctimit_ema_f5_348, best cost 135.319 + 3404.53 = 3539.85 over 455 frames.
usctimit_ema_f5_348 sil ah k er p ah k l iy n ah sh ae m p r uw n er ao r iy ah ah d sil 
LOG (lattice-best-path[5.5.141~1-40a9d]:main():lattice-best-path.cc:99) For utterance usctimit_ema_f5_349, best cost 117.254 + 2889.66 = 3006.91 over 405 frames.
usctimit_ema_f5_349 sil t iy z sh ao r t m z s k er k f er jh oy iy s sil 
LOG (lattice-best-path[5.5.141~1-40a9d]:main():lattice-best-path.cc:99) For utterance usctimit_ema_f5_354, best cost 169.745 + 5068.55 = 5238.3 over 679 frames.
usctimit_ema_f5_354 w n eh v er dh iy b ih er m ah t r p r eh sh r r ay z ih z sil ah l sil sil 
LOG (lattice-best-path[5.5.141~1-40a9d]:main():lattice-best-path.cc:99) For utterance usctimit_ema_f5_356, best cost 91.2318 + 1777.63 = 1868.86 over 219 frames.
usctimit_ema_f5_356 sil dh ey ao l l ay k sil dh ey ao l ay k 
LOG (lattice-best-path[5.5.141~1-40a9d]:main():lattice-best-path.cc:99) For utterance usctimit_ema_f5_369, best cost 128.341 + 3977.77 = 4106.11 over 537 frames.
usctimit_ema_f5_369 sil w aa s t ih k s t er v ih ng s b ih g t aa p ae p sil 
LOG (lattice-best-path[5.5.141~1-40a9d]:main():lattice-best-path.cc:99) For utterance usctimit_ema_f5_375, best cost 127.286 + 3335.11 = 3462.4 over 435 frames.
usctimit_ema_f5_375 sil s t er z iy ch f er sh k ih p er s r b r f eh s s t sil 
LOG (lattice-best-path[5.5.141~1-40a9d]:main():lattice-best-path.cc:99) For utterance usctimit_ema_f5_389, best cost 191.774 + 4287.25 = 4479.03 over 553 frames.
usctimit_ema_f5_389 sil s t er k ah n d iy n sil b ah k ah z d aa r k n t ey n z b iy ch iy s iy p iy ch ah z sil 
LOG (lattice-best-path[5.5.141~1-40a9d]:main():lattice-best-path.cc:99) For utterance usctimit_ema_f5_392, best cost 179.637 + 4282.87 = 4462.5 over 574 frames.
usctimit_ema_f5_392 sil y r ih ch ih n b eh s t ih n t z er k aa n z n s ae t uw s t ah r l iy sh uw z sil 
LOG (lattice-best-path[5.5.141~1-40a9d]:main():lattice-best-path.cc:99) For utterance usctimit_ema_f5_396, best cost 176.767 + 4112.42 = 4289.19 over 518 frames.
usctimit_ema_f5_396 sil dh iy ae t r ch ay z ih ng v er s s er ay d iy s t r er n eh v er ch ey n d ih z sil 
LOG (lattice-best-path[5.5.141~1-40a9d]:main():lattice-best-path.cc:99) For utterance usctimit_ema_f5_406, best cost 197.397 + 3851.81 = 4049.21 over 512 frames.
usctimit_ema_f5_406 sil dh iy s ih k iy ah ng f ao r s ih z n ih r l iy ow v er w aa n b ah d eh ch eh l m t ih z iy z sil 
LOG (lattice-best-path[5.5.141~1-40a9d]:main():lattice-best-path.cc:99) For utterance usctimit_ema_f5_424, best cost 102.685 + 2673.38 = 2776.07 over 379 frames.
usctimit_ema_f5_424 sil t iy p iy p ah l l ih t d ih b iy ah n d er d sil 
LOG (lattice-best-path[5.5.141~1-40a9d]:main():lattice-best-path.cc:99) For utterance usctimit_ema_f5_426, best cost 113.643 + 2801.99 = 2915.63 over 335 frames.
usctimit_ema_f5_426 sil iy iy z iy uw ao l ah jh ah s r iy aa sil w iy iy z iy 
LOG (lattice-best-path[5.5.141~1-40a9d]:main():lattice-best-path.cc:99) For utterance usctimit_ema_f5_431, best cost 177.623 + 3197.95 = 3375.57 over 427 frames.
usctimit_ema_f5_431 sil n aa n p aa f ah d ao r k n ih z ey sh ah n z eh f r iy k ah n f ah n r iy z er z sil 
LOG (lattice-best-path[5.5.141~1-40a9d]:main():lattice-best-path.cc:99) For utterance usctimit_ema_f5_436, best cost 133.207 + 3134.84 = 3268.05 over 405 frames.
usctimit_ema_f5_436 sil hh er b s p er s t ey f r iy k ah l iy k er z aa n ng sil 
LOG (lattice-best-path[5.5.141~1-40a9d]:main():lattice-best-path.cc:99) For utterance usctimit_ema_f5_438, best cost 209.18 + 3768.44 = 3977.62 over 498 frames.
usctimit_ema_f5_438 sil w iy ah p l ey ao r t ah jh ao r ey m ao ih l iy d t ah k ah n p iy d er s p iy ch p r eh k ih sh ah n sil 
LOG (lattice-best-path[5.5.141~1-40a9d]:main():lattice-best-path.cc:99) For utterance usctimit_ema_f5_447, best cost 202.18 + 4043.66 = 4245.84 over 536 frames.
usctimit_ema_f5_447 sil p er m ah n d ah s iy ah n ah dh er ih k s ay d iy m uw v iy b ay s t iy d ah n s uw l r ih t sil 
LOG (lattice-best-path[5.5.141~1-40a9d]:main():lattice-best-path.cc:99) For utterance usctimit_ema_f5_451, best cost 129.111 + 4330.81 = 4459.92 over 533 frames.
usctimit_ema_f5_451 sil uw m ah n iy f er r l t s ah m ah n s ih t ih ng sil 
LOG (lattice-best-path[5.5.141~1-40a9d]:main():lattice-best-path.cc:99) For utterance usctimit_ema_m1_006, best cost 116.832 + 2844.18 = 2961.01 over 381 frames.
usctimit_ema_m1_006 sil w ay y eh l er w er iy r f er s ah l iy ay d ah m z sil 
LOG (lattice-best-path[5.5.141~1-40a9d]:main():lattice-best-path.cc:99) For utterance usctimit_ema_m1_010, best cost 102.945 + 2165.85 = 2268.8 over 306 frames.
usctimit_ema_m1_010 sil w ih l r aa b ih n w eh r iy ih l ow l ih l iy sil 
LOG (lattice-best-path[5.5.141~1-40a9d]:main():lattice-best-path.cc:99) For utterance usctimit_ema_m1_012, best cost 154.037 + 3395.8 = 3549.84 over 456 frames.
usctimit_ema_m1_012 sil f ao r th er s t ih z ih k s ae m r v y uw eh v r iy f ao r m l ah sil 
LOG (lattice-best-path[5.5.141~1-40a9d]:main():lattice-best-path.cc:99) For utterance usctimit_ema_m1_051, best cost 155.13 + 3201.33 = 3356.46 over 421 frames.
usctimit_ema_m1_051 sil ih iy k ay t r b iy uw sh ah n b ow b iy k r ey t l iy ah p r ih sh iy ey d sil 
LOG (lattice-best-path[5.5.141~1-40a9d]:main():lattice-best-path.cc:99) For utterance usctimit_ema_m1_090, best cost 126.189 + 2671.35 = 2797.54 over 356 frames.
usctimit_ema_m1_090 sil uw m ah s t ih k s p l ih s ah t l iy b ih l iy t f ay l z sil 
LOG (lattice-best-path[5.5.141~1-40a9d]:main():lattice-best-path.cc:99) For utterance usctimit_ema_m1_095, best cost 156.36 + 3133.85 = 3290.21 over 420 frames.
usctimit_ema_m1_095 sil dh iy b eh s w ey ch ih l ao r ah s s ah s aa l ch t er p r aa b ow m z sil 
LOG (lattice-best-path[5.5.141~1-40a9d]:main():lattice-best-path.cc:99) For utterance usctimit_ema_m1_098, best cost 125.473 + 3033.48 = 3158.96 over 421 frames.
usctimit_ema_m1_098 sil ah m ah s k y ah l er ae d ah n ih s k ih f er iy r b ae k sil 
LOG (lattice-best-path[5.5.141~1-40a9d]:main():lattice-best-path.cc:99) For utterance usctimit_ema_m1_099, best cost 149.71 + 3515.16 = 3664.87 over 495 frames.
usctimit_ema_m1_099 sil dh iy k aa r t uw n f iy ch er z ah m ah s k r ae t ah n t ae b p ah l sil 
LOG (lattice-best-path[5.5.141~1-40a9d]:main():lattice-best-path.cc:99) For utterance usctimit_ema_m1_137, best cost 180.678 + 3671.18 = 3851.86 over 499 frames.
usctimit_ema_m1_137 sil s k ah l ae s t ih k ae p t ah t uw t ih z jh eh jh b ay s t ae n d er t ay z t ae s sil 
LOG (lattice-best-path[5.5.141~1-40a9d]:main():lattice-best-path.cc:99) For utterance usctimit_ema_m1_139, best cost 176.899 + 3989.16 = 4166.06 over 571 frames.
usctimit_ema_m1_139 sil ah w ao v er k ah n t ey n t uw m ah ch k l ao r iy n ah n s t aa ng hh ih z aa ay z sil 
LOG (lattice-best-path[5.5.141~1-40a9d]:main():lattice-best-path.cc:99) For utterance usctimit_ema_m1_145, best cost 218.263 + 4072.87 = 4291.14 over 546 frames.
usctimit_ema_m1_145 sil sil ah jh ah p r k aa sh eh n dh iy ae l b l aa z b ay t k ah m p aw t er f er dh ah s t r aa n k ow l sil sil 
LOG (lattice-best-path[5.5.141~1-40a9d]:main():lattice-best-path.cc:99) For utterance usctimit_ema_m1_158, best cost 190.089 + 4171.83 = 4361.92 over 573 frames.
usctimit_ema_m1_158 sil b ay n ah f er b r ih p ao r f er k ao er s ih n t uw w ih sh ah n ah n eh k s p er t iy z sil 
LOG (lattice-best-path[5.5.141~1-40a9d]:main():lattice-best-path.cc:99) For utterance usctimit_ema_m1_160, best cost 190.53 + 3812.78 = 4003.31 over 512 frames.
usctimit_ema_m1_160 sil sh iy ng k er jh t er ch ih l d ah n t ih m ey k eh er ow n hh aw w iy n k aa s t uw m z sil 
LOG (lattice-best-path[5.5.141~1-40a9d]:main():lattice-best-path.cc:99) For utterance usctimit_ema_m1_162, best cost 159.666 + 3605.43 = 3765.1 over 506 frames.
usctimit_ema_m1_162 sil ow m l s t ao l k aa l ah jh ah s aa n ow l k ow l ah jh k ey sh ah n ah l sil 
LOG (lattice-best-path[5.5.141~1-40a9d]:main():lattice-best-path.cc:99) For utterance usctimit_ema_m1_164, best cost 97.3047 + 2955.23 = 3052.53 over 407 frames.
usctimit_ema_m1_164 sil sil ey k k l uw t d aw t ah v ih t uw sil 
LOG (lattice-best-path[5.5.141~1-40a9d]:main():lattice-best-path.cc:99) For utterance usctimit_ema_m1_166, best cost 122.178 + 2614.49 = 2736.67 over 380 frames.
usctimit_ema_m1_166 sil dh iy k ae t s m iy ae ao l w ey z hh er t m ay iy er z sil 
LOG (lattice-best-path[5.5.141~1-40a9d]:main():lattice-best-path.cc:99) For utterance usctimit_ema_m1_169, best cost 98.8421 + 2367.64 = 2466.48 over 346 frames.
usctimit_ema_m1_169 sil dh ey ao f ng g ow aw t ih m iy iy t ih ng sil 
LOG (lattice-best-path[5.5.141~1-40a9d]:main():lattice-best-path.cc:99) For utterance usctimit_ema_m1_179, best cost 108.528 + 2575.73 = 2684.26 over 365 frames.
usctimit_ema_m1_179 sil d r ao iy iy ch g r ae f ah n ah n uw ae k s ah s sil 
LOG (lattice-best-path[5.5.141~1-40a9d]:main():lattice-best-path.cc:99) For utterance usctimit_ema_m1_183, best cost 137.567 + 3824.28 = 3961.85 over 544 frames.
usctimit_ema_m1_183 sil ah p r ch er t er v iy l ih s t ae ch uw eh s k ah m p ow jh er sil 
LOG (lattice-best-path[5.5.141~1-40a9d]:main():lattice-best-path.cc:99) For utterance usctimit_ema_m1_193, best cost 189.291 + 3902.86 = 4092.15 over 545 frames.
usctimit_ema_m1_193 sil ay g ih v ae n s eh r v r ow ch oy iy s ih z ah m l ih p eh n t ae t p r ay ao r t iy z sil 
LOG (lattice-best-path[5.5.141~1-40a9d]:main():lattice-best-path.cc:99) For utterance usctimit_ema_m1_204, best cost 87.6733 + 2375.44 = 2463.12 over 353 frames.
usctimit_ema_m1_204 sil hh aa g ah d ih jh uh r n d er ah n s sil 
LOG (lattice-best-path[5.5.141~1-40a9d]:main():lattice-best-path.cc:99) For utterance usctimit_ema_m1_209, best cost 95.942 + 2403.91 = 2499.85 over 352 frames.
usctimit_ema_m1_209 sil ay t l ah k ih n f er ah m p l oy n ah n t sil 
LOG (lattice-best-path[5.5.141~1-40a9d]:main():lattice-best-path.cc:99) For utterance usctimit_ema_m1_224, best cost 120.01 + 2914.08 = 3034.09 over 406 frames.
usctimit_ema_m1_224 sil ay ih uw t ah v r iy oy s t er ah n ao er z p l ey t sil 
LOG (lattice-best-path[5.5.141~1-40a9d]:main():lattice-best-path.cc:99) For utterance usctimit_ema_m1_229, best cost 145.78 + 2802.07 = 2947.85 over 395 frames.
usctimit_ema_m1_229 sil m ay ay d iy ow m ao r n ih ng b iy g ih n z w ih hh aa t k aa f iy sil 
LOG (lattice-best-path[5.5.141~1-40a9d]:main():lattice-best-path.cc:99) For utterance usctimit_ema_m1_237, best cost 138.347 + 3304.68 = 3443.03 over 450 frames.
usctimit_ema_m1_237 sil w iy s ao t iy t ay n iy ay s ah k ah l z b ah l ow er r uw f sil sil 
LOG (lattice-best-path[5.5.141~1-40a9d]:main():lattice-best-path.cc:99) For utterance usctimit_ema_m1_265, best cost 177.99 + 3423.76 = 3601.75 over 470 frames.
usctimit_ema_m1_265 sil p l iy z t ey k ih s t er t iy t eh b ah l k l aa s t ih dh k iy n ih er s f ao r m iy sil 
LOG (lattice-best-path[5.5.141~1-40a9d]:main():lattice-best-path.cc:99) For utterance usctimit_ema_m1_269, best cost 158.271 + 3397.27 = 3555.54 over 491 frames.
usctimit_ema_m1_269 sil ay b r ah dh er n aa t b ay dh ow z sh uw z dh ah n b iy r ch aa er g jh t sil 
LOG (lattice-best-path[5.5.141~1-40a9d]:main():lattice-best-path.cc:99) For utterance usctimit_ema_m1_277, best cost 103.682 + 2307.18 = 2410.86 over 337 frames.
usctimit_ema_m1_277 sil sil dh iy m iy t ih ng ih z n aw ah jh er z n d sil 
LOG (lattice-best-path[5.5.141~1-40a9d]:main():lattice-best-path.cc:99) For utterance usctimit_ema_m1_302, best cost 242.702 + 5296.45 = 5539.16 over 706 frames.
usctimit_ema_m1_302 sil ah t ah l d sil ah t ah n ah t eh l t m ey l b ah b uw n z t iy t ah n aa t s ih b ah l f r iy iy t ih ng sh eh l f ih jh sil 
LOG (lattice-best-path[5.5.141~1-40a9d]:main():lattice-best-path.cc:99) For utterance usctimit_ema_m1_303, best cost 132.501 + 2901.57 = 3034.08 over 415 frames.
usctimit_ema_m1_303 sil ow l f ah n d iy g eh t b ae k m ao r dh ih n iy p ah t ih n sil 
LOG (lattice-best-path[5.5.141~1-40a9d]:main():lattice-best-path.cc:99) For utterance usctimit_ema_m1_317, best cost 234.626 + 5129.08 = 5363.71 over 731 frames.
usctimit_ema_m1_317 sil sil m eh n iy w eh l f iy t ay k uw n z s p l er jh t ah n b aa t p ow l f dh ih g y aa t ah n d ah s k uw d er sil 
LOG (lattice-best-path[5.5.141~1-40a9d]:main():lattice-best-path.cc:99) For utterance usctimit_ema_m1_320, best cost 159.106 + 3313.92 = 3473.02 over 468 frames.
usctimit_ema_m1_320 sil dh iy k aa m ah s ow ao r w ih l ih n jh ow oy dh ih z sh ih l f ih sh d ih sh 
LOG (lattice-best-path[5.5.141~1-40a9d]:main():lattice-best-path.cc:99) For utterance usctimit_ema_m1_322, best cost 145.343 + 2923.67 = 3069.01 over 422 frames.
usctimit_ema_m1_322 sil d ow l f ah n s ow r ah n t eh l ah jh ah n t m r iy n b ae m ah l z sil 
LOG (lattice-best-path[5.5.141~1-40a9d]:main():lattice-best-path.cc:99) For utterance usctimit_ema_m1_336, best cost 179.196 + 3471.63 = 3650.82 over 475 frames.
usctimit_ema_m1_336 sil dh ay n oy z p r aa v ah l m g ow z p g r ow z m ao r ah n oy ih ng iy ch t ey iy 
LOG (lattice-best-path[5.5.141~1-40a9d]:main():lattice-best-path.cc:99) For utterance usctimit_ema_m1_338, best cost 158.817 + 3576.14 = 3734.96 over 511 frames.
usctimit_ema_m1_338 sil t ae t d ay g r ae m ey k s eh n z ah l n l iy ae f r r m ah t s t eh t iy 
LOG (lattice-best-path[5.5.141~1-40a9d]:main():lattice-best-path.cc:99) For utterance usctimit_ema_m1_340, best cost 126.298 + 2264.2 = 2390.5 over 316 frames.
usctimit_ema_m1_340 sil sil jh ow ah n k l iy n sh ih l f ih sh f ao r l ih d ih ng sil 
LOG (lattice-best-path[5.5.141~1-40a9d]:main():lattice-best-path.cc:99) For utterance usctimit_ema_m1_344, best cost 144.008 + 3109.42 = 3253.43 over 454 frames.
usctimit_ema_m1_344 sil sil p ae m k iy ah s t r ay v ih ng w ah s ah n s ow t er z t ey z sil 
LOG (lattice-best-path[5.5.141~1-40a9d]:main():lattice-best-path.cc:99) For utterance usctimit_ema_m1_347, best cost 166.581 + 3439.7 = 3606.28 over 467 frames.
usctimit_ema_m1_347 sil t ao r jh ih z p eh r n oy d ih b aw t ah f uw s r iy g ae s sh ao r d ih jh 
LOG (lattice-best-path[5.5.141~1-40a9d]:main():lattice-best-path.cc:99) For utterance usctimit_ema_m1_350, best cost 131.212 + 2437.49 = 2568.71 over 337 frames.
usctimit_ema_m1_350 sil z sh ow l d er f eh l t ih z ih t er w er b r ow k ah n sil 
LOG (lattice-best-path[5.5.141~1-40a9d]:main():lattice-best-path.cc:99) For utterance usctimit_ema_m1_360, best cost 212.264 + 3756.02 = 3968.28 over 500 frames.
usctimit_ema_m1_360 dh iy f r ih sh b ih g ae n z ah l l iy p f r eh n t ih k l iy ao n dh iy s er f ah s ah dh iy s m ah l ey k sil 
LOG (lattice-best-path[5.5.141~1-40a9d]:main():lattice-best-path.cc:99) For utterance usctimit_ema_m1_361, best cost 131.592 + 2809.26 = 2940.85 over 383 frames.
usctimit_ema_m1_361 t ih n t ey s sh iy l ah t ih s iy m uw v iy s t w ah s uw w iy t 
LOG (lattice-best-path[5.5.141~1-40a9d]:main():lattice-best-path.cc:99) For utterance usctimit_ema_m1_367, best cost 154.868 + 3427.89 = 3582.75 over 492 frames.
usctimit_ema_m1_367 sil b aa r b er p ey p er eh m l iy iy t s ih n ah b ih g b aa n f ay er sil 
LOG (lattice-best-path[5.5.141~1-40a9d]:main():lattice-best-path.cc:99) For utterance usctimit_ema_m1_368, best cost 138.008 + 3417.52 = 3555.53 over 474 frames.
usctimit_ema_m1_368 sil k ao r sh uw t ih hh ae v ah n ah l er t uw th ih sh z ae n jh 
LOG (lattice-best-path[5.5.141~1-40a9d]:main():lattice-best-path.cc:99) For utterance usctimit_ema_m1_375, best cost 178.904 + 3376.35 = 3555.25 over 464 frames.
usctimit_ema_m1_375 sil ay r ih sh y ow n k s t er s iy iy t f er sh t ih p er r s f er b r eh k f ah s t sil 
LOG (lattice-best-path[5.5.141~1-40a9d]:main():lattice-best-path.cc:99) For utterance usctimit_ema_m1_394, best cost 187.932 + 3959.52 = 4147.45 over 547 frames.
usctimit_ema_m1_394 sil dh ey y uw z ah n ah g r eh s ah v p ah l iy s m ah n t uw f l ay k f aa b z m ow d er s 
LOG (lattice-best-path[5.5.141~1-40a9d]:main():lattice-best-path.cc:99) For utterance usctimit_ema_m1_400, best cost 142.854 + 2820.76 = 2963.61 over 382 frames.
usctimit_ema_m1_400 sil w ah z dh ih s l aa r ch dh ih ng b ay dh iy ay er n ih ng v ao r d 
LOG (lattice-best-path[5.5.141~1-40a9d]:main():lattice-best-path.cc:99) For utterance usctimit_ema_m1_432, best cost 65.8675 + 1969.88 = 2035.75 over 285 frames.
usctimit_ema_m1_432 sil ah l aw l iy w ey hh ih er sil 
LOG (lattice-best-path[5.5.141~1-40a9d]:main():lattice-best-path.cc:99) For utterance usctimit_ema_m3_010, best cost 92.7534 + 2316.2 = 2408.95 over 327 frames.
usctimit_ema_m3_010 sil w ow er aa b ah w eh r y ih l ih l iy sil 
LOG (lattice-best-path[5.5.141~1-40a9d]:main():lattice-best-path.cc:99) For utterance usctimit_ema_m3_044, best cost 139.106 + 3623.28 = 3762.38 over 472 frames.
usctimit_ema_m3_044 sil dh iy l ae k ah g iy k ah b t aa ih d ah t eh n s r iy t ah d s ah z 
LOG (lattice-best-path[5.5.141~1-40a9d]:main():lattice-best-path.cc:99) For utterance usctimit_ema_m3_068, best cost 120.409 + 3169.51 = 3289.92 over 441 frames.
usctimit_ema_m3_068 sil ih t s ih n p aa s ah l ah jh iy w ih p ih r aa k r ah s iy 
LOG (lattice-best-path[5.5.141~1-40a9d]:main():lattice-best-path.cc:99) For utterance usctimit_ema_m3_071, best cost 170.903 + 3430.71 = 3601.62 over 439 frames.
usctimit_ema_m3_071 k w aa p er ey sh ah l ao ng th eh n er s t ae n d ih ng l iy b iy ey t uw s p iy t 
LOG (lattice-best-path[5.5.141~1-40a9d]:main():lattice-best-path.cc:99) For utterance usctimit_ema_m3_080, best cost 104.802 + 3509.37 = 3614.17 over 411 frames.
usctimit_ema_m3_080 sil ih g ow ih z ah n ae l ih dh iy ah d er z r s sil 
LOG (lattice-best-path[5.5.141~1-40a9d]:main():lattice-best-path.cc:99) For utterance usctimit_ema_m3_101, best cost 122.597 + 2404.58 = 2527.18 over 307 frames.
usctimit_ema_m3_101 sil k l ae f dh ih s k er uw ih n ih ah l ao f t hh ae n d t sil 
LOG (lattice-best-path[5.5.141~1-40a9d]:main():lattice-best-path.cc:99) For utterance usctimit_ema_m3_113, best cost 117.971 + 2845.05 = 2963.02 over 382 frames.
usctimit_ema_m3_113 sil l aa p s ih f ao er m uw v iy z hh ah s ah b t ay l z 
LOG (lattice-best-path[5.5.141~1-40a9d]:main():lattice-best-path.cc:99) For utterance usctimit_ema_m3_129, best cost 142.198 + 3032.43 = 3174.63 over 411 frames.
usctimit_ema_m3_129 sil t uw m ah ch k er iy ae s ih iy k ng d iy y uw ih n ih t r ah v ah l sil 
LOG (lattice-best-path[5.5.141~1-40a9d]:main():lattice-best-path.cc:99) For utterance usctimit_ema_m3_141, best cost 136.524 + 2729.57 = 2866.09 over 354 frames.
usctimit_ema_m3_141 sil r ih m uw v dh ih s p ah n t er w ih th ih p eh r t w iy s ah r z 
LOG (lattice-best-path[5.5.141~1-40a9d]:main():lattice-best-path.cc:99) For utterance usctimit_ema_m3_147, best cost 150.905 + 3226.03 = 3376.94 over 438 frames.
usctimit_ema_m3_147 sil sil dh eh r ih m ey n l ih f l ao ng f r ae n z ah k ah b ae n y ah n z 
LOG (lattice-best-path[5.5.141~1-40a9d]:main():lattice-best-path.cc:99) For utterance usctimit_ema_m3_192, best cost 138.209 + 3258.78 = 3396.99 over 428 frames.
usctimit_ema_m3_192 sil ah l iy dh iy b eh s p l ih r z n jh oy p aa p ih l eh r t iy sil 
LOG (lattice-best-path[5.5.141~1-40a9d]:main():lattice-best-path.cc:99) For utterance usctimit_ema_m3_203, best cost 129.778 + 3050.12 = 3179.9 over 419 frames.
usctimit_ema_m3_203 sil p ah t dh iy b ah t er b l ae k t ey b ah l ah m ih k er aa zh 
LOG (lattice-best-path[5.5.141~1-40a9d]:main():lattice-best-path.cc:99) For utterance usctimit_ema_m3_260, best cost 179.703 + 3328.99 = 3508.69 over 446 frames.
usctimit_ema_m3_260 sil b r ah sh f ay er z aa r k aa m ah n ah d r ay aa n er b r aa sh ah v n ah v ae d ah sil 
LOG (lattice-best-path[5.5.141~1-40a9d]:main():lattice-best-path.cc:99) For utterance usctimit_ema_m3_267, best cost 147.814 + 3867.16 = 4014.97 over 519 frames.
usctimit_ema_m3_267 sil ih f k ae aa k ah m s m aa r l t ae v er r ey jh ih m iy d iy ih t uw 
LOG (lattice-best-path[5.5.141~1-40a9d]:main():lattice-best-path.cc:99) For utterance usctimit_ema_m3_282, best cost 202.019 + 4956.54 = 5158.56 over 657 frames.
usctimit_ema_m3_282 sil dh iy ae n t er z ah l b iy s t r ih f ao r t ah k iy th ih ng k ah n d er k eh r f ah l iy f er s t 
LOG (lattice-best-path[5.5.141~1-40a9d]:main():lattice-best-path.cc:99) For utterance usctimit_ema_m3_300, best cost 133.998 + 3329.49 = 3463.49 over 450 frames.
usctimit_ema_m3_300 sil dh iy b ih g d aa t l l t ah t uw ao n iy ow l d r ay t ah l sil 
LOG (lattice-best-path[5.5.141~1-40a9d]:main():lattice-best-path.cc:99) For utterance usctimit_ema_m3_316, best cost 229.52 + 4398.56 = 4628.08 over 569 frames.
usctimit_ema_m3_316 sil dh iy p r iy s k l er k ah n b er b l eh s er f y ah l ih ng z ah v ah p iy ah m er t ah s iy k ih n d ih sh ah n s sil 
LOG (lattice-best-path[5.5.141~1-40a9d]:main():lattice-best-path.cc:99) For utterance usctimit_ema_m3_320, best cost 130.304 + 3366.66 = 3496.97 over 447 frames.
usctimit_ema_m3_320 sil ah k aa s ow er l ah d jh oy dh ih sh eh l f ih sh d ih sh sil 
LOG (lattice-best-path[5.5.141~1-40a9d]:main():lattice-best-path.cc:99) For utterance usctimit_ema_m3_335, best cost 153.018 + 3534.42 = 3687.44 over 449 frames.
usctimit_ema_m3_335 sil b aa p iy p er t ow z ah b ah w er dh ih l ah th iy r uw m ih er ah l z sil 
LOG (lattice-best-path[5.5.141~1-40a9d]:main():lattice-best-path.cc:99) For utterance usctimit_ema_m3_336, best cost 142.811 + 2903.75 = 3046.56 over 372 frames.
usctimit_ema_m3_336 sil dh eh n oy z p aa b ah m g r ow z m ao r n ow ih ng iy ch d ey sil 
LOG (lattice-best-path[5.5.141~1-40a9d]:main():lattice-best-path.cc:99) For utterance usctimit_ema_m3_338, best cost 157.685 + 3657.33 = 3815.01 over 500 frames.
usctimit_ema_m3_338 sil dh eh d d ay ah r ey m ey k s ah n s ah l iy ae f t r ah m ah ch d eh t iy sil 
LOG (lattice-best-path[5.5.141~1-40a9d]:main():lattice-best-path.cc:99) For utterance usctimit_ema_m3_339, best cost 131.968 + 3069.61 = 3201.58 over 423 frames.
usctimit_ema_m3_339 sil ah b ao r ih n aa t ah l uw s ah p er b s l iy p iy n p ih l sil 
LOG (lattice-best-path[5.5.141~1-40a9d]:main():lattice-best-path.cc:99) For utterance usctimit_ema_m3_357, best cost 158.946 + 3557.52 = 3716.47 over 462 frames.
usctimit_ema_m3_357 ah iy aa m ae s k iy ah p er d ih k r aa s dh ah s t iy l d ih s ah p ih r d sil sil 
LOG (lattice-best-path[5.5.141~1-40a9d]:main():lattice-best-path.cc:99) For utterance usctimit_ema_m3_359, best cost 121.074 + 2938.32 = 3059.4 over 389 frames.
usctimit_ema_m3_359 sil k eh l s iy m ey t uw b ow n s ah n t iy t s r ao l d 
LOG (lattice-best-path[5.5.141~1-40a9d]:main():lattice-best-path.cc:99) For utterance usctimit_ema_m3_379, best cost 161.427 + 3619.21 = 3780.64 over 477 frames.
usctimit_ema_m3_379 sil ay r ih s ih ng k s ih z uw ih z ah l eh t ah n s p eh n ih sh s iy p r eh z sil 
LOG (lattice-best-path[5.5.141~1-40a9d]:main():lattice-best-path.cc:99) For utterance usctimit_ema_m3_385, best cost 113.381 + 2611.05 = 2724.43 over 354 frames.
usctimit_ema_m3_385 eh v r ih k ae b n iy t r iy p ey n t ih g ao f ah n sil 
LOG (lattice-best-path[5.5.141~1-40a9d]:main():lattice-best-path.cc:99) For utterance usctimit_ema_m3_390, best cost 170.984 + 3304.68 = 3475.66 over 428 frames.
usctimit_ema_m3_390 sil dh iy ow v r ey ch aa r m r ih k ah d s l ih p oy z n ih d eh n iy w ah n z t iy iy 
LOG (lattice-best-path[5.5.141~1-40a9d]:main():lattice-best-path.cc:99) For utterance usctimit_ema_m3_423, best cost 157.936 + 3864.21 = 4022.14 over 495 frames.
usctimit_ema_m3_423 sil g ah k ow s ah n f er jh ow s er n ae ch ow sh uw er sh aw n ah n f r iy t 
LOG (lattice-best-path[5.5.141~1-40a9d]:main():lattice-best-path.cc:99) For utterance usctimit_ema_m3_434, best cost 79.0164 + 2072.17 = 2151.18 over 285 frames.
usctimit_ema_m3_434 sil r ae sh l ay ah z ao l ih er z sil 
LOG (lattice-best-path[5.5.141~1-40a9d]:main():lattice-best-path.cc:99) For utterance usctimit_ema_m3_438, best cost 184.457 + 3795.5 = 3979.96 over 495 frames.
usctimit_ema_m3_438 sil w iy p l ay aa t ah ch aa r t ao v ah l ih ng t uw p ih p iy t er s b iy t r k n ih sh ah n 
LOG (lattice-best-path[5.5.141~1-40a9d]:main():lattice-best-path.cc:99) For utterance usctimit_ema_m3_442, best cost 139.138 + 2980.3 = 3119.43 over 404 frames.
usctimit_ema_m3_442 sil w ih l ay t t l iy ch iy uw s b ah b ih k d er l ay k s p r iy sil 
LOG (lattice-scale[5.5.141~1-40a9d]:main():lattice-scale.cc:107) Done 183 lattices.
LOG (lattice-best-path[5.5.141~1-40a9d]:main():lattice-best-path.cc:99) For utterance usctimit_ema_m3_444, best cost 223.53 + 4549.81 = 4773.34 over 603 frames.
usctimit_ema_m3_444 sil r aa b n ey d eh n g eh r ey n g uw l aa sh r b ih n er ih n d uw s p eh r iy p ay ah f er t ih z er t sil sil 
LOG (lattice-best-path[5.5.141~1-40a9d]:main():lattice-best-path.cc:99) For utterance usctimit_ema_m3_457, best cost 200.928 + 4154.84 = 4355.77 over 560 frames.
usctimit_ema_m3_457 sil k aa f iy ah s d r ow n ah n s t iy t d ah m b ah l ay k s l ow p s ah n t eh m b r ih t s ow n z 
LOG (lattice-add-penalty[5.5.141~1-40a9d]:main():lattice-add-penalty.cc:62) Done adding word insertion penalty to 183 lattices.
LOG (lattice-best-path[5.5.141~1-40a9d]:main():lattice-best-path.cc:99) For utterance usctimit_ema_m3_458, best cost 174.949 + 3998.61 = 4173.56 over 535 frames.
usctimit_ema_m3_458 sil dh eh t s t d iy ng d ey p er w ao z k aa z b ay k l er ay d ey p r ih s ey sh ah 
LOG (lattice-best-path[5.5.141~1-40a9d]:main():lattice-best-path.cc:99) For utterance usctimit_ema_m3_460, best cost 104.375 + 3598.88 = 3703.25 over 497 frames.
usctimit_ema_m3_460 sil w ih ch dh iy eh r sh ow z m ah dh ih b uw s sil 
LOG (lattice-best-path[5.5.141~1-40a9d]:main():lattice-best-path.cc:124) Overall cost per frame is 7.68908 = 0.32804 [graph] + 7.36104 [acoustic] over 81821 frames.
LOG (lattice-best-path[5.5.141~1-40a9d]:main():lattice-best-path.cc:128) Done 183 lattices, failed for 0
# Accounting: time=2 threads=1
# Ended (code 0) at Mon Dec 24 20:19:23 EET 2018, elapsed time 2 seconds
