# lattice-scale --inv-acoustic-scale=7 "ark:gunzip -c exp/ug/tri1/decode/lat.*.gz|" ark:- | lattice-add-penalty --word-ins-penalty=0.0 ark:- ark:- | lattice-best-path --word-symbol-table=exp/ug/tri1/graph/words.txt ark:- ark,t:- | utils/int2sym.pl -f 2- exp/ug/tri1/graph/words.txt | cat > exp/ug/tri1/decode/scoring_kaldi/penalty_0.0/7.txt 
# Started at Mon Dec 24 20:19:17 EET 2018
#
lattice-add-penalty --word-ins-penalty=0.0 ark:- ark:- 
lattice-scale --inv-acoustic-scale=7 'ark:gunzip -c exp/ug/tri1/decode/lat.*.gz|' ark:- 
lattice-best-path --word-symbol-table=exp/ug/tri1/graph/words.txt ark:- ark,t:- 
LOG (lattice-best-path[5.5.141~1-40a9d]:main():lattice-best-path.cc:99) For utterance usctimit_ema_f1_021, best cost 105.326 + 3283.69 = 3389.01 over 290 frames.
usctimit_ema_f1_021 sil ow m iy l ao ey er z ah l k n ah m y n ae n z sil 
LOG (lattice-best-path[5.5.141~1-40a9d]:main():lattice-best-path.cc:99) For utterance usctimit_ema_f1_028, best cost 191.681 + 5704.86 = 5896.54 over 499 frames.
usctimit_ema_f1_028 sil ow l iy d dh iy m ow s d uw k ah m p ah z dh aa r d ah s ah t t ey n p aa p y ah l eh r ah t iy sil 
LOG (lattice-best-path[5.5.141~1-40a9d]:main():lattice-best-path.cc:99) For utterance usctimit_ema_f1_031, best cost 175.417 + 4605.92 = 4781.33 over 395 frames.
usctimit_ema_f1_031 sil b ao r b z k ah l p er ey s l ih w ao z ah k er ah jh r iy sh ah n hh er ah s ah n t sil sil 
LOG (lattice-best-path[5.5.141~1-40a9d]:main():lattice-best-path.cc:99) For utterance usctimit_ema_f1_052, best cost 166.961 + 4993.09 = 5160.05 over 431 frames.
usctimit_ema_f1_052 sil k aa s ah n ah n k ah l d r ah k d ih z ah g sh iy ah l aa jh ah k ah l th dh iy er iy sil 
LOG (lattice-best-path[5.5.141~1-40a9d]:main():lattice-best-path.cc:99) For utterance usctimit_ema_f1_054, best cost 130.095 + 4275.57 = 4405.67 over 382 frames.
usctimit_ema_f1_054 sil ch ae l ah n jh iy iy ch d eh n ah l s ih n t eh l iy ch ah n s sil 
LOG (lattice-best-path[5.5.141~1-40a9d]:main():lattice-best-path.cc:99) For utterance usctimit_ema_f1_072, best cost 134.674 + 4458.11 = 4592.78 over 403 frames.
usctimit_ema_f1_072 sil s ah n ah n ah z m ih z er d ih ng k y uw b ah k iy eh r ah t t s sil 
LOG (lattice-best-path[5.5.141~1-40a9d]:main():lattice-best-path.cc:99) For utterance usctimit_ema_f1_078, best cost 145.424 + 4973.16 = 5118.58 over 447 frames.
usctimit_ema_f1_078 sil ao l eh jh hh aa s ah l v n uw z l aa p s ah m ow p w ay n s ah z sil 
LOG (lattice-best-path[5.5.141~1-40a9d]:main():lattice-best-path.cc:99) For utterance usctimit_ema_f1_090, best cost 136.78 + 3963.92 = 4100.7 over 353 frames.
usctimit_ema_f1_090 sil y uw m ah ae s t ih k s p l ih s ah w iy d d ah l iy k f ay l z sil 
LOG (lattice-best-path[5.5.141~1-40a9d]:main():lattice-best-path.cc:99) For utterance usctimit_ema_f1_105, best cost 194.397 + 5508.82 = 5703.22 over 461 frames.
usctimit_ema_f1_105 sil f dh ih k p ay iy ow ih n iy b aa p k ae k ae n hh ay iy n aw k aa r w ay l d aa n ae m l z sil 
LOG (lattice-best-path[5.5.141~1-40a9d]:main():lattice-best-path.cc:99) For utterance usctimit_ema_f1_108, best cost 167.724 + 5357.81 = 5525.53 over 458 frames.
usctimit_ema_f1_108 sil dh iy s k er ah d r ay v er z m ey d f r ah m f aa p eh n ae r ah n ch iy z sil sil 
LOG (lattice-best-path[5.5.141~1-40a9d]:main():lattice-best-path.cc:99) For utterance usctimit_ema_f1_111, best cost 127.528 + 3851.63 = 3979.16 over 329 frames.
usctimit_ema_f1_111 sil aa r d ih v eh sh ow n t eh l ah jh ey ih s ah z f r r iy l sil 
LOG (lattice-best-path[5.5.141~1-40a9d]:main():lattice-best-path.cc:99) For utterance usctimit_ema_f1_115, best cost 139.171 + 4106.22 = 4245.39 over 355 frames.
usctimit_ema_f1_115 sil sil hh ey d f ao r ah ae sh eh t ay g s hh er b r eh k v ah s t sil 
LOG (lattice-best-path[5.5.141~1-40a9d]:main():lattice-best-path.cc:99) For utterance usctimit_ema_f1_123, best cost 172.017 + 5598.34 = 5770.36 over 492 frames.
usctimit_ema_f1_123 sil dh iy b aa ng l ow ah s z p ow s ah v l iy z ih ch uw iy d iy g n ih eh d ah sh ao er sil 
LOG (lattice-best-path[5.5.141~1-40a9d]:main():lattice-best-path.cc:99) For utterance usctimit_ema_f1_126, best cost 182.174 + 5106.51 = 5288.69 over 432 frames.
usctimit_ema_f1_126 sil w ih sh l ao m aa t ah k ah l w ao z ah l p ey g ih n iy d uw k ay er f ih k ey sh ah ng sil 
LOG (lattice-best-path[5.5.141~1-40a9d]:main():lattice-best-path.cc:99) For utterance usctimit_ema_f1_134, best cost 120.25 + 4512.35 = 4632.6 over 416 frames.
usctimit_ema_f1_134 sil v iy t ih m iy z k ah z iy n ih z ih ae k s p ih s ih t sil 
LOG (lattice-best-path[5.5.141~1-40a9d]:main():lattice-best-path.cc:99) For utterance usctimit_ema_f1_153, best cost 232.854 + 7114.49 = 7347.34 over 618 frames.
usctimit_ema_f1_153 sil dh ih m ay n m iy ow k k l ae s ah k s k ae l er d d ih z ih p ih er d ao l s er b ae ng iy sh ah n t r eh l ah n z sil 
LOG (lattice-best-path[5.5.141~1-40a9d]:main():lattice-best-path.cc:99) For utterance usctimit_ema_f1_162, best cost 157.839 + 5437.26 = 5595.1 over 486 frames.
usctimit_ema_f1_162 sil ow n l s t ao l k ay l ah jh ih s ih n aw k oy ah jh iy k ey sh ah n ah m l sil 
LOG (lattice-best-path[5.5.141~1-40a9d]:main():lattice-best-path.cc:99) For utterance usctimit_ema_f1_170, best cost 168.148 + 5196.92 = 5365.07 over 459 frames.
usctimit_ema_f1_170 sil k ow ao th er ay ah s b iy y eh aa m l ah m ah t ah t ih k s p eh n s ih k aw n t sil 
LOG (lattice-best-path[5.5.141~1-40a9d]:main():lattice-best-path.cc:99) For utterance usctimit_ema_f1_198, best cost 122.726 + 3955.88 = 4078.61 over 368 frames.
usctimit_ema_f1_198 sil hh aw b k l r m ah n eh n d ey er v r eh k ah n er t s sil 
LOG (lattice-best-path[5.5.141~1-40a9d]:main():lattice-best-path.cc:99) For utterance usctimit_ema_f1_209, best cost 92.6349 + 3745.92 = 3838.55 over 339 frames.
usctimit_ema_f1_209 sil ah iy l ah k iy ng p er m p l ay n ae n t sil 
LOG (lattice-best-path[5.5.141~1-40a9d]:main():lattice-best-path.cc:99) For utterance usctimit_ema_f1_213, best cost 131.064 + 4106.26 = 4237.33 over 358 frames.
usctimit_ema_f1_213 sil ay ah d ih m ay z ao l ah k aw n t s ih m ay n ey jh ah n s iy sil 
LOG (lattice-best-path[5.5.141~1-40a9d]:main():lattice-best-path.cc:99) For utterance usctimit_ema_f1_227, best cost 131.867 + 4311.05 = 4442.92 over 386 frames.
usctimit_ema_f1_227 sil b ay t iy d ih ng d y ow b er t y uw m ey l ah v l ao n er sil 
LOG (lattice-best-path[5.5.141~1-40a9d]:main():lattice-best-path.cc:99) For utterance usctimit_ema_f1_236, best cost 127.183 + 4047.7 = 4174.89 over 358 frames.
usctimit_ema_f1_236 sil hh aw w oy l iy t uw l ay d er s ae l ah t r eh s ah ih ng sil 
LOG (lattice-best-path[5.5.141~1-40a9d]:main():lattice-best-path.cc:99) For utterance usctimit_ema_f1_239, best cost 123.915 + 4534.23 = 4658.15 over 412 frames.
usctimit_ema_f1_239 sil w ih t d r ao ow m iy z m ah ch w ah n y ih z iy ng iy sil 
LOG (lattice-best-path[5.5.141~1-40a9d]:main():lattice-best-path.cc:99) For utterance usctimit_ema_f1_242, best cost 141.078 + 3995.73 = 4136.81 over 356 frames.
usctimit_ema_f1_242 sil d uw ey t s ah k ah l g ah l v f aa r m ah s p ao r w aw t t s sil 
LOG (lattice-best-path[5.5.141~1-40a9d]:main():lattice-best-path.cc:99) For utterance usctimit_ema_f1_244, best cost 142.894 + 4513.88 = 4656.78 over 398 frames.
usctimit_ema_f1_244 sil b iy k eh r k ah l n aa s ah p aa ow v er dh iy f l aw r b ae d z sil 
LOG (lattice-best-path[5.5.141~1-40a9d]:main():lattice-best-path.cc:99) For utterance usctimit_ema_f1_250, best cost 103.851 + 3727.21 = 3831.06 over 346 frames.
usctimit_ema_f1_250 sil dh iy w eh s k r ah s aa sh s m aa t s w iy iy sil 
LOG (lattice-best-path[5.5.141~1-40a9d]:main():lattice-best-path.cc:99) For utterance usctimit_ema_f1_252, best cost 202.731 + 6286.78 = 6489.51 over 550 frames.
usctimit_ema_f1_252 sil ae l eh s ah dh ah b ah l ah d iy t uw w er k w ih th ah p t uw p er b ih sh ah n z n ow w er ih v iy sil 
LOG (lattice-best-path[5.5.141~1-40a9d]:main():lattice-best-path.cc:99) For utterance usctimit_ema_f1_255, best cost 170.88 + 4901.97 = 5072.85 over 428 frames.
usctimit_ema_f1_255 sil dh iy t uw ah z b er t f er t aw t t uw k ah m ah n r ay d ih z t uw f eh l aw p sil 
LOG (lattice-best-path[5.5.141~1-40a9d]:main():lattice-best-path.cc:99) For utterance usctimit_ema_f1_262, best cost 224.654 + 6550.2 = 6774.85 over 572 frames.
usctimit_ema_f1_262 sil dh ah s p er ah sh er ah z k er t s ih k uw eh r l iy ah n f ao r m ih d ah f er p r s p eh k d ih t b aa ay t er sil 
LOG (lattice-best-path[5.5.141~1-40a9d]:main():lattice-best-path.cc:99) For utterance usctimit_ema_f1_286, best cost 124.886 + 3398.52 = 3523.41 over 302 frames.
usctimit_ema_f1_286 sil dh ae t t ow ah ch ey z ah z k ae t s m er s ah l z s l iy sil 
LOG (lattice-best-path[5.5.141~1-40a9d]:main():lattice-best-path.cc:99) For utterance usctimit_ema_f1_297, best cost 179.859 + 6367.93 = 6547.79 over 592 frames.
usctimit_ema_f1_297 sil g r ay v r iy ah n t aa aa n ch ah s ah w eh ch k er t s ah n z ih n iy ae f d ih n ih n sil 
LOG (lattice-best-path[5.5.141~1-40a9d]:main():lattice-best-path.cc:99) For utterance usctimit_ema_f1_299, best cost 176.35 + 5539.64 = 5715.99 over 491 frames.
usctimit_ema_f1_299 sil k aw b dh ah n ah m b er v t iy z dh ah n z ih s ao ih s ao s ah b ay d y uw ey ae d sil 
LOG (lattice-best-path[5.5.141~1-40a9d]:main():lattice-best-path.cc:99) For utterance usctimit_ema_f1_302, best cost 199.605 + 6371.81 = 6571.41 over 573 frames.
usctimit_ema_f1_302 sil m ah d ow n ae l dh ae f uw n z t iy p ih n aa t s uw d ah b ah l f r iy d ih ng sh eh l f ih jh sil 
LOG (lattice-best-path[5.5.141~1-40a9d]:main():lattice-best-path.cc:99) For utterance usctimit_ema_f1_311, best cost 190.877 + 5716.17 = 5907.05 over 495 frames.
usctimit_ema_f1_311 sil sil dh iy f r ay t ng ch ay l t ao z jh eh l iy s ah d d uw b ay d z b ih g b r ah dh er sil sil 
LOG (lattice-best-path[5.5.141~1-40a9d]:main():lattice-best-path.cc:99) For utterance usctimit_ema_f1_317, best cost 216.986 + 7559.56 = 7776.54 over 679 frames.
usctimit_ema_f1_317 sil m ah n iy w ah l th iy t ay g f uw n z s p ah l er z sh dh ah n b aa p ah l t iy aa t ah n ah s k uw ao n er sil 
LOG (lattice-best-path[5.5.141~1-40a9d]:main():lattice-best-path.cc:99) For utterance usctimit_ema_f1_320, best cost 136.886 + 5075.89 = 5212.78 over 454 frames.
usctimit_ema_f1_320 sil ah k aa n ah s er w ah l ih n d r ay d uw sh eh l f ih sh d ih jh sil 
LOG (lattice-best-path[5.5.141~1-40a9d]:main():lattice-best-path.cc:99) For utterance usctimit_ema_f1_323, best cost 140.556 + 5051.71 = 5192.27 over 450 frames.
usctimit_ema_f1_323 sil t d ae n ah s p l er z ah m b ay t ch er k w ey z n eh k l ah s sil 
LOG (lattice-best-path[5.5.141~1-40a9d]:main():lattice-best-path.cc:99) For utterance usctimit_ema_f1_325, best cost 126.32 + 4502.76 = 4629.08 over 400 frames.
usctimit_ema_f1_325 sil d ao r jh s eh l d ah m aa ch uw s t ey t ay n ah v iy z sil 
LOG (lattice-best-path[5.5.141~1-40a9d]:main():lattice-best-path.cc:99) For utterance usctimit_ema_f1_342, best cost 174.863 + 5160.97 = 5335.84 over 452 frames.
usctimit_ema_f1_342 sil sh iy l w ey z jh er b s ih b eh t t ah r eh jh p r ow ih k ah n ih s f dh uw d sil n sil 
LOG (lattice-best-path[5.5.141~1-40a9d]:main():lattice-best-path.cc:99) For utterance usctimit_ema_f1_346, best cost 120.67 + 3726.41 = 3847.08 over 328 frames.
usctimit_ema_f1_346 sil w uw l l g ah m ah n iy n uw s t uw t n z iy ch iy ih er sil 
LOG (lattice-best-path[5.5.141~1-40a9d]:main():lattice-best-path.cc:99) For utterance usctimit_ema_f1_347, best cost 164.955 + 5077.78 = 5242.74 over 452 frames.
usctimit_ema_f1_347 sil t r er jh ih z p aa r n ay d ih b ae t ih f iy ch er g ae sh ao r d ih d p jh sil 
LOG (lattice-best-path[5.5.141~1-40a9d]:main():lattice-best-path.cc:99) For utterance usctimit_ema_f1_356, best cost 99.5463 + 3503.76 = 3603.31 over 302 frames.
usctimit_ema_f1_356 sil dh ey ao l ay g l ah hh ay b ch r aw er z sil 
LOG (lattice-best-path[5.5.141~1-40a9d]:main():lattice-best-path.cc:99) For utterance usctimit_ema_f1_360, best cost 204.105 + 5387.02 = 5591.12 over 462 frames.
usctimit_ema_f1_360 sil dh iy f ih jh dh ih g ae n s l iy t r ay n s ih k l iy ae m dh iy s er f ih s ih v ih s m ow w ey t sil 
LOG (lattice-best-path[5.5.141~1-40a9d]:main():lattice-best-path.cc:99) For utterance usctimit_ema_f1_362, best cost 136.69 + 4609.18 = 4745.88 over 430 frames.
usctimit_ema_f1_362 sil dh ey ih s iy ah ng n ow b er ah w ao r l ah v er n t er hh iy ih er sil 
LOG (lattice-best-path[5.5.141~1-40a9d]:main():lattice-best-path.cc:99) For utterance usctimit_ema_f1_364, best cost 174.941 + 5185.06 = 5360 over 457 frames.
usctimit_ema_f1_364 sil dh iy t ae k s iy k ae b er b d aw n ih n k aa z dh iy k ae p t r aa f ih k jh ae n sil 
LOG (lattice-best-path[5.5.141~1-40a9d]:main():lattice-best-path.cc:99) For utterance usctimit_ema_f1_368, best cost 145.862 + 5036.23 = 5182.09 over 450 frames.
usctimit_ema_f1_368 sil g r ih s ah d n ae v n ah v ah t ch ih n ah th ih sh z ih m ah t jh sil 
LOG (lattice-best-path[5.5.141~1-40a9d]:main():lattice-best-path.cc:99) For utterance usctimit_ema_f1_382, best cost 189.781 + 6499.54 = 6689.32 over 595 frames.
usctimit_ema_f1_382 sil s m ae n sh l ay k eh l d s ih n er k ae sh v eh l iy w ih l d ih m ah n sh k n ae p ih ng sil 
LOG (lattice-best-path[5.5.141~1-40a9d]:main():lattice-best-path.cc:99) For utterance usctimit_ema_f1_394, best cost 179.061 + 6088.5 = 6267.56 over 548 frames.
usctimit_ema_f1_394 sil dh ey iy z ih ih k er ah s ah v w l iy s ih n t ih f l ay k p ah l ih s m ah r n er s s sil 
LOG (lattice-best-path[5.5.141~1-40a9d]:main():lattice-best-path.cc:99) For utterance usctimit_ema_f1_397, best cost 177.932 + 5651.52 = 5829.45 over 501 frames.
usctimit_ema_f1_397 sil sil s ah b er b ah n aa s w ay b z k b ao f ih n s eh v er f n ah g ae p aa v ih t sil 
LOG (lattice-best-path[5.5.141~1-40a9d]:main():lattice-best-path.cc:99) For utterance usctimit_ema_f1_402, best cost 114.986 + 4411.32 = 4526.31 over 401 frames.
usctimit_ema_f1_402 sil f r ih s t ih v n ah t s ah b ih sh t r ih d sh iy z sil 
LOG (lattice-best-path[5.5.141~1-40a9d]:main():lattice-best-path.cc:99) For utterance usctimit_ema_f1_405, best cost 179.606 + 5715.41 = 5895.02 over 510 frames.
usctimit_ema_f1_405 sil w ao r ey g n aa r t ih z s p er iy ah s d aa d ah p oy n s ah n d er ih ng iy r ae f sil 
LOG (lattice-best-path[5.5.141~1-40a9d]:main():lattice-best-path.cc:99) For utterance usctimit_ema_f1_451, best cost 159.677 + 5172.45 = 5332.13 over 444 frames.
usctimit_ema_f1_451 sil ch ih l d ah n k ah n s ih m eh n iy f er r ah l ah p s ih m aa n s ih t ih ng sil 
LOG (lattice-best-path[5.5.141~1-40a9d]:main():lattice-best-path.cc:99) For utterance usctimit_ema_f1_453, best cost 178.555 + 5340.44 = 5518.99 over 476 frames.
usctimit_ema_f1_453 sil w eh n t r ow z k r iy ng b iy ng z ih n hh er v ah ch dh iy b ah l ah t b ae r t ah n sil 
LOG (lattice-best-path[5.5.141~1-40a9d]:main():lattice-best-path.cc:99) For utterance usctimit_ema_f1_456, best cost 165.032 + 4975.73 = 5140.76 over 433 frames.
usctimit_ema_f1_456 sil ah m ow ah v s ey g d eh d t ah l ah m ih p ae k t uw aa t ow z g aa r d ih n sil 
LOG (lattice-best-path[5.5.141~1-40a9d]:main():lattice-best-path.cc:99) For utterance usctimit_ema_f1_460, best cost 111.536 + 3686.59 = 3798.12 over 334 frames.
usctimit_ema_f1_460 sil w ih sh th iy ah d ah z sh ow z m ah v ah g n uw z sil 
LOG (lattice-best-path[5.5.141~1-40a9d]:main():lattice-best-path.cc:99) For utterance usctimit_ema_f5_009, best cost 79.2397 + 3809.91 = 3889.15 over 341 frames.
usctimit_ema_f5_009 sil hh iy ah l aw ah r eh r l ay sil 
LOG (lattice-best-path[5.5.141~1-40a9d]:main():lattice-best-path.cc:99) For utterance usctimit_ema_f5_011, best cost 124.097 + 3643.94 = 3768.04 over 301 frames.
usctimit_ema_f5_011 sil s w ih ng y er aa r m ah z hh ay iy z uw s hh ae n sil sil 
LOG (lattice-best-path[5.5.141~1-40a9d]:main():lattice-best-path.cc:99) For utterance usctimit_ema_f5_017, best cost 150.406 + 4106.85 = 4257.26 over 328 frames.
usctimit_ema_f5_017 sil ae l ah m ow n iy hh aa r m z ah d ih f ao r s m ae n s w ay l th sil 
LOG (lattice-best-path[5.5.141~1-40a9d]:main():lattice-best-path.cc:99) For utterance usctimit_ema_f5_019, best cost 120.439 + 3713.67 = 3834.1 over 308 frames.
usctimit_ema_f5_019 sil eh l f ae l f l ay z hh eh l p iy k r iy uw m sil sil 
LOG (lattice-best-path[5.5.141~1-40a9d]:main():lattice-best-path.cc:99) For utterance usctimit_ema_f5_066, best cost 53.6163 + 4475.77 = 4529.39 over 335 frames.
usctimit_ema_f5_066 sil t uw f r iy n iy 
LOG (lattice-best-path[5.5.141~1-40a9d]:main():lattice-best-path.cc:99) For utterance usctimit_ema_f5_080, best cost 163.069 + 5167.23 = 5330.3 over 417 frames.
usctimit_ema_f5_080 sil ih k ow aa ih s ah n aw ah d iy d er z er t r aa p ah k ah l b eh p ay ah l z sil 
LOG (lattice-best-path[5.5.141~1-40a9d]:main():lattice-best-path.cc:99) For utterance usctimit_ema_f5_081, best cost 169.436 + 4591.76 = 4761.2 over 373 frames.
usctimit_ema_f5_081 sil dh ae s k er ey g p aa r t iy z t ae k s w l ah n z ih n ae d ih n ey sh ah n sil 
LOG (lattice-best-path[5.5.141~1-40a9d]:main():lattice-best-path.cc:99) For utterance usctimit_ema_f5_090, best cost 132.529 + 4642.45 = 4774.98 over 385 frames.
usctimit_ema_f5_090 sil iy m ah s ah k s p ah s ah d l iy d ih l iy t f ay l z sil sil 
LOG (lattice-best-path[5.5.141~1-40a9d]:main():lattice-best-path.cc:99) For utterance usctimit_ema_f5_143, best cost 174.607 + 5393.53 = 5568.14 over 473 frames.
usctimit_ema_f5_143 sil dh iy k eh v er m ah t s ao ao f r ah z ey sh ah n ah v ih s ih t ah s ah n sh ah n t sil 
LOG (lattice-best-path[5.5.141~1-40a9d]:main():lattice-best-path.cc:99) For utterance usctimit_ema_f5_144, best cost 209.292 + 6977.04 = 7186.33 over 594 frames.
usctimit_ema_f5_144 sil ah s k ow aa th er z w iy k r z eh n t ah jh er n uw b uh k t ih th ah hh ao t iy aa n iy ih t s sil 
LOG (lattice-best-path[5.5.141~1-40a9d]:main():lattice-best-path.cc:99) For utterance usctimit_ema_f5_162, best cost 172.777 + 5535.92 = 5708.7 over 483 frames.
usctimit_ema_f5_162 sil ow m l s t ao l k ah l ah jh ih z aa r n aw m k ow ey jh ah k ey sh ah n ah l sil 
LOG (lattice-best-path[5.5.141~1-40a9d]:main():lattice-best-path.cc:99) For utterance usctimit_ema_f5_163, best cost 193.653 + 6184.97 = 6378.63 over 532 frames.
usctimit_ema_f5_163 sil r ih ch ah l k f er s b ao t ah hh ay iy n ah z n n jh ih ae g w ao r z aa n z ah f aa r iy sil 
LOG (lattice-best-path[5.5.141~1-40a9d]:main():lattice-best-path.cc:99) For utterance usctimit_ema_f5_164, best cost 114.343 + 4653.42 = 4767.76 over 405 frames.
usctimit_ema_f5_164 sil sil ah t k l uw m uw z d aw d ah b ah t uw d sil 
LOG (lattice-best-path[5.5.141~1-40a9d]:main():lattice-best-path.cc:99) For utterance usctimit_ema_f5_174, best cost 121.996 + 4540.64 = 4662.64 over 386 frames.
usctimit_ema_f5_174 sil s t r ae hh ae d s er aa t ah f ae sh ah n ah s iy r sil 
LOG (lattice-best-path[5.5.141~1-40a9d]:main():lattice-best-path.cc:99) For utterance usctimit_ema_f5_197, best cost 139.37 + 4548.47 = 4687.84 over 400 frames.
usctimit_ema_f5_197 sil s dh iy s m l w l oy p ah p ah w ao r m aa m ah hh aa t k sil 
LOG (lattice-best-path[5.5.141~1-40a9d]:main():lattice-best-path.cc:99) For utterance usctimit_ema_f5_208, best cost 89.0223 + 4226.72 = 4315.74 over 373 frames.
usctimit_ema_f5_208 sil dh iy d y uw p oy dh iy ow sh ah n sil 
LOG (lattice-best-path[5.5.141~1-40a9d]:main():lattice-best-path.cc:99) For utterance usctimit_ema_f5_233, best cost 235.004 + 7909.28 = 8144.28 over 648 frames.
usctimit_ema_f5_233 aa r v iy uw ey b l iy sil er m eh m b er t uw l aw oy g ae n ah k ah l d t w ih n s ae n t er f r iy n iy sil 
LOG (lattice-best-path[5.5.141~1-40a9d]:main():lattice-best-path.cc:99) For utterance usctimit_ema_f5_243, best cost 145.913 + 4255.64 = 4401.56 over 363 frames.
usctimit_ema_f5_243 sil aa r hh ao l ah d ey ey p b r ah n z ah v ey l d ah l t uw ah d s sil 
LOG (lattice-best-path[5.5.141~1-40a9d]:main():lattice-best-path.cc:99) For utterance usctimit_ema_f5_244, best cost 111.144 + 4959.05 = 5070.2 over 412 frames.
usctimit_ema_f5_244 sil ah l m aa t ah p l aw r l aw r b ae d z sil 
LOG (lattice-best-path[5.5.141~1-40a9d]:main():lattice-best-path.cc:99) For utterance usctimit_ema_f5_272, best cost 145.09 + 4323.18 = 4468.27 over 364 frames.
usctimit_ema_f5_272 sil t ow ah f ah l ah z m ey t f r ah m p r ao s eh s ow ey b iy d z sil 
LOG (lattice-best-path[5.5.141~1-40a9d]:main():lattice-best-path.cc:99) For utterance usctimit_ema_f5_281, best cost 214.457 + 6943.66 = 7158.12 over 565 frames.
usctimit_ema_f5_281 sil m ay d ih z ay er z ah s ah b ah l k ih v n iy w ay n uw f ao r m ih f p eh er k er ah s ah g eh t sil 
LOG (lattice-best-path[5.5.141~1-40a9d]:main():lattice-best-path.cc:99) For utterance usctimit_ema_f5_304, best cost 232.599 + 7929.61 = 8162.21 over 667 frames.
usctimit_ema_f5_304 sil d eh s aa p ay n t r iy z ah n r eh d w eh b s aa n ah t w aa k t uw s ih k oy ah n aw sh ah n ah l f ao r s sil 
LOG (lattice-best-path[5.5.141~1-40a9d]:main():lattice-best-path.cc:99) For utterance usctimit_ema_f5_307, best cost 137 + 4882.75 = 5019.75 over 418 frames.
usctimit_ema_f5_307 sil t ih ch aa n k eh p s p eh b ih g uw f b eh aa hh eh l p sil 
LOG (lattice-best-path[5.5.141~1-40a9d]:main():lattice-best-path.cc:99) For utterance usctimit_ema_f5_329, best cost 167.41 + 5940.74 = 6108.15 over 535 frames.
usctimit_ema_f5_329 sil dh ih k ae l w aa n d er d f er m f aa r m ay ae n d ah b ih k iy m ao s t sil 
LOG (lattice-best-path[5.5.141~1-40a9d]:main():lattice-best-path.cc:99) For utterance usctimit_ema_f5_330, best cost 264.831 + 7556.45 = 7821.28 over 611 frames.
usctimit_ema_f5_330 sil iy t uw ah n t ay m l iy ih n k ah m aa s k ah l ih n s ay d ah b w ih t dh iy b r ey k d ae n ih hh iy d s ih s t ah m p aa r ih t sil 
LOG (lattice-best-path[5.5.141~1-40a9d]:main():lattice-best-path.cc:99) For utterance usctimit_ema_f5_334, best cost 210.813 + 6265.73 = 6476.54 over 536 frames.
usctimit_ema_f5_334 sil p ao r ih s k aa s t ih m iy ih n b l ae k l ah v s t ih iy k ah m p l iy t l iy eh l ah d ae n t sil 
LOG (lattice-best-path[5.5.141~1-40a9d]:main():lattice-best-path.cc:99) For utterance usctimit_ema_f5_336, best cost 171.14 + 4671.47 = 4842.61 over 396 frames.
usctimit_ema_f5_336 sil b ae t n ow ey z p r aa p ah ng g r ow z m ih m w ao r n oy ih ng iy ch d iy sil 
LOG (lattice-best-path[5.5.141~1-40a9d]:main():lattice-best-path.cc:99) For utterance usctimit_ema_f5_343, best cost 167.812 + 5753.27 = 5921.09 over 506 frames.
usctimit_ema_f5_343 sil ah jh ah s ah jh eh n n ih r dh ae n n uw aa r k iy l aa jh ih k ah m iy z iy ae m sil 
LOG (lattice-best-path[5.5.141~1-40a9d]:main():lattice-best-path.cc:99) For utterance usctimit_ema_f5_348, best cost 167.233 + 5304.58 = 5471.81 over 455 frames.
usctimit_ema_f5_348 sil dh iy k aa r p ah k l iy n er sh ae m p r uw n er ao r iy ah jh w ih b r ah d sil 
LOG (lattice-best-path[5.5.141~1-40a9d]:main():lattice-best-path.cc:99) For utterance usctimit_ema_f5_349, best cost 120.825 + 4536.85 = 4657.68 over 405 frames.
usctimit_ema_f5_349 sil t iy z sh ao r t m z s k er k f r er jh oy iy s sil 
LOG (lattice-best-path[5.5.141~1-40a9d]:main():lattice-best-path.cc:99) For utterance usctimit_ema_f5_354, best cost 193.428 + 7932.06 = 8125.49 over 679 frames.
usctimit_ema_f5_354 w n eh v er dh iy b ih er m ah t er k p r eh sh r r ay z ih z sil sil ah l sil w ih n sil 
LOG (lattice-best-path[5.5.141~1-40a9d]:main():lattice-best-path.cc:99) For utterance usctimit_ema_f5_356, best cost 91.2318 + 2793.41 = 2884.65 over 219 frames.
usctimit_ema_f5_356 sil dh ey ao l l ay k sil dh ey ao l ay k 
LOG (lattice-best-path[5.5.141~1-40a9d]:main():lattice-best-path.cc:99) For utterance usctimit_ema_f5_369, best cost 133.838 + 6244.64 = 6378.48 over 537 frames.
usctimit_ema_f5_369 sil w aa s p d eh k s t er v ih ng s b ih g t aa p ae p sil 
LOG (lattice-best-path[5.5.141~1-40a9d]:main():lattice-best-path.cc:99) For utterance usctimit_ema_f5_375, best cost 167.428 + 5183.87 = 5351.3 over 435 frames.
usctimit_ema_f5_375 sil ae r er s sh eh m s t er z iy ch f r ae sh k ih p er s r b r f eh s s t sil 
LOG (lattice-best-path[5.5.141~1-40a9d]:main():lattice-best-path.cc:99) For utterance usctimit_ema_f5_389, best cost 224.719 + 6689.83 = 6914.55 over 553 frames.
usctimit_ema_f5_389 sil dh iy f ih v s t aa r k ah n d iy n sil b ah th ih f d aa r k n t ey n z b iy d ch iy s iy p iy ch ah z sil 
LOG (lattice-best-path[5.5.141~1-40a9d]:main():lattice-best-path.cc:99) For utterance usctimit_ema_f5_392, best cost 209.755 + 6688.72 = 6898.48 over 574 frames.
usctimit_ema_f5_392 sil y r ih ch sh ih n b eh s t ih n d sil l ae k z er k aa n z ih n s ae t uw s t ah r l iy sh uw z sil 
LOG (lattice-best-path[5.5.141~1-40a9d]:main():lattice-best-path.cc:99) For utterance usctimit_ema_f5_396, best cost 198.428 + 6436.04 = 6634.47 over 518 frames.
usctimit_ema_f5_396 sil dh iy ae t t r ch ay z ih ng v er s ah th ah v r r ay d iy s t r er n eh v er ch ey n d ih z sil 
LOG (lattice-best-path[5.5.141~1-40a9d]:main():lattice-best-path.cc:99) For utterance usctimit_ema_f5_406, best cost 202.073 + 6046.83 = 6248.9 over 512 frames.
usctimit_ema_f5_406 sil dh iy s ih k iy eh l m f ao r s m z n ih r l iy ow v er w aa n b ah d eh ch eh l m t ih z iy z sil 
LOG (lattice-best-path[5.5.141~1-40a9d]:main():lattice-best-path.cc:99) For utterance usctimit_ema_f5_424, best cost 106.398 + 4196.14 = 4302.54 over 379 frames.
usctimit_ema_f5_424 sil t iy p iy p ah l l ih t d ih b iy ah n d er ih d sil 
LOG (lattice-best-path[5.5.141~1-40a9d]:main():lattice-best-path.cc:99) For utterance usctimit_ema_f5_426, best cost 152.996 + 4349.17 = 4502.16 over 335 frames.
usctimit_ema_f5_426 sil iy iy z iy g ow ih z uw ao l ah jh ih s r iy aa t sil w iy iy z iy k ow ah n z 
LOG (lattice-best-path[5.5.141~1-40a9d]:main():lattice-best-path.cc:99) For utterance usctimit_ema_f5_431, best cost 177.623 + 5025.35 = 5202.97 over 427 frames.
usctimit_ema_f5_431 sil n aa n p aa f ah d ao r k n ih z ey sh ah n z eh f r iy k ah n f ah n r iy z er z sil 
LOG (lattice-best-path[5.5.141~1-40a9d]:main():lattice-best-path.cc:99) For utterance usctimit_ema_f5_436, best cost 153.422 + 4899.27 = 5052.69 over 405 frames.
usctimit_ema_f5_436 sil hh er b s p er th t ey f r iy k l l iy ih k er z aa n ih v ih ng sil 
LOG (lattice-best-path[5.5.141~1-40a9d]:main():lattice-best-path.cc:99) For utterance usctimit_ema_f5_438, best cost 224.639 + 5901.7 = 6126.34 over 498 frames.
usctimit_ema_f5_438 sil w iy ah p l ay ah ao r d ih jh ao r ey m ao ih l iy d t ah k ah n p iy d er s p iy ch p r eh k m b ih ih sh ah n sil 
LOG (lattice-best-path[5.5.141~1-40a9d]:main():lattice-best-path.cc:99) For utterance usctimit_ema_f5_447, best cost 217.45 + 6336.36 = 6553.81 over 536 frames.
usctimit_ema_f5_447 sil g r ow m ah n d ah s iy eh t ih n ah dh er ih k s ay d iy m uw v iy b ay s t iy d ah n s uw l b er t sil 
LOG (lattice-best-path[5.5.141~1-40a9d]:main():lattice-best-path.cc:99) For utterance usctimit_ema_f5_451, best cost 177.642 + 6735.32 = 6912.96 over 533 frames.
usctimit_ema_f5_451 sil ch ah l d r n k n s uw m ah n iy f r uw r ow l ah t s ah m ah n s ih t ih ng sil 
LOG (lattice-best-path[5.5.141~1-40a9d]:main():lattice-best-path.cc:99) For utterance usctimit_ema_m1_006, best cost 121.852 + 4462.98 = 4584.84 over 381 frames.
usctimit_ema_m1_006 sil w ah l y eh l er w er iy r f r ah s ah l iy ay d ah m z sil 
LOG (lattice-best-path[5.5.141~1-40a9d]:main():lattice-best-path.cc:99) For utterance usctimit_ema_m1_010, best cost 107.761 + 3397.63 = 3505.39 over 306 frames.
usctimit_ema_m1_010 sil w ih l r aa b ih n w eh r y iy ah l ow l ih l iy sil 
LOG (lattice-best-path[5.5.141~1-40a9d]:main():lattice-best-path.cc:99) For utterance usctimit_ema_m1_012, best cost 159.377 + 5330.58 = 5489.96 over 456 frames.
usctimit_ema_m1_012 sil sil f ao r th er s t ih z ih k s ae m r v y uw eh v r iy f ao r m l ah sil 
LOG (lattice-best-path[5.5.141~1-40a9d]:main():lattice-best-path.cc:99) For utterance usctimit_ema_m1_051, best cost 177.08 + 5002.56 = 5179.64 over 421 frames.
usctimit_ema_m1_051 sil ih iy k ay v k er b iy uw sh ah n d ah b ow b iy k r ey t l iy ah p r ih sh iy ih ey d d sil 
LOG (lattice-best-path[5.5.141~1-40a9d]:main():lattice-best-path.cc:99) For utterance usctimit_ema_m1_090, best cost 131.012 + 4191.42 = 4322.43 over 356 frames.
usctimit_ema_m1_090 sil uw m ah s t ih k s p l ih s ah t l iy b ih l iy t f aa ay l z sil 
LOG (lattice-best-path[5.5.141~1-40a9d]:main():lattice-best-path.cc:99) For utterance usctimit_ema_m1_095, best cost 161.37 + 4917.84 = 5079.21 over 420 frames.
usctimit_ema_m1_095 sil dh iy b eh s w ey ch ih l ao r ah ah s s ah s aa l ch t er p r aa b l ah m z sil 
LOG (lattice-best-path[5.5.141~1-40a9d]:main():lattice-best-path.cc:99) For utterance usctimit_ema_m1_098, best cost 130.221 + 4761.71 = 4891.93 over 421 frames.
usctimit_ema_m1_098 sil ah m ah s k y ah l er ae d ah n ih s k uw d f er iy r b ae k sil 
LOG (lattice-best-path[5.5.141~1-40a9d]:main():lattice-best-path.cc:99) For utterance usctimit_ema_m1_099, best cost 156.639 + 5516.56 = 5673.2 over 495 frames.
usctimit_ema_m1_099 sil dh iy k aa r t uw n f iy ch er z ah m ah s k r ae t k n ah t t ae b p ah l sil 
LOG (lattice-best-path[5.5.141~1-40a9d]:main():lattice-best-path.cc:99) For utterance usctimit_ema_m1_137, best cost 191.311 + 5756.45 = 5947.76 over 499 frames.
usctimit_ema_m1_137 sil s k ah l ae s th ih k ae p t ah t uw t ih z jh eh jh b ay s t ae n d er t ay z t ae s t s sil 
LOG (lattice-best-path[5.5.141~1-40a9d]:main():lattice-best-path.cc:99) For utterance usctimit_ema_m1_139, best cost 178.336 + 6267.24 = 6445.58 over 571 frames.
usctimit_ema_m1_139 sil uw w ao v er k ah n t ey n t uw m ah ch k l ao r iy n ah n s t aa ng hh ih z aa ay z sil 
LOG (lattice-best-path[5.5.141~1-40a9d]:main():lattice-best-path.cc:99) For utterance usctimit_ema_m1_145, best cost 218.263 + 6400.23 = 6618.49 over 546 frames.
usctimit_ema_m1_145 sil sil ah jh ah p r k aa sh eh n dh iy ae l b l aa z b ay t k ah m p aw t er f er dh ah s t r aa n k ow l sil sil 
LOG (lattice-best-path[5.5.141~1-40a9d]:main():lattice-best-path.cc:99) For utterance usctimit_ema_m1_158, best cost 207.764 + 6533.48 = 6741.25 over 573 frames.
usctimit_ema_m1_158 sil b ay ih ng ah f er b r er d ah hh ao r ah f er k ao er s ih n t uw w ih sh ah n ah n eh k s p er t iy z sil 
LOG (lattice-best-path[5.5.141~1-40a9d]:main():lattice-best-path.cc:99) For utterance usctimit_ema_m1_160, best cost 205.488 + 5972.61 = 6178.1 over 512 frames.
usctimit_ema_m1_160 sil sh iy ng k er jh t er ch ih l d ah n t ih m ey k t eh er ow n r hh aw l ah w iy n k aa s t uw m z sil 
LOG (lattice-best-path[5.5.141~1-40a9d]:main():lattice-best-path.cc:99) For utterance usctimit_ema_m1_162, best cost 163.787 + 5660.98 = 5824.76 over 506 frames.
usctimit_ema_m1_162 sil ow m l s t ao l k aa l ah jh ah s aa n ah ow l k ow l ih ch k ey sh ah n ah l sil 
LOG (lattice-best-path[5.5.141~1-40a9d]:main():lattice-best-path.cc:99) For utterance usctimit_ema_m1_164, best cost 103.99 + 4633.79 = 4737.78 over 407 frames.
usctimit_ema_m1_164 sil sil f ey k k l uw t d aw t ah v ih z t uw sil 
LOG (lattice-best-path[5.5.141~1-40a9d]:main():lattice-best-path.cc:99) For utterance usctimit_ema_m1_166, best cost 126.033 + 4102.86 = 4228.89 over 380 frames.
usctimit_ema_m1_166 sil dh iy k ae t s m iy ae ao l w ey z hh er t m ay iy ih er z sil 
LOG (lattice-best-path[5.5.141~1-40a9d]:main():lattice-best-path.cc:99) For utterance usctimit_ema_m1_169, best cost 104.057 + 3713.18 = 3817.23 over 346 frames.
usctimit_ema_m1_169 sil sil dh ey ao f ah n g ow aw t ih m iy iy t ih ng sil 
LOG (lattice-best-path[5.5.141~1-40a9d]:main():lattice-best-path.cc:99) For utterance usctimit_ema_m1_179, best cost 119.564 + 4033.87 = 4153.44 over 365 frames.
usctimit_ema_m1_179 sil sil d r ao g iy ch g r ae f ah n ah n uw er ae k s ah s sil 
LOG (lattice-best-path[5.5.141~1-40a9d]:main():lattice-best-path.cc:99) For utterance usctimit_ema_m1_183, best cost 146.19 + 5998.28 = 6144.47 over 544 frames.
usctimit_ema_m1_183 sil ah p r ih ch er d t er v iy w ih s t ae ch uw eh s k ah m p ow jh er sil 
LOG (lattice-best-path[5.5.141~1-40a9d]:main():lattice-best-path.cc:99) For utterance usctimit_ema_m1_193, best cost 192.776 + 6128.38 = 6321.16 over 545 frames.
usctimit_ema_m1_193 sil ay g ih v ae n s eh r v r ow ch oy iy s ih z ah m l ih p eh n t eh p ah p r ay ao r t iy z sil 
LOG (lattice-best-path[5.5.141~1-40a9d]:main():lattice-best-path.cc:99) For utterance usctimit_ema_m1_204, best cost 91.548 + 3728.75 = 3820.3 over 353 frames.
usctimit_ema_m1_204 sil hh aa g ah d ih z y uh r n d er ah n s sil 
LOG (lattice-best-path[5.5.141~1-40a9d]:main():lattice-best-path.cc:99) For utterance usctimit_ema_m1_209, best cost 110.661 + 3758.58 = 3869.24 over 352 frames.
usctimit_ema_m1_209 sil sil ay d ih l ah k ih n f er ah m p l oy n ah n t sil sil 
LOG (lattice-best-path[5.5.141~1-40a9d]:main():lattice-best-path.cc:99) For utterance usctimit_ema_m1_224, best cost 127.646 + 4569.72 = 4697.36 over 406 frames.
usctimit_ema_m1_224 sil sil ay ih uw t ah v r iy oy s t r er ah n ao er z p l ey t sil 
LOG (lattice-best-path[5.5.141~1-40a9d]:main():lattice-best-path.cc:99) For utterance usctimit_ema_m1_229, best cost 146.246 + 4402.72 = 4548.96 over 395 frames.
usctimit_ema_m1_229 sil m ay ay d iy ow m ao r d ih ng b iy g ih n z w ih hh aa t k aa f iy sil 
LOG (lattice-best-path[5.5.141~1-40a9d]:main():lattice-best-path.cc:99) For utterance usctimit_ema_m1_237, best cost 142.604 + 5188.4 = 5331 over 450 frames.
usctimit_ema_m1_237 sil w iy s ao t iy p t ay n iy ay s ah k ah l z b ah l ow er r uw f sil sil 
LOG (lattice-best-path[5.5.141~1-40a9d]:main():lattice-best-path.cc:99) For utterance usctimit_ema_m1_265, best cost 192.272 + 5361.83 = 5554.1 over 470 frames.
usctimit_ema_m1_265 sil p l iy z t ey k ih s t d er t iy t eh b ah l k l aa s t s ih dh ah k r iy n ih er s f ao r m iy sil 
LOG (lattice-best-path[5.5.141~1-40a9d]:main():lattice-best-path.cc:99) For utterance usctimit_ema_m1_269, best cost 170.766 + 5323.85 = 5494.62 over 491 frames.
usctimit_ema_m1_269 sil ay b r ae dh er n aa t b ay dh ow z sh uw z dh ah n b iy ow v er ch aa er g jh t sil 
LOG (lattice-best-path[5.5.141~1-40a9d]:main():lattice-best-path.cc:99) For utterance usctimit_ema_m1_277, best cost 103.682 + 3625.56 = 3729.25 over 337 frames.
usctimit_ema_m1_277 sil sil dh iy m iy t ih ng ih z n aw ah jh er z n d sil 
LOG (lattice-best-path[5.5.141~1-40a9d]:main():lattice-best-path.cc:99) For utterance usctimit_ema_m1_302, best cost 253.866 + 8309.85 = 8563.71 over 706 frames.
usctimit_ema_m1_302 sil ah t ah l l d sil ah t ah n ah t eh l t m ey l b ah b uw n z t iy t ah n aa t s ih t ah b ah l f r iy iy d ih ng sh eh l f ih jh sil 
LOG (lattice-best-path[5.5.141~1-40a9d]:main():lattice-best-path.cc:99) For utterance usctimit_ema_m1_303, best cost 132.501 + 4559.62 = 4692.12 over 415 frames.
usctimit_ema_m1_303 sil ow l f ah n d iy g eh t b ae k m ao r dh ih n iy p ah t ih n sil 
LOG (lattice-best-path[5.5.141~1-40a9d]:main():lattice-best-path.cc:99) For utterance usctimit_ema_m1_317, best cost 234.626 + 8059.99 = 8294.62 over 731 frames.
usctimit_ema_m1_317 sil sil m eh n iy w eh l f iy t ay k uw n z s p l er jh t ah n b aa t p ow l f dh ih g y aa t ah n d ah s k uw d er sil 
LOG (lattice-best-path[5.5.141~1-40a9d]:main():lattice-best-path.cc:99) For utterance usctimit_ema_m1_320, best cost 166.357 + 5197.67 = 5364.02 over 468 frames.
usctimit_ema_m1_320 sil dh iy k aa m ah s ow ao r w ih l ih n jh ow oy dh ih z sh ih l f ih sh d ih sh sil 
LOG (lattice-best-path[5.5.141~1-40a9d]:main():lattice-best-path.cc:99) For utterance usctimit_ema_m1_322, best cost 151.921 + 4586.35 = 4738.27 over 422 frames.
usctimit_ema_m1_322 sil sil d ow l f ah n s ow r ah n t eh l ah jh ah n t m r iy n b ae m ah l z sil 
LOG (lattice-best-path[5.5.141~1-40a9d]:main():lattice-best-path.cc:99) For utterance usctimit_ema_m1_336, best cost 188.737 + 5444.78 = 5633.51 over 475 frames.
usctimit_ema_m1_336 sil dh ah ah n oy z p r aa v ah l m n g ow z p m g r ow z m ao r ah n oy ih ng iy ch t ey iy 
LOG (lattice-best-path[5.5.141~1-40a9d]:main():lattice-best-path.cc:99) For utterance usctimit_ema_m1_338, best cost 161.315 + 5616.17 = 5777.48 over 511 frames.
usctimit_ema_m1_338 sil t ae t d ay g r ae m ey k s eh n z ao ow n l iy ae f r r m ah t s t eh t iy 
LOG (lattice-best-path[5.5.141~1-40a9d]:main():lattice-best-path.cc:99) For utterance usctimit_ema_m1_340, best cost 127.298 + 3556.47 = 3683.77 over 316 frames.
usctimit_ema_m1_340 sil sil jh ow ah n k l iy n sh eh l f ih sh f ao r l ih d ih ng sil 
LOG (lattice-best-path[5.5.141~1-40a9d]:main():lattice-best-path.cc:99) For utterance usctimit_ema_m1_344, best cost 147.806 + 4881.2 = 5029.01 over 454 frames.
usctimit_ema_m1_344 sil sil p ae m k iy ah s t r ay v ih ng w eh s ah n z ow th er z t ey z sil 
LOG (lattice-best-path[5.5.141~1-40a9d]:main():lattice-best-path.cc:99) For utterance usctimit_ema_m1_347, best cost 176.904 + 5393.33 = 5570.24 over 467 frames.
usctimit_ema_m1_347 sil t ao r jh ih z p eh r n ow oy d ih b aw t ah f y uw t r iy g ae s sh ao r d ih jh 
LOG (lattice-best-path[5.5.141~1-40a9d]:main():lattice-best-path.cc:99) For utterance usctimit_ema_m1_350, best cost 142.074 + 3816.83 = 3958.91 over 337 frames.
usctimit_ema_m1_350 sil hh ih sh sh ow l d er f eh l th ih z ih t er w er b r ow k ah n sil 
LOG (lattice-best-path[5.5.141~1-40a9d]:main():lattice-best-path.cc:99) For utterance usctimit_ema_m1_360, best cost 224.476 + 5886.66 = 6111.13 over 500 frames.
usctimit_ema_m1_360 sil dh iy f r ih sh b ih g ae n z eh l dh l iy p f r eh n t ih k l iy ao n dh iy s er f ah s ah dh iy s m ah l ey k sil 
LOG (lattice-best-path[5.5.141~1-40a9d]:main():lattice-best-path.cc:99) For utterance usctimit_ema_m1_361, best cost 133.662 + 4411.52 = 4545.19 over 383 frames.
usctimit_ema_m1_361 t ih n t ey s sh iy l ah t ih s iy m uw v iy s ch w ah s uw w iy t 
LOG (lattice-best-path[5.5.141~1-40a9d]:main():lattice-best-path.cc:99) For utterance usctimit_ema_m1_367, best cost 155.272 + 5386.21 = 5541.48 over 492 frames.
usctimit_ema_m1_367 sil b aa r b er p ey p er eh m l iy iy d s ih n ah b ih g b aa n f ay er sil 
LOG (lattice-best-path[5.5.141~1-40a9d]:main():lattice-best-path.cc:99) For utterance usctimit_ema_m1_368, best cost 166.727 + 5334.39 = 5501.12 over 474 frames.
usctimit_ema_m1_368 sil ah v k ao r sh uw k ah n hh ae v ah n ah l er d t uw th ih sh z ae n t w ih t jh 
LOG (lattice-best-path[5.5.141~1-40a9d]:main():lattice-best-path.cc:99) For utterance usctimit_ema_m1_375, best cost 178.904 + 5305.69 = 5484.59 over 464 frames.
usctimit_ema_m1_375 sil ay r ih sh y ow n k s t er s iy iy t f er sh t ih p er r s f er b r eh k f ah s t sil 
LOG (lattice-best-path[5.5.141~1-40a9d]:main():lattice-best-path.cc:99) For utterance usctimit_ema_m1_394, best cost 204.632 + 6201.35 = 6405.98 over 547 frames.
usctimit_ema_m1_394 sil sil dh ey y uw z ah n ah g r eh s ah v p ah l iy s m ah n t uw f l ay k f aa b dh iy s m ow d er s sil 
LOG (lattice-best-path[5.5.141~1-40a9d]:main():lattice-best-path.cc:99) For utterance usctimit_ema_m1_400, best cost 148.65 + 4424.99 = 4573.64 over 382 frames.
usctimit_ema_m1_400 sil w ah z dh ih s l aa r ch th ih ng b ay dh iy aa ay er n ih ng v ao r d 
LOG (lattice-best-path[5.5.141~1-40a9d]:main():lattice-best-path.cc:99) For utterance usctimit_ema_m1_432, best cost 72.7434 + 3086.43 = 3159.17 over 285 frames.
usctimit_ema_m1_432 sil ay l aw l iy w ey hh y ih er sil 
LOG (lattice-best-path[5.5.141~1-40a9d]:main():lattice-best-path.cc:99) For utterance usctimit_ema_m3_010, best cost 92.7534 + 3639.74 = 3732.49 over 327 frames.
usctimit_ema_m3_010 sil w ow er aa b ah w eh r y ih l ih l iy sil 
LOG (lattice-best-path[5.5.141~1-40a9d]:main():lattice-best-path.cc:99) For utterance usctimit_ema_m3_044, best cost 152.748 + 5678.21 = 5830.96 over 472 frames.
usctimit_ema_m3_044 sil dh iy l ae k ah g iy k ah b t aa ih d ah t eh n ah n s r iy t ah d s ah z sil 
LOG (lattice-best-path[5.5.141~1-40a9d]:main():lattice-best-path.cc:99) For utterance usctimit_ema_m3_068, best cost 133.382 + 4964.74 = 5098.12 over 441 frames.
usctimit_ema_m3_068 sil ih t s ih n p aa s ah l ah d y uw w ih t b y uh aa k r ih s iy 
LOG (lattice-best-path[5.5.141~1-40a9d]:main():lattice-best-path.cc:99) For utterance usctimit_ema_m3_071, best cost 185.079 + 5371.67 = 5556.75 over 439 frames.
usctimit_ema_m3_071 sil k w aa p er ey sh ah l ao ng th eh n er s t ae n d ih ng l iy v iy ey t uw s p y uw t 
LOG (lattice-best-path[5.5.141~1-40a9d]:main():lattice-best-path.cc:99) For utterance usctimit_ema_m3_080, best cost 132.88 + 5474.73 = 5607.61 over 411 frames.
usctimit_ema_m3_080 sil ih g l aa t ah z ah n ae l ih dh iy ah d er z r t r aa p ah s sil 
LOG (lattice-best-path[5.5.141~1-40a9d]:main():lattice-best-path.cc:99) For utterance usctimit_ema_m3_101, best cost 131.611 + 3768.34 = 3899.95 over 307 frames.
usctimit_ema_m3_101 sil k l ae f dh ih s k er r uw w ih n ih ah l ao f t hh ae n d t sil 
LOG (lattice-best-path[5.5.141~1-40a9d]:main():lattice-best-path.cc:99) For utterance usctimit_ema_m3_113, best cost 125.216 + 4459.58 = 4584.79 over 382 frames.
usctimit_ema_m3_113 sil l aa p s ih f ao er m uw v iy z hh ah s ah b t ay n ah l z 
LOG (lattice-best-path[5.5.141~1-40a9d]:main():lattice-best-path.cc:99) For utterance usctimit_ema_m3_129, best cost 159.1 + 4741.36 = 4900.46 over 411 frames.
usctimit_ema_m3_129 sil t uw m ah ch k y r iy ae s ih iy k ih n g ih g y uw ih n d ah t r ah v ah l sil 
LOG (lattice-best-path[5.5.141~1-40a9d]:main():lattice-best-path.cc:99) For utterance usctimit_ema_m3_141, best cost 147.18 + 4275.8 = 4422.98 over 354 frames.
usctimit_ema_m3_141 sil r ih m uw v dh ih s p l ih n t er w ih th ih p eh r t w iy s ah r z sil 
LOG (lattice-best-path[5.5.141~1-40a9d]:main():lattice-best-path.cc:99) For utterance usctimit_ema_m3_147, best cost 152.015 + 5068.14 = 5220.15 over 438 frames.
usctimit_ema_m3_147 sil sil dh eh r ih m ey n l ey f l ao ng f r ae n z ah k ah b ae n y ah n z 
LOG (lattice-best-path[5.5.141~1-40a9d]:main():lattice-best-path.cc:99) For utterance usctimit_ema_m3_192, best cost 155.044 + 5097.51 = 5252.55 over 428 frames.
usctimit_ema_m3_192 sil ah l iy dh iy b eh s p l ih r s ah n jh oy eh p aa p d ah l eh r t iy sil sil 
LOG (lattice-best-path[5.5.141~1-40a9d]:main():lattice-best-path.cc:99) For utterance usctimit_ema_m3_203, best cost 140.274 + 4779.39 = 4919.66 over 419 frames.
usctimit_ema_m3_203 sil p w ih t dh iy b ah t er b l ae k t ey b ah l ah m ih k er aa zh sil 
LOG (lattice-best-path[5.5.141~1-40a9d]:main():lattice-best-path.cc:99) For utterance usctimit_ema_m3_260, best cost 186.879 + 5223.58 = 5410.46 over 446 frames.
usctimit_ema_m3_260 sil b r aa sh f ay er z aa r k aa m ah n ah d r ay aa ng t er b r ow sh ah v n ah v ae d ah sil 
LOG (lattice-best-path[5.5.141~1-40a9d]:main():lattice-best-path.cc:99) For utterance usctimit_ema_m3_267, best cost 184.735 + 6029.34 = 6214.08 over 519 frames.
usctimit_ema_m3_267 sil ih f k eh eh aa k ah m s ah m ao er ow l b p ae v er r ey n jh ih m iy d iy ng ih t t uw sil 
LOG (lattice-best-path[5.5.141~1-40a9d]:main():lattice-best-path.cc:99) For utterance usctimit_ema_m3_282, best cost 210.359 + 7777.76 = 7988.11 over 657 frames.
usctimit_ema_m3_282 sil dh iy ae n t er z ah l b iy s t r ih f ao r t ah k iy th ih ng k dh ih m t t er k eh r f ah l iy f er s t 
LOG (lattice-best-path[5.5.141~1-40a9d]:main():lattice-best-path.cc:99) For utterance usctimit_ema_m3_300, best cost 146.085 + 5217.12 = 5363.2 over 450 frames.
usctimit_ema_m3_300 sil dh iy b ih g d aa w l l t t ah t uw ao n iy ow l d r ay g d ao l sil 
LOG (lattice-best-path[5.5.141~1-40a9d]:main():lattice-best-path.cc:99) For utterance usctimit_ema_m3_316, best cost 252.181 + 6886.45 = 7138.63 over 569 frames.
usctimit_ema_m3_316 sil dh iy p r iy s k uw aa r k ah n b er b ah l ao ih s er f y ah l ih ng z ah v aa t dh iy ah m er jh ah n s iy k ih n d ih sh ah n s sil 
LOG (lattice-best-path[5.5.141~1-40a9d]:main():lattice-best-path.cc:99) For utterance usctimit_ema_m3_320, best cost 138.858 + 5281.16 = 5420.02 over 447 frames.
usctimit_ema_m3_320 sil ah k aa s ah ao er l ah n d jh oy dh ih sh eh l f ih sh d ih zh sil 
LOG (lattice-best-path[5.5.141~1-40a9d]:main():lattice-best-path.cc:99) For utterance usctimit_ema_m3_335, best cost 164.743 + 5538.26 = 5703 over 449 frames.
usctimit_ema_m3_335 sil b aa b t ey p er t ow z ah t k b ah w er dh ih l ah th iy r uw m ih er ah l z sil 
LOG (lattice-best-path[5.5.141~1-40a9d]:main():lattice-best-path.cc:99) For utterance usctimit_ema_m3_336, best cost 142.811 + 4563.03 = 4705.85 over 372 frames.
usctimit_ema_m3_336 sil dh eh n oy z p aa b ah m g r ow z m ao r n ow ih ng iy ch d ey sil 
LOG (lattice-best-path[5.5.141~1-40a9d]:main():lattice-best-path.cc:99) For utterance usctimit_ema_m3_338, best cost 157.685 + 5747.23 = 5904.91 over 500 frames.
usctimit_ema_m3_338 sil dh eh d d ay ah r ey m ey k s ah n s ah l iy ae f t r ah m ah ch d eh t iy sil 
LOG (lattice-best-path[5.5.141~1-40a9d]:main():lattice-best-path.cc:99) For utterance usctimit_ema_m3_339, best cost 135.218 + 4820 = 4955.22 over 423 frames.
usctimit_ema_m3_339 sil ah b ao r ih n aa v ah l uw s ah p er b s l iy p ih ng p ih l sil 
LOG (lattice-best-path[5.5.141~1-40a9d]:main():lattice-best-path.cc:99) For utterance usctimit_ema_m3_357, best cost 169.474 + 5577.52 = 5746.99 over 462 frames.
usctimit_ema_m3_357 ah iy aa m ae s k iy ah p er d ih k r aa s dh ah z t iy l d ih s ah p iy ih r d sil sil sil 
LOG (lattice-best-path[5.5.141~1-40a9d]:main():lattice-best-path.cc:99) For utterance usctimit_ema_m3_359, best cost 130.543 + 4605.4 = 4735.94 over 389 frames.
usctimit_ema_m3_359 sil k eh l s iy ah m ey t uw b ow n s ah n t iy t s r ao l d sil 
LOG (lattice-best-path[5.5.141~1-40a9d]:main():lattice-best-path.cc:99) For utterance usctimit_ema_m3_379, best cost 167.932 + 5678.94 = 5846.87 over 477 frames.
usctimit_ema_m3_379 sil ay r ih s ih ng k s ih z uw ih z ah l eh t ah n s p eh n ih sh s iy p r eh z sil sil 
LOG (lattice-best-path[5.5.141~1-40a9d]:main():lattice-best-path.cc:99) For utterance usctimit_ema_m3_385, best cost 116.756 + 4098.19 = 4214.95 over 354 frames.
usctimit_ema_m3_385 eh v r ih k ae b n iy t r iy p ey n t ih g ah ao f ah n sil 
LOG (lattice-best-path[5.5.141~1-40a9d]:main():lattice-best-path.cc:99) For utterance usctimit_ema_m3_390, best cost 179.125 + 5180.82 = 5359.95 over 428 frames.
usctimit_ema_m3_390 sil dh iy ow v er r ey ch aa r m r ih k ah d s l ih p oy z m ah n d eh n iy w ah n z t iy iy 
LOG (lattice-best-path[5.5.141~1-40a9d]:main():lattice-best-path.cc:99) For utterance usctimit_ema_m3_423, best cost 181.528 + 6042.74 = 6224.27 over 495 frames.
usctimit_ema_m3_423 sil k uw k ow s ah n f r ih k t ow s er n ae ch ah l sh eh uw er sh aw n d ah d f r iy t sil 
LOG (lattice-best-path[5.5.141~1-40a9d]:main():lattice-best-path.cc:99) For utterance usctimit_ema_m3_434, best cost 79.0164 + 3256.26 = 3335.28 over 285 frames.
usctimit_ema_m3_434 sil r ae sh l ay ah z ao l ih er z sil 
LOG (lattice-best-path[5.5.141~1-40a9d]:main():lattice-best-path.cc:99) For utterance usctimit_ema_m3_438, best cost 194.51 + 5952.32 = 6146.83 over 495 frames.
usctimit_ema_m3_438 sil w iy p l ay aa t ah ch aa r d m aa v ah l ih ng t uw p ih p iy t er s b iy t r k n ih sh ah n sil 
LOG (lattice-best-path[5.5.141~1-40a9d]:main():lattice-best-path.cc:99) For utterance usctimit_ema_m3_442, best cost 142.614 + 4678.52 = 4821.13 over 404 frames.
usctimit_ema_m3_442 sil w ih l ay t b l iy ch iy t ih s b ah b ih k d er l ay k s p r iy sil 
LOG (lattice-scale[5.5.141~1-40a9d]:main():lattice-scale.cc:107) Done 183 lattices.
LOG (lattice-best-path[5.5.141~1-40a9d]:main():lattice-best-path.cc:99) For utterance usctimit_ema_m3_444, best cost 227.22 + 7144.63 = 7371.85 over 603 frames.
usctimit_ema_m3_444 sil r aa b n ey d eh n g eh r ey n g uw l aa sh r b ih n er uw ah n d uw s p eh r iy p ay ah f er t ih z er t sil sil 
LOG (lattice-best-path[5.5.141~1-40a9d]:main():lattice-best-path.cc:99) For utterance usctimit_ema_m3_457, best cost 214.422 + 6513.43 = 6727.85 over 560 frames.
usctimit_ema_m3_457 sil k aa f iy ah s d r ow n ah n s t iy d jh eh m b ah l ay k s s l ow p s ah n t eh m b r ih t s ow n z sil 
LOG (lattice-add-penalty[5.5.141~1-40a9d]:main():lattice-add-penalty.cc:62) Done adding word insertion penalty to 183 lattices.
LOG (lattice-best-path[5.5.141~1-40a9d]:main():lattice-best-path.cc:99) For utterance usctimit_ema_m3_458, best cost 183.793 + 6271.51 = 6455.3 over 535 frames.
usctimit_ema_m3_458 sil dh eh t s t d iy ng b ey p er w ao z k aa z b ay k l er ay d ey p r ih s ey sh ah sil 
LOG (lattice-best-path[5.5.141~1-40a9d]:main():lattice-best-path.cc:99) For utterance usctimit_ema_m3_460, best cost 105.591 + 5654.02 = 5759.61 over 497 frames.
usctimit_ema_m3_460 sil w ih ch dh iy eh r sh ow z m ah dh ey b uw s sil 
LOG (lattice-best-path[5.5.141~1-40a9d]:main():lattice-best-path.cc:124) Overall cost per frame is 11.8874 = 0.353704 [graph] + 11.5337 [acoustic] over 81821 frames.
LOG (lattice-best-path[5.5.141~1-40a9d]:main():lattice-best-path.cc:128) Done 183 lattices, failed for 0
# Accounting: time=2 threads=1
# Ended (code 0) at Mon Dec 24 20:19:19 EET 2018, elapsed time 2 seconds
