# compute-mfcc-feats --verbose=2 --config=conf/mfcc.conf scp,p:exp/make_mfcc/train/wav_train.2.scp ark:- | copy-feats --compress=true ark:- ark,scp:/home/stathis/Desktop/kaldi/egs/usc/mfcc/raw_mfcc_train.2.ark,/home/stathis/Desktop/kaldi/egs/usc/mfcc/raw_mfcc_train.2.scp 
# Started at Mon Dec 24 04:31:11 EET 2018
#
copy-feats --compress=true ark:- ark,scp:/home/stathis/Desktop/kaldi/egs/usc/mfcc/raw_mfcc_train.2.ark,/home/stathis/Desktop/kaldi/egs/usc/mfcc/raw_mfcc_train.2.scp 
compute-mfcc-feats --verbose=2 --config=conf/mfcc.conf scp,p:exp/make_mfcc/train/wav_train.2.scp ark:- 
VLOG[2] (compute-mfcc-feats[5.5.141~1-40a9d]:main():compute-mfcc-feats.cc:173) Processed features for key usctimit_ema_f5_003
VLOG[2] (compute-mfcc-feats[5.5.141~1-40a9d]:main():compute-mfcc-feats.cc:173) Processed features for key usctimit_ema_f5_004
VLOG[2] (compute-mfcc-feats[5.5.141~1-40a9d]:main():compute-mfcc-feats.cc:173) Processed features for key usctimit_ema_f5_005
VLOG[2] (compute-mfcc-feats[5.5.141~1-40a9d]:main():compute-mfcc-feats.cc:173) Processed features for key usctimit_ema_f5_006
VLOG[2] (compute-mfcc-feats[5.5.141~1-40a9d]:main():compute-mfcc-feats.cc:173) Processed features for key usctimit_ema_f5_007
VLOG[2] (compute-mfcc-feats[5.5.141~1-40a9d]:main():compute-mfcc-feats.cc:173) Processed features for key usctimit_ema_f5_008
VLOG[2] (compute-mfcc-feats[5.5.141~1-40a9d]:main():compute-mfcc-feats.cc:173) Processed features for key usctimit_ema_f5_010
VLOG[2] (compute-mfcc-feats[5.5.141~1-40a9d]:main():compute-mfcc-feats.cc:173) Processed features for key usctimit_ema_f5_012
VLOG[2] (compute-mfcc-feats[5.5.141~1-40a9d]:main():compute-mfcc-feats.cc:173) Processed features for key usctimit_ema_f5_013
LOG (compute-mfcc-feats[5.5.141~1-40a9d]:main():compute-mfcc-feats.cc:172) Processed 10 utterances
VLOG[2] (compute-mfcc-feats[5.5.141~1-40a9d]:main():compute-mfcc-feats.cc:173) Processed features for key usctimit_ema_f5_014
VLOG[2] (compute-mfcc-feats[5.5.141~1-40a9d]:main():compute-mfcc-feats.cc:173) Processed features for key usctimit_ema_f5_015
VLOG[2] (compute-mfcc-feats[5.5.141~1-40a9d]:main():compute-mfcc-feats.cc:173) Processed features for key usctimit_ema_f5_016
VLOG[2] (compute-mfcc-feats[5.5.141~1-40a9d]:main():compute-mfcc-feats.cc:173) Processed features for key usctimit_ema_f5_018
VLOG[2] (compute-mfcc-feats[5.5.141~1-40a9d]:main():compute-mfcc-feats.cc:173) Processed features for key usctimit_ema_f5_020
VLOG[2] (compute-mfcc-feats[5.5.141~1-40a9d]:main():compute-mfcc-feats.cc:173) Processed features for key usctimit_ema_f5_021
VLOG[2] (compute-mfcc-feats[5.5.141~1-40a9d]:main():compute-mfcc-feats.cc:173) Processed features for key usctimit_ema_f5_022
VLOG[2] (compute-mfcc-feats[5.5.141~1-40a9d]:main():compute-mfcc-feats.cc:173) Processed features for key usctimit_ema_f5_023
VLOG[2] (compute-mfcc-feats[5.5.141~1-40a9d]:main():compute-mfcc-feats.cc:173) Processed features for key usctimit_ema_f5_024
VLOG[2] (compute-mfcc-feats[5.5.141~1-40a9d]:main():compute-mfcc-feats.cc:173) Processed features for key usctimit_ema_f5_025
LOG (compute-mfcc-feats[5.5.141~1-40a9d]:main():compute-mfcc-feats.cc:172) Processed 20 utterances
VLOG[2] (compute-mfcc-feats[5.5.141~1-40a9d]:main():compute-mfcc-feats.cc:173) Processed features for key usctimit_ema_f5_026
VLOG[2] (compute-mfcc-feats[5.5.141~1-40a9d]:main():compute-mfcc-feats.cc:173) Processed features for key usctimit_ema_f5_027
VLOG[2] (compute-mfcc-feats[5.5.141~1-40a9d]:main():compute-mfcc-feats.cc:173) Processed features for key usctimit_ema_f5_028
VLOG[2] (compute-mfcc-feats[5.5.141~1-40a9d]:main():compute-mfcc-feats.cc:173) Processed features for key usctimit_ema_f5_029
VLOG[2] (compute-mfcc-feats[5.5.141~1-40a9d]:main():compute-mfcc-feats.cc:173) Processed features for key usctimit_ema_f5_030
VLOG[2] (compute-mfcc-feats[5.5.141~1-40a9d]:main():compute-mfcc-feats.cc:173) Processed features for key usctimit_ema_f5_031
VLOG[2] (compute-mfcc-feats[5.5.141~1-40a9d]:main():compute-mfcc-feats.cc:173) Processed features for key usctimit_ema_f5_032
VLOG[2] (compute-mfcc-feats[5.5.141~1-40a9d]:main():compute-mfcc-feats.cc:173) Processed features for key usctimit_ema_f5_033
VLOG[2] (compute-mfcc-feats[5.5.141~1-40a9d]:main():compute-mfcc-feats.cc:173) Processed features for key usctimit_ema_f5_034
VLOG[2] (compute-mfcc-feats[5.5.141~1-40a9d]:main():compute-mfcc-feats.cc:173) Processed features for key usctimit_ema_f5_035
LOG (compute-mfcc-feats[5.5.141~1-40a9d]:main():compute-mfcc-feats.cc:172) Processed 30 utterances
VLOG[2] (compute-mfcc-feats[5.5.141~1-40a9d]:main():compute-mfcc-feats.cc:173) Processed features for key usctimit_ema_f5_037
VLOG[2] (compute-mfcc-feats[5.5.141~1-40a9d]:main():compute-mfcc-feats.cc:173) Processed features for key usctimit_ema_f5_038
VLOG[2] (compute-mfcc-feats[5.5.141~1-40a9d]:main():compute-mfcc-feats.cc:173) Processed features for key usctimit_ema_f5_040
VLOG[2] (compute-mfcc-feats[5.5.141~1-40a9d]:main():compute-mfcc-feats.cc:173) Processed features for key usctimit_ema_f5_041
VLOG[2] (compute-mfcc-feats[5.5.141~1-40a9d]:main():compute-mfcc-feats.cc:173) Processed features for key usctimit_ema_f5_042
VLOG[2] (compute-mfcc-feats[5.5.141~1-40a9d]:main():compute-mfcc-feats.cc:173) Processed features for key usctimit_ema_f5_044
VLOG[2] (compute-mfcc-feats[5.5.141~1-40a9d]:main():compute-mfcc-feats.cc:173) Processed features for key usctimit_ema_f5_045
VLOG[2] (compute-mfcc-feats[5.5.141~1-40a9d]:main():compute-mfcc-feats.cc:173) Processed features for key usctimit_ema_f5_046
VLOG[2] (compute-mfcc-feats[5.5.141~1-40a9d]:main():compute-mfcc-feats.cc:173) Processed features for key usctimit_ema_f5_047
VLOG[2] (compute-mfcc-feats[5.5.141~1-40a9d]:main():compute-mfcc-feats.cc:173) Processed features for key usctimit_ema_f5_048
LOG (compute-mfcc-feats[5.5.141~1-40a9d]:main():compute-mfcc-feats.cc:172) Processed 40 utterances
VLOG[2] (compute-mfcc-feats[5.5.141~1-40a9d]:main():compute-mfcc-feats.cc:173) Processed features for key usctimit_ema_f5_049
VLOG[2] (compute-mfcc-feats[5.5.141~1-40a9d]:main():compute-mfcc-feats.cc:173) Processed features for key usctimit_ema_f5_050
VLOG[2] (compute-mfcc-feats[5.5.141~1-40a9d]:main():compute-mfcc-feats.cc:173) Processed features for key usctimit_ema_f5_051
VLOG[2] (compute-mfcc-feats[5.5.141~1-40a9d]:main():compute-mfcc-feats.cc:173) Processed features for key usctimit_ema_f5_052
VLOG[2] (compute-mfcc-feats[5.5.141~1-40a9d]:main():compute-mfcc-feats.cc:173) Processed features for key usctimit_ema_f5_053
VLOG[2] (compute-mfcc-feats[5.5.141~1-40a9d]:main():compute-mfcc-feats.cc:173) Processed features for key usctimit_ema_f5_054
VLOG[2] (compute-mfcc-feats[5.5.141~1-40a9d]:main():compute-mfcc-feats.cc:173) Processed features for key usctimit_ema_f5_055
VLOG[2] (compute-mfcc-feats[5.5.141~1-40a9d]:main():compute-mfcc-feats.cc:173) Processed features for key usctimit_ema_f5_056
VLOG[2] (compute-mfcc-feats[5.5.141~1-40a9d]:main():compute-mfcc-feats.cc:173) Processed features for key usctimit_ema_f5_057
VLOG[2] (compute-mfcc-feats[5.5.141~1-40a9d]:main():compute-mfcc-feats.cc:173) Processed features for key usctimit_ema_f5_058
LOG (compute-mfcc-feats[5.5.141~1-40a9d]:main():compute-mfcc-feats.cc:172) Processed 50 utterances
VLOG[2] (compute-mfcc-feats[5.5.141~1-40a9d]:main():compute-mfcc-feats.cc:173) Processed features for key usctimit_ema_f5_059
VLOG[2] (compute-mfcc-feats[5.5.141~1-40a9d]:main():compute-mfcc-feats.cc:173) Processed features for key usctimit_ema_f5_060
VLOG[2] (compute-mfcc-feats[5.5.141~1-40a9d]:main():compute-mfcc-feats.cc:173) Processed features for key usctimit_ema_f5_062
VLOG[2] (compute-mfcc-feats[5.5.141~1-40a9d]:main():compute-mfcc-feats.cc:173) Processed features for key usctimit_ema_f5_063
VLOG[2] (compute-mfcc-feats[5.5.141~1-40a9d]:main():compute-mfcc-feats.cc:173) Processed features for key usctimit_ema_f5_064
VLOG[2] (compute-mfcc-feats[5.5.141~1-40a9d]:main():compute-mfcc-feats.cc:173) Processed features for key usctimit_ema_f5_065
VLOG[2] (compute-mfcc-feats[5.5.141~1-40a9d]:main():compute-mfcc-feats.cc:173) Processed features for key usctimit_ema_f5_067
VLOG[2] (compute-mfcc-feats[5.5.141~1-40a9d]:main():compute-mfcc-feats.cc:173) Processed features for key usctimit_ema_f5_069
VLOG[2] (compute-mfcc-feats[5.5.141~1-40a9d]:main():compute-mfcc-feats.cc:173) Processed features for key usctimit_ema_f5_070
VLOG[2] (compute-mfcc-feats[5.5.141~1-40a9d]:main():compute-mfcc-feats.cc:173) Processed features for key usctimit_ema_f5_072
LOG (compute-mfcc-feats[5.5.141~1-40a9d]:main():compute-mfcc-feats.cc:172) Processed 60 utterances
VLOG[2] (compute-mfcc-feats[5.5.141~1-40a9d]:main():compute-mfcc-feats.cc:173) Processed features for key usctimit_ema_f5_073
VLOG[2] (compute-mfcc-feats[5.5.141~1-40a9d]:main():compute-mfcc-feats.cc:173) Processed features for key usctimit_ema_f5_074
VLOG[2] (compute-mfcc-feats[5.5.141~1-40a9d]:main():compute-mfcc-feats.cc:173) Processed features for key usctimit_ema_f5_075
VLOG[2] (compute-mfcc-feats[5.5.141~1-40a9d]:main():compute-mfcc-feats.cc:173) Processed features for key usctimit_ema_f5_076
VLOG[2] (compute-mfcc-feats[5.5.141~1-40a9d]:main():compute-mfcc-feats.cc:173) Processed features for key usctimit_ema_f5_079
VLOG[2] (compute-mfcc-feats[5.5.141~1-40a9d]:main():compute-mfcc-feats.cc:173) Processed features for key usctimit_ema_f5_082
VLOG[2] (compute-mfcc-feats[5.5.141~1-40a9d]:main():compute-mfcc-feats.cc:173) Processed features for key usctimit_ema_f5_083
VLOG[2] (compute-mfcc-feats[5.5.141~1-40a9d]:main():compute-mfcc-feats.cc:173) Processed features for key usctimit_ema_f5_084
VLOG[2] (compute-mfcc-feats[5.5.141~1-40a9d]:main():compute-mfcc-feats.cc:173) Processed features for key usctimit_ema_f5_085
VLOG[2] (compute-mfcc-feats[5.5.141~1-40a9d]:main():compute-mfcc-feats.cc:173) Processed features for key usctimit_ema_f5_086
LOG (compute-mfcc-feats[5.5.141~1-40a9d]:main():compute-mfcc-feats.cc:172) Processed 70 utterances
VLOG[2] (compute-mfcc-feats[5.5.141~1-40a9d]:main():compute-mfcc-feats.cc:173) Processed features for key usctimit_ema_f5_087
VLOG[2] (compute-mfcc-feats[5.5.141~1-40a9d]:main():compute-mfcc-feats.cc:173) Processed features for key usctimit_ema_f5_088
VLOG[2] (compute-mfcc-feats[5.5.141~1-40a9d]:main():compute-mfcc-feats.cc:173) Processed features for key usctimit_ema_f5_089
VLOG[2] (compute-mfcc-feats[5.5.141~1-40a9d]:main():compute-mfcc-feats.cc:173) Processed features for key usctimit_ema_f5_091
VLOG[2] (compute-mfcc-feats[5.5.141~1-40a9d]:main():compute-mfcc-feats.cc:173) Processed features for key usctimit_ema_f5_092
VLOG[2] (compute-mfcc-feats[5.5.141~1-40a9d]:main():compute-mfcc-feats.cc:173) Processed features for key usctimit_ema_f5_093
VLOG[2] (compute-mfcc-feats[5.5.141~1-40a9d]:main():compute-mfcc-feats.cc:173) Processed features for key usctimit_ema_f5_095
VLOG[2] (compute-mfcc-feats[5.5.141~1-40a9d]:main():compute-mfcc-feats.cc:173) Processed features for key usctimit_ema_f5_096
VLOG[2] (compute-mfcc-feats[5.5.141~1-40a9d]:main():compute-mfcc-feats.cc:173) Processed features for key usctimit_ema_f5_097
VLOG[2] (compute-mfcc-feats[5.5.141~1-40a9d]:main():compute-mfcc-feats.cc:173) Processed features for key usctimit_ema_f5_098
LOG (compute-mfcc-feats[5.5.141~1-40a9d]:main():compute-mfcc-feats.cc:172) Processed 80 utterances
VLOG[2] (compute-mfcc-feats[5.5.141~1-40a9d]:main():compute-mfcc-feats.cc:173) Processed features for key usctimit_ema_f5_099
VLOG[2] (compute-mfcc-feats[5.5.141~1-40a9d]:main():compute-mfcc-feats.cc:173) Processed features for key usctimit_ema_f5_100
VLOG[2] (compute-mfcc-feats[5.5.141~1-40a9d]:main():compute-mfcc-feats.cc:173) Processed features for key usctimit_ema_f5_102
VLOG[2] (compute-mfcc-feats[5.5.141~1-40a9d]:main():compute-mfcc-feats.cc:173) Processed features for key usctimit_ema_f5_103
VLOG[2] (compute-mfcc-feats[5.5.141~1-40a9d]:main():compute-mfcc-feats.cc:173) Processed features for key usctimit_ema_f5_104
VLOG[2] (compute-mfcc-feats[5.5.141~1-40a9d]:main():compute-mfcc-feats.cc:173) Processed features for key usctimit_ema_f5_105
VLOG[2] (compute-mfcc-feats[5.5.141~1-40a9d]:main():compute-mfcc-feats.cc:173) Processed features for key usctimit_ema_f5_106
VLOG[2] (compute-mfcc-feats[5.5.141~1-40a9d]:main():compute-mfcc-feats.cc:173) Processed features for key usctimit_ema_f5_107
VLOG[2] (compute-mfcc-feats[5.5.141~1-40a9d]:main():compute-mfcc-feats.cc:173) Processed features for key usctimit_ema_f5_109
VLOG[2] (compute-mfcc-feats[5.5.141~1-40a9d]:main():compute-mfcc-feats.cc:173) Processed features for key usctimit_ema_f5_110
LOG (compute-mfcc-feats[5.5.141~1-40a9d]:main():compute-mfcc-feats.cc:172) Processed 90 utterances
VLOG[2] (compute-mfcc-feats[5.5.141~1-40a9d]:main():compute-mfcc-feats.cc:173) Processed features for key usctimit_ema_f5_111
VLOG[2] (compute-mfcc-feats[5.5.141~1-40a9d]:main():compute-mfcc-feats.cc:173) Processed features for key usctimit_ema_f5_112
VLOG[2] (compute-mfcc-feats[5.5.141~1-40a9d]:main():compute-mfcc-feats.cc:173) Processed features for key usctimit_ema_f5_113
VLOG[2] (compute-mfcc-feats[5.5.141~1-40a9d]:main():compute-mfcc-feats.cc:173) Processed features for key usctimit_ema_f5_115
VLOG[2] (compute-mfcc-feats[5.5.141~1-40a9d]:main():compute-mfcc-feats.cc:173) Processed features for key usctimit_ema_f5_116
VLOG[2] (compute-mfcc-feats[5.5.141~1-40a9d]:main():compute-mfcc-feats.cc:173) Processed features for key usctimit_ema_f5_117
VLOG[2] (compute-mfcc-feats[5.5.141~1-40a9d]:main():compute-mfcc-feats.cc:173) Processed features for key usctimit_ema_f5_118
VLOG[2] (compute-mfcc-feats[5.5.141~1-40a9d]:main():compute-mfcc-feats.cc:173) Processed features for key usctimit_ema_f5_119
VLOG[2] (compute-mfcc-feats[5.5.141~1-40a9d]:main():compute-mfcc-feats.cc:173) Processed features for key usctimit_ema_f5_120
VLOG[2] (compute-mfcc-feats[5.5.141~1-40a9d]:main():compute-mfcc-feats.cc:173) Processed features for key usctimit_ema_f5_121
LOG (compute-mfcc-feats[5.5.141~1-40a9d]:main():compute-mfcc-feats.cc:172) Processed 100 utterances
VLOG[2] (compute-mfcc-feats[5.5.141~1-40a9d]:main():compute-mfcc-feats.cc:173) Processed features for key usctimit_ema_f5_122
VLOG[2] (compute-mfcc-feats[5.5.141~1-40a9d]:main():compute-mfcc-feats.cc:173) Processed features for key usctimit_ema_f5_123
VLOG[2] (compute-mfcc-feats[5.5.141~1-40a9d]:main():compute-mfcc-feats.cc:173) Processed features for key usctimit_ema_f5_124
VLOG[2] (compute-mfcc-feats[5.5.141~1-40a9d]:main():compute-mfcc-feats.cc:173) Processed features for key usctimit_ema_f5_125
VLOG[2] (compute-mfcc-feats[5.5.141~1-40a9d]:main():compute-mfcc-feats.cc:173) Processed features for key usctimit_ema_f5_126
VLOG[2] (compute-mfcc-feats[5.5.141~1-40a9d]:main():compute-mfcc-feats.cc:173) Processed features for key usctimit_ema_f5_127
VLOG[2] (compute-mfcc-feats[5.5.141~1-40a9d]:main():compute-mfcc-feats.cc:173) Processed features for key usctimit_ema_f5_129
VLOG[2] (compute-mfcc-feats[5.5.141~1-40a9d]:main():compute-mfcc-feats.cc:173) Processed features for key usctimit_ema_f5_130
VLOG[2] (compute-mfcc-feats[5.5.141~1-40a9d]:main():compute-mfcc-feats.cc:173) Processed features for key usctimit_ema_f5_131
VLOG[2] (compute-mfcc-feats[5.5.141~1-40a9d]:main():compute-mfcc-feats.cc:173) Processed features for key usctimit_ema_f5_132
LOG (compute-mfcc-feats[5.5.141~1-40a9d]:main():compute-mfcc-feats.cc:172) Processed 110 utterances
VLOG[2] (compute-mfcc-feats[5.5.141~1-40a9d]:main():compute-mfcc-feats.cc:173) Processed features for key usctimit_ema_f5_135
VLOG[2] (compute-mfcc-feats[5.5.141~1-40a9d]:main():compute-mfcc-feats.cc:173) Processed features for key usctimit_ema_f5_136
VLOG[2] (compute-mfcc-feats[5.5.141~1-40a9d]:main():compute-mfcc-feats.cc:173) Processed features for key usctimit_ema_f5_137
VLOG[2] (compute-mfcc-feats[5.5.141~1-40a9d]:main():compute-mfcc-feats.cc:173) Processed features for key usctimit_ema_f5_139
VLOG[2] (compute-mfcc-feats[5.5.141~1-40a9d]:main():compute-mfcc-feats.cc:173) Processed features for key usctimit_ema_f5_140
VLOG[2] (compute-mfcc-feats[5.5.141~1-40a9d]:main():compute-mfcc-feats.cc:173) Processed features for key usctimit_ema_f5_141
VLOG[2] (compute-mfcc-feats[5.5.141~1-40a9d]:main():compute-mfcc-feats.cc:173) Processed features for key usctimit_ema_f5_142
VLOG[2] (compute-mfcc-feats[5.5.141~1-40a9d]:main():compute-mfcc-feats.cc:173) Processed features for key usctimit_ema_f5_145
VLOG[2] (compute-mfcc-feats[5.5.141~1-40a9d]:main():compute-mfcc-feats.cc:173) Processed features for key usctimit_ema_f5_146
VLOG[2] (compute-mfcc-feats[5.5.141~1-40a9d]:main():compute-mfcc-feats.cc:173) Processed features for key usctimit_ema_f5_147
LOG (compute-mfcc-feats[5.5.141~1-40a9d]:main():compute-mfcc-feats.cc:172) Processed 120 utterances
VLOG[2] (compute-mfcc-feats[5.5.141~1-40a9d]:main():compute-mfcc-feats.cc:173) Processed features for key usctimit_ema_f5_148
VLOG[2] (compute-mfcc-feats[5.5.141~1-40a9d]:main():compute-mfcc-feats.cc:173) Processed features for key usctimit_ema_f5_150
VLOG[2] (compute-mfcc-feats[5.5.141~1-40a9d]:main():compute-mfcc-feats.cc:173) Processed features for key usctimit_ema_f5_151
VLOG[2] (compute-mfcc-feats[5.5.141~1-40a9d]:main():compute-mfcc-feats.cc:173) Processed features for key usctimit_ema_f5_152
VLOG[2] (compute-mfcc-feats[5.5.141~1-40a9d]:main():compute-mfcc-feats.cc:173) Processed features for key usctimit_ema_f5_153
VLOG[2] (compute-mfcc-feats[5.5.141~1-40a9d]:main():compute-mfcc-feats.cc:173) Processed features for key usctimit_ema_f5_154
VLOG[2] (compute-mfcc-feats[5.5.141~1-40a9d]:main():compute-mfcc-feats.cc:173) Processed features for key usctimit_ema_f5_155
VLOG[2] (compute-mfcc-feats[5.5.141~1-40a9d]:main():compute-mfcc-feats.cc:173) Processed features for key usctimit_ema_f5_156
VLOG[2] (compute-mfcc-feats[5.5.141~1-40a9d]:main():compute-mfcc-feats.cc:173) Processed features for key usctimit_ema_f5_157
VLOG[2] (compute-mfcc-feats[5.5.141~1-40a9d]:main():compute-mfcc-feats.cc:173) Processed features for key usctimit_ema_f5_158
LOG (compute-mfcc-feats[5.5.141~1-40a9d]:main():compute-mfcc-feats.cc:172) Processed 130 utterances
VLOG[2] (compute-mfcc-feats[5.5.141~1-40a9d]:main():compute-mfcc-feats.cc:173) Processed features for key usctimit_ema_f5_160
VLOG[2] (compute-mfcc-feats[5.5.141~1-40a9d]:main():compute-mfcc-feats.cc:173) Processed features for key usctimit_ema_f5_161
VLOG[2] (compute-mfcc-feats[5.5.141~1-40a9d]:main():compute-mfcc-feats.cc:173) Processed features for key usctimit_ema_f5_165
VLOG[2] (compute-mfcc-feats[5.5.141~1-40a9d]:main():compute-mfcc-feats.cc:173) Processed features for key usctimit_ema_f5_166
VLOG[2] (compute-mfcc-feats[5.5.141~1-40a9d]:main():compute-mfcc-feats.cc:173) Processed features for key usctimit_ema_f5_167
VLOG[2] (compute-mfcc-feats[5.5.141~1-40a9d]:main():compute-mfcc-feats.cc:173) Processed features for key usctimit_ema_f5_168
VLOG[2] (compute-mfcc-feats[5.5.141~1-40a9d]:main():compute-mfcc-feats.cc:173) Processed features for key usctimit_ema_f5_170
VLOG[2] (compute-mfcc-feats[5.5.141~1-40a9d]:main():compute-mfcc-feats.cc:173) Processed features for key usctimit_ema_f5_171
VLOG[2] (compute-mfcc-feats[5.5.141~1-40a9d]:main():compute-mfcc-feats.cc:173) Processed features for key usctimit_ema_f5_172
VLOG[2] (compute-mfcc-feats[5.5.141~1-40a9d]:main():compute-mfcc-feats.cc:173) Processed features for key usctimit_ema_f5_173
LOG (compute-mfcc-feats[5.5.141~1-40a9d]:main():compute-mfcc-feats.cc:172) Processed 140 utterances
VLOG[2] (compute-mfcc-feats[5.5.141~1-40a9d]:main():compute-mfcc-feats.cc:173) Processed features for key usctimit_ema_f5_175
VLOG[2] (compute-mfcc-feats[5.5.141~1-40a9d]:main():compute-mfcc-feats.cc:173) Processed features for key usctimit_ema_f5_177
VLOG[2] (compute-mfcc-feats[5.5.141~1-40a9d]:main():compute-mfcc-feats.cc:173) Processed features for key usctimit_ema_f5_178
VLOG[2] (compute-mfcc-feats[5.5.141~1-40a9d]:main():compute-mfcc-feats.cc:173) Processed features for key usctimit_ema_f5_179
VLOG[2] (compute-mfcc-feats[5.5.141~1-40a9d]:main():compute-mfcc-feats.cc:173) Processed features for key usctimit_ema_f5_180
VLOG[2] (compute-mfcc-feats[5.5.141~1-40a9d]:main():compute-mfcc-feats.cc:173) Processed features for key usctimit_ema_f5_181
VLOG[2] (compute-mfcc-feats[5.5.141~1-40a9d]:main():compute-mfcc-feats.cc:173) Processed features for key usctimit_ema_f5_182
VLOG[2] (compute-mfcc-feats[5.5.141~1-40a9d]:main():compute-mfcc-feats.cc:173) Processed features for key usctimit_ema_f5_183
VLOG[2] (compute-mfcc-feats[5.5.141~1-40a9d]:main():compute-mfcc-feats.cc:173) Processed features for key usctimit_ema_f5_184
VLOG[2] (compute-mfcc-feats[5.5.141~1-40a9d]:main():compute-mfcc-feats.cc:173) Processed features for key usctimit_ema_f5_185
LOG (compute-mfcc-feats[5.5.141~1-40a9d]:main():compute-mfcc-feats.cc:172) Processed 150 utterances
VLOG[2] (compute-mfcc-feats[5.5.141~1-40a9d]:main():compute-mfcc-feats.cc:173) Processed features for key usctimit_ema_f5_187
VLOG[2] (compute-mfcc-feats[5.5.141~1-40a9d]:main():compute-mfcc-feats.cc:173) Processed features for key usctimit_ema_f5_188
VLOG[2] (compute-mfcc-feats[5.5.141~1-40a9d]:main():compute-mfcc-feats.cc:173) Processed features for key usctimit_ema_f5_189
VLOG[2] (compute-mfcc-feats[5.5.141~1-40a9d]:main():compute-mfcc-feats.cc:173) Processed features for key usctimit_ema_f5_190
VLOG[2] (compute-mfcc-feats[5.5.141~1-40a9d]:main():compute-mfcc-feats.cc:173) Processed features for key usctimit_ema_f5_191
VLOG[2] (compute-mfcc-feats[5.5.141~1-40a9d]:main():compute-mfcc-feats.cc:173) Processed features for key usctimit_ema_f5_192
VLOG[2] (compute-mfcc-feats[5.5.141~1-40a9d]:main():compute-mfcc-feats.cc:173) Processed features for key usctimit_ema_f5_193
VLOG[2] (compute-mfcc-feats[5.5.141~1-40a9d]:main():compute-mfcc-feats.cc:173) Processed features for key usctimit_ema_f5_195
VLOG[2] (compute-mfcc-feats[5.5.141~1-40a9d]:main():compute-mfcc-feats.cc:173) Processed features for key usctimit_ema_f5_196
VLOG[2] (compute-mfcc-feats[5.5.141~1-40a9d]:main():compute-mfcc-feats.cc:173) Processed features for key usctimit_ema_f5_199
LOG (compute-mfcc-feats[5.5.141~1-40a9d]:main():compute-mfcc-feats.cc:172) Processed 160 utterances
VLOG[2] (compute-mfcc-feats[5.5.141~1-40a9d]:main():compute-mfcc-feats.cc:173) Processed features for key usctimit_ema_f5_200
VLOG[2] (compute-mfcc-feats[5.5.141~1-40a9d]:main():compute-mfcc-feats.cc:173) Processed features for key usctimit_ema_f5_201
VLOG[2] (compute-mfcc-feats[5.5.141~1-40a9d]:main():compute-mfcc-feats.cc:173) Processed features for key usctimit_ema_f5_202
VLOG[2] (compute-mfcc-feats[5.5.141~1-40a9d]:main():compute-mfcc-feats.cc:173) Processed features for key usctimit_ema_f5_203
VLOG[2] (compute-mfcc-feats[5.5.141~1-40a9d]:main():compute-mfcc-feats.cc:173) Processed features for key usctimit_ema_f5_204
VLOG[2] (compute-mfcc-feats[5.5.141~1-40a9d]:main():compute-mfcc-feats.cc:173) Processed features for key usctimit_ema_f5_206
VLOG[2] (compute-mfcc-feats[5.5.141~1-40a9d]:main():compute-mfcc-feats.cc:173) Processed features for key usctimit_ema_f5_207
VLOG[2] (compute-mfcc-feats[5.5.141~1-40a9d]:main():compute-mfcc-feats.cc:173) Processed features for key usctimit_ema_f5_209
VLOG[2] (compute-mfcc-feats[5.5.141~1-40a9d]:main():compute-mfcc-feats.cc:173) Processed features for key usctimit_ema_f5_210
VLOG[2] (compute-mfcc-feats[5.5.141~1-40a9d]:main():compute-mfcc-feats.cc:173) Processed features for key usctimit_ema_f5_211
LOG (compute-mfcc-feats[5.5.141~1-40a9d]:main():compute-mfcc-feats.cc:172) Processed 170 utterances
VLOG[2] (compute-mfcc-feats[5.5.141~1-40a9d]:main():compute-mfcc-feats.cc:173) Processed features for key usctimit_ema_f5_212
VLOG[2] (compute-mfcc-feats[5.5.141~1-40a9d]:main():compute-mfcc-feats.cc:173) Processed features for key usctimit_ema_f5_213
VLOG[2] (compute-mfcc-feats[5.5.141~1-40a9d]:main():compute-mfcc-feats.cc:173) Processed features for key usctimit_ema_f5_214
VLOG[2] (compute-mfcc-feats[5.5.141~1-40a9d]:main():compute-mfcc-feats.cc:173) Processed features for key usctimit_ema_f5_215
VLOG[2] (compute-mfcc-feats[5.5.141~1-40a9d]:main():compute-mfcc-feats.cc:173) Processed features for key usctimit_ema_f5_216
VLOG[2] (compute-mfcc-feats[5.5.141~1-40a9d]:main():compute-mfcc-feats.cc:173) Processed features for key usctimit_ema_f5_217
VLOG[2] (compute-mfcc-feats[5.5.141~1-40a9d]:main():compute-mfcc-feats.cc:173) Processed features for key usctimit_ema_f5_219
VLOG[2] (compute-mfcc-feats[5.5.141~1-40a9d]:main():compute-mfcc-feats.cc:173) Processed features for key usctimit_ema_f5_220
VLOG[2] (compute-mfcc-feats[5.5.141~1-40a9d]:main():compute-mfcc-feats.cc:173) Processed features for key usctimit_ema_f5_221
VLOG[2] (compute-mfcc-feats[5.5.141~1-40a9d]:main():compute-mfcc-feats.cc:173) Processed features for key usctimit_ema_f5_222
LOG (compute-mfcc-feats[5.5.141~1-40a9d]:main():compute-mfcc-feats.cc:172) Processed 180 utterances
VLOG[2] (compute-mfcc-feats[5.5.141~1-40a9d]:main():compute-mfcc-feats.cc:173) Processed features for key usctimit_ema_f5_224
VLOG[2] (compute-mfcc-feats[5.5.141~1-40a9d]:main():compute-mfcc-feats.cc:173) Processed features for key usctimit_ema_f5_225
VLOG[2] (compute-mfcc-feats[5.5.141~1-40a9d]:main():compute-mfcc-feats.cc:173) Processed features for key usctimit_ema_f5_227
VLOG[2] (compute-mfcc-feats[5.5.141~1-40a9d]:main():compute-mfcc-feats.cc:173) Processed features for key usctimit_ema_f5_228
VLOG[2] (compute-mfcc-feats[5.5.141~1-40a9d]:main():compute-mfcc-feats.cc:173) Processed features for key usctimit_ema_f5_229
VLOG[2] (compute-mfcc-feats[5.5.141~1-40a9d]:main():compute-mfcc-feats.cc:173) Processed features for key usctimit_ema_f5_230
VLOG[2] (compute-mfcc-feats[5.5.141~1-40a9d]:main():compute-mfcc-feats.cc:173) Processed features for key usctimit_ema_f5_231
VLOG[2] (compute-mfcc-feats[5.5.141~1-40a9d]:main():compute-mfcc-feats.cc:173) Processed features for key usctimit_ema_f5_232
VLOG[2] (compute-mfcc-feats[5.5.141~1-40a9d]:main():compute-mfcc-feats.cc:173) Processed features for key usctimit_ema_f5_234
VLOG[2] (compute-mfcc-feats[5.5.141~1-40a9d]:main():compute-mfcc-feats.cc:173) Processed features for key usctimit_ema_f5_235
LOG (compute-mfcc-feats[5.5.141~1-40a9d]:main():compute-mfcc-feats.cc:172) Processed 190 utterances
VLOG[2] (compute-mfcc-feats[5.5.141~1-40a9d]:main():compute-mfcc-feats.cc:173) Processed features for key usctimit_ema_f5_236
VLOG[2] (compute-mfcc-feats[5.5.141~1-40a9d]:main():compute-mfcc-feats.cc:173) Processed features for key usctimit_ema_f5_237
VLOG[2] (compute-mfcc-feats[5.5.141~1-40a9d]:main():compute-mfcc-feats.cc:173) Processed features for key usctimit_ema_f5_238
VLOG[2] (compute-mfcc-feats[5.5.141~1-40a9d]:main():compute-mfcc-feats.cc:173) Processed features for key usctimit_ema_f5_239
VLOG[2] (compute-mfcc-feats[5.5.141~1-40a9d]:main():compute-mfcc-feats.cc:173) Processed features for key usctimit_ema_f5_240
VLOG[2] (compute-mfcc-feats[5.5.141~1-40a9d]:main():compute-mfcc-feats.cc:173) Processed features for key usctimit_ema_f5_241
VLOG[2] (compute-mfcc-feats[5.5.141~1-40a9d]:main():compute-mfcc-feats.cc:173) Processed features for key usctimit_ema_f5_242
VLOG[2] (compute-mfcc-feats[5.5.141~1-40a9d]:main():compute-mfcc-feats.cc:173) Processed features for key usctimit_ema_f5_245
VLOG[2] (compute-mfcc-feats[5.5.141~1-40a9d]:main():compute-mfcc-feats.cc:173) Processed features for key usctimit_ema_f5_246
VLOG[2] (compute-mfcc-feats[5.5.141~1-40a9d]:main():compute-mfcc-feats.cc:173) Processed features for key usctimit_ema_f5_247
LOG (compute-mfcc-feats[5.5.141~1-40a9d]:main():compute-mfcc-feats.cc:172) Processed 200 utterances
VLOG[2] (compute-mfcc-feats[5.5.141~1-40a9d]:main():compute-mfcc-feats.cc:173) Processed features for key usctimit_ema_f5_248
VLOG[2] (compute-mfcc-feats[5.5.141~1-40a9d]:main():compute-mfcc-feats.cc:173) Processed features for key usctimit_ema_f5_249
VLOG[2] (compute-mfcc-feats[5.5.141~1-40a9d]:main():compute-mfcc-feats.cc:173) Processed features for key usctimit_ema_f5_250
VLOG[2] (compute-mfcc-feats[5.5.141~1-40a9d]:main():compute-mfcc-feats.cc:173) Processed features for key usctimit_ema_f5_251
VLOG[2] (compute-mfcc-feats[5.5.141~1-40a9d]:main():compute-mfcc-feats.cc:173) Processed features for key usctimit_ema_f5_252
VLOG[2] (compute-mfcc-feats[5.5.141~1-40a9d]:main():compute-mfcc-feats.cc:173) Processed features for key usctimit_ema_f5_253
VLOG[2] (compute-mfcc-feats[5.5.141~1-40a9d]:main():compute-mfcc-feats.cc:173) Processed features for key usctimit_ema_f5_254
VLOG[2] (compute-mfcc-feats[5.5.141~1-40a9d]:main():compute-mfcc-feats.cc:173) Processed features for key usctimit_ema_f5_255
VLOG[2] (compute-mfcc-feats[5.5.141~1-40a9d]:main():compute-mfcc-feats.cc:173) Processed features for key usctimit_ema_f5_256
VLOG[2] (compute-mfcc-feats[5.5.141~1-40a9d]:main():compute-mfcc-feats.cc:173) Processed features for key usctimit_ema_f5_257
LOG (compute-mfcc-feats[5.5.141~1-40a9d]:main():compute-mfcc-feats.cc:172) Processed 210 utterances
VLOG[2] (compute-mfcc-feats[5.5.141~1-40a9d]:main():compute-mfcc-feats.cc:173) Processed features for key usctimit_ema_f5_258
VLOG[2] (compute-mfcc-feats[5.5.141~1-40a9d]:main():compute-mfcc-feats.cc:173) Processed features for key usctimit_ema_f5_260
VLOG[2] (compute-mfcc-feats[5.5.141~1-40a9d]:main():compute-mfcc-feats.cc:173) Processed features for key usctimit_ema_f5_261
VLOG[2] (compute-mfcc-feats[5.5.141~1-40a9d]:main():compute-mfcc-feats.cc:173) Processed features for key usctimit_ema_f5_262
VLOG[2] (compute-mfcc-feats[5.5.141~1-40a9d]:main():compute-mfcc-feats.cc:173) Processed features for key usctimit_ema_f5_263
VLOG[2] (compute-mfcc-feats[5.5.141~1-40a9d]:main():compute-mfcc-feats.cc:173) Processed features for key usctimit_ema_f5_264
VLOG[2] (compute-mfcc-feats[5.5.141~1-40a9d]:main():compute-mfcc-feats.cc:173) Processed features for key usctimit_ema_f5_265
VLOG[2] (compute-mfcc-feats[5.5.141~1-40a9d]:main():compute-mfcc-feats.cc:173) Processed features for key usctimit_ema_f5_266
VLOG[2] (compute-mfcc-feats[5.5.141~1-40a9d]:main():compute-mfcc-feats.cc:173) Processed features for key usctimit_ema_f5_267
VLOG[2] (compute-mfcc-feats[5.5.141~1-40a9d]:main():compute-mfcc-feats.cc:173) Processed features for key usctimit_ema_f5_269
LOG (compute-mfcc-feats[5.5.141~1-40a9d]:main():compute-mfcc-feats.cc:172) Processed 220 utterances
VLOG[2] (compute-mfcc-feats[5.5.141~1-40a9d]:main():compute-mfcc-feats.cc:173) Processed features for key usctimit_ema_f5_270
VLOG[2] (compute-mfcc-feats[5.5.141~1-40a9d]:main():compute-mfcc-feats.cc:173) Processed features for key usctimit_ema_f5_271
VLOG[2] (compute-mfcc-feats[5.5.141~1-40a9d]:main():compute-mfcc-feats.cc:173) Processed features for key usctimit_ema_f5_273
VLOG[2] (compute-mfcc-feats[5.5.141~1-40a9d]:main():compute-mfcc-feats.cc:173) Processed features for key usctimit_ema_f5_274
VLOG[2] (compute-mfcc-feats[5.5.141~1-40a9d]:main():compute-mfcc-feats.cc:173) Processed features for key usctimit_ema_f5_276
VLOG[2] (compute-mfcc-feats[5.5.141~1-40a9d]:main():compute-mfcc-feats.cc:173) Processed features for key usctimit_ema_f5_277
VLOG[2] (compute-mfcc-feats[5.5.141~1-40a9d]:main():compute-mfcc-feats.cc:173) Processed features for key usctimit_ema_f5_278
VLOG[2] (compute-mfcc-feats[5.5.141~1-40a9d]:main():compute-mfcc-feats.cc:173) Processed features for key usctimit_ema_f5_279
VLOG[2] (compute-mfcc-feats[5.5.141~1-40a9d]:main():compute-mfcc-feats.cc:173) Processed features for key usctimit_ema_f5_280
VLOG[2] (compute-mfcc-feats[5.5.141~1-40a9d]:main():compute-mfcc-feats.cc:173) Processed features for key usctimit_ema_f5_282
LOG (compute-mfcc-feats[5.5.141~1-40a9d]:main():compute-mfcc-feats.cc:172) Processed 230 utterances
VLOG[2] (compute-mfcc-feats[5.5.141~1-40a9d]:main():compute-mfcc-feats.cc:173) Processed features for key usctimit_ema_f5_283
VLOG[2] (compute-mfcc-feats[5.5.141~1-40a9d]:main():compute-mfcc-feats.cc:173) Processed features for key usctimit_ema_f5_284
VLOG[2] (compute-mfcc-feats[5.5.141~1-40a9d]:main():compute-mfcc-feats.cc:173) Processed features for key usctimit_ema_f5_285
VLOG[2] (compute-mfcc-feats[5.5.141~1-40a9d]:main():compute-mfcc-feats.cc:173) Processed features for key usctimit_ema_f5_287
VLOG[2] (compute-mfcc-feats[5.5.141~1-40a9d]:main():compute-mfcc-feats.cc:173) Processed features for key usctimit_ema_f5_288
VLOG[2] (compute-mfcc-feats[5.5.141~1-40a9d]:main():compute-mfcc-feats.cc:173) Processed features for key usctimit_ema_f5_289
VLOG[2] (compute-mfcc-feats[5.5.141~1-40a9d]:main():compute-mfcc-feats.cc:173) Processed features for key usctimit_ema_f5_291
VLOG[2] (compute-mfcc-feats[5.5.141~1-40a9d]:main():compute-mfcc-feats.cc:173) Processed features for key usctimit_ema_f5_292
VLOG[2] (compute-mfcc-feats[5.5.141~1-40a9d]:main():compute-mfcc-feats.cc:173) Processed features for key usctimit_ema_f5_293
VLOG[2] (compute-mfcc-feats[5.5.141~1-40a9d]:main():compute-mfcc-feats.cc:173) Processed features for key usctimit_ema_f5_294
LOG (compute-mfcc-feats[5.5.141~1-40a9d]:main():compute-mfcc-feats.cc:172) Processed 240 utterances
VLOG[2] (compute-mfcc-feats[5.5.141~1-40a9d]:main():compute-mfcc-feats.cc:173) Processed features for key usctimit_ema_f5_295
VLOG[2] (compute-mfcc-feats[5.5.141~1-40a9d]:main():compute-mfcc-feats.cc:173) Processed features for key usctimit_ema_f5_296
VLOG[2] (compute-mfcc-feats[5.5.141~1-40a9d]:main():compute-mfcc-feats.cc:173) Processed features for key usctimit_ema_f5_297
VLOG[2] (compute-mfcc-feats[5.5.141~1-40a9d]:main():compute-mfcc-feats.cc:173) Processed features for key usctimit_ema_f5_298
VLOG[2] (compute-mfcc-feats[5.5.141~1-40a9d]:main():compute-mfcc-feats.cc:173) Processed features for key usctimit_ema_f5_299
VLOG[2] (compute-mfcc-feats[5.5.141~1-40a9d]:main():compute-mfcc-feats.cc:173) Processed features for key usctimit_ema_f5_300
VLOG[2] (compute-mfcc-feats[5.5.141~1-40a9d]:main():compute-mfcc-feats.cc:173) Processed features for key usctimit_ema_f5_301
VLOG[2] (compute-mfcc-feats[5.5.141~1-40a9d]:main():compute-mfcc-feats.cc:173) Processed features for key usctimit_ema_f5_302
VLOG[2] (compute-mfcc-feats[5.5.141~1-40a9d]:main():compute-mfcc-feats.cc:173) Processed features for key usctimit_ema_f5_303
VLOG[2] (compute-mfcc-feats[5.5.141~1-40a9d]:main():compute-mfcc-feats.cc:173) Processed features for key usctimit_ema_f5_306
LOG (compute-mfcc-feats[5.5.141~1-40a9d]:main():compute-mfcc-feats.cc:172) Processed 250 utterances
VLOG[2] (compute-mfcc-feats[5.5.141~1-40a9d]:main():compute-mfcc-feats.cc:173) Processed features for key usctimit_ema_f5_308
VLOG[2] (compute-mfcc-feats[5.5.141~1-40a9d]:main():compute-mfcc-feats.cc:173) Processed features for key usctimit_ema_f5_309
VLOG[2] (compute-mfcc-feats[5.5.141~1-40a9d]:main():compute-mfcc-feats.cc:173) Processed features for key usctimit_ema_f5_310
VLOG[2] (compute-mfcc-feats[5.5.141~1-40a9d]:main():compute-mfcc-feats.cc:173) Processed features for key usctimit_ema_f5_311
VLOG[2] (compute-mfcc-feats[5.5.141~1-40a9d]:main():compute-mfcc-feats.cc:173) Processed features for key usctimit_ema_f5_312
VLOG[2] (compute-mfcc-feats[5.5.141~1-40a9d]:main():compute-mfcc-feats.cc:173) Processed features for key usctimit_ema_f5_313
VLOG[2] (compute-mfcc-feats[5.5.141~1-40a9d]:main():compute-mfcc-feats.cc:173) Processed features for key usctimit_ema_f5_314
VLOG[2] (compute-mfcc-feats[5.5.141~1-40a9d]:main():compute-mfcc-feats.cc:173) Processed features for key usctimit_ema_f5_315
VLOG[2] (compute-mfcc-feats[5.5.141~1-40a9d]:main():compute-mfcc-feats.cc:173) Processed features for key usctimit_ema_f5_316
VLOG[2] (compute-mfcc-feats[5.5.141~1-40a9d]:main():compute-mfcc-feats.cc:173) Processed features for key usctimit_ema_f5_317
LOG (compute-mfcc-feats[5.5.141~1-40a9d]:main():compute-mfcc-feats.cc:172) Processed 260 utterances
VLOG[2] (compute-mfcc-feats[5.5.141~1-40a9d]:main():compute-mfcc-feats.cc:173) Processed features for key usctimit_ema_f5_318
VLOG[2] (compute-mfcc-feats[5.5.141~1-40a9d]:main():compute-mfcc-feats.cc:173) Processed features for key usctimit_ema_f5_320
VLOG[2] (compute-mfcc-feats[5.5.141~1-40a9d]:main():compute-mfcc-feats.cc:173) Processed features for key usctimit_ema_f5_321
VLOG[2] (compute-mfcc-feats[5.5.141~1-40a9d]:main():compute-mfcc-feats.cc:173) Processed features for key usctimit_ema_f5_322
VLOG[2] (compute-mfcc-feats[5.5.141~1-40a9d]:main():compute-mfcc-feats.cc:173) Processed features for key usctimit_ema_f5_324
VLOG[2] (compute-mfcc-feats[5.5.141~1-40a9d]:main():compute-mfcc-feats.cc:173) Processed features for key usctimit_ema_f5_325
VLOG[2] (compute-mfcc-feats[5.5.141~1-40a9d]:main():compute-mfcc-feats.cc:173) Processed features for key usctimit_ema_f5_326
VLOG[2] (compute-mfcc-feats[5.5.141~1-40a9d]:main():compute-mfcc-feats.cc:173) Processed features for key usctimit_ema_f5_327
VLOG[2] (compute-mfcc-feats[5.5.141~1-40a9d]:main():compute-mfcc-feats.cc:173) Processed features for key usctimit_ema_f5_328
VLOG[2] (compute-mfcc-feats[5.5.141~1-40a9d]:main():compute-mfcc-feats.cc:173) Processed features for key usctimit_ema_f5_331
LOG (compute-mfcc-feats[5.5.141~1-40a9d]:main():compute-mfcc-feats.cc:172) Processed 270 utterances
VLOG[2] (compute-mfcc-feats[5.5.141~1-40a9d]:main():compute-mfcc-feats.cc:173) Processed features for key usctimit_ema_f5_332
VLOG[2] (compute-mfcc-feats[5.5.141~1-40a9d]:main():compute-mfcc-feats.cc:173) Processed features for key usctimit_ema_f5_333
VLOG[2] (compute-mfcc-feats[5.5.141~1-40a9d]:main():compute-mfcc-feats.cc:173) Processed features for key usctimit_ema_f5_335
VLOG[2] (compute-mfcc-feats[5.5.141~1-40a9d]:main():compute-mfcc-feats.cc:173) Processed features for key usctimit_ema_f5_337
VLOG[2] (compute-mfcc-feats[5.5.141~1-40a9d]:main():compute-mfcc-feats.cc:173) Processed features for key usctimit_ema_f5_338
VLOG[2] (compute-mfcc-feats[5.5.141~1-40a9d]:main():compute-mfcc-feats.cc:173) Processed features for key usctimit_ema_f5_339
VLOG[2] (compute-mfcc-feats[5.5.141~1-40a9d]:main():compute-mfcc-feats.cc:173) Processed features for key usctimit_ema_f5_340
VLOG[2] (compute-mfcc-feats[5.5.141~1-40a9d]:main():compute-mfcc-feats.cc:173) Processed features for key usctimit_ema_f5_341
VLOG[2] (compute-mfcc-feats[5.5.141~1-40a9d]:main():compute-mfcc-feats.cc:173) Processed features for key usctimit_ema_f5_342
VLOG[2] (compute-mfcc-feats[5.5.141~1-40a9d]:main():compute-mfcc-feats.cc:173) Processed features for key usctimit_ema_f5_346
LOG (compute-mfcc-feats[5.5.141~1-40a9d]:main():compute-mfcc-feats.cc:172) Processed 280 utterances
VLOG[2] (compute-mfcc-feats[5.5.141~1-40a9d]:main():compute-mfcc-feats.cc:173) Processed features for key usctimit_ema_f5_347
VLOG[2] (compute-mfcc-feats[5.5.141~1-40a9d]:main():compute-mfcc-feats.cc:173) Processed features for key usctimit_ema_f5_350
VLOG[2] (compute-mfcc-feats[5.5.141~1-40a9d]:main():compute-mfcc-feats.cc:173) Processed features for key usctimit_ema_f5_351
VLOG[2] (compute-mfcc-feats[5.5.141~1-40a9d]:main():compute-mfcc-feats.cc:173) Processed features for key usctimit_ema_f5_352
VLOG[2] (compute-mfcc-feats[5.5.141~1-40a9d]:main():compute-mfcc-feats.cc:173) Processed features for key usctimit_ema_f5_353
VLOG[2] (compute-mfcc-feats[5.5.141~1-40a9d]:main():compute-mfcc-feats.cc:173) Processed features for key usctimit_ema_f5_355
VLOG[2] (compute-mfcc-feats[5.5.141~1-40a9d]:main():compute-mfcc-feats.cc:173) Processed features for key usctimit_ema_f5_357
VLOG[2] (compute-mfcc-feats[5.5.141~1-40a9d]:main():compute-mfcc-feats.cc:173) Processed features for key usctimit_ema_f5_358
VLOG[2] (compute-mfcc-feats[5.5.141~1-40a9d]:main():compute-mfcc-feats.cc:173) Processed features for key usctimit_ema_f5_361
VLOG[2] (compute-mfcc-feats[5.5.141~1-40a9d]:main():compute-mfcc-feats.cc:173) Processed features for key usctimit_ema_f5_362
LOG (compute-mfcc-feats[5.5.141~1-40a9d]:main():compute-mfcc-feats.cc:172) Processed 290 utterances
VLOG[2] (compute-mfcc-feats[5.5.141~1-40a9d]:main():compute-mfcc-feats.cc:173) Processed features for key usctimit_ema_f5_363
VLOG[2] (compute-mfcc-feats[5.5.141~1-40a9d]:main():compute-mfcc-feats.cc:173) Processed features for key usctimit_ema_f5_364
VLOG[2] (compute-mfcc-feats[5.5.141~1-40a9d]:main():compute-mfcc-feats.cc:173) Processed features for key usctimit_ema_f5_365
VLOG[2] (compute-mfcc-feats[5.5.141~1-40a9d]:main():compute-mfcc-feats.cc:173) Processed features for key usctimit_ema_f5_366
VLOG[2] (compute-mfcc-feats[5.5.141~1-40a9d]:main():compute-mfcc-feats.cc:173) Processed features for key usctimit_ema_f5_367
VLOG[2] (compute-mfcc-feats[5.5.141~1-40a9d]:main():compute-mfcc-feats.cc:173) Processed features for key usctimit_ema_f5_370
VLOG[2] (compute-mfcc-feats[5.5.141~1-40a9d]:main():compute-mfcc-feats.cc:173) Processed features for key usctimit_ema_f5_371
VLOG[2] (compute-mfcc-feats[5.5.141~1-40a9d]:main():compute-mfcc-feats.cc:173) Processed features for key usctimit_ema_f5_372
VLOG[2] (compute-mfcc-feats[5.5.141~1-40a9d]:main():compute-mfcc-feats.cc:173) Processed features for key usctimit_ema_f5_373
VLOG[2] (compute-mfcc-feats[5.5.141~1-40a9d]:main():compute-mfcc-feats.cc:173) Processed features for key usctimit_ema_f5_374
LOG (compute-mfcc-feats[5.5.141~1-40a9d]:main():compute-mfcc-feats.cc:172) Processed 300 utterances
VLOG[2] (compute-mfcc-feats[5.5.141~1-40a9d]:main():compute-mfcc-feats.cc:173) Processed features for key usctimit_ema_f5_376
VLOG[2] (compute-mfcc-feats[5.5.141~1-40a9d]:main():compute-mfcc-feats.cc:173) Processed features for key usctimit_ema_f5_377
VLOG[2] (compute-mfcc-feats[5.5.141~1-40a9d]:main():compute-mfcc-feats.cc:173) Processed features for key usctimit_ema_f5_378
VLOG[2] (compute-mfcc-feats[5.5.141~1-40a9d]:main():compute-mfcc-feats.cc:173) Processed features for key usctimit_ema_f5_379
VLOG[2] (compute-mfcc-feats[5.5.141~1-40a9d]:main():compute-mfcc-feats.cc:173) Processed features for key usctimit_ema_f5_380
VLOG[2] (compute-mfcc-feats[5.5.141~1-40a9d]:main():compute-mfcc-feats.cc:173) Processed features for key usctimit_ema_f5_381
VLOG[2] (compute-mfcc-feats[5.5.141~1-40a9d]:main():compute-mfcc-feats.cc:173) Processed features for key usctimit_ema_f5_382
VLOG[2] (compute-mfcc-feats[5.5.141~1-40a9d]:main():compute-mfcc-feats.cc:173) Processed features for key usctimit_ema_f5_383
VLOG[2] (compute-mfcc-feats[5.5.141~1-40a9d]:main():compute-mfcc-feats.cc:173) Processed features for key usctimit_ema_f5_384
VLOG[2] (compute-mfcc-feats[5.5.141~1-40a9d]:main():compute-mfcc-feats.cc:173) Processed features for key usctimit_ema_f5_388
LOG (compute-mfcc-feats[5.5.141~1-40a9d]:main():compute-mfcc-feats.cc:172) Processed 310 utterances
VLOG[2] (compute-mfcc-feats[5.5.141~1-40a9d]:main():compute-mfcc-feats.cc:173) Processed features for key usctimit_ema_f5_390
VLOG[2] (compute-mfcc-feats[5.5.141~1-40a9d]:main():compute-mfcc-feats.cc:173) Processed features for key usctimit_ema_f5_393
VLOG[2] (compute-mfcc-feats[5.5.141~1-40a9d]:main():compute-mfcc-feats.cc:173) Processed features for key usctimit_ema_f5_394
VLOG[2] (compute-mfcc-feats[5.5.141~1-40a9d]:main():compute-mfcc-feats.cc:173) Processed features for key usctimit_ema_f5_395
VLOG[2] (compute-mfcc-feats[5.5.141~1-40a9d]:main():compute-mfcc-feats.cc:173) Processed features for key usctimit_ema_f5_397
VLOG[2] (compute-mfcc-feats[5.5.141~1-40a9d]:main():compute-mfcc-feats.cc:173) Processed features for key usctimit_ema_f5_398
VLOG[2] (compute-mfcc-feats[5.5.141~1-40a9d]:main():compute-mfcc-feats.cc:173) Processed features for key usctimit_ema_f5_400
VLOG[2] (compute-mfcc-feats[5.5.141~1-40a9d]:main():compute-mfcc-feats.cc:173) Processed features for key usctimit_ema_f5_401
VLOG[2] (compute-mfcc-feats[5.5.141~1-40a9d]:main():compute-mfcc-feats.cc:173) Processed features for key usctimit_ema_f5_403
VLOG[2] (compute-mfcc-feats[5.5.141~1-40a9d]:main():compute-mfcc-feats.cc:173) Processed features for key usctimit_ema_f5_404
LOG (compute-mfcc-feats[5.5.141~1-40a9d]:main():compute-mfcc-feats.cc:172) Processed 320 utterances
VLOG[2] (compute-mfcc-feats[5.5.141~1-40a9d]:main():compute-mfcc-feats.cc:173) Processed features for key usctimit_ema_f5_405
VLOG[2] (compute-mfcc-feats[5.5.141~1-40a9d]:main():compute-mfcc-feats.cc:173) Processed features for key usctimit_ema_f5_407
VLOG[2] (compute-mfcc-feats[5.5.141~1-40a9d]:main():compute-mfcc-feats.cc:173) Processed features for key usctimit_ema_f5_408
VLOG[2] (compute-mfcc-feats[5.5.141~1-40a9d]:main():compute-mfcc-feats.cc:173) Processed features for key usctimit_ema_f5_409
VLOG[2] (compute-mfcc-feats[5.5.141~1-40a9d]:main():compute-mfcc-feats.cc:173) Processed features for key usctimit_ema_f5_411
VLOG[2] (compute-mfcc-feats[5.5.141~1-40a9d]:main():compute-mfcc-feats.cc:173) Processed features for key usctimit_ema_f5_412
VLOG[2] (compute-mfcc-feats[5.5.141~1-40a9d]:main():compute-mfcc-feats.cc:173) Processed features for key usctimit_ema_f5_413
VLOG[2] (compute-mfcc-feats[5.5.141~1-40a9d]:main():compute-mfcc-feats.cc:173) Processed features for key usctimit_ema_f5_414
VLOG[2] (compute-mfcc-feats[5.5.141~1-40a9d]:main():compute-mfcc-feats.cc:173) Processed features for key usctimit_ema_f5_415
VLOG[2] (compute-mfcc-feats[5.5.141~1-40a9d]:main():compute-mfcc-feats.cc:173) Processed features for key usctimit_ema_f5_416
LOG (compute-mfcc-feats[5.5.141~1-40a9d]:main():compute-mfcc-feats.cc:172) Processed 330 utterances
VLOG[2] (compute-mfcc-feats[5.5.141~1-40a9d]:main():compute-mfcc-feats.cc:173) Processed features for key usctimit_ema_f5_417
VLOG[2] (compute-mfcc-feats[5.5.141~1-40a9d]:main():compute-mfcc-feats.cc:173) Processed features for key usctimit_ema_f5_419
VLOG[2] (compute-mfcc-feats[5.5.141~1-40a9d]:main():compute-mfcc-feats.cc:173) Processed features for key usctimit_ema_f5_420
VLOG[2] (compute-mfcc-feats[5.5.141~1-40a9d]:main():compute-mfcc-feats.cc:173) Processed features for key usctimit_ema_f5_421
VLOG[2] (compute-mfcc-feats[5.5.141~1-40a9d]:main():compute-mfcc-feats.cc:173) Processed features for key usctimit_ema_f5_422
VLOG[2] (compute-mfcc-feats[5.5.141~1-40a9d]:main():compute-mfcc-feats.cc:173) Processed features for key usctimit_ema_f5_425
VLOG[2] (compute-mfcc-feats[5.5.141~1-40a9d]:main():compute-mfcc-feats.cc:173) Processed features for key usctimit_ema_f5_427
VLOG[2] (compute-mfcc-feats[5.5.141~1-40a9d]:main():compute-mfcc-feats.cc:173) Processed features for key usctimit_ema_f5_428
VLOG[2] (compute-mfcc-feats[5.5.141~1-40a9d]:main():compute-mfcc-feats.cc:173) Processed features for key usctimit_ema_f5_429
VLOG[2] (compute-mfcc-feats[5.5.141~1-40a9d]:main():compute-mfcc-feats.cc:173) Processed features for key usctimit_ema_f5_430
LOG (compute-mfcc-feats[5.5.141~1-40a9d]:main():compute-mfcc-feats.cc:172) Processed 340 utterances
VLOG[2] (compute-mfcc-feats[5.5.141~1-40a9d]:main():compute-mfcc-feats.cc:173) Processed features for key usctimit_ema_f5_432
VLOG[2] (compute-mfcc-feats[5.5.141~1-40a9d]:main():compute-mfcc-feats.cc:173) Processed features for key usctimit_ema_f5_433
VLOG[2] (compute-mfcc-feats[5.5.141~1-40a9d]:main():compute-mfcc-feats.cc:173) Processed features for key usctimit_ema_f5_434
VLOG[2] (compute-mfcc-feats[5.5.141~1-40a9d]:main():compute-mfcc-feats.cc:173) Processed features for key usctimit_ema_f5_435
VLOG[2] (compute-mfcc-feats[5.5.141~1-40a9d]:main():compute-mfcc-feats.cc:173) Processed features for key usctimit_ema_f5_439
VLOG[2] (compute-mfcc-feats[5.5.141~1-40a9d]:main():compute-mfcc-feats.cc:173) Processed features for key usctimit_ema_f5_440
VLOG[2] (compute-mfcc-feats[5.5.141~1-40a9d]:main():compute-mfcc-feats.cc:173) Processed features for key usctimit_ema_f5_441
VLOG[2] (compute-mfcc-feats[5.5.141~1-40a9d]:main():compute-mfcc-feats.cc:173) Processed features for key usctimit_ema_f5_442
VLOG[2] (compute-mfcc-feats[5.5.141~1-40a9d]:main():compute-mfcc-feats.cc:173) Processed features for key usctimit_ema_f5_443
VLOG[2] (compute-mfcc-feats[5.5.141~1-40a9d]:main():compute-mfcc-feats.cc:173) Processed features for key usctimit_ema_f5_444
LOG (compute-mfcc-feats[5.5.141~1-40a9d]:main():compute-mfcc-feats.cc:172) Processed 350 utterances
VLOG[2] (compute-mfcc-feats[5.5.141~1-40a9d]:main():compute-mfcc-feats.cc:173) Processed features for key usctimit_ema_f5_445
VLOG[2] (compute-mfcc-feats[5.5.141~1-40a9d]:main():compute-mfcc-feats.cc:173) Processed features for key usctimit_ema_f5_446
VLOG[2] (compute-mfcc-feats[5.5.141~1-40a9d]:main():compute-mfcc-feats.cc:173) Processed features for key usctimit_ema_f5_448
VLOG[2] (compute-mfcc-feats[5.5.141~1-40a9d]:main():compute-mfcc-feats.cc:173) Processed features for key usctimit_ema_f5_449
VLOG[2] (compute-mfcc-feats[5.5.141~1-40a9d]:main():compute-mfcc-feats.cc:173) Processed features for key usctimit_ema_f5_450
VLOG[2] (compute-mfcc-feats[5.5.141~1-40a9d]:main():compute-mfcc-feats.cc:173) Processed features for key usctimit_ema_f5_452
VLOG[2] (compute-mfcc-feats[5.5.141~1-40a9d]:main():compute-mfcc-feats.cc:173) Processed features for key usctimit_ema_f5_453
VLOG[2] (compute-mfcc-feats[5.5.141~1-40a9d]:main():compute-mfcc-feats.cc:173) Processed features for key usctimit_ema_f5_454
VLOG[2] (compute-mfcc-feats[5.5.141~1-40a9d]:main():compute-mfcc-feats.cc:173) Processed features for key usctimit_ema_f5_455
VLOG[2] (compute-mfcc-feats[5.5.141~1-40a9d]:main():compute-mfcc-feats.cc:173) Processed features for key usctimit_ema_f5_457
LOG (compute-mfcc-feats[5.5.141~1-40a9d]:main():compute-mfcc-feats.cc:172) Processed 360 utterances
VLOG[2] (compute-mfcc-feats[5.5.141~1-40a9d]:main():compute-mfcc-feats.cc:173) Processed features for key usctimit_ema_f5_458
VLOG[2] (compute-mfcc-feats[5.5.141~1-40a9d]:main():compute-mfcc-feats.cc:173) Processed features for key usctimit_ema_f5_459
VLOG[2] (compute-mfcc-feats[5.5.141~1-40a9d]:main():compute-mfcc-feats.cc:173) Processed features for key usctimit_ema_f5_460
VLOG[2] (compute-mfcc-feats[5.5.141~1-40a9d]:main():compute-mfcc-feats.cc:173) Processed features for key usctimit_ema_m1_001
VLOG[2] (compute-mfcc-feats[5.5.141~1-40a9d]:main():compute-mfcc-feats.cc:173) Processed features for key usctimit_ema_m1_003
VLOG[2] (compute-mfcc-feats[5.5.141~1-40a9d]:main():compute-mfcc-feats.cc:173) Processed features for key usctimit_ema_m1_004
VLOG[2] (compute-mfcc-feats[5.5.141~1-40a9d]:main():compute-mfcc-feats.cc:173) Processed features for key usctimit_ema_m1_005
VLOG[2] (compute-mfcc-feats[5.5.141~1-40a9d]:main():compute-mfcc-feats.cc:173) Processed features for key usctimit_ema_m1_007
LOG (compute-mfcc-feats[5.5.141~1-40a9d]:main():compute-mfcc-feats.cc:176)  Done 367 out of 367 utterances.
LOG (copy-feats[5.5.141~1-40a9d]:main():copy-feats.cc:143) Copied 367 feature matrices.
# Accounting: time=62 threads=1
# Ended (code 0) at Mon Dec 24 04:32:13 EET 2018, elapsed time 62 seconds
