# compute-mfcc-feats --verbose=2 --config=conf/mfcc.conf scp,p:exp/make_mfcc/train/wav_train.4.scp ark:- | copy-feats --compress=true ark:- ark,scp:/home/stathis/Desktop/kaldi/egs/usc/mfcc/raw_mfcc_train.4.ark,/home/stathis/Desktop/kaldi/egs/usc/mfcc/raw_mfcc_train.4.scp 
# Started at Mon Dec 24 19:18:12 EET 2018
#
copy-feats --compress=true ark:- ark,scp:/home/stathis/Desktop/kaldi/egs/usc/mfcc/raw_mfcc_train.4.ark,/home/stathis/Desktop/kaldi/egs/usc/mfcc/raw_mfcc_train.4.scp 
compute-mfcc-feats --verbose=2 --config=conf/mfcc.conf scp,p:exp/make_mfcc/train/wav_train.4.scp ark:- 
VLOG[2] (compute-mfcc-feats[5.5.141~1-40a9d]:main():compute-mfcc-feats.cc:173) Processed features for key usctimit_ema_m3_025
VLOG[2] (compute-mfcc-feats[5.5.141~1-40a9d]:main():compute-mfcc-feats.cc:173) Processed features for key usctimit_ema_m3_026
VLOG[2] (compute-mfcc-feats[5.5.141~1-40a9d]:main():compute-mfcc-feats.cc:173) Processed features for key usctimit_ema_m3_027
VLOG[2] (compute-mfcc-feats[5.5.141~1-40a9d]:main():compute-mfcc-feats.cc:173) Processed features for key usctimit_ema_m3_028
VLOG[2] (compute-mfcc-feats[5.5.141~1-40a9d]:main():compute-mfcc-feats.cc:173) Processed features for key usctimit_ema_m3_029
VLOG[2] (compute-mfcc-feats[5.5.141~1-40a9d]:main():compute-mfcc-feats.cc:173) Processed features for key usctimit_ema_m3_030
VLOG[2] (compute-mfcc-feats[5.5.141~1-40a9d]:main():compute-mfcc-feats.cc:173) Processed features for key usctimit_ema_m3_031
VLOG[2] (compute-mfcc-feats[5.5.141~1-40a9d]:main():compute-mfcc-feats.cc:173) Processed features for key usctimit_ema_m3_032
VLOG[2] (compute-mfcc-feats[5.5.141~1-40a9d]:main():compute-mfcc-feats.cc:173) Processed features for key usctimit_ema_m3_033
LOG (compute-mfcc-feats[5.5.141~1-40a9d]:main():compute-mfcc-feats.cc:172) Processed 10 utterances
VLOG[2] (compute-mfcc-feats[5.5.141~1-40a9d]:main():compute-mfcc-feats.cc:173) Processed features for key usctimit_ema_m3_034
VLOG[2] (compute-mfcc-feats[5.5.141~1-40a9d]:main():compute-mfcc-feats.cc:173) Processed features for key usctimit_ema_m3_036
VLOG[2] (compute-mfcc-feats[5.5.141~1-40a9d]:main():compute-mfcc-feats.cc:173) Processed features for key usctimit_ema_m3_037
VLOG[2] (compute-mfcc-feats[5.5.141~1-40a9d]:main():compute-mfcc-feats.cc:173) Processed features for key usctimit_ema_m3_038
VLOG[2] (compute-mfcc-feats[5.5.141~1-40a9d]:main():compute-mfcc-feats.cc:173) Processed features for key usctimit_ema_m3_039
VLOG[2] (compute-mfcc-feats[5.5.141~1-40a9d]:main():compute-mfcc-feats.cc:173) Processed features for key usctimit_ema_m3_040
VLOG[2] (compute-mfcc-feats[5.5.141~1-40a9d]:main():compute-mfcc-feats.cc:173) Processed features for key usctimit_ema_m3_041
VLOG[2] (compute-mfcc-feats[5.5.141~1-40a9d]:main():compute-mfcc-feats.cc:173) Processed features for key usctimit_ema_m3_042
VLOG[2] (compute-mfcc-feats[5.5.141~1-40a9d]:main():compute-mfcc-feats.cc:173) Processed features for key usctimit_ema_m3_043
VLOG[2] (compute-mfcc-feats[5.5.141~1-40a9d]:main():compute-mfcc-feats.cc:173) Processed features for key usctimit_ema_m3_045
LOG (compute-mfcc-feats[5.5.141~1-40a9d]:main():compute-mfcc-feats.cc:172) Processed 20 utterances
VLOG[2] (compute-mfcc-feats[5.5.141~1-40a9d]:main():compute-mfcc-feats.cc:173) Processed features for key usctimit_ema_m3_046
VLOG[2] (compute-mfcc-feats[5.5.141~1-40a9d]:main():compute-mfcc-feats.cc:173) Processed features for key usctimit_ema_m3_047
VLOG[2] (compute-mfcc-feats[5.5.141~1-40a9d]:main():compute-mfcc-feats.cc:173) Processed features for key usctimit_ema_m3_048
VLOG[2] (compute-mfcc-feats[5.5.141~1-40a9d]:main():compute-mfcc-feats.cc:173) Processed features for key usctimit_ema_m3_050
VLOG[2] (compute-mfcc-feats[5.5.141~1-40a9d]:main():compute-mfcc-feats.cc:173) Processed features for key usctimit_ema_m3_051
VLOG[2] (compute-mfcc-feats[5.5.141~1-40a9d]:main():compute-mfcc-feats.cc:173) Processed features for key usctimit_ema_m3_052
VLOG[2] (compute-mfcc-feats[5.5.141~1-40a9d]:main():compute-mfcc-feats.cc:173) Processed features for key usctimit_ema_m3_053
VLOG[2] (compute-mfcc-feats[5.5.141~1-40a9d]:main():compute-mfcc-feats.cc:173) Processed features for key usctimit_ema_m3_054
VLOG[2] (compute-mfcc-feats[5.5.141~1-40a9d]:main():compute-mfcc-feats.cc:173) Processed features for key usctimit_ema_m3_055
VLOG[2] (compute-mfcc-feats[5.5.141~1-40a9d]:main():compute-mfcc-feats.cc:173) Processed features for key usctimit_ema_m3_056
LOG (compute-mfcc-feats[5.5.141~1-40a9d]:main():compute-mfcc-feats.cc:172) Processed 30 utterances
VLOG[2] (compute-mfcc-feats[5.5.141~1-40a9d]:main():compute-mfcc-feats.cc:173) Processed features for key usctimit_ema_m3_057
VLOG[2] (compute-mfcc-feats[5.5.141~1-40a9d]:main():compute-mfcc-feats.cc:173) Processed features for key usctimit_ema_m3_058
VLOG[2] (compute-mfcc-feats[5.5.141~1-40a9d]:main():compute-mfcc-feats.cc:173) Processed features for key usctimit_ema_m3_059
VLOG[2] (compute-mfcc-feats[5.5.141~1-40a9d]:main():compute-mfcc-feats.cc:173) Processed features for key usctimit_ema_m3_061
VLOG[2] (compute-mfcc-feats[5.5.141~1-40a9d]:main():compute-mfcc-feats.cc:173) Processed features for key usctimit_ema_m3_062
VLOG[2] (compute-mfcc-feats[5.5.141~1-40a9d]:main():compute-mfcc-feats.cc:173) Processed features for key usctimit_ema_m3_063
VLOG[2] (compute-mfcc-feats[5.5.141~1-40a9d]:main():compute-mfcc-feats.cc:173) Processed features for key usctimit_ema_m3_064
VLOG[2] (compute-mfcc-feats[5.5.141~1-40a9d]:main():compute-mfcc-feats.cc:173) Processed features for key usctimit_ema_m3_065
VLOG[2] (compute-mfcc-feats[5.5.141~1-40a9d]:main():compute-mfcc-feats.cc:173) Processed features for key usctimit_ema_m3_066
VLOG[2] (compute-mfcc-feats[5.5.141~1-40a9d]:main():compute-mfcc-feats.cc:173) Processed features for key usctimit_ema_m3_067
LOG (compute-mfcc-feats[5.5.141~1-40a9d]:main():compute-mfcc-feats.cc:172) Processed 40 utterances
VLOG[2] (compute-mfcc-feats[5.5.141~1-40a9d]:main():compute-mfcc-feats.cc:173) Processed features for key usctimit_ema_m3_069
VLOG[2] (compute-mfcc-feats[5.5.141~1-40a9d]:main():compute-mfcc-feats.cc:173) Processed features for key usctimit_ema_m3_070
VLOG[2] (compute-mfcc-feats[5.5.141~1-40a9d]:main():compute-mfcc-feats.cc:173) Processed features for key usctimit_ema_m3_072
VLOG[2] (compute-mfcc-feats[5.5.141~1-40a9d]:main():compute-mfcc-feats.cc:173) Processed features for key usctimit_ema_m3_073
VLOG[2] (compute-mfcc-feats[5.5.141~1-40a9d]:main():compute-mfcc-feats.cc:173) Processed features for key usctimit_ema_m3_074
VLOG[2] (compute-mfcc-feats[5.5.141~1-40a9d]:main():compute-mfcc-feats.cc:173) Processed features for key usctimit_ema_m3_075
VLOG[2] (compute-mfcc-feats[5.5.141~1-40a9d]:main():compute-mfcc-feats.cc:173) Processed features for key usctimit_ema_m3_076
VLOG[2] (compute-mfcc-feats[5.5.141~1-40a9d]:main():compute-mfcc-feats.cc:173) Processed features for key usctimit_ema_m3_077
VLOG[2] (compute-mfcc-feats[5.5.141~1-40a9d]:main():compute-mfcc-feats.cc:173) Processed features for key usctimit_ema_m3_078
VLOG[2] (compute-mfcc-feats[5.5.141~1-40a9d]:main():compute-mfcc-feats.cc:173) Processed features for key usctimit_ema_m3_079
LOG (compute-mfcc-feats[5.5.141~1-40a9d]:main():compute-mfcc-feats.cc:172) Processed 50 utterances
VLOG[2] (compute-mfcc-feats[5.5.141~1-40a9d]:main():compute-mfcc-feats.cc:173) Processed features for key usctimit_ema_m3_081
VLOG[2] (compute-mfcc-feats[5.5.141~1-40a9d]:main():compute-mfcc-feats.cc:173) Processed features for key usctimit_ema_m3_082
VLOG[2] (compute-mfcc-feats[5.5.141~1-40a9d]:main():compute-mfcc-feats.cc:173) Processed features for key usctimit_ema_m3_083
VLOG[2] (compute-mfcc-feats[5.5.141~1-40a9d]:main():compute-mfcc-feats.cc:173) Processed features for key usctimit_ema_m3_084
VLOG[2] (compute-mfcc-feats[5.5.141~1-40a9d]:main():compute-mfcc-feats.cc:173) Processed features for key usctimit_ema_m3_085
VLOG[2] (compute-mfcc-feats[5.5.141~1-40a9d]:main():compute-mfcc-feats.cc:173) Processed features for key usctimit_ema_m3_086
VLOG[2] (compute-mfcc-feats[5.5.141~1-40a9d]:main():compute-mfcc-feats.cc:173) Processed features for key usctimit_ema_m3_087
VLOG[2] (compute-mfcc-feats[5.5.141~1-40a9d]:main():compute-mfcc-feats.cc:173) Processed features for key usctimit_ema_m3_088
VLOG[2] (compute-mfcc-feats[5.5.141~1-40a9d]:main():compute-mfcc-feats.cc:173) Processed features for key usctimit_ema_m3_090
VLOG[2] (compute-mfcc-feats[5.5.141~1-40a9d]:main():compute-mfcc-feats.cc:173) Processed features for key usctimit_ema_m3_091
LOG (compute-mfcc-feats[5.5.141~1-40a9d]:main():compute-mfcc-feats.cc:172) Processed 60 utterances
VLOG[2] (compute-mfcc-feats[5.5.141~1-40a9d]:main():compute-mfcc-feats.cc:173) Processed features for key usctimit_ema_m3_092
VLOG[2] (compute-mfcc-feats[5.5.141~1-40a9d]:main():compute-mfcc-feats.cc:173) Processed features for key usctimit_ema_m3_093
VLOG[2] (compute-mfcc-feats[5.5.141~1-40a9d]:main():compute-mfcc-feats.cc:173) Processed features for key usctimit_ema_m3_094
VLOG[2] (compute-mfcc-feats[5.5.141~1-40a9d]:main():compute-mfcc-feats.cc:173) Processed features for key usctimit_ema_m3_095
VLOG[2] (compute-mfcc-feats[5.5.141~1-40a9d]:main():compute-mfcc-feats.cc:173) Processed features for key usctimit_ema_m3_096
VLOG[2] (compute-mfcc-feats[5.5.141~1-40a9d]:main():compute-mfcc-feats.cc:173) Processed features for key usctimit_ema_m3_097
VLOG[2] (compute-mfcc-feats[5.5.141~1-40a9d]:main():compute-mfcc-feats.cc:173) Processed features for key usctimit_ema_m3_098
VLOG[2] (compute-mfcc-feats[5.5.141~1-40a9d]:main():compute-mfcc-feats.cc:173) Processed features for key usctimit_ema_m3_099
VLOG[2] (compute-mfcc-feats[5.5.141~1-40a9d]:main():compute-mfcc-feats.cc:173) Processed features for key usctimit_ema_m3_100
VLOG[2] (compute-mfcc-feats[5.5.141~1-40a9d]:main():compute-mfcc-feats.cc:173) Processed features for key usctimit_ema_m3_102
LOG (compute-mfcc-feats[5.5.141~1-40a9d]:main():compute-mfcc-feats.cc:172) Processed 70 utterances
VLOG[2] (compute-mfcc-feats[5.5.141~1-40a9d]:main():compute-mfcc-feats.cc:173) Processed features for key usctimit_ema_m3_103
VLOG[2] (compute-mfcc-feats[5.5.141~1-40a9d]:main():compute-mfcc-feats.cc:173) Processed features for key usctimit_ema_m3_104
VLOG[2] (compute-mfcc-feats[5.5.141~1-40a9d]:main():compute-mfcc-feats.cc:173) Processed features for key usctimit_ema_m3_105
VLOG[2] (compute-mfcc-feats[5.5.141~1-40a9d]:main():compute-mfcc-feats.cc:173) Processed features for key usctimit_ema_m3_106
VLOG[2] (compute-mfcc-feats[5.5.141~1-40a9d]:main():compute-mfcc-feats.cc:173) Processed features for key usctimit_ema_m3_107
VLOG[2] (compute-mfcc-feats[5.5.141~1-40a9d]:main():compute-mfcc-feats.cc:173) Processed features for key usctimit_ema_m3_108
VLOG[2] (compute-mfcc-feats[5.5.141~1-40a9d]:main():compute-mfcc-feats.cc:173) Processed features for key usctimit_ema_m3_109
VLOG[2] (compute-mfcc-feats[5.5.141~1-40a9d]:main():compute-mfcc-feats.cc:173) Processed features for key usctimit_ema_m3_110
VLOG[2] (compute-mfcc-feats[5.5.141~1-40a9d]:main():compute-mfcc-feats.cc:173) Processed features for key usctimit_ema_m3_111
VLOG[2] (compute-mfcc-feats[5.5.141~1-40a9d]:main():compute-mfcc-feats.cc:173) Processed features for key usctimit_ema_m3_112
LOG (compute-mfcc-feats[5.5.141~1-40a9d]:main():compute-mfcc-feats.cc:172) Processed 80 utterances
VLOG[2] (compute-mfcc-feats[5.5.141~1-40a9d]:main():compute-mfcc-feats.cc:173) Processed features for key usctimit_ema_m3_114
VLOG[2] (compute-mfcc-feats[5.5.141~1-40a9d]:main():compute-mfcc-feats.cc:173) Processed features for key usctimit_ema_m3_115
VLOG[2] (compute-mfcc-feats[5.5.141~1-40a9d]:main():compute-mfcc-feats.cc:173) Processed features for key usctimit_ema_m3_116
VLOG[2] (compute-mfcc-feats[5.5.141~1-40a9d]:main():compute-mfcc-feats.cc:173) Processed features for key usctimit_ema_m3_117
VLOG[2] (compute-mfcc-feats[5.5.141~1-40a9d]:main():compute-mfcc-feats.cc:173) Processed features for key usctimit_ema_m3_118
VLOG[2] (compute-mfcc-feats[5.5.141~1-40a9d]:main():compute-mfcc-feats.cc:173) Processed features for key usctimit_ema_m3_119
VLOG[2] (compute-mfcc-feats[5.5.141~1-40a9d]:main():compute-mfcc-feats.cc:173) Processed features for key usctimit_ema_m3_120
VLOG[2] (compute-mfcc-feats[5.5.141~1-40a9d]:main():compute-mfcc-feats.cc:173) Processed features for key usctimit_ema_m3_121
VLOG[2] (compute-mfcc-feats[5.5.141~1-40a9d]:main():compute-mfcc-feats.cc:173) Processed features for key usctimit_ema_m3_122
VLOG[2] (compute-mfcc-feats[5.5.141~1-40a9d]:main():compute-mfcc-feats.cc:173) Processed features for key usctimit_ema_m3_123
LOG (compute-mfcc-feats[5.5.141~1-40a9d]:main():compute-mfcc-feats.cc:172) Processed 90 utterances
VLOG[2] (compute-mfcc-feats[5.5.141~1-40a9d]:main():compute-mfcc-feats.cc:173) Processed features for key usctimit_ema_m3_124
VLOG[2] (compute-mfcc-feats[5.5.141~1-40a9d]:main():compute-mfcc-feats.cc:173) Processed features for key usctimit_ema_m3_125
VLOG[2] (compute-mfcc-feats[5.5.141~1-40a9d]:main():compute-mfcc-feats.cc:173) Processed features for key usctimit_ema_m3_127
VLOG[2] (compute-mfcc-feats[5.5.141~1-40a9d]:main():compute-mfcc-feats.cc:173) Processed features for key usctimit_ema_m3_128
VLOG[2] (compute-mfcc-feats[5.5.141~1-40a9d]:main():compute-mfcc-feats.cc:173) Processed features for key usctimit_ema_m3_130
VLOG[2] (compute-mfcc-feats[5.5.141~1-40a9d]:main():compute-mfcc-feats.cc:173) Processed features for key usctimit_ema_m3_131
VLOG[2] (compute-mfcc-feats[5.5.141~1-40a9d]:main():compute-mfcc-feats.cc:173) Processed features for key usctimit_ema_m3_132
VLOG[2] (compute-mfcc-feats[5.5.141~1-40a9d]:main():compute-mfcc-feats.cc:173) Processed features for key usctimit_ema_m3_133
VLOG[2] (compute-mfcc-feats[5.5.141~1-40a9d]:main():compute-mfcc-feats.cc:173) Processed features for key usctimit_ema_m3_134
VLOG[2] (compute-mfcc-feats[5.5.141~1-40a9d]:main():compute-mfcc-feats.cc:173) Processed features for key usctimit_ema_m3_135
LOG (compute-mfcc-feats[5.5.141~1-40a9d]:main():compute-mfcc-feats.cc:172) Processed 100 utterances
VLOG[2] (compute-mfcc-feats[5.5.141~1-40a9d]:main():compute-mfcc-feats.cc:173) Processed features for key usctimit_ema_m3_136
VLOG[2] (compute-mfcc-feats[5.5.141~1-40a9d]:main():compute-mfcc-feats.cc:173) Processed features for key usctimit_ema_m3_137
VLOG[2] (compute-mfcc-feats[5.5.141~1-40a9d]:main():compute-mfcc-feats.cc:173) Processed features for key usctimit_ema_m3_138
VLOG[2] (compute-mfcc-feats[5.5.141~1-40a9d]:main():compute-mfcc-feats.cc:173) Processed features for key usctimit_ema_m3_139
VLOG[2] (compute-mfcc-feats[5.5.141~1-40a9d]:main():compute-mfcc-feats.cc:173) Processed features for key usctimit_ema_m3_140
VLOG[2] (compute-mfcc-feats[5.5.141~1-40a9d]:main():compute-mfcc-feats.cc:173) Processed features for key usctimit_ema_m3_142
VLOG[2] (compute-mfcc-feats[5.5.141~1-40a9d]:main():compute-mfcc-feats.cc:173) Processed features for key usctimit_ema_m3_143
VLOG[2] (compute-mfcc-feats[5.5.141~1-40a9d]:main():compute-mfcc-feats.cc:173) Processed features for key usctimit_ema_m3_144
VLOG[2] (compute-mfcc-feats[5.5.141~1-40a9d]:main():compute-mfcc-feats.cc:173) Processed features for key usctimit_ema_m3_145
VLOG[2] (compute-mfcc-feats[5.5.141~1-40a9d]:main():compute-mfcc-feats.cc:173) Processed features for key usctimit_ema_m3_146
LOG (compute-mfcc-feats[5.5.141~1-40a9d]:main():compute-mfcc-feats.cc:172) Processed 110 utterances
VLOG[2] (compute-mfcc-feats[5.5.141~1-40a9d]:main():compute-mfcc-feats.cc:173) Processed features for key usctimit_ema_m3_148
VLOG[2] (compute-mfcc-feats[5.5.141~1-40a9d]:main():compute-mfcc-feats.cc:173) Processed features for key usctimit_ema_m3_149
VLOG[2] (compute-mfcc-feats[5.5.141~1-40a9d]:main():compute-mfcc-feats.cc:173) Processed features for key usctimit_ema_m3_150
VLOG[2] (compute-mfcc-feats[5.5.141~1-40a9d]:main():compute-mfcc-feats.cc:173) Processed features for key usctimit_ema_m3_151
VLOG[2] (compute-mfcc-feats[5.5.141~1-40a9d]:main():compute-mfcc-feats.cc:173) Processed features for key usctimit_ema_m3_152
VLOG[2] (compute-mfcc-feats[5.5.141~1-40a9d]:main():compute-mfcc-feats.cc:173) Processed features for key usctimit_ema_m3_153
VLOG[2] (compute-mfcc-feats[5.5.141~1-40a9d]:main():compute-mfcc-feats.cc:173) Processed features for key usctimit_ema_m3_155
VLOG[2] (compute-mfcc-feats[5.5.141~1-40a9d]:main():compute-mfcc-feats.cc:173) Processed features for key usctimit_ema_m3_156
VLOG[2] (compute-mfcc-feats[5.5.141~1-40a9d]:main():compute-mfcc-feats.cc:173) Processed features for key usctimit_ema_m3_157
VLOG[2] (compute-mfcc-feats[5.5.141~1-40a9d]:main():compute-mfcc-feats.cc:173) Processed features for key usctimit_ema_m3_158
LOG (compute-mfcc-feats[5.5.141~1-40a9d]:main():compute-mfcc-feats.cc:172) Processed 120 utterances
VLOG[2] (compute-mfcc-feats[5.5.141~1-40a9d]:main():compute-mfcc-feats.cc:173) Processed features for key usctimit_ema_m3_159
VLOG[2] (compute-mfcc-feats[5.5.141~1-40a9d]:main():compute-mfcc-feats.cc:173) Processed features for key usctimit_ema_m3_160
VLOG[2] (compute-mfcc-feats[5.5.141~1-40a9d]:main():compute-mfcc-feats.cc:173) Processed features for key usctimit_ema_m3_161
VLOG[2] (compute-mfcc-feats[5.5.141~1-40a9d]:main():compute-mfcc-feats.cc:173) Processed features for key usctimit_ema_m3_162
VLOG[2] (compute-mfcc-feats[5.5.141~1-40a9d]:main():compute-mfcc-feats.cc:173) Processed features for key usctimit_ema_m3_163
VLOG[2] (compute-mfcc-feats[5.5.141~1-40a9d]:main():compute-mfcc-feats.cc:173) Processed features for key usctimit_ema_m3_164
VLOG[2] (compute-mfcc-feats[5.5.141~1-40a9d]:main():compute-mfcc-feats.cc:173) Processed features for key usctimit_ema_m3_165
VLOG[2] (compute-mfcc-feats[5.5.141~1-40a9d]:main():compute-mfcc-feats.cc:173) Processed features for key usctimit_ema_m3_167
VLOG[2] (compute-mfcc-feats[5.5.141~1-40a9d]:main():compute-mfcc-feats.cc:173) Processed features for key usctimit_ema_m3_168
VLOG[2] (compute-mfcc-feats[5.5.141~1-40a9d]:main():compute-mfcc-feats.cc:173) Processed features for key usctimit_ema_m3_169
LOG (compute-mfcc-feats[5.5.141~1-40a9d]:main():compute-mfcc-feats.cc:172) Processed 130 utterances
VLOG[2] (compute-mfcc-feats[5.5.141~1-40a9d]:main():compute-mfcc-feats.cc:173) Processed features for key usctimit_ema_m3_170
VLOG[2] (compute-mfcc-feats[5.5.141~1-40a9d]:main():compute-mfcc-feats.cc:173) Processed features for key usctimit_ema_m3_171
VLOG[2] (compute-mfcc-feats[5.5.141~1-40a9d]:main():compute-mfcc-feats.cc:173) Processed features for key usctimit_ema_m3_172
VLOG[2] (compute-mfcc-feats[5.5.141~1-40a9d]:main():compute-mfcc-feats.cc:173) Processed features for key usctimit_ema_m3_173
VLOG[2] (compute-mfcc-feats[5.5.141~1-40a9d]:main():compute-mfcc-feats.cc:173) Processed features for key usctimit_ema_m3_174
VLOG[2] (compute-mfcc-feats[5.5.141~1-40a9d]:main():compute-mfcc-feats.cc:173) Processed features for key usctimit_ema_m3_175
VLOG[2] (compute-mfcc-feats[5.5.141~1-40a9d]:main():compute-mfcc-feats.cc:173) Processed features for key usctimit_ema_m3_176
VLOG[2] (compute-mfcc-feats[5.5.141~1-40a9d]:main():compute-mfcc-feats.cc:173) Processed features for key usctimit_ema_m3_177
VLOG[2] (compute-mfcc-feats[5.5.141~1-40a9d]:main():compute-mfcc-feats.cc:173) Processed features for key usctimit_ema_m3_178
VLOG[2] (compute-mfcc-feats[5.5.141~1-40a9d]:main():compute-mfcc-feats.cc:173) Processed features for key usctimit_ema_m3_179
LOG (compute-mfcc-feats[5.5.141~1-40a9d]:main():compute-mfcc-feats.cc:172) Processed 140 utterances
VLOG[2] (compute-mfcc-feats[5.5.141~1-40a9d]:main():compute-mfcc-feats.cc:173) Processed features for key usctimit_ema_m3_180
VLOG[2] (compute-mfcc-feats[5.5.141~1-40a9d]:main():compute-mfcc-feats.cc:173) Processed features for key usctimit_ema_m3_181
VLOG[2] (compute-mfcc-feats[5.5.141~1-40a9d]:main():compute-mfcc-feats.cc:173) Processed features for key usctimit_ema_m3_182
VLOG[2] (compute-mfcc-feats[5.5.141~1-40a9d]:main():compute-mfcc-feats.cc:173) Processed features for key usctimit_ema_m3_183
VLOG[2] (compute-mfcc-feats[5.5.141~1-40a9d]:main():compute-mfcc-feats.cc:173) Processed features for key usctimit_ema_m3_184
VLOG[2] (compute-mfcc-feats[5.5.141~1-40a9d]:main():compute-mfcc-feats.cc:173) Processed features for key usctimit_ema_m3_185
VLOG[2] (compute-mfcc-feats[5.5.141~1-40a9d]:main():compute-mfcc-feats.cc:173) Processed features for key usctimit_ema_m3_186
VLOG[2] (compute-mfcc-feats[5.5.141~1-40a9d]:main():compute-mfcc-feats.cc:173) Processed features for key usctimit_ema_m3_187
VLOG[2] (compute-mfcc-feats[5.5.141~1-40a9d]:main():compute-mfcc-feats.cc:173) Processed features for key usctimit_ema_m3_188
VLOG[2] (compute-mfcc-feats[5.5.141~1-40a9d]:main():compute-mfcc-feats.cc:173) Processed features for key usctimit_ema_m3_189
LOG (compute-mfcc-feats[5.5.141~1-40a9d]:main():compute-mfcc-feats.cc:172) Processed 150 utterances
VLOG[2] (compute-mfcc-feats[5.5.141~1-40a9d]:main():compute-mfcc-feats.cc:173) Processed features for key usctimit_ema_m3_190
VLOG[2] (compute-mfcc-feats[5.5.141~1-40a9d]:main():compute-mfcc-feats.cc:173) Processed features for key usctimit_ema_m3_191
VLOG[2] (compute-mfcc-feats[5.5.141~1-40a9d]:main():compute-mfcc-feats.cc:173) Processed features for key usctimit_ema_m3_193
VLOG[2] (compute-mfcc-feats[5.5.141~1-40a9d]:main():compute-mfcc-feats.cc:173) Processed features for key usctimit_ema_m3_194
VLOG[2] (compute-mfcc-feats[5.5.141~1-40a9d]:main():compute-mfcc-feats.cc:173) Processed features for key usctimit_ema_m3_195
VLOG[2] (compute-mfcc-feats[5.5.141~1-40a9d]:main():compute-mfcc-feats.cc:173) Processed features for key usctimit_ema_m3_196
VLOG[2] (compute-mfcc-feats[5.5.141~1-40a9d]:main():compute-mfcc-feats.cc:173) Processed features for key usctimit_ema_m3_197
VLOG[2] (compute-mfcc-feats[5.5.141~1-40a9d]:main():compute-mfcc-feats.cc:173) Processed features for key usctimit_ema_m3_198
VLOG[2] (compute-mfcc-feats[5.5.141~1-40a9d]:main():compute-mfcc-feats.cc:173) Processed features for key usctimit_ema_m3_200
VLOG[2] (compute-mfcc-feats[5.5.141~1-40a9d]:main():compute-mfcc-feats.cc:173) Processed features for key usctimit_ema_m3_201
LOG (compute-mfcc-feats[5.5.141~1-40a9d]:main():compute-mfcc-feats.cc:172) Processed 160 utterances
VLOG[2] (compute-mfcc-feats[5.5.141~1-40a9d]:main():compute-mfcc-feats.cc:173) Processed features for key usctimit_ema_m3_202
VLOG[2] (compute-mfcc-feats[5.5.141~1-40a9d]:main():compute-mfcc-feats.cc:173) Processed features for key usctimit_ema_m3_204
VLOG[2] (compute-mfcc-feats[5.5.141~1-40a9d]:main():compute-mfcc-feats.cc:173) Processed features for key usctimit_ema_m3_206
VLOG[2] (compute-mfcc-feats[5.5.141~1-40a9d]:main():compute-mfcc-feats.cc:173) Processed features for key usctimit_ema_m3_207
VLOG[2] (compute-mfcc-feats[5.5.141~1-40a9d]:main():compute-mfcc-feats.cc:173) Processed features for key usctimit_ema_m3_208
VLOG[2] (compute-mfcc-feats[5.5.141~1-40a9d]:main():compute-mfcc-feats.cc:173) Processed features for key usctimit_ema_m3_209
VLOG[2] (compute-mfcc-feats[5.5.141~1-40a9d]:main():compute-mfcc-feats.cc:173) Processed features for key usctimit_ema_m3_210
VLOG[2] (compute-mfcc-feats[5.5.141~1-40a9d]:main():compute-mfcc-feats.cc:173) Processed features for key usctimit_ema_m3_211
VLOG[2] (compute-mfcc-feats[5.5.141~1-40a9d]:main():compute-mfcc-feats.cc:173) Processed features for key usctimit_ema_m3_212
VLOG[2] (compute-mfcc-feats[5.5.141~1-40a9d]:main():compute-mfcc-feats.cc:173) Processed features for key usctimit_ema_m3_213
LOG (compute-mfcc-feats[5.5.141~1-40a9d]:main():compute-mfcc-feats.cc:172) Processed 170 utterances
VLOG[2] (compute-mfcc-feats[5.5.141~1-40a9d]:main():compute-mfcc-feats.cc:173) Processed features for key usctimit_ema_m3_214
VLOG[2] (compute-mfcc-feats[5.5.141~1-40a9d]:main():compute-mfcc-feats.cc:173) Processed features for key usctimit_ema_m3_216
VLOG[2] (compute-mfcc-feats[5.5.141~1-40a9d]:main():compute-mfcc-feats.cc:173) Processed features for key usctimit_ema_m3_217
VLOG[2] (compute-mfcc-feats[5.5.141~1-40a9d]:main():compute-mfcc-feats.cc:173) Processed features for key usctimit_ema_m3_218
VLOG[2] (compute-mfcc-feats[5.5.141~1-40a9d]:main():compute-mfcc-feats.cc:173) Processed features for key usctimit_ema_m3_219
VLOG[2] (compute-mfcc-feats[5.5.141~1-40a9d]:main():compute-mfcc-feats.cc:173) Processed features for key usctimit_ema_m3_220
VLOG[2] (compute-mfcc-feats[5.5.141~1-40a9d]:main():compute-mfcc-feats.cc:173) Processed features for key usctimit_ema_m3_221
VLOG[2] (compute-mfcc-feats[5.5.141~1-40a9d]:main():compute-mfcc-feats.cc:173) Processed features for key usctimit_ema_m3_222
VLOG[2] (compute-mfcc-feats[5.5.141~1-40a9d]:main():compute-mfcc-feats.cc:173) Processed features for key usctimit_ema_m3_223
VLOG[2] (compute-mfcc-feats[5.5.141~1-40a9d]:main():compute-mfcc-feats.cc:173) Processed features for key usctimit_ema_m3_224
LOG (compute-mfcc-feats[5.5.141~1-40a9d]:main():compute-mfcc-feats.cc:172) Processed 180 utterances
VLOG[2] (compute-mfcc-feats[5.5.141~1-40a9d]:main():compute-mfcc-feats.cc:173) Processed features for key usctimit_ema_m3_225
VLOG[2] (compute-mfcc-feats[5.5.141~1-40a9d]:main():compute-mfcc-feats.cc:173) Processed features for key usctimit_ema_m3_226
VLOG[2] (compute-mfcc-feats[5.5.141~1-40a9d]:main():compute-mfcc-feats.cc:173) Processed features for key usctimit_ema_m3_227
VLOG[2] (compute-mfcc-feats[5.5.141~1-40a9d]:main():compute-mfcc-feats.cc:173) Processed features for key usctimit_ema_m3_229
VLOG[2] (compute-mfcc-feats[5.5.141~1-40a9d]:main():compute-mfcc-feats.cc:173) Processed features for key usctimit_ema_m3_230
VLOG[2] (compute-mfcc-feats[5.5.141~1-40a9d]:main():compute-mfcc-feats.cc:173) Processed features for key usctimit_ema_m3_232
VLOG[2] (compute-mfcc-feats[5.5.141~1-40a9d]:main():compute-mfcc-feats.cc:173) Processed features for key usctimit_ema_m3_233
VLOG[2] (compute-mfcc-feats[5.5.141~1-40a9d]:main():compute-mfcc-feats.cc:173) Processed features for key usctimit_ema_m3_234
VLOG[2] (compute-mfcc-feats[5.5.141~1-40a9d]:main():compute-mfcc-feats.cc:173) Processed features for key usctimit_ema_m3_235
VLOG[2] (compute-mfcc-feats[5.5.141~1-40a9d]:main():compute-mfcc-feats.cc:173) Processed features for key usctimit_ema_m3_236
LOG (compute-mfcc-feats[5.5.141~1-40a9d]:main():compute-mfcc-feats.cc:172) Processed 190 utterances
VLOG[2] (compute-mfcc-feats[5.5.141~1-40a9d]:main():compute-mfcc-feats.cc:173) Processed features for key usctimit_ema_m3_237
VLOG[2] (compute-mfcc-feats[5.5.141~1-40a9d]:main():compute-mfcc-feats.cc:173) Processed features for key usctimit_ema_m3_238
VLOG[2] (compute-mfcc-feats[5.5.141~1-40a9d]:main():compute-mfcc-feats.cc:173) Processed features for key usctimit_ema_m3_239
VLOG[2] (compute-mfcc-feats[5.5.141~1-40a9d]:main():compute-mfcc-feats.cc:173) Processed features for key usctimit_ema_m3_240
VLOG[2] (compute-mfcc-feats[5.5.141~1-40a9d]:main():compute-mfcc-feats.cc:173) Processed features for key usctimit_ema_m3_241
VLOG[2] (compute-mfcc-feats[5.5.141~1-40a9d]:main():compute-mfcc-feats.cc:173) Processed features for key usctimit_ema_m3_243
VLOG[2] (compute-mfcc-feats[5.5.141~1-40a9d]:main():compute-mfcc-feats.cc:173) Processed features for key usctimit_ema_m3_244
VLOG[2] (compute-mfcc-feats[5.5.141~1-40a9d]:main():compute-mfcc-feats.cc:173) Processed features for key usctimit_ema_m3_245
VLOG[2] (compute-mfcc-feats[5.5.141~1-40a9d]:main():compute-mfcc-feats.cc:173) Processed features for key usctimit_ema_m3_246
VLOG[2] (compute-mfcc-feats[5.5.141~1-40a9d]:main():compute-mfcc-feats.cc:173) Processed features for key usctimit_ema_m3_247
LOG (compute-mfcc-feats[5.5.141~1-40a9d]:main():compute-mfcc-feats.cc:172) Processed 200 utterances
VLOG[2] (compute-mfcc-feats[5.5.141~1-40a9d]:main():compute-mfcc-feats.cc:173) Processed features for key usctimit_ema_m3_248
VLOG[2] (compute-mfcc-feats[5.5.141~1-40a9d]:main():compute-mfcc-feats.cc:173) Processed features for key usctimit_ema_m3_249
VLOG[2] (compute-mfcc-feats[5.5.141~1-40a9d]:main():compute-mfcc-feats.cc:173) Processed features for key usctimit_ema_m3_250
VLOG[2] (compute-mfcc-feats[5.5.141~1-40a9d]:main():compute-mfcc-feats.cc:173) Processed features for key usctimit_ema_m3_251
VLOG[2] (compute-mfcc-feats[5.5.141~1-40a9d]:main():compute-mfcc-feats.cc:173) Processed features for key usctimit_ema_m3_252
VLOG[2] (compute-mfcc-feats[5.5.141~1-40a9d]:main():compute-mfcc-feats.cc:173) Processed features for key usctimit_ema_m3_253
VLOG[2] (compute-mfcc-feats[5.5.141~1-40a9d]:main():compute-mfcc-feats.cc:173) Processed features for key usctimit_ema_m3_254
VLOG[2] (compute-mfcc-feats[5.5.141~1-40a9d]:main():compute-mfcc-feats.cc:173) Processed features for key usctimit_ema_m3_256
VLOG[2] (compute-mfcc-feats[5.5.141~1-40a9d]:main():compute-mfcc-feats.cc:173) Processed features for key usctimit_ema_m3_259
VLOG[2] (compute-mfcc-feats[5.5.141~1-40a9d]:main():compute-mfcc-feats.cc:173) Processed features for key usctimit_ema_m3_261
LOG (compute-mfcc-feats[5.5.141~1-40a9d]:main():compute-mfcc-feats.cc:172) Processed 210 utterances
VLOG[2] (compute-mfcc-feats[5.5.141~1-40a9d]:main():compute-mfcc-feats.cc:173) Processed features for key usctimit_ema_m3_262
VLOG[2] (compute-mfcc-feats[5.5.141~1-40a9d]:main():compute-mfcc-feats.cc:173) Processed features for key usctimit_ema_m3_263
VLOG[2] (compute-mfcc-feats[5.5.141~1-40a9d]:main():compute-mfcc-feats.cc:173) Processed features for key usctimit_ema_m3_264
VLOG[2] (compute-mfcc-feats[5.5.141~1-40a9d]:main():compute-mfcc-feats.cc:173) Processed features for key usctimit_ema_m3_265
VLOG[2] (compute-mfcc-feats[5.5.141~1-40a9d]:main():compute-mfcc-feats.cc:173) Processed features for key usctimit_ema_m3_266
VLOG[2] (compute-mfcc-feats[5.5.141~1-40a9d]:main():compute-mfcc-feats.cc:173) Processed features for key usctimit_ema_m3_268
VLOG[2] (compute-mfcc-feats[5.5.141~1-40a9d]:main():compute-mfcc-feats.cc:173) Processed features for key usctimit_ema_m3_269
VLOG[2] (compute-mfcc-feats[5.5.141~1-40a9d]:main():compute-mfcc-feats.cc:173) Processed features for key usctimit_ema_m3_270
VLOG[2] (compute-mfcc-feats[5.5.141~1-40a9d]:main():compute-mfcc-feats.cc:173) Processed features for key usctimit_ema_m3_271
VLOG[2] (compute-mfcc-feats[5.5.141~1-40a9d]:main():compute-mfcc-feats.cc:173) Processed features for key usctimit_ema_m3_272
LOG (compute-mfcc-feats[5.5.141~1-40a9d]:main():compute-mfcc-feats.cc:172) Processed 220 utterances
VLOG[2] (compute-mfcc-feats[5.5.141~1-40a9d]:main():compute-mfcc-feats.cc:173) Processed features for key usctimit_ema_m3_273
VLOG[2] (compute-mfcc-feats[5.5.141~1-40a9d]:main():compute-mfcc-feats.cc:173) Processed features for key usctimit_ema_m3_274
VLOG[2] (compute-mfcc-feats[5.5.141~1-40a9d]:main():compute-mfcc-feats.cc:173) Processed features for key usctimit_ema_m3_275
VLOG[2] (compute-mfcc-feats[5.5.141~1-40a9d]:main():compute-mfcc-feats.cc:173) Processed features for key usctimit_ema_m3_276
VLOG[2] (compute-mfcc-feats[5.5.141~1-40a9d]:main():compute-mfcc-feats.cc:173) Processed features for key usctimit_ema_m3_278
VLOG[2] (compute-mfcc-feats[5.5.141~1-40a9d]:main():compute-mfcc-feats.cc:173) Processed features for key usctimit_ema_m3_279
VLOG[2] (compute-mfcc-feats[5.5.141~1-40a9d]:main():compute-mfcc-feats.cc:173) Processed features for key usctimit_ema_m3_280
VLOG[2] (compute-mfcc-feats[5.5.141~1-40a9d]:main():compute-mfcc-feats.cc:173) Processed features for key usctimit_ema_m3_281
VLOG[2] (compute-mfcc-feats[5.5.141~1-40a9d]:main():compute-mfcc-feats.cc:173) Processed features for key usctimit_ema_m3_283
VLOG[2] (compute-mfcc-feats[5.5.141~1-40a9d]:main():compute-mfcc-feats.cc:173) Processed features for key usctimit_ema_m3_284
LOG (compute-mfcc-feats[5.5.141~1-40a9d]:main():compute-mfcc-feats.cc:172) Processed 230 utterances
VLOG[2] (compute-mfcc-feats[5.5.141~1-40a9d]:main():compute-mfcc-feats.cc:173) Processed features for key usctimit_ema_m3_285
VLOG[2] (compute-mfcc-feats[5.5.141~1-40a9d]:main():compute-mfcc-feats.cc:173) Processed features for key usctimit_ema_m3_287
VLOG[2] (compute-mfcc-feats[5.5.141~1-40a9d]:main():compute-mfcc-feats.cc:173) Processed features for key usctimit_ema_m3_288
VLOG[2] (compute-mfcc-feats[5.5.141~1-40a9d]:main():compute-mfcc-feats.cc:173) Processed features for key usctimit_ema_m3_289
VLOG[2] (compute-mfcc-feats[5.5.141~1-40a9d]:main():compute-mfcc-feats.cc:173) Processed features for key usctimit_ema_m3_290
VLOG[2] (compute-mfcc-feats[5.5.141~1-40a9d]:main():compute-mfcc-feats.cc:173) Processed features for key usctimit_ema_m3_291
VLOG[2] (compute-mfcc-feats[5.5.141~1-40a9d]:main():compute-mfcc-feats.cc:173) Processed features for key usctimit_ema_m3_293
VLOG[2] (compute-mfcc-feats[5.5.141~1-40a9d]:main():compute-mfcc-feats.cc:173) Processed features for key usctimit_ema_m3_294
VLOG[2] (compute-mfcc-feats[5.5.141~1-40a9d]:main():compute-mfcc-feats.cc:173) Processed features for key usctimit_ema_m3_295
VLOG[2] (compute-mfcc-feats[5.5.141~1-40a9d]:main():compute-mfcc-feats.cc:173) Processed features for key usctimit_ema_m3_296
LOG (compute-mfcc-feats[5.5.141~1-40a9d]:main():compute-mfcc-feats.cc:172) Processed 240 utterances
VLOG[2] (compute-mfcc-feats[5.5.141~1-40a9d]:main():compute-mfcc-feats.cc:173) Processed features for key usctimit_ema_m3_297
VLOG[2] (compute-mfcc-feats[5.5.141~1-40a9d]:main():compute-mfcc-feats.cc:173) Processed features for key usctimit_ema_m3_298
VLOG[2] (compute-mfcc-feats[5.5.141~1-40a9d]:main():compute-mfcc-feats.cc:173) Processed features for key usctimit_ema_m3_299
VLOG[2] (compute-mfcc-feats[5.5.141~1-40a9d]:main():compute-mfcc-feats.cc:173) Processed features for key usctimit_ema_m3_301
VLOG[2] (compute-mfcc-feats[5.5.141~1-40a9d]:main():compute-mfcc-feats.cc:173) Processed features for key usctimit_ema_m3_302
VLOG[2] (compute-mfcc-feats[5.5.141~1-40a9d]:main():compute-mfcc-feats.cc:173) Processed features for key usctimit_ema_m3_303
VLOG[2] (compute-mfcc-feats[5.5.141~1-40a9d]:main():compute-mfcc-feats.cc:173) Processed features for key usctimit_ema_m3_304
VLOG[2] (compute-mfcc-feats[5.5.141~1-40a9d]:main():compute-mfcc-feats.cc:173) Processed features for key usctimit_ema_m3_305
VLOG[2] (compute-mfcc-feats[5.5.141~1-40a9d]:main():compute-mfcc-feats.cc:173) Processed features for key usctimit_ema_m3_306
VLOG[2] (compute-mfcc-feats[5.5.141~1-40a9d]:main():compute-mfcc-feats.cc:173) Processed features for key usctimit_ema_m3_307
LOG (compute-mfcc-feats[5.5.141~1-40a9d]:main():compute-mfcc-feats.cc:172) Processed 250 utterances
VLOG[2] (compute-mfcc-feats[5.5.141~1-40a9d]:main():compute-mfcc-feats.cc:173) Processed features for key usctimit_ema_m3_308
VLOG[2] (compute-mfcc-feats[5.5.141~1-40a9d]:main():compute-mfcc-feats.cc:173) Processed features for key usctimit_ema_m3_309
VLOG[2] (compute-mfcc-feats[5.5.141~1-40a9d]:main():compute-mfcc-feats.cc:173) Processed features for key usctimit_ema_m3_310
VLOG[2] (compute-mfcc-feats[5.5.141~1-40a9d]:main():compute-mfcc-feats.cc:173) Processed features for key usctimit_ema_m3_311
VLOG[2] (compute-mfcc-feats[5.5.141~1-40a9d]:main():compute-mfcc-feats.cc:173) Processed features for key usctimit_ema_m3_312
VLOG[2] (compute-mfcc-feats[5.5.141~1-40a9d]:main():compute-mfcc-feats.cc:173) Processed features for key usctimit_ema_m3_313
VLOG[2] (compute-mfcc-feats[5.5.141~1-40a9d]:main():compute-mfcc-feats.cc:173) Processed features for key usctimit_ema_m3_314
VLOG[2] (compute-mfcc-feats[5.5.141~1-40a9d]:main():compute-mfcc-feats.cc:173) Processed features for key usctimit_ema_m3_315
VLOG[2] (compute-mfcc-feats[5.5.141~1-40a9d]:main():compute-mfcc-feats.cc:173) Processed features for key usctimit_ema_m3_317
VLOG[2] (compute-mfcc-feats[5.5.141~1-40a9d]:main():compute-mfcc-feats.cc:173) Processed features for key usctimit_ema_m3_318
LOG (compute-mfcc-feats[5.5.141~1-40a9d]:main():compute-mfcc-feats.cc:172) Processed 260 utterances
VLOG[2] (compute-mfcc-feats[5.5.141~1-40a9d]:main():compute-mfcc-feats.cc:173) Processed features for key usctimit_ema_m3_319
VLOG[2] (compute-mfcc-feats[5.5.141~1-40a9d]:main():compute-mfcc-feats.cc:173) Processed features for key usctimit_ema_m3_321
VLOG[2] (compute-mfcc-feats[5.5.141~1-40a9d]:main():compute-mfcc-feats.cc:173) Processed features for key usctimit_ema_m3_323
VLOG[2] (compute-mfcc-feats[5.5.141~1-40a9d]:main():compute-mfcc-feats.cc:173) Processed features for key usctimit_ema_m3_324
VLOG[2] (compute-mfcc-feats[5.5.141~1-40a9d]:main():compute-mfcc-feats.cc:173) Processed features for key usctimit_ema_m3_325
VLOG[2] (compute-mfcc-feats[5.5.141~1-40a9d]:main():compute-mfcc-feats.cc:173) Processed features for key usctimit_ema_m3_326
VLOG[2] (compute-mfcc-feats[5.5.141~1-40a9d]:main():compute-mfcc-feats.cc:173) Processed features for key usctimit_ema_m3_327
VLOG[2] (compute-mfcc-feats[5.5.141~1-40a9d]:main():compute-mfcc-feats.cc:173) Processed features for key usctimit_ema_m3_328
VLOG[2] (compute-mfcc-feats[5.5.141~1-40a9d]:main():compute-mfcc-feats.cc:173) Processed features for key usctimit_ema_m3_330
VLOG[2] (compute-mfcc-feats[5.5.141~1-40a9d]:main():compute-mfcc-feats.cc:173) Processed features for key usctimit_ema_m3_331
LOG (compute-mfcc-feats[5.5.141~1-40a9d]:main():compute-mfcc-feats.cc:172) Processed 270 utterances
VLOG[2] (compute-mfcc-feats[5.5.141~1-40a9d]:main():compute-mfcc-feats.cc:173) Processed features for key usctimit_ema_m3_332
VLOG[2] (compute-mfcc-feats[5.5.141~1-40a9d]:main():compute-mfcc-feats.cc:173) Processed features for key usctimit_ema_m3_333
VLOG[2] (compute-mfcc-feats[5.5.141~1-40a9d]:main():compute-mfcc-feats.cc:173) Processed features for key usctimit_ema_m3_334
VLOG[2] (compute-mfcc-feats[5.5.141~1-40a9d]:main():compute-mfcc-feats.cc:173) Processed features for key usctimit_ema_m3_337
VLOG[2] (compute-mfcc-feats[5.5.141~1-40a9d]:main():compute-mfcc-feats.cc:173) Processed features for key usctimit_ema_m3_341
VLOG[2] (compute-mfcc-feats[5.5.141~1-40a9d]:main():compute-mfcc-feats.cc:173) Processed features for key usctimit_ema_m3_343
VLOG[2] (compute-mfcc-feats[5.5.141~1-40a9d]:main():compute-mfcc-feats.cc:173) Processed features for key usctimit_ema_m3_344
VLOG[2] (compute-mfcc-feats[5.5.141~1-40a9d]:main():compute-mfcc-feats.cc:173) Processed features for key usctimit_ema_m3_345
VLOG[2] (compute-mfcc-feats[5.5.141~1-40a9d]:main():compute-mfcc-feats.cc:173) Processed features for key usctimit_ema_m3_346
VLOG[2] (compute-mfcc-feats[5.5.141~1-40a9d]:main():compute-mfcc-feats.cc:173) Processed features for key usctimit_ema_m3_347
LOG (compute-mfcc-feats[5.5.141~1-40a9d]:main():compute-mfcc-feats.cc:172) Processed 280 utterances
VLOG[2] (compute-mfcc-feats[5.5.141~1-40a9d]:main():compute-mfcc-feats.cc:173) Processed features for key usctimit_ema_m3_349
VLOG[2] (compute-mfcc-feats[5.5.141~1-40a9d]:main():compute-mfcc-feats.cc:173) Processed features for key usctimit_ema_m3_350
VLOG[2] (compute-mfcc-feats[5.5.141~1-40a9d]:main():compute-mfcc-feats.cc:173) Processed features for key usctimit_ema_m3_351
VLOG[2] (compute-mfcc-feats[5.5.141~1-40a9d]:main():compute-mfcc-feats.cc:173) Processed features for key usctimit_ema_m3_353
VLOG[2] (compute-mfcc-feats[5.5.141~1-40a9d]:main():compute-mfcc-feats.cc:173) Processed features for key usctimit_ema_m3_354
VLOG[2] (compute-mfcc-feats[5.5.141~1-40a9d]:main():compute-mfcc-feats.cc:173) Processed features for key usctimit_ema_m3_355
VLOG[2] (compute-mfcc-feats[5.5.141~1-40a9d]:main():compute-mfcc-feats.cc:173) Processed features for key usctimit_ema_m3_356
VLOG[2] (compute-mfcc-feats[5.5.141~1-40a9d]:main():compute-mfcc-feats.cc:173) Processed features for key usctimit_ema_m3_358
VLOG[2] (compute-mfcc-feats[5.5.141~1-40a9d]:main():compute-mfcc-feats.cc:173) Processed features for key usctimit_ema_m3_360
VLOG[2] (compute-mfcc-feats[5.5.141~1-40a9d]:main():compute-mfcc-feats.cc:173) Processed features for key usctimit_ema_m3_361
LOG (compute-mfcc-feats[5.5.141~1-40a9d]:main():compute-mfcc-feats.cc:172) Processed 290 utterances
VLOG[2] (compute-mfcc-feats[5.5.141~1-40a9d]:main():compute-mfcc-feats.cc:173) Processed features for key usctimit_ema_m3_362
VLOG[2] (compute-mfcc-feats[5.5.141~1-40a9d]:main():compute-mfcc-feats.cc:173) Processed features for key usctimit_ema_m3_364
VLOG[2] (compute-mfcc-feats[5.5.141~1-40a9d]:main():compute-mfcc-feats.cc:173) Processed features for key usctimit_ema_m3_365
VLOG[2] (compute-mfcc-feats[5.5.141~1-40a9d]:main():compute-mfcc-feats.cc:173) Processed features for key usctimit_ema_m3_366
VLOG[2] (compute-mfcc-feats[5.5.141~1-40a9d]:main():compute-mfcc-feats.cc:173) Processed features for key usctimit_ema_m3_368
VLOG[2] (compute-mfcc-feats[5.5.141~1-40a9d]:main():compute-mfcc-feats.cc:173) Processed features for key usctimit_ema_m3_369
VLOG[2] (compute-mfcc-feats[5.5.141~1-40a9d]:main():compute-mfcc-feats.cc:173) Processed features for key usctimit_ema_m3_370
VLOG[2] (compute-mfcc-feats[5.5.141~1-40a9d]:main():compute-mfcc-feats.cc:173) Processed features for key usctimit_ema_m3_371
VLOG[2] (compute-mfcc-feats[5.5.141~1-40a9d]:main():compute-mfcc-feats.cc:173) Processed features for key usctimit_ema_m3_372
VLOG[2] (compute-mfcc-feats[5.5.141~1-40a9d]:main():compute-mfcc-feats.cc:173) Processed features for key usctimit_ema_m3_373
LOG (compute-mfcc-feats[5.5.141~1-40a9d]:main():compute-mfcc-feats.cc:172) Processed 300 utterances
VLOG[2] (compute-mfcc-feats[5.5.141~1-40a9d]:main():compute-mfcc-feats.cc:173) Processed features for key usctimit_ema_m3_375
VLOG[2] (compute-mfcc-feats[5.5.141~1-40a9d]:main():compute-mfcc-feats.cc:173) Processed features for key usctimit_ema_m3_376
VLOG[2] (compute-mfcc-feats[5.5.141~1-40a9d]:main():compute-mfcc-feats.cc:173) Processed features for key usctimit_ema_m3_377
VLOG[2] (compute-mfcc-feats[5.5.141~1-40a9d]:main():compute-mfcc-feats.cc:173) Processed features for key usctimit_ema_m3_378
VLOG[2] (compute-mfcc-feats[5.5.141~1-40a9d]:main():compute-mfcc-feats.cc:173) Processed features for key usctimit_ema_m3_380
VLOG[2] (compute-mfcc-feats[5.5.141~1-40a9d]:main():compute-mfcc-feats.cc:173) Processed features for key usctimit_ema_m3_381
VLOG[2] (compute-mfcc-feats[5.5.141~1-40a9d]:main():compute-mfcc-feats.cc:173) Processed features for key usctimit_ema_m3_382
VLOG[2] (compute-mfcc-feats[5.5.141~1-40a9d]:main():compute-mfcc-feats.cc:173) Processed features for key usctimit_ema_m3_384
VLOG[2] (compute-mfcc-feats[5.5.141~1-40a9d]:main():compute-mfcc-feats.cc:173) Processed features for key usctimit_ema_m3_386
VLOG[2] (compute-mfcc-feats[5.5.141~1-40a9d]:main():compute-mfcc-feats.cc:173) Processed features for key usctimit_ema_m3_387
LOG (compute-mfcc-feats[5.5.141~1-40a9d]:main():compute-mfcc-feats.cc:172) Processed 310 utterances
VLOG[2] (compute-mfcc-feats[5.5.141~1-40a9d]:main():compute-mfcc-feats.cc:173) Processed features for key usctimit_ema_m3_388
VLOG[2] (compute-mfcc-feats[5.5.141~1-40a9d]:main():compute-mfcc-feats.cc:173) Processed features for key usctimit_ema_m3_389
VLOG[2] (compute-mfcc-feats[5.5.141~1-40a9d]:main():compute-mfcc-feats.cc:173) Processed features for key usctimit_ema_m3_391
VLOG[2] (compute-mfcc-feats[5.5.141~1-40a9d]:main():compute-mfcc-feats.cc:173) Processed features for key usctimit_ema_m3_392
VLOG[2] (compute-mfcc-feats[5.5.141~1-40a9d]:main():compute-mfcc-feats.cc:173) Processed features for key usctimit_ema_m3_393
VLOG[2] (compute-mfcc-feats[5.5.141~1-40a9d]:main():compute-mfcc-feats.cc:173) Processed features for key usctimit_ema_m3_394
VLOG[2] (compute-mfcc-feats[5.5.141~1-40a9d]:main():compute-mfcc-feats.cc:173) Processed features for key usctimit_ema_m3_395
VLOG[2] (compute-mfcc-feats[5.5.141~1-40a9d]:main():compute-mfcc-feats.cc:173) Processed features for key usctimit_ema_m3_396
VLOG[2] (compute-mfcc-feats[5.5.141~1-40a9d]:main():compute-mfcc-feats.cc:173) Processed features for key usctimit_ema_m3_397
VLOG[2] (compute-mfcc-feats[5.5.141~1-40a9d]:main():compute-mfcc-feats.cc:173) Processed features for key usctimit_ema_m3_398
LOG (compute-mfcc-feats[5.5.141~1-40a9d]:main():compute-mfcc-feats.cc:172) Processed 320 utterances
VLOG[2] (compute-mfcc-feats[5.5.141~1-40a9d]:main():compute-mfcc-feats.cc:173) Processed features for key usctimit_ema_m3_399
VLOG[2] (compute-mfcc-feats[5.5.141~1-40a9d]:main():compute-mfcc-feats.cc:173) Processed features for key usctimit_ema_m3_401
VLOG[2] (compute-mfcc-feats[5.5.141~1-40a9d]:main():compute-mfcc-feats.cc:173) Processed features for key usctimit_ema_m3_402
VLOG[2] (compute-mfcc-feats[5.5.141~1-40a9d]:main():compute-mfcc-feats.cc:173) Processed features for key usctimit_ema_m3_403
VLOG[2] (compute-mfcc-feats[5.5.141~1-40a9d]:main():compute-mfcc-feats.cc:173) Processed features for key usctimit_ema_m3_404
VLOG[2] (compute-mfcc-feats[5.5.141~1-40a9d]:main():compute-mfcc-feats.cc:173) Processed features for key usctimit_ema_m3_405
VLOG[2] (compute-mfcc-feats[5.5.141~1-40a9d]:main():compute-mfcc-feats.cc:173) Processed features for key usctimit_ema_m3_406
VLOG[2] (compute-mfcc-feats[5.5.141~1-40a9d]:main():compute-mfcc-feats.cc:173) Processed features for key usctimit_ema_m3_407
VLOG[2] (compute-mfcc-feats[5.5.141~1-40a9d]:main():compute-mfcc-feats.cc:173) Processed features for key usctimit_ema_m3_408
VLOG[2] (compute-mfcc-feats[5.5.141~1-40a9d]:main():compute-mfcc-feats.cc:173) Processed features for key usctimit_ema_m3_409
LOG (compute-mfcc-feats[5.5.141~1-40a9d]:main():compute-mfcc-feats.cc:172) Processed 330 utterances
VLOG[2] (compute-mfcc-feats[5.5.141~1-40a9d]:main():compute-mfcc-feats.cc:173) Processed features for key usctimit_ema_m3_410
VLOG[2] (compute-mfcc-feats[5.5.141~1-40a9d]:main():compute-mfcc-feats.cc:173) Processed features for key usctimit_ema_m3_411
VLOG[2] (compute-mfcc-feats[5.5.141~1-40a9d]:main():compute-mfcc-feats.cc:173) Processed features for key usctimit_ema_m3_412
VLOG[2] (compute-mfcc-feats[5.5.141~1-40a9d]:main():compute-mfcc-feats.cc:173) Processed features for key usctimit_ema_m3_413
VLOG[2] (compute-mfcc-feats[5.5.141~1-40a9d]:main():compute-mfcc-feats.cc:173) Processed features for key usctimit_ema_m3_415
VLOG[2] (compute-mfcc-feats[5.5.141~1-40a9d]:main():compute-mfcc-feats.cc:173) Processed features for key usctimit_ema_m3_416
VLOG[2] (compute-mfcc-feats[5.5.141~1-40a9d]:main():compute-mfcc-feats.cc:173) Processed features for key usctimit_ema_m3_417
VLOG[2] (compute-mfcc-feats[5.5.141~1-40a9d]:main():compute-mfcc-feats.cc:173) Processed features for key usctimit_ema_m3_418
VLOG[2] (compute-mfcc-feats[5.5.141~1-40a9d]:main():compute-mfcc-feats.cc:173) Processed features for key usctimit_ema_m3_419
VLOG[2] (compute-mfcc-feats[5.5.141~1-40a9d]:main():compute-mfcc-feats.cc:173) Processed features for key usctimit_ema_m3_420
LOG (compute-mfcc-feats[5.5.141~1-40a9d]:main():compute-mfcc-feats.cc:172) Processed 340 utterances
VLOG[2] (compute-mfcc-feats[5.5.141~1-40a9d]:main():compute-mfcc-feats.cc:173) Processed features for key usctimit_ema_m3_421
VLOG[2] (compute-mfcc-feats[5.5.141~1-40a9d]:main():compute-mfcc-feats.cc:173) Processed features for key usctimit_ema_m3_422
VLOG[2] (compute-mfcc-feats[5.5.141~1-40a9d]:main():compute-mfcc-feats.cc:173) Processed features for key usctimit_ema_m3_424
VLOG[2] (compute-mfcc-feats[5.5.141~1-40a9d]:main():compute-mfcc-feats.cc:173) Processed features for key usctimit_ema_m3_425
VLOG[2] (compute-mfcc-feats[5.5.141~1-40a9d]:main():compute-mfcc-feats.cc:173) Processed features for key usctimit_ema_m3_426
VLOG[2] (compute-mfcc-feats[5.5.141~1-40a9d]:main():compute-mfcc-feats.cc:173) Processed features for key usctimit_ema_m3_427
VLOG[2] (compute-mfcc-feats[5.5.141~1-40a9d]:main():compute-mfcc-feats.cc:173) Processed features for key usctimit_ema_m3_428
VLOG[2] (compute-mfcc-feats[5.5.141~1-40a9d]:main():compute-mfcc-feats.cc:173) Processed features for key usctimit_ema_m3_430
VLOG[2] (compute-mfcc-feats[5.5.141~1-40a9d]:main():compute-mfcc-feats.cc:173) Processed features for key usctimit_ema_m3_431
VLOG[2] (compute-mfcc-feats[5.5.141~1-40a9d]:main():compute-mfcc-feats.cc:173) Processed features for key usctimit_ema_m3_433
LOG (compute-mfcc-feats[5.5.141~1-40a9d]:main():compute-mfcc-feats.cc:172) Processed 350 utterances
VLOG[2] (compute-mfcc-feats[5.5.141~1-40a9d]:main():compute-mfcc-feats.cc:173) Processed features for key usctimit_ema_m3_435
VLOG[2] (compute-mfcc-feats[5.5.141~1-40a9d]:main():compute-mfcc-feats.cc:173) Processed features for key usctimit_ema_m3_436
VLOG[2] (compute-mfcc-feats[5.5.141~1-40a9d]:main():compute-mfcc-feats.cc:173) Processed features for key usctimit_ema_m3_437
VLOG[2] (compute-mfcc-feats[5.5.141~1-40a9d]:main():compute-mfcc-feats.cc:173) Processed features for key usctimit_ema_m3_439
VLOG[2] (compute-mfcc-feats[5.5.141~1-40a9d]:main():compute-mfcc-feats.cc:173) Processed features for key usctimit_ema_m3_440
VLOG[2] (compute-mfcc-feats[5.5.141~1-40a9d]:main():compute-mfcc-feats.cc:173) Processed features for key usctimit_ema_m3_441
VLOG[2] (compute-mfcc-feats[5.5.141~1-40a9d]:main():compute-mfcc-feats.cc:173) Processed features for key usctimit_ema_m3_443
VLOG[2] (compute-mfcc-feats[5.5.141~1-40a9d]:main():compute-mfcc-feats.cc:173) Processed features for key usctimit_ema_m3_445
VLOG[2] (compute-mfcc-feats[5.5.141~1-40a9d]:main():compute-mfcc-feats.cc:173) Processed features for key usctimit_ema_m3_447
VLOG[2] (compute-mfcc-feats[5.5.141~1-40a9d]:main():compute-mfcc-feats.cc:173) Processed features for key usctimit_ema_m3_448
LOG (compute-mfcc-feats[5.5.141~1-40a9d]:main():compute-mfcc-feats.cc:172) Processed 360 utterances
VLOG[2] (compute-mfcc-feats[5.5.141~1-40a9d]:main():compute-mfcc-feats.cc:173) Processed features for key usctimit_ema_m3_449
VLOG[2] (compute-mfcc-feats[5.5.141~1-40a9d]:main():compute-mfcc-feats.cc:173) Processed features for key usctimit_ema_m3_450
VLOG[2] (compute-mfcc-feats[5.5.141~1-40a9d]:main():compute-mfcc-feats.cc:173) Processed features for key usctimit_ema_m3_451
VLOG[2] (compute-mfcc-feats[5.5.141~1-40a9d]:main():compute-mfcc-feats.cc:173) Processed features for key usctimit_ema_m3_452
VLOG[2] (compute-mfcc-feats[5.5.141~1-40a9d]:main():compute-mfcc-feats.cc:173) Processed features for key usctimit_ema_m3_453
VLOG[2] (compute-mfcc-feats[5.5.141~1-40a9d]:main():compute-mfcc-feats.cc:173) Processed features for key usctimit_ema_m3_454
VLOG[2] (compute-mfcc-feats[5.5.141~1-40a9d]:main():compute-mfcc-feats.cc:173) Processed features for key usctimit_ema_m3_455
VLOG[2] (compute-mfcc-feats[5.5.141~1-40a9d]:main():compute-mfcc-feats.cc:173) Processed features for key usctimit_ema_m3_456
LOG (compute-mfcc-feats[5.5.141~1-40a9d]:main():compute-mfcc-feats.cc:176)  Done 367 out of 367 utterances.
LOG (copy-feats[5.5.141~1-40a9d]:main():copy-feats.cc:143) Copied 367 feature matrices.
# Accounting: time=24 threads=1
# Ended (code 0) at Mon Dec 24 19:18:36 EET 2018, elapsed time 24 seconds
