# compute-mfcc-feats --verbose=2 --config=conf/mfcc.conf scp,p:exp/make_mfcc/train/wav_train.1.scp ark:- | copy-feats --compress=true ark:- ark,scp:/home/stathis/Desktop/kaldi/egs/usc/mfcc/raw_mfcc_train.1.ark,/home/stathis/Desktop/kaldi/egs/usc/mfcc/raw_mfcc_train.1.scp 
# Started at Mon Dec 24 04:31:11 EET 2018
#
copy-feats --compress=true ark:- ark,scp:/home/stathis/Desktop/kaldi/egs/usc/mfcc/raw_mfcc_train.1.ark,/home/stathis/Desktop/kaldi/egs/usc/mfcc/raw_mfcc_train.1.scp 
compute-mfcc-feats --verbose=2 --config=conf/mfcc.conf scp,p:exp/make_mfcc/train/wav_train.1.scp ark:- 
VLOG[2] (compute-mfcc-feats[5.5.141~1-40a9d]:main():compute-mfcc-feats.cc:173) Processed features for key usctimit_ema_f1_001
VLOG[2] (compute-mfcc-feats[5.5.141~1-40a9d]:main():compute-mfcc-feats.cc:173) Processed features for key usctimit_ema_f1_002
VLOG[2] (compute-mfcc-feats[5.5.141~1-40a9d]:main():compute-mfcc-feats.cc:173) Processed features for key usctimit_ema_f1_003
VLOG[2] (compute-mfcc-feats[5.5.141~1-40a9d]:main():compute-mfcc-feats.cc:173) Processed features for key usctimit_ema_f1_005
VLOG[2] (compute-mfcc-feats[5.5.141~1-40a9d]:main():compute-mfcc-feats.cc:173) Processed features for key usctimit_ema_f1_006
VLOG[2] (compute-mfcc-feats[5.5.141~1-40a9d]:main():compute-mfcc-feats.cc:173) Processed features for key usctimit_ema_f1_007
VLOG[2] (compute-mfcc-feats[5.5.141~1-40a9d]:main():compute-mfcc-feats.cc:173) Processed features for key usctimit_ema_f1_008
VLOG[2] (compute-mfcc-feats[5.5.141~1-40a9d]:main():compute-mfcc-feats.cc:173) Processed features for key usctimit_ema_f1_009
VLOG[2] (compute-mfcc-feats[5.5.141~1-40a9d]:main():compute-mfcc-feats.cc:173) Processed features for key usctimit_ema_f1_010
LOG (compute-mfcc-feats[5.5.141~1-40a9d]:main():compute-mfcc-feats.cc:172) Processed 10 utterances
VLOG[2] (compute-mfcc-feats[5.5.141~1-40a9d]:main():compute-mfcc-feats.cc:173) Processed features for key usctimit_ema_f1_011
VLOG[2] (compute-mfcc-feats[5.5.141~1-40a9d]:main():compute-mfcc-feats.cc:173) Processed features for key usctimit_ema_f1_012
VLOG[2] (compute-mfcc-feats[5.5.141~1-40a9d]:main():compute-mfcc-feats.cc:173) Processed features for key usctimit_ema_f1_013
VLOG[2] (compute-mfcc-feats[5.5.141~1-40a9d]:main():compute-mfcc-feats.cc:173) Processed features for key usctimit_ema_f1_014
VLOG[2] (compute-mfcc-feats[5.5.141~1-40a9d]:main():compute-mfcc-feats.cc:173) Processed features for key usctimit_ema_f1_015
VLOG[2] (compute-mfcc-feats[5.5.141~1-40a9d]:main():compute-mfcc-feats.cc:173) Processed features for key usctimit_ema_f1_017
VLOG[2] (compute-mfcc-feats[5.5.141~1-40a9d]:main():compute-mfcc-feats.cc:173) Processed features for key usctimit_ema_f1_018
VLOG[2] (compute-mfcc-feats[5.5.141~1-40a9d]:main():compute-mfcc-feats.cc:173) Processed features for key usctimit_ema_f1_019
VLOG[2] (compute-mfcc-feats[5.5.141~1-40a9d]:main():compute-mfcc-feats.cc:173) Processed features for key usctimit_ema_f1_020
VLOG[2] (compute-mfcc-feats[5.5.141~1-40a9d]:main():compute-mfcc-feats.cc:173) Processed features for key usctimit_ema_f1_022
LOG (compute-mfcc-feats[5.5.141~1-40a9d]:main():compute-mfcc-feats.cc:172) Processed 20 utterances
VLOG[2] (compute-mfcc-feats[5.5.141~1-40a9d]:main():compute-mfcc-feats.cc:173) Processed features for key usctimit_ema_f1_023
VLOG[2] (compute-mfcc-feats[5.5.141~1-40a9d]:main():compute-mfcc-feats.cc:173) Processed features for key usctimit_ema_f1_024
VLOG[2] (compute-mfcc-feats[5.5.141~1-40a9d]:main():compute-mfcc-feats.cc:173) Processed features for key usctimit_ema_f1_025
VLOG[2] (compute-mfcc-feats[5.5.141~1-40a9d]:main():compute-mfcc-feats.cc:173) Processed features for key usctimit_ema_f1_026
VLOG[2] (compute-mfcc-feats[5.5.141~1-40a9d]:main():compute-mfcc-feats.cc:173) Processed features for key usctimit_ema_f1_027
VLOG[2] (compute-mfcc-feats[5.5.141~1-40a9d]:main():compute-mfcc-feats.cc:173) Processed features for key usctimit_ema_f1_029
VLOG[2] (compute-mfcc-feats[5.5.141~1-40a9d]:main():compute-mfcc-feats.cc:173) Processed features for key usctimit_ema_f1_030
VLOG[2] (compute-mfcc-feats[5.5.141~1-40a9d]:main():compute-mfcc-feats.cc:173) Processed features for key usctimit_ema_f1_032
VLOG[2] (compute-mfcc-feats[5.5.141~1-40a9d]:main():compute-mfcc-feats.cc:173) Processed features for key usctimit_ema_f1_033
VLOG[2] (compute-mfcc-feats[5.5.141~1-40a9d]:main():compute-mfcc-feats.cc:173) Processed features for key usctimit_ema_f1_034
LOG (compute-mfcc-feats[5.5.141~1-40a9d]:main():compute-mfcc-feats.cc:172) Processed 30 utterances
VLOG[2] (compute-mfcc-feats[5.5.141~1-40a9d]:main():compute-mfcc-feats.cc:173) Processed features for key usctimit_ema_f1_035
VLOG[2] (compute-mfcc-feats[5.5.141~1-40a9d]:main():compute-mfcc-feats.cc:173) Processed features for key usctimit_ema_f1_036
VLOG[2] (compute-mfcc-feats[5.5.141~1-40a9d]:main():compute-mfcc-feats.cc:173) Processed features for key usctimit_ema_f1_037
VLOG[2] (compute-mfcc-feats[5.5.141~1-40a9d]:main():compute-mfcc-feats.cc:173) Processed features for key usctimit_ema_f1_038
VLOG[2] (compute-mfcc-feats[5.5.141~1-40a9d]:main():compute-mfcc-feats.cc:173) Processed features for key usctimit_ema_f1_039
VLOG[2] (compute-mfcc-feats[5.5.141~1-40a9d]:main():compute-mfcc-feats.cc:173) Processed features for key usctimit_ema_f1_040
VLOG[2] (compute-mfcc-feats[5.5.141~1-40a9d]:main():compute-mfcc-feats.cc:173) Processed features for key usctimit_ema_f1_041
VLOG[2] (compute-mfcc-feats[5.5.141~1-40a9d]:main():compute-mfcc-feats.cc:173) Processed features for key usctimit_ema_f1_042
VLOG[2] (compute-mfcc-feats[5.5.141~1-40a9d]:main():compute-mfcc-feats.cc:173) Processed features for key usctimit_ema_f1_044
VLOG[2] (compute-mfcc-feats[5.5.141~1-40a9d]:main():compute-mfcc-feats.cc:173) Processed features for key usctimit_ema_f1_045
LOG (compute-mfcc-feats[5.5.141~1-40a9d]:main():compute-mfcc-feats.cc:172) Processed 40 utterances
VLOG[2] (compute-mfcc-feats[5.5.141~1-40a9d]:main():compute-mfcc-feats.cc:173) Processed features for key usctimit_ema_f1_046
VLOG[2] (compute-mfcc-feats[5.5.141~1-40a9d]:main():compute-mfcc-feats.cc:173) Processed features for key usctimit_ema_f1_047
VLOG[2] (compute-mfcc-feats[5.5.141~1-40a9d]:main():compute-mfcc-feats.cc:173) Processed features for key usctimit_ema_f1_049
VLOG[2] (compute-mfcc-feats[5.5.141~1-40a9d]:main():compute-mfcc-feats.cc:173) Processed features for key usctimit_ema_f1_050
VLOG[2] (compute-mfcc-feats[5.5.141~1-40a9d]:main():compute-mfcc-feats.cc:173) Processed features for key usctimit_ema_f1_051
VLOG[2] (compute-mfcc-feats[5.5.141~1-40a9d]:main():compute-mfcc-feats.cc:173) Processed features for key usctimit_ema_f1_055
VLOG[2] (compute-mfcc-feats[5.5.141~1-40a9d]:main():compute-mfcc-feats.cc:173) Processed features for key usctimit_ema_f1_056
VLOG[2] (compute-mfcc-feats[5.5.141~1-40a9d]:main():compute-mfcc-feats.cc:173) Processed features for key usctimit_ema_f1_057
VLOG[2] (compute-mfcc-feats[5.5.141~1-40a9d]:main():compute-mfcc-feats.cc:173) Processed features for key usctimit_ema_f1_058
VLOG[2] (compute-mfcc-feats[5.5.141~1-40a9d]:main():compute-mfcc-feats.cc:173) Processed features for key usctimit_ema_f1_059
LOG (compute-mfcc-feats[5.5.141~1-40a9d]:main():compute-mfcc-feats.cc:172) Processed 50 utterances
VLOG[2] (compute-mfcc-feats[5.5.141~1-40a9d]:main():compute-mfcc-feats.cc:173) Processed features for key usctimit_ema_f1_060
VLOG[2] (compute-mfcc-feats[5.5.141~1-40a9d]:main():compute-mfcc-feats.cc:173) Processed features for key usctimit_ema_f1_061
VLOG[2] (compute-mfcc-feats[5.5.141~1-40a9d]:main():compute-mfcc-feats.cc:173) Processed features for key usctimit_ema_f1_062
VLOG[2] (compute-mfcc-feats[5.5.141~1-40a9d]:main():compute-mfcc-feats.cc:173) Processed features for key usctimit_ema_f1_063
VLOG[2] (compute-mfcc-feats[5.5.141~1-40a9d]:main():compute-mfcc-feats.cc:173) Processed features for key usctimit_ema_f1_064
VLOG[2] (compute-mfcc-feats[5.5.141~1-40a9d]:main():compute-mfcc-feats.cc:173) Processed features for key usctimit_ema_f1_065
VLOG[2] (compute-mfcc-feats[5.5.141~1-40a9d]:main():compute-mfcc-feats.cc:173) Processed features for key usctimit_ema_f1_066
VLOG[2] (compute-mfcc-feats[5.5.141~1-40a9d]:main():compute-mfcc-feats.cc:173) Processed features for key usctimit_ema_f1_067
VLOG[2] (compute-mfcc-feats[5.5.141~1-40a9d]:main():compute-mfcc-feats.cc:173) Processed features for key usctimit_ema_f1_068
VLOG[2] (compute-mfcc-feats[5.5.141~1-40a9d]:main():compute-mfcc-feats.cc:173) Processed features for key usctimit_ema_f1_069
LOG (compute-mfcc-feats[5.5.141~1-40a9d]:main():compute-mfcc-feats.cc:172) Processed 60 utterances
VLOG[2] (compute-mfcc-feats[5.5.141~1-40a9d]:main():compute-mfcc-feats.cc:173) Processed features for key usctimit_ema_f1_070
VLOG[2] (compute-mfcc-feats[5.5.141~1-40a9d]:main():compute-mfcc-feats.cc:173) Processed features for key usctimit_ema_f1_071
VLOG[2] (compute-mfcc-feats[5.5.141~1-40a9d]:main():compute-mfcc-feats.cc:173) Processed features for key usctimit_ema_f1_073
VLOG[2] (compute-mfcc-feats[5.5.141~1-40a9d]:main():compute-mfcc-feats.cc:173) Processed features for key usctimit_ema_f1_075
VLOG[2] (compute-mfcc-feats[5.5.141~1-40a9d]:main():compute-mfcc-feats.cc:173) Processed features for key usctimit_ema_f1_076
VLOG[2] (compute-mfcc-feats[5.5.141~1-40a9d]:main():compute-mfcc-feats.cc:173) Processed features for key usctimit_ema_f1_077
VLOG[2] (compute-mfcc-feats[5.5.141~1-40a9d]:main():compute-mfcc-feats.cc:173) Processed features for key usctimit_ema_f1_079
VLOG[2] (compute-mfcc-feats[5.5.141~1-40a9d]:main():compute-mfcc-feats.cc:173) Processed features for key usctimit_ema_f1_080
VLOG[2] (compute-mfcc-feats[5.5.141~1-40a9d]:main():compute-mfcc-feats.cc:173) Processed features for key usctimit_ema_f1_081
VLOG[2] (compute-mfcc-feats[5.5.141~1-40a9d]:main():compute-mfcc-feats.cc:173) Processed features for key usctimit_ema_f1_082
LOG (compute-mfcc-feats[5.5.141~1-40a9d]:main():compute-mfcc-feats.cc:172) Processed 70 utterances
VLOG[2] (compute-mfcc-feats[5.5.141~1-40a9d]:main():compute-mfcc-feats.cc:173) Processed features for key usctimit_ema_f1_083
VLOG[2] (compute-mfcc-feats[5.5.141~1-40a9d]:main():compute-mfcc-feats.cc:173) Processed features for key usctimit_ema_f1_084
VLOG[2] (compute-mfcc-feats[5.5.141~1-40a9d]:main():compute-mfcc-feats.cc:173) Processed features for key usctimit_ema_f1_085
VLOG[2] (compute-mfcc-feats[5.5.141~1-40a9d]:main():compute-mfcc-feats.cc:173) Processed features for key usctimit_ema_f1_086
VLOG[2] (compute-mfcc-feats[5.5.141~1-40a9d]:main():compute-mfcc-feats.cc:173) Processed features for key usctimit_ema_f1_087
VLOG[2] (compute-mfcc-feats[5.5.141~1-40a9d]:main():compute-mfcc-feats.cc:173) Processed features for key usctimit_ema_f1_088
VLOG[2] (compute-mfcc-feats[5.5.141~1-40a9d]:main():compute-mfcc-feats.cc:173) Processed features for key usctimit_ema_f1_089
VLOG[2] (compute-mfcc-feats[5.5.141~1-40a9d]:main():compute-mfcc-feats.cc:173) Processed features for key usctimit_ema_f1_092
VLOG[2] (compute-mfcc-feats[5.5.141~1-40a9d]:main():compute-mfcc-feats.cc:173) Processed features for key usctimit_ema_f1_093
VLOG[2] (compute-mfcc-feats[5.5.141~1-40a9d]:main():compute-mfcc-feats.cc:173) Processed features for key usctimit_ema_f1_094
LOG (compute-mfcc-feats[5.5.141~1-40a9d]:main():compute-mfcc-feats.cc:172) Processed 80 utterances
VLOG[2] (compute-mfcc-feats[5.5.141~1-40a9d]:main():compute-mfcc-feats.cc:173) Processed features for key usctimit_ema_f1_095
VLOG[2] (compute-mfcc-feats[5.5.141~1-40a9d]:main():compute-mfcc-feats.cc:173) Processed features for key usctimit_ema_f1_096
VLOG[2] (compute-mfcc-feats[5.5.141~1-40a9d]:main():compute-mfcc-feats.cc:173) Processed features for key usctimit_ema_f1_097
VLOG[2] (compute-mfcc-feats[5.5.141~1-40a9d]:main():compute-mfcc-feats.cc:173) Processed features for key usctimit_ema_f1_098
VLOG[2] (compute-mfcc-feats[5.5.141~1-40a9d]:main():compute-mfcc-feats.cc:173) Processed features for key usctimit_ema_f1_099
VLOG[2] (compute-mfcc-feats[5.5.141~1-40a9d]:main():compute-mfcc-feats.cc:173) Processed features for key usctimit_ema_f1_101
VLOG[2] (compute-mfcc-feats[5.5.141~1-40a9d]:main():compute-mfcc-feats.cc:173) Processed features for key usctimit_ema_f1_102
VLOG[2] (compute-mfcc-feats[5.5.141~1-40a9d]:main():compute-mfcc-feats.cc:173) Processed features for key usctimit_ema_f1_103
VLOG[2] (compute-mfcc-feats[5.5.141~1-40a9d]:main():compute-mfcc-feats.cc:173) Processed features for key usctimit_ema_f1_104
VLOG[2] (compute-mfcc-feats[5.5.141~1-40a9d]:main():compute-mfcc-feats.cc:173) Processed features for key usctimit_ema_f1_106
LOG (compute-mfcc-feats[5.5.141~1-40a9d]:main():compute-mfcc-feats.cc:172) Processed 90 utterances
VLOG[2] (compute-mfcc-feats[5.5.141~1-40a9d]:main():compute-mfcc-feats.cc:173) Processed features for key usctimit_ema_f1_107
VLOG[2] (compute-mfcc-feats[5.5.141~1-40a9d]:main():compute-mfcc-feats.cc:173) Processed features for key usctimit_ema_f1_109
VLOG[2] (compute-mfcc-feats[5.5.141~1-40a9d]:main():compute-mfcc-feats.cc:173) Processed features for key usctimit_ema_f1_110
VLOG[2] (compute-mfcc-feats[5.5.141~1-40a9d]:main():compute-mfcc-feats.cc:173) Processed features for key usctimit_ema_f1_112
VLOG[2] (compute-mfcc-feats[5.5.141~1-40a9d]:main():compute-mfcc-feats.cc:173) Processed features for key usctimit_ema_f1_113
VLOG[2] (compute-mfcc-feats[5.5.141~1-40a9d]:main():compute-mfcc-feats.cc:173) Processed features for key usctimit_ema_f1_114
VLOG[2] (compute-mfcc-feats[5.5.141~1-40a9d]:main():compute-mfcc-feats.cc:173) Processed features for key usctimit_ema_f1_116
VLOG[2] (compute-mfcc-feats[5.5.141~1-40a9d]:main():compute-mfcc-feats.cc:173) Processed features for key usctimit_ema_f1_117
VLOG[2] (compute-mfcc-feats[5.5.141~1-40a9d]:main():compute-mfcc-feats.cc:173) Processed features for key usctimit_ema_f1_118
VLOG[2] (compute-mfcc-feats[5.5.141~1-40a9d]:main():compute-mfcc-feats.cc:173) Processed features for key usctimit_ema_f1_120
LOG (compute-mfcc-feats[5.5.141~1-40a9d]:main():compute-mfcc-feats.cc:172) Processed 100 utterances
VLOG[2] (compute-mfcc-feats[5.5.141~1-40a9d]:main():compute-mfcc-feats.cc:173) Processed features for key usctimit_ema_f1_121
VLOG[2] (compute-mfcc-feats[5.5.141~1-40a9d]:main():compute-mfcc-feats.cc:173) Processed features for key usctimit_ema_f1_124
VLOG[2] (compute-mfcc-feats[5.5.141~1-40a9d]:main():compute-mfcc-feats.cc:173) Processed features for key usctimit_ema_f1_125
VLOG[2] (compute-mfcc-feats[5.5.141~1-40a9d]:main():compute-mfcc-feats.cc:173) Processed features for key usctimit_ema_f1_127
VLOG[2] (compute-mfcc-feats[5.5.141~1-40a9d]:main():compute-mfcc-feats.cc:173) Processed features for key usctimit_ema_f1_129
VLOG[2] (compute-mfcc-feats[5.5.141~1-40a9d]:main():compute-mfcc-feats.cc:173) Processed features for key usctimit_ema_f1_131
VLOG[2] (compute-mfcc-feats[5.5.141~1-40a9d]:main():compute-mfcc-feats.cc:173) Processed features for key usctimit_ema_f1_132
VLOG[2] (compute-mfcc-feats[5.5.141~1-40a9d]:main():compute-mfcc-feats.cc:173) Processed features for key usctimit_ema_f1_133
VLOG[2] (compute-mfcc-feats[5.5.141~1-40a9d]:main():compute-mfcc-feats.cc:173) Processed features for key usctimit_ema_f1_135
VLOG[2] (compute-mfcc-feats[5.5.141~1-40a9d]:main():compute-mfcc-feats.cc:173) Processed features for key usctimit_ema_f1_136
LOG (compute-mfcc-feats[5.5.141~1-40a9d]:main():compute-mfcc-feats.cc:172) Processed 110 utterances
VLOG[2] (compute-mfcc-feats[5.5.141~1-40a9d]:main():compute-mfcc-feats.cc:173) Processed features for key usctimit_ema_f1_137
VLOG[2] (compute-mfcc-feats[5.5.141~1-40a9d]:main():compute-mfcc-feats.cc:173) Processed features for key usctimit_ema_f1_138
VLOG[2] (compute-mfcc-feats[5.5.141~1-40a9d]:main():compute-mfcc-feats.cc:173) Processed features for key usctimit_ema_f1_139
VLOG[2] (compute-mfcc-feats[5.5.141~1-40a9d]:main():compute-mfcc-feats.cc:173) Processed features for key usctimit_ema_f1_140
VLOG[2] (compute-mfcc-feats[5.5.141~1-40a9d]:main():compute-mfcc-feats.cc:173) Processed features for key usctimit_ema_f1_141
VLOG[2] (compute-mfcc-feats[5.5.141~1-40a9d]:main():compute-mfcc-feats.cc:173) Processed features for key usctimit_ema_f1_142
VLOG[2] (compute-mfcc-feats[5.5.141~1-40a9d]:main():compute-mfcc-feats.cc:173) Processed features for key usctimit_ema_f1_143
VLOG[2] (compute-mfcc-feats[5.5.141~1-40a9d]:main():compute-mfcc-feats.cc:173) Processed features for key usctimit_ema_f1_144
VLOG[2] (compute-mfcc-feats[5.5.141~1-40a9d]:main():compute-mfcc-feats.cc:173) Processed features for key usctimit_ema_f1_145
VLOG[2] (compute-mfcc-feats[5.5.141~1-40a9d]:main():compute-mfcc-feats.cc:173) Processed features for key usctimit_ema_f1_146
LOG (compute-mfcc-feats[5.5.141~1-40a9d]:main():compute-mfcc-feats.cc:172) Processed 120 utterances
VLOG[2] (compute-mfcc-feats[5.5.141~1-40a9d]:main():compute-mfcc-feats.cc:173) Processed features for key usctimit_ema_f1_149
VLOG[2] (compute-mfcc-feats[5.5.141~1-40a9d]:main():compute-mfcc-feats.cc:173) Processed features for key usctimit_ema_f1_150
VLOG[2] (compute-mfcc-feats[5.5.141~1-40a9d]:main():compute-mfcc-feats.cc:173) Processed features for key usctimit_ema_f1_151
VLOG[2] (compute-mfcc-feats[5.5.141~1-40a9d]:main():compute-mfcc-feats.cc:173) Processed features for key usctimit_ema_f1_152
VLOG[2] (compute-mfcc-feats[5.5.141~1-40a9d]:main():compute-mfcc-feats.cc:173) Processed features for key usctimit_ema_f1_154
VLOG[2] (compute-mfcc-feats[5.5.141~1-40a9d]:main():compute-mfcc-feats.cc:173) Processed features for key usctimit_ema_f1_155
VLOG[2] (compute-mfcc-feats[5.5.141~1-40a9d]:main():compute-mfcc-feats.cc:173) Processed features for key usctimit_ema_f1_156
VLOG[2] (compute-mfcc-feats[5.5.141~1-40a9d]:main():compute-mfcc-feats.cc:173) Processed features for key usctimit_ema_f1_157
VLOG[2] (compute-mfcc-feats[5.5.141~1-40a9d]:main():compute-mfcc-feats.cc:173) Processed features for key usctimit_ema_f1_158
VLOG[2] (compute-mfcc-feats[5.5.141~1-40a9d]:main():compute-mfcc-feats.cc:173) Processed features for key usctimit_ema_f1_159
LOG (compute-mfcc-feats[5.5.141~1-40a9d]:main():compute-mfcc-feats.cc:172) Processed 130 utterances
VLOG[2] (compute-mfcc-feats[5.5.141~1-40a9d]:main():compute-mfcc-feats.cc:173) Processed features for key usctimit_ema_f1_160
VLOG[2] (compute-mfcc-feats[5.5.141~1-40a9d]:main():compute-mfcc-feats.cc:173) Processed features for key usctimit_ema_f1_161
VLOG[2] (compute-mfcc-feats[5.5.141~1-40a9d]:main():compute-mfcc-feats.cc:173) Processed features for key usctimit_ema_f1_164
VLOG[2] (compute-mfcc-feats[5.5.141~1-40a9d]:main():compute-mfcc-feats.cc:173) Processed features for key usctimit_ema_f1_165
VLOG[2] (compute-mfcc-feats[5.5.141~1-40a9d]:main():compute-mfcc-feats.cc:173) Processed features for key usctimit_ema_f1_166
VLOG[2] (compute-mfcc-feats[5.5.141~1-40a9d]:main():compute-mfcc-feats.cc:173) Processed features for key usctimit_ema_f1_167
VLOG[2] (compute-mfcc-feats[5.5.141~1-40a9d]:main():compute-mfcc-feats.cc:173) Processed features for key usctimit_ema_f1_168
VLOG[2] (compute-mfcc-feats[5.5.141~1-40a9d]:main():compute-mfcc-feats.cc:173) Processed features for key usctimit_ema_f1_169
VLOG[2] (compute-mfcc-feats[5.5.141~1-40a9d]:main():compute-mfcc-feats.cc:173) Processed features for key usctimit_ema_f1_172
VLOG[2] (compute-mfcc-feats[5.5.141~1-40a9d]:main():compute-mfcc-feats.cc:173) Processed features for key usctimit_ema_f1_173
LOG (compute-mfcc-feats[5.5.141~1-40a9d]:main():compute-mfcc-feats.cc:172) Processed 140 utterances
VLOG[2] (compute-mfcc-feats[5.5.141~1-40a9d]:main():compute-mfcc-feats.cc:173) Processed features for key usctimit_ema_f1_174
VLOG[2] (compute-mfcc-feats[5.5.141~1-40a9d]:main():compute-mfcc-feats.cc:173) Processed features for key usctimit_ema_f1_175
VLOG[2] (compute-mfcc-feats[5.5.141~1-40a9d]:main():compute-mfcc-feats.cc:173) Processed features for key usctimit_ema_f1_176
VLOG[2] (compute-mfcc-feats[5.5.141~1-40a9d]:main():compute-mfcc-feats.cc:173) Processed features for key usctimit_ema_f1_177
VLOG[2] (compute-mfcc-feats[5.5.141~1-40a9d]:main():compute-mfcc-feats.cc:173) Processed features for key usctimit_ema_f1_178
VLOG[2] (compute-mfcc-feats[5.5.141~1-40a9d]:main():compute-mfcc-feats.cc:173) Processed features for key usctimit_ema_f1_179
VLOG[2] (compute-mfcc-feats[5.5.141~1-40a9d]:main():compute-mfcc-feats.cc:173) Processed features for key usctimit_ema_f1_180
VLOG[2] (compute-mfcc-feats[5.5.141~1-40a9d]:main():compute-mfcc-feats.cc:173) Processed features for key usctimit_ema_f1_181
VLOG[2] (compute-mfcc-feats[5.5.141~1-40a9d]:main():compute-mfcc-feats.cc:173) Processed features for key usctimit_ema_f1_182
VLOG[2] (compute-mfcc-feats[5.5.141~1-40a9d]:main():compute-mfcc-feats.cc:173) Processed features for key usctimit_ema_f1_183
LOG (compute-mfcc-feats[5.5.141~1-40a9d]:main():compute-mfcc-feats.cc:172) Processed 150 utterances
VLOG[2] (compute-mfcc-feats[5.5.141~1-40a9d]:main():compute-mfcc-feats.cc:173) Processed features for key usctimit_ema_f1_184
VLOG[2] (compute-mfcc-feats[5.5.141~1-40a9d]:main():compute-mfcc-feats.cc:173) Processed features for key usctimit_ema_f1_185
VLOG[2] (compute-mfcc-feats[5.5.141~1-40a9d]:main():compute-mfcc-feats.cc:173) Processed features for key usctimit_ema_f1_186
VLOG[2] (compute-mfcc-feats[5.5.141~1-40a9d]:main():compute-mfcc-feats.cc:173) Processed features for key usctimit_ema_f1_189
VLOG[2] (compute-mfcc-feats[5.5.141~1-40a9d]:main():compute-mfcc-feats.cc:173) Processed features for key usctimit_ema_f1_190
VLOG[2] (compute-mfcc-feats[5.5.141~1-40a9d]:main():compute-mfcc-feats.cc:173) Processed features for key usctimit_ema_f1_191
VLOG[2] (compute-mfcc-feats[5.5.141~1-40a9d]:main():compute-mfcc-feats.cc:173) Processed features for key usctimit_ema_f1_192
VLOG[2] (compute-mfcc-feats[5.5.141~1-40a9d]:main():compute-mfcc-feats.cc:173) Processed features for key usctimit_ema_f1_193
VLOG[2] (compute-mfcc-feats[5.5.141~1-40a9d]:main():compute-mfcc-feats.cc:173) Processed features for key usctimit_ema_f1_194
VLOG[2] (compute-mfcc-feats[5.5.141~1-40a9d]:main():compute-mfcc-feats.cc:173) Processed features for key usctimit_ema_f1_195
LOG (compute-mfcc-feats[5.5.141~1-40a9d]:main():compute-mfcc-feats.cc:172) Processed 160 utterances
VLOG[2] (compute-mfcc-feats[5.5.141~1-40a9d]:main():compute-mfcc-feats.cc:173) Processed features for key usctimit_ema_f1_196
VLOG[2] (compute-mfcc-feats[5.5.141~1-40a9d]:main():compute-mfcc-feats.cc:173) Processed features for key usctimit_ema_f1_197
VLOG[2] (compute-mfcc-feats[5.5.141~1-40a9d]:main():compute-mfcc-feats.cc:173) Processed features for key usctimit_ema_f1_199
VLOG[2] (compute-mfcc-feats[5.5.141~1-40a9d]:main():compute-mfcc-feats.cc:173) Processed features for key usctimit_ema_f1_200
VLOG[2] (compute-mfcc-feats[5.5.141~1-40a9d]:main():compute-mfcc-feats.cc:173) Processed features for key usctimit_ema_f1_201
VLOG[2] (compute-mfcc-feats[5.5.141~1-40a9d]:main():compute-mfcc-feats.cc:173) Processed features for key usctimit_ema_f1_202
VLOG[2] (compute-mfcc-feats[5.5.141~1-40a9d]:main():compute-mfcc-feats.cc:173) Processed features for key usctimit_ema_f1_203
VLOG[2] (compute-mfcc-feats[5.5.141~1-40a9d]:main():compute-mfcc-feats.cc:173) Processed features for key usctimit_ema_f1_206
VLOG[2] (compute-mfcc-feats[5.5.141~1-40a9d]:main():compute-mfcc-feats.cc:173) Processed features for key usctimit_ema_f1_207
VLOG[2] (compute-mfcc-feats[5.5.141~1-40a9d]:main():compute-mfcc-feats.cc:173) Processed features for key usctimit_ema_f1_208
LOG (compute-mfcc-feats[5.5.141~1-40a9d]:main():compute-mfcc-feats.cc:172) Processed 170 utterances
VLOG[2] (compute-mfcc-feats[5.5.141~1-40a9d]:main():compute-mfcc-feats.cc:173) Processed features for key usctimit_ema_f1_210
VLOG[2] (compute-mfcc-feats[5.5.141~1-40a9d]:main():compute-mfcc-feats.cc:173) Processed features for key usctimit_ema_f1_211
VLOG[2] (compute-mfcc-feats[5.5.141~1-40a9d]:main():compute-mfcc-feats.cc:173) Processed features for key usctimit_ema_f1_212
VLOG[2] (compute-mfcc-feats[5.5.141~1-40a9d]:main():compute-mfcc-feats.cc:173) Processed features for key usctimit_ema_f1_214
VLOG[2] (compute-mfcc-feats[5.5.141~1-40a9d]:main():compute-mfcc-feats.cc:173) Processed features for key usctimit_ema_f1_215
VLOG[2] (compute-mfcc-feats[5.5.141~1-40a9d]:main():compute-mfcc-feats.cc:173) Processed features for key usctimit_ema_f1_216
VLOG[2] (compute-mfcc-feats[5.5.141~1-40a9d]:main():compute-mfcc-feats.cc:173) Processed features for key usctimit_ema_f1_217
VLOG[2] (compute-mfcc-feats[5.5.141~1-40a9d]:main():compute-mfcc-feats.cc:173) Processed features for key usctimit_ema_f1_219
VLOG[2] (compute-mfcc-feats[5.5.141~1-40a9d]:main():compute-mfcc-feats.cc:173) Processed features for key usctimit_ema_f1_220
VLOG[2] (compute-mfcc-feats[5.5.141~1-40a9d]:main():compute-mfcc-feats.cc:173) Processed features for key usctimit_ema_f1_221
LOG (compute-mfcc-feats[5.5.141~1-40a9d]:main():compute-mfcc-feats.cc:172) Processed 180 utterances
VLOG[2] (compute-mfcc-feats[5.5.141~1-40a9d]:main():compute-mfcc-feats.cc:173) Processed features for key usctimit_ema_f1_222
VLOG[2] (compute-mfcc-feats[5.5.141~1-40a9d]:main():compute-mfcc-feats.cc:173) Processed features for key usctimit_ema_f1_223
VLOG[2] (compute-mfcc-feats[5.5.141~1-40a9d]:main():compute-mfcc-feats.cc:173) Processed features for key usctimit_ema_f1_224
VLOG[2] (compute-mfcc-feats[5.5.141~1-40a9d]:main():compute-mfcc-feats.cc:173) Processed features for key usctimit_ema_f1_225
VLOG[2] (compute-mfcc-feats[5.5.141~1-40a9d]:main():compute-mfcc-feats.cc:173) Processed features for key usctimit_ema_f1_228
VLOG[2] (compute-mfcc-feats[5.5.141~1-40a9d]:main():compute-mfcc-feats.cc:173) Processed features for key usctimit_ema_f1_229
VLOG[2] (compute-mfcc-feats[5.5.141~1-40a9d]:main():compute-mfcc-feats.cc:173) Processed features for key usctimit_ema_f1_230
VLOG[2] (compute-mfcc-feats[5.5.141~1-40a9d]:main():compute-mfcc-feats.cc:173) Processed features for key usctimit_ema_f1_231
VLOG[2] (compute-mfcc-feats[5.5.141~1-40a9d]:main():compute-mfcc-feats.cc:173) Processed features for key usctimit_ema_f1_232
VLOG[2] (compute-mfcc-feats[5.5.141~1-40a9d]:main():compute-mfcc-feats.cc:173) Processed features for key usctimit_ema_f1_233
LOG (compute-mfcc-feats[5.5.141~1-40a9d]:main():compute-mfcc-feats.cc:172) Processed 190 utterances
VLOG[2] (compute-mfcc-feats[5.5.141~1-40a9d]:main():compute-mfcc-feats.cc:173) Processed features for key usctimit_ema_f1_234
VLOG[2] (compute-mfcc-feats[5.5.141~1-40a9d]:main():compute-mfcc-feats.cc:173) Processed features for key usctimit_ema_f1_235
VLOG[2] (compute-mfcc-feats[5.5.141~1-40a9d]:main():compute-mfcc-feats.cc:173) Processed features for key usctimit_ema_f1_237
VLOG[2] (compute-mfcc-feats[5.5.141~1-40a9d]:main():compute-mfcc-feats.cc:173) Processed features for key usctimit_ema_f1_238
VLOG[2] (compute-mfcc-feats[5.5.141~1-40a9d]:main():compute-mfcc-feats.cc:173) Processed features for key usctimit_ema_f1_240
VLOG[2] (compute-mfcc-feats[5.5.141~1-40a9d]:main():compute-mfcc-feats.cc:173) Processed features for key usctimit_ema_f1_241
VLOG[2] (compute-mfcc-feats[5.5.141~1-40a9d]:main():compute-mfcc-feats.cc:173) Processed features for key usctimit_ema_f1_243
VLOG[2] (compute-mfcc-feats[5.5.141~1-40a9d]:main():compute-mfcc-feats.cc:173) Processed features for key usctimit_ema_f1_245
VLOG[2] (compute-mfcc-feats[5.5.141~1-40a9d]:main():compute-mfcc-feats.cc:173) Processed features for key usctimit_ema_f1_246
VLOG[2] (compute-mfcc-feats[5.5.141~1-40a9d]:main():compute-mfcc-feats.cc:173) Processed features for key usctimit_ema_f1_247
LOG (compute-mfcc-feats[5.5.141~1-40a9d]:main():compute-mfcc-feats.cc:172) Processed 200 utterances
VLOG[2] (compute-mfcc-feats[5.5.141~1-40a9d]:main():compute-mfcc-feats.cc:173) Processed features for key usctimit_ema_f1_248
VLOG[2] (compute-mfcc-feats[5.5.141~1-40a9d]:main():compute-mfcc-feats.cc:173) Processed features for key usctimit_ema_f1_251
VLOG[2] (compute-mfcc-feats[5.5.141~1-40a9d]:main():compute-mfcc-feats.cc:173) Processed features for key usctimit_ema_f1_253
VLOG[2] (compute-mfcc-feats[5.5.141~1-40a9d]:main():compute-mfcc-feats.cc:173) Processed features for key usctimit_ema_f1_254
VLOG[2] (compute-mfcc-feats[5.5.141~1-40a9d]:main():compute-mfcc-feats.cc:173) Processed features for key usctimit_ema_f1_256
VLOG[2] (compute-mfcc-feats[5.5.141~1-40a9d]:main():compute-mfcc-feats.cc:173) Processed features for key usctimit_ema_f1_257
VLOG[2] (compute-mfcc-feats[5.5.141~1-40a9d]:main():compute-mfcc-feats.cc:173) Processed features for key usctimit_ema_f1_259
VLOG[2] (compute-mfcc-feats[5.5.141~1-40a9d]:main():compute-mfcc-feats.cc:173) Processed features for key usctimit_ema_f1_260
VLOG[2] (compute-mfcc-feats[5.5.141~1-40a9d]:main():compute-mfcc-feats.cc:173) Processed features for key usctimit_ema_f1_261
VLOG[2] (compute-mfcc-feats[5.5.141~1-40a9d]:main():compute-mfcc-feats.cc:173) Processed features for key usctimit_ema_f1_263
LOG (compute-mfcc-feats[5.5.141~1-40a9d]:main():compute-mfcc-feats.cc:172) Processed 210 utterances
VLOG[2] (compute-mfcc-feats[5.5.141~1-40a9d]:main():compute-mfcc-feats.cc:173) Processed features for key usctimit_ema_f1_264
VLOG[2] (compute-mfcc-feats[5.5.141~1-40a9d]:main():compute-mfcc-feats.cc:173) Processed features for key usctimit_ema_f1_265
VLOG[2] (compute-mfcc-feats[5.5.141~1-40a9d]:main():compute-mfcc-feats.cc:173) Processed features for key usctimit_ema_f1_266
VLOG[2] (compute-mfcc-feats[5.5.141~1-40a9d]:main():compute-mfcc-feats.cc:173) Processed features for key usctimit_ema_f1_267
VLOG[2] (compute-mfcc-feats[5.5.141~1-40a9d]:main():compute-mfcc-feats.cc:173) Processed features for key usctimit_ema_f1_268
VLOG[2] (compute-mfcc-feats[5.5.141~1-40a9d]:main():compute-mfcc-feats.cc:173) Processed features for key usctimit_ema_f1_269
VLOG[2] (compute-mfcc-feats[5.5.141~1-40a9d]:main():compute-mfcc-feats.cc:173) Processed features for key usctimit_ema_f1_270
VLOG[2] (compute-mfcc-feats[5.5.141~1-40a9d]:main():compute-mfcc-feats.cc:173) Processed features for key usctimit_ema_f1_271
VLOG[2] (compute-mfcc-feats[5.5.141~1-40a9d]:main():compute-mfcc-feats.cc:173) Processed features for key usctimit_ema_f1_272
VLOG[2] (compute-mfcc-feats[5.5.141~1-40a9d]:main():compute-mfcc-feats.cc:173) Processed features for key usctimit_ema_f1_273
LOG (compute-mfcc-feats[5.5.141~1-40a9d]:main():compute-mfcc-feats.cc:172) Processed 220 utterances
VLOG[2] (compute-mfcc-feats[5.5.141~1-40a9d]:main():compute-mfcc-feats.cc:173) Processed features for key usctimit_ema_f1_274
VLOG[2] (compute-mfcc-feats[5.5.141~1-40a9d]:main():compute-mfcc-feats.cc:173) Processed features for key usctimit_ema_f1_275
VLOG[2] (compute-mfcc-feats[5.5.141~1-40a9d]:main():compute-mfcc-feats.cc:173) Processed features for key usctimit_ema_f1_276
VLOG[2] (compute-mfcc-feats[5.5.141~1-40a9d]:main():compute-mfcc-feats.cc:173) Processed features for key usctimit_ema_f1_277
VLOG[2] (compute-mfcc-feats[5.5.141~1-40a9d]:main():compute-mfcc-feats.cc:173) Processed features for key usctimit_ema_f1_278
VLOG[2] (compute-mfcc-feats[5.5.141~1-40a9d]:main():compute-mfcc-feats.cc:173) Processed features for key usctimit_ema_f1_279
VLOG[2] (compute-mfcc-feats[5.5.141~1-40a9d]:main():compute-mfcc-feats.cc:173) Processed features for key usctimit_ema_f1_280
VLOG[2] (compute-mfcc-feats[5.5.141~1-40a9d]:main():compute-mfcc-feats.cc:173) Processed features for key usctimit_ema_f1_281
VLOG[2] (compute-mfcc-feats[5.5.141~1-40a9d]:main():compute-mfcc-feats.cc:173) Processed features for key usctimit_ema_f1_283
VLOG[2] (compute-mfcc-feats[5.5.141~1-40a9d]:main():compute-mfcc-feats.cc:173) Processed features for key usctimit_ema_f1_284
LOG (compute-mfcc-feats[5.5.141~1-40a9d]:main():compute-mfcc-feats.cc:172) Processed 230 utterances
VLOG[2] (compute-mfcc-feats[5.5.141~1-40a9d]:main():compute-mfcc-feats.cc:173) Processed features for key usctimit_ema_f1_285
VLOG[2] (compute-mfcc-feats[5.5.141~1-40a9d]:main():compute-mfcc-feats.cc:173) Processed features for key usctimit_ema_f1_288
VLOG[2] (compute-mfcc-feats[5.5.141~1-40a9d]:main():compute-mfcc-feats.cc:173) Processed features for key usctimit_ema_f1_289
VLOG[2] (compute-mfcc-feats[5.5.141~1-40a9d]:main():compute-mfcc-feats.cc:173) Processed features for key usctimit_ema_f1_292
VLOG[2] (compute-mfcc-feats[5.5.141~1-40a9d]:main():compute-mfcc-feats.cc:173) Processed features for key usctimit_ema_f1_293
VLOG[2] (compute-mfcc-feats[5.5.141~1-40a9d]:main():compute-mfcc-feats.cc:173) Processed features for key usctimit_ema_f1_294
VLOG[2] (compute-mfcc-feats[5.5.141~1-40a9d]:main():compute-mfcc-feats.cc:173) Processed features for key usctimit_ema_f1_295
VLOG[2] (compute-mfcc-feats[5.5.141~1-40a9d]:main():compute-mfcc-feats.cc:173) Processed features for key usctimit_ema_f1_298
VLOG[2] (compute-mfcc-feats[5.5.141~1-40a9d]:main():compute-mfcc-feats.cc:173) Processed features for key usctimit_ema_f1_300
VLOG[2] (compute-mfcc-feats[5.5.141~1-40a9d]:main():compute-mfcc-feats.cc:173) Processed features for key usctimit_ema_f1_301
LOG (compute-mfcc-feats[5.5.141~1-40a9d]:main():compute-mfcc-feats.cc:172) Processed 240 utterances
VLOG[2] (compute-mfcc-feats[5.5.141~1-40a9d]:main():compute-mfcc-feats.cc:173) Processed features for key usctimit_ema_f1_303
VLOG[2] (compute-mfcc-feats[5.5.141~1-40a9d]:main():compute-mfcc-feats.cc:173) Processed features for key usctimit_ema_f1_304
VLOG[2] (compute-mfcc-feats[5.5.141~1-40a9d]:main():compute-mfcc-feats.cc:173) Processed features for key usctimit_ema_f1_305
VLOG[2] (compute-mfcc-feats[5.5.141~1-40a9d]:main():compute-mfcc-feats.cc:173) Processed features for key usctimit_ema_f1_306
VLOG[2] (compute-mfcc-feats[5.5.141~1-40a9d]:main():compute-mfcc-feats.cc:173) Processed features for key usctimit_ema_f1_307
VLOG[2] (compute-mfcc-feats[5.5.141~1-40a9d]:main():compute-mfcc-feats.cc:173) Processed features for key usctimit_ema_f1_308
VLOG[2] (compute-mfcc-feats[5.5.141~1-40a9d]:main():compute-mfcc-feats.cc:173) Processed features for key usctimit_ema_f1_309
VLOG[2] (compute-mfcc-feats[5.5.141~1-40a9d]:main():compute-mfcc-feats.cc:173) Processed features for key usctimit_ema_f1_310
VLOG[2] (compute-mfcc-feats[5.5.141~1-40a9d]:main():compute-mfcc-feats.cc:173) Processed features for key usctimit_ema_f1_312
VLOG[2] (compute-mfcc-feats[5.5.141~1-40a9d]:main():compute-mfcc-feats.cc:173) Processed features for key usctimit_ema_f1_313
LOG (compute-mfcc-feats[5.5.141~1-40a9d]:main():compute-mfcc-feats.cc:172) Processed 250 utterances
VLOG[2] (compute-mfcc-feats[5.5.141~1-40a9d]:main():compute-mfcc-feats.cc:173) Processed features for key usctimit_ema_f1_314
VLOG[2] (compute-mfcc-feats[5.5.141~1-40a9d]:main():compute-mfcc-feats.cc:173) Processed features for key usctimit_ema_f1_315
VLOG[2] (compute-mfcc-feats[5.5.141~1-40a9d]:main():compute-mfcc-feats.cc:173) Processed features for key usctimit_ema_f1_316
VLOG[2] (compute-mfcc-feats[5.5.141~1-40a9d]:main():compute-mfcc-feats.cc:173) Processed features for key usctimit_ema_f1_318
VLOG[2] (compute-mfcc-feats[5.5.141~1-40a9d]:main():compute-mfcc-feats.cc:173) Processed features for key usctimit_ema_f1_319
VLOG[2] (compute-mfcc-feats[5.5.141~1-40a9d]:main():compute-mfcc-feats.cc:173) Processed features for key usctimit_ema_f1_321
VLOG[2] (compute-mfcc-feats[5.5.141~1-40a9d]:main():compute-mfcc-feats.cc:173) Processed features for key usctimit_ema_f1_324
VLOG[2] (compute-mfcc-feats[5.5.141~1-40a9d]:main():compute-mfcc-feats.cc:173) Processed features for key usctimit_ema_f1_327
VLOG[2] (compute-mfcc-feats[5.5.141~1-40a9d]:main():compute-mfcc-feats.cc:173) Processed features for key usctimit_ema_f1_328
VLOG[2] (compute-mfcc-feats[5.5.141~1-40a9d]:main():compute-mfcc-feats.cc:173) Processed features for key usctimit_ema_f1_329
LOG (compute-mfcc-feats[5.5.141~1-40a9d]:main():compute-mfcc-feats.cc:172) Processed 260 utterances
VLOG[2] (compute-mfcc-feats[5.5.141~1-40a9d]:main():compute-mfcc-feats.cc:173) Processed features for key usctimit_ema_f1_330
VLOG[2] (compute-mfcc-feats[5.5.141~1-40a9d]:main():compute-mfcc-feats.cc:173) Processed features for key usctimit_ema_f1_331
VLOG[2] (compute-mfcc-feats[5.5.141~1-40a9d]:main():compute-mfcc-feats.cc:173) Processed features for key usctimit_ema_f1_332
VLOG[2] (compute-mfcc-feats[5.5.141~1-40a9d]:main():compute-mfcc-feats.cc:173) Processed features for key usctimit_ema_f1_333
VLOG[2] (compute-mfcc-feats[5.5.141~1-40a9d]:main():compute-mfcc-feats.cc:173) Processed features for key usctimit_ema_f1_334
VLOG[2] (compute-mfcc-feats[5.5.141~1-40a9d]:main():compute-mfcc-feats.cc:173) Processed features for key usctimit_ema_f1_335
VLOG[2] (compute-mfcc-feats[5.5.141~1-40a9d]:main():compute-mfcc-feats.cc:173) Processed features for key usctimit_ema_f1_336
VLOG[2] (compute-mfcc-feats[5.5.141~1-40a9d]:main():compute-mfcc-feats.cc:173) Processed features for key usctimit_ema_f1_337
VLOG[2] (compute-mfcc-feats[5.5.141~1-40a9d]:main():compute-mfcc-feats.cc:173) Processed features for key usctimit_ema_f1_338
VLOG[2] (compute-mfcc-feats[5.5.141~1-40a9d]:main():compute-mfcc-feats.cc:173) Processed features for key usctimit_ema_f1_339
LOG (compute-mfcc-feats[5.5.141~1-40a9d]:main():compute-mfcc-feats.cc:172) Processed 270 utterances
VLOG[2] (compute-mfcc-feats[5.5.141~1-40a9d]:main():compute-mfcc-feats.cc:173) Processed features for key usctimit_ema_f1_340
VLOG[2] (compute-mfcc-feats[5.5.141~1-40a9d]:main():compute-mfcc-feats.cc:173) Processed features for key usctimit_ema_f1_341
VLOG[2] (compute-mfcc-feats[5.5.141~1-40a9d]:main():compute-mfcc-feats.cc:173) Processed features for key usctimit_ema_f1_343
VLOG[2] (compute-mfcc-feats[5.5.141~1-40a9d]:main():compute-mfcc-feats.cc:173) Processed features for key usctimit_ema_f1_344
VLOG[2] (compute-mfcc-feats[5.5.141~1-40a9d]:main():compute-mfcc-feats.cc:173) Processed features for key usctimit_ema_f1_345
VLOG[2] (compute-mfcc-feats[5.5.141~1-40a9d]:main():compute-mfcc-feats.cc:173) Processed features for key usctimit_ema_f1_348
VLOG[2] (compute-mfcc-feats[5.5.141~1-40a9d]:main():compute-mfcc-feats.cc:173) Processed features for key usctimit_ema_f1_349
VLOG[2] (compute-mfcc-feats[5.5.141~1-40a9d]:main():compute-mfcc-feats.cc:173) Processed features for key usctimit_ema_f1_350
VLOG[2] (compute-mfcc-feats[5.5.141~1-40a9d]:main():compute-mfcc-feats.cc:173) Processed features for key usctimit_ema_f1_351
VLOG[2] (compute-mfcc-feats[5.5.141~1-40a9d]:main():compute-mfcc-feats.cc:173) Processed features for key usctimit_ema_f1_352
LOG (compute-mfcc-feats[5.5.141~1-40a9d]:main():compute-mfcc-feats.cc:172) Processed 280 utterances
VLOG[2] (compute-mfcc-feats[5.5.141~1-40a9d]:main():compute-mfcc-feats.cc:173) Processed features for key usctimit_ema_f1_353
VLOG[2] (compute-mfcc-feats[5.5.141~1-40a9d]:main():compute-mfcc-feats.cc:173) Processed features for key usctimit_ema_f1_354
VLOG[2] (compute-mfcc-feats[5.5.141~1-40a9d]:main():compute-mfcc-feats.cc:173) Processed features for key usctimit_ema_f1_355
VLOG[2] (compute-mfcc-feats[5.5.141~1-40a9d]:main():compute-mfcc-feats.cc:173) Processed features for key usctimit_ema_f1_357
VLOG[2] (compute-mfcc-feats[5.5.141~1-40a9d]:main():compute-mfcc-feats.cc:173) Processed features for key usctimit_ema_f1_358
VLOG[2] (compute-mfcc-feats[5.5.141~1-40a9d]:main():compute-mfcc-feats.cc:173) Processed features for key usctimit_ema_f1_359
VLOG[2] (compute-mfcc-feats[5.5.141~1-40a9d]:main():compute-mfcc-feats.cc:173) Processed features for key usctimit_ema_f1_361
VLOG[2] (compute-mfcc-feats[5.5.141~1-40a9d]:main():compute-mfcc-feats.cc:173) Processed features for key usctimit_ema_f1_363
VLOG[2] (compute-mfcc-feats[5.5.141~1-40a9d]:main():compute-mfcc-feats.cc:173) Processed features for key usctimit_ema_f1_365
VLOG[2] (compute-mfcc-feats[5.5.141~1-40a9d]:main():compute-mfcc-feats.cc:173) Processed features for key usctimit_ema_f1_366
LOG (compute-mfcc-feats[5.5.141~1-40a9d]:main():compute-mfcc-feats.cc:172) Processed 290 utterances
VLOG[2] (compute-mfcc-feats[5.5.141~1-40a9d]:main():compute-mfcc-feats.cc:173) Processed features for key usctimit_ema_f1_367
VLOG[2] (compute-mfcc-feats[5.5.141~1-40a9d]:main():compute-mfcc-feats.cc:173) Processed features for key usctimit_ema_f1_369
VLOG[2] (compute-mfcc-feats[5.5.141~1-40a9d]:main():compute-mfcc-feats.cc:173) Processed features for key usctimit_ema_f1_370
VLOG[2] (compute-mfcc-feats[5.5.141~1-40a9d]:main():compute-mfcc-feats.cc:173) Processed features for key usctimit_ema_f1_371
VLOG[2] (compute-mfcc-feats[5.5.141~1-40a9d]:main():compute-mfcc-feats.cc:173) Processed features for key usctimit_ema_f1_372
VLOG[2] (compute-mfcc-feats[5.5.141~1-40a9d]:main():compute-mfcc-feats.cc:173) Processed features for key usctimit_ema_f1_373
VLOG[2] (compute-mfcc-feats[5.5.141~1-40a9d]:main():compute-mfcc-feats.cc:173) Processed features for key usctimit_ema_f1_374
VLOG[2] (compute-mfcc-feats[5.5.141~1-40a9d]:main():compute-mfcc-feats.cc:173) Processed features for key usctimit_ema_f1_375
VLOG[2] (compute-mfcc-feats[5.5.141~1-40a9d]:main():compute-mfcc-feats.cc:173) Processed features for key usctimit_ema_f1_376
VLOG[2] (compute-mfcc-feats[5.5.141~1-40a9d]:main():compute-mfcc-feats.cc:173) Processed features for key usctimit_ema_f1_377
LOG (compute-mfcc-feats[5.5.141~1-40a9d]:main():compute-mfcc-feats.cc:172) Processed 300 utterances
VLOG[2] (compute-mfcc-feats[5.5.141~1-40a9d]:main():compute-mfcc-feats.cc:173) Processed features for key usctimit_ema_f1_378
VLOG[2] (compute-mfcc-feats[5.5.141~1-40a9d]:main():compute-mfcc-feats.cc:173) Processed features for key usctimit_ema_f1_379
VLOG[2] (compute-mfcc-feats[5.5.141~1-40a9d]:main():compute-mfcc-feats.cc:173) Processed features for key usctimit_ema_f1_380
VLOG[2] (compute-mfcc-feats[5.5.141~1-40a9d]:main():compute-mfcc-feats.cc:173) Processed features for key usctimit_ema_f1_381
VLOG[2] (compute-mfcc-feats[5.5.141~1-40a9d]:main():compute-mfcc-feats.cc:173) Processed features for key usctimit_ema_f1_383
VLOG[2] (compute-mfcc-feats[5.5.141~1-40a9d]:main():compute-mfcc-feats.cc:173) Processed features for key usctimit_ema_f1_384
VLOG[2] (compute-mfcc-feats[5.5.141~1-40a9d]:main():compute-mfcc-feats.cc:173) Processed features for key usctimit_ema_f1_385
VLOG[2] (compute-mfcc-feats[5.5.141~1-40a9d]:main():compute-mfcc-feats.cc:173) Processed features for key usctimit_ema_f1_386
VLOG[2] (compute-mfcc-feats[5.5.141~1-40a9d]:main():compute-mfcc-feats.cc:173) Processed features for key usctimit_ema_f1_387
VLOG[2] (compute-mfcc-feats[5.5.141~1-40a9d]:main():compute-mfcc-feats.cc:173) Processed features for key usctimit_ema_f1_388
LOG (compute-mfcc-feats[5.5.141~1-40a9d]:main():compute-mfcc-feats.cc:172) Processed 310 utterances
VLOG[2] (compute-mfcc-feats[5.5.141~1-40a9d]:main():compute-mfcc-feats.cc:173) Processed features for key usctimit_ema_f1_389
VLOG[2] (compute-mfcc-feats[5.5.141~1-40a9d]:main():compute-mfcc-feats.cc:173) Processed features for key usctimit_ema_f1_390
VLOG[2] (compute-mfcc-feats[5.5.141~1-40a9d]:main():compute-mfcc-feats.cc:173) Processed features for key usctimit_ema_f1_391
VLOG[2] (compute-mfcc-feats[5.5.141~1-40a9d]:main():compute-mfcc-feats.cc:173) Processed features for key usctimit_ema_f1_393
VLOG[2] (compute-mfcc-feats[5.5.141~1-40a9d]:main():compute-mfcc-feats.cc:173) Processed features for key usctimit_ema_f1_395
VLOG[2] (compute-mfcc-feats[5.5.141~1-40a9d]:main():compute-mfcc-feats.cc:173) Processed features for key usctimit_ema_f1_396
VLOG[2] (compute-mfcc-feats[5.5.141~1-40a9d]:main():compute-mfcc-feats.cc:173) Processed features for key usctimit_ema_f1_399
VLOG[2] (compute-mfcc-feats[5.5.141~1-40a9d]:main():compute-mfcc-feats.cc:173) Processed features for key usctimit_ema_f1_401
VLOG[2] (compute-mfcc-feats[5.5.141~1-40a9d]:main():compute-mfcc-feats.cc:173) Processed features for key usctimit_ema_f1_403
VLOG[2] (compute-mfcc-feats[5.5.141~1-40a9d]:main():compute-mfcc-feats.cc:173) Processed features for key usctimit_ema_f1_404
LOG (compute-mfcc-feats[5.5.141~1-40a9d]:main():compute-mfcc-feats.cc:172) Processed 320 utterances
VLOG[2] (compute-mfcc-feats[5.5.141~1-40a9d]:main():compute-mfcc-feats.cc:173) Processed features for key usctimit_ema_f1_406
VLOG[2] (compute-mfcc-feats[5.5.141~1-40a9d]:main():compute-mfcc-feats.cc:173) Processed features for key usctimit_ema_f1_407
VLOG[2] (compute-mfcc-feats[5.5.141~1-40a9d]:main():compute-mfcc-feats.cc:173) Processed features for key usctimit_ema_f1_409
VLOG[2] (compute-mfcc-feats[5.5.141~1-40a9d]:main():compute-mfcc-feats.cc:173) Processed features for key usctimit_ema_f1_411
VLOG[2] (compute-mfcc-feats[5.5.141~1-40a9d]:main():compute-mfcc-feats.cc:173) Processed features for key usctimit_ema_f1_412
VLOG[2] (compute-mfcc-feats[5.5.141~1-40a9d]:main():compute-mfcc-feats.cc:173) Processed features for key usctimit_ema_f1_413
VLOG[2] (compute-mfcc-feats[5.5.141~1-40a9d]:main():compute-mfcc-feats.cc:173) Processed features for key usctimit_ema_f1_415
VLOG[2] (compute-mfcc-feats[5.5.141~1-40a9d]:main():compute-mfcc-feats.cc:173) Processed features for key usctimit_ema_f1_416
VLOG[2] (compute-mfcc-feats[5.5.141~1-40a9d]:main():compute-mfcc-feats.cc:173) Processed features for key usctimit_ema_f1_417
VLOG[2] (compute-mfcc-feats[5.5.141~1-40a9d]:main():compute-mfcc-feats.cc:173) Processed features for key usctimit_ema_f1_418
LOG (compute-mfcc-feats[5.5.141~1-40a9d]:main():compute-mfcc-feats.cc:172) Processed 330 utterances
VLOG[2] (compute-mfcc-feats[5.5.141~1-40a9d]:main():compute-mfcc-feats.cc:173) Processed features for key usctimit_ema_f1_419
VLOG[2] (compute-mfcc-feats[5.5.141~1-40a9d]:main():compute-mfcc-feats.cc:173) Processed features for key usctimit_ema_f1_420
VLOG[2] (compute-mfcc-feats[5.5.141~1-40a9d]:main():compute-mfcc-feats.cc:173) Processed features for key usctimit_ema_f1_421
VLOG[2] (compute-mfcc-feats[5.5.141~1-40a9d]:main():compute-mfcc-feats.cc:173) Processed features for key usctimit_ema_f1_422
VLOG[2] (compute-mfcc-feats[5.5.141~1-40a9d]:main():compute-mfcc-feats.cc:173) Processed features for key usctimit_ema_f1_423
VLOG[2] (compute-mfcc-feats[5.5.141~1-40a9d]:main():compute-mfcc-feats.cc:173) Processed features for key usctimit_ema_f1_424
VLOG[2] (compute-mfcc-feats[5.5.141~1-40a9d]:main():compute-mfcc-feats.cc:173) Processed features for key usctimit_ema_f1_425
VLOG[2] (compute-mfcc-feats[5.5.141~1-40a9d]:main():compute-mfcc-feats.cc:173) Processed features for key usctimit_ema_f1_426
VLOG[2] (compute-mfcc-feats[5.5.141~1-40a9d]:main():compute-mfcc-feats.cc:173) Processed features for key usctimit_ema_f1_427
VLOG[2] (compute-mfcc-feats[5.5.141~1-40a9d]:main():compute-mfcc-feats.cc:173) Processed features for key usctimit_ema_f1_428
LOG (compute-mfcc-feats[5.5.141~1-40a9d]:main():compute-mfcc-feats.cc:172) Processed 340 utterances
VLOG[2] (compute-mfcc-feats[5.5.141~1-40a9d]:main():compute-mfcc-feats.cc:173) Processed features for key usctimit_ema_f1_429
VLOG[2] (compute-mfcc-feats[5.5.141~1-40a9d]:main():compute-mfcc-feats.cc:173) Processed features for key usctimit_ema_f1_430
VLOG[2] (compute-mfcc-feats[5.5.141~1-40a9d]:main():compute-mfcc-feats.cc:173) Processed features for key usctimit_ema_f1_431
VLOG[2] (compute-mfcc-feats[5.5.141~1-40a9d]:main():compute-mfcc-feats.cc:173) Processed features for key usctimit_ema_f1_432
VLOG[2] (compute-mfcc-feats[5.5.141~1-40a9d]:main():compute-mfcc-feats.cc:173) Processed features for key usctimit_ema_f1_433
VLOG[2] (compute-mfcc-feats[5.5.141~1-40a9d]:main():compute-mfcc-feats.cc:173) Processed features for key usctimit_ema_f1_434
VLOG[2] (compute-mfcc-feats[5.5.141~1-40a9d]:main():compute-mfcc-feats.cc:173) Processed features for key usctimit_ema_f1_435
VLOG[2] (compute-mfcc-feats[5.5.141~1-40a9d]:main():compute-mfcc-feats.cc:173) Processed features for key usctimit_ema_f1_436
VLOG[2] (compute-mfcc-feats[5.5.141~1-40a9d]:main():compute-mfcc-feats.cc:173) Processed features for key usctimit_ema_f1_437
VLOG[2] (compute-mfcc-feats[5.5.141~1-40a9d]:main():compute-mfcc-feats.cc:173) Processed features for key usctimit_ema_f1_438
LOG (compute-mfcc-feats[5.5.141~1-40a9d]:main():compute-mfcc-feats.cc:172) Processed 350 utterances
VLOG[2] (compute-mfcc-feats[5.5.141~1-40a9d]:main():compute-mfcc-feats.cc:173) Processed features for key usctimit_ema_f1_439
VLOG[2] (compute-mfcc-feats[5.5.141~1-40a9d]:main():compute-mfcc-feats.cc:173) Processed features for key usctimit_ema_f1_440
VLOG[2] (compute-mfcc-feats[5.5.141~1-40a9d]:main():compute-mfcc-feats.cc:173) Processed features for key usctimit_ema_f1_441
VLOG[2] (compute-mfcc-feats[5.5.141~1-40a9d]:main():compute-mfcc-feats.cc:173) Processed features for key usctimit_ema_f1_442
VLOG[2] (compute-mfcc-feats[5.5.141~1-40a9d]:main():compute-mfcc-feats.cc:173) Processed features for key usctimit_ema_f1_443
VLOG[2] (compute-mfcc-feats[5.5.141~1-40a9d]:main():compute-mfcc-feats.cc:173) Processed features for key usctimit_ema_f1_444
VLOG[2] (compute-mfcc-feats[5.5.141~1-40a9d]:main():compute-mfcc-feats.cc:173) Processed features for key usctimit_ema_f1_446
VLOG[2] (compute-mfcc-feats[5.5.141~1-40a9d]:main():compute-mfcc-feats.cc:173) Processed features for key usctimit_ema_f1_447
VLOG[2] (compute-mfcc-feats[5.5.141~1-40a9d]:main():compute-mfcc-feats.cc:173) Processed features for key usctimit_ema_f1_448
VLOG[2] (compute-mfcc-feats[5.5.141~1-40a9d]:main():compute-mfcc-feats.cc:173) Processed features for key usctimit_ema_f1_450
LOG (compute-mfcc-feats[5.5.141~1-40a9d]:main():compute-mfcc-feats.cc:172) Processed 360 utterances
VLOG[2] (compute-mfcc-feats[5.5.141~1-40a9d]:main():compute-mfcc-feats.cc:173) Processed features for key usctimit_ema_f1_452
VLOG[2] (compute-mfcc-feats[5.5.141~1-40a9d]:main():compute-mfcc-feats.cc:173) Processed features for key usctimit_ema_f1_454
VLOG[2] (compute-mfcc-feats[5.5.141~1-40a9d]:main():compute-mfcc-feats.cc:173) Processed features for key usctimit_ema_f1_455
VLOG[2] (compute-mfcc-feats[5.5.141~1-40a9d]:main():compute-mfcc-feats.cc:173) Processed features for key usctimit_ema_f1_457
VLOG[2] (compute-mfcc-feats[5.5.141~1-40a9d]:main():compute-mfcc-feats.cc:173) Processed features for key usctimit_ema_f1_458
VLOG[2] (compute-mfcc-feats[5.5.141~1-40a9d]:main():compute-mfcc-feats.cc:173) Processed features for key usctimit_ema_f1_459
VLOG[2] (compute-mfcc-feats[5.5.141~1-40a9d]:main():compute-mfcc-feats.cc:173) Processed features for key usctimit_ema_f5_001
VLOG[2] (compute-mfcc-feats[5.5.141~1-40a9d]:main():compute-mfcc-feats.cc:173) Processed features for key usctimit_ema_f5_002
LOG (compute-mfcc-feats[5.5.141~1-40a9d]:main():compute-mfcc-feats.cc:176)  Done 367 out of 367 utterances.
LOG (copy-feats[5.5.141~1-40a9d]:main():copy-feats.cc:143) Copied 367 feature matrices.
# Accounting: time=60 threads=1
# Ended (code 0) at Mon Dec 24 04:32:11 EET 2018, elapsed time 60 seconds
