# gunzip -c exp/bg/mono/decode/depth_stats_tmp.*.gz | steps/diagnostic/analyze_lattice_depth_stats.py exp/bg/mono/graph 
# Started at Mon Dec 24 21:08:29 EET 2018
#
The total amount of data analyzed assuming 100 frames per second is 0.2 hours
Overall, lattice depth (10,50,90-percentile)=(3,17,106) and mean=62.8
Nonsilence phones as a group account for 54.4% of frames, with lattice depth (10,50,90-percentile)=(7,34,179) and mean=94.1
Phone sil_S accounts for 34.8% of frames, with lattice depth (10,50,90-percentile)=(3,9,28) and mean=13.9
Phone sil accounts for 10.8% of frames, with lattice depth (10,50,90-percentile)=(2,9,39) and mean=62.9
Phone iy_S accounts for 3.6% of frames, with lattice depth (10,50,90-percentile)=(6,26,132) and mean=56.7
Phone s_S accounts for 3.4% of frames, with lattice depth (10,50,90-percentile)=(9,25,120) and mean=62.0
Phone z_S accounts for 3.3% of frames, with lattice depth (10,50,90-percentile)=(3,22,95) and mean=48.8
Phone ah_S accounts for 3.1% of frames, with lattice depth (10,50,90-percentile)=(17,57,306) and mean=151.9
Phone l_S accounts for 3.0% of frames, with lattice depth (10,50,90-percentile)=(8,34,185) and mean=104.1
Phone n_S accounts for 2.8% of frames, with lattice depth (10,50,90-percentile)=(11,49,246) and mean=146.5
Phone er_S accounts for 2.6% of frames, with lattice depth (10,50,90-percentile)=(5,29,111) and mean=50.5
Phone t_S accounts for 2.3% of frames, with lattice depth (10,50,90-percentile)=(16,63,279) and mean=199.1
Phone ih_S accounts for 2.2% of frames, with lattice depth (10,50,90-percentile)=(14,54,315) and mean=154.4
Phone k_S accounts for 2.0% of frames, with lattice depth (10,50,90-percentile)=(7,38,195) and mean=79.6
Phone r_S accounts for 2.0% of frames, with lattice depth (10,50,90-percentile)=(8,36,161) and mean=81.2
Phone aa_S accounts for 1.8% of frames, with lattice depth (10,50,90-percentile)=(7,25,133) and mean=102.7
Phone f_S accounts for 1.6% of frames, with lattice depth (10,50,90-percentile)=(8,30,138) and mean=71.3
Phone m_S accounts for 1.5% of frames, with lattice depth (10,50,90-percentile)=(9,39,258) and mean=92.9
Phone p_S accounts for 1.5% of frames, with lattice depth (10,50,90-percentile)=(10,43,164) and mean=80.4
Phone ay_S accounts for 1.4% of frames, with lattice depth (10,50,90-percentile)=(6,26,78) and mean=36.0
Phone ae_S accounts for 1.4% of frames, with lattice depth (10,50,90-percentile)=(7,30,114) and mean=58.7
Phone sh_S accounts for 1.3% of frames, with lattice depth (10,50,90-percentile)=(4,14,49) and mean=36.3
Phone ao_S accounts for 1.1% of frames, with lattice depth (10,50,90-percentile)=(3,24,97) and mean=40.8
Phone ey_S accounts for 1.1% of frames, with lattice depth (10,50,90-percentile)=(6,26,97) and mean=74.8
Phone w_S accounts for 1.0% of frames, with lattice depth (10,50,90-percentile)=(3,25,116) and mean=48.9
Phone ch_S accounts for 1.0% of frames, with lattice depth (10,50,90-percentile)=(8,31,118) and mean=88.9
Phone d_S accounts for 1.0% of frames, with lattice depth (10,50,90-percentile)=(23,79,368) and mean=171.9
Phone eh_S accounts for 0.9% of frames, with lattice depth (10,50,90-percentile)=(13,53,361) and mean=209.1
Phone uw_S accounts for 0.9% of frames, with lattice depth (10,50,90-percentile)=(11,34,136) and mean=81.9
Phone ow_S accounts for 0.9% of frames, with lattice depth (10,50,90-percentile)=(9,48,201) and mean=105.2
Phone b_S accounts for 0.9% of frames, with lattice depth (10,50,90-percentile)=(11,56,360) and mean=186.2
Phone ng_S accounts for 0.8% of frames, with lattice depth (10,50,90-percentile)=(7,28,151) and mean=76.0
Phone dh_S accounts for 0.7% of frames, with lattice depth (10,50,90-percentile)=(4,23,193) and mean=83.1
Phone aw_S accounts for 0.5% of frames, with lattice depth (10,50,90-percentile)=(6,17,102) and mean=43.4
Phone jh_S accounts for 0.5% of frames, with lattice depth (10,50,90-percentile)=(9,44,220) and mean=149.7
# Accounting: time=0 threads=1
# Ended (code 0) at Mon Dec 24 21:08:29 EET 2018, elapsed time 0 seconds
