# gmm-latgen-faster --max-active=7000 --beam=13.0 --lattice-beam=6.0 --acoustic-scale=0.083333 --allow-partial=true --word-symbol-table=exp/bg/mono/graph/words.txt exp/bg/mono/final.mdl exp/bg/mono/graph/HCLG.fst "ark,s,cs:apply-cmvn  --utt2spk=ark:data/dev/split4/3/utt2spk scp:data/dev/split4/3/cmvn.scp scp:data/dev/split4/3/feats.scp ark:- | add-deltas  ark:- ark:- |" "ark:|gzip -c > exp/bg/mono/decode/lat.3.gz" 
# Started at Mon Dec 24 21:07:28 EET 2018
#
gmm-latgen-faster --max-active=7000 --beam=13.0 --lattice-beam=6.0 --acoustic-scale=0.083333 --allow-partial=true --word-symbol-table=exp/bg/mono/graph/words.txt exp/bg/mono/final.mdl exp/bg/mono/graph/HCLG.fst 'ark,s,cs:apply-cmvn  --utt2spk=ark:data/dev/split4/3/utt2spk scp:data/dev/split4/3/cmvn.scp scp:data/dev/split4/3/feats.scp ark:- | add-deltas  ark:- ark:- |' 'ark:|gzip -c > exp/bg/mono/decode/lat.3.gz' 
add-deltas ark:- ark:- 
apply-cmvn --utt2spk=ark:data/dev/split4/3/utt2spk scp:data/dev/split4/3/cmvn.scp scp:data/dev/split4/3/feats.scp ark:- 
usctimit_ema_m1_006 sil w ay y ao l er w ao r iy f r s ah l iy ae t ah m z sil 
LOG (gmm-latgen-faster[5.5.141~1-40a9d]:DecodeUtteranceLatticeFaster():decoder-wrappers.cc:289) Log-like per frame for utterance usctimit_ema_m1_006 is -7.17935 over 381 frames.
usctimit_ema_m1_010 sil w ao r aa r w ao r iy ow l ih l iy sil 
LOG (gmm-latgen-faster[5.5.141~1-40a9d]:DecodeUtteranceLatticeFaster():decoder-wrappers.cc:289) Log-like per frame for utterance usctimit_ema_m1_010 is -6.84465 over 306 frames.
usctimit_ema_m1_012 sil dh iy f ao f er z ih z ih z ae m er v y uw eh v er f ao m ah l sil 
LOG (gmm-latgen-faster[5.5.141~1-40a9d]:DecodeUtteranceLatticeFaster():decoder-wrappers.cc:289) Log-like per frame for utterance usctimit_ema_m1_012 is -7.21302 over 456 frames.
usctimit_ema_m1_051 sil dh ih k aa k er b iy sh ah b ow b iy k r dh iy p ih sh iy ey d sil 
LOG (gmm-latgen-faster[5.5.141~1-40a9d]:DecodeUtteranceLatticeFaster():decoder-wrappers.cc:289) Log-like per frame for utterance usctimit_ema_m1_051 is -7.4316 over 421 frames.
usctimit_ema_m1_090 sil y uw m ah s ih s p l s ah l iy b ah l iy f ay l z sil 
LOG (gmm-latgen-faster[5.5.141~1-40a9d]:DecodeUtteranceLatticeFaster():decoder-wrappers.cc:289) Log-like per frame for utterance usctimit_ema_m1_090 is -7.31786 over 356 frames.
usctimit_ema_m1_095 sil dh iy b eh s w ey t ah l er s ah s ah l k t er p r aa b l z sil 
LOG (gmm-latgen-faster[5.5.141~1-40a9d]:DecodeUtteranceLatticeFaster():decoder-wrappers.cc:289) Log-like per frame for utterance usctimit_ema_m1_095 is -7.27343 over 420 frames.
usctimit_ema_m1_098 sil ah m ah s y uw r ae t ah n s k ih f r iy b ae t sil 
LOG (gmm-latgen-faster[5.5.141~1-40a9d]:DecodeUtteranceLatticeFaster():decoder-wrappers.cc:289) Log-like per frame for utterance usctimit_ema_m1_098 is -6.98749 over 421 frames.
usctimit_ema_m1_099 sil dh iy k aa t uw f iy ch er z ah m ah s p r ae k ah t ae p l sil 
LOG (gmm-latgen-faster[5.5.141~1-40a9d]:DecodeUtteranceLatticeFaster():decoder-wrappers.cc:289) Log-like per frame for utterance usctimit_ema_m1_099 is -6.89582 over 495 frames.
usctimit_ema_m1_137 sil k ah l th ih k ae k ah t uw z jh eh jh p ay s t ae n er w ay s t ae s sil 
LOG (gmm-latgen-faster[5.5.141~1-40a9d]:DecodeUtteranceLatticeFaster():decoder-wrappers.cc:289) Log-like per frame for utterance usctimit_ema_m1_137 is -7.23028 over 499 frames.
usctimit_ema_m1_139 sil w er k ah n t ey n t uw m ah ch k ao r iy n s aw n d ih z ay z sil 
LOG (gmm-latgen-faster[5.5.141~1-40a9d]:DecodeUtteranceLatticeFaster():decoder-wrappers.cc:289) Log-like per frame for utterance usctimit_ema_m1_139 is -6.83733 over 571 frames.
usctimit_ema_m1_145 sil eh s ah p r k aa sh ah n iy l w ao z b ay b ah n hh aw er f r dh ae s t r aa k l sil 
LOG (gmm-latgen-faster[5.5.141~1-40a9d]:DecodeUtteranceLatticeFaster():decoder-wrappers.cc:289) Log-like per frame for utterance usctimit_ema_m1_145 is -7.31993 over 546 frames.
usctimit_ema_m1_158 sil b ay n ih f er b r d hh ao r f r k ao r z ah n t w ih sh ah n ah n eh k s p r t iy z sil 
LOG (gmm-latgen-faster[5.5.141~1-40a9d]:DecodeUtteranceLatticeFaster():decoder-wrappers.cc:289) Log-like per frame for utterance usctimit_ema_m1_158 is -7.09986 over 573 frames.
usctimit_ema_m1_160 sil ch ih ng k er jh t er ch ah l d ah n t ah m ey k eh r ow hh aw w ih ng k aa s t ih n sil 
LOG (gmm-latgen-faster[5.5.141~1-40a9d]:DecodeUtteranceLatticeFaster():decoder-wrappers.cc:289) Log-like per frame for utterance usctimit_ema_m1_160 is -7.2953 over 512 frames.
usctimit_ema_m1_162 sil ah m ao s t ah l k ah l jh ih z ah n ow k ow l ah ch ey sh ah l sil 
LOG (gmm-latgen-faster[5.5.141~1-40a9d]:DecodeUtteranceLatticeFaster():decoder-wrappers.cc:289) Log-like per frame for utterance usctimit_ema_m1_162 is -6.95565 over 506 frames.
usctimit_ema_m1_164 sil f ih k uw z aa n dh iy t uw sil 
LOG (gmm-latgen-faster[5.5.141~1-40a9d]:DecodeUtteranceLatticeFaster():decoder-wrappers.cc:289) Log-like per frame for utterance usctimit_ema_m1_164 is -6.87362 over 407 frames.
usctimit_ema_m1_166 sil dh iy k ae k s m iy l z hh er w iy er z sil 
LOG (gmm-latgen-faster[5.5.141~1-40a9d]:DecodeUtteranceLatticeFaster():decoder-wrappers.cc:289) Log-like per frame for utterance usctimit_ema_m1_166 is -6.72471 over 380 frames.
usctimit_ema_m1_169 sil dh iy aa f ih ng g ow aw n iy d ih ng sil 
LOG (gmm-latgen-faster[5.5.141~1-40a9d]:DecodeUtteranceLatticeFaster():decoder-wrappers.cc:289) Log-like per frame for utterance usctimit_ema_m1_169 is -6.64743 over 346 frames.
usctimit_ema_m1_179 sil k aa r iy ch k r ae f ah n uw ae k s ih z sil 
LOG (gmm-latgen-faster[5.5.141~1-40a9d]:DecodeUtteranceLatticeFaster():decoder-wrappers.cc:289) Log-like per frame for utterance usctimit_ema_m1_179 is -6.8829 over 365 frames.
usctimit_ema_m1_183 sil ah p r ch er ch er v iy w ih s t ae ch uw s k ah p ow zh er sil 
LOG (gmm-latgen-faster[5.5.141~1-40a9d]:DecodeUtteranceLatticeFaster():decoder-wrappers.cc:289) Log-like per frame for utterance usctimit_ema_m1_183 is -6.80273 over 544 frames.
usctimit_ema_m1_193 sil ay d ey v ah n s er v er ch oy z ih z ah m ah p ah n t ae t p r ay ao r iy z sil 
LOG (gmm-latgen-faster[5.5.141~1-40a9d]:DecodeUtteranceLatticeFaster():decoder-wrappers.cc:289) Log-like per frame for utterance usctimit_ema_m1_193 is -6.98394 over 545 frames.
usctimit_ema_m1_204 sil hh aa g uh d ih jh er n d er n z sil 
LOG (gmm-latgen-faster[5.5.141~1-40a9d]:DecodeUtteranceLatticeFaster():decoder-wrappers.cc:289) Log-like per frame for utterance usctimit_ema_m1_204 is -6.46971 over 353 frames.
usctimit_ema_m1_209 sil w ih l th ih ng f er m p oy n ah n sil 
LOG (gmm-latgen-faster[5.5.141~1-40a9d]:DecodeUtteranceLatticeFaster():decoder-wrappers.cc:289) Log-like per frame for utterance usctimit_ema_m1_209 is -6.56316 over 352 frames.
usctimit_ema_m1_224 sil ay ey t ah f r oy s t er n ao z p l iy sil 
LOG (gmm-latgen-faster[5.5.141~1-40a9d]:DecodeUtteranceLatticeFaster():decoder-wrappers.cc:289) Log-like per frame for utterance usctimit_ema_m1_224 is -6.90142 over 406 frames.
usctimit_ema_m1_229 sil m ay ae v y uw w ih ng ih g ah n s ah hh aa k aa f iy sil 
LOG (gmm-latgen-faster[5.5.141~1-40a9d]:DecodeUtteranceLatticeFaster():decoder-wrappers.cc:289) Log-like per frame for utterance usctimit_ema_m1_229 is -7.0098 over 395 frames.
usctimit_ema_m1_237 sil w ih s aa p iy t ay m iy ay s ih k l z b ah l w ao r uw f sil 
LOG (gmm-latgen-faster[5.5.141~1-40a9d]:DecodeUtteranceLatticeFaster():decoder-wrappers.cc:289) Log-like per frame for utterance usctimit_ema_m1_237 is -7.19517 over 450 frames.
usctimit_ema_m1_265 sil p iy t ey t ih s t er iy t ih b ah p aa t uw k ih ng er z f ao r iy sil 
LOG (gmm-latgen-faster[5.5.141~1-40a9d]:DecodeUtteranceLatticeFaster():decoder-wrappers.cc:289) Log-like per frame for utterance usctimit_ema_m1_265 is -7.1879 over 470 frames.
usctimit_ema_m1_269 sil ay b r ow v er m ah p ay dh ow sh uw z ah n dh iy v er ch er ch sil 
LOG (gmm-latgen-faster[5.5.141~1-40a9d]:DecodeUtteranceLatticeFaster():decoder-wrappers.cc:289) Log-like per frame for utterance usctimit_ema_m1_269 is -6.76112 over 491 frames.
usctimit_ema_m1_277 sil dh iy m iy d ih ng dh ih z ah n aw er jh er n z sil 
LOG (gmm-latgen-faster[5.5.141~1-40a9d]:DecodeUtteranceLatticeFaster():decoder-wrappers.cc:289) Log-like per frame for utterance usctimit_ema_m1_277 is -6.67977 over 337 frames.
usctimit_ema_m1_302 sil dh iy p l ah t ah n aa t ah l m ey l ah t uw n s t iy k ah n aa s uw b l f r iy ih ng sh ah l f ey sh sil 
LOG (gmm-latgen-faster[5.5.141~1-40a9d]:DecodeUtteranceLatticeFaster():decoder-wrappers.cc:289) Log-like per frame for utterance usctimit_ema_m1_302 is -7.27963 over 706 frames.
usctimit_ema_m1_303 sil aa f ah n iy g ah p ae k ao r ih n iy p uh d ey n sil 
LOG (gmm-latgen-faster[5.5.141~1-40a9d]:DecodeUtteranceLatticeFaster():decoder-wrappers.cc:289) Log-like per frame for utterance usctimit_ema_m1_303 is -6.80974 over 415 frames.
usctimit_ema_m1_317 sil m ah n iy w ao l f iy t ay k uw n s w er sh ah n b aa p ow th ih g aa p ae n d ah s t uw er sil 
LOG (gmm-latgen-faster[5.5.141~1-40a9d]:DecodeUtteranceLatticeFaster():decoder-wrappers.cc:289) Log-like per frame for utterance usctimit_ema_m1_317 is -6.82845 over 731 frames.
usctimit_ema_m1_320 sil dh iy k aa s ao r w ao l ah n jh oy d ih sh ah l f ih sh t ih sh sil 
LOG (gmm-latgen-faster[5.5.141~1-40a9d]:DecodeUtteranceLatticeFaster():decoder-wrappers.cc:289) Log-like per frame for utterance usctimit_ema_m1_320 is -6.92018 over 468 frames.
usctimit_ema_m1_322 sil ah l f ah n z aa n t ah l jh ah n w ao r iy n ae m l z sil 
LOG (gmm-latgen-faster[5.5.141~1-40a9d]:DecodeUtteranceLatticeFaster():decoder-wrappers.cc:289) Log-like per frame for utterance usctimit_ema_m1_322 is -6.74906 over 422 frames.
usctimit_ema_m1_336 sil dh ae n oy s p r ah m g ow z r ow z m ao r m oy ih ng iy ch ey sil 
LOG (gmm-latgen-faster[5.5.141~1-40a9d]:DecodeUtteranceLatticeFaster():decoder-wrappers.cc:289) Log-like per frame for utterance usctimit_ema_m1_336 is -7.16123 over 475 frames.
usctimit_ema_m1_338 sil dh ae t ay d r m ey k s ah n z ah l iy f er m ah s eh v iy sil 
LOG (gmm-latgen-faster[5.5.141~1-40a9d]:DecodeUtteranceLatticeFaster():decoder-wrappers.cc:289) Log-like per frame for utterance usctimit_ema_m1_338 is -6.82251 over 511 frames.
usctimit_ema_m1_340 sil jh ao ng k ih ng sh ah l f ih f ao l ih ng sil 
LOG (gmm-latgen-faster[5.5.141~1-40a9d]:DecodeUtteranceLatticeFaster():decoder-wrappers.cc:289) Log-like per frame for utterance usctimit_ema_m1_340 is -7.07471 over 316 frames.
usctimit_ema_m1_344 sil hh ae m b y uw s t r ay v ih ng l ah s ah n t ah n dh er z ey z sil 
LOG (gmm-latgen-faster[5.5.141~1-40a9d]:DecodeUtteranceLatticeFaster():decoder-wrappers.cc:289) Log-like per frame for utterance usctimit_ema_m1_344 is -6.69543 over 454 frames.
usctimit_ema_m1_347 sil t er z ah s p er w uh d ah b aa p ah f y uw sh er jh ae ch er ih jh sil 
LOG (gmm-latgen-faster[5.5.141~1-40a9d]:DecodeUtteranceLatticeFaster():decoder-wrappers.cc:289) Log-like per frame for utterance usctimit_ema_m1_347 is -7.20809 over 467 frames.
usctimit_ema_m1_350 sil hh ih sh ah l er f ah l th ih z ih v er w ah b er p ah n sil 
LOG (gmm-latgen-faster[5.5.141~1-40a9d]:DecodeUtteranceLatticeFaster():decoder-wrappers.cc:289) Log-like per frame for utterance usctimit_ema_m1_350 is -7.1232 over 337 frames.
usctimit_ema_m1_360 sil dh iy f ih sh iy ae z ah l iy p f r ah t ih k l iy l s t er f ih s ah v ah s m l ey k sil 
LOG (gmm-latgen-faster[5.5.141~1-40a9d]:DecodeUtteranceLatticeFaster():decoder-wrappers.cc:289) Log-like per frame for utterance usctimit_ema_m1_360 is -7.44324 over 500 frames.
usctimit_ema_m1_361 sil t ih n t ey sh y uw l th ih s iy m uw dh iy s t w ih s w iy sil 
LOG (gmm-latgen-faster[5.5.141~1-40a9d]:DecodeUtteranceLatticeFaster():decoder-wrappers.cc:289) Log-like per frame for utterance usctimit_ema_m1_361 is -7.17968 over 383 frames.
usctimit_ema_m1_367 sil b aa r b er p ey p er n dh iy s ah b iy b aa n f ay er sil 
LOG (gmm-latgen-faster[5.5.141~1-40a9d]:DecodeUtteranceLatticeFaster():decoder-wrappers.cc:289) Log-like per frame for utterance usctimit_ema_m1_367 is -6.79592 over 492 frames.
LOG (apply-cmvn[5.5.141~1-40a9d]:main():apply-cmvn.cc:162) Applied cepstral mean normalization to 47 utterances, errors on 0
usctimit_ema_m1_368 sil dh iy f k ao sh ah v ah n hh ae v n ow t uw f ih sh ah n w ih ch sil 
LOG (gmm-latgen-faster[5.5.141~1-40a9d]:DecodeUtteranceLatticeFaster():decoder-wrappers.cc:289) Log-like per frame for utterance usctimit_ema_m1_368 is -6.94749 over 474 frames.
usctimit_ema_m1_375 sil ay r sh y ow ch er z iy f r jh t ah p er s er b r k ah z sil 
LOG (gmm-latgen-faster[5.5.141~1-40a9d]:DecodeUtteranceLatticeFaster():decoder-wrappers.cc:289) Log-like per frame for utterance usctimit_ema_m1_375 is -7.16289 over 464 frames.
usctimit_ema_m1_394 sil dh iy z ah n ih g r s ah p l iy s ah n t f ay k f aa t s m ow v er z sil 
LOG (gmm-latgen-faster[5.5.141~1-40a9d]:DecodeUtteranceLatticeFaster():decoder-wrappers.cc:289) Log-like per frame for utterance usctimit_ema_m1_394 is -7.07273 over 547 frames.
usctimit_ema_m1_400 sil w ih z ah s l aa r ch eh ng b ay dh iy aa r ih ng ao r d sil 
LOG (gmm-latgen-faster[5.5.141~1-40a9d]:DecodeUtteranceLatticeFaster():decoder-wrappers.cc:289) Log-like per frame for utterance usctimit_ema_m1_400 is -7.26279 over 382 frames.
usctimit_ema_m1_432 sil ah l aw l iy w ey t iy er sil 
LOG (gmm-latgen-faster[5.5.141~1-40a9d]:DecodeUtteranceLatticeFaster():decoder-wrappers.cc:289) Log-like per frame for utterance usctimit_ema_m1_432 is -6.64609 over 285 frames.
LOG (gmm-latgen-faster[5.5.141~1-40a9d]:main():gmm-latgen-faster.cc:176) Time taken 58.0362s: real-time factor assuming 100 frames/sec is 0.274623
LOG (gmm-latgen-faster[5.5.141~1-40a9d]:main():gmm-latgen-faster.cc:179) Done 47 utterances, failed for 0
LOG (gmm-latgen-faster[5.5.141~1-40a9d]:main():gmm-latgen-faster.cc:181) Overall log-likelihood per frame is -7.00616 over 21133 frames.
# Accounting: time=58 threads=1
# Ended (code 0) at Mon Dec 24 21:08:26 EET 2018, elapsed time 58 seconds
