# gmm-latgen-faster --max-active=7000 --beam=13.0 --lattice-beam=6.0 --acoustic-scale=0.083333 --allow-partial=true --word-symbol-table=exp/bg/mono/graph/words.txt exp/bg/mono/final.mdl exp/bg/mono/graph/HCLG.fst "ark,s,cs:apply-cmvn  --utt2spk=ark:data/dev/split4/1/utt2spk scp:data/dev/split4/1/cmvn.scp scp:data/dev/split4/1/feats.scp ark:- | add-deltas  ark:- ark:- |" "ark:|gzip -c > exp/bg/mono/decode/lat.1.gz" 
# Started at Mon Dec 24 21:06:20 EET 2018
#
gmm-latgen-faster --max-active=7000 --beam=13.0 --lattice-beam=6.0 --acoustic-scale=0.083333 --allow-partial=true --word-symbol-table=exp/bg/mono/graph/words.txt exp/bg/mono/final.mdl exp/bg/mono/graph/HCLG.fst 'ark,s,cs:apply-cmvn  --utt2spk=ark:data/dev/split4/1/utt2spk scp:data/dev/split4/1/cmvn.scp scp:data/dev/split4/1/feats.scp ark:- | add-deltas  ark:- ark:- |' 'ark:|gzip -c > exp/bg/mono/decode/lat.1.gz' 
add-deltas ark:- ark:- 
apply-cmvn --utt2spk=ark:data/dev/split4/1/utt2spk scp:data/dev/split4/1/cmvn.scp scp:data/dev/split4/1/feats.scp ark:- 
usctimit_ema_f1_021 sil aa m iy oy s ah l ah n er z sil 
LOG (gmm-latgen-faster[5.5.141~1-40a9d]:DecodeUtteranceLatticeFaster():decoder-wrappers.cc:289) Log-like per frame for utterance usctimit_ema_f1_021 is -7.00017 over 290 frames.
usctimit_ema_f1_028 sil ah l ih z ah m ao z ih k aa p ah t er d ih s ah t ey p aa p y uw aa r ey sil 
LOG (gmm-latgen-faster[5.5.141~1-40a9d]:DecodeUtteranceLatticeFaster():decoder-wrappers.cc:289) Log-like per frame for utterance usctimit_ema_f1_028 is -7.15904 over 499 frames.
usctimit_ema_f1_031 sil eh s ah l p r ih s l w ih z ih g r jh uw ey sh ah n hh er z ah n sil 
LOG (gmm-latgen-faster[5.5.141~1-40a9d]:DecodeUtteranceLatticeFaster():decoder-wrappers.cc:289) Log-like per frame for utterance usctimit_ema_f1_031 is -7.28624 over 395 frames.
usctimit_ema_f1_052 sil hh aa s ah n ah l ch eh k ah z ch iy l aa jh ih k ah l dh iy r iy sil 
LOG (gmm-latgen-faster[5.5.141~1-40a9d]:DecodeUtteranceLatticeFaster():decoder-wrappers.cc:289) Log-like per frame for utterance usctimit_ema_f1_052 is -7.26276 over 431 frames.
usctimit_ema_f1_054 sil ch aa n t iy ch t ah n ah s ah n t ah l ih sh ah n z sil 
LOG (gmm-latgen-faster[5.5.141~1-40a9d]:DecodeUtteranceLatticeFaster():decoder-wrappers.cc:289) Log-like per frame for utterance usctimit_ema_f1_054 is -6.97122 over 382 frames.
usctimit_ema_f1_072 sil s ah n ih z eh v er d ih ng f y uw b ih k y er k s sil 
LOG (gmm-latgen-faster[5.5.141~1-40a9d]:DecodeUtteranceLatticeFaster():decoder-wrappers.cc:289) Log-like per frame for utterance usctimit_ema_f1_072 is -6.85795 over 403 frames.
usctimit_ema_f1_078 sil ah l eh t hh aa s ah l iy z w aa t ah p ay n s ih z sil 
LOG (gmm-latgen-faster[5.5.141~1-40a9d]:DecodeUtteranceLatticeFaster():decoder-wrappers.cc:289) Log-like per frame for utterance usctimit_ema_f1_078 is -6.89291 over 447 frames.
usctimit_ema_f1_090 sil y uw m ao z ih k s ah s ah l iy d ah l iy b ay l z sil 
LOG (gmm-latgen-faster[5.5.141~1-40a9d]:DecodeUtteranceLatticeFaster():decoder-wrappers.cc:289) Log-like per frame for utterance usctimit_ema_f1_090 is -7.02133 over 353 frames.
usctimit_ema_f1_105 sil dh iy p ay ow n iy b aa k ae k ae n hh ay iy n aa r oy l ae m ow z sil 
LOG (gmm-latgen-faster[5.5.141~1-40a9d]:DecodeUtteranceLatticeFaster():decoder-wrappers.cc:289) Log-like per frame for utterance usctimit_ema_f1_105 is -7.38341 over 461 frames.
usctimit_ema_f1_108 sil dh iy s ih jh eh v er z m ey f r f aa p eh n aa r n jh iy z sil 
LOG (gmm-latgen-faster[5.5.141~1-40a9d]:DecodeUtteranceLatticeFaster():decoder-wrappers.cc:289) Log-like per frame for utterance usctimit_ema_f1_108 is -7.19142 over 458 frames.
usctimit_ema_f1_111 sil p aa r ih z ih sh ah n t ah l z ih z ih z f r iy l sil 
LOG (gmm-latgen-faster[5.5.141~1-40a9d]:DecodeUtteranceLatticeFaster():decoder-wrappers.cc:289) Log-like per frame for utterance usctimit_ema_f1_111 is -7.29624 over 329 frames.
usctimit_ema_f1_115 sil dh iy f ao r ae ch eh s ah p r eh k ae z sil 
LOG (gmm-latgen-faster[5.5.141~1-40a9d]:DecodeUtteranceLatticeFaster():decoder-wrappers.cc:289) Log-like per frame for utterance usctimit_ema_f1_115 is -7.13052 over 355 frames.
usctimit_ema_f1_123 sil dh iy b ah n l s ah s ah l z ih ch iy dh iy d ih sh ao r er sil 
LOG (gmm-latgen-faster[5.5.141~1-40a9d]:DecodeUtteranceLatticeFaster():decoder-wrappers.cc:289) Log-like per frame for utterance usctimit_ema_f1_123 is -7.03151 over 492 frames.
usctimit_ema_f1_126 sil w ih sh ao r ih k ah l z ah p ey ih n ey k aa f ih k ey sh ah n sil 
LOG (gmm-latgen-faster[5.5.141~1-40a9d]:DecodeUtteranceLatticeFaster():decoder-wrappers.cc:289) Log-like per frame for utterance usctimit_ema_f1_126 is -7.33708 over 432 frames.
usctimit_ema_f1_134 sil dh iy m iy z k ih z ih ng ih z ae s ih z ih k sil 
LOG (gmm-latgen-faster[5.5.141~1-40a9d]:DecodeUtteranceLatticeFaster():decoder-wrappers.cc:289) Log-like per frame for utterance usctimit_ema_f1_134 is -6.73562 over 416 frames.
usctimit_ema_f1_153 sil dh ih m ay n iy p eh s ah s aw er d z ih p iy b l s ah v ih ng ey sh ah n d r oy n z sil 
LOG (gmm-latgen-faster[5.5.141~1-40a9d]:DecodeUtteranceLatticeFaster():decoder-wrappers.cc:289) Log-like per frame for utterance usctimit_ema_f1_153 is -7.14401 over 618 frames.
usctimit_ema_f1_162 sil ah s ah l k aa l d ih z ah n ae k oy d ey sh ah m sil 
LOG (gmm-latgen-faster[5.5.141~1-40a9d]:DecodeUtteranceLatticeFaster():decoder-wrappers.cc:289) Log-like per frame for utterance usctimit_ema_f1_162 is -6.90508 over 486 frames.
usctimit_ema_f1_170 sil hh ao r ay s dh iy ah m ah m ih k s eh s ih k aw m sil 
LOG (gmm-latgen-faster[5.5.141~1-40a9d]:DecodeUtteranceLatticeFaster():decoder-wrappers.cc:289) Log-like per frame for utterance usctimit_ema_f1_170 is -7.00875 over 459 frames.
usctimit_ema_f1_198 sil hh aa p r ah n ay v eh r eh k er z sil 
LOG (gmm-latgen-faster[5.5.141~1-40a9d]:DecodeUtteranceLatticeFaster():decoder-wrappers.cc:289) Log-like per frame for utterance usctimit_ema_f1_198 is -6.62159 over 368 frames.
usctimit_ema_f1_209 sil k r iy l d ih ng r m p oy n ae n sil 
LOG (gmm-latgen-faster[5.5.141~1-40a9d]:DecodeUtteranceLatticeFaster():decoder-wrappers.cc:289) Log-like per frame for utterance usctimit_ema_f1_209 is -6.77607 over 339 frames.
usctimit_ema_f1_213 sil ay ah m ay z aa k aw t ay ey n s ih ng sil 
LOG (gmm-latgen-faster[5.5.141~1-40a9d]:DecodeUtteranceLatticeFaster():decoder-wrappers.cc:289) Log-like per frame for utterance usctimit_ema_f1_213 is -7.1255 over 358 frames.
usctimit_ema_f1_227 sil b ay iy d ih ng y ao r y uw m ey l w ao t er sil 
LOG (gmm-latgen-faster[5.5.141~1-40a9d]:DecodeUtteranceLatticeFaster():decoder-wrappers.cc:289) Log-like per frame for utterance usctimit_ema_f1_227 is -6.86311 over 386 frames.
usctimit_ema_f1_236 sil hh aw oy l ey t y uw w ay d ih s ah l ih th r eh s ih ng sil 
LOG (gmm-latgen-faster[5.5.141~1-40a9d]:DecodeUtteranceLatticeFaster():decoder-wrappers.cc:289) Log-like per frame for utterance usctimit_ema_f1_236 is -7.03133 over 358 frames.
usctimit_ema_f1_239 sil w ih k aa p aa m ey z ah ch aa n iy z ah n iy sil 
LOG (gmm-latgen-faster[5.5.141~1-40a9d]:DecodeUtteranceLatticeFaster():decoder-wrappers.cc:289) Log-like per frame for utterance usctimit_ema_f1_239 is -6.78129 over 412 frames.
usctimit_ema_f1_242 sil t uw ey t ih k ah g ow f ao r ih z w ao r ow s sil 
LOG (gmm-latgen-faster[5.5.141~1-40a9d]:DecodeUtteranceLatticeFaster():decoder-wrappers.cc:289) Log-like per frame for utterance usctimit_ema_f1_242 is -6.98496 over 356 frames.
usctimit_ema_f1_244 sil dh iy p eh k aa s ih k ow f r d ih f aw er b eh n z sil 
LOG (gmm-latgen-faster[5.5.141~1-40a9d]:DecodeUtteranceLatticeFaster():decoder-wrappers.cc:289) Log-like per frame for utterance usctimit_ema_f1_244 is -7.05174 over 398 frames.
usctimit_ema_f1_250 sil dh iy m eh s er z aa sh ah l s dh iy sil 
LOG (gmm-latgen-faster[5.5.141~1-40a9d]:DecodeUtteranceLatticeFaster():decoder-wrappers.cc:289) Log-like per frame for utterance usctimit_ema_f1_250 is -6.61012 over 346 frames.
usctimit_ema_f1_252 sil hh aa s ah b ah l iy t uw w ao r w ih th aw t uw f r ih sh ah z eh l w er d ih ng sil 
LOG (gmm-latgen-faster[5.5.141~1-40a9d]:DecodeUtteranceLatticeFaster():decoder-wrappers.cc:289) Log-like per frame for utterance usctimit_ema_f1_252 is -7.11968 over 550 frames.
usctimit_ema_f1_255 sil dh iy t ih f er f r ae t ih k aa m ay n t uw f ah l aw t sil 
LOG (gmm-latgen-faster[5.5.141~1-40a9d]:DecodeUtteranceLatticeFaster():decoder-wrappers.cc:289) Log-like per frame for utterance usctimit_ema_f1_255 is -7.05353 over 428 frames.
usctimit_ema_f1_262 sil dh iy s p er ch er z p r t ih k ah l iy f ao r m ih f r k ah s p eh k ah b ay er sil 
LOG (gmm-latgen-faster[5.5.141~1-40a9d]:DecodeUtteranceLatticeFaster():decoder-wrappers.cc:289) Log-like per frame for utterance usctimit_ema_f1_262 is -7.16816 over 572 frames.
usctimit_ema_f1_286 sil dh eh k ah ch ey z ih z hh ae t er s ah s ah n sil 
LOG (gmm-latgen-faster[5.5.141~1-40a9d]:DecodeUtteranceLatticeFaster():decoder-wrappers.cc:289) Log-like per frame for utterance usctimit_ema_f1_286 is -7.11937 over 302 frames.
usctimit_ema_f1_297 sil g r k r ah n t aa n ch ah s ao f r t ah n z iy f ah n ih n sil 
LOG (gmm-latgen-faster[5.5.141~1-40a9d]:DecodeUtteranceLatticeFaster():decoder-wrappers.cc:289) Log-like per frame for utterance usctimit_ema_f1_297 is -6.67968 over 592 frames.
usctimit_ema_f1_299 sil hh ae k ah n ah n er t iy z ah z s oy s ah s b ay y uw eh n sil 
LOG (gmm-latgen-faster[5.5.141~1-40a9d]:DecodeUtteranceLatticeFaster():decoder-wrappers.cc:289) Log-like per frame for utterance usctimit_ema_f1_299 is -6.95125 over 491 frames.
usctimit_ema_f1_302 sil ah d ah l aw t ae b ay s t iy ih n ae t uw d ah l f r iy d ih ng sh ah l ih z sil 
LOG (gmm-latgen-faster[5.5.141~1-40a9d]:DecodeUtteranceLatticeFaster():decoder-wrappers.cc:289) Log-like per frame for utterance usctimit_ema_f1_302 is -6.92773 over 573 frames.
usctimit_ema_f1_311 sil dh iy f r ey n ch aa b ih z jh eh m ay s ah n t uw b ay z dh iy b r ah p er sil 
LOG (gmm-latgen-faster[5.5.141~1-40a9d]:DecodeUtteranceLatticeFaster():decoder-wrappers.cc:289) Log-like per frame for utterance usctimit_ema_f1_311 is -7.19596 over 495 frames.
usctimit_ema_f1_317 sil m eh n iy b aa p iy t ay k ah n s w er sh ah n w ao l dh iy ae n s ah n sil 
LOG (gmm-latgen-faster[5.5.141~1-40a9d]:DecodeUtteranceLatticeFaster():decoder-wrappers.cc:289) Log-like per frame for utterance usctimit_ema_f1_317 is -6.87908 over 679 frames.
usctimit_ema_f1_320 sil ah k ah n ih s er l ah n jh oy d ih sh ah l ih sh ih zh sil 
LOG (gmm-latgen-faster[5.5.141~1-40a9d]:DecodeUtteranceLatticeFaster():decoder-wrappers.cc:289) Log-like per frame for utterance usctimit_ema_f1_320 is -6.96383 over 454 frames.
usctimit_ema_f1_323 sil dh ae n iy s w ih sh ah m ay ch er k oy z eh k ah z sil 
LOG (gmm-latgen-faster[5.5.141~1-40a9d]:DecodeUtteranceLatticeFaster():decoder-wrappers.cc:289) Log-like per frame for utterance usctimit_ema_f1_323 is -6.94317 over 450 frames.
usctimit_ema_f1_325 sil w ih sh ah l ah m aa ch ih z ey t ay m ah v iy z sil 
LOG (gmm-latgen-faster[5.5.141~1-40a9d]:DecodeUtteranceLatticeFaster():decoder-wrappers.cc:289) Log-like per frame for utterance usctimit_ema_f1_325 is -6.99388 over 400 frames.
usctimit_ema_f1_342 sil sh uw w ey s t er z b eh t uw eh f r l d ih s ih ng sil 
LOG (gmm-latgen-faster[5.5.141~1-40a9d]:DecodeUtteranceLatticeFaster():decoder-wrappers.cc:289) Log-like per frame for utterance usctimit_ema_f1_342 is -7.09256 over 452 frames.
usctimit_ema_f1_346 sil w ao k ah m ah n iy s t uw n z iy ch iy er sil 
LOG (gmm-latgen-faster[5.5.141~1-40a9d]:DecodeUtteranceLatticeFaster():decoder-wrappers.cc:289) Log-like per frame for utterance usctimit_ema_f1_346 is -7.10294 over 328 frames.
usctimit_ema_f1_347 sil r jh ih z hh er n ay d b eh n f iy ch ih g ae sh ao r d ih jh sil 
LOG (gmm-latgen-faster[5.5.141~1-40a9d]:DecodeUtteranceLatticeFaster():decoder-wrappers.cc:289) Log-like per frame for utterance usctimit_ema_f1_347 is -7.0171 over 452 frames.
usctimit_ema_f1_356 sil dh iy l ay k l hh ae ch aa l er z sil 
LOG (gmm-latgen-faster[5.5.141~1-40a9d]:DecodeUtteranceLatticeFaster():decoder-wrappers.cc:289) Log-like per frame for utterance usctimit_ema_f1_356 is -7.14587 over 302 frames.
usctimit_ema_f1_360 sil dh iy v ih z dh iy n s l iy f r ay d ih k l ae n s er th ih z ah s m l iy sil 
LOG (gmm-latgen-faster[5.5.141~1-40a9d]:DecodeUtteranceLatticeFaster():decoder-wrappers.cc:289) Log-like per frame for utterance usctimit_ema_f1_360 is -7.28478 over 462 frames.
usctimit_ema_f1_362 sil dh iy s ih ng ah v er w ao l f r n t ih k y er sil 
LOG (gmm-latgen-faster[5.5.141~1-40a9d]:DecodeUtteranceLatticeFaster():decoder-wrappers.cc:289) Log-like per frame for utterance usctimit_ema_f1_362 is -6.65481 over 430 frames.
usctimit_ema_f1_364 sil dh iy t ae s ih k ae b r d ae n ah k ao z ih k ae t ae f ih t ae n sil 
LOG (gmm-latgen-faster[5.5.141~1-40a9d]:DecodeUtteranceLatticeFaster():decoder-wrappers.cc:289) Log-like per frame for utterance usctimit_ema_f1_364 is -7.10754 over 457 frames.
usctimit_ema_f1_368 sil w ih s ah v ae n ah d ih jh ah n ih th ih sh ah m er ch sil 
LOG (gmm-latgen-faster[5.5.141~1-40a9d]:DecodeUtteranceLatticeFaster():decoder-wrappers.cc:289) Log-like per frame for utterance usctimit_ema_f1_368 is -6.90121 over 450 frames.
usctimit_ema_f1_382 sil s ih sh l iy k ah l z ah n eh k ae sh ah l iy ow z ah m ah n ch ah p ih ng sil 
LOG (gmm-latgen-faster[5.5.141~1-40a9d]:DecodeUtteranceLatticeFaster():decoder-wrappers.cc:289) Log-like per frame for utterance usctimit_ema_f1_382 is -6.75941 over 595 frames.
usctimit_ema_f1_394 sil dh iy z ih g r s ah p w iy s ah n t ih f ay k ah l s m ay er z sil 
LOG (gmm-latgen-faster[5.5.141~1-40a9d]:DecodeUtteranceLatticeFaster():decoder-wrappers.cc:289) Log-like per frame for utterance usctimit_ema_f1_394 is -6.88742 over 548 frames.
usctimit_ema_f1_397 sil s ah b r ah n ah s ay s k aa k ah n s ah v er f ih g ae k aa b ah t sil 
LOG (gmm-latgen-faster[5.5.141~1-40a9d]:DecodeUtteranceLatticeFaster():decoder-wrappers.cc:289) Log-like per frame for utterance usctimit_ema_f1_397 is -7.03298 over 501 frames.
usctimit_ema_f1_402 sil r s ih n dh ae t ih f r iy ch iy z sil 
LOG (gmm-latgen-faster[5.5.141~1-40a9d]:DecodeUtteranceLatticeFaster():decoder-wrappers.cc:289) Log-like per frame for utterance usctimit_ema_f1_402 is -6.76636 over 401 frames.
LOG (apply-cmvn[5.5.141~1-40a9d]:main():apply-cmvn.cc:162) Applied cepstral mean normalization to 56 utterances, errors on 0
usctimit_ema_f1_405 sil w ey t r d z p r iy s t ae p oy z ih ng r ih ng g r er sil 
LOG (gmm-latgen-faster[5.5.141~1-40a9d]:DecodeUtteranceLatticeFaster():decoder-wrappers.cc:289) Log-like per frame for utterance usctimit_ema_f1_405 is -6.92493 over 510 frames.
usctimit_ema_f1_451 sil ch ow t ih ng k ah n z ih m ay n iy f r l t ih m ah n s ih ng sil 
LOG (gmm-latgen-faster[5.5.141~1-40a9d]:DecodeUtteranceLatticeFaster():decoder-wrappers.cc:289) Log-like per frame for utterance usctimit_ema_f1_451 is -7.29646 over 444 frames.
usctimit_ema_f1_453 sil w eh n d er z k w ih ng ih ng z ih ng hh ae v er ch ah b ow p er d ah n sil 
LOG (gmm-latgen-faster[5.5.141~1-40a9d]:DecodeUtteranceLatticeFaster():decoder-wrappers.cc:289) Log-like per frame for utterance usctimit_ema_f1_453 is -6.97461 over 476 frames.
usctimit_ema_f1_456 sil ah m ow s ih d eh k ah l m p ae t uw ae n ah z b aa r d ih ng sil 
LOG (gmm-latgen-faster[5.5.141~1-40a9d]:DecodeUtteranceLatticeFaster():decoder-wrappers.cc:289) Log-like per frame for utterance usctimit_ema_f1_456 is -7.11398 over 433 frames.
usctimit_ema_f1_460 sil w ih sh iy t ih sh ah m ah b ih g ah z sil 
LOG (gmm-latgen-faster[5.5.141~1-40a9d]:DecodeUtteranceLatticeFaster():decoder-wrappers.cc:289) Log-like per frame for utterance usctimit_ema_f1_460 is -6.77561 over 334 frames.
LOG (gmm-latgen-faster[5.5.141~1-40a9d]:main():gmm-latgen-faster.cc:176) Time taken 79.665s: real-time factor assuming 100 frames/sec is 0.324
LOG (gmm-latgen-faster[5.5.141~1-40a9d]:main():gmm-latgen-faster.cc:179) Done 56 utterances, failed for 0
LOG (gmm-latgen-faster[5.5.141~1-40a9d]:main():gmm-latgen-faster.cc:181) Overall log-likelihood per frame is -7.00435 over 24588 frames.
# Accounting: time=80 threads=1
# Ended (code 0) at Mon Dec 24 21:07:40 EET 2018, elapsed time 80 seconds
