# lattice-scale --inv-acoustic-scale=8 "ark:gunzip -c exp/ug/mono/decode/lat.*.gz|" ark:- | lattice-add-penalty --word-ins-penalty=0.0 ark:- ark:- | lattice-best-path --word-symbol-table=exp/ug/mono/graph/words.txt ark:- ark,t:- | utils/int2sym.pl -f 2- exp/ug/mono/graph/words.txt | cat > exp/ug/mono/decode/scoring_kaldi/penalty_0.0/8.txt 
# Started at Mon Dec 24 19:55:46 EET 2018
#
lattice-best-path --word-symbol-table=exp/ug/mono/graph/words.txt ark:- ark,t:- 
lattice-add-penalty --word-ins-penalty=0.0 ark:- ark:- 
lattice-scale --inv-acoustic-scale=8 'ark:gunzip -c exp/ug/mono/decode/lat.*.gz|' ark:- 
LOG (lattice-best-path[5.5.141~1-40a9d]:main():lattice-best-path.cc:99) For utterance usctimit_ema_f1_021, best cost 74.1436 + 2938.67 = 3012.81 over 290 frames.
usctimit_ema_f1_021 aa m iy l oy r s aa m ah n er z 
LOG (lattice-best-path[5.5.141~1-40a9d]:main():lattice-best-path.cc:99) For utterance usctimit_ema_f1_028, best cost 148.099 + 5154.29 = 5302.39 over 499 frames.
usctimit_ema_f1_028 ah l iy d uw ow z ih k aa p ah t er d ih s ah t ey p aa p y l aw r ey iy 
LOG (lattice-best-path[5.5.141~1-40a9d]:main():lattice-best-path.cc:99) For utterance usctimit_ema_f1_031, best cost 121.424 + 4155.65 = 4277.08 over 395 frames.
usctimit_ema_f1_031 ao r s ah l p r iy s l l z ih k er jh uw iy sh n r z n sil 
LOG (lattice-best-path[5.5.141~1-40a9d]:main():lattice-best-path.cc:99) For utterance usctimit_ema_f1_052, best cost 119.741 + 4520.83 = 4640.57 over 431 frames.
usctimit_ema_f1_052 aa s ah n l l jh eh k d z jh iy l aa z ih k ah f iy er iy 
LOG (lattice-best-path[5.5.141~1-40a9d]:main():lattice-best-path.cc:99) For utterance usctimit_ema_f1_054, best cost 102.601 + 3853.1 = 3955.71 over 382 frames.
usctimit_ema_f1_054 ch aa n jh iy ch d ah n l s n t ah l ih jh ih n z 
LOG (lattice-best-path[5.5.141~1-40a9d]:main():lattice-best-path.cc:99) For utterance usctimit_ema_f1_072, best cost 107.667 + 4012.58 = 4120.25 over 403 frames.
usctimit_ema_f1_072 s ah n ae n ih z eh z er d ey f y v ih k iy er k s 
LOG (lattice-best-path[5.5.141~1-40a9d]:main():lattice-best-path.cc:99) For utterance usctimit_ema_f1_078, best cost 112.905 + 4477.5 = 4590.4 over 447 frames.
usctimit_ema_f1_078 ah l eh ch hh aa s ow l iy z w aa t ow p ay n s ah z 
LOG (lattice-best-path[5.5.141~1-40a9d]:main():lattice-best-path.cc:99) For utterance usctimit_ema_f1_090, best cost 109.687 + 3578.34 = 3688.03 over 353 frames.
usctimit_ema_f1_090 y uw m eh z ih k s b ah s ah l iy d ah l iy f ay l z 
LOG (lattice-best-path[5.5.141~1-40a9d]:main():lattice-best-path.cc:99) For utterance usctimit_ema_f1_105, best cost 144.872 + 4904.15 = 5049.02 over 461 frames.
usctimit_ema_f1_105 dh ih k ay ow iy b aa k ae eh n hh ay iy n aw hh r oy aw v ae m ow z 
LOG (lattice-best-path[5.5.141~1-40a9d]:main():lattice-best-path.cc:99) For utterance usctimit_ema_f1_108, best cost 130.759 + 4769.95 = 4900.71 over 458 frames.
usctimit_ema_f1_108 sil ah s r t eh v r z m ey f r f aa p eh n aa r n jh iy z sil 
LOG (lattice-best-path[5.5.141~1-40a9d]:main():lattice-best-path.cc:99) For utterance usctimit_ema_f1_111, best cost 105.596 + 3464.96 = 3570.56 over 329 frames.
usctimit_ema_f1_111 aa r ih f ih sh ow n t ah l eh s ih s ah z f r iy l 
LOG (lattice-best-path[5.5.141~1-40a9d]:main():lattice-best-path.cc:99) For utterance usctimit_ema_f1_115, best cost 83.2411 + 3683.76 = 3767 over 355 frames.
usctimit_ema_f1_115 sil ey f ao ae ch eh s er r ae p eh z 
LOG (lattice-best-path[5.5.141~1-40a9d]:main():lattice-best-path.cc:99) For utterance usctimit_ema_f1_123, best cost 122.454 + 5020.58 = 5143.03 over 492 frames.
usctimit_ema_f1_123 dh ih b ah n l l s p ow z ah l ah z ah ch l iy iy d sh ao er 
LOG (lattice-best-path[5.5.141~1-40a9d]:main():lattice-best-path.cc:99) For utterance usctimit_ema_f1_126, best cost 139.807 + 4581.73 = 4721.54 over 432 frames.
usctimit_ema_f1_126 w ah sh ao aa t k ow w z ow p ey ih n ey ih k aa f ih k ey sh ae n 
LOG (lattice-best-path[5.5.141~1-40a9d]:main():lattice-best-path.cc:99) For utterance usctimit_ema_f1_134, best cost 91.4376 + 4069.93 = 4161.37 over 416 frames.
usctimit_ema_f1_134 dh iy m iy z k ih z iy ih z b ae s ah z ah k 
LOG (lattice-best-path[5.5.141~1-40a9d]:main():lattice-best-path.cc:99) For utterance usctimit_ema_f1_153, best cost 174.464 + 6370 = 6544.46 over 618 frames.
usctimit_ema_f1_153 dh ih m ay ng iy l k eh s ah s eh l r d z ih p iy b l s er v ey ng ey sh n r l n z 
LOG (lattice-best-path[5.5.141~1-40a9d]:main():lattice-best-path.cc:99) For utterance usctimit_ema_f1_162, best cost 116.365 + 4868.92 = 4985.29 over 486 frames.
usctimit_ema_f1_162 ah s ao l k aa l t ih z ah n aw k oy jh k ey sh ah m 
LOG (lattice-best-path[5.5.141~1-40a9d]:main():lattice-best-path.cc:99) For utterance usctimit_ema_f1_170, best cost 127.579 + 4655 = 4782.58 over 459 frames.
usctimit_ema_f1_170 k l ao dh er ay s iy aa m ah m ih d ih k s b eh n t ih k aw m 
LOG (lattice-best-path[5.5.141~1-40a9d]:main():lattice-best-path.cc:99) For utterance usctimit_ema_f1_198, best cost 89.4124 + 3536.65 = 3626.06 over 368 frames.
usctimit_ema_f1_198 sil ah p er m ah n ay v ih r r eh k er t z 
LOG (lattice-best-path[5.5.141~1-40a9d]:main():lattice-best-path.cc:99) For utterance usctimit_ema_f1_209, best cost 65.857 + 3352.74 = 3418.6 over 339 frames.
usctimit_ema_f1_209 r iy l k iy ng r p l n ae n 
LOG (lattice-best-path[5.5.141~1-40a9d]:main():lattice-best-path.cc:99) For utterance usctimit_ema_f1_213, best cost 98.373 + 3693.76 = 3792.14 over 358 frames.
usctimit_ema_f1_213 ay ih m ay z aa k aw m t n ay ey d n s ih iy 
LOG (lattice-best-path[5.5.141~1-40a9d]:main():lattice-best-path.cc:99) For utterance usctimit_ema_f1_227, best cost 97.0189 + 3839.61 = 3936.63 over 386 frames.
usctimit_ema_f1_227 b ay iy ih ng y ow r y m ey l f l aa ng er 
LOG (lattice-best-path[5.5.141~1-40a9d]:main():lattice-best-path.cc:99) For utterance usctimit_ema_f1_236, best cost 111.195 + 3623.41 = 3734.61 over 358 frames.
usctimit_ema_f1_236 p aw oy l iy t y l ey v ih s ae l ih t r eh s ah ng 
LOG (lattice-best-path[5.5.141~1-40a9d]:main():lattice-best-path.cc:99) For utterance usctimit_ema_f1_239, best cost 101.926 + 4046.38 = 4148.31 over 412 frames.
usctimit_ema_f1_239 w ah t r ao aa m iy z m aa ch aa n iy z ng iy sil 
LOG (lattice-best-path[5.5.141~1-40a9d]:main():lattice-best-path.cc:99) For utterance usctimit_ema_f1_242, best cost 97.2441 + 3601.43 = 3698.68 over 356 frames.
usctimit_ema_f1_242 d uw ey t ih k er k ow f aa m ih s ao aw t z 
LOG (lattice-best-path[5.5.141~1-40a9d]:main():lattice-best-path.cc:99) For utterance usctimit_ema_f1_244, best cost 116.227 + 4040.86 = 4157.08 over 398 frames.
usctimit_ema_f1_244 iy k eh v ow aa d ah p aa ow f r d ah f aw r b eh n z 
LOG (lattice-best-path[5.5.141~1-40a9d]:main():lattice-best-path.cc:99) For utterance usctimit_ema_f1_250, best cost 70.6804 + 3330.85 = 3401.53 over 346 frames.
usctimit_ema_f1_250 dh ih m eh s r s ae sh m l s iy 
LOG (lattice-best-path[5.5.141~1-40a9d]:main():lattice-best-path.cc:99) For utterance usctimit_ema_f1_252, best cost 170.767 + 5651.54 = 5822.3 over 550 frames.
usctimit_ema_f1_252 sil aw s ah ah b ah l t iy t ah w r k ih v ah t ih p er d ih sh n z n ow w er d ey ng 
LOG (lattice-best-path[5.5.141~1-40a9d]:main():lattice-best-path.cc:99) For utterance usctimit_ema_f1_255, best cost 128.44 + 4364.24 = 4492.68 over 428 frames.
usctimit_ema_f1_255 dh ih t ih f er f r ae t ih k aa m m ay n z t ih f ah l aw p 
LOG (lattice-best-path[5.5.141~1-40a9d]:main():lattice-best-path.cc:99) For utterance usctimit_ema_f1_262, best cost 172.886 + 5925.36 = 6098.25 over 572 frames.
usctimit_ema_f1_262 dh ih s r sh r z p r t ih k ah l iy n f ao r m d ih f er k ih s b eh k t ih p ay er 
LOG (lattice-best-path[5.5.141~1-40a9d]:main():lattice-best-path.cc:99) For utterance usctimit_ema_f1_286, best cost 94.7608 + 3094.85 = 3189.61 over 302 frames.
usctimit_ema_f1_286 dh eh t ow ch ey z z k ae s m er s l s ah n 
LOG (lattice-best-path[5.5.141~1-40a9d]:main():lattice-best-path.cc:99) For utterance usctimit_ema_f1_297, best cost 126.684 + 5747.57 = 5874.26 over 592 frames.
usctimit_ema_f1_297 g r k r iy n t aa n ch ah s ao ch r t n z n iy f ih n ih n 
LOG (lattice-best-path[5.5.141~1-40a9d]:main():lattice-best-path.cc:99) For utterance usctimit_ema_f1_299, best cost 123.462 + 4955.11 = 5078.57 over 491 frames.
usctimit_ema_f1_299 p ae dh n ah m er t ey z ah z s oy s aa s dh ay y uw eh n 
LOG (lattice-best-path[5.5.141~1-40a9d]:main():lattice-best-path.cc:99) For utterance usctimit_ema_f1_302, best cost 165.401 + 5735.11 = 5900.51 over 573 frames.
usctimit_ema_f1_302 ih d ah l m ae b eh b ay n s iy t n aa t ih d ah b ow f r iy ih ng sh ah l f ah jh 
LOG (lattice-best-path[5.5.141~1-40a9d]:main():lattice-best-path.cc:99) For utterance usctimit_ema_f1_311, best cost 169.378 + 5138.86 = 5308.24 over 495 frames.
usctimit_ema_f1_311 sil dh ih f r ey n ch aa aw v ah z jh ih l ih s ah t uw b ay z b ih iy b r ae p er sil 
LOG (lattice-best-path[5.5.141~1-40a9d]:main():lattice-best-path.cc:99) For utterance usctimit_ema_f1_317, best cost 158.336 + 6778.41 = 6936.74 over 679 frames.
usctimit_ema_f1_317 m eh n iy l l p iy t ay k ah n s w er sh ah n w aa p ow th iy ae n s uw n er 
LOG (lattice-best-path[5.5.141~1-40a9d]:main():lattice-best-path.cc:99) For utterance usctimit_ema_f1_320, best cost 115.404 + 4582.94 = 4698.35 over 454 frames.
usctimit_ema_f1_320 ah k aa n eh s er t l n jh oy d ih sh ah l dh ih ch ah ch 
LOG (lattice-best-path[5.5.141~1-40a9d]:main():lattice-best-path.cc:99) For utterance usctimit_ema_f1_323, best cost 110.444 + 4543.3 = 4653.74 over 450 frames.
usctimit_ema_f1_323 d ae n iy s w eh sh n ay ch er k oy z ae k l eh z 
LOG (lattice-best-path[5.5.141~1-40a9d]:main():lattice-best-path.cc:99) For utterance usctimit_ema_f1_325, best cost 110.097 + 4050.64 = 4160.74 over 400 frames.
usctimit_ema_f1_325 t ao eh sh s ah l d ah m aa ch ih z ey t ay m v iy z 
LOG (lattice-best-path[5.5.141~1-40a9d]:main():lattice-best-path.cc:99) For utterance usctimit_ema_f1_342, best cost 124.443 + 4641.8 = 4766.24 over 452 frames.
usctimit_ema_f1_342 sh y oy z jh er s ah b eh t uw eh f r l t ah z f ih n m 
LOG (lattice-best-path[5.5.141~1-40a9d]:main():lattice-best-path.cc:99) For utterance usctimit_ema_f1_346, best cost 100.032 + 3353.87 = 3453.9 over 328 frames.
usctimit_ema_f1_346 w uw ao k ah m ay n ng iy s t uw n z iy ch iy er 
LOG (lattice-best-path[5.5.141~1-40a9d]:main():lattice-best-path.cc:99) For utterance usctimit_ema_f1_347, best cost 133.281 + 4579.9 = 4713.18 over 452 frames.
usctimit_ema_f1_347 sil r jh ih z hh er n ay d b eh n f iy jh ih g ae sh l er d ah jh 
LOG (lattice-best-path[5.5.141~1-40a9d]:main():lattice-best-path.cc:99) For utterance usctimit_ema_f1_356, best cost 82.7796 + 3132.21 = 3214.99 over 302 frames.
usctimit_ema_f1_356 sil dh ey l ay k l m hh ae ch aw er z 
LOG (lattice-best-path[5.5.141~1-40a9d]:main():lattice-best-path.cc:99) For utterance usctimit_ema_f1_360, best cost 138.397 + 4858.58 = 4996.98 over 462 frames.
usctimit_ema_f1_360 ih f ih s iy n s l iy f ay t ih k l iy n s er k ah z ah s m l iy sil 
LOG (lattice-best-path[5.5.141~1-40a9d]:main():lattice-best-path.cc:99) For utterance usctimit_ema_f1_362, best cost 102.962 + 4155.81 = 4258.77 over 430 frames.
usctimit_ema_f1_362 dh ey s ih ng aw b er w ao l v r n t ih k iy er 
LOG (lattice-best-path[5.5.141~1-40a9d]:main():lattice-best-path.cc:99) For utterance usctimit_ema_f1_364, best cost 142.265 + 4668.32 = 4810.58 over 457 frames.
usctimit_ema_f1_364 ih t ae s ah t ae b er d ae n n k aa z ih k ae p ch ae f ih d jh ae n 
LOG (lattice-best-path[5.5.141~1-40a9d]:main():lattice-best-path.cc:99) For utterance usctimit_ema_f1_368, best cost 122.269 + 4492.68 = 4614.95 over 450 frames.
usctimit_ema_f1_368 sil k r z ah d ae n eh b ih t n ih th ih sh s ae m k ng ch 
LOG (lattice-best-path[5.5.141~1-40a9d]:main():lattice-best-path.cc:99) For utterance usctimit_ema_f1_382, best cost 147.577 + 5829.98 = 5977.56 over 595 frames.
usctimit_ema_f1_382 s ae sh l iy k ah l t ah n eh k ae s aw iy uw l z ih m n ch m ae p ih ng 
LOG (lattice-best-path[5.5.141~1-40a9d]:main():lattice-best-path.cc:99) For utterance usctimit_ema_f1_394, best cost 133.224 + 5483.92 = 5617.14 over 548 frames.
usctimit_ema_f1_394 dh iy z ih r s ah p w iy s ih n t ah f ay k ow l s m ay er z z 
LOG (lattice-best-path[5.5.141~1-40a9d]:main():lattice-best-path.cc:99) For utterance usctimit_ema_f1_397, best cost 148.761 + 5080.22 = 5228.98 over 501 frames.
usctimit_ema_f1_397 sil t ah b r n aw s ay s k aa f n s aa f er f n ay g ae hh aa b ih t 
LOG (lattice-best-path[5.5.141~1-40a9d]:main():lattice-best-path.cc:99) For utterance usctimit_ema_f1_402, best cost 81.3366 + 3954.33 = 4035.67 over 401 frames.
usctimit_ema_f1_402 r s ih k m ae t ah ih f r n ch iy z 
LOG (lattice-best-path[5.5.141~1-40a9d]:main():lattice-best-path.cc:99) For utterance usctimit_ema_f1_405, best cost 128.84 + 5120.27 = 5249.11 over 510 frames.
usctimit_ema_f1_405 w ey m r d z p er ey s dh ae ah k w r n t n d r ng dh r ae 
LOG (lattice-best-path[5.5.141~1-40a9d]:main():lattice-best-path.cc:99) For utterance usctimit_ema_f1_451, best cost 154.136 + 4667.78 = 4821.92 over 444 frames.
usctimit_ema_f1_451 sil ch ow t ih n k ng k uw z ih m eh n ey f er v r l t ih m n s ih n ng sil 
LOG (lattice-best-path[5.5.141~1-40a9d]:main():lattice-best-path.cc:99) For utterance usctimit_ema_f1_453, best cost 146.279 + 4788.85 = 4935.13 over 476 frames.
usctimit_ema_f1_453 w ay n w er z k r ng dh iy n z ih n hh er v eh ch ah b ow p er d ih n 
LOG (lattice-best-path[5.5.141~1-40a9d]:main():lattice-best-path.cc:99) For utterance usctimit_ema_f1_456, best cost 125.163 + 4448.94 = 4574.11 over 433 frames.
usctimit_ema_f1_456 ah m ao s ih t ih eh t ah l n p ae t uw ae ah z k aa r d ih m 
LOG (lattice-best-path[5.5.141~1-40a9d]:main():lattice-best-path.cc:99) For utterance usctimit_ema_f1_460, best cost 90.2497 + 3289.95 = 3380.2 over 334 frames.
usctimit_ema_f1_460 sil w ih sh iy n ih sh ow z m ah b ih d ah z 
LOG (lattice-best-path[5.5.141~1-40a9d]:main():lattice-best-path.cc:99) For utterance usctimit_ema_f5_009, best cost 72.7114 + 3363.73 = 3436.44 over 341 frames.
usctimit_ema_f5_009 y uw l aw b r r l ay hh 
LOG (lattice-best-path[5.5.141~1-40a9d]:main():lattice-best-path.cc:99) For utterance usctimit_ema_f5_011, best cost 87.1914 + 3266.28 = 3353.47 over 301 frames.
usctimit_ema_f5_011 w ih y r m ah s hh ay z uw k ae n 
LOG (lattice-best-path[5.5.141~1-40a9d]:main():lattice-best-path.cc:99) For utterance usctimit_ema_f5_017, best cost 102.167 + 3710.04 = 3812.21 over 328 frames.
usctimit_ema_f5_017 aw m uh iy hh r m s ih f ao s m ae z w l 
LOG (lattice-best-path[5.5.141~1-40a9d]:main():lattice-best-path.cc:99) For utterance usctimit_ema_f5_019, best cost 93.6979 + 3319.58 = 3413.28 over 308 frames.
usctimit_ema_f5_019 ah f ah l f ay z hh l p iy f r iy m 
LOG (lattice-best-path[5.5.141~1-40a9d]:main():lattice-best-path.cc:99) For utterance usctimit_ema_f5_066, best cost 118.696 + 3865.74 = 3984.44 over 335 frames.
usctimit_ema_f5_066 sil d aa k er sh dh s k eh n k eh d s t uw f r iy n iy k 
LOG (lattice-best-path[5.5.141~1-40a9d]:main():lattice-best-path.cc:99) For utterance usctimit_ema_f5_080, best cost 142.37 + 4590.48 = 4732.85 over 417 frames.
usctimit_ema_f5_080 sil ih g ao ah s n aw dh ey d er d er t aa p ah k ah b eh p ay l z sil 
LOG (lattice-best-path[5.5.141~1-40a9d]:main():lattice-best-path.cc:99) For utterance usctimit_ema_f5_081, best cost 129.451 + 4139.99 = 4269.45 over 373 frames.
usctimit_ema_f5_081 ae s k r ey p er iy s t ae k s w n z n eh y n iy sh n 
LOG (lattice-best-path[5.5.141~1-40a9d]:main():lattice-best-path.cc:99) For utterance usctimit_ema_f5_090, best cost 119.918 + 4140.67 = 4260.59 over 385 frames.
usctimit_ema_f5_090 sil y n s ih k s dh ah s ah d l iy d l iy k f ay l z sil 
LOG (lattice-best-path[5.5.141~1-40a9d]:main():lattice-best-path.cc:99) For utterance usctimit_ema_f5_143, best cost 136.964 + 4825.91 = 4962.87 over 473 frames.
usctimit_ema_f5_143 dh k eh f r ih t s ao f r z ey sh n ah v ih s ih s n sh ah p 
LOG (lattice-best-path[5.5.141~1-40a9d]:main():lattice-best-path.cc:99) For utterance usctimit_ema_f5_144, best cost 193.826 + 6229.97 = 6423.8 over 594 frames.
usctimit_ema_f5_144 sil eh s k ow aa th ih z w iy k ih z eh n t ih d er n uw b ow t ah p ah hh aa d iy aa n iy z 
LOG (lattice-best-path[5.5.141~1-40a9d]:main():lattice-best-path.cc:99) For utterance usctimit_ema_f5_162, best cost 124.176 + 4972.66 = 5096.83 over 483 frames.
usctimit_ema_f5_162 ah s ah l k aa jh ih z er n aw k oy jh k ey sh n l 
LOG (lattice-best-path[5.5.141~1-40a9d]:main():lattice-best-path.cc:99) For utterance usctimit_ema_f5_163, best cost 162.88 + 5558.17 = 5721.05 over 532 frames.
usctimit_ema_f5_163 sil w ah ch ah k er z b aa ih hh ay iy n ah z n jh ae w ao z ah m z ah f ao r iy 
LOG (lattice-best-path[5.5.141~1-40a9d]:main():lattice-best-path.cc:99) For utterance usctimit_ema_f5_164, best cost 92.484 + 4132.86 = 4225.34 over 405 frames.
usctimit_ema_f5_164 sil t ih k l uw z t aw ah b iy t uw d 
LOG (lattice-best-path[5.5.141~1-40a9d]:main():lattice-best-path.cc:99) For utterance usctimit_ema_f5_174, best cost 104.575 + 4042.61 = 4147.18 over 386 frames.
usctimit_ema_f5_174 s t aa hh ae t r aa t f ae sh n z y er sil 
LOG (lattice-best-path[5.5.141~1-40a9d]:main():lattice-best-path.cc:99) For utterance usctimit_ema_f5_197, best cost 104.287 + 4050.2 = 4154.48 over 400 frames.
usctimit_ema_f5_197 w s m l l ah p ah p ah w r m aa m hh aa k 
LOG (lattice-best-path[5.5.141~1-40a9d]:main():lattice-best-path.cc:99) For utterance usctimit_ema_f5_208, best cost 103.123 + 3741.45 = 3844.57 over 373 frames.
usctimit_ema_f5_208 sil dh ih d iy p oy t ow v er l t y ow sh ah m 
LOG (lattice-best-path[5.5.141~1-40a9d]:main():lattice-best-path.cc:99) For utterance usctimit_ema_f5_233, best cost 205.817 + 7015.78 = 7221.59 over 648 frames.
usctimit_ema_f5_233 f er n y t ey b l iy sil r m ah m b er t r l aw ay d ae n k l t ih n s eh t r f r iy n iy 
LOG (lattice-best-path[5.5.141~1-40a9d]:main():lattice-best-path.cc:99) For utterance usctimit_ema_f5_243, best cost 95.8561 + 3817.24 = 3913.09 over 363 frames.
usctimit_ema_f5_243 aa hh l d ey p r n z n ey l b l t ah z 
LOG (lattice-best-path[5.5.141~1-40a9d]:main():lattice-best-path.cc:99) For utterance usctimit_ema_f5_244, best cost 114.82 + 4337.5 = 4452.32 over 412 frames.
usctimit_ema_f5_244 iy k er f l m aw t ah p aw ow ah f aw r b eh d s 
LOG (lattice-best-path[5.5.141~1-40a9d]:main():lattice-best-path.cc:99) For utterance usctimit_ema_f5_272, best cost 116.459 + 3876.54 = 3993 over 364 frames.
usctimit_ema_f5_272 t ow f l z m ey t r d p ao s eh s oy b iy d z 
LOG (lattice-best-path[5.5.141~1-40a9d]:main():lattice-best-path.cc:99) For utterance usctimit_ema_f5_281, best cost 195.654 + 6164.61 = 6360.26 over 565 frames.
usctimit_ema_f5_281 t m ay d ah ay r z ih s ah p ah l k ih v iy w oy n f ao m ih k er k r k ao m s ah b eh 
LOG (lattice-best-path[5.5.141~1-40a9d]:main():lattice-best-path.cc:99) For utterance usctimit_ema_f5_304, best cost 199.866 + 7046.63 = 7246.49 over 667 frames.
usctimit_ema_f5_304 sil g eh s aa p ay n t iy z n r g w ah d ah n w aa k t ih z uw k w ey n ae sh ah l f ao r z 
LOG (lattice-best-path[5.5.141~1-40a9d]:main():lattice-best-path.cc:99) For utterance usctimit_ema_f5_307, best cost 119.934 + 4311.98 = 4431.92 over 418 frames.
usctimit_ema_f5_307 d uw ch aa n k ah p t eh b ih g uw s p aw hh l p 
LOG (lattice-best-path[5.5.141~1-40a9d]:main():lattice-best-path.cc:99) For utterance usctimit_ema_f5_329, best cost 137.337 + 5312.34 = 5449.68 over 535 frames.
usctimit_ema_f5_329 ih k aw w aa n er f r m f aa r m ay n ah b ih k iy m ao s 
LOG (lattice-best-path[5.5.141~1-40a9d]:main():lattice-best-path.cc:99) For utterance usctimit_ema_f5_330, best cost 210.991 + 6776.03 = 6987.03 over 611 frames.
usctimit_ema_f5_330 sil iy t ah t ay m l iy d ah m ao s k ow n s ay ih b ih p ah b r ih k ae n iy z iy n s ih s t ah m p r p 
LOG (lattice-best-path[5.5.141~1-40a9d]:main():lattice-best-path.cc:99) For utterance usctimit_ema_f5_334, best cost 165.147 + 5645.56 = 5810.71 over 536 frames.
usctimit_ema_f5_334 sil hh ao ey z k aa s t iy m iy b l ae k l ah s t iy k n t iy iy l g eh t 
LOG (lattice-best-path[5.5.141~1-40a9d]:main():lattice-best-path.cc:99) For utterance usctimit_ema_f5_336, best cost 127.404 + 4185.03 = 4312.44 over 396 frames.
usctimit_ema_f5_336 th ae n oy s p aa p m g er z m ao r n oy iy ch t ey iy 
LOG (lattice-best-path[5.5.141~1-40a9d]:main():lattice-best-path.cc:99) For utterance usctimit_ema_f5_343, best cost 144.992 + 5171.77 = 5316.77 over 506 frames.
usctimit_ema_f5_343 ah jh ah s ah jh eh m y ih b ih n uw r k y l aa jh k ah m iy z iy m 
LOG (lattice-best-path[5.5.141~1-40a9d]:main():lattice-best-path.cc:99) For utterance usctimit_ema_f5_348, best cost 124.391 + 4712.05 = 4836.44 over 455 frames.
usctimit_ema_f5_348 sil dh iy k aa k ih k iy ih sh eh p uw er ao iy jh ah b ah d 
LOG (lattice-best-path[5.5.141~1-40a9d]:main():lattice-best-path.cc:99) For utterance usctimit_ema_f5_349, best cost 89.2073 + 4061.09 = 4150.29 over 405 frames.
usctimit_ema_f5_349 sil k iy sh ao n s k er f r jh oy z 
LOG (lattice-best-path[5.5.141~1-40a9d]:main():lattice-best-path.cc:99) For utterance usctimit_ema_f5_354, best cost 170.179 + 7075.4 = 7245.58 over 679 frames.
usctimit_ema_f5_354 w n eh v er dh iy g r m ah t ih p r sh er m ay z ah z sil ah l w n n sil 
LOG (lattice-best-path[5.5.141~1-40a9d]:main():lattice-best-path.cc:99) For utterance usctimit_ema_f5_356, best cost 84.4408 + 2503.61 = 2588.05 over 219 frames.
usctimit_ema_f5_356 dh ey l ay t w aa n k dh iy l ey 
LOG (lattice-best-path[5.5.141~1-40a9d]:main():lattice-best-path.cc:99) For utterance usctimit_ema_f5_369, best cost 170.601 + 5484.67 = 5655.27 over 537 frames.
usctimit_ema_f5_369 sil dh er s ih jh ay z ae t iy t w aa s th eh k s t er ih ng z dh ih t aa p ae k sil 
LOG (lattice-best-path[5.5.141~1-40a9d]:main():lattice-best-path.cc:99) For utterance usctimit_ema_f5_375, best cost 133.447 + 4629.07 = 4762.51 over 435 frames.
usctimit_ema_f5_375 ay er sh eh k t er z iy ch f r sh k b er ch r b r f ah s t 
LOG (lattice-best-path[5.5.141~1-40a9d]:main():lattice-best-path.cc:99) For utterance usctimit_ema_f5_389, best cost 179.149 + 5990.84 = 6169.99 over 553 frames.
usctimit_ema_f5_389 ih th ih t er k n iy n d eh k ih th jh r k n t ey z b iy t iy s iy p iy ch ih z 
LOG (lattice-best-path[5.5.141~1-40a9d]:main():lattice-best-path.cc:99) For utterance usctimit_ema_f5_392, best cost 156.002 + 5972.09 = 6128.09 over 574 frames.
usctimit_ema_f5_392 er er ch ih n ae s t ih n k ay k z er k ow m z n s ih s ae l sh uw z 
LOG (lattice-best-path[5.5.141~1-40a9d]:main():lattice-best-path.cc:99) For utterance usctimit_ema_f5_396, best cost 190.207 + 5721.71 = 5911.92 over 518 frames.
usctimit_ema_f5_396 dh iy ae p r t ay z ih ng b er s t ah v p ah m ah r ay n iy s t r n eh v er ch ey n d ah z 
LOG (lattice-best-path[5.5.141~1-40a9d]:main():lattice-best-path.cc:99) For utterance usctimit_ema_f5_406, best cost 175.791 + 5415.25 = 5591.04 over 512 frames.
usctimit_ema_f5_406 ah f ih k iy ow f ao s ih z n iy l iy ow v er w ao m b ay t eh ch aw m d z iy z 
LOG (lattice-best-path[5.5.141~1-40a9d]:main():lattice-best-path.cc:99) For utterance usctimit_ema_f5_424, best cost 85.8776 + 3753.87 = 3839.75 over 379 frames.
usctimit_ema_f5_424 sil t iy p iy k l ih t ih b iy hh n er d 
LOG (lattice-best-path[5.5.141~1-40a9d]:main():lattice-best-path.cc:99) For utterance usctimit_ema_f5_426, best cost 104.072 + 3865.46 = 3969.53 over 335 frames.
usctimit_ema_f5_426 iy z iy ah z ah l l jh ih s r iy p dh iy z iy ah 
LOG (lattice-best-path[5.5.141~1-40a9d]:main():lattice-best-path.cc:99) For utterance usctimit_ema_f5_431, best cost 144.507 + 4546.19 = 4690.69 over 427 frames.
usctimit_ema_f5_431 aa p aa f uh ao v ih z ey sh z ae f ih k eh f ah n r iy z er z 
LOG (lattice-best-path[5.5.141~1-40a9d]:main():lattice-best-path.cc:99) For utterance usctimit_ema_f5_436, best cost 145.565 + 4356.27 = 4501.84 over 405 frames.
usctimit_ema_f5_436 hh r t s p er th ey f r k ah l ey k er z ah n ae ng s ih dh ng 
LOG (lattice-best-path[5.5.141~1-40a9d]:main():lattice-best-path.cc:99) For utterance usctimit_ema_f5_438, best cost 157.393 + 5341.85 = 5499.25 over 498 frames.
usctimit_ema_f5_438 iy p ay ao t ao ey m ao l ey n t ah k n p iy uw z p iy ch r k b n sh n 
LOG (lattice-best-path[5.5.141~1-40a9d]:main():lattice-best-path.cc:99) For utterance usctimit_ema_f5_447, best cost 162.898 + 5670.92 = 5833.82 over 536 frames.
usctimit_ema_f5_447 r m ah z iy n ah d er k s ay t iy m ah dh iy p ay s t iy n s ow v r k 
LOG (lattice-best-path[5.5.141~1-40a9d]:main():lattice-best-path.cc:99) For utterance usctimit_ema_f5_451, best cost 157.885 + 5986.95 = 6144.83 over 533 frames.
usctimit_ema_f5_451 sil t ah r k s ah ch l ah f ah s uw m eh n iy f er r l t m n s ah ng 
LOG (lattice-best-path[5.5.141~1-40a9d]:main():lattice-best-path.cc:99) For utterance usctimit_ema_m1_006, best cost 112.926 + 3959.69 = 4072.62 over 381 frames.
usctimit_ema_m1_006 w l y ih l er w ao er y uw f r s l iy ay t ah m z 
LOG (lattice-best-path[5.5.141~1-40a9d]:main():lattice-best-path.cc:99) For utterance usctimit_ema_m1_010, best cost 65.0756 + 3035.77 = 3100.85 over 306 frames.
usctimit_ema_m1_010 w l r l ih w r iy l l l iy 
LOG (lattice-best-path[5.5.141~1-40a9d]:main():lattice-best-path.cc:99) For utterance usctimit_ema_m1_012, best cost 141.844 + 4750.36 = 4892.2 over 456 frames.
usctimit_ema_m1_012 sil f ao f ah er z ih z ey s ae m w er v y uw eh v r f ao m ih l 
LOG (lattice-best-path[5.5.141~1-40a9d]:main():lattice-best-path.cc:99) For utterance usctimit_ema_m1_051, best cost 128.387 + 4511.19 = 4639.57 over 421 frames.
usctimit_ema_m1_051 ih k aa k er b iy ih sh ah w l iy k r iy l iy p r sh y ey d 
LOG (lattice-best-path[5.5.141~1-40a9d]:main():lattice-best-path.cc:99) For utterance usctimit_ema_m1_090, best cost 109.97 + 3767.11 = 3877.08 over 356 frames.
usctimit_ema_m1_090 sil y m aa s ih s p l s ah l iy dh l iy f aa ay l z 
LOG (lattice-best-path[5.5.141~1-40a9d]:main():lattice-best-path.cc:99) For utterance usctimit_ema_m1_095, best cost 136.916 + 4395 = 4531.91 over 420 frames.
usctimit_ema_m1_095 sil dh ih b eh s w ey t l ao r n s ah s ah l ch t er p r aa b l z 
LOG (lattice-best-path[5.5.141~1-40a9d]:main():lattice-best-path.cc:99) For utterance usctimit_ema_m1_098, best cost 104.513 + 4275.27 = 4379.78 over 421 frames.
usctimit_ema_m1_098 ah m ah s y l er ae d n n z k ih f r iy b ae k 
LOG (lattice-best-path[5.5.141~1-40a9d]:main():lattice-best-path.cc:99) For utterance usctimit_ema_m1_099, best cost 140.66 + 4943.34 = 5084 over 495 frames.
usctimit_ema_m1_099 sil dh ih k aa r ch uw n f iy ch er z ah m aa s k r ae k ah t ae p l 
LOG (lattice-best-path[5.5.141~1-40a9d]:main():lattice-best-path.cc:99) For utterance usctimit_ema_m1_137, best cost 147.214 + 5217.54 = 5364.75 over 499 frames.
usctimit_ema_m1_137 k l f ih g ae p ih t uw z jh ow jh b ay s t ae n er ay s t ae s z 
LOG (lattice-best-path[5.5.141~1-40a9d]:main():lattice-best-path.cc:99) For utterance usctimit_ema_m1_139, best cost 143.787 + 5662.68 = 5806.46 over 571 frames.
usctimit_ema_m1_139 sil ah w aa er k ah n t ey n ch m ah ch k ao r iy n n s aw n d z ay z 
LOG (lattice-best-path[5.5.141~1-40a9d]:main():lattice-best-path.cc:99) For utterance usctimit_ema_m1_145, best cost 179.707 + 5761.27 = 5940.97 over 546 frames.
usctimit_ema_m1_145 sil eh jh p r k aa sh ah n iy l w ao z b ay b ah m p aw er f er dh zh t r ow k l sil 
LOG (lattice-best-path[5.5.141~1-40a9d]:main():lattice-best-path.cc:99) For utterance usctimit_ema_m1_158, best cost 171.322 + 5881.99 = 6053.31 over 573 frames.
usctimit_ema_m1_158 b ay ng ah f er b r hh ao er f r k ao r z ih n t w sh ah n n eh k s p r sh iy z 
LOG (lattice-best-path[5.5.141~1-40a9d]:main():lattice-best-path.cc:99) For utterance usctimit_ema_m1_160, best cost 167.27 + 5381.17 = 5548.44 over 512 frames.
usctimit_ema_m1_160 sil ch iy ng k er jh t r ch ow d ah n t ah m ey k eh r ow hh l ng k aa s jh n z 
LOG (lattice-best-path[5.5.141~1-40a9d]:main():lattice-best-path.cc:99) For utterance usctimit_ema_m1_162, best cost 138.205 + 5079.79 = 5217.99 over 506 frames.
usctimit_ema_m1_162 l m ao s t aa l k ah l jh uw z aw n aw k ow oy jh k ey sh ah l 
LOG (lattice-best-path[5.5.141~1-40a9d]:main():lattice-best-path.cc:99) For utterance usctimit_ema_m1_164, best cost 83.1992 + 4085.69 = 4168.89 over 407 frames.
usctimit_ema_m1_164 sil f ih k uw z aa n v ih t uw p sil 
LOG (lattice-best-path[5.5.141~1-40a9d]:main():lattice-best-path.cc:99) For utterance usctimit_ema_m1_166, best cost 93.704 + 3717.84 = 3811.54 over 380 frames.
usctimit_ema_m1_166 sil dh k ae t s m iy l z hh er m oy iy er z 
LOG (lattice-best-path[5.5.141~1-40a9d]:main():lattice-best-path.cc:99) For utterance usctimit_ema_m1_169, best cost 80.3163 + 3350.67 = 3430.98 over 346 frames.
usctimit_ema_m1_169 sil eh aa f er g ow aa d n iy k ih ng 
LOG (lattice-best-path[5.5.141~1-40a9d]:main():lattice-best-path.cc:99) For utterance usctimit_ema_m1_179, best cost 94.4657 + 3635.22 = 3729.68 over 365 frames.
usctimit_ema_m1_179 sil k r aa iy ch k r ae f ah n uw ae k s ah z 
LOG (lattice-best-path[5.5.141~1-40a9d]:main():lattice-best-path.cc:99) For utterance usctimit_ema_m1_183, best cost 127.483 + 5379.03 = 5506.51 over 544 frames.
usctimit_ema_m1_183 r p r ch er t er v iy w s ae ch uw w ae s k m p ow zh er 
LOG (lattice-best-path[5.5.141~1-40a9d]:main():lattice-best-path.cc:99) For utterance usctimit_ema_m1_193, best cost 164.637 + 5490.09 = 5654.73 over 545 frames.
usctimit_ema_m1_193 ay g ey v ah n s er r l ch oy z ah z ah m l p ah n t ae p p r ay ao er d iy z 
LOG (lattice-best-path[5.5.141~1-40a9d]:main():lattice-best-path.cc:99) For utterance usctimit_ema_m1_204, best cost 71.6642 + 3334.76 = 3406.42 over 353 frames.
usctimit_ema_m1_204 hh aa g ah d ih jh er n d er n z 
LOG (lattice-best-path[5.5.141~1-40a9d]:main():lattice-best-path.cc:99) For utterance usctimit_ema_m1_209, best cost 74.8084 + 3364.49 = 3439.3 over 352 frames.
usctimit_ema_m1_209 sil l uw l th n f er p oy n n sil 
LOG (lattice-best-path[5.5.141~1-40a9d]:main():lattice-best-path.cc:99) For utterance usctimit_ema_m1_224, best cost 102.524 + 4060.28 = 4162.81 over 406 frames.
usctimit_ema_m1_224 sil ay ey dh ah f r oy s t r n ao er z p l iy sil 
LOG (lattice-best-path[5.5.141~1-40a9d]:main():lattice-best-path.cc:99) For utterance usctimit_ema_m1_229, best cost 127.913 + 3979.18 = 4107.1 over 395 frames.
usctimit_ema_m1_229 m ay ay d iy ow m ao r ih ng b iy g n f ah hh aa k aa f iy sil 
LOG (lattice-best-path[5.5.141~1-40a9d]:main():lattice-best-path.cc:99) For utterance usctimit_ema_m1_237, best cost 124.643 + 4679.65 = 4804.29 over 450 frames.
usctimit_ema_m1_237 w iy s aa k iy t ay n iy ay s ih k l z b l w aa w uw f sil 
LOG (lattice-best-path[5.5.141~1-40a9d]:main():lattice-best-path.cc:99) For utterance usctimit_ema_m1_265, best cost 143.304 + 4868.97 = 5012.27 over 470 frames.
usctimit_ema_m1_265 sil p iy z t ey p ih s d er iy t ih b ah k ao s ah ih k n er s f ao n iy 
LOG (lattice-best-path[5.5.141~1-40a9d]:main():lattice-best-path.cc:99) For utterance usctimit_ema_m1_269, best cost 135.494 + 4793.19 = 4928.69 over 491 frames.
usctimit_ema_m1_269 ay b r v er m ah p ay dh ow ch uw z ih b iy uw v r ch er jh sil 
LOG (lattice-best-path[5.5.141~1-40a9d]:main():lattice-best-path.cc:99) For utterance usctimit_ema_m1_277, best cost 95.7252 + 3243.09 = 3338.82 over 337 frames.
usctimit_ema_m1_277 sil ih m iy d ih ng dh ih z m aw oy jh er n z 
LOG (lattice-best-path[5.5.141~1-40a9d]:main():lattice-best-path.cc:99) For utterance usctimit_ema_m1_302, best cost 211.539 + 7424.1 = 7635.64 over 706 frames.
usctimit_ema_m1_302 ah p l ah p dh ah n ah t ow l dh ey l b ah p uw n z t iy k aa n aa s uw b l f r iy d ng sh ow f ah sh 
LOG (lattice-best-path[5.5.141~1-40a9d]:main():lattice-best-path.cc:99) For utterance usctimit_ema_m1_303, best cost 115.106 + 4079.84 = 4194.95 over 415 frames.
usctimit_ema_m1_303 sil aa f r n y g ih p ae k m ao v ih n iy p l t ey n 
LOG (lattice-best-path[5.5.141~1-40a9d]:main():lattice-best-path.cc:99) For utterance usctimit_ema_m1_317, best cost 183.063 + 7247.59 = 7430.65 over 731 frames.
usctimit_ema_m1_317 sil m ah n iy w l th iy t ay k uw n s w er sh ah n b aa p ow th iy y aa ae n ih s k uw er 
LOG (lattice-best-path[5.5.141~1-40a9d]:main():lattice-best-path.cc:99) For utterance usctimit_ema_m1_320, best cost 127.458 + 4680.7 = 4808.15 over 468 frames.
usctimit_ema_m1_320 sil dh iy k aa s ao er w l n jh oy dh ih sh ow f ih sh d ih sh 
LOG (lattice-best-path[5.5.141~1-40a9d]:main():lattice-best-path.cc:99) For utterance usctimit_ema_m1_322, best cost 120.665 + 4114.03 = 4234.69 over 422 frames.
usctimit_ema_m1_322 sil sil d ah l f ah n z aa r n t l jh ah m er iy n ae m l z 
LOG (lattice-best-path[5.5.141~1-40a9d]:main():lattice-best-path.cc:99) For utterance usctimit_ema_m1_336, best cost 145.999 + 4904.49 = 5050.49 over 475 frames.
usctimit_ema_m1_336 sil dh ay n oy s p ow l m g ow z r ow z m ao r n oy ng iy jh ey iy 
LOG (lattice-best-path[5.5.141~1-40a9d]:main():lattice-best-path.cc:99) For utterance usctimit_ema_m1_338, best cost 124.188 + 5072.56 = 5196.75 over 511 frames.
usctimit_ema_m1_338 eh t ay g r m ih k s ae n z l iy f er m ao s eh b iy sil 
LOG (lattice-best-path[5.5.141~1-40a9d]:main():lattice-best-path.cc:99) For utterance usctimit_ema_m1_340, best cost 107.111 + 3220.96 = 3328.07 over 316 frames.
usctimit_ema_m1_340 sil jh ow ng k r ng sh ow v ah sh f ao r l ah ih d 
LOG (lattice-best-path[5.5.141~1-40a9d]:main():lattice-best-path.cc:99) For utterance usctimit_ema_m1_344, best cost 127.134 + 4385.91 = 4513.05 over 454 frames.
usctimit_ema_m1_344 sil p ae m g iy z t r ay v ih ng l s ah z ah n dh er z ey z 
LOG (lattice-best-path[5.5.141~1-40a9d]:main():lattice-best-path.cc:99) For utterance usctimit_ema_m1_347, best cost 133.102 + 4859.84 = 4992.94 over 467 frames.
usctimit_ema_m1_347 sil t r jh z p r w d ih b aw p ah f uw sh er g ae sh er ih jh 
LOG (lattice-best-path[5.5.141~1-40a9d]:main():lattice-best-path.cc:99) For utterance usctimit_ema_m1_350, best cost 110.671 + 3450.66 = 3561.33 over 337 frames.
usctimit_ema_m1_350 sil iy sh ow er f eh l th ah z ih f ah w b r p ah n 
LOG (lattice-best-path[5.5.141~1-40a9d]:main():lattice-best-path.cc:99) For utterance usctimit_ema_m1_360, best cost 176.681 + 5339.98 = 5516.66 over 500 frames.
usctimit_ema_m1_360 sil dh f ih sh b iy ae z l iy p f r n t ih k l iy l dh s ch er f ih s ah dh s m l ey k 
LOG (lattice-best-path[5.5.141~1-40a9d]:main():lattice-best-path.cc:99) For utterance usctimit_ema_m1_361, best cost 124.731 + 3961.37 = 4086.1 over 383 frames.
usctimit_ema_m1_361 t ih n t ey sh y uw l th ih s iy m uw iy s t w ih s w iy sil 
LOG (lattice-best-path[5.5.141~1-40a9d]:main():lattice-best-path.cc:99) For utterance usctimit_ema_m1_367, best cost 120.303 + 4846.95 = 4967.25 over 492 frames.
usctimit_ema_m1_367 sil b aa r b er p ey p er n l iy s ah b iy b ow f ay er 
LOG (lattice-best-path[5.5.141~1-40a9d]:main():lattice-best-path.cc:99) For utterance usctimit_ema_m1_368, best cost 135.684 + 4755.24 = 4890.93 over 474 frames.
usctimit_ema_m1_368 sil r f k r sh uw g ah hh ae v n l r t ah f ih sh ae n w d ch 
LOG (lattice-best-path[5.5.141~1-40a9d]:main():lattice-best-path.cc:99) For utterance usctimit_ema_m1_375, best cost 137.731 + 4791.82 = 4929.55 over 464 frames.
usctimit_ema_m1_375 sil ay r sh y ow s er z iy f r sh t ah p er s er b r k f ah z sil 
LOG (lattice-best-path[5.5.141~1-40a9d]:main():lattice-best-path.cc:99) For utterance usctimit_ema_m1_394, best cost 150.191 + 5605.32 = 5755.51 over 547 frames.
usctimit_ema_m1_394 sil dh iy uw z ah l g r s ah p l iy s n t f ay k f aa w s m ow v er z 
LOG (lattice-best-path[5.5.141~1-40a9d]:main():lattice-best-path.cc:99) For utterance usctimit_ema_m1_400, best cost 126.753 + 3989.57 = 4116.32 over 382 frames.
usctimit_ema_m1_400 sil w r z ih s l ao r ch f ey ng ay v iy aa r n ng ao er sil 
LOG (lattice-best-path[5.5.141~1-40a9d]:main():lattice-best-path.cc:99) For utterance usctimit_ema_m1_432, best cost 58.3111 + 2758.98 = 2817.3 over 285 frames.
usctimit_ema_m1_432 ah l aw l iy w ey hh iy er 
LOG (lattice-best-path[5.5.141~1-40a9d]:main():lattice-best-path.cc:99) For utterance usctimit_ema_m3_010, best cost 79.6949 + 3291.88 = 3371.58 over 327 frames.
usctimit_ema_m3_010 sil w ow r aa v ah w er y l l iy sil 
LOG (lattice-best-path[5.5.141~1-40a9d]:main():lattice-best-path.cc:99) For utterance usctimit_ema_m3_044, best cost 114.432 + 5112.29 = 5226.73 over 472 frames.
usctimit_ema_m3_044 sil dh l ay k ah iy k ah p aa d ih t eh t r v n s ah z 
LOG (lattice-best-path[5.5.141~1-40a9d]:main():lattice-best-path.cc:99) For utterance usctimit_ema_m3_068, best cost 105.432 + 4490.02 = 4595.45 over 441 frames.
usctimit_ema_m3_068 sil ih t ah b aa s l b y uw ah p y aa k r s iy sil 
LOG (lattice-best-path[5.5.141~1-40a9d]:main():lattice-best-path.cc:99) For utterance usctimit_ema_m3_071, best cost 134.283 + 4865.65 = 4999.94 over 439 frames.
usctimit_ema_m3_071 k aa p r sh ah m ao th ah n ih s t ae n iy l iy d ey t s t iy sil 
LOG (lattice-best-path[5.5.141~1-40a9d]:main():lattice-best-path.cc:99) For utterance usctimit_ema_m3_080, best cost 130.164 + 4857.14 = 4987.3 over 411 frames.
usctimit_ema_m3_080 ih g ao z ae l ih b iy d er zh r ch aa p ah k ao er t ay l z 
LOG (lattice-best-path[5.5.141~1-40a9d]:main():lattice-best-path.cc:99) For utterance usctimit_ema_m3_101, best cost 87.6901 + 3401.15 = 3488.84 over 307 frames.
usctimit_ema_m3_101 k ae f dh ah s er w n l aa f t ey n t 
LOG (lattice-best-path[5.5.141~1-40a9d]:main():lattice-best-path.cc:99) For utterance usctimit_ema_m3_113, best cost 99.2357 + 4016.37 = 4115.61 over 382 frames.
usctimit_ema_m3_113 sil w aa t ah f ao m uw iy s ah s ah d ay l z sil 
LOG (lattice-best-path[5.5.141~1-40a9d]:main():lattice-best-path.cc:99) For utterance usctimit_ema_m3_129, best cost 110.664 + 4290.28 = 4400.95 over 411 frames.
usctimit_ema_m3_129 t uw m ay ch k er ae s iy k n y ah n ih ch aa l sil 
LOG (lattice-best-path[5.5.141~1-40a9d]:main():lattice-best-path.cc:99) For utterance usctimit_ema_m3_141, best cost 114.411 + 3894.25 = 4008.66 over 354 frames.
usctimit_ema_m3_141 r m uw d s b ah n jh er w ih th ih p er k iy z ah z sil 
LOG (lattice-best-path[5.5.141~1-40a9d]:main():lattice-best-path.cc:99) For utterance usctimit_ema_m3_147, best cost 125.886 + 4559.68 = 4685.56 over 438 frames.
usctimit_ema_m3_147 sil ih er m ey n l ay f ao n f r n d g ah b ae n iy n z sil 
LOG (lattice-best-path[5.5.141~1-40a9d]:main():lattice-best-path.cc:99) For utterance usctimit_ema_m3_192, best cost 130.476 + 4596.67 = 4727.14 over 428 frames.
usctimit_ema_m3_192 sil sil l dh ih b eh s p l eh z n jh eh p aa g l eh r d iy sil 
LOG (lattice-best-path[5.5.141~1-40a9d]:main():lattice-best-path.cc:99) For utterance usctimit_ema_m3_203, best cost 116.471 + 4307.55 = 4424.02 over 419 frames.
usctimit_ema_m3_203 ah p ah b uh jh ah b aa t ey b ow m ah g er aw zh sil 
LOG (lattice-best-path[5.5.141~1-40a9d]:main():lattice-best-path.cc:99) For utterance usctimit_ema_m3_260, best cost 146.962 + 4718.55 = 4865.51 over 446 frames.
usctimit_ema_m3_260 p r sh f ay er z eh k aw m ay n ah d r ay ah n er b r ah sh ah n ae t ah 
LOG (lattice-best-path[5.5.141~1-40a9d]:main():lattice-best-path.cc:99) For utterance usctimit_ema_m3_267, best cost 136.675 + 5391.88 = 5528.55 over 519 frames.
usctimit_ema_m3_267 sil ih s k ae k ah m s m ao r l hh ae v er ey n ih m iy iy ih t iy sil 
LOG (lattice-best-path[5.5.141~1-40a9d]:main():lattice-best-path.cc:99) For utterance usctimit_ema_m3_282, best cost 192.773 + 7007.48 = 7200.25 over 657 frames.
usctimit_ema_m3_282 sil sil iy ae t er z ow b iy s ey f ao r ey k iy th ih g ah n th er k eh f l ih f er z t sil sil 
LOG (lattice-best-path[5.5.141~1-40a9d]:main():lattice-best-path.cc:99) For utterance usctimit_ema_m3_300, best cost 112.385 + 4678.7 = 4791.08 over 450 frames.
usctimit_ema_m3_300 dh ih b ih g aa l l d jh uw ao n y l r ay t ao l 
LOG (lattice-best-path[5.5.141~1-40a9d]:main():lattice-best-path.cc:99) For utterance usctimit_ema_m3_316, best cost 204.719 + 6190.92 = 6395.64 over 569 frames.
usctimit_ema_m3_316 dh ah p r iy s k ow er k eh n v er oy s uh f y l ay n z b aa dh iy m er jh ah s ih k n ih sh n z sil 
LOG (lattice-best-path[5.5.141~1-40a9d]:main():lattice-best-path.cc:99) For utterance usctimit_ema_m3_320, best cost 121.457 + 4724.88 = 4846.33 over 447 frames.
usctimit_ema_m3_320 sil ah k aa s ao er l n jh oy t ah sh ow f ih sh t ih sh sil 
LOG (lattice-best-path[5.5.141~1-40a9d]:main():lattice-best-path.cc:99) For utterance usctimit_ema_m3_335, best cost 115.027 + 4976.25 = 5091.28 over 449 frames.
usctimit_ema_m3_335 sil b aa p ih p r ow ow b ow r dh ow ih er n er l z 
LOG (lattice-best-path[5.5.141~1-40a9d]:main():lattice-best-path.cc:99) For utterance usctimit_ema_m3_336, best cost 117.677 + 4077.66 = 4195.33 over 372 frames.
usctimit_ema_m3_336 eh n oy z t aa b ah m r z m ao n ow ay ng iy ch dh ey 
LOG (lattice-best-path[5.5.141~1-40a9d]:main():lattice-best-path.cc:99) For utterance usctimit_ema_m3_338, best cost 128.532 + 5182.94 = 5311.47 over 500 frames.
usctimit_ema_m3_338 dh eh d ay r ae m ey s ae n s l iy ae t r m ah ch ah b iy sil 
LOG (lattice-best-path[5.5.141~1-40a9d]:main():lattice-best-path.cc:99) For utterance usctimit_ema_m3_339, best cost 105.801 + 4344.19 = 4449.99 over 423 frames.
usctimit_ema_m3_339 sil ah b ao r n aa l ah s ah p er s ih p iy n d l sil 
LOG (lattice-best-path[5.5.141~1-40a9d]:main():lattice-best-path.cc:99) For utterance usctimit_ema_m3_357, best cost 138.504 + 5002.55 = 5141.05 over 462 frames.
usctimit_ema_m3_357 r iy aa m aw s y ae b r ih k aa s ah s iy l ah s ah b iy er d sil sil 
LOG (lattice-best-path[5.5.141~1-40a9d]:main():lattice-best-path.cc:99) For utterance usctimit_ema_m3_359, best cost 103.086 + 4143.38 = 4246.46 over 389 frames.
usctimit_ema_m3_359 k aw s ih m ey s b ow n z n t iy s r l sil 
LOG (lattice-best-path[5.5.141~1-40a9d]:main():lattice-best-path.cc:99) For utterance usctimit_ema_m3_379, best cost 132.128 + 5123.4 = 5255.53 over 477 frames.
usctimit_ema_m3_379 sil ay r s ih n s ah z uw ah z l eh v n s ae n ih s iy p r z sil 
LOG (lattice-best-path[5.5.141~1-40a9d]:main():lattice-best-path.cc:99) For utterance usctimit_ema_m3_385, best cost 107.317 + 3663 = 3770.32 over 354 frames.
usctimit_ema_m3_385 sil eh v r iy k ae m iy jh iy p ey d ih n aa th ah ng 
LOG (lattice-best-path[5.5.141~1-40a9d]:main():lattice-best-path.cc:99) For utterance usctimit_ema_m3_390, best cost 144.787 + 4695.94 = 4840.72 over 428 frames.
usctimit_ema_m3_390 sil dh iy ow w ey ch aa m r k ih s ah p oy z n ih d eh n iy w n s t iy 
LOG (lattice-best-path[5.5.141~1-40a9d]:main():lattice-best-path.cc:99) For utterance usctimit_ema_m3_423, best cost 142.385 + 5396.6 = 5538.98 over 495 frames.
usctimit_ema_m3_423 sil ah k ow s ah f r k jh ow s aa n ae t ow sh er sh aa n ih f er sil 
LOG (lattice-best-path[5.5.141~1-40a9d]:main():lattice-best-path.cc:99) For utterance usctimit_ema_m3_434, best cost 66.4953 + 2937.24 = 3003.73 over 285 frames.
usctimit_ema_m3_434 sil r ae sh ao ay z l er z sil 
LOG (lattice-best-path[5.5.141~1-40a9d]:main():lattice-best-path.cc:99) For utterance usctimit_ema_m3_438, best cost 144.796 + 5364.61 = 5509.41 over 495 frames.
usctimit_ema_m3_438 sil iy p ay aa t er m aa l ih n t ah p ih p iy er s iy t r k n ih sh n sil 
LOG (lattice-best-path[5.5.141~1-40a9d]:main():lattice-best-path.cc:99) For utterance usctimit_ema_m3_442, best cost 116.128 + 4231.23 = 4347.35 over 404 frames.
usctimit_ema_m3_442 w ih ay t l iy ch iy s b ih d ih t uw l ih s p r iy sil 
LOG (lattice-best-path[5.5.141~1-40a9d]:main():lattice-best-path.cc:99) For utterance usctimit_ema_m3_444, best cost 168.599 + 6430.37 = 6598.97 over 603 frames.
usctimit_ema_m3_444 r aa m ey ae g eh ey n uw aa sh r d iy n er ay n iy s p r iy p ay f r d z er sil 
LOG (lattice-best-path[5.5.141~1-40a9d]:main():lattice-best-path.cc:99) For utterance usctimit_ema_m3_457, best cost 159.244 + 5887.28 = 6046.52 over 560 frames.
usctimit_ema_m3_457 sil k aa f iy z g r n ah n s t iy jh ah m l ih k s ow s n t ae b r s ao n z 
LOG (lattice-best-path[5.5.141~1-40a9d]:main():lattice-best-path.cc:99) For utterance usctimit_ema_m3_458, best cost 168.245 + 5676.3 = 5844.55 over 535 frames.
usctimit_ema_m3_458 sil b eh s t ih iy ng b ey p r w ih s k aa z b ay k ao ay d ey p r z ey sh d sil 
LOG (lattice-scale[5.5.141~1-40a9d]:main():lattice-scale.cc:107) Done 183 lattices.
LOG (lattice-add-penalty[5.5.141~1-40a9d]:main():lattice-add-penalty.cc:62) Done adding word insertion penalty to 183 lattices.
LOG (lattice-best-path[5.5.141~1-40a9d]:main():lattice-best-path.cc:99) For utterance usctimit_ema_m3_460, best cost 93.4959 + 5051.62 = 5145.12 over 497 frames.
usctimit_ema_m3_460 sil w ih ch s iy er sh ah z l ih g uw s sil 
LOG (lattice-best-path[5.5.141~1-40a9d]:main():lattice-best-path.cc:124) Overall cost per frame is 10.6315 = 0.284076 [graph] + 10.3474 [acoustic] over 81821 frames.
LOG (lattice-best-path[5.5.141~1-40a9d]:main():lattice-best-path.cc:128) Done 183 lattices, failed for 0
# Accounting: time=18 threads=1
# Ended (code 0) at Mon Dec 24 19:56:04 EET 2018, elapsed time 18 seconds
