# align-equal-compiled "ark:gunzip -c exp/bg/mono/fsts.1.gz|" "ark,s,cs:apply-cmvn  --utt2spk=ark:data/train/split4/1/utt2spk scp:data/train/split4/1/cmvn.scp scp:data/train/split4/1/feats.scp ark:- | add-deltas  ark:- ark:- |" ark,t:- | gmm-acc-stats-ali --binary=true exp/bg/mono/0.mdl "ark,s,cs:apply-cmvn  --utt2spk=ark:data/train/split4/1/utt2spk scp:data/train/split4/1/cmvn.scp scp:data/train/split4/1/feats.scp ark:- | add-deltas  ark:- ark:- |" ark:- exp/bg/mono/0.1.acc 
# Started at Mon Dec 24 20:28:36 EET 2018
#
align-equal-compiled 'ark:gunzip -c exp/bg/mono/fsts.1.gz|' 'ark,s,cs:apply-cmvn  --utt2spk=ark:data/train/split4/1/utt2spk scp:data/train/split4/1/cmvn.scp scp:data/train/split4/1/feats.scp ark:- | add-deltas  ark:- ark:- |' ark,t:- 
gmm-acc-stats-ali --binary=true exp/bg/mono/0.mdl 'ark,s,cs:apply-cmvn  --utt2spk=ark:data/train/split4/1/utt2spk scp:data/train/split4/1/cmvn.scp scp:data/train/split4/1/feats.scp ark:- | add-deltas  ark:- ark:- |' ark:- exp/bg/mono/0.1.acc 
apply-cmvn --utt2spk=ark:data/train/split4/1/utt2spk scp:data/train/split4/1/cmvn.scp scp:data/train/split4/1/feats.scp ark:- 
add-deltas ark:- ark:- 
apply-cmvn --utt2spk=ark:data/train/split4/1/utt2spk scp:data/train/split4/1/cmvn.scp scp:data/train/split4/1/feats.scp ark:- 
add-deltas ark:- ark:- 
LOG (gmm-acc-stats-ali[5.5.141~1-40a9d]:main():gmm-acc-stats-ali.cc:105) Processed 50 utterances; for utterance usctimit_ema_f1_060 avg. like is -99.4327 over 307 frames.
LOG (gmm-acc-stats-ali[5.5.141~1-40a9d]:main():gmm-acc-stats-ali.cc:105) Processed 100 utterances; for utterance usctimit_ema_f1_121 avg. like is -101.972 over 494 frames.
LOG (gmm-acc-stats-ali[5.5.141~1-40a9d]:main():gmm-acc-stats-ali.cc:105) Processed 150 utterances; for utterance usctimit_ema_f1_184 avg. like is -94.3108 over 360 frames.
LOG (gmm-acc-stats-ali[5.5.141~1-40a9d]:main():gmm-acc-stats-ali.cc:105) Processed 200 utterances; for utterance usctimit_ema_f1_248 avg. like is -98.0129 over 404 frames.
LOG (gmm-acc-stats-ali[5.5.141~1-40a9d]:main():gmm-acc-stats-ali.cc:105) Processed 250 utterances; for utterance usctimit_ema_f1_314 avg. like is -98.9 over 656 frames.
LOG (gmm-acc-stats-ali[5.5.141~1-40a9d]:main():gmm-acc-stats-ali.cc:105) Processed 300 utterances; for utterance usctimit_ema_f1_378 avg. like is -98.2878 over 490 frames.
LOG (apply-cmvn[5.5.141~1-40a9d]:main():apply-cmvn.cc:162) Applied cepstral mean normalization to 365 utterances, errors on 0
LOG (align-equal-compiled[5.5.141~1-40a9d]:main():align-equal-compiled.cc:107) Success: done 365 utterances.
LOG (gmm-acc-stats-ali[5.5.141~1-40a9d]:main():gmm-acc-stats-ali.cc:105) Processed 350 utterances; for utterance usctimit_ema_f1_439 avg. like is -95.3205 over 403 frames.
LOG (apply-cmvn[5.5.141~1-40a9d]:main():apply-cmvn.cc:162) Applied cepstral mean normalization to 365 utterances, errors on 0
LOG (gmm-acc-stats-ali[5.5.141~1-40a9d]:main():gmm-acc-stats-ali.cc:112) Done 365 files, 0 with errors.
LOG (gmm-acc-stats-ali[5.5.141~1-40a9d]:main():gmm-acc-stats-ali.cc:115) Overall avg like per frame (Gaussian only) = -98.8673 over 158069 frames.
LOG (gmm-acc-stats-ali[5.5.141~1-40a9d]:main():gmm-acc-stats-ali.cc:123) Written accs.
# Accounting: time=2 threads=1
# Ended (code 0) at Mon Dec 24 20:28:38 EET 2018, elapsed time 2 seconds
