# gmm-align-compiled --transition-scale=1.0 --acoustic-scale=0.1 --self-loop-scale=0.1 --beam=10 --retry-beam=40 --careful=false "gmm-boost-silence --boost=1.0 1 exp/bg/mono/2.mdl - |" "ark:gunzip -c exp/bg/mono/fsts.3.gz|" "ark,s,cs:apply-cmvn  --utt2spk=ark:data/train/split4/3/utt2spk scp:data/train/split4/3/cmvn.scp scp:data/train/split4/3/feats.scp ark:- | add-deltas  ark:- ark:- |" "ark,t:|gzip -c >exp/bg/mono/ali.3.gz" 
# Started at Mon Dec 24 15:00:47 EET 2018
#
gmm-align-compiled --transition-scale=1.0 --acoustic-scale=0.1 --self-loop-scale=0.1 --beam=10 --retry-beam=40 --careful=false 'gmm-boost-silence --boost=1.0 1 exp/bg/mono/2.mdl - |' 'ark:gunzip -c exp/bg/mono/fsts.3.gz|' 'ark,s,cs:apply-cmvn  --utt2spk=ark:data/train/split4/3/utt2spk scp:data/train/split4/3/cmvn.scp scp:data/train/split4/3/feats.scp ark:- | add-deltas  ark:- ark:- |' 'ark,t:|gzip -c >exp/bg/mono/ali.3.gz' 
gmm-boost-silence --boost=1.0 1 exp/bg/mono/2.mdl - 
WARNING (gmm-boost-silence[5.5.141~1-40a9d]:main():gmm-boost-silence.cc:82) The pdfs for the silence phones may be shared by other phones (note: this probably does not matter.)
LOG (gmm-boost-silence[5.5.141~1-40a9d]:main():gmm-boost-silence.cc:93) Boosted weights for 5 pdfs, by factor of 1
LOG (gmm-boost-silence[5.5.141~1-40a9d]:main():gmm-boost-silence.cc:103) Wrote model to -
apply-cmvn --utt2spk=ark:data/train/split4/3/utt2spk scp:data/train/split4/3/cmvn.scp scp:data/train/split4/3/feats.scp ark:- 
add-deltas ark:- ark:- 
LOG (gmm-align-compiled[5.5.141~1-40a9d]:main():gmm-align-compiled.cc:127) usctimit_ema_m1_001
LOG (gmm-align-compiled[5.5.141~1-40a9d]:main():gmm-align-compiled.cc:127) usctimit_ema_m1_003
WARNING (gmm-align-compiled[5.5.141~1-40a9d]:AlignUtteranceWrapper():decoder-wrappers.cc:501) Retrying utterance usctimit_ema_m1_003 with beam 40
LOG (gmm-align-compiled[5.5.141~1-40a9d]:main():gmm-align-compiled.cc:127) usctimit_ema_m1_004
WARNING (gmm-align-compiled[5.5.141~1-40a9d]:AlignUtteranceWrapper():decoder-wrappers.cc:501) Retrying utterance usctimit_ema_m1_004 with beam 40
LOG (gmm-align-compiled[5.5.141~1-40a9d]:main():gmm-align-compiled.cc:127) usctimit_ema_m1_005
LOG (gmm-align-compiled[5.5.141~1-40a9d]:main():gmm-align-compiled.cc:127) usctimit_ema_m1_007
LOG (gmm-align-compiled[5.5.141~1-40a9d]:main():gmm-align-compiled.cc:127) usctimit_ema_m1_009
LOG (gmm-align-compiled[5.5.141~1-40a9d]:main():gmm-align-compiled.cc:127) usctimit_ema_m1_011
WARNING (gmm-align-compiled[5.5.141~1-40a9d]:AlignUtteranceWrapper():decoder-wrappers.cc:501) Retrying utterance usctimit_ema_m1_011 with beam 40
LOG (gmm-align-compiled[5.5.141~1-40a9d]:main():gmm-align-compiled.cc:127) usctimit_ema_m1_013
LOG (gmm-align-compiled[5.5.141~1-40a9d]:main():gmm-align-compiled.cc:127) usctimit_ema_m1_014
LOG (gmm-align-compiled[5.5.141~1-40a9d]:main():gmm-align-compiled.cc:127) usctimit_ema_m1_015
LOG (gmm-align-compiled[5.5.141~1-40a9d]:main():gmm-align-compiled.cc:127) usctimit_ema_m1_016
LOG (gmm-align-compiled[5.5.141~1-40a9d]:main():gmm-align-compiled.cc:127) usctimit_ema_m1_017
LOG (gmm-align-compiled[5.5.141~1-40a9d]:main():gmm-align-compiled.cc:127) usctimit_ema_m1_019
LOG (gmm-align-compiled[5.5.141~1-40a9d]:main():gmm-align-compiled.cc:127) usctimit_ema_m1_020
LOG (gmm-align-compiled[5.5.141~1-40a9d]:main():gmm-align-compiled.cc:127) usctimit_ema_m1_021
WARNING (gmm-align-compiled[5.5.141~1-40a9d]:AlignUtteranceWrapper():decoder-wrappers.cc:501) Retrying utterance usctimit_ema_m1_021 with beam 40
LOG (gmm-align-compiled[5.5.141~1-40a9d]:main():gmm-align-compiled.cc:127) usctimit_ema_m1_022
WARNING (gmm-align-compiled[5.5.141~1-40a9d]:AlignUtteranceWrapper():decoder-wrappers.cc:501) Retrying utterance usctimit_ema_m1_022 with beam 40
LOG (gmm-align-compiled[5.5.141~1-40a9d]:main():gmm-align-compiled.cc:127) usctimit_ema_m1_023
LOG (gmm-align-compiled[5.5.141~1-40a9d]:main():gmm-align-compiled.cc:127) usctimit_ema_m1_024
LOG (gmm-align-compiled[5.5.141~1-40a9d]:main():gmm-align-compiled.cc:127) usctimit_ema_m1_025
LOG (gmm-align-compiled[5.5.141~1-40a9d]:main():gmm-align-compiled.cc:127) usctimit_ema_m1_026
LOG (gmm-align-compiled[5.5.141~1-40a9d]:main():gmm-align-compiled.cc:127) usctimit_ema_m1_027
LOG (gmm-align-compiled[5.5.141~1-40a9d]:main():gmm-align-compiled.cc:127) usctimit_ema_m1_028
LOG (gmm-align-compiled[5.5.141~1-40a9d]:main():gmm-align-compiled.cc:127) usctimit_ema_m1_029
LOG (gmm-align-compiled[5.5.141~1-40a9d]:main():gmm-align-compiled.cc:127) usctimit_ema_m1_030
WARNING (gmm-align-compiled[5.5.141~1-40a9d]:AlignUtteranceWrapper():decoder-wrappers.cc:501) Retrying utterance usctimit_ema_m1_030 with beam 40
LOG (gmm-align-compiled[5.5.141~1-40a9d]:main():gmm-align-compiled.cc:127) usctimit_ema_m1_031
LOG (gmm-align-compiled[5.5.141~1-40a9d]:main():gmm-align-compiled.cc:127) usctimit_ema_m1_032
WARNING (gmm-align-compiled[5.5.141~1-40a9d]:AlignUtteranceWrapper():decoder-wrappers.cc:501) Retrying utterance usctimit_ema_m1_032 with beam 40
LOG (gmm-align-compiled[5.5.141~1-40a9d]:main():gmm-align-compiled.cc:127) usctimit_ema_m1_033
WARNING (gmm-align-compiled[5.5.141~1-40a9d]:AlignUtteranceWrapper():decoder-wrappers.cc:501) Retrying utterance usctimit_ema_m1_033 with beam 40
LOG (gmm-align-compiled[5.5.141~1-40a9d]:main():gmm-align-compiled.cc:127) usctimit_ema_m1_034
LOG (gmm-align-compiled[5.5.141~1-40a9d]:main():gmm-align-compiled.cc:127) usctimit_ema_m1_035
LOG (gmm-align-compiled[5.5.141~1-40a9d]:main():gmm-align-compiled.cc:127) usctimit_ema_m1_036
LOG (gmm-align-compiled[5.5.141~1-40a9d]:main():gmm-align-compiled.cc:127) usctimit_ema_m1_037
LOG (gmm-align-compiled[5.5.141~1-40a9d]:main():gmm-align-compiled.cc:127) usctimit_ema_m1_038
WARNING (gmm-align-compiled[5.5.141~1-40a9d]:AlignUtteranceWrapper():decoder-wrappers.cc:501) Retrying utterance usctimit_ema_m1_038 with beam 40
LOG (gmm-align-compiled[5.5.141~1-40a9d]:main():gmm-align-compiled.cc:127) usctimit_ema_m1_039
WARNING (gmm-align-compiled[5.5.141~1-40a9d]:AlignUtteranceWrapper():decoder-wrappers.cc:501) Retrying utterance usctimit_ema_m1_039 with beam 40
LOG (gmm-align-compiled[5.5.141~1-40a9d]:main():gmm-align-compiled.cc:127) usctimit_ema_m1_040
WARNING (gmm-align-compiled[5.5.141~1-40a9d]:AlignUtteranceWrapper():decoder-wrappers.cc:501) Retrying utterance usctimit_ema_m1_040 with beam 40
LOG (gmm-align-compiled[5.5.141~1-40a9d]:main():gmm-align-compiled.cc:127) usctimit_ema_m1_041
WARNING (gmm-align-compiled[5.5.141~1-40a9d]:AlignUtteranceWrapper():decoder-wrappers.cc:501) Retrying utterance usctimit_ema_m1_041 with beam 40
LOG (gmm-align-compiled[5.5.141~1-40a9d]:main():gmm-align-compiled.cc:127) usctimit_ema_m1_043
WARNING (gmm-align-compiled[5.5.141~1-40a9d]:AlignUtteranceWrapper():decoder-wrappers.cc:501) Retrying utterance usctimit_ema_m1_043 with beam 40
LOG (gmm-align-compiled[5.5.141~1-40a9d]:main():gmm-align-compiled.cc:127) usctimit_ema_m1_044
WARNING (gmm-align-compiled[5.5.141~1-40a9d]:AlignUtteranceWrapper():decoder-wrappers.cc:501) Retrying utterance usctimit_ema_m1_044 with beam 40
LOG (gmm-align-compiled[5.5.141~1-40a9d]:main():gmm-align-compiled.cc:127) usctimit_ema_m1_045
LOG (gmm-align-compiled[5.5.141~1-40a9d]:main():gmm-align-compiled.cc:127) usctimit_ema_m1_046
LOG (gmm-align-compiled[5.5.141~1-40a9d]:main():gmm-align-compiled.cc:127) usctimit_ema_m1_047
LOG (gmm-align-compiled[5.5.141~1-40a9d]:main():gmm-align-compiled.cc:127) usctimit_ema_m1_048
WARNING (gmm-align-compiled[5.5.141~1-40a9d]:AlignUtteranceWrapper():decoder-wrappers.cc:501) Retrying utterance usctimit_ema_m1_048 with beam 40
LOG (gmm-align-compiled[5.5.141~1-40a9d]:main():gmm-align-compiled.cc:127) usctimit_ema_m1_049
LOG (gmm-align-compiled[5.5.141~1-40a9d]:main():gmm-align-compiled.cc:127) usctimit_ema_m1_050
LOG (gmm-align-compiled[5.5.141~1-40a9d]:main():gmm-align-compiled.cc:127) usctimit_ema_m1_052
LOG (gmm-align-compiled[5.5.141~1-40a9d]:main():gmm-align-compiled.cc:127) usctimit_ema_m1_053
LOG (gmm-align-compiled[5.5.141~1-40a9d]:main():gmm-align-compiled.cc:127) usctimit_ema_m1_056
LOG (gmm-align-compiled[5.5.141~1-40a9d]:main():gmm-align-compiled.cc:127) usctimit_ema_m1_057
LOG (gmm-align-compiled[5.5.141~1-40a9d]:main():gmm-align-compiled.cc:127) usctimit_ema_m1_058
LOG (gmm-align-compiled[5.5.141~1-40a9d]:main():gmm-align-compiled.cc:127) usctimit_ema_m1_059
LOG (gmm-align-compiled[5.5.141~1-40a9d]:main():gmm-align-compiled.cc:127) usctimit_ema_m1_060
WARNING (gmm-align-compiled[5.5.141~1-40a9d]:AlignUtteranceWrapper():decoder-wrappers.cc:501) Retrying utterance usctimit_ema_m1_060 with beam 40
LOG (gmm-align-compiled[5.5.141~1-40a9d]:main():gmm-align-compiled.cc:127) usctimit_ema_m1_061
WARNING (gmm-align-compiled[5.5.141~1-40a9d]:AlignUtteranceWrapper():decoder-wrappers.cc:501) Retrying utterance usctimit_ema_m1_061 with beam 40
LOG (gmm-align-compiled[5.5.141~1-40a9d]:main():gmm-align-compiled.cc:127) usctimit_ema_m1_062
LOG (gmm-align-compiled[5.5.141~1-40a9d]:main():gmm-align-compiled.cc:127) usctimit_ema_m1_063
LOG (gmm-align-compiled[5.5.141~1-40a9d]:main():gmm-align-compiled.cc:127) usctimit_ema_m1_064
LOG (gmm-align-compiled[5.5.141~1-40a9d]:main():gmm-align-compiled.cc:127) usctimit_ema_m1_067
WARNING (gmm-align-compiled[5.5.141~1-40a9d]:AlignUtteranceWrapper():decoder-wrappers.cc:501) Retrying utterance usctimit_ema_m1_067 with beam 40
LOG (gmm-align-compiled[5.5.141~1-40a9d]:main():gmm-align-compiled.cc:127) usctimit_ema_m1_068
LOG (gmm-align-compiled[5.5.141~1-40a9d]:main():gmm-align-compiled.cc:127) usctimit_ema_m1_069
LOG (gmm-align-compiled[5.5.141~1-40a9d]:main():gmm-align-compiled.cc:127) usctimit_ema_m1_070
LOG (gmm-align-compiled[5.5.141~1-40a9d]:main():gmm-align-compiled.cc:127) usctimit_ema_m1_071
LOG (gmm-align-compiled[5.5.141~1-40a9d]:main():gmm-align-compiled.cc:127) usctimit_ema_m1_072
WARNING (gmm-align-compiled[5.5.141~1-40a9d]:AlignUtteranceWrapper():decoder-wrappers.cc:501) Retrying utterance usctimit_ema_m1_072 with beam 40
LOG (gmm-align-compiled[5.5.141~1-40a9d]:main():gmm-align-compiled.cc:127) usctimit_ema_m1_073
LOG (gmm-align-compiled[5.5.141~1-40a9d]:main():gmm-align-compiled.cc:127) usctimit_ema_m1_074
LOG (gmm-align-compiled[5.5.141~1-40a9d]:main():gmm-align-compiled.cc:127) usctimit_ema_m1_075
LOG (gmm-align-compiled[5.5.141~1-40a9d]:main():gmm-align-compiled.cc:127) usctimit_ema_m1_076
LOG (gmm-align-compiled[5.5.141~1-40a9d]:main():gmm-align-compiled.cc:127) usctimit_ema_m1_077
LOG (gmm-align-compiled[5.5.141~1-40a9d]:main():gmm-align-compiled.cc:127) usctimit_ema_m1_078
LOG (gmm-align-compiled[5.5.141~1-40a9d]:main():gmm-align-compiled.cc:127) usctimit_ema_m1_079
LOG (gmm-align-compiled[5.5.141~1-40a9d]:main():gmm-align-compiled.cc:127) usctimit_ema_m1_080
LOG (gmm-align-compiled[5.5.141~1-40a9d]:main():gmm-align-compiled.cc:127) usctimit_ema_m1_081
LOG (gmm-align-compiled[5.5.141~1-40a9d]:main():gmm-align-compiled.cc:127) usctimit_ema_m1_082
WARNING (gmm-align-compiled[5.5.141~1-40a9d]:AlignUtteranceWrapper():decoder-wrappers.cc:501) Retrying utterance usctimit_ema_m1_082 with beam 40
LOG (gmm-align-compiled[5.5.141~1-40a9d]:main():gmm-align-compiled.cc:127) usctimit_ema_m1_083
WARNING (gmm-align-compiled[5.5.141~1-40a9d]:AlignUtteranceWrapper():decoder-wrappers.cc:501) Retrying utterance usctimit_ema_m1_083 with beam 40
LOG (gmm-align-compiled[5.5.141~1-40a9d]:main():gmm-align-compiled.cc:127) usctimit_ema_m1_084
LOG (gmm-align-compiled[5.5.141~1-40a9d]:main():gmm-align-compiled.cc:127) usctimit_ema_m1_085
WARNING (gmm-align-compiled[5.5.141~1-40a9d]:AlignUtteranceWrapper():decoder-wrappers.cc:501) Retrying utterance usctimit_ema_m1_085 with beam 40
LOG (gmm-align-compiled[5.5.141~1-40a9d]:main():gmm-align-compiled.cc:127) usctimit_ema_m1_086
WARNING (gmm-align-compiled[5.5.141~1-40a9d]:AlignUtteranceWrapper():decoder-wrappers.cc:501) Retrying utterance usctimit_ema_m1_086 with beam 40
LOG (gmm-align-compiled[5.5.141~1-40a9d]:main():gmm-align-compiled.cc:127) usctimit_ema_m1_087
LOG (gmm-align-compiled[5.5.141~1-40a9d]:main():gmm-align-compiled.cc:127) usctimit_ema_m1_088
LOG (gmm-align-compiled[5.5.141~1-40a9d]:main():gmm-align-compiled.cc:127) usctimit_ema_m1_089
LOG (gmm-align-compiled[5.5.141~1-40a9d]:main():gmm-align-compiled.cc:127) usctimit_ema_m1_091
WARNING (gmm-align-compiled[5.5.141~1-40a9d]:AlignUtteranceWrapper():decoder-wrappers.cc:501) Retrying utterance usctimit_ema_m1_091 with beam 40
LOG (gmm-align-compiled[5.5.141~1-40a9d]:main():gmm-align-compiled.cc:127) usctimit_ema_m1_092
LOG (gmm-align-compiled[5.5.141~1-40a9d]:main():gmm-align-compiled.cc:127) usctimit_ema_m1_093
LOG (gmm-align-compiled[5.5.141~1-40a9d]:main():gmm-align-compiled.cc:127) usctimit_ema_m1_094
WARNING (gmm-align-compiled[5.5.141~1-40a9d]:AlignUtteranceWrapper():decoder-wrappers.cc:501) Retrying utterance usctimit_ema_m1_094 with beam 40
LOG (gmm-align-compiled[5.5.141~1-40a9d]:main():gmm-align-compiled.cc:127) usctimit_ema_m1_096
LOG (gmm-align-compiled[5.5.141~1-40a9d]:main():gmm-align-compiled.cc:127) usctimit_ema_m1_097
LOG (gmm-align-compiled[5.5.141~1-40a9d]:main():gmm-align-compiled.cc:127) usctimit_ema_m1_100
LOG (gmm-align-compiled[5.5.141~1-40a9d]:main():gmm-align-compiled.cc:127) usctimit_ema_m1_101
LOG (gmm-align-compiled[5.5.141~1-40a9d]:main():gmm-align-compiled.cc:127) usctimit_ema_m1_102
WARNING (gmm-align-compiled[5.5.141~1-40a9d]:AlignUtteranceWrapper():decoder-wrappers.cc:501) Retrying utterance usctimit_ema_m1_102 with beam 40
LOG (gmm-align-compiled[5.5.141~1-40a9d]:main():gmm-align-compiled.cc:127) usctimit_ema_m1_103
WARNING (gmm-align-compiled[5.5.141~1-40a9d]:AlignUtteranceWrapper():decoder-wrappers.cc:501) Retrying utterance usctimit_ema_m1_103 with beam 40
LOG (gmm-align-compiled[5.5.141~1-40a9d]:main():gmm-align-compiled.cc:127) usctimit_ema_m1_104
LOG (gmm-align-compiled[5.5.141~1-40a9d]:main():gmm-align-compiled.cc:127) usctimit_ema_m1_105
LOG (gmm-align-compiled[5.5.141~1-40a9d]:main():gmm-align-compiled.cc:127) usctimit_ema_m1_106
LOG (gmm-align-compiled[5.5.141~1-40a9d]:main():gmm-align-compiled.cc:127) usctimit_ema_m1_107
WARNING (gmm-align-compiled[5.5.141~1-40a9d]:AlignUtteranceWrapper():decoder-wrappers.cc:501) Retrying utterance usctimit_ema_m1_107 with beam 40
LOG (gmm-align-compiled[5.5.141~1-40a9d]:main():gmm-align-compiled.cc:127) usctimit_ema_m1_108
LOG (gmm-align-compiled[5.5.141~1-40a9d]:main():gmm-align-compiled.cc:127) usctimit_ema_m1_110
LOG (gmm-align-compiled[5.5.141~1-40a9d]:main():gmm-align-compiled.cc:127) usctimit_ema_m1_111
LOG (gmm-align-compiled[5.5.141~1-40a9d]:main():gmm-align-compiled.cc:127) usctimit_ema_m1_112
LOG (gmm-align-compiled[5.5.141~1-40a9d]:main():gmm-align-compiled.cc:127) usctimit_ema_m1_113
LOG (gmm-align-compiled[5.5.141~1-40a9d]:main():gmm-align-compiled.cc:127) usctimit_ema_m1_114
WARNING (gmm-align-compiled[5.5.141~1-40a9d]:AlignUtteranceWrapper():decoder-wrappers.cc:501) Retrying utterance usctimit_ema_m1_114 with beam 40
LOG (gmm-align-compiled[5.5.141~1-40a9d]:main():gmm-align-compiled.cc:127) usctimit_ema_m1_115
LOG (gmm-align-compiled[5.5.141~1-40a9d]:main():gmm-align-compiled.cc:127) usctimit_ema_m1_116
LOG (gmm-align-compiled[5.5.141~1-40a9d]:main():gmm-align-compiled.cc:127) usctimit_ema_m1_117
WARNING (gmm-align-compiled[5.5.141~1-40a9d]:AlignUtteranceWrapper():decoder-wrappers.cc:501) Retrying utterance usctimit_ema_m1_117 with beam 40
LOG (gmm-align-compiled[5.5.141~1-40a9d]:main():gmm-align-compiled.cc:127) usctimit_ema_m1_118
LOG (gmm-align-compiled[5.5.141~1-40a9d]:main():gmm-align-compiled.cc:127) usctimit_ema_m1_119
LOG (gmm-align-compiled[5.5.141~1-40a9d]:main():gmm-align-compiled.cc:127) usctimit_ema_m1_120
LOG (gmm-align-compiled[5.5.141~1-40a9d]:main():gmm-align-compiled.cc:127) usctimit_ema_m1_121
LOG (gmm-align-compiled[5.5.141~1-40a9d]:main():gmm-align-compiled.cc:127) usctimit_ema_m1_122
LOG (gmm-align-compiled[5.5.141~1-40a9d]:main():gmm-align-compiled.cc:127) usctimit_ema_m1_123
WARNING (gmm-align-compiled[5.5.141~1-40a9d]:AlignUtteranceWrapper():decoder-wrappers.cc:501) Retrying utterance usctimit_ema_m1_123 with beam 40
LOG (gmm-align-compiled[5.5.141~1-40a9d]:main():gmm-align-compiled.cc:127) usctimit_ema_m1_124
WARNING (gmm-align-compiled[5.5.141~1-40a9d]:AlignUtteranceWrapper():decoder-wrappers.cc:501) Retrying utterance usctimit_ema_m1_124 with beam 40
LOG (gmm-align-compiled[5.5.141~1-40a9d]:main():gmm-align-compiled.cc:127) usctimit_ema_m1_125
WARNING (gmm-align-compiled[5.5.141~1-40a9d]:AlignUtteranceWrapper():decoder-wrappers.cc:501) Retrying utterance usctimit_ema_m1_125 with beam 40
LOG (gmm-align-compiled[5.5.141~1-40a9d]:main():gmm-align-compiled.cc:127) usctimit_ema_m1_126
LOG (gmm-align-compiled[5.5.141~1-40a9d]:main():gmm-align-compiled.cc:127) usctimit_ema_m1_127
LOG (gmm-align-compiled[5.5.141~1-40a9d]:main():gmm-align-compiled.cc:127) usctimit_ema_m1_128
LOG (gmm-align-compiled[5.5.141~1-40a9d]:main():gmm-align-compiled.cc:127) usctimit_ema_m1_129
LOG (gmm-align-compiled[5.5.141~1-40a9d]:main():gmm-align-compiled.cc:127) usctimit_ema_m1_130
LOG (gmm-align-compiled[5.5.141~1-40a9d]:main():gmm-align-compiled.cc:127) usctimit_ema_m1_131
WARNING (gmm-align-compiled[5.5.141~1-40a9d]:AlignUtteranceWrapper():decoder-wrappers.cc:501) Retrying utterance usctimit_ema_m1_131 with beam 40
LOG (gmm-align-compiled[5.5.141~1-40a9d]:main():gmm-align-compiled.cc:127) usctimit_ema_m1_132
WARNING (gmm-align-compiled[5.5.141~1-40a9d]:AlignUtteranceWrapper():decoder-wrappers.cc:501) Retrying utterance usctimit_ema_m1_132 with beam 40
LOG (gmm-align-compiled[5.5.141~1-40a9d]:main():gmm-align-compiled.cc:127) usctimit_ema_m1_133
WARNING (gmm-align-compiled[5.5.141~1-40a9d]:AlignUtteranceWrapper():decoder-wrappers.cc:501) Retrying utterance usctimit_ema_m1_133 with beam 40
LOG (gmm-align-compiled[5.5.141~1-40a9d]:main():gmm-align-compiled.cc:127) usctimit_ema_m1_134
LOG (gmm-align-compiled[5.5.141~1-40a9d]:main():gmm-align-compiled.cc:127) usctimit_ema_m1_135
LOG (gmm-align-compiled[5.5.141~1-40a9d]:main():gmm-align-compiled.cc:127) usctimit_ema_m1_136
LOG (gmm-align-compiled[5.5.141~1-40a9d]:main():gmm-align-compiled.cc:127) usctimit_ema_m1_138
LOG (gmm-align-compiled[5.5.141~1-40a9d]:main():gmm-align-compiled.cc:127) usctimit_ema_m1_140
LOG (gmm-align-compiled[5.5.141~1-40a9d]:main():gmm-align-compiled.cc:127) usctimit_ema_m1_141
LOG (gmm-align-compiled[5.5.141~1-40a9d]:main():gmm-align-compiled.cc:127) usctimit_ema_m1_142
WARNING (gmm-align-compiled[5.5.141~1-40a9d]:AlignUtteranceWrapper():decoder-wrappers.cc:501) Retrying utterance usctimit_ema_m1_142 with beam 40
LOG (gmm-align-compiled[5.5.141~1-40a9d]:main():gmm-align-compiled.cc:127) usctimit_ema_m1_143
WARNING (gmm-align-compiled[5.5.141~1-40a9d]:AlignUtteranceWrapper():decoder-wrappers.cc:501) Retrying utterance usctimit_ema_m1_143 with beam 40
LOG (gmm-align-compiled[5.5.141~1-40a9d]:main():gmm-align-compiled.cc:127) usctimit_ema_m1_144
WARNING (gmm-align-compiled[5.5.141~1-40a9d]:AlignUtteranceWrapper():decoder-wrappers.cc:501) Retrying utterance usctimit_ema_m1_144 with beam 40
LOG (gmm-align-compiled[5.5.141~1-40a9d]:main():gmm-align-compiled.cc:127) usctimit_ema_m1_147
LOG (gmm-align-compiled[5.5.141~1-40a9d]:main():gmm-align-compiled.cc:127) usctimit_ema_m1_148
LOG (gmm-align-compiled[5.5.141~1-40a9d]:main():gmm-align-compiled.cc:127) usctimit_ema_m1_149
LOG (gmm-align-compiled[5.5.141~1-40a9d]:main():gmm-align-compiled.cc:127) usctimit_ema_m1_151
WARNING (gmm-align-compiled[5.5.141~1-40a9d]:AlignUtteranceWrapper():decoder-wrappers.cc:501) Retrying utterance usctimit_ema_m1_151 with beam 40
LOG (gmm-align-compiled[5.5.141~1-40a9d]:main():gmm-align-compiled.cc:127) usctimit_ema_m1_152
WARNING (gmm-align-compiled[5.5.141~1-40a9d]:AlignUtteranceWrapper():decoder-wrappers.cc:501) Retrying utterance usctimit_ema_m1_152 with beam 40
LOG (gmm-align-compiled[5.5.141~1-40a9d]:main():gmm-align-compiled.cc:127) usctimit_ema_m1_153
WARNING (gmm-align-compiled[5.5.141~1-40a9d]:AlignUtteranceWrapper():decoder-wrappers.cc:501) Retrying utterance usctimit_ema_m1_153 with beam 40
LOG (gmm-align-compiled[5.5.141~1-40a9d]:main():gmm-align-compiled.cc:127) usctimit_ema_m1_155
LOG (gmm-align-compiled[5.5.141~1-40a9d]:main():gmm-align-compiled.cc:127) usctimit_ema_m1_157
LOG (gmm-align-compiled[5.5.141~1-40a9d]:main():gmm-align-compiled.cc:127) usctimit_ema_m1_159
LOG (gmm-align-compiled[5.5.141~1-40a9d]:main():gmm-align-compiled.cc:127) usctimit_ema_m1_161
WARNING (gmm-align-compiled[5.5.141~1-40a9d]:AlignUtteranceWrapper():decoder-wrappers.cc:501) Retrying utterance usctimit_ema_m1_161 with beam 40
LOG (gmm-align-compiled[5.5.141~1-40a9d]:main():gmm-align-compiled.cc:127) usctimit_ema_m1_165
LOG (gmm-align-compiled[5.5.141~1-40a9d]:main():gmm-align-compiled.cc:127) usctimit_ema_m1_167
LOG (gmm-align-compiled[5.5.141~1-40a9d]:main():gmm-align-compiled.cc:127) usctimit_ema_m1_170
LOG (gmm-align-compiled[5.5.141~1-40a9d]:main():gmm-align-compiled.cc:127) usctimit_ema_m1_171
LOG (gmm-align-compiled[5.5.141~1-40a9d]:main():gmm-align-compiled.cc:127) usctimit_ema_m1_172
LOG (gmm-align-compiled[5.5.141~1-40a9d]:main():gmm-align-compiled.cc:127) usctimit_ema_m1_173
LOG (gmm-align-compiled[5.5.141~1-40a9d]:main():gmm-align-compiled.cc:127) usctimit_ema_m1_174
WARNING (gmm-align-compiled[5.5.141~1-40a9d]:AlignUtteranceWrapper():decoder-wrappers.cc:501) Retrying utterance usctimit_ema_m1_174 with beam 40
LOG (gmm-align-compiled[5.5.141~1-40a9d]:main():gmm-align-compiled.cc:127) usctimit_ema_m1_175
LOG (gmm-align-compiled[5.5.141~1-40a9d]:main():gmm-align-compiled.cc:127) usctimit_ema_m1_176
WARNING (gmm-align-compiled[5.5.141~1-40a9d]:AlignUtteranceWrapper():decoder-wrappers.cc:501) Retrying utterance usctimit_ema_m1_176 with beam 40
LOG (gmm-align-compiled[5.5.141~1-40a9d]:main():gmm-align-compiled.cc:127) usctimit_ema_m1_180
LOG (gmm-align-compiled[5.5.141~1-40a9d]:main():gmm-align-compiled.cc:127) usctimit_ema_m1_181
WARNING (gmm-align-compiled[5.5.141~1-40a9d]:AlignUtteranceWrapper():decoder-wrappers.cc:501) Retrying utterance usctimit_ema_m1_181 with beam 40
LOG (gmm-align-compiled[5.5.141~1-40a9d]:main():gmm-align-compiled.cc:127) usctimit_ema_m1_182
WARNING (gmm-align-compiled[5.5.141~1-40a9d]:AlignUtteranceWrapper():decoder-wrappers.cc:501) Retrying utterance usctimit_ema_m1_182 with beam 40
LOG (gmm-align-compiled[5.5.141~1-40a9d]:main():gmm-align-compiled.cc:127) usctimit_ema_m1_184
LOG (gmm-align-compiled[5.5.141~1-40a9d]:main():gmm-align-compiled.cc:127) usctimit_ema_m1_185
WARNING (gmm-align-compiled[5.5.141~1-40a9d]:AlignUtteranceWrapper():decoder-wrappers.cc:501) Retrying utterance usctimit_ema_m1_185 with beam 40
LOG (gmm-align-compiled[5.5.141~1-40a9d]:main():gmm-align-compiled.cc:127) usctimit_ema_m1_186
WARNING (gmm-align-compiled[5.5.141~1-40a9d]:AlignUtteranceWrapper():decoder-wrappers.cc:501) Retrying utterance usctimit_ema_m1_186 with beam 40
LOG (gmm-align-compiled[5.5.141~1-40a9d]:main():gmm-align-compiled.cc:127) usctimit_ema_m1_187
LOG (gmm-align-compiled[5.5.141~1-40a9d]:main():gmm-align-compiled.cc:127) usctimit_ema_m1_188
WARNING (gmm-align-compiled[5.5.141~1-40a9d]:AlignUtteranceWrapper():decoder-wrappers.cc:501) Retrying utterance usctimit_ema_m1_188 with beam 40
LOG (gmm-align-compiled[5.5.141~1-40a9d]:main():gmm-align-compiled.cc:127) usctimit_ema_m1_189
WARNING (gmm-align-compiled[5.5.141~1-40a9d]:AlignUtteranceWrapper():decoder-wrappers.cc:501) Retrying utterance usctimit_ema_m1_189 with beam 40
LOG (gmm-align-compiled[5.5.141~1-40a9d]:main():gmm-align-compiled.cc:127) usctimit_ema_m1_190
WARNING (gmm-align-compiled[5.5.141~1-40a9d]:AlignUtteranceWrapper():decoder-wrappers.cc:501) Retrying utterance usctimit_ema_m1_190 with beam 40
LOG (gmm-align-compiled[5.5.141~1-40a9d]:main():gmm-align-compiled.cc:127) usctimit_ema_m1_191
LOG (gmm-align-compiled[5.5.141~1-40a9d]:main():gmm-align-compiled.cc:127) usctimit_ema_m1_192
WARNING (gmm-align-compiled[5.5.141~1-40a9d]:AlignUtteranceWrapper():decoder-wrappers.cc:501) Retrying utterance usctimit_ema_m1_192 with beam 40
LOG (gmm-align-compiled[5.5.141~1-40a9d]:main():gmm-align-compiled.cc:127) usctimit_ema_m1_194
LOG (gmm-align-compiled[5.5.141~1-40a9d]:main():gmm-align-compiled.cc:127) usctimit_ema_m1_195
WARNING (gmm-align-compiled[5.5.141~1-40a9d]:AlignUtteranceWrapper():decoder-wrappers.cc:501) Retrying utterance usctimit_ema_m1_195 with beam 40
LOG (gmm-align-compiled[5.5.141~1-40a9d]:main():gmm-align-compiled.cc:127) usctimit_ema_m1_196
WARNING (gmm-align-compiled[5.5.141~1-40a9d]:AlignUtteranceWrapper():decoder-wrappers.cc:501) Retrying utterance usctimit_ema_m1_196 with beam 40
LOG (gmm-align-compiled[5.5.141~1-40a9d]:main():gmm-align-compiled.cc:127) usctimit_ema_m1_197
WARNING (gmm-align-compiled[5.5.141~1-40a9d]:AlignUtteranceWrapper():decoder-wrappers.cc:501) Retrying utterance usctimit_ema_m1_197 with beam 40
LOG (gmm-align-compiled[5.5.141~1-40a9d]:main():gmm-align-compiled.cc:127) usctimit_ema_m1_198
WARNING (gmm-align-compiled[5.5.141~1-40a9d]:AlignUtteranceWrapper():decoder-wrappers.cc:501) Retrying utterance usctimit_ema_m1_198 with beam 40
LOG (gmm-align-compiled[5.5.141~1-40a9d]:main():gmm-align-compiled.cc:127) usctimit_ema_m1_199
LOG (gmm-align-compiled[5.5.141~1-40a9d]:main():gmm-align-compiled.cc:127) usctimit_ema_m1_200
LOG (gmm-align-compiled[5.5.141~1-40a9d]:main():gmm-align-compiled.cc:127) usctimit_ema_m1_201
LOG (gmm-align-compiled[5.5.141~1-40a9d]:main():gmm-align-compiled.cc:127) usctimit_ema_m1_202
LOG (gmm-align-compiled[5.5.141~1-40a9d]:main():gmm-align-compiled.cc:127) usctimit_ema_m1_203
WARNING (gmm-align-compiled[5.5.141~1-40a9d]:AlignUtteranceWrapper():decoder-wrappers.cc:501) Retrying utterance usctimit_ema_m1_203 with beam 40
LOG (gmm-align-compiled[5.5.141~1-40a9d]:main():gmm-align-compiled.cc:127) usctimit_ema_m1_205
WARNING (gmm-align-compiled[5.5.141~1-40a9d]:AlignUtteranceWrapper():decoder-wrappers.cc:501) Retrying utterance usctimit_ema_m1_205 with beam 40
LOG (gmm-align-compiled[5.5.141~1-40a9d]:main():gmm-align-compiled.cc:127) usctimit_ema_m1_206
WARNING (gmm-align-compiled[5.5.141~1-40a9d]:AlignUtteranceWrapper():decoder-wrappers.cc:501) Retrying utterance usctimit_ema_m1_206 with beam 40
LOG (gmm-align-compiled[5.5.141~1-40a9d]:main():gmm-align-compiled.cc:127) usctimit_ema_m1_208
WARNING (gmm-align-compiled[5.5.141~1-40a9d]:AlignUtteranceWrapper():decoder-wrappers.cc:501) Retrying utterance usctimit_ema_m1_208 with beam 40
LOG (gmm-align-compiled[5.5.141~1-40a9d]:main():gmm-align-compiled.cc:127) usctimit_ema_m1_210
LOG (gmm-align-compiled[5.5.141~1-40a9d]:main():gmm-align-compiled.cc:127) usctimit_ema_m1_212
LOG (gmm-align-compiled[5.5.141~1-40a9d]:main():gmm-align-compiled.cc:127) usctimit_ema_m1_213
LOG (gmm-align-compiled[5.5.141~1-40a9d]:main():gmm-align-compiled.cc:127) usctimit_ema_m1_214
LOG (gmm-align-compiled[5.5.141~1-40a9d]:main():gmm-align-compiled.cc:127) usctimit_ema_m1_215
LOG (gmm-align-compiled[5.5.141~1-40a9d]:main():gmm-align-compiled.cc:127) usctimit_ema_m1_216
LOG (gmm-align-compiled[5.5.141~1-40a9d]:main():gmm-align-compiled.cc:127) usctimit_ema_m1_217
WARNING (gmm-align-compiled[5.5.141~1-40a9d]:AlignUtteranceWrapper():decoder-wrappers.cc:501) Retrying utterance usctimit_ema_m1_217 with beam 40
LOG (gmm-align-compiled[5.5.141~1-40a9d]:main():gmm-align-compiled.cc:127) usctimit_ema_m1_219
LOG (gmm-align-compiled[5.5.141~1-40a9d]:main():gmm-align-compiled.cc:127) usctimit_ema_m1_220
WARNING (gmm-align-compiled[5.5.141~1-40a9d]:AlignUtteranceWrapper():decoder-wrappers.cc:501) Retrying utterance usctimit_ema_m1_220 with beam 40
LOG (gmm-align-compiled[5.5.141~1-40a9d]:main():gmm-align-compiled.cc:127) usctimit_ema_m1_221
LOG (gmm-align-compiled[5.5.141~1-40a9d]:main():gmm-align-compiled.cc:127) usctimit_ema_m1_223
LOG (gmm-align-compiled[5.5.141~1-40a9d]:main():gmm-align-compiled.cc:127) usctimit_ema_m1_225
WARNING (gmm-align-compiled[5.5.141~1-40a9d]:AlignUtteranceWrapper():decoder-wrappers.cc:501) Retrying utterance usctimit_ema_m1_225 with beam 40
LOG (gmm-align-compiled[5.5.141~1-40a9d]:main():gmm-align-compiled.cc:127) usctimit_ema_m1_226
LOG (gmm-align-compiled[5.5.141~1-40a9d]:main():gmm-align-compiled.cc:127) usctimit_ema_m1_227
LOG (gmm-align-compiled[5.5.141~1-40a9d]:main():gmm-align-compiled.cc:127) usctimit_ema_m1_228
LOG (gmm-align-compiled[5.5.141~1-40a9d]:main():gmm-align-compiled.cc:127) usctimit_ema_m1_230
LOG (gmm-align-compiled[5.5.141~1-40a9d]:main():gmm-align-compiled.cc:127) usctimit_ema_m1_238
LOG (gmm-align-compiled[5.5.141~1-40a9d]:main():gmm-align-compiled.cc:127) usctimit_ema_m1_239
LOG (gmm-align-compiled[5.5.141~1-40a9d]:main():gmm-align-compiled.cc:127) usctimit_ema_m1_240
LOG (gmm-align-compiled[5.5.141~1-40a9d]:main():gmm-align-compiled.cc:127) usctimit_ema_m1_241
LOG (gmm-align-compiled[5.5.141~1-40a9d]:main():gmm-align-compiled.cc:127) usctimit_ema_m1_242
LOG (gmm-align-compiled[5.5.141~1-40a9d]:main():gmm-align-compiled.cc:127) usctimit_ema_m1_243
LOG (gmm-align-compiled[5.5.141~1-40a9d]:main():gmm-align-compiled.cc:127) usctimit_ema_m1_244
WARNING (gmm-align-compiled[5.5.141~1-40a9d]:AlignUtteranceWrapper():decoder-wrappers.cc:501) Retrying utterance usctimit_ema_m1_244 with beam 40
LOG (gmm-align-compiled[5.5.141~1-40a9d]:main():gmm-align-compiled.cc:127) usctimit_ema_m1_245
LOG (gmm-align-compiled[5.5.141~1-40a9d]:main():gmm-align-compiled.cc:127) usctimit_ema_m1_246
LOG (gmm-align-compiled[5.5.141~1-40a9d]:main():gmm-align-compiled.cc:127) usctimit_ema_m1_247
LOG (gmm-align-compiled[5.5.141~1-40a9d]:main():gmm-align-compiled.cc:127) usctimit_ema_m1_248
LOG (gmm-align-compiled[5.5.141~1-40a9d]:main():gmm-align-compiled.cc:127) usctimit_ema_m1_249
LOG (gmm-align-compiled[5.5.141~1-40a9d]:main():gmm-align-compiled.cc:127) usctimit_ema_m1_250
LOG (gmm-align-compiled[5.5.141~1-40a9d]:main():gmm-align-compiled.cc:127) usctimit_ema_m1_251
WARNING (gmm-align-compiled[5.5.141~1-40a9d]:AlignUtteranceWrapper():decoder-wrappers.cc:501) Retrying utterance usctimit_ema_m1_251 with beam 40
LOG (gmm-align-compiled[5.5.141~1-40a9d]:main():gmm-align-compiled.cc:127) usctimit_ema_m1_252
LOG (gmm-align-compiled[5.5.141~1-40a9d]:main():gmm-align-compiled.cc:127) usctimit_ema_m1_255
LOG (gmm-align-compiled[5.5.141~1-40a9d]:main():gmm-align-compiled.cc:127) usctimit_ema_m1_256
WARNING (gmm-align-compiled[5.5.141~1-40a9d]:AlignUtteranceWrapper():decoder-wrappers.cc:501) Retrying utterance usctimit_ema_m1_256 with beam 40
LOG (gmm-align-compiled[5.5.141~1-40a9d]:main():gmm-align-compiled.cc:127) usctimit_ema_m1_257
LOG (gmm-align-compiled[5.5.141~1-40a9d]:main():gmm-align-compiled.cc:127) usctimit_ema_m1_258
LOG (gmm-align-compiled[5.5.141~1-40a9d]:main():gmm-align-compiled.cc:127) usctimit_ema_m1_259
WARNING (gmm-align-compiled[5.5.141~1-40a9d]:AlignUtteranceWrapper():decoder-wrappers.cc:501) Retrying utterance usctimit_ema_m1_259 with beam 40
LOG (gmm-align-compiled[5.5.141~1-40a9d]:main():gmm-align-compiled.cc:127) usctimit_ema_m1_261
WARNING (gmm-align-compiled[5.5.141~1-40a9d]:AlignUtteranceWrapper():decoder-wrappers.cc:501) Retrying utterance usctimit_ema_m1_261 with beam 40
LOG (gmm-align-compiled[5.5.141~1-40a9d]:main():gmm-align-compiled.cc:127) usctimit_ema_m1_262
LOG (gmm-align-compiled[5.5.141~1-40a9d]:main():gmm-align-compiled.cc:127) usctimit_ema_m1_263
LOG (gmm-align-compiled[5.5.141~1-40a9d]:main():gmm-align-compiled.cc:127) usctimit_ema_m1_264
LOG (gmm-align-compiled[5.5.141~1-40a9d]:main():gmm-align-compiled.cc:127) usctimit_ema_m1_266
LOG (gmm-align-compiled[5.5.141~1-40a9d]:main():gmm-align-compiled.cc:127) usctimit_ema_m1_267
WARNING (gmm-align-compiled[5.5.141~1-40a9d]:AlignUtteranceWrapper():decoder-wrappers.cc:501) Retrying utterance usctimit_ema_m1_267 with beam 40
LOG (gmm-align-compiled[5.5.141~1-40a9d]:main():gmm-align-compiled.cc:127) usctimit_ema_m1_268
LOG (gmm-align-compiled[5.5.141~1-40a9d]:main():gmm-align-compiled.cc:127) usctimit_ema_m1_271
LOG (gmm-align-compiled[5.5.141~1-40a9d]:main():gmm-align-compiled.cc:127) usctimit_ema_m1_272
LOG (gmm-align-compiled[5.5.141~1-40a9d]:main():gmm-align-compiled.cc:127) usctimit_ema_m1_273
WARNING (gmm-align-compiled[5.5.141~1-40a9d]:AlignUtteranceWrapper():decoder-wrappers.cc:501) Retrying utterance usctimit_ema_m1_273 with beam 40
LOG (gmm-align-compiled[5.5.141~1-40a9d]:main():gmm-align-compiled.cc:127) usctimit_ema_m1_274
WARNING (gmm-align-compiled[5.5.141~1-40a9d]:AlignUtteranceWrapper():decoder-wrappers.cc:501) Retrying utterance usctimit_ema_m1_274 with beam 40
LOG (gmm-align-compiled[5.5.141~1-40a9d]:main():gmm-align-compiled.cc:127) usctimit_ema_m1_275
LOG (gmm-align-compiled[5.5.141~1-40a9d]:main():gmm-align-compiled.cc:127) usctimit_ema_m1_276
LOG (gmm-align-compiled[5.5.141~1-40a9d]:main():gmm-align-compiled.cc:127) usctimit_ema_m1_278
LOG (gmm-align-compiled[5.5.141~1-40a9d]:main():gmm-align-compiled.cc:127) usctimit_ema_m1_279
WARNING (gmm-align-compiled[5.5.141~1-40a9d]:AlignUtteranceWrapper():decoder-wrappers.cc:501) Retrying utterance usctimit_ema_m1_279 with beam 40
LOG (gmm-align-compiled[5.5.141~1-40a9d]:main():gmm-align-compiled.cc:127) usctimit_ema_m1_280
WARNING (gmm-align-compiled[5.5.141~1-40a9d]:AlignUtteranceWrapper():decoder-wrappers.cc:501) Retrying utterance usctimit_ema_m1_280 with beam 40
LOG (gmm-align-compiled[5.5.141~1-40a9d]:main():gmm-align-compiled.cc:127) usctimit_ema_m1_281
WARNING (gmm-align-compiled[5.5.141~1-40a9d]:AlignUtteranceWrapper():decoder-wrappers.cc:501) Retrying utterance usctimit_ema_m1_281 with beam 40
LOG (gmm-align-compiled[5.5.141~1-40a9d]:main():gmm-align-compiled.cc:127) usctimit_ema_m1_282
LOG (gmm-align-compiled[5.5.141~1-40a9d]:main():gmm-align-compiled.cc:127) usctimit_ema_m1_283
LOG (gmm-align-compiled[5.5.141~1-40a9d]:main():gmm-align-compiled.cc:127) usctimit_ema_m1_284
LOG (gmm-align-compiled[5.5.141~1-40a9d]:main():gmm-align-compiled.cc:127) usctimit_ema_m1_285
LOG (gmm-align-compiled[5.5.141~1-40a9d]:main():gmm-align-compiled.cc:127) usctimit_ema_m1_286
LOG (gmm-align-compiled[5.5.141~1-40a9d]:main():gmm-align-compiled.cc:127) usctimit_ema_m1_287
LOG (gmm-align-compiled[5.5.141~1-40a9d]:main():gmm-align-compiled.cc:127) usctimit_ema_m1_288
LOG (gmm-align-compiled[5.5.141~1-40a9d]:main():gmm-align-compiled.cc:127) usctimit_ema_m1_290
LOG (gmm-align-compiled[5.5.141~1-40a9d]:main():gmm-align-compiled.cc:127) usctimit_ema_m1_291
WARNING (gmm-align-compiled[5.5.141~1-40a9d]:AlignUtteranceWrapper():decoder-wrappers.cc:501) Retrying utterance usctimit_ema_m1_291 with beam 40
LOG (gmm-align-compiled[5.5.141~1-40a9d]:main():gmm-align-compiled.cc:127) usctimit_ema_m1_293
LOG (gmm-align-compiled[5.5.141~1-40a9d]:main():gmm-align-compiled.cc:127) usctimit_ema_m1_294
WARNING (gmm-align-compiled[5.5.141~1-40a9d]:AlignUtteranceWrapper():decoder-wrappers.cc:501) Retrying utterance usctimit_ema_m1_294 with beam 40
LOG (gmm-align-compiled[5.5.141~1-40a9d]:main():gmm-align-compiled.cc:127) usctimit_ema_m1_295
LOG (gmm-align-compiled[5.5.141~1-40a9d]:main():gmm-align-compiled.cc:127) usctimit_ema_m1_296
WARNING (gmm-align-compiled[5.5.141~1-40a9d]:AlignUtteranceWrapper():decoder-wrappers.cc:501) Retrying utterance usctimit_ema_m1_296 with beam 40
LOG (gmm-align-compiled[5.5.141~1-40a9d]:main():gmm-align-compiled.cc:127) usctimit_ema_m1_297
WARNING (gmm-align-compiled[5.5.141~1-40a9d]:AlignUtteranceWrapper():decoder-wrappers.cc:501) Retrying utterance usctimit_ema_m1_297 with beam 40
LOG (gmm-align-compiled[5.5.141~1-40a9d]:main():gmm-align-compiled.cc:127) usctimit_ema_m1_298
LOG (gmm-align-compiled[5.5.141~1-40a9d]:main():gmm-align-compiled.cc:127) usctimit_ema_m1_299
LOG (gmm-align-compiled[5.5.141~1-40a9d]:main():gmm-align-compiled.cc:127) usctimit_ema_m1_301
WARNING (gmm-align-compiled[5.5.141~1-40a9d]:AlignUtteranceWrapper():decoder-wrappers.cc:501) Retrying utterance usctimit_ema_m1_301 with beam 40
LOG (gmm-align-compiled[5.5.141~1-40a9d]:main():gmm-align-compiled.cc:127) usctimit_ema_m1_304
LOG (gmm-align-compiled[5.5.141~1-40a9d]:main():gmm-align-compiled.cc:127) usctimit_ema_m1_305
LOG (gmm-align-compiled[5.5.141~1-40a9d]:main():gmm-align-compiled.cc:127) usctimit_ema_m1_309
LOG (gmm-align-compiled[5.5.141~1-40a9d]:main():gmm-align-compiled.cc:127) usctimit_ema_m1_310
LOG (gmm-align-compiled[5.5.141~1-40a9d]:main():gmm-align-compiled.cc:127) usctimit_ema_m1_312
LOG (gmm-align-compiled[5.5.141~1-40a9d]:main():gmm-align-compiled.cc:127) usctimit_ema_m1_313
LOG (gmm-align-compiled[5.5.141~1-40a9d]:main():gmm-align-compiled.cc:127) usctimit_ema_m1_314
WARNING (gmm-align-compiled[5.5.141~1-40a9d]:AlignUtteranceWrapper():decoder-wrappers.cc:501) Retrying utterance usctimit_ema_m1_314 with beam 40
LOG (gmm-align-compiled[5.5.141~1-40a9d]:main():gmm-align-compiled.cc:127) usctimit_ema_m1_315
LOG (gmm-align-compiled[5.5.141~1-40a9d]:main():gmm-align-compiled.cc:127) usctimit_ema_m1_316
WARNING (gmm-align-compiled[5.5.141~1-40a9d]:AlignUtteranceWrapper():decoder-wrappers.cc:501) Retrying utterance usctimit_ema_m1_316 with beam 40
LOG (gmm-align-compiled[5.5.141~1-40a9d]:main():gmm-align-compiled.cc:127) usctimit_ema_m1_318
WARNING (gmm-align-compiled[5.5.141~1-40a9d]:AlignUtteranceWrapper():decoder-wrappers.cc:501) Retrying utterance usctimit_ema_m1_318 with beam 40
LOG (gmm-align-compiled[5.5.141~1-40a9d]:main():gmm-align-compiled.cc:127) usctimit_ema_m1_319
WARNING (gmm-align-compiled[5.5.141~1-40a9d]:AlignUtteranceWrapper():decoder-wrappers.cc:501) Retrying utterance usctimit_ema_m1_319 with beam 40
LOG (gmm-align-compiled[5.5.141~1-40a9d]:main():gmm-align-compiled.cc:127) usctimit_ema_m1_321
LOG (gmm-align-compiled[5.5.141~1-40a9d]:main():gmm-align-compiled.cc:127) usctimit_ema_m1_323
LOG (gmm-align-compiled[5.5.141~1-40a9d]:main():gmm-align-compiled.cc:127) usctimit_ema_m1_324
LOG (gmm-align-compiled[5.5.141~1-40a9d]:main():gmm-align-compiled.cc:127) usctimit_ema_m1_325
LOG (gmm-align-compiled[5.5.141~1-40a9d]:main():gmm-align-compiled.cc:127) usctimit_ema_m1_326
LOG (gmm-align-compiled[5.5.141~1-40a9d]:main():gmm-align-compiled.cc:127) usctimit_ema_m1_327
WARNING (gmm-align-compiled[5.5.141~1-40a9d]:AlignUtteranceWrapper():decoder-wrappers.cc:501) Retrying utterance usctimit_ema_m1_327 with beam 40
LOG (gmm-align-compiled[5.5.141~1-40a9d]:main():gmm-align-compiled.cc:127) usctimit_ema_m1_328
LOG (gmm-align-compiled[5.5.141~1-40a9d]:main():gmm-align-compiled.cc:127) usctimit_ema_m1_329
LOG (gmm-align-compiled[5.5.141~1-40a9d]:main():gmm-align-compiled.cc:127) usctimit_ema_m1_330
WARNING (gmm-align-compiled[5.5.141~1-40a9d]:AlignUtteranceWrapper():decoder-wrappers.cc:501) Retrying utterance usctimit_ema_m1_330 with beam 40
LOG (gmm-align-compiled[5.5.141~1-40a9d]:main():gmm-align-compiled.cc:127) usctimit_ema_m1_332
LOG (gmm-align-compiled[5.5.141~1-40a9d]:main():gmm-align-compiled.cc:127) usctimit_ema_m1_334
LOG (gmm-align-compiled[5.5.141~1-40a9d]:main():gmm-align-compiled.cc:127) usctimit_ema_m1_335
WARNING (gmm-align-compiled[5.5.141~1-40a9d]:AlignUtteranceWrapper():decoder-wrappers.cc:501) Retrying utterance usctimit_ema_m1_335 with beam 40
LOG (gmm-align-compiled[5.5.141~1-40a9d]:main():gmm-align-compiled.cc:127) usctimit_ema_m1_337
WARNING (gmm-align-compiled[5.5.141~1-40a9d]:AlignUtteranceWrapper():decoder-wrappers.cc:501) Retrying utterance usctimit_ema_m1_337 with beam 40
LOG (gmm-align-compiled[5.5.141~1-40a9d]:main():gmm-align-compiled.cc:127) usctimit_ema_m1_339
LOG (gmm-align-compiled[5.5.141~1-40a9d]:main():gmm-align-compiled.cc:127) usctimit_ema_m1_341
LOG (gmm-align-compiled[5.5.141~1-40a9d]:main():gmm-align-compiled.cc:127) usctimit_ema_m1_342
LOG (gmm-align-compiled[5.5.141~1-40a9d]:main():gmm-align-compiled.cc:127) usctimit_ema_m1_343
WARNING (gmm-align-compiled[5.5.141~1-40a9d]:AlignUtteranceWrapper():decoder-wrappers.cc:501) Retrying utterance usctimit_ema_m1_343 with beam 40
LOG (gmm-align-compiled[5.5.141~1-40a9d]:main():gmm-align-compiled.cc:127) usctimit_ema_m1_345
LOG (gmm-align-compiled[5.5.141~1-40a9d]:main():gmm-align-compiled.cc:127) usctimit_ema_m1_346
LOG (gmm-align-compiled[5.5.141~1-40a9d]:main():gmm-align-compiled.cc:127) usctimit_ema_m1_348
LOG (gmm-align-compiled[5.5.141~1-40a9d]:main():gmm-align-compiled.cc:127) usctimit_ema_m1_349
LOG (gmm-align-compiled[5.5.141~1-40a9d]:main():gmm-align-compiled.cc:127) usctimit_ema_m1_351
LOG (gmm-align-compiled[5.5.141~1-40a9d]:main():gmm-align-compiled.cc:127) usctimit_ema_m1_353
WARNING (gmm-align-compiled[5.5.141~1-40a9d]:AlignUtteranceWrapper():decoder-wrappers.cc:501) Retrying utterance usctimit_ema_m1_353 with beam 40
LOG (gmm-align-compiled[5.5.141~1-40a9d]:main():gmm-align-compiled.cc:127) usctimit_ema_m1_354
LOG (gmm-align-compiled[5.5.141~1-40a9d]:main():gmm-align-compiled.cc:127) usctimit_ema_m1_355
LOG (gmm-align-compiled[5.5.141~1-40a9d]:main():gmm-align-compiled.cc:127) usctimit_ema_m1_356
WARNING (gmm-align-compiled[5.5.141~1-40a9d]:AlignUtteranceWrapper():decoder-wrappers.cc:501) Retrying utterance usctimit_ema_m1_356 with beam 40
LOG (gmm-align-compiled[5.5.141~1-40a9d]:main():gmm-align-compiled.cc:127) usctimit_ema_m1_357
LOG (gmm-align-compiled[5.5.141~1-40a9d]:main():gmm-align-compiled.cc:127) usctimit_ema_m1_358
LOG (gmm-align-compiled[5.5.141~1-40a9d]:main():gmm-align-compiled.cc:127) usctimit_ema_m1_359
LOG (gmm-align-compiled[5.5.141~1-40a9d]:main():gmm-align-compiled.cc:127) usctimit_ema_m1_362
LOG (gmm-align-compiled[5.5.141~1-40a9d]:main():gmm-align-compiled.cc:127) usctimit_ema_m1_363
LOG (gmm-align-compiled[5.5.141~1-40a9d]:main():gmm-align-compiled.cc:127) usctimit_ema_m1_364
LOG (gmm-align-compiled[5.5.141~1-40a9d]:main():gmm-align-compiled.cc:127) usctimit_ema_m1_365
LOG (gmm-align-compiled[5.5.141~1-40a9d]:main():gmm-align-compiled.cc:127) usctimit_ema_m1_370
LOG (gmm-align-compiled[5.5.141~1-40a9d]:main():gmm-align-compiled.cc:127) usctimit_ema_m1_371
LOG (gmm-align-compiled[5.5.141~1-40a9d]:main():gmm-align-compiled.cc:127) usctimit_ema_m1_372
LOG (gmm-align-compiled[5.5.141~1-40a9d]:main():gmm-align-compiled.cc:127) usctimit_ema_m1_373
LOG (gmm-align-compiled[5.5.141~1-40a9d]:main():gmm-align-compiled.cc:127) usctimit_ema_m1_376
LOG (gmm-align-compiled[5.5.141~1-40a9d]:main():gmm-align-compiled.cc:127) usctimit_ema_m1_377
LOG (gmm-align-compiled[5.5.141~1-40a9d]:main():gmm-align-compiled.cc:127) usctimit_ema_m1_378
LOG (gmm-align-compiled[5.5.141~1-40a9d]:main():gmm-align-compiled.cc:127) usctimit_ema_m1_379
LOG (gmm-align-compiled[5.5.141~1-40a9d]:main():gmm-align-compiled.cc:127) usctimit_ema_m1_380
LOG (gmm-align-compiled[5.5.141~1-40a9d]:main():gmm-align-compiled.cc:127) usctimit_ema_m1_382
LOG (gmm-align-compiled[5.5.141~1-40a9d]:main():gmm-align-compiled.cc:127) usctimit_ema_m1_383
LOG (gmm-align-compiled[5.5.141~1-40a9d]:main():gmm-align-compiled.cc:127) usctimit_ema_m1_384
LOG (gmm-align-compiled[5.5.141~1-40a9d]:main():gmm-align-compiled.cc:127) usctimit_ema_m1_385
LOG (gmm-align-compiled[5.5.141~1-40a9d]:main():gmm-align-compiled.cc:127) usctimit_ema_m1_386
LOG (gmm-align-compiled[5.5.141~1-40a9d]:main():gmm-align-compiled.cc:127) usctimit_ema_m1_388
LOG (gmm-align-compiled[5.5.141~1-40a9d]:main():gmm-align-compiled.cc:127) usctimit_ema_m1_389
LOG (gmm-align-compiled[5.5.141~1-40a9d]:main():gmm-align-compiled.cc:127) usctimit_ema_m1_390
LOG (gmm-align-compiled[5.5.141~1-40a9d]:main():gmm-align-compiled.cc:127) usctimit_ema_m1_391
LOG (gmm-align-compiled[5.5.141~1-40a9d]:main():gmm-align-compiled.cc:127) usctimit_ema_m1_392
LOG (gmm-align-compiled[5.5.141~1-40a9d]:main():gmm-align-compiled.cc:127) usctimit_ema_m1_393
LOG (gmm-align-compiled[5.5.141~1-40a9d]:main():gmm-align-compiled.cc:127) usctimit_ema_m1_395
LOG (gmm-align-compiled[5.5.141~1-40a9d]:main():gmm-align-compiled.cc:127) usctimit_ema_m1_398
LOG (gmm-align-compiled[5.5.141~1-40a9d]:main():gmm-align-compiled.cc:127) usctimit_ema_m1_399
WARNING (gmm-align-compiled[5.5.141~1-40a9d]:AlignUtteranceWrapper():decoder-wrappers.cc:501) Retrying utterance usctimit_ema_m1_399 with beam 40
LOG (gmm-align-compiled[5.5.141~1-40a9d]:main():gmm-align-compiled.cc:127) usctimit_ema_m1_401
LOG (gmm-align-compiled[5.5.141~1-40a9d]:main():gmm-align-compiled.cc:127) usctimit_ema_m1_403
LOG (gmm-align-compiled[5.5.141~1-40a9d]:main():gmm-align-compiled.cc:127) usctimit_ema_m1_404
LOG (gmm-align-compiled[5.5.141~1-40a9d]:main():gmm-align-compiled.cc:127) usctimit_ema_m1_406
LOG (gmm-align-compiled[5.5.141~1-40a9d]:main():gmm-align-compiled.cc:127) usctimit_ema_m1_407
LOG (gmm-align-compiled[5.5.141~1-40a9d]:main():gmm-align-compiled.cc:127) usctimit_ema_m1_408
LOG (gmm-align-compiled[5.5.141~1-40a9d]:main():gmm-align-compiled.cc:127) usctimit_ema_m1_409
LOG (gmm-align-compiled[5.5.141~1-40a9d]:main():gmm-align-compiled.cc:127) usctimit_ema_m1_410
LOG (gmm-align-compiled[5.5.141~1-40a9d]:main():gmm-align-compiled.cc:127) usctimit_ema_m1_413
LOG (gmm-align-compiled[5.5.141~1-40a9d]:main():gmm-align-compiled.cc:127) usctimit_ema_m1_414
LOG (gmm-align-compiled[5.5.141~1-40a9d]:main():gmm-align-compiled.cc:127) usctimit_ema_m1_416
LOG (gmm-align-compiled[5.5.141~1-40a9d]:main():gmm-align-compiled.cc:127) usctimit_ema_m1_417
LOG (gmm-align-compiled[5.5.141~1-40a9d]:main():gmm-align-compiled.cc:127) usctimit_ema_m1_419
LOG (gmm-align-compiled[5.5.141~1-40a9d]:main():gmm-align-compiled.cc:127) usctimit_ema_m1_420
LOG (gmm-align-compiled[5.5.141~1-40a9d]:main():gmm-align-compiled.cc:127) usctimit_ema_m1_421
LOG (gmm-align-compiled[5.5.141~1-40a9d]:main():gmm-align-compiled.cc:127) usctimit_ema_m1_422
LOG (gmm-align-compiled[5.5.141~1-40a9d]:main():gmm-align-compiled.cc:127) usctimit_ema_m1_423
LOG (gmm-align-compiled[5.5.141~1-40a9d]:main():gmm-align-compiled.cc:127) usctimit_ema_m1_424
LOG (gmm-align-compiled[5.5.141~1-40a9d]:main():gmm-align-compiled.cc:127) usctimit_ema_m1_425
LOG (gmm-align-compiled[5.5.141~1-40a9d]:main():gmm-align-compiled.cc:127) usctimit_ema_m1_426
LOG (gmm-align-compiled[5.5.141~1-40a9d]:main():gmm-align-compiled.cc:127) usctimit_ema_m1_428
LOG (gmm-align-compiled[5.5.141~1-40a9d]:main():gmm-align-compiled.cc:127) usctimit_ema_m1_431
WARNING (gmm-align-compiled[5.5.141~1-40a9d]:AlignUtteranceWrapper():decoder-wrappers.cc:501) Retrying utterance usctimit_ema_m1_431 with beam 40
LOG (gmm-align-compiled[5.5.141~1-40a9d]:main():gmm-align-compiled.cc:127) usctimit_ema_m1_434
LOG (gmm-align-compiled[5.5.141~1-40a9d]:main():gmm-align-compiled.cc:127) usctimit_ema_m1_435
LOG (gmm-align-compiled[5.5.141~1-40a9d]:main():gmm-align-compiled.cc:127) usctimit_ema_m1_436
WARNING (gmm-align-compiled[5.5.141~1-40a9d]:AlignUtteranceWrapper():decoder-wrappers.cc:501) Retrying utterance usctimit_ema_m1_436 with beam 40
LOG (gmm-align-compiled[5.5.141~1-40a9d]:main():gmm-align-compiled.cc:127) usctimit_ema_m1_437
LOG (gmm-align-compiled[5.5.141~1-40a9d]:main():gmm-align-compiled.cc:127) usctimit_ema_m1_439
LOG (gmm-align-compiled[5.5.141~1-40a9d]:main():gmm-align-compiled.cc:127) usctimit_ema_m1_440
LOG (gmm-align-compiled[5.5.141~1-40a9d]:main():gmm-align-compiled.cc:127) usctimit_ema_m1_441
LOG (gmm-align-compiled[5.5.141~1-40a9d]:main():gmm-align-compiled.cc:127) usctimit_ema_m1_442
LOG (gmm-align-compiled[5.5.141~1-40a9d]:main():gmm-align-compiled.cc:127) usctimit_ema_m1_443
WARNING (gmm-align-compiled[5.5.141~1-40a9d]:AlignUtteranceWrapper():decoder-wrappers.cc:501) Retrying utterance usctimit_ema_m1_443 with beam 40
LOG (gmm-align-compiled[5.5.141~1-40a9d]:main():gmm-align-compiled.cc:127) usctimit_ema_m1_444
LOG (gmm-align-compiled[5.5.141~1-40a9d]:main():gmm-align-compiled.cc:127) usctimit_ema_m1_445
LOG (gmm-align-compiled[5.5.141~1-40a9d]:main():gmm-align-compiled.cc:127) usctimit_ema_m1_446
LOG (gmm-align-compiled[5.5.141~1-40a9d]:main():gmm-align-compiled.cc:127) usctimit_ema_m1_447
WARNING (gmm-align-compiled[5.5.141~1-40a9d]:AlignUtteranceWrapper():decoder-wrappers.cc:501) Retrying utterance usctimit_ema_m1_447 with beam 40
LOG (gmm-align-compiled[5.5.141~1-40a9d]:main():gmm-align-compiled.cc:127) usctimit_ema_m1_448
LOG (gmm-align-compiled[5.5.141~1-40a9d]:main():gmm-align-compiled.cc:127) usctimit_ema_m1_449
WARNING (gmm-align-compiled[5.5.141~1-40a9d]:AlignUtteranceWrapper():decoder-wrappers.cc:501) Retrying utterance usctimit_ema_m1_449 with beam 40
LOG (gmm-align-compiled[5.5.141~1-40a9d]:main():gmm-align-compiled.cc:127) usctimit_ema_m1_450
LOG (gmm-align-compiled[5.5.141~1-40a9d]:main():gmm-align-compiled.cc:127) usctimit_ema_m1_451
LOG (gmm-align-compiled[5.5.141~1-40a9d]:main():gmm-align-compiled.cc:127) usctimit_ema_m1_452
LOG (gmm-align-compiled[5.5.141~1-40a9d]:main():gmm-align-compiled.cc:127) usctimit_ema_m1_453
LOG (gmm-align-compiled[5.5.141~1-40a9d]:main():gmm-align-compiled.cc:127) usctimit_ema_m1_454
LOG (gmm-align-compiled[5.5.141~1-40a9d]:main():gmm-align-compiled.cc:127) usctimit_ema_m1_455
LOG (gmm-align-compiled[5.5.141~1-40a9d]:main():gmm-align-compiled.cc:127) usctimit_ema_m1_456
WARNING (gmm-align-compiled[5.5.141~1-40a9d]:AlignUtteranceWrapper():decoder-wrappers.cc:501) Retrying utterance usctimit_ema_m1_456 with beam 40
LOG (apply-cmvn[5.5.141~1-40a9d]:main():apply-cmvn.cc:162) Applied cepstral mean normalization to 354 utterances, errors on 0
LOG (gmm-align-compiled[5.5.141~1-40a9d]:main():gmm-align-compiled.cc:127) usctimit_ema_m1_457
LOG (gmm-align-compiled[5.5.141~1-40a9d]:main():gmm-align-compiled.cc:127) usctimit_ema_m1_458
LOG (gmm-align-compiled[5.5.141~1-40a9d]:main():gmm-align-compiled.cc:127) usctimit_ema_m1_459
LOG (gmm-align-compiled[5.5.141~1-40a9d]:main():gmm-align-compiled.cc:127) usctimit_ema_m1_460
WARNING (gmm-align-compiled[5.5.141~1-40a9d]:AlignUtteranceWrapper():decoder-wrappers.cc:501) Retrying utterance usctimit_ema_m1_460 with beam 40
LOG (gmm-align-compiled[5.5.141~1-40a9d]:main():gmm-align-compiled.cc:135) Overall log-likelihood per frame is -89.787 over 161764 frames.
LOG (gmm-align-compiled[5.5.141~1-40a9d]:main():gmm-align-compiled.cc:137) Retried 99 out of 354 utterances.
LOG (gmm-align-compiled[5.5.141~1-40a9d]:main():gmm-align-compiled.cc:139) Done 354, errors on 0
# Accounting: time=33 threads=1
# Ended (code 0) at Mon Dec 24 15:01:20 EET 2018, elapsed time 33 seconds
