# gmm-est --write-occs=exp/bg/mono/3.occs --mix-up=154 --power=0.25 exp/bg/mono/2.mdl "gmm-sum-accs - exp/bg/mono/2.*.acc|" exp/bg/mono/3.mdl 
# Started at Mon Dec 24 15:01:47 EET 2018
#
gmm-est --write-occs=exp/bg/mono/3.occs --mix-up=154 --power=0.25 exp/bg/mono/2.mdl 'gmm-sum-accs - exp/bg/mono/2.*.acc|' exp/bg/mono/3.mdl 
gmm-sum-accs - exp/bg/mono/2.1.acc exp/bg/mono/2.2.acc exp/bg/mono/2.3.acc exp/bg/mono/2.4.acc 
LOG (gmm-sum-accs[5.5.141~1-40a9d]:main():gmm-sum-accs.cc:63) Summed 4 stats, total count 629415, avg like/frame -90.5486
LOG (gmm-sum-accs[5.5.141~1-40a9d]:main():gmm-sum-accs.cc:66) Total count of stats is 629415
LOG (gmm-sum-accs[5.5.141~1-40a9d]:main():gmm-sum-accs.cc:67) Written stats to -
LOG (gmm-est[5.5.141~1-40a9d]:MleUpdate():transition-model.cc:528) TransitionModel::Update, objf change is 0.0262314 per frame over 629415 frames. 
LOG (gmm-est[5.5.141~1-40a9d]:MleUpdate():transition-model.cc:531) 12 probabilities floored, 378 out of 505 transition-states skipped due to insuffient data (it is normal to have some skipped.)
LOG (gmm-est[5.5.141~1-40a9d]:main():gmm-est.cc:102) Transition model update: Overall 0.0262314 log-like improvement per frame over 629415 frames.
WARNING (gmm-est[5.5.141~1-40a9d]:MleDiagGmmUpdate():mle-diag-gmm.cc:365) Gaussian has too little data but not removing it because it is the last Gaussian: i = 0, occ = 0, weight = 1
WARNING (gmm-est[5.5.141~1-40a9d]:MleDiagGmmUpdate():mle-diag-gmm.cc:365) Gaussian has too little data but not removing it because it is the last Gaussian: i = 0, occ = 0, weight = 1
WARNING (gmm-est[5.5.141~1-40a9d]:MleDiagGmmUpdate():mle-diag-gmm.cc:365) Gaussian has too little data but not removing it because it is the last Gaussian: i = 0, occ = 0, weight = 1
LOG (gmm-est[5.5.141~1-40a9d]:MleAmDiagGmmUpdate():mle-am-diag-gmm.cc:225) 0 variance elements floored in 0 Gaussians, out of 125
LOG (gmm-est[5.5.141~1-40a9d]:MleAmDiagGmmUpdate():mle-am-diag-gmm.cc:229) Removed 0 Gaussians due to counts < --min-gaussian-occupancy=10 and --remove-low-count-gaussians=true
LOG (gmm-est[5.5.141~1-40a9d]:main():gmm-est.cc:113) GMM update: Overall 0.951144 objective function improvement per frame over 629415 frames
LOG (gmm-est[5.5.141~1-40a9d]:main():gmm-est.cc:116) GMM update: Overall avg like per frame = -90.5486 over 629415 frames.
LOG (gmm-est[5.5.141~1-40a9d]:SplitByCount():am-diag-gmm.cc:116) Split 125 states with target = 154, power = 0.25, perturb_factor = 0.01 and min_count = 20, split #Gauss from 125 to 154
LOG (gmm-est[5.5.141~1-40a9d]:main():gmm-est.cc:146) Written model to exp/bg/mono/3.mdl
# Accounting: time=0 threads=1
# Ended (code 0) at Mon Dec 24 15:01:47 EET 2018, elapsed time 0 seconds
