# lattice-scale --inv-acoustic-scale=17 "ark:gunzip -c exp/bg/mono/decode/lat.*.gz|" ark:- | lattice-add-penalty --word-ins-penalty=1.0 ark:- ark:- | lattice-best-path --word-symbol-table=exp/bg/mono/graph/words.txt ark:- ark,t:- | utils/int2sym.pl -f 2- exp/bg/mono/graph/words.txt | cat > exp/bg/mono/decode/scoring_kaldi/penalty_1.0/17.txt 
# Started at Mon Dec 24 21:09:59 EET 2018
#
lattice-add-penalty --word-ins-penalty=1.0 ark:- ark:- 
lattice-best-path --word-symbol-table=exp/bg/mono/graph/words.txt ark:- ark,t:- 
lattice-scale --inv-acoustic-scale=17 'ark:gunzip -c exp/bg/mono/decode/lat.*.gz|' ark:- 
LOG (lattice-best-path[5.5.141~1-40a9d]:main():lattice-best-path.cc:99) For utterance usctimit_ema_f1_021, best cost 58.9749 + 1400.43 = 1459.41 over 290 frames.
usctimit_ema_f1_021 sil l iy oy s ah n er z sil 
LOG (lattice-best-path[5.5.141~1-40a9d]:main():lattice-best-path.cc:99) For utterance usctimit_ema_f1_028, best cost 128.032 + 2453.83 = 2581.86 over 499 frames.
usctimit_ema_f1_028 sil l iy ow z ih k aa r t er ih s t ey p aa p y uw aa r ey sil 
LOG (lattice-best-path[5.5.141~1-40a9d]:main():lattice-best-path.cc:99) For utterance usctimit_ema_f1_031, best cost 98.853 + 1982.92 = 2081.77 over 395 frames.
usctimit_ema_f1_031 sil eh s ao r s l z r d ey sh ah z ah n sil 
LOG (lattice-best-path[5.5.141~1-40a9d]:main():lattice-best-path.cc:99) For utterance usctimit_ema_f1_052, best cost 114.724 + 2146.6 = 2261.33 over 431 frames.
usctimit_ema_f1_052 sil hh aa s ah n ow ch er d z ch y ao z ah l iy r iy sil 
LOG (lattice-best-path[5.5.141~1-40a9d]:main():lattice-best-path.cc:99) For utterance usctimit_ema_f1_054, best cost 88.2612 + 1834.2 = 1922.46 over 382 frames.
usctimit_ema_f1_054 sil ch aa n t iy ch ah n t l ih sh ah n z sil 
LOG (lattice-best-path[5.5.141~1-40a9d]:main():lattice-best-path.cc:99) For utterance usctimit_ema_f1_072, best cost 78.5621 + 1913.63 = 1992.19 over 403 frames.
usctimit_ema_f1_072 sil s ah n ih z ih f ih k y er z sil 
LOG (lattice-best-path[5.5.141~1-40a9d]:main():lattice-best-path.cc:99) For utterance usctimit_ema_f1_078, best cost 108.879 + 2115.15 = 2224.02 over 447 frames.
usctimit_ema_f1_078 sil ah l eh k aa s l iy w aa t ah p ay n s ih z sil 
LOG (lattice-best-path[5.5.141~1-40a9d]:main():lattice-best-path.cc:99) For utterance usctimit_ema_f1_090, best cost 102.479 + 1693.27 = 1795.75 over 353 frames.
usctimit_ema_f1_090 sil y uw ao z ih s ah s ah l iy d l iy b ay l z sil 
LOG (lattice-best-path[5.5.141~1-40a9d]:main():lattice-best-path.cc:99) For utterance usctimit_ema_f1_105, best cost 118.026 + 2339.63 = 2457.66 over 461 frames.
usctimit_ema_f1_105 sil dh iy p ey l iy ae k ae n ay iy aa r oy l ae m ow z sil 
LOG (lattice-best-path[5.5.141~1-40a9d]:main():lattice-best-path.cc:99) For utterance usctimit_ema_f1_108, best cost 109.057 + 2269.19 = 2378.25 over 458 frames.
usctimit_ema_f1_108 sil r jh eh v er z iy f r aa p aa r n t iy z sil 
LOG (lattice-best-path[5.5.141~1-40a9d]:main():lattice-best-path.cc:99) For utterance usctimit_ema_f1_111, best cost 90.5038 + 1647.38 = 1737.89 over 329 frames.
usctimit_ema_f1_111 sil r ih sh ah n t ah l ih z ih z f r iy l sil 
LOG (lattice-best-path[5.5.141~1-40a9d]:main():lattice-best-path.cc:99) For utterance usctimit_ema_f1_115, best cost 87.836 + 1737.37 = 1825.2 over 355 frames.
usctimit_ema_f1_115 sil dh iy f ao r ae ch eh s er r k ae z sil 
LOG (lattice-best-path[5.5.141~1-40a9d]:main():lattice-best-path.cc:99) For utterance usctimit_ema_f1_123, best cost 102.191 + 2388.01 = 2490.2 over 492 frames.
usctimit_ema_f1_123 sil dh iy b ah n l s ah s ah s ih ch iy sh ah n sil 
LOG (lattice-best-path[5.5.141~1-40a9d]:main():lattice-best-path.cc:99) For utterance usctimit_ema_f1_126, best cost 129.069 + 2167.17 = 2296.23 over 432 frames.
usctimit_ema_f1_126 sil w ih sh ao r k l z ah p ey n ey k aa f ih k ey sh ah n sil 
LOG (lattice-best-path[5.5.141~1-40a9d]:main():lattice-best-path.cc:99) For utterance usctimit_ema_f1_134, best cost 80.7592 + 1933.78 = 2014.54 over 416 frames.
usctimit_ema_f1_134 sil dh iy k ih z iy z ae s ih z ih k sil 
LOG (lattice-best-path[5.5.141~1-40a9d]:main():lattice-best-path.cc:99) For utterance usctimit_ema_f1_153, best cost 165.347 + 3026.49 = 3191.84 over 618 frames.
usctimit_ema_f1_153 sil dh iy m ay n iy p eh s ah s ae d z ih p iy ow s ah v ey sh ah n d r ow n z sil 
LOG (lattice-best-path[5.5.141~1-40a9d]:main():lattice-best-path.cc:99) For utterance usctimit_ema_f1_162, best cost 96.1196 + 2319.46 = 2415.58 over 486 frames.
usctimit_ema_f1_162 sil ah s ao l d ih z ae k oy d ey sh ah n sil 
LOG (lattice-best-path[5.5.141~1-40a9d]:main():lattice-best-path.cc:99) For utterance usctimit_ema_f1_170, best cost 104.061 + 2212.55 = 2316.61 over 459 frames.
usctimit_ema_f1_170 sil hh ao r ay s iy ah m ih k s eh s ih k aw t sil 
LOG (lattice-best-path[5.5.141~1-40a9d]:main():lattice-best-path.cc:99) For utterance usctimit_ema_f1_198, best cost 73.1052 + 1678.69 = 1751.79 over 368 frames.
usctimit_ema_f1_198 sil ah p ah n ay v eh r k er z sil 
LOG (lattice-best-path[5.5.141~1-40a9d]:main():lattice-best-path.cc:99) For utterance usctimit_ema_f1_209, best cost 60.0346 + 1591.36 = 1651.39 over 339 frames.
usctimit_ema_f1_209 sil dh iy l ih ng r ah n ae n sil 
LOG (lattice-best-path[5.5.141~1-40a9d]:main():lattice-best-path.cc:99) For utterance usctimit_ema_f1_213, best cost 87.7724 + 1751.16 = 1838.93 over 358 frames.
usctimit_ema_f1_213 sil ay m ay z aa k aw t ay ey n s iy sil 
LOG (lattice-best-path[5.5.141~1-40a9d]:main():lattice-best-path.cc:99) For utterance usctimit_ema_f1_227, best cost 75.235 + 1833.14 = 1908.37 over 386 frames.
usctimit_ema_f1_227 sil dh iy ih ng y ao r y uw ih l er sil 
LOG (lattice-best-path[5.5.141~1-40a9d]:main():lattice-best-path.cc:99) For utterance usctimit_ema_f1_236, best cost 96.2232 + 1726.39 = 1822.62 over 358 frames.
usctimit_ema_f1_236 sil hh aw oy l ey t uw ih s ah l d eh s ih ng sil 
LOG (lattice-best-path[5.5.141~1-40a9d]:main():lattice-best-path.cc:99) For utterance usctimit_ema_f1_239, best cost 82.689 + 1925.99 = 2008.68 over 412 frames.
usctimit_ema_f1_239 sil w ih k aa m ey z ah ch ah n z iy sil 
LOG (lattice-best-path[5.5.141~1-40a9d]:main():lattice-best-path.cc:99) For utterance usctimit_ema_f1_242, best cost 78.9758 + 1716.11 = 1795.09 over 356 frames.
usctimit_ema_f1_242 sil d ey t ih k ah f ao r s ow s sil 
LOG (lattice-best-path[5.5.141~1-40a9d]:main():lattice-best-path.cc:99) For utterance usctimit_ema_f1_244, best cost 88.1085 + 1938.16 = 2026.27 over 398 frames.
usctimit_ema_f1_244 sil dh iy p aa t ih k aa r d f aa r eh n z sil 
LOG (lattice-best-path[5.5.141~1-40a9d]:main():lattice-best-path.cc:99) For utterance usctimit_ema_f1_250, best cost 67.3388 + 1577.89 = 1645.23 over 346 frames.
usctimit_ema_f1_250 sil dh ow s er z aa sh ah s iy sil 
LOG (lattice-best-path[5.5.141~1-40a9d]:main():lattice-best-path.cc:99) For utterance usctimit_ema_f1_252, best cost 136.773 + 2694.98 = 2831.75 over 550 frames.
usctimit_ema_f1_252 sil aa s ah b l iy t r w ih th aw t r ih sh ah z aw w ih ng sil 
LOG (lattice-best-path[5.5.141~1-40a9d]:main():lattice-best-path.cc:99) For utterance usctimit_ema_f1_255, best cost 108.098 + 2076.3 = 2184.4 over 428 frames.
usctimit_ema_f1_255 sil dh iy t ih f er f r ae t ah m ay n t uw f aw t sil 
LOG (lattice-best-path[5.5.141~1-40a9d]:main():lattice-best-path.cc:99) For utterance usctimit_ema_f1_262, best cost 139.074 + 2821.25 = 2960.32 over 572 frames.
usctimit_ema_f1_262 sil dh iy s er ch er z r t ih k ah l iy f ao r ih f r eh t ay er sil 
LOG (lattice-best-path[5.5.141~1-40a9d]:main():lattice-best-path.cc:99) For utterance usctimit_ema_f1_286, best cost 89.41 + 1470.28 = 1559.69 over 302 frames.
usctimit_ema_f1_286 sil ae t ah ch ey z hh ae t er s ah s ah n sil 
LOG (lattice-best-path[5.5.141~1-40a9d]:main():lattice-best-path.cc:99) For utterance usctimit_ema_f1_297, best cost 118.126 + 2725.34 = 2843.47 over 592 frames.
usctimit_ema_f1_297 sil r ah n t aa n ch ah s ao f r t ah n z iy f ah n sil 
LOG (lattice-best-path[5.5.141~1-40a9d]:main():lattice-best-path.cc:99) For utterance usctimit_ema_f1_299, best cost 121.083 + 2341.84 = 2462.92 over 491 frames.
usctimit_ema_f1_299 sil ae k ah n er t iy z ah z s oy s ah s ay y uw eh n sil 
LOG (lattice-best-path[5.5.141~1-40a9d]:main():lattice-best-path.cc:99) For utterance usctimit_ema_f1_302, best cost 130.067 + 2732.85 = 2862.91 over 573 frames.
usctimit_ema_f1_302 sil ah d ah l aw ae b ay s t iy ae s ah f r iy sh ah l ih z sil 
LOG (lattice-best-path[5.5.141~1-40a9d]:main():lattice-best-path.cc:99) For utterance usctimit_ema_f1_311, best cost 121.151 + 2455.58 = 2576.73 over 495 frames.
usctimit_ema_f1_311 sil dh iy f r ey sh ah jh ah s t uw b ay z dh iy p r ah v er sil 
LOG (lattice-best-path[5.5.141~1-40a9d]:main():lattice-best-path.cc:99) For utterance usctimit_ema_f1_317, best cost 136.065 + 3223.57 = 3359.63 over 679 frames.
usctimit_ema_f1_317 sil ah n iy l iy t ay k ah s w er sh ah n w ao l iy ae n s ah n sil 
LOG (lattice-best-path[5.5.141~1-40a9d]:main():lattice-best-path.cc:99) For utterance usctimit_ema_f1_320, best cost 91.1644 + 2186.37 = 2277.53 over 454 frames.
usctimit_ema_f1_320 sil ih k ah s er l d ih sh ah l ih sh ah jh sil 
LOG (lattice-best-path[5.5.141~1-40a9d]:main():lattice-best-path.cc:99) For utterance usctimit_ema_f1_323, best cost 108.335 + 2144.86 = 2253.19 over 450 frames.
usctimit_ema_f1_323 sil dh ae n s w ih sh ah m ay t er k oy z eh k ah z sil 
LOG (lattice-best-path[5.5.141~1-40a9d]:main():lattice-best-path.cc:99) For utterance usctimit_ema_f1_325, best cost 102 + 1917.34 = 2019.34 over 400 frames.
usctimit_ema_f1_325 sil w ih sh ah l ah m aa ch ih z ey t ay m dh iy z sil 
LOG (lattice-best-path[5.5.141~1-40a9d]:main():lattice-best-path.cc:99) For utterance usctimit_ema_f1_342, best cost 95.9387 + 2212.53 = 2308.47 over 452 frames.
usctimit_ema_f1_342 sil jh oy s er z eh t uw f r l ih s ih ng sil 
LOG (lattice-best-path[5.5.141~1-40a9d]:main():lattice-best-path.cc:99) For utterance usctimit_ema_f1_346, best cost 86.7695 + 1598.14 = 1684.91 over 328 frames.
usctimit_ema_f1_346 sil w ao k ah n iy s t uw z iy ch iy er sil 
LOG (lattice-best-path[5.5.141~1-40a9d]:main():lattice-best-path.cc:99) For utterance usctimit_ema_f1_347, best cost 117.798 + 2173.82 = 2291.62 over 452 frames.
usctimit_ema_f1_347 sil r jh ah p r n ay d ah f iy ch ih g ae sh ah jh sil 
LOG (lattice-best-path[5.5.141~1-40a9d]:main():lattice-best-path.cc:99) For utterance usctimit_ema_f1_356, best cost 79.5748 + 1477.45 = 1557.03 over 302 frames.
usctimit_ema_f1_356 sil dh iy l ay k l hh ae ch aw er z sil 
LOG (lattice-best-path[5.5.141~1-40a9d]:main():lattice-best-path.cc:99) For utterance usctimit_ema_f1_360, best cost 130.083 + 2308.38 = 2438.47 over 462 frames.
usctimit_ema_f1_360 sil dh iy v ih z iy s l iy f ay d iy n s er ih z ah s l iy sil 
LOG (lattice-best-path[5.5.141~1-40a9d]:main():lattice-best-path.cc:99) For utterance usctimit_ema_f1_362, best cost 81.8073 + 1979.03 = 2060.83 over 430 frames.
usctimit_ema_f1_362 sil dh iy s ih n ah v er w ao r d y er sil 
LOG (lattice-best-path[5.5.141~1-40a9d]:main():lattice-best-path.cc:99) For utterance usctimit_ema_f1_364, best cost 117.054 + 2233.93 = 2350.98 over 457 frames.
usctimit_ema_f1_364 sil t ae t ae b r d eh k ao z ih k ae t ae t ae n sil 
LOG (lattice-best-path[5.5.141~1-40a9d]:main():lattice-best-path.cc:99) For utterance usctimit_ema_f1_368, best cost 92.4723 + 2142.2 = 2234.67 over 450 frames.
usctimit_ema_f1_368 sil w ih s ah v ae n ah t ih th ih sh ah jh sil 
LOG (lattice-best-path[5.5.141~1-40a9d]:main():lattice-best-path.cc:99) For utterance usctimit_ema_f1_382, best cost 125.984 + 2773.02 = 2899.01 over 595 frames.
usctimit_ema_f1_382 sil s ih sh ah l z ah n eh k ae sh ah l iy l ah n sh ah b ih ng sil 
LOG (lattice-best-path[5.5.141~1-40a9d]:main():lattice-best-path.cc:99) For utterance usctimit_ema_f1_394, best cost 126.351 + 2595.37 = 2721.72 over 548 frames.
usctimit_ema_f1_394 sil dh iy z ih r s ah p l iy s ah n t ay k l s m ay er z sil 
LOG (lattice-best-path[5.5.141~1-40a9d]:main():lattice-best-path.cc:99) For utterance usctimit_ema_f1_397, best cost 137.504 + 2411.87 = 2549.38 over 501 frames.
usctimit_ema_f1_397 sil t r n ah s ay s k aa k ah s ah v er f ih g ae k ae v er sil 
LOG (lattice-best-path[5.5.141~1-40a9d]:main():lattice-best-path.cc:99) For utterance usctimit_ema_f1_402, best cost 80.6152 + 1869 = 1949.62 over 401 frames.
usctimit_ema_f1_402 sil r s ih k ah t ih f r iy ch iy z sil 
LOG (lattice-best-path[5.5.141~1-40a9d]:main():lattice-best-path.cc:99) For utterance usctimit_ema_f1_405, best cost 115.412 + 2428.29 = 2543.7 over 510 frames.
usctimit_ema_f1_405 sil w ey ah s p r iy s ae p oy n t er ih ng g r er sil 
LOG (lattice-best-path[5.5.141~1-40a9d]:main():lattice-best-path.cc:99) For utterance usctimit_ema_f1_451, best cost 119.806 + 2223.38 = 2343.18 over 444 frames.
usctimit_ema_f1_451 sil ch ow t ih ng s ih m ay iy f r l t uw n s ih ng sil 
LOG (lattice-best-path[5.5.141~1-40a9d]:main():lattice-best-path.cc:99) For utterance usctimit_ema_f1_453, best cost 112.412 + 2287.61 = 2400.02 over 476 frames.
usctimit_ema_f1_453 sil w eh n er z w ih ng ih ng z ah v er ch ah p er n sil 
LOG (lattice-best-path[5.5.141~1-40a9d]:main():lattice-best-path.cc:99) For utterance usctimit_ema_f1_456, best cost 104.829 + 2123.6 = 2228.43 over 433 frames.
usctimit_ema_f1_456 sil ah s ih d eh k ah k ae t uw ae z aa r ih ng sil 
LOG (lattice-best-path[5.5.141~1-40a9d]:main():lattice-best-path.cc:99) For utterance usctimit_ema_f1_460, best cost 65.809 + 1564.48 = 1630.29 over 334 frames.
usctimit_ema_f1_460 sil w ih sh iy ih sh ah m ah z sil 
LOG (lattice-best-path[5.5.141~1-40a9d]:main():lattice-best-path.cc:99) For utterance usctimit_ema_f5_009, best cost 67.8379 + 1588.54 = 1656.38 over 341 frames.
usctimit_ema_f5_009 sil y uw l aw w er l ay sil 
LOG (lattice-best-path[5.5.141~1-40a9d]:main():lattice-best-path.cc:99) For utterance usctimit_ema_f5_011, best cost 76.7296 + 1551.91 = 1628.64 over 301 frames.
usctimit_ema_f5_011 sil dh iy r m ah s ay z k ae n sil 
LOG (lattice-best-path[5.5.141~1-40a9d]:main():lattice-best-path.cc:99) For utterance usctimit_ema_f5_017, best cost 85.3616 + 1776.19 = 1861.55 over 328 frames.
usctimit_ema_f5_017 sil ae l iy r d f ao z ih z ah l sil 
LOG (lattice-best-path[5.5.141~1-40a9d]:main():lattice-best-path.cc:99) For utterance usctimit_ema_f5_019, best cost 88.0561 + 1575.55 = 1663.61 over 308 frames.
usctimit_ema_f5_019 sil ah f ah l ah t ah t iy f r iy m sil 
LOG (lattice-best-path[5.5.141~1-40a9d]:main():lattice-best-path.cc:99) For utterance usctimit_ema_f5_066, best cost 83.2214 + 1849.39 = 1932.61 over 335 frames.
usctimit_ema_f5_066 sil dh iy s eh g eh t uw f r ey l iy sil 
LOG (lattice-best-path[5.5.141~1-40a9d]:main():lattice-best-path.cc:99) For utterance usctimit_ema_f5_080, best cost 111.8 + 2187.7 = 2299.5 over 417 frames.
usctimit_ema_f5_080 sil ih k ah s ah dh iy er t aa p l ah p ay l z sil 
LOG (lattice-best-path[5.5.141~1-40a9d]:main():lattice-best-path.cc:99) For utterance usctimit_ema_f5_081, best cost 107.147 + 1977.99 = 2085.14 over 373 frames.
usctimit_ema_f5_081 sil ae s k r ey p r iy s t eh n z ih sh ah n sil 
LOG (lattice-best-path[5.5.141~1-40a9d]:main():lattice-best-path.cc:99) For utterance usctimit_ema_f5_090, best cost 99.5791 + 1974.67 = 2074.25 over 385 frames.
usctimit_ema_f5_090 sil s ih s t ah t iy d l iy f ay l z sil 
LOG (lattice-best-path[5.5.141~1-40a9d]:main():lattice-best-path.cc:99) For utterance usctimit_ema_f5_143, best cost 114.658 + 2291.26 = 2405.91 over 473 frames.
usctimit_ema_f5_143 sil dh iy k ah t s ao f er z ey sh ah s ih z sh ah t sil 
LOG (lattice-best-path[5.5.141~1-40a9d]:main():lattice-best-path.cc:99) For utterance usctimit_ema_f5_144, best cost 148.424 + 2976.4 = 3124.82 over 594 frames.
usctimit_ema_f5_144 sil ae s k ao t iy p eh d ah n iy b ow t hh aa b iy aa r iy z sil 
LOG (lattice-best-path[5.5.141~1-40a9d]:main():lattice-best-path.cc:99) For utterance usctimit_ema_f5_162, best cost 120.515 + 2358.69 = 2479.21 over 483 frames.
usctimit_ema_f5_162 sil ah s ao k aa jh ih z ah n ow k l d ey sh ah l sil 
LOG (lattice-best-path[5.5.141~1-40a9d]:main():lattice-best-path.cc:99) For utterance usctimit_ema_f5_163, best cost 136.013 + 2640.26 = 2776.27 over 532 frames.
usctimit_ema_f5_163 sil dh iy ch ah t er z b ay hh iy z jh ah w ao z ah m z f r iy sil 
LOG (lattice-best-path[5.5.141~1-40a9d]:main():lattice-best-path.cc:99) For utterance usctimit_ema_f5_164, best cost 80.6425 + 1955.93 = 2036.58 over 405 frames.
usctimit_ema_f5_164 sil dh iy k uw z d aw t uw d sil 
LOG (lattice-best-path[5.5.141~1-40a9d]:main():lattice-best-path.cc:99) For utterance usctimit_ema_f5_174, best cost 84.1446 + 1930.91 = 2015.05 over 386 frames.
usctimit_ema_f5_174 sil hh ae t ae t ae sh ah z y er sil 
LOG (lattice-best-path[5.5.141~1-40a9d]:main():lattice-best-path.cc:99) For utterance usctimit_ema_f5_197, best cost 90.4998 + 1931.2 = 2021.7 over 400 frames.
usctimit_ema_f5_197 sil dh iy s m l p iy p w er m ah sil 
LOG (lattice-best-path[5.5.141~1-40a9d]:main():lattice-best-path.cc:99) For utterance usctimit_ema_f5_208, best cost 77.1175 + 1782.74 = 1859.86 over 373 frames.
usctimit_ema_f5_208 sil dh iy p oy l ah dh iy ow sh ah n sil 
LOG (lattice-best-path[5.5.141~1-40a9d]:main():lattice-best-path.cc:99) For utterance usctimit_ema_f5_233, best cost 167.437 + 3355.21 = 3522.65 over 648 frames.
usctimit_ema_f5_233 sil r iy ey b l iy sil r eh r t l aw t eh k t ah n s eh t f r iy sil 
LOG (lattice-best-path[5.5.141~1-40a9d]:main():lattice-best-path.cc:99) For utterance usctimit_ema_f5_243, best cost 95.496 + 1819.44 = 1914.94 over 363 frames.
usctimit_ema_f5_243 sil r l d ey p r n dh iy b ah t ah z sil 
LOG (lattice-best-path[5.5.141~1-40a9d]:main():lattice-best-path.cc:99) For utterance usctimit_ema_f5_244, best cost 97.7436 + 2061.94 = 2159.69 over 412 frames.
usctimit_ema_f5_244 sil dh iy t er f ah d p aw ah f ao r d z sil 
LOG (lattice-best-path[5.5.141~1-40a9d]:main():lattice-best-path.cc:99) For utterance usctimit_ema_f5_272, best cost 114.544 + 1835.24 = 1949.79 over 364 frames.
usctimit_ema_f5_272 sil t ah f l z m ey t ah p aa s ah s oy b iy z sil 
LOG (lattice-best-path[5.5.141~1-40a9d]:main():lattice-best-path.cc:99) For utterance usctimit_ema_f5_281, best cost 163.826 + 2937.79 = 3101.61 over 565 frames.
usctimit_ema_f5_281 sil ay d ay er z ih s ah p l d iy w ih n f ao r ih k er k aa k ah s t sil 
LOG (lattice-best-path[5.5.141~1-40a9d]:main():lattice-best-path.cc:99) For utterance usctimit_ema_f5_304, best cost 163.703 + 3352.72 = 3516.43 over 667 frames.
usctimit_ema_f5_304 sil g eh s ah p ay t iy m ah l d ah n aa t ih z k oy n sh ah f ao r z sil 
LOG (lattice-best-path[5.5.141~1-40a9d]:main():lattice-best-path.cc:99) For utterance usctimit_ema_f5_307, best cost 97.6404 + 2057.17 = 2154.81 over 418 frames.
usctimit_ema_f5_307 sil dh iy ch ah n ah b ih g z p aw t l sil 
LOG (lattice-best-path[5.5.141~1-40a9d]:main():lattice-best-path.cc:99) For utterance usctimit_ema_f5_329, best cost 136.52 + 2509.69 = 2646.21 over 535 frames.
usctimit_ema_f5_329 sil ih k aw w aa n er f r m f r m ah n dh iy hh iy m ao s sil 
LOG (lattice-best-path[5.5.141~1-40a9d]:main():lattice-best-path.cc:99) For utterance usctimit_ema_f5_330, best cost 199.204 + 3214.91 = 3414.12 over 611 frames.
usctimit_ema_f5_330 sil iy t ah t ah m iy d ah m ao s k ow n s ay d dh iy b ih k ae n z iy s ah s t ah m p r sil 
LOG (lattice-best-path[5.5.141~1-40a9d]:main():lattice-best-path.cc:99) For utterance usctimit_ema_f5_334, best cost 126.403 + 2688.2 = 2814.6 over 536 frames.
usctimit_ema_f5_334 sil w ey s k aa s t iy m iy b ay k ae s t iy l iy sil 
LOG (lattice-best-path[5.5.141~1-40a9d]:main():lattice-best-path.cc:99) For utterance usctimit_ema_f5_336, best cost 114.129 + 1984.2 = 2098.33 over 396 frames.
usctimit_ema_f5_336 sil ae n oy s k ah g er z m ao r n oy iy ch ey 
LOG (lattice-best-path[5.5.141~1-40a9d]:main():lattice-best-path.cc:99) For utterance usctimit_ema_f5_343, best cost 115.62 + 2467.71 = 2583.33 over 506 frames.
usctimit_ema_f5_343 sil ah jh ah s ah jh ah n uw r uw aa jh ah n z iy m sil 
LOG (lattice-best-path[5.5.141~1-40a9d]:main():lattice-best-path.cc:99) For utterance usctimit_ema_f5_348, best cost 108.749 + 2236.19 = 2344.94 over 455 frames.
usctimit_ema_f5_348 sil dh iy k er ih k ey sh ah p er ao r iy jh ah d sil 
LOG (lattice-best-path[5.5.141~1-40a9d]:main():lattice-best-path.cc:99) For utterance usctimit_ema_f5_349, best cost 82.4862 + 1915.82 = 1998.3 over 405 frames.
usctimit_ema_f5_349 sil dh iy sh ah s k er f r jh oy z sil 
LOG (lattice-best-path[5.5.141~1-40a9d]:main():lattice-best-path.cc:99) For utterance usctimit_ema_f5_354, best cost 159.437 + 3350.03 = 3509.46 over 679 frames.
usctimit_ema_f5_354 w eh v dh iy g r m ay t p eh sh ah m ay z ih z sil ah l d sil 
LOG (lattice-best-path[5.5.141~1-40a9d]:main():lattice-best-path.cc:99) For utterance usctimit_ema_f5_356, best cost 62.7615 + 1196.33 = 1259.09 over 219 frames.
usctimit_ema_f5_356 sil dh iy l eh k l iy l 
LOG (lattice-best-path[5.5.141~1-40a9d]:main():lattice-best-path.cc:99) For utterance usctimit_ema_f5_369, best cost 138.86 + 2608.72 = 2747.59 over 537 frames.
usctimit_ema_f5_369 sil dh er z ah jh ay ae d ao z ih k s t er dh iy t aa p ae t sil 
LOG (lattice-best-path[5.5.141~1-40a9d]:main():lattice-best-path.cc:99) For utterance usctimit_ema_f5_375, best cost 114.039 + 2200.68 = 2314.72 over 435 frames.
usctimit_ema_f5_375 sil ay er sh ah t er z iy ch er s p er ch er b r sil 
LOG (lattice-best-path[5.5.141~1-40a9d]:main():lattice-best-path.cc:99) For utterance usctimit_ema_f5_389, best cost 159.31 + 2848.4 = 3007.71 over 553 frames.
usctimit_ema_f5_389 sil dh iy t ih ch er k m ey n dh iy t er k t ey t iy t iy p iy t ih z sil 
LOG (lattice-best-path[5.5.141~1-40a9d]:main():lattice-best-path.cc:99) For utterance usctimit_ema_f5_392, best cost 144.078 + 2831.08 = 2975.16 over 574 frames.
usctimit_ema_f5_392 sil dh er ch ah n eh s t ah m p aa p ih k ah m z ah s ah sh uw z sil 
LOG (lattice-best-path[5.5.141~1-40a9d]:main():lattice-best-path.cc:99) For utterance usctimit_ema_f5_396, best cost 160.273 + 2721.95 = 2882.23 over 518 frames.
usctimit_ema_f5_396 sil dh iy ae t ay z ih ng g er z ah v p l f r ey s r ih v er ch ey n d z sil 
LOG (lattice-best-path[5.5.141~1-40a9d]:main():lattice-best-path.cc:99) For utterance usctimit_ema_f5_406, best cost 141.803 + 2574.76 = 2716.57 over 512 frames.
usctimit_ema_f5_406 sil dh iy s ih g ow f ao s ih l iy v ow b ay t ah ch ow v iy z sil 
LOG (lattice-best-path[5.5.141~1-40a9d]:main():lattice-best-path.cc:99) For utterance usctimit_ema_f5_424, best cost 70.5236 + 1787.12 = 1857.65 over 379 frames.
usctimit_ema_f5_424 sil dh iy p iy p l d iy ah n d sil 
LOG (lattice-best-path[5.5.141~1-40a9d]:main():lattice-best-path.cc:99) For utterance usctimit_ema_f5_426, best cost 75.0926 + 1856.72 = 1931.81 over 335 frames.
usctimit_ema_f5_426 sil dh iy z ih l t iy p iy ah 
LOG (lattice-best-path[5.5.141~1-40a9d]:main():lattice-best-path.cc:99) For utterance usctimit_ema_f5_431, best cost 114.511 + 2171.17 = 2285.68 over 427 frames.
usctimit_ema_f5_431 sil aa p aa f ao r ih sh ah f ih k ah v er z er z sil 
LOG (lattice-best-path[5.5.141~1-40a9d]:main():lattice-best-path.cc:99) For utterance usctimit_ema_f5_436, best cost 124.87 + 2064.58 = 2189.45 over 405 frames.
usctimit_ema_f5_436 sil hh er s p er th iy f r k l iy k er z ah n d ih ng sil 
LOG (lattice-best-path[5.5.141~1-40a9d]:main():lattice-best-path.cc:99) For utterance usctimit_ema_f5_438, best cost 144.032 + 2535.94 = 2679.98 over 498 frames.
usctimit_ema_f5_438 sil dh iy p ay ao t r m ao l ey t k t uw z dh iy t r d ih sh ah n sil 
LOG (lattice-best-path[5.5.141~1-40a9d]:main():lattice-best-path.cc:99) For utterance usctimit_ema_f5_447, best cost 127.517 + 2711.57 = 2839.09 over 536 frames.
usctimit_ema_f5_447 sil r uw z iy n ih s ih ng dh iy s t iy s ow v er sil 
LOG (lattice-best-path[5.5.141~1-40a9d]:main():lattice-best-path.cc:99) For utterance usctimit_ema_f5_451, best cost 142.634 + 2846.2 = 2988.84 over 533 frames.
usctimit_ema_f5_451 sil t l ah l ih k ah s ih m ah n iy f r l t ah n s ih ng sil 
LOG (lattice-best-path[5.5.141~1-40a9d]:main():lattice-best-path.cc:99) For utterance usctimit_ema_m1_006, best cost 84.6696 + 1887.67 = 1972.34 over 381 frames.
usctimit_ema_m1_006 sil l y ao r iy f r s l iy ae n z sil 
LOG (lattice-best-path[5.5.141~1-40a9d]:main():lattice-best-path.cc:99) For utterance usctimit_ema_m1_010, best cost 52.602 + 1454.98 = 1507.58 over 306 frames.
usctimit_ema_m1_010 sil l w ao r iy l iy sil 
LOG (lattice-best-path[5.5.141~1-40a9d]:main():lattice-best-path.cc:99) For utterance usctimit_ema_m1_012, best cost 110.478 + 2263.33 = 2373.81 over 456 frames.
usctimit_ema_m1_012 sil ao f er z ih z ae m er y uw v er f ao r ow 
LOG (lattice-best-path[5.5.141~1-40a9d]:main():lattice-best-path.cc:99) For utterance usctimit_ema_m1_051, best cost 113.486 + 2146.15 = 2259.64 over 421 frames.
usctimit_ema_m1_051 sil ih k aa k r iy sh ah l iy k r dh iy p ih sh ey d sil 
LOG (lattice-best-path[5.5.141~1-40a9d]:main():lattice-best-path.cc:99) For utterance usctimit_ema_m1_090, best cost 105.685 + 1781.85 = 1887.53 over 356 frames.
usctimit_ema_m1_090 sil y uw m s ih s ah s ah l iy b l iy f ay l z sil 
LOG (lattice-best-path[5.5.141~1-40a9d]:main():lattice-best-path.cc:99) For utterance usctimit_ema_m1_095, best cost 115.842 + 2094.03 = 2209.87 over 420 frames.
usctimit_ema_m1_095 sil dh iy b eh s w ey t l er z s l ch er p aa l z sil 
LOG (lattice-best-path[5.5.141~1-40a9d]:main():lattice-best-path.cc:99) For utterance usctimit_ema_m1_098, best cost 96.665 + 2024.62 = 2121.29 over 421 frames.
usctimit_ema_m1_098 sil ah m s y uw ae n s k ih f r b ae t sil 
LOG (lattice-best-path[5.5.141~1-40a9d]:main():lattice-best-path.cc:99) For utterance usctimit_ema_m1_099, best cost 131.207 + 2335.56 = 2466.76 over 495 frames.
usctimit_ema_m1_099 sil dh iy k aa t uw f iy ch er z ah m s p r ae k ah t ae p l sil 
LOG (lattice-best-path[5.5.141~1-40a9d]:main():lattice-best-path.cc:99) For utterance usctimit_ema_m1_137, best cost 147.695 + 2463.47 = 2611.17 over 499 frames.
usctimit_ema_m1_137 sil k l th ih k ae t uw z jh eh jh p ay s t ae n er ay s t ae s sil 
LOG (lattice-best-path[5.5.141~1-40a9d]:main():lattice-best-path.cc:99) For utterance usctimit_ema_m1_139, best cost 120.639 + 2689.71 = 2810.35 over 571 frames.
usctimit_ema_m1_139 sil w er k t ey t m ah ch k aa r iy n s ow z ay z sil 
LOG (lattice-best-path[5.5.141~1-40a9d]:main():lattice-best-path.cc:99) For utterance usctimit_ema_m1_145, best cost 161.099 + 2732.77 = 2893.87 over 546 frames.
usctimit_ema_m1_145 sil eh s p r k aa sh ah n iy l z b ay b ah n hh aw er f ah s t aa k l sil 
LOG (lattice-best-path[5.5.141~1-40a9d]:main():lattice-best-path.cc:99) For utterance usctimit_ema_m1_158, best cost 152.857 + 2793.41 = 2946.26 over 573 frames.
usctimit_ema_m1_158 sil ay n f er b r k ao r f r k ao r s t w ih sh ah n eh k s t iy z sil 
LOG (lattice-best-path[5.5.141~1-40a9d]:main():lattice-best-path.cc:99) For utterance usctimit_ema_m1_160, best cost 149.842 + 2559.48 = 2709.32 over 512 frames.
usctimit_ema_m1_160 sil sh iy k er ch er ch ah n t ah m ey k ow hh aw w ih ng k aa s t uw sil 
LOG (lattice-best-path[5.5.141~1-40a9d]:main():lattice-best-path.cc:99) For utterance usctimit_ema_m1_162, best cost 121.06 + 2417.37 = 2538.43 over 506 frames.
usctimit_ema_m1_162 sil ah m ao z ah l k l d ih z ah n ow k ow ch ey sh ah l sil 
LOG (lattice-best-path[5.5.141~1-40a9d]:main():lattice-best-path.cc:99) For utterance usctimit_ema_m1_164, best cost 61.4387 + 1941.95 = 2003.39 over 407 frames.
usctimit_ema_m1_164 sil k uw z aa n t uw sil 
LOG (lattice-best-path[5.5.141~1-40a9d]:main():lattice-best-path.cc:99) For utterance usctimit_ema_m1_166, best cost 84.2763 + 1756.72 = 1841 over 380 frames.
usctimit_ema_m1_166 sil dh iy k ae t iy l z hh er w iy er z sil 
LOG (lattice-best-path[5.5.141~1-40a9d]:main():lattice-best-path.cc:99) For utterance usctimit_ema_m1_169, best cost 75.6176 + 1582.37 = 1657.99 over 346 frames.
usctimit_ema_m1_169 sil w ao f r g ow aw n iy d ih ng sil 
LOG (lattice-best-path[5.5.141~1-40a9d]:main():lattice-best-path.cc:99) For utterance usctimit_ema_m1_179, best cost 90.6389 + 1724.14 = 1814.78 over 365 frames.
usctimit_ema_m1_179 sil k aa r iy t r f ah n uw ae k s ih z sil 
LOG (lattice-best-path[5.5.141~1-40a9d]:main():lattice-best-path.cc:99) For utterance usctimit_ema_m1_183, best cost 116.74 + 2548.7 = 2665.44 over 544 frames.
usctimit_ema_m1_183 sil ah p r ch er ch er iy l s ae ch uw s k ow zh er sil 
LOG (lattice-best-path[5.5.141~1-40a9d]:main():lattice-best-path.cc:99) For utterance usctimit_ema_m1_193, best cost 127.27 + 2626.22 = 2753.49 over 545 frames.
usctimit_ema_m1_193 sil ay d ah n s ah ch oy z ah m p ah n t ah p ay ao r iy z sil 
LOG (lattice-best-path[5.5.141~1-40a9d]:main():lattice-best-path.cc:99) For utterance usctimit_ema_m1_204, best cost 60.904 + 1581.61 = 1642.51 over 353 frames.
usctimit_ema_m1_204 sil hh aa k ah jh er d er z sil 
LOG (lattice-best-path[5.5.141~1-40a9d]:main():lattice-best-path.cc:99) For utterance usctimit_ema_m1_209, best cost 56.7501 + 1602.15 = 1658.9 over 352 frames.
usctimit_ema_m1_209 sil ah l v er p oy n sil 
LOG (lattice-best-path[5.5.141~1-40a9d]:main():lattice-best-path.cc:99) For utterance usctimit_ema_m1_224, best cost 92.7451 + 1926.54 = 2019.28 over 406 frames.
usctimit_ema_m1_224 sil ay ey t r oy s t er n ao z p l iy sil 
LOG (lattice-best-path[5.5.141~1-40a9d]:main():lattice-best-path.cc:99) For utterance usctimit_ema_m1_229, best cost 101.269 + 1900.47 = 2001.74 over 395 frames.
usctimit_ema_m1_229 sil m ay dh iy w ih ng ih g z hh aa k aa f iy sil 
LOG (lattice-best-path[5.5.141~1-40a9d]:main():lattice-best-path.cc:99) For utterance usctimit_ema_m1_237, best cost 105.785 + 2231.72 = 2337.5 over 450 frames.
usctimit_ema_m1_237 sil w ih s aa r iy t ay m iy s k l ah l ow f sil 
LOG (lattice-best-path[5.5.141~1-40a9d]:main():lattice-best-path.cc:99) For utterance usctimit_ema_m1_265, best cost 123.677 + 2321.68 = 2445.36 over 470 frames.
usctimit_ema_m1_265 sil dh iy t ey t ih s t er iy t ah p aa t uw k ah f ao r iy sil 
LOG (lattice-best-path[5.5.141~1-40a9d]:main():lattice-best-path.cc:99) For utterance usctimit_ema_m1_269, best cost 122.748 + 2275.36 = 2398.11 over 491 frames.
usctimit_ema_m1_269 sil ay b r ah p ay dh ow sh uw z ah b iy v er ch er ch sil 
LOG (lattice-best-path[5.5.141~1-40a9d]:main():lattice-best-path.cc:99) For utterance usctimit_ema_m1_277, best cost 82.1155 + 1545.61 = 1627.73 over 337 frames.
usctimit_ema_m1_277 sil dh iy m iy ih ng ih z aw t er n z sil 
LOG (lattice-best-path[5.5.141~1-40a9d]:main():lattice-best-path.cc:99) For utterance usctimit_ema_m1_302, best cost 187.254 + 3524.04 = 3711.29 over 706 frames.
usctimit_ema_m1_302 sil ah l ah n ah b l m ey l t uw s t iy k ah n aa s uw b l f r iy sh ah l f ey sh 
LOG (lattice-best-path[5.5.141~1-40a9d]:main():lattice-best-path.cc:99) For utterance usctimit_ema_m1_303, best cost 103.958 + 1938.55 = 2042.5 over 415 frames.
usctimit_ema_m1_303 sil aa f ah n iy g ah p ae k w ih n iy p ah n sil 
LOG (lattice-best-path[5.5.141~1-40a9d]:main():lattice-best-path.cc:99) For utterance usctimit_ema_m1_317, best cost 172.42 + 3427.73 = 3600.15 over 731 frames.
usctimit_ema_m1_317 sil dh iy w ao f iy t ay k uw s w er sh ah b aa p ow th ih g aa ae n s t uw er sil 
LOG (lattice-best-path[5.5.141~1-40a9d]:main():lattice-best-path.cc:99) For utterance usctimit_ema_m1_320, best cost 121.193 + 2221.23 = 2342.43 over 468 frames.
usctimit_ema_m1_320 sil dh iy k aa s ao r w ao jh oy d ih sh ah l f ih sh ih sh 
LOG (lattice-best-path[5.5.141~1-40a9d]:main():lattice-best-path.cc:99) For utterance usctimit_ema_m1_322, best cost 104.347 + 1955.65 = 2060 over 422 frames.
usctimit_ema_m1_322 sil ah l f ah n z aa n t l d r iy n ah l z sil 
LOG (lattice-best-path[5.5.141~1-40a9d]:main():lattice-best-path.cc:99) For utterance usctimit_ema_m1_336, best cost 132.551 + 2327.42 = 2459.97 over 475 frames.
usctimit_ema_m1_336 sil ae n oy s p r ah m g ow z r ow z m ao r w iy ch ey sil 
LOG (lattice-best-path[5.5.141~1-40a9d]:main():lattice-best-path.cc:99) For utterance usctimit_ema_m1_338, best cost 129.641 + 2388.09 = 2517.73 over 511 frames.
usctimit_ema_m1_338 sil ae t ay r m ey k s ah n z ah l iy f er m ah s eh v iy sil 
LOG (lattice-best-path[5.5.141~1-40a9d]:main():lattice-best-path.cc:99) For utterance usctimit_ema_m1_340, best cost 93.0032 + 1526.33 = 1619.33 over 316 frames.
usctimit_ema_m1_340 sil jh aa k ih ng sh ah l f ih f ao l ih ng sil 
LOG (lattice-best-path[5.5.141~1-40a9d]:main():lattice-best-path.cc:99) For utterance usctimit_ema_m1_344, best cost 103.924 + 2095.53 = 2199.46 over 454 frames.
usctimit_ema_m1_344 sil hh ae n t ih z aa t ih ng s ah n d er z ey z sil 
LOG (lattice-best-path[5.5.141~1-40a9d]:main():lattice-best-path.cc:99) For utterance usctimit_ema_m1_347, best cost 116.85 + 2314.09 = 2430.94 over 467 frames.
usctimit_ema_m1_347 sil t er z p er w ih b aa t uw sh er k ae sh ah jh sil 
LOG (lattice-best-path[5.5.141~1-40a9d]:main():lattice-best-path.cc:99) For utterance usctimit_ema_m1_350, best cost 96.9333 + 1645.82 = 1742.76 over 337 frames.
usctimit_ema_m1_350 sil sh ah l er f l z ih v er w ah b r d sil 
LOG (lattice-best-path[5.5.141~1-40a9d]:main():lattice-best-path.cc:99) For utterance usctimit_ema_m1_360, best cost 156.6 + 2543.08 = 2699.68 over 500 frames.
usctimit_ema_m1_360 sil dh iy f ih sh iy ae s l iy f r t ih k l iy l s er f ih s ah s l iy sil 
LOG (lattice-best-path[5.5.141~1-40a9d]:main():lattice-best-path.cc:99) For utterance usctimit_ema_m1_361, best cost 126.523 + 1869.63 = 1996.15 over 383 frames.
usctimit_ema_m1_361 sil t ih n t ey sh iy l th ih s iy m uw dh iy s w ih s w iy sil 
LOG (lattice-best-path[5.5.141~1-40a9d]:main():lattice-best-path.cc:99) For utterance usctimit_ema_m1_367, best cost 118.409 + 2293.18 = 2411.59 over 492 frames.
usctimit_ema_m1_367 sil aa b er p ey p er m iy s ah b iy b aa f ay er sil 
LOG (lattice-best-path[5.5.141~1-40a9d]:main():lattice-best-path.cc:99) For utterance usctimit_ema_m1_368, best cost 103.994 + 2268.78 = 2372.77 over 474 frames.
usctimit_ema_m1_368 sil k er sh ah hh ae v ow t uw f ih sh ah jh sil 
LOG (lattice-best-path[5.5.141~1-40a9d]:main():lattice-best-path.cc:99) For utterance usctimit_ema_m1_375, best cost 122.711 + 2281.04 = 2403.75 over 464 frames.
usctimit_ema_m1_375 sil ay r sh ah jh er z iy f r t er ch er b r k ah z sil 
LOG (lattice-best-path[5.5.141~1-40a9d]:main():lattice-best-path.cc:99) For utterance usctimit_ema_m1_394, best cost 142.065 + 2651.77 = 2793.84 over 547 frames.
usctimit_ema_m1_394 sil dh iy z ah g r s ah p l iy s n t f ay k aa t s m ow v er z sil 
LOG (lattice-best-path[5.5.141~1-40a9d]:main():lattice-best-path.cc:99) For utterance usctimit_ema_m1_400, best cost 113.377 + 1897.73 = 2011.11 over 382 frames.
usctimit_ema_m1_400 sil w ih z ah s ao r ch ey m ay dh iy aa r ih ng ao r sil 
LOG (lattice-best-path[5.5.141~1-40a9d]:main():lattice-best-path.cc:99) For utterance usctimit_ema_m1_432, best cost 55.0833 + 1305.72 = 1360.8 over 285 frames.
usctimit_ema_m1_432 sil l l iy w ey er sil 
LOG (lattice-best-path[5.5.141~1-40a9d]:main():lattice-best-path.cc:99) For utterance usctimit_ema_m3_010, best cost 69.9771 + 1556.2 = 1626.17 over 327 frames.
usctimit_ema_m3_010 sil w ao r aa r w er y ah l iy sil 
LOG (lattice-best-path[5.5.141~1-40a9d]:main():lattice-best-path.cc:99) For utterance usctimit_ema_m3_044, best cost 109.348 + 2419.74 = 2529.09 over 472 frames.
usctimit_ema_m3_044 sil l ay k ah v iy k ah p aa d eh t r d ah z sil 
LOG (lattice-best-path[5.5.141~1-40a9d]:main():lattice-best-path.cc:99) For utterance usctimit_ema_m3_068, best cost 101.027 + 2125.97 = 2227 over 441 frames.
usctimit_ema_m3_068 sil dh iy s t aa s l g ow p y aa k ah s iy sil 
LOG (lattice-best-path[5.5.141~1-40a9d]:main():lattice-best-path.cc:99) For utterance usctimit_ema_m3_071, best cost 124.22 + 2307.95 = 2432.17 over 439 frames.
usctimit_ema_m3_071 sil k aa r ih sh ah m ao z ah n s t ae n iy l iy dh iy s iy sil 
LOG (lattice-best-path[5.5.141~1-40a9d]:main():lattice-best-path.cc:99) For utterance usctimit_ema_m3_080, best cost 107.446 + 2309.49 = 2416.93 over 411 frames.
usctimit_ema_m3_080 sil ih g ow z ae l iy zh er ch aa t r t ow z sil 
LOG (lattice-best-path[5.5.141~1-40a9d]:main():lattice-best-path.cc:99) For utterance usctimit_ema_m3_101, best cost 80.9777 + 1612.45 = 1693.42 over 307 frames.
usctimit_ema_m3_101 sil k ae t s er w ih n aa t ey n t sil 
LOG (lattice-best-path[5.5.141~1-40a9d]:main():lattice-best-path.cc:99) For utterance usctimit_ema_m3_113, best cost 90.611 + 1901.45 = 1992.06 over 382 frames.
usctimit_ema_m3_113 sil w aa t f ao r uw z ah s ah jh eh l z sil 
LOG (lattice-best-path[5.5.141~1-40a9d]:main():lattice-best-path.cc:99) For utterance usctimit_ema_m3_129, best cost 97.8208 + 2033.35 = 2131.18 over 411 frames.
usctimit_ema_m3_129 sil t uw m ay t er ae s ih g y uw ch aa l sil 
LOG (lattice-best-path[5.5.141~1-40a9d]:main():lattice-best-path.cc:99) For utterance usctimit_ema_m3_141, best cost 98.365 + 1850.89 = 1949.26 over 354 frames.
usctimit_ema_m3_141 sil r uw dh iy s ah n d w ih th er t iy z ih z sil 
LOG (lattice-best-path[5.5.141~1-40a9d]:main():lattice-best-path.cc:99) For utterance usctimit_ema_m3_147, best cost 91.0117 + 2169.02 = 2260.03 over 438 frames.
usctimit_ema_m3_147 sil dh er m ey ay f ao f r d ae n z sil 
LOG (lattice-best-path[5.5.141~1-40a9d]:main():lattice-best-path.cc:99) For utterance usctimit_ema_m3_192, best cost 114.878 + 2174.48 = 2289.36 over 428 frames.
usctimit_ema_m3_192 sil ah l d b eh s p eh sh ah jh oy p aa g w er sil 
LOG (lattice-best-path[5.5.141~1-40a9d]:main():lattice-best-path.cc:99) For utterance usctimit_ema_m3_203, best cost 99.4147 + 2041.35 = 2140.76 over 419 frames.
usctimit_ema_m3_203 sil dh iy p ah b ah jh b aa t ey ow g r ow zh sil 
LOG (lattice-best-path[5.5.141~1-40a9d]:main():lattice-best-path.cc:99) For utterance usctimit_ema_m3_260, best cost 131.574 + 2243.68 = 2375.26 over 446 frames.
usctimit_ema_m3_260 sil r f ay z eh k aw m ay d ae n er b r eh sh ah n ae l sil 
LOG (lattice-best-path[5.5.141~1-40a9d]:main():lattice-best-path.cc:99) For utterance usctimit_ema_m3_267, best cost 110.793 + 2555.41 = 2666.2 over 519 frames.
usctimit_ema_m3_267 sil ih k ae k ah s m ao l ae v er ey n iy t uw sil 
LOG (lattice-best-path[5.5.141~1-40a9d]:main():lattice-best-path.cc:99) For utterance usctimit_ema_m3_282, best cost 173.287 + 3316.35 = 3489.64 over 657 frames.
usctimit_ema_m3_282 sil dh iy ae t er z ah b iy s ih f ao r ey t iy ih g ah n t er k er f l f r s sil 
LOG (lattice-best-path[5.5.141~1-40a9d]:main():lattice-best-path.cc:99) For utterance usctimit_ema_m3_300, best cost 94.3739 + 2223.59 = 2317.97 over 450 frames.
usctimit_ema_m3_300 sil dh iy b ih g aa t uw aa n iy l ay d l sil 
LOG (lattice-best-path[5.5.141~1-40a9d]:main():lattice-best-path.cc:99) For utterance usctimit_ema_m3_316, best cost 174.935 + 2947.42 = 3122.36 over 569 frames.
usctimit_ema_m3_316 sil dh iy p r iy s ow k ah n r oy s er f ih l ih z ah b iy m er z ih d ih sh ah n z sil 
LOG (lattice-best-path[5.5.141~1-40a9d]:main():lattice-best-path.cc:99) For utterance usctimit_ema_m3_320, best cost 104.926 + 2241.11 = 2346.03 over 447 frames.
usctimit_ema_m3_320 sil ah k aa s er ah jh oy ih sh ah l ih sh ih sh sil 
LOG (lattice-best-path[5.5.141~1-40a9d]:main():lattice-best-path.cc:99) For utterance usctimit_ema_m3_335, best cost 97.3337 + 2366.29 = 2463.63 over 449 frames.
usctimit_ema_m3_335 sil aa p ih r ow l er l iy er m er z sil 
LOG (lattice-best-path[5.5.141~1-40a9d]:main():lattice-best-path.cc:99) For utterance usctimit_ema_m3_336, best cost 101.754 + 1942.12 = 2043.88 over 372 frames.
usctimit_ema_m3_336 sil ae n oy z aa m ah m ao n oy n iy ch ey 
LOG (lattice-best-path[5.5.141~1-40a9d]:main():lattice-best-path.cc:99) For utterance usctimit_ema_m3_338, best cost 126.111 + 2450.62 = 2576.73 over 500 frames.
usctimit_ema_m3_338 sil ah b ay r eh m ey s ah n s l ae t er m ah ch ah b iy sil 
LOG (lattice-best-path[5.5.141~1-40a9d]:main():lattice-best-path.cc:99) For utterance usctimit_ema_m3_339, best cost 97.8963 + 2054.99 = 2152.89 over 423 frames.
usctimit_ema_m3_339 sil ah b ao r n aa l ah s p er s ih g l sil 
LOG (lattice-best-path[5.5.141~1-40a9d]:main():lattice-best-path.cc:99) For utterance usctimit_ema_m3_357, best cost 110.117 + 2388.05 = 2498.17 over 462 frames.
usctimit_ema_m3_357 sil ah m aw s ae r ih k r t iy l z y er sil 
LOG (lattice-best-path[5.5.141~1-40a9d]:main():lattice-best-path.cc:99) For utterance usctimit_ema_m3_359, best cost 91.9772 + 1965.79 = 2057.77 over 389 frames.
usctimit_ema_m3_359 sil k aw s ih m ey t ow t iy s r l sil 
LOG (lattice-best-path[5.5.141~1-40a9d]:main():lattice-best-path.cc:99) For utterance usctimit_ema_m3_379, best cost 121.885 + 2422.81 = 2544.7 over 477 frames.
usctimit_ema_m3_379 sil ay er s ih s ih z uw z l ah n s ae sh iy p er z sil 
LOG (lattice-best-path[5.5.141~1-40a9d]:main():lattice-best-path.cc:99) For utterance usctimit_ema_m3_385, best cost 105.778 + 1731.49 = 1837.27 over 354 frames.
usctimit_ema_m3_385 sil eh r ih k ae n iy t ih p ey d ih n aa t ah n sil 
LOG (lattice-best-path[5.5.141~1-40a9d]:main():lattice-best-path.cc:99) For utterance usctimit_ema_m3_390, best cost 114.137 + 2242.85 = 2356.99 over 428 frames.
usctimit_ema_m3_390 sil dh iy w iy ch aa r k ah s ah p oy z ih l s t iy sil 
LOG (lattice-best-path[5.5.141~1-40a9d]:main():lattice-best-path.cc:99) For utterance usctimit_ema_m3_423, best cost 132.911 + 2553.21 = 2686.12 over 495 frames.
usctimit_ema_m3_423 sil dh iy g ow z ah f r t ow s ae t ow sh er sh ah n f r sil 
LOG (lattice-best-path[5.5.141~1-40a9d]:main():lattice-best-path.cc:99) For utterance usctimit_ema_m3_434, best cost 62.6888 + 1386.84 = 1449.53 over 285 frames.
usctimit_ema_m3_434 sil r eh s ay z ah l er z sil 
LOG (lattice-best-path[5.5.141~1-40a9d]:main():lattice-best-path.cc:99) For utterance usctimit_ema_m3_438, best cost 136.22 + 2542.13 = 2678.35 over 495 frames.
usctimit_ema_m3_438 sil dh iy p ay aa t er aa l ih n t ih k y uw s iy t er ih sh ah n sil 
LOG (lattice-best-path[5.5.141~1-40a9d]:main():lattice-best-path.cc:99) For utterance usctimit_ema_m3_442, best cost 106.05 + 2002.71 = 2108.76 over 404 frames.
usctimit_ema_m3_442 sil w ih k l iy ch iy s ah d ih t uw ih s p r iy sil 
LOG (lattice-best-path[5.5.141~1-40a9d]:main():lattice-best-path.cc:99) For utterance usctimit_ema_m3_444, best cost 158.675 + 3052.43 = 3211.1 over 603 frames.
usctimit_ema_m3_444 sil r aa m ey g r ey n uw aa sh uh d er ah n s p r iy p ay f r z er sil 
LOG (lattice-best-path[5.5.141~1-40a9d]:main():lattice-best-path.cc:99) For utterance usctimit_ema_m3_457, best cost 150.119 + 2786.77 = 2936.88 over 560 frames.
usctimit_ema_m3_457 sil k ae f iy z r ah n s iy d ah m l ih s ow s t ah b er z ah n z sil 
LOG (lattice-scale[5.5.141~1-40a9d]:main():lattice-scale.cc:107) Done 183 lattices.
LOG (lattice-best-path[5.5.141~1-40a9d]:main():lattice-best-path.cc:99) For utterance usctimit_ema_m3_458, best cost 144.598 + 2693.37 = 2837.97 over 535 frames.
usctimit_ema_m3_458 sil ae s ih ng ey p r w ih s k aa b ay k w ay d ey p er z ey sh sil 
LOG (lattice-add-penalty[5.5.141~1-40a9d]:main():lattice-add-penalty.cc:62) Done adding word insertion penalty to 183 lattices.
LOG (lattice-best-path[5.5.141~1-40a9d]:main():lattice-best-path.cc:99) For utterance usctimit_ema_m3_460, best cost 71.7624 + 2392.96 = 2464.72 over 497 frames.
usctimit_ema_m3_460 sil w ih s iy eh sh ah l ih z sil 
LOG (lattice-best-path[5.5.141~1-40a9d]:main():lattice-best-path.cc:124) Overall cost per frame is 5.16326 = 0.246507 [graph] + 4.91676 [acoustic] over 81821 frames.
LOG (lattice-best-path[5.5.141~1-40a9d]:main():lattice-best-path.cc:128) Done 183 lattices, failed for 0
# Accounting: time=3 threads=1
# Ended (code 0) at Mon Dec 24 21:10:02 EET 2018, elapsed time 3 seconds
