# lattice-scale --inv-acoustic-scale=15 "ark:gunzip -c exp/bg/mono/decode/lat.*.gz|" ark:- | lattice-add-penalty --word-ins-penalty=1.0 ark:- ark:- | lattice-best-path --word-symbol-table=exp/bg/mono/graph/words.txt ark:- ark,t:- | utils/int2sym.pl -f 2- exp/bg/mono/graph/words.txt | cat > exp/bg/mono/decode/scoring_kaldi/penalty_1.0/15.txt 
# Started at Mon Dec 24 21:09:53 EET 2018
#
lattice-best-path --word-symbol-table=exp/bg/mono/graph/words.txt ark:- ark,t:- 
lattice-add-penalty --word-ins-penalty=1.0 ark:- ark:- 
lattice-scale --inv-acoustic-scale=15 'ark:gunzip -c exp/bg/mono/decode/lat.*.gz|' ark:- 
LOG (lattice-best-path[5.5.141~1-40a9d]:main():lattice-best-path.cc:99) For utterance usctimit_ema_f1_021, best cost 58.9749 + 1587.16 = 1646.13 over 290 frames.
usctimit_ema_f1_021 sil l iy oy s ah n er z sil 
LOG (lattice-best-path[5.5.141~1-40a9d]:main():lattice-best-path.cc:99) For utterance usctimit_ema_f1_028, best cost 128.032 + 2781.01 = 2909.04 over 499 frames.
usctimit_ema_f1_028 sil l iy ow z ih k aa r t er ih s t ey p aa p y uw aa r ey sil 
LOG (lattice-best-path[5.5.141~1-40a9d]:main():lattice-best-path.cc:99) For utterance usctimit_ema_f1_031, best cost 98.853 + 2247.31 = 2346.16 over 395 frames.
usctimit_ema_f1_031 sil eh s ao r s l z r d ey sh ah z ah n sil 
LOG (lattice-best-path[5.5.141~1-40a9d]:main():lattice-best-path.cc:99) For utterance usctimit_ema_f1_052, best cost 116.956 + 2430.5 = 2547.46 over 431 frames.
usctimit_ema_f1_052 sil hh aa s ah n ow ch er d z ch y ao z ah v iy r iy sil 
LOG (lattice-best-path[5.5.141~1-40a9d]:main():lattice-best-path.cc:99) For utterance usctimit_ema_f1_054, best cost 90.3397 + 2076.41 = 2166.75 over 382 frames.
usctimit_ema_f1_054 sil ch aa n t iy ch ah n t ah l ih sh ah n z sil 
LOG (lattice-best-path[5.5.141~1-40a9d]:main():lattice-best-path.cc:99) For utterance usctimit_ema_f1_072, best cost 78.5621 + 2168.78 = 2247.34 over 403 frames.
usctimit_ema_f1_072 sil s ah n ih z ih f ih k y er z sil 
LOG (lattice-best-path[5.5.141~1-40a9d]:main():lattice-best-path.cc:99) For utterance usctimit_ema_f1_078, best cost 113.557 + 2392.07 = 2505.62 over 447 frames.
usctimit_ema_f1_078 sil ah l eh k aa s l iy z w aa t ah p ay n s ih z sil 
LOG (lattice-best-path[5.5.141~1-40a9d]:main():lattice-best-path.cc:99) For utterance usctimit_ema_f1_090, best cost 102.479 + 1919.04 = 2021.52 over 353 frames.
usctimit_ema_f1_090 sil y uw ao z ih s ah s ah l iy d l iy b ay l z sil 
LOG (lattice-best-path[5.5.141~1-40a9d]:main():lattice-best-path.cc:99) For utterance usctimit_ema_f1_105, best cost 118.026 + 2651.58 = 2769.61 over 461 frames.
usctimit_ema_f1_105 sil dh iy p ey l iy ae k ae n ay iy aa r oy l ae m ow z sil 
LOG (lattice-best-path[5.5.141~1-40a9d]:main():lattice-best-path.cc:99) For utterance usctimit_ema_f1_108, best cost 118.424 + 2561.98 = 2680.4 over 458 frames.
usctimit_ema_f1_108 sil r jh eh v er z iy f r aa p eh n aa r n t iy z sil 
LOG (lattice-best-path[5.5.141~1-40a9d]:main():lattice-best-path.cc:99) For utterance usctimit_ema_f1_111, best cost 98.5756 + 1858.44 = 1957.02 over 329 frames.
usctimit_ema_f1_111 sil r ih z ih sh ah n t ah l ih z ih z f r iy l sil 
LOG (lattice-best-path[5.5.141~1-40a9d]:main():lattice-best-path.cc:99) For utterance usctimit_ema_f1_115, best cost 87.836 + 1969.01 = 2056.85 over 355 frames.
usctimit_ema_f1_115 sil dh iy f ao r ae ch eh s er r k ae z sil 
LOG (lattice-best-path[5.5.141~1-40a9d]:main():lattice-best-path.cc:99) For utterance usctimit_ema_f1_123, best cost 111.051 + 2697.08 = 2808.13 over 492 frames.
usctimit_ema_f1_123 sil dh iy b ah n l s ah s ah l z ih ch iy sh ao r er sil 
LOG (lattice-best-path[5.5.141~1-40a9d]:main():lattice-best-path.cc:99) For utterance usctimit_ema_f1_126, best cost 137.295 + 2447.13 = 2584.42 over 432 frames.
usctimit_ema_f1_126 sil w ih sh ao aa k l z ah p ey ih n ey k aa f ih k ey sh ah n sil 
LOG (lattice-best-path[5.5.141~1-40a9d]:main():lattice-best-path.cc:99) For utterance usctimit_ema_f1_134, best cost 80.7592 + 2191.61 = 2272.37 over 416 frames.
usctimit_ema_f1_134 sil dh iy k ih z iy z ae s ih z ih k sil 
LOG (lattice-best-path[5.5.141~1-40a9d]:main():lattice-best-path.cc:99) For utterance usctimit_ema_f1_153, best cost 171.495 + 3423.33 = 3594.82 over 618 frames.
usctimit_ema_f1_153 sil dh ih m ay n iy p eh s ah s aw d z ih p iy ow s ah v ey sh ah n d r oy n z sil 
LOG (lattice-best-path[5.5.141~1-40a9d]:main():lattice-best-path.cc:99) For utterance usctimit_ema_f1_162, best cost 104.566 + 2619.96 = 2724.53 over 486 frames.
usctimit_ema_f1_162 sil ah s ao l d ih z ah n ae k oy d ey sh ah m sil 
LOG (lattice-best-path[5.5.141~1-40a9d]:main():lattice-best-path.cc:99) For utterance usctimit_ema_f1_170, best cost 104.061 + 2507.55 = 2611.62 over 459 frames.
usctimit_ema_f1_170 sil hh ao r ay s iy ah m ih k s eh s ih k aw t sil 
LOG (lattice-best-path[5.5.141~1-40a9d]:main():lattice-best-path.cc:99) For utterance usctimit_ema_f1_198, best cost 73.1052 + 1902.51 = 1975.62 over 368 frames.
usctimit_ema_f1_198 sil ah p ah n ay v eh r k er z sil 
LOG (lattice-best-path[5.5.141~1-40a9d]:main():lattice-best-path.cc:99) For utterance usctimit_ema_f1_209, best cost 68.735 + 1794.11 = 1862.85 over 339 frames.
usctimit_ema_f1_209 sil dh iy l ih ng r p oy n ae n sil 
LOG (lattice-best-path[5.5.141~1-40a9d]:main():lattice-best-path.cc:99) For utterance usctimit_ema_f1_213, best cost 90.0326 + 1982.12 = 2072.15 over 358 frames.
usctimit_ema_f1_213 sil ay m ay z aa k aw t ay ey n s ih ng sil 
LOG (lattice-best-path[5.5.141~1-40a9d]:main():lattice-best-path.cc:99) For utterance usctimit_ema_f1_227, best cost 85.0226 + 2066.97 = 2152 over 386 frames.
usctimit_ema_f1_227 sil b ay iy ih ng y ao r y uw ih l er sil 
LOG (lattice-best-path[5.5.141~1-40a9d]:main():lattice-best-path.cc:99) For utterance usctimit_ema_f1_236, best cost 99.9661 + 1952.6 = 2052.56 over 358 frames.
usctimit_ema_f1_236 sil hh aw oy l ey t uw ih s ah l ih v eh s ih ng sil 
LOG (lattice-best-path[5.5.141~1-40a9d]:main():lattice-best-path.cc:99) For utterance usctimit_ema_f1_239, best cost 82.689 + 2182.78 = 2265.47 over 412 frames.
usctimit_ema_f1_239 sil w ih k aa m ey z ah ch ah n z iy sil 
LOG (lattice-best-path[5.5.141~1-40a9d]:main():lattice-best-path.cc:99) For utterance usctimit_ema_f1_242, best cost 86.2245 + 1937.16 = 2023.39 over 356 frames.
usctimit_ema_f1_242 sil d ey t ih k ah f ao r s ao r ow s sil 
LOG (lattice-best-path[5.5.141~1-40a9d]:main():lattice-best-path.cc:99) For utterance usctimit_ema_f1_244, best cost 100.171 + 2183.74 = 2283.92 over 398 frames.
usctimit_ema_f1_244 sil dh iy eh k aa t ih k aa r d f aw er b eh n z sil 
LOG (lattice-best-path[5.5.141~1-40a9d]:main():lattice-best-path.cc:99) For utterance usctimit_ema_f1_250, best cost 67.3388 + 1788.28 = 1855.62 over 346 frames.
usctimit_ema_f1_250 sil dh ow s er z aa sh ah s iy sil 
LOG (lattice-best-path[5.5.141~1-40a9d]:main():lattice-best-path.cc:99) For utterance usctimit_ema_f1_252, best cost 145.565 + 3044.77 = 3190.33 over 550 frames.
usctimit_ema_f1_252 sil aw s ah b l iy t r w ih th aw t uw p r ih sh ah z aw w ih ng sil 
LOG (lattice-best-path[5.5.141~1-40a9d]:main():lattice-best-path.cc:99) For utterance usctimit_ema_f1_255, best cost 125.235 + 2334.95 = 2460.19 over 428 frames.
usctimit_ema_f1_255 sil dh iy t ih f er f r ae t ih k aa m ay n t uw f ah l aw t sil 
LOG (lattice-best-path[5.5.141~1-40a9d]:main():lattice-best-path.cc:99) For utterance usctimit_ema_f1_262, best cost 144.354 + 3191.83 = 3336.19 over 572 frames.
usctimit_ema_f1_262 sil dh iy s er ch er z r t ih k ah l iy f ao r ih f r eh k ah b ay er sil 
LOG (lattice-best-path[5.5.141~1-40a9d]:main():lattice-best-path.cc:99) For utterance usctimit_ema_f1_286, best cost 91.8087 + 1663.65 = 1755.45 over 302 frames.
usctimit_ema_f1_286 sil dh eh k ah ch ey z hh ae t er s ah s ah n sil 
LOG (lattice-best-path[5.5.141~1-40a9d]:main():lattice-best-path.cc:99) For utterance usctimit_ema_f1_297, best cost 118.126 + 3088.72 = 3206.85 over 592 frames.
usctimit_ema_f1_297 sil r ah n t aa n ch ah s ao f r t ah n z iy f ah n sil 
LOG (lattice-best-path[5.5.141~1-40a9d]:main():lattice-best-path.cc:99) For utterance usctimit_ema_f1_299, best cost 123.986 + 2651.1 = 2775.09 over 491 frames.
usctimit_ema_f1_299 sil hh ae k ah n er t iy z ah z s oy s ah s ay y uw eh n sil 
LOG (lattice-best-path[5.5.141~1-40a9d]:main():lattice-best-path.cc:99) For utterance usctimit_ema_f1_302, best cost 135.475 + 3091.6 = 3227.07 over 573 frames.
usctimit_ema_f1_302 sil ah d ah l aw t ae b ay s t iy ae s ah l f r iy sh ah l ih z sil 
LOG (lattice-best-path[5.5.141~1-40a9d]:main():lattice-best-path.cc:99) For utterance usctimit_ema_f1_311, best cost 138.071 + 2765.57 = 2903.64 over 495 frames.
usctimit_ema_f1_311 sil dh iy f r ey n ch ah jh eh m ay s t uw b ay z dh iy p r ah v er sil 
LOG (lattice-best-path[5.5.141~1-40a9d]:main():lattice-best-path.cc:99) For utterance usctimit_ema_f1_317, best cost 142.925 + 3646.12 = 3789.04 over 679 frames.
usctimit_ema_f1_317 sil ah n iy ow p iy t ay k ah s w er sh ah n w ao l iy ae n s ah n sil 
LOG (lattice-best-path[5.5.141~1-40a9d]:main():lattice-best-path.cc:99) For utterance usctimit_ema_f1_320, best cost 94.3663 + 2474.26 = 2568.63 over 454 frames.
usctimit_ema_f1_320 sil ih k ah s er l d ih sh ah l ih sh ih zh sil 
LOG (lattice-best-path[5.5.141~1-40a9d]:main():lattice-best-path.cc:99) For utterance usctimit_ema_f1_323, best cost 110.795 + 2428.36 = 2539.15 over 450 frames.
usctimit_ema_f1_323 sil dh ae n s w ih sh ah m ay ch er k oy z eh k ah z sil 
LOG (lattice-best-path[5.5.141~1-40a9d]:main():lattice-best-path.cc:99) For utterance usctimit_ema_f1_325, best cost 102 + 2172.98 = 2274.98 over 400 frames.
usctimit_ema_f1_325 sil w ih sh ah l ah m aa ch ih z ey t ay m dh iy z sil 
LOG (lattice-best-path[5.5.141~1-40a9d]:main():lattice-best-path.cc:99) For utterance usctimit_ema_f1_342, best cost 105.529 + 2497.24 = 2602.77 over 452 frames.
usctimit_ema_f1_342 sil sh uw w ey t er z eh t uw f r l ih s ih ng sil 
LOG (lattice-best-path[5.5.141~1-40a9d]:main():lattice-best-path.cc:99) For utterance usctimit_ema_f1_346, best cost 86.7695 + 1811.23 = 1898 over 328 frames.
usctimit_ema_f1_346 sil w ao k ah n iy s t uw z iy ch iy er sil 
LOG (lattice-best-path[5.5.141~1-40a9d]:main():lattice-best-path.cc:99) For utterance usctimit_ema_f1_347, best cost 117.798 + 2463.66 = 2581.46 over 452 frames.
usctimit_ema_f1_347 sil r jh ah p r n ay d ah f iy ch ih g ae sh ah jh sil 
LOG (lattice-best-path[5.5.141~1-40a9d]:main():lattice-best-path.cc:99) For utterance usctimit_ema_f1_356, best cost 79.5748 + 1674.44 = 1754.02 over 302 frames.
usctimit_ema_f1_356 sil dh iy l ay k l hh ae ch aw er z sil 
LOG (lattice-best-path[5.5.141~1-40a9d]:main():lattice-best-path.cc:99) For utterance usctimit_ema_f1_360, best cost 137.074 + 2608.88 = 2745.96 over 462 frames.
usctimit_ema_f1_360 sil dh iy v ih z iy s l iy f ay d iy n s er th ih z ah s ah l iy sil 
LOG (lattice-best-path[5.5.141~1-40a9d]:main():lattice-best-path.cc:99) For utterance usctimit_ema_f1_362, best cost 86.3689 + 2238.08 = 2324.45 over 430 frames.
usctimit_ema_f1_362 sil dh iy s ih n ah v er w ao r n d y er sil 
LOG (lattice-best-path[5.5.141~1-40a9d]:main():lattice-best-path.cc:99) For utterance usctimit_ema_f1_364, best cost 132.303 + 2515.52 = 2647.82 over 457 frames.
usctimit_ema_f1_364 sil dh iy t ae t ae b r d eh k ao z ih k ae t ae f ih t ae n sil 
LOG (lattice-best-path[5.5.141~1-40a9d]:main():lattice-best-path.cc:99) For utterance usctimit_ema_f1_368, best cost 98.3876 + 2421.18 = 2519.57 over 450 frames.
usctimit_ema_f1_368 sil w ih s ah v ae n ah t ih th ih sh ah m jh sil 
LOG (lattice-best-path[5.5.141~1-40a9d]:main():lattice-best-path.cc:99) For utterance usctimit_ema_f1_382, best cost 125.984 + 3142.76 = 3268.74 over 595 frames.
usctimit_ema_f1_382 sil s ih sh ah l z ah n eh k ae sh ah l iy l ah n sh ah b ih ng sil 
LOG (lattice-best-path[5.5.141~1-40a9d]:main():lattice-best-path.cc:99) For utterance usctimit_ema_f1_394, best cost 126.351 + 2941.41 = 3067.76 over 548 frames.
usctimit_ema_f1_394 sil dh iy z ih r s ah p l iy s ah n t ay k l s m ay er z sil 
LOG (lattice-best-path[5.5.141~1-40a9d]:main():lattice-best-path.cc:99) For utterance usctimit_ema_f1_397, best cost 137.504 + 2733.46 = 2870.96 over 501 frames.
usctimit_ema_f1_397 sil t r n ah s ay s k aa k ah s ah v er f ih g ae k ae v er sil 
LOG (lattice-best-path[5.5.141~1-40a9d]:main():lattice-best-path.cc:99) For utterance usctimit_ema_f1_402, best cost 80.6152 + 2118.2 = 2198.82 over 401 frames.
usctimit_ema_f1_402 sil r s ih k ah t ih f r iy ch iy z sil 
LOG (lattice-best-path[5.5.141~1-40a9d]:main():lattice-best-path.cc:99) For utterance usctimit_ema_f1_405, best cost 116.05 + 2751.34 = 2867.39 over 510 frames.
usctimit_ema_f1_405 sil w ey ah s p r iy s ae p oy n t er ih ng g r ae 
LOG (lattice-best-path[5.5.141~1-40a9d]:main():lattice-best-path.cc:99) For utterance usctimit_ema_f1_451, best cost 123.475 + 2515.73 = 2639.21 over 444 frames.
usctimit_ema_f1_451 sil ch ow t ih ng ih z ih m ay iy f r l t uw n s ih ng sil 
LOG (lattice-best-path[5.5.141~1-40a9d]:main():lattice-best-path.cc:99) For utterance usctimit_ema_f1_453, best cost 117.379 + 2587.45 = 2704.83 over 476 frames.
usctimit_ema_f1_453 sil w eh n er z w ih ng ih ng z ih ng v er ch ah p er n sil 
LOG (lattice-best-path[5.5.141~1-40a9d]:main():lattice-best-path.cc:99) For utterance usctimit_ema_f1_456, best cost 114.071 + 2396.58 = 2510.66 over 433 frames.
usctimit_ema_f1_456 sil ah s ih d eh k ah l m p ae t uw ae z aa r ih ng sil 
LOG (lattice-best-path[5.5.141~1-40a9d]:main():lattice-best-path.cc:99) For utterance usctimit_ema_f1_460, best cost 65.809 + 1773.08 = 1838.89 over 334 frames.
usctimit_ema_f1_460 sil w ih sh iy ih sh ah m ah z sil 
LOG (lattice-best-path[5.5.141~1-40a9d]:main():lattice-best-path.cc:99) For utterance usctimit_ema_f5_009, best cost 68.8254 + 1799.25 = 1868.07 over 341 frames.
usctimit_ema_f5_009 sil y uw l aw w er l ay z sil 
LOG (lattice-best-path[5.5.141~1-40a9d]:main():lattice-best-path.cc:99) For utterance usctimit_ema_f5_011, best cost 79.5788 + 1755.96 = 1835.54 over 301 frames.
usctimit_ema_f5_011 sil dh iy r m ah s ay z ih k ae n sil 
LOG (lattice-best-path[5.5.141~1-40a9d]:main():lattice-best-path.cc:99) For utterance usctimit_ema_f5_017, best cost 91.9987 + 2006.22 = 2098.22 over 328 frames.
usctimit_ema_f5_017 sil ae l iy r d f ao z m ae z ah l sil 
LOG (lattice-best-path[5.5.141~1-40a9d]:main():lattice-best-path.cc:99) For utterance usctimit_ema_f5_019, best cost 88.0561 + 1785.63 = 1873.68 over 308 frames.
usctimit_ema_f5_019 sil ah f ah l ah t ah t iy f r iy m sil 
LOG (lattice-best-path[5.5.141~1-40a9d]:main():lattice-best-path.cc:99) For utterance usctimit_ema_f5_066, best cost 85.6779 + 2093.23 = 2178.9 over 335 frames.
usctimit_ema_f5_066 sil dh iy s eh g ah s t uw f r ey l iy sil 
LOG (lattice-best-path[5.5.141~1-40a9d]:main():lattice-best-path.cc:99) For utterance usctimit_ema_f5_080, best cost 115.479 + 2475.45 = 2590.93 over 417 frames.
usctimit_ema_f5_080 sil dh iy k ah s ah l ey t er t aa p l ae p ay l z sil 
LOG (lattice-best-path[5.5.141~1-40a9d]:main():lattice-best-path.cc:99) For utterance usctimit_ema_f5_081, best cost 115.311 + 2232.63 = 2347.94 over 373 frames.
usctimit_ema_f5_081 sil ae s k r ey p r iy s t eh s w ih n ey sh ah n sil 
LOG (lattice-best-path[5.5.141~1-40a9d]:main():lattice-best-path.cc:99) For utterance usctimit_ema_f5_090, best cost 108.896 + 2227.96 = 2336.85 over 385 frames.
usctimit_ema_f5_090 sil n s ih s ah s ah t iy d l iy f ay l z sil 
LOG (lattice-best-path[5.5.141~1-40a9d]:main():lattice-best-path.cc:99) For utterance usctimit_ema_f5_143, best cost 127.535 + 2582.99 = 2710.53 over 473 frames.
usctimit_ema_f5_143 sil dh iy k ah f r ah s ao f er z ey sh ah s ih s ih sh ah t sil 
LOG (lattice-best-path[5.5.141~1-40a9d]:main():lattice-best-path.cc:99) For utterance usctimit_ema_f5_144, best cost 150.413 + 3371.15 = 3521.56 over 594 frames.
usctimit_ema_f5_144 sil ae s k ao t iy p eh d ah n iy b ow t hh aa b iy aa n iy z sil 
LOG (lattice-best-path[5.5.141~1-40a9d]:main():lattice-best-path.cc:99) For utterance usctimit_ema_f5_162, best cost 124.237 + 2669.06 = 2793.3 over 483 frames.
usctimit_ema_f5_162 sil ah s ao k aa jh ih z ah n aw k l d ey sh ah l sil 
LOG (lattice-best-path[5.5.141~1-40a9d]:main():lattice-best-path.cc:99) For utterance usctimit_ema_f5_163, best cost 136.013 + 2992.3 = 3128.31 over 532 frames.
usctimit_ema_f5_163 sil dh iy ch ah t er z b ay hh iy z jh ah w ao z ah m z f r iy sil 
LOG (lattice-best-path[5.5.141~1-40a9d]:main():lattice-best-path.cc:99) For utterance usctimit_ema_f5_164, best cost 82.8502 + 2214.31 = 2297.16 over 405 frames.
usctimit_ema_f5_164 sil dh ih k uw z d aw t uw d sil 
LOG (lattice-best-path[5.5.141~1-40a9d]:main():lattice-best-path.cc:99) For utterance usctimit_ema_f5_174, best cost 84.1446 + 2188.36 = 2272.51 over 386 frames.
usctimit_ema_f5_174 sil hh ae t ae t ae sh ah z y er sil 
LOG (lattice-best-path[5.5.141~1-40a9d]:main():lattice-best-path.cc:99) For utterance usctimit_ema_f5_197, best cost 90.4998 + 2188.7 = 2279.2 over 400 frames.
usctimit_ema_f5_197 sil dh iy s m l p iy p w er m ah sil 
LOG (lattice-best-path[5.5.141~1-40a9d]:main():lattice-best-path.cc:99) For utterance usctimit_ema_f5_208, best cost 79.9959 + 2017.33 = 2097.32 over 373 frames.
usctimit_ema_f5_208 sil dh iy p oy l ah l dh iy ow sh ah n sil 
LOG (lattice-best-path[5.5.141~1-40a9d]:main():lattice-best-path.cc:99) For utterance usctimit_ema_f5_233, best cost 189.033 + 3779.35 = 3968.38 over 648 frames.
usctimit_ema_f5_233 sil ae n iy ey b l iy sil r eh r t l aw oy d ae k t ah n s eh t f r iy dh iy sil 
LOG (lattice-best-path[5.5.141~1-40a9d]:main():lattice-best-path.cc:99) For utterance usctimit_ema_f5_243, best cost 107.663 + 2049.53 = 2157.19 over 363 frames.
usctimit_ema_f5_243 sil er hh ao l d ey p r n dh iy b l t ah z sil 
LOG (lattice-best-path[5.5.141~1-40a9d]:main():lattice-best-path.cc:99) For utterance usctimit_ema_f5_244, best cost 104.313 + 2330.27 = 2434.58 over 412 frames.
usctimit_ema_f5_244 sil dh iy t er f ah d p aw ah f ao r b ah n z sil 
LOG (lattice-best-path[5.5.141~1-40a9d]:main():lattice-best-path.cc:99) For utterance usctimit_ema_f5_272, best cost 117.002 + 2077.17 = 2194.17 over 364 frames.
usctimit_ema_f5_272 sil t ow f l z m ey t ah p aa s ah s oy b iy z sil 
LOG (lattice-best-path[5.5.141~1-40a9d]:main():lattice-best-path.cc:99) For utterance usctimit_ema_f5_281, best cost 168.895 + 3324.26 = 3493.15 over 565 frames.
usctimit_ema_f5_281 sil ay d ay er z ih s ah p l d iy w ih n f ao r ih k er k aa k ah s ah t sil 
LOG (lattice-best-path[5.5.141~1-40a9d]:main():lattice-best-path.cc:99) For utterance usctimit_ema_f5_304, best cost 169.911 + 3793.32 = 3963.23 over 667 frames.
usctimit_ema_f5_304 sil g eh s aa p ay t iy m ah l d ah n aa t ih z k oy n eh sh ah f ao r z sil 
LOG (lattice-best-path[5.5.141~1-40a9d]:main():lattice-best-path.cc:99) For utterance usctimit_ema_f5_307, best cost 97.6404 + 2331.46 = 2429.1 over 418 frames.
usctimit_ema_f5_307 sil dh iy ch ah n ah b ih g z p aw t l sil 
LOG (lattice-best-path[5.5.141~1-40a9d]:main():lattice-best-path.cc:99) For utterance usctimit_ema_f5_329, best cost 138.882 + 2841.7 = 2980.58 over 535 frames.
usctimit_ema_f5_329 sil ih k aw w aa n er f r m f r m ay n dh iy hh iy m ao s sil 
LOG (lattice-best-path[5.5.141~1-40a9d]:main():lattice-best-path.cc:99) For utterance usctimit_ema_f5_330, best cost 199.204 + 3643.57 = 3842.77 over 611 frames.
usctimit_ema_f5_330 sil iy t ah t ah m iy d ah m ao s k ow n s ay d dh iy b ih k ae n z iy s ah s t ah m p r sil 
LOG (lattice-best-path[5.5.141~1-40a9d]:main():lattice-best-path.cc:99) For utterance usctimit_ema_f5_334, best cost 126.403 + 3046.63 = 3173.03 over 536 frames.
usctimit_ema_f5_334 sil w ey s k aa s t iy m iy b ay k ae s t iy l iy sil 
LOG (lattice-best-path[5.5.141~1-40a9d]:main():lattice-best-path.cc:99) For utterance usctimit_ema_f5_336, best cost 120.506 + 2241.89 = 2362.4 over 396 frames.
usctimit_ema_f5_336 sil ae n oy s k ah g er z m ao r n oy iy ch t ey 
LOG (lattice-best-path[5.5.141~1-40a9d]:main():lattice-best-path.cc:99) For utterance usctimit_ema_f5_343, best cost 123.225 + 2788.32 = 2911.55 over 506 frames.
usctimit_ema_f5_343 sil ah jh ah s ah jh ah n uw r k y uw aa jh ah n z iy m sil 
LOG (lattice-best-path[5.5.141~1-40a9d]:main():lattice-best-path.cc:99) For utterance usctimit_ema_f5_348, best cost 109.671 + 2533.35 = 2643.02 over 455 frames.
usctimit_ema_f5_348 sil dh iy k er ih k ih sh ah p er ao r iy jh ah d sil 
LOG (lattice-best-path[5.5.141~1-40a9d]:main():lattice-best-path.cc:99) For utterance usctimit_ema_f5_349, best cost 86.1458 + 2167.47 = 2253.61 over 405 frames.
usctimit_ema_f5_349 sil iy sh ah s k er f r jh oy z sil 
LOG (lattice-best-path[5.5.141~1-40a9d]:main():lattice-best-path.cc:99) For utterance usctimit_ema_f5_354, best cost 162.2 + 3793.93 = 3956.13 over 679 frames.
usctimit_ema_f5_354 w eh v dh iy g r m ay t ah p eh sh ah m ay z ih z sil ah l d sil 
LOG (lattice-best-path[5.5.141~1-40a9d]:main():lattice-best-path.cc:99) For utterance usctimit_ema_f5_356, best cost 63.424 + 1355.13 = 1418.56 over 219 frames.
usctimit_ema_f5_356 sil dh iy l ay k l iy l 
LOG (lattice-best-path[5.5.141~1-40a9d]:main():lattice-best-path.cc:99) For utterance usctimit_ema_f5_369, best cost 150.029 + 2945.15 = 3095.18 over 537 frames.
usctimit_ema_f5_369 sil dh er z ah jh ay ae d w ao z ih k s t er ih ng dh iy t aa p ae t sil 
LOG (lattice-best-path[5.5.141~1-40a9d]:main():lattice-best-path.cc:99) For utterance usctimit_ema_f5_375, best cost 123.056 + 2484.82 = 2607.87 over 435 frames.
usctimit_ema_f5_375 sil ay er sh ah t er z iy ch er s p er ch er b r ah s sil 
LOG (lattice-best-path[5.5.141~1-40a9d]:main():lattice-best-path.cc:99) For utterance usctimit_ema_f5_389, best cost 168.176 + 3218.97 = 3387.15 over 553 frames.
usctimit_ema_f5_389 sil dh iy t ih ch er k m ey n dh iy t er k t ey t iy t uw s iy p iy t ih z sil 
LOG (lattice-best-path[5.5.141~1-40a9d]:main():lattice-best-path.cc:99) For utterance usctimit_ema_f5_392, best cost 149.202 + 3203.23 = 3352.43 over 574 frames.
usctimit_ema_f5_392 sil dh er ch ah n eh s t ah m p aa p ih k ah m ih s ah s ah sh uw z sil 
LOG (lattice-best-path[5.5.141~1-40a9d]:main():lattice-best-path.cc:99) For utterance usctimit_ema_f5_396, best cost 165.442 + 3079.08 = 3244.52 over 518 frames.
usctimit_ema_f5_396 sil dh iy ae t ay z ih ng g er z ah v p r m f r ey s r ih v er ch ey n d z sil 
LOG (lattice-best-path[5.5.141~1-40a9d]:main():lattice-best-path.cc:99) For utterance usctimit_ema_f5_406, best cost 141.803 + 2918.06 = 3059.87 over 512 frames.
usctimit_ema_f5_406 sil dh iy s ih g ow f ao s ih l iy v ow b ay t ah ch ow v iy z sil 
LOG (lattice-best-path[5.5.141~1-40a9d]:main():lattice-best-path.cc:99) For utterance usctimit_ema_f5_424, best cost 74.5889 + 2021.12 = 2095.71 over 379 frames.
usctimit_ema_f5_424 sil dh iy p iy p l d b iy ah n d sil 
LOG (lattice-best-path[5.5.141~1-40a9d]:main():lattice-best-path.cc:99) For utterance usctimit_ema_f5_426, best cost 75.0926 + 2104.28 = 2179.37 over 335 frames.
usctimit_ema_f5_426 sil dh iy z ih l t iy p iy ah 
LOG (lattice-best-path[5.5.141~1-40a9d]:main():lattice-best-path.cc:99) For utterance usctimit_ema_f5_431, best cost 114.511 + 2460.66 = 2575.17 over 427 frames.
usctimit_ema_f5_431 sil aa p aa f ao r ih sh ah f ih k ah v er z er z sil 
LOG (lattice-best-path[5.5.141~1-40a9d]:main():lattice-best-path.cc:99) For utterance usctimit_ema_f5_436, best cost 126.278 + 2338.3 = 2464.58 over 405 frames.
usctimit_ema_f5_436 sil hh er s p er th iy f r k l ey k er z ah n d ih ng sil 
LOG (lattice-best-path[5.5.141~1-40a9d]:main():lattice-best-path.cc:99) For utterance usctimit_ema_f5_438, best cost 154.281 + 2863.16 = 3017.44 over 498 frames.
usctimit_ema_f5_438 sil dh iy p ay ao t r ey m ao l ey t ih k ah t uw z dh iy t r d ih sh ah n sil 
LOG (lattice-best-path[5.5.141~1-40a9d]:main():lattice-best-path.cc:99) For utterance usctimit_ema_f5_447, best cost 127.517 + 3073.12 = 3200.63 over 536 frames.
usctimit_ema_f5_447 sil r uw z iy n ih s ih ng dh iy s t iy s ow v er sil 
LOG (lattice-best-path[5.5.141~1-40a9d]:main():lattice-best-path.cc:99) For utterance usctimit_ema_f5_451, best cost 151.691 + 3215.62 = 3367.32 over 533 frames.
usctimit_ema_f5_451 sil t l ah l ih k ah s uw m ah n iy f r l t ah m ah n s ih ng sil 
LOG (lattice-best-path[5.5.141~1-40a9d]:main():lattice-best-path.cc:99) For utterance usctimit_ema_m1_006, best cost 85.6693 + 2138.3 = 2223.97 over 381 frames.
usctimit_ema_m1_006 sil l y ao r iy f r s l iy ae m z sil 
LOG (lattice-best-path[5.5.141~1-40a9d]:main():lattice-best-path.cc:99) For utterance usctimit_ema_m1_010, best cost 52.602 + 1648.98 = 1701.58 over 306 frames.
usctimit_ema_m1_010 sil l w ao r iy l iy sil 
LOG (lattice-best-path[5.5.141~1-40a9d]:main():lattice-best-path.cc:99) For utterance usctimit_ema_m1_012, best cost 119.705 + 2555.33 = 2675.04 over 456 frames.
usctimit_ema_m1_012 sil ao f er z ih z ae m er v y uw v er f ao m ow 
LOG (lattice-best-path[5.5.141~1-40a9d]:main():lattice-best-path.cc:99) For utterance usctimit_ema_m1_051, best cost 118.412 + 2426.9 = 2545.32 over 421 frames.
usctimit_ema_m1_051 sil ih k aa k r iy sh ah l iy k r dh iy p ih sh iy ey d sil 
LOG (lattice-best-path[5.5.141~1-40a9d]:main():lattice-best-path.cc:99) For utterance usctimit_ema_m1_090, best cost 107.661 + 2017.22 = 2124.88 over 356 frames.
usctimit_ema_m1_090 sil y uw m ah s ih s ah s ah l iy b l iy f ay l z sil 
LOG (lattice-best-path[5.5.141~1-40a9d]:main():lattice-best-path.cc:99) For utterance usctimit_ema_m1_095, best cost 120.259 + 2368.58 = 2488.84 over 420 frames.
usctimit_ema_m1_095 sil dh iy b eh s w ey t l er z s l ch er p r aa l z sil 
LOG (lattice-best-path[5.5.141~1-40a9d]:main():lattice-best-path.cc:99) For utterance usctimit_ema_m1_098, best cost 98.5882 + 2292.48 = 2391.07 over 421 frames.
usctimit_ema_m1_098 sil ah m ah s y uw ae n s k ih f r b ae t sil 
LOG (lattice-best-path[5.5.141~1-40a9d]:main():lattice-best-path.cc:99) For utterance usctimit_ema_m1_099, best cost 131.207 + 2646.96 = 2778.17 over 495 frames.
usctimit_ema_m1_099 sil dh iy k aa t uw f iy ch er z ah m s p r ae k ah t ae p l sil 
LOG (lattice-best-path[5.5.141~1-40a9d]:main():lattice-best-path.cc:99) For utterance usctimit_ema_m1_137, best cost 147.695 + 2791.94 = 2939.63 over 499 frames.
usctimit_ema_m1_137 sil k l th ih k ae t uw z jh eh jh p ay s t ae n er ay s t ae s sil 
LOG (lattice-best-path[5.5.141~1-40a9d]:main():lattice-best-path.cc:99) For utterance usctimit_ema_m1_139, best cost 121.126 + 3047.8 = 3168.93 over 571 frames.
usctimit_ema_m1_139 sil w er k t ey t m ah ch k ao r iy n s ow z ay z sil 
LOG (lattice-best-path[5.5.141~1-40a9d]:main():lattice-best-path.cc:99) For utterance usctimit_ema_m1_145, best cost 163.704 + 3094.44 = 3258.15 over 546 frames.
usctimit_ema_m1_145 sil eh s p r k aa sh ah n iy l z b ay b ah n hh aw er f r ah s t aa k l sil 
LOG (lattice-best-path[5.5.141~1-40a9d]:main():lattice-best-path.cc:99) For utterance usctimit_ema_m1_158, best cost 162.801 + 3155.1 = 3317.91 over 573 frames.
usctimit_ema_m1_158 sil ay n f er b r k ao r f r k ao r s t w ih sh ah n eh k s p r t iy z sil 
LOG (lattice-best-path[5.5.141~1-40a9d]:main():lattice-best-path.cc:99) For utterance usctimit_ema_m1_160, best cost 168.984 + 2880 = 3048.98 over 512 frames.
usctimit_ema_m1_160 sil ch ih ng k er ch er ch ah l ah n t ah m ey t eh r ow hh aw w ih ng k aa s t uw sil 
LOG (lattice-best-path[5.5.141~1-40a9d]:main():lattice-best-path.cc:99) For utterance usctimit_ema_m1_162, best cost 123.706 + 2737.01 = 2860.71 over 506 frames.
usctimit_ema_m1_162 sil ah m ao z ah l k ah l d ih z ah n ow k ow ch ey sh ah l sil 
LOG (lattice-best-path[5.5.141~1-40a9d]:main():lattice-best-path.cc:99) For utterance usctimit_ema_m1_164, best cost 70.0653 + 2191.35 = 2261.41 over 407 frames.
usctimit_ema_m1_164 sil hh ih k uw z aa n t uw sil 
LOG (lattice-best-path[5.5.141~1-40a9d]:main():lattice-best-path.cc:99) For utterance usctimit_ema_m1_166, best cost 84.2763 + 1990.95 = 2075.23 over 380 frames.
usctimit_ema_m1_166 sil dh iy k ae t iy l z hh er w iy er z sil 
LOG (lattice-best-path[5.5.141~1-40a9d]:main():lattice-best-path.cc:99) For utterance usctimit_ema_m1_169, best cost 79.962 + 1788.76 = 1868.72 over 346 frames.
usctimit_ema_m1_169 sil dh iy aa f r g ow aw n iy d ih ng sil 
LOG (lattice-best-path[5.5.141~1-40a9d]:main():lattice-best-path.cc:99) For utterance usctimit_ema_m1_179, best cost 97.3452 + 1946.59 = 2043.94 over 365 frames.
usctimit_ema_m1_179 sil k aa r iy ch k r f ah n uw ae k s ih z sil 
LOG (lattice-best-path[5.5.141~1-40a9d]:main():lattice-best-path.cc:99) For utterance usctimit_ema_m1_183, best cost 128.249 + 2876.69 = 3004.93 over 544 frames.
usctimit_ema_m1_183 sil ah p r ch er ch er v iy l s ae ch uw s k p ow zh er sil 
LOG (lattice-best-path[5.5.141~1-40a9d]:main():lattice-best-path.cc:99) For utterance usctimit_ema_m1_193, best cost 142.409 + 2959.76 = 3102.17 over 545 frames.
usctimit_ema_m1_193 sil ay d ah n s ah ch oy z ih z ah m p ah n t ae t p ay ao r iy z sil 
LOG (lattice-best-path[5.5.141~1-40a9d]:main():lattice-best-path.cc:99) For utterance usctimit_ema_m1_204, best cost 60.904 + 1792.49 = 1853.39 over 353 frames.
usctimit_ema_m1_204 sil hh aa k ah jh er d er z sil 
LOG (lattice-best-path[5.5.141~1-40a9d]:main():lattice-best-path.cc:99) For utterance usctimit_ema_m1_209, best cost 61.0083 + 1811.22 = 1872.23 over 352 frames.
usctimit_ema_m1_209 sil ah l d f er p oy n sil 
LOG (lattice-best-path[5.5.141~1-40a9d]:main():lattice-best-path.cc:99) For utterance usctimit_ema_m1_224, best cost 92.7451 + 2183.41 = 2276.16 over 406 frames.
usctimit_ema_m1_224 sil ay ey t r oy s t er n ao z p l iy sil 
LOG (lattice-best-path[5.5.141~1-40a9d]:main():lattice-best-path.cc:99) For utterance usctimit_ema_m1_229, best cost 107.781 + 2146.72 = 2254.5 over 395 frames.
usctimit_ema_m1_229 sil m ay dh iy w ih ng ih g ah n z hh aa k aa f iy sil 
LOG (lattice-best-path[5.5.141~1-40a9d]:main():lattice-best-path.cc:99) For utterance usctimit_ema_m1_237, best cost 115.297 + 2519.08 = 2634.38 over 450 frames.
usctimit_ema_m1_237 sil w ih s aa p iy t ay m iy ay s k l ah l ow f sil 
LOG (lattice-best-path[5.5.141~1-40a9d]:main():lattice-best-path.cc:99) For utterance usctimit_ema_m1_265, best cost 139.842 + 2613.6 = 2753.45 over 470 frames.
usctimit_ema_m1_265 sil p iy t ey t ih s t er iy t ih v p aa t uw k n z f ao r iy sil 
LOG (lattice-best-path[5.5.141~1-40a9d]:main():lattice-best-path.cc:99) For utterance usctimit_ema_m1_269, best cost 129.356 + 2571.74 = 2701.09 over 491 frames.
usctimit_ema_m1_269 sil ay b r ah m ah p ay dh ow sh uw z ah b iy v er ch er ch sil 
LOG (lattice-best-path[5.5.141~1-40a9d]:main():lattice-best-path.cc:99) For utterance usctimit_ema_m1_277, best cost 88.6361 + 1744.99 = 1833.63 over 337 frames.
usctimit_ema_m1_277 sil dh iy m iy ih ng ih z aw er jh er n z sil 
LOG (lattice-best-path[5.5.141~1-40a9d]:main():lattice-best-path.cc:99) For utterance usctimit_ema_m1_302, best cost 190.636 + 3990.53 = 4181.16 over 706 frames.
usctimit_ema_m1_302 sil ah l ah n aa t ah l m ey l t uw s t iy k ah n aa s uw b l f r iy sh ah l f ey sh 
LOG (lattice-best-path[5.5.141~1-40a9d]:main():lattice-best-path.cc:99) For utterance usctimit_ema_m1_303, best cost 103.958 + 2197.02 = 2300.98 over 415 frames.
usctimit_ema_m1_303 sil aa f ah n iy g ah p ae k w ih n iy p ah n sil 
LOG (lattice-best-path[5.5.141~1-40a9d]:main():lattice-best-path.cc:99) For utterance usctimit_ema_m1_317, best cost 176.505 + 3880.42 = 4056.92 over 731 frames.
usctimit_ema_m1_317 sil dh iy w ao f iy t ay k uw s w er sh ah n b aa p ow th ih g aa ae n s t uw er sil 
LOG (lattice-best-path[5.5.141~1-40a9d]:main():lattice-best-path.cc:99) For utterance usctimit_ema_m1_320, best cost 127.64 + 2510.63 = 2638.27 over 468 frames.
usctimit_ema_m1_320 sil dh iy k aa s ao r w ao jh oy d ih sh ah l f ih sh t ih sh sil 
LOG (lattice-best-path[5.5.141~1-40a9d]:main():lattice-best-path.cc:99) For utterance usctimit_ema_m1_322, best cost 112.755 + 2206.93 = 2319.69 over 422 frames.
usctimit_ema_m1_322 sil ah l f ah n z aa n t l d r iy n ae m l z sil 
LOG (lattice-best-path[5.5.141~1-40a9d]:main():lattice-best-path.cc:99) For utterance usctimit_ema_m1_336, best cost 135.142 + 2634.89 = 2770.03 over 475 frames.
usctimit_ema_m1_336 sil dh ae n oy s p r ah m g ow z r ow z m ao r w iy ch ey sil 
LOG (lattice-best-path[5.5.141~1-40a9d]:main():lattice-best-path.cc:99) For utterance usctimit_ema_m1_338, best cost 129.641 + 2706.5 = 2836.14 over 511 frames.
usctimit_ema_m1_338 sil ae t ay r m ey k s ah n z ah l iy f er m ah s eh v iy sil 
LOG (lattice-best-path[5.5.141~1-40a9d]:main():lattice-best-path.cc:99) For utterance usctimit_ema_m1_340, best cost 98.1656 + 1724.36 = 1822.53 over 316 frames.
usctimit_ema_m1_340 sil jh ao ng k ih ng sh ah l f ih f ao l ih ng sil 
LOG (lattice-best-path[5.5.141~1-40a9d]:main():lattice-best-path.cc:99) For utterance usctimit_ema_m1_344, best cost 113.63 + 2364.66 = 2478.29 over 454 frames.
usctimit_ema_m1_344 sil hh ae m b ih z r ay v ih ng s ah n d er z ey z sil 
LOG (lattice-best-path[5.5.141~1-40a9d]:main():lattice-best-path.cc:99) For utterance usctimit_ema_m1_347, best cost 116.85 + 2622.64 = 2739.49 over 467 frames.
usctimit_ema_m1_347 sil t er z p er w ih b aa t uw sh er k ae sh ah jh sil 
LOG (lattice-best-path[5.5.141~1-40a9d]:main():lattice-best-path.cc:99) For utterance usctimit_ema_m1_350, best cost 104.846 + 1856.54 = 1961.39 over 337 frames.
usctimit_ema_m1_350 sil sh ah l er f l z ih v er w ah b er p ah n sil 
LOG (lattice-best-path[5.5.141~1-40a9d]:main():lattice-best-path.cc:99) For utterance usctimit_ema_m1_360, best cost 156.6 + 2882.16 = 3038.76 over 500 frames.
usctimit_ema_m1_360 sil dh iy f ih sh iy ae s l iy f r t ih k l iy l s er f ih s ah s l iy sil 
LOG (lattice-best-path[5.5.141~1-40a9d]:main():lattice-best-path.cc:99) For utterance usctimit_ema_m1_361, best cost 126.523 + 2118.91 = 2245.44 over 383 frames.
usctimit_ema_m1_361 sil t ih n t ey sh iy l th ih s iy m uw dh iy s w ih s w iy sil 
LOG (lattice-best-path[5.5.141~1-40a9d]:main():lattice-best-path.cc:99) For utterance usctimit_ema_m1_367, best cost 118.409 + 2598.94 = 2717.35 over 492 frames.
usctimit_ema_m1_367 sil aa b er p ey p er m iy s ah b iy b aa f ay er sil 
LOG (lattice-best-path[5.5.141~1-40a9d]:main():lattice-best-path.cc:99) For utterance usctimit_ema_m1_368, best cost 103.994 + 2571.28 = 2675.28 over 474 frames.
usctimit_ema_m1_368 sil k er sh ah hh ae v ow t uw f ih sh ah jh sil 
LOG (lattice-best-path[5.5.141~1-40a9d]:main():lattice-best-path.cc:99) For utterance usctimit_ema_m1_375, best cost 136.726 + 2569.65 = 2706.38 over 464 frames.
usctimit_ema_m1_375 sil ay r sh ah jh er z iy f r jh t ah p er ch er b r k ah z sil 
LOG (lattice-best-path[5.5.141~1-40a9d]:main():lattice-best-path.cc:99) For utterance usctimit_ema_m1_394, best cost 142.386 + 3005.02 = 3147.41 over 547 frames.
usctimit_ema_m1_394 sil dh iy z ah g r s ah p l iy s ah n t f ay k aa t s m ow v er z sil 
LOG (lattice-best-path[5.5.141~1-40a9d]:main():lattice-best-path.cc:99) For utterance usctimit_ema_m1_400, best cost 123.85 + 2139.6 = 2263.45 over 382 frames.
usctimit_ema_m1_400 sil w ih z ah s l aa r ch ih ng b ay dh iy aa r ih ng ao r sil 
LOG (lattice-best-path[5.5.141~1-40a9d]:main():lattice-best-path.cc:99) For utterance usctimit_ema_m1_432, best cost 55.0833 + 1479.82 = 1534.9 over 285 frames.
usctimit_ema_m1_432 sil l l iy w ey er sil 
LOG (lattice-best-path[5.5.141~1-40a9d]:main():lattice-best-path.cc:99) For utterance usctimit_ema_m3_010, best cost 69.9771 + 1763.69 = 1833.67 over 327 frames.
usctimit_ema_m3_010 sil w ao r aa r w er y ah l iy sil 
LOG (lattice-best-path[5.5.141~1-40a9d]:main():lattice-best-path.cc:99) For utterance usctimit_ema_m3_044, best cost 109.348 + 2742.38 = 2851.72 over 472 frames.
usctimit_ema_m3_044 sil l ay k ah v iy k ah p aa d eh t r d ah z sil 
LOG (lattice-best-path[5.5.141~1-40a9d]:main():lattice-best-path.cc:99) For utterance usctimit_ema_m3_068, best cost 101.027 + 2409.43 = 2510.46 over 441 frames.
usctimit_ema_m3_068 sil dh iy s t aa s l g ow p y aa k ah s iy sil 
LOG (lattice-best-path[5.5.141~1-40a9d]:main():lattice-best-path.cc:99) For utterance usctimit_ema_m3_071, best cost 124.22 + 2615.68 = 2739.9 over 439 frames.
usctimit_ema_m3_071 sil k aa r ih sh ah m ao z ah n s t ae n iy l iy dh iy s iy sil 
LOG (lattice-best-path[5.5.141~1-40a9d]:main():lattice-best-path.cc:99) For utterance usctimit_ema_m3_080, best cost 112.063 + 2612.27 = 2724.33 over 411 frames.
usctimit_ema_m3_080 sil ih g ow z ae l iy zh er ch aa t er t ay l z sil 
LOG (lattice-best-path[5.5.141~1-40a9d]:main():lattice-best-path.cc:99) For utterance usctimit_ema_m3_101, best cost 87.5355 + 1820.74 = 1908.28 over 307 frames.
usctimit_ema_m3_101 sil k ae f ih s er w ih ng ao t ey n t sil 
LOG (lattice-best-path[5.5.141~1-40a9d]:main():lattice-best-path.cc:99) For utterance usctimit_ema_m3_113, best cost 90.611 + 2154.98 = 2245.59 over 382 frames.
usctimit_ema_m3_113 sil w aa t f ao r uw z ah s ah jh eh l z sil 
LOG (lattice-best-path[5.5.141~1-40a9d]:main():lattice-best-path.cc:99) For utterance usctimit_ema_m3_129, best cost 97.8208 + 2304.47 = 2402.29 over 411 frames.
usctimit_ema_m3_129 sil t uw m ay t er ae s ih g y uw ch aa l sil 
LOG (lattice-best-path[5.5.141~1-40a9d]:main():lattice-best-path.cc:99) For utterance usctimit_ema_m3_141, best cost 102.239 + 2093.33 = 2195.57 over 354 frames.
usctimit_ema_m3_141 sil r m ow ih s ah n d w ih th er t iy z ih z sil 
LOG (lattice-best-path[5.5.141~1-40a9d]:main():lattice-best-path.cc:99) For utterance usctimit_ema_m3_147, best cost 105.228 + 2443.34 = 2548.57 over 438 frames.
usctimit_ema_m3_147 sil dh er m ey m ay f ao f r ae n d b ae n z sil 
LOG (lattice-best-path[5.5.141~1-40a9d]:main():lattice-best-path.cc:99) For utterance usctimit_ema_m3_192, best cost 115.165 + 2464.11 = 2579.27 over 428 frames.
usctimit_ema_m3_192 sil ah l d b eh s p eh sh ah jh oy p aa g l er sil 
LOG (lattice-best-path[5.5.141~1-40a9d]:main():lattice-best-path.cc:99) For utterance usctimit_ema_m3_203, best cost 109.604 + 2303.12 = 2412.72 over 419 frames.
usctimit_ema_m3_203 sil dh iy p ah b ah jh ah b aa t ey ow m ah g r ow zh sil 
LOG (lattice-best-path[5.5.141~1-40a9d]:main():lattice-best-path.cc:99) For utterance usctimit_ema_m3_260, best cost 140.559 + 2533.52 = 2674.08 over 446 frames.
usctimit_ema_m3_260 sil r f ay z eh k aw m ay n b ay ah n er b r eh sh ah n ae l sil 
LOG (lattice-best-path[5.5.141~1-40a9d]:main():lattice-best-path.cc:99) For utterance usctimit_ema_m3_267, best cost 115.217 + 2891.63 = 3006.85 over 519 frames.
usctimit_ema_m3_267 sil ih s k ae k ah s m ao l ae v er ey n iy t uw sil 
LOG (lattice-best-path[5.5.141~1-40a9d]:main():lattice-best-path.cc:99) For utterance usctimit_ema_m3_282, best cost 176.801 + 3754.62 = 3931.42 over 657 frames.
usctimit_ema_m3_282 sil dh iy ae t er z ah b iy s ih f ao r ey t iy ih g ah n t er k er f l iy f r s sil 
LOG (lattice-best-path[5.5.141~1-40a9d]:main():lattice-best-path.cc:99) For utterance usctimit_ema_m3_300, best cost 103.777 + 2510.6 = 2614.38 over 450 frames.
usctimit_ema_m3_300 sil dh iy b ih g aa l ah t uw aa n iy l ay d l sil 
LOG (lattice-best-path[5.5.141~1-40a9d]:main():lattice-best-path.cc:99) For utterance usctimit_ema_m3_316, best cost 178.302 + 3336.63 = 3514.93 over 569 frames.
usctimit_ema_m3_316 sil dh iy p r iy s ow k ah n r oy s er f y ah l ih z ah b iy m er z ih d ih sh ah n z sil 
LOG (lattice-best-path[5.5.141~1-40a9d]:main():lattice-best-path.cc:99) For utterance usctimit_ema_m3_320, best cost 112.612 + 2531.8 = 2644.41 over 447 frames.
usctimit_ema_m3_320 sil ah k aa s ao r ow n jh oy ih sh ah l ih sh ih sh sil 
LOG (lattice-best-path[5.5.141~1-40a9d]:main():lattice-best-path.cc:99) For utterance usctimit_ema_m3_335, best cost 106.547 + 2671.93 = 2778.48 over 449 frames.
usctimit_ema_m3_335 sil b aa p ih r ow l r ow dh iy er m er z sil 
LOG (lattice-best-path[5.5.141~1-40a9d]:main():lattice-best-path.cc:99) For utterance usctimit_ema_m3_336, best cost 108.406 + 2193.91 = 2302.31 over 372 frames.
usctimit_ema_m3_336 sil ae n oy z aa m er z m ao n oy n iy ch ey 
LOG (lattice-best-path[5.5.141~1-40a9d]:main():lattice-best-path.cc:99) For utterance usctimit_ema_m3_338, best cost 131.215 + 2771.71 = 2902.92 over 500 frames.
usctimit_ema_m3_338 sil dh eh d ay r eh m ey s ah n s l ae t er m ah ch ah b iy sil 
LOG (lattice-best-path[5.5.141~1-40a9d]:main():lattice-best-path.cc:99) For utterance usctimit_ema_m3_339, best cost 97.8963 + 2328.99 = 2426.89 over 423 frames.
usctimit_ema_m3_339 sil ah b ao r n aa l ah s p er s ih g l sil 
LOG (lattice-best-path[5.5.141~1-40a9d]:main():lattice-best-path.cc:99) For utterance usctimit_ema_m3_357, best cost 119.989 + 2695.99 = 2815.98 over 462 frames.
usctimit_ema_m3_357 sil ah m aw s k ae f r ih k r t iy l ih s t iy d sil 
LOG (lattice-best-path[5.5.141~1-40a9d]:main():lattice-best-path.cc:99) For utterance usctimit_ema_m3_359, best cost 95.0975 + 2224.5 = 2319.6 over 389 frames.
usctimit_ema_m3_359 sil k aw s ih m ey t ow n t iy s r l sil 
LOG (lattice-best-path[5.5.141~1-40a9d]:main():lattice-best-path.cc:99) For utterance usctimit_ema_m3_379, best cost 121.885 + 2745.85 = 2867.74 over 477 frames.
usctimit_ema_m3_379 sil ay er s ih s ih z uw z l ah n s ae sh iy p er z sil 
LOG (lattice-best-path[5.5.141~1-40a9d]:main():lattice-best-path.cc:99) For utterance usctimit_ema_m3_385, best cost 106.656 + 1961.4 = 2068.05 over 354 frames.
usctimit_ema_m3_385 sil eh v ih k ae n iy t ih p ey d ih n aa t ah n sil 
LOG (lattice-best-path[5.5.141~1-40a9d]:main():lattice-best-path.cc:99) For utterance usctimit_ema_m3_390, best cost 121.593 + 2533.75 = 2655.34 over 428 frames.
usctimit_ema_m3_390 sil dh iy w iy ch aa r k ih s ah p oy z ih l n s t iy sil 
LOG (lattice-best-path[5.5.141~1-40a9d]:main():lattice-best-path.cc:99) For utterance usctimit_ema_m3_423, best cost 137.604 + 2888.8 = 3026.4 over 495 frames.
usctimit_ema_m3_423 sil dh iy g ow z ah f r t ow s ae t ow sh er sh ah n ah f r sil 
LOG (lattice-best-path[5.5.141~1-40a9d]:main():lattice-best-path.cc:99) For utterance usctimit_ema_m3_434, best cost 69.7657 + 1564.46 = 1634.23 over 285 frames.
usctimit_ema_m3_434 sil r eh sh l ay z ah l er z sil 
LOG (lattice-best-path[5.5.141~1-40a9d]:main():lattice-best-path.cc:99) For utterance usctimit_ema_m3_438, best cost 150.761 + 2865.2 = 3015.96 over 495 frames.
usctimit_ema_m3_438 sil dh iy p ay aa t er m aa l ih n t ih k ah p iy s iy t er k ih sh ah n sil 
LOG (lattice-best-path[5.5.141~1-40a9d]:main():lattice-best-path.cc:99) For utterance usctimit_ema_m3_442, best cost 107.031 + 2268.75 = 2375.78 over 404 frames.
usctimit_ema_m3_442 sil w ih p l iy ch iy s ah d ih t uw ih s p r iy sil 
LOG (lattice-best-path[5.5.141~1-40a9d]:main():lattice-best-path.cc:99) For utterance usctimit_ema_m3_444, best cost 158.675 + 3459.42 = 3618.09 over 603 frames.
usctimit_ema_m3_444 sil r aa m ey g r ey n uw aa sh uh d er ah n s p r iy p ay f r z er sil 
LOG (lattice-best-path[5.5.141~1-40a9d]:main():lattice-best-path.cc:99) For utterance usctimit_ema_m3_457, best cost 167.553 + 3140.31 = 3307.86 over 560 frames.
usctimit_ema_m3_457 sil k aa th iy z g r ah n s iy d ah m l ih k s ow s ah n t ah b r s ah n z sil 
LOG (lattice-best-path[5.5.141~1-40a9d]:main():lattice-best-path.cc:99) For utterance usctimit_ema_m3_458, best cost 149.232 + 3047.36 = 3196.59 over 535 frames.
usctimit_ema_m3_458 sil ae s ih ng ey p r w ih s k aa b ay k w ay d ey p er z ey sh t sil 
LOG (lattice-scale[5.5.141~1-40a9d]:main():lattice-scale.cc:107) Done 183 lattices.
LOG (lattice-add-penalty[5.5.141~1-40a9d]:main():lattice-add-penalty.cc:62) Done adding word insertion penalty to 183 lattices.
LOG (lattice-best-path[5.5.141~1-40a9d]:main():lattice-best-path.cc:99) For utterance usctimit_ema_m3_460, best cost 71.7624 + 2712.02 = 2783.79 over 497 frames.
usctimit_ema_m3_460 sil w ih s iy eh sh ah l ih z sil 
LOG (lattice-best-path[5.5.141~1-40a9d]:main():lattice-best-path.cc:124) Overall cost per frame is 5.81815 = 0.256649 [graph] + 5.5615 [acoustic] over 81821 frames.
LOG (lattice-best-path[5.5.141~1-40a9d]:main():lattice-best-path.cc:128) Done 183 lattices, failed for 0
# Accounting: time=6 threads=1
# Ended (code 0) at Mon Dec 24 21:09:59 EET 2018, elapsed time 6 seconds
