# lattice-scale --inv-acoustic-scale=13 "ark:gunzip -c exp/bg/mono/decode/lat.*.gz|" ark:- | lattice-add-penalty --word-ins-penalty=1.0 ark:- ark:- | lattice-best-path --word-symbol-table=exp/bg/mono/graph/words.txt ark:- ark,t:- | utils/int2sym.pl -f 2- exp/bg/mono/graph/words.txt | cat > exp/bg/mono/decode/scoring_kaldi/penalty_1.0/13.txt 
# Started at Mon Dec 24 21:09:47 EET 2018
#
lattice-add-penalty --word-ins-penalty=1.0 ark:- ark:- 
lattice-scale --inv-acoustic-scale=13 'ark:gunzip -c exp/bg/mono/decode/lat.*.gz|' ark:- 
lattice-best-path --word-symbol-table=exp/bg/mono/graph/words.txt ark:- ark,t:- 
LOG (lattice-best-path[5.5.141~1-40a9d]:main():lattice-best-path.cc:99) For utterance usctimit_ema_f1_021, best cost 58.9749 + 1831.33 = 1890.31 over 290 frames.
usctimit_ema_f1_021 sil l iy oy s ah n er z sil 
LOG (lattice-best-path[5.5.141~1-40a9d]:main():lattice-best-path.cc:99) For utterance usctimit_ema_f1_028, best cost 141.282 + 3194.62 = 3335.9 over 499 frames.
usctimit_ema_f1_028 sil l iy d ow z ih k aa r t er d ih s ah t ey p aa p y uw aa r ey sil 
LOG (lattice-best-path[5.5.141~1-40a9d]:main():lattice-best-path.cc:99) For utterance usctimit_ema_f1_031, best cost 124.73 + 2565.64 = 2690.37 over 395 frames.
usctimit_ema_f1_031 sil eh s ah l r s l z ih g r jh uw ey sh ah v er z ah n sil 
LOG (lattice-best-path[5.5.141~1-40a9d]:main():lattice-best-path.cc:99) For utterance usctimit_ema_f1_052, best cost 118.44 + 2802.8 = 2921.24 over 431 frames.
usctimit_ema_f1_052 sil hh aa s ah n ow ch er d z ch y ao z ah f iy r iy sil 
LOG (lattice-best-path[5.5.141~1-40a9d]:main():lattice-best-path.cc:99) For utterance usctimit_ema_f1_054, best cost 97.4709 + 2387.76 = 2485.23 over 382 frames.
usctimit_ema_f1_054 sil ch aa n t iy ch ah n ah n t ah l ih sh ah n z sil 
LOG (lattice-best-path[5.5.141~1-40a9d]:main():lattice-best-path.cc:99) For utterance usctimit_ema_f1_072, best cost 110.611 + 2468.64 = 2579.26 over 403 frames.
usctimit_ema_f1_072 sil s ah n ih z eh v ih ng f y uw b ih k y er k s sil 
LOG (lattice-best-path[5.5.141~1-40a9d]:main():lattice-best-path.cc:99) For utterance usctimit_ema_f1_078, best cost 113.557 + 2760.08 = 2873.63 over 447 frames.
usctimit_ema_f1_078 sil ah l eh k aa s l iy z w aa t ah p ay n s ih z sil 
LOG (lattice-best-path[5.5.141~1-40a9d]:main():lattice-best-path.cc:99) For utterance usctimit_ema_f1_090, best cost 102.479 + 2214.28 = 2316.76 over 353 frames.
usctimit_ema_f1_090 sil y uw ao z ih s ah s ah l iy d l iy b ay l z sil 
LOG (lattice-best-path[5.5.141~1-40a9d]:main():lattice-best-path.cc:99) For utterance usctimit_ema_f1_105, best cost 127.728 + 3048.76 = 3176.49 over 461 frames.
usctimit_ema_f1_105 sil dh iy p ey l iy b aa k ae n hh ay iy aa r oy l ae m ow z sil 
LOG (lattice-best-path[5.5.141~1-40a9d]:main():lattice-best-path.cc:99) For utterance usctimit_ema_f1_108, best cost 125.411 + 2948.7 = 3074.11 over 458 frames.
usctimit_ema_f1_108 sil ah s ih jh eh v er z iy f r aa p eh n aa r n t iy z sil 
LOG (lattice-best-path[5.5.141~1-40a9d]:main():lattice-best-path.cc:99) For utterance usctimit_ema_f1_111, best cost 98.5756 + 2144.36 = 2242.93 over 329 frames.
usctimit_ema_f1_111 sil r ih z ih sh ah n t ah l ih z ih z f r iy l sil 
LOG (lattice-best-path[5.5.141~1-40a9d]:main():lattice-best-path.cc:99) For utterance usctimit_ema_f1_115, best cost 90.8019 + 2268.85 = 2359.65 over 355 frames.
usctimit_ema_f1_115 sil dh iy f ao r ae ch eh s er r eh k ae z sil 
LOG (lattice-best-path[5.5.141~1-40a9d]:main():lattice-best-path.cc:99) For utterance usctimit_ema_f1_123, best cost 111.051 + 3112.01 = 3223.06 over 492 frames.
usctimit_ema_f1_123 sil dh iy b ah n l s ah s ah l z ih ch iy sh ao r er sil 
LOG (lattice-best-path[5.5.141~1-40a9d]:main():lattice-best-path.cc:99) For utterance usctimit_ema_f1_126, best cost 139.898 + 2820.78 = 2960.68 over 432 frames.
usctimit_ema_f1_126 sil w ih sh ao aa k ah l z ah p ey ih n ey k aa f ih k ey sh ah n sil 
LOG (lattice-best-path[5.5.141~1-40a9d]:main():lattice-best-path.cc:99) For utterance usctimit_ema_f1_134, best cost 80.7592 + 2528.79 = 2609.55 over 416 frames.
usctimit_ema_f1_134 sil dh iy k ih z iy z ae s ih z ih k sil 
LOG (lattice-best-path[5.5.141~1-40a9d]:main():lattice-best-path.cc:99) For utterance usctimit_ema_f1_153, best cost 171.495 + 3949.99 = 4121.49 over 618 frames.
usctimit_ema_f1_153 sil dh ih m ay n iy p eh s ah s aw d z ih p iy ow s ah v ey sh ah n d r oy n z sil 
LOG (lattice-best-path[5.5.141~1-40a9d]:main():lattice-best-path.cc:99) For utterance usctimit_ema_f1_162, best cost 114.331 + 3012.34 = 3126.67 over 486 frames.
usctimit_ema_f1_162 sil ah s ah l k aa jh ih z ah n ae k oy d ey sh ah m sil 
LOG (lattice-best-path[5.5.141~1-40a9d]:main():lattice-best-path.cc:99) For utterance usctimit_ema_f1_170, best cost 104.061 + 2893.33 = 2997.39 over 459 frames.
usctimit_ema_f1_170 sil hh ao r ay s iy ah m ih k s eh s ih k aw t sil 
LOG (lattice-best-path[5.5.141~1-40a9d]:main():lattice-best-path.cc:99) For utterance usctimit_ema_f1_198, best cost 73.1052 + 2195.21 = 2268.31 over 368 frames.
usctimit_ema_f1_198 sil ah p ah n ay v eh r k er z sil 
LOG (lattice-best-path[5.5.141~1-40a9d]:main():lattice-best-path.cc:99) For utterance usctimit_ema_f1_209, best cost 68.735 + 2070.13 = 2138.86 over 339 frames.
usctimit_ema_f1_209 sil dh iy l ih ng r p oy n ae n sil 
LOG (lattice-best-path[5.5.141~1-40a9d]:main():lattice-best-path.cc:99) For utterance usctimit_ema_f1_213, best cost 90.0326 + 2287.06 = 2377.09 over 358 frames.
usctimit_ema_f1_213 sil ay m ay z aa k aw t ay ey n s ih ng sil 
LOG (lattice-best-path[5.5.141~1-40a9d]:main():lattice-best-path.cc:99) For utterance usctimit_ema_f1_227, best cost 85.7042 + 2384.22 = 2469.92 over 386 frames.
usctimit_ema_f1_227 sil b ay iy ih ng y ao r y uw ey l er sil 
LOG (lattice-best-path[5.5.141~1-40a9d]:main():lattice-best-path.cc:99) For utterance usctimit_ema_f1_236, best cost 105.664 + 2247.17 = 2352.83 over 358 frames.
usctimit_ema_f1_236 sil hh aw oy l ey t uw ey ih s ah l ih v eh s ih ng sil 
LOG (lattice-best-path[5.5.141~1-40a9d]:main():lattice-best-path.cc:99) For utterance usctimit_ema_f1_239, best cost 83.9428 + 2517.28 = 2601.22 over 412 frames.
usctimit_ema_f1_239 sil w ih k aa m ey z ah ch aa n z iy sil 
LOG (lattice-best-path[5.5.141~1-40a9d]:main():lattice-best-path.cc:99) For utterance usctimit_ema_f1_242, best cost 89.2554 + 2231.81 = 2321.07 over 356 frames.
usctimit_ema_f1_242 sil d ey t ih k ah f ao r ih s ao r ow s sil 
LOG (lattice-best-path[5.5.141~1-40a9d]:main():lattice-best-path.cc:99) For utterance usctimit_ema_f1_244, best cost 100.171 + 2519.71 = 2619.88 over 398 frames.
usctimit_ema_f1_244 sil dh iy eh k aa t ih k aa r d f aw er b eh n z sil 
LOG (lattice-best-path[5.5.141~1-40a9d]:main():lattice-best-path.cc:99) For utterance usctimit_ema_f1_250, best cost 73.7281 + 2056.81 = 2130.54 over 346 frames.
usctimit_ema_f1_250 sil dh iy m eh s er z aa sh ah s iy sil 
LOG (lattice-best-path[5.5.141~1-40a9d]:main():lattice-best-path.cc:99) For utterance usctimit_ema_f1_252, best cost 157.19 + 3499.95 = 3657.14 over 550 frames.
usctimit_ema_f1_252 sil aw s ah b l iy t uw r w ih th aw t uw p r ih sh ah z aw w er ih ng sil 
LOG (lattice-best-path[5.5.141~1-40a9d]:main():lattice-best-path.cc:99) For utterance usctimit_ema_f1_255, best cost 125.235 + 2694.17 = 2819.41 over 428 frames.
usctimit_ema_f1_255 sil dh iy t ih f er f r ae t ih k aa m ay n t uw f ah l aw t sil 
LOG (lattice-best-path[5.5.141~1-40a9d]:main():lattice-best-path.cc:99) For utterance usctimit_ema_f1_262, best cost 157.604 + 3668.86 = 3826.46 over 572 frames.
usctimit_ema_f1_262 sil dh iy s er ch er z r t ih k ah l iy f ao r m ih f r ah s eh k ah b ay er sil 
LOG (lattice-best-path[5.5.141~1-40a9d]:main():lattice-best-path.cc:99) For utterance usctimit_ema_f1_286, best cost 100.286 + 1910.56 = 2010.84 over 302 frames.
usctimit_ema_f1_286 sil dh eh k ah ch ey z ih z hh ae t er s ah s ah n sil 
LOG (lattice-best-path[5.5.141~1-40a9d]:main():lattice-best-path.cc:99) For utterance usctimit_ema_f1_297, best cost 118.126 + 3563.91 = 3682.04 over 592 frames.
usctimit_ema_f1_297 sil r ah n t aa n ch ah s ao f r t ah n z iy f ah n sil 
LOG (lattice-best-path[5.5.141~1-40a9d]:main():lattice-best-path.cc:99) For utterance usctimit_ema_f1_299, best cost 123.986 + 3058.96 = 3182.95 over 491 frames.
usctimit_ema_f1_299 sil hh ae k ah n er t iy z ah z s oy s ah s ay y uw eh n sil 
LOG (lattice-best-path[5.5.141~1-40a9d]:main():lattice-best-path.cc:99) For utterance usctimit_ema_f1_302, best cost 135.475 + 3567.23 = 3702.7 over 573 frames.
usctimit_ema_f1_302 sil ah d ah l aw t ae b ay s t iy ae s ah l f r iy sh ah l ih z sil 
LOG (lattice-best-path[5.5.141~1-40a9d]:main():lattice-best-path.cc:99) For utterance usctimit_ema_f1_311, best cost 144.995 + 3183.3 = 3328.29 over 495 frames.
usctimit_ema_f1_311 sil dh iy f r ey n ch ah jh eh m ay s ah t uw b ay z dh iy b r ah p er sil 
LOG (lattice-best-path[5.5.141~1-40a9d]:main():lattice-best-path.cc:99) For utterance usctimit_ema_f1_317, best cost 142.925 + 4207.06 = 4349.99 over 679 frames.
usctimit_ema_f1_317 sil ah n iy ow p iy t ay k ah s w er sh ah n w ao l iy ae n s ah n sil 
LOG (lattice-best-path[5.5.141~1-40a9d]:main():lattice-best-path.cc:99) For utterance usctimit_ema_f1_320, best cost 112.211 + 2835.35 = 2947.56 over 454 frames.
usctimit_ema_f1_320 sil ah k ah n s er l ah jh oy d ih sh ah l ih sh ih zh sil 
LOG (lattice-best-path[5.5.141~1-40a9d]:main():lattice-best-path.cc:99) For utterance usctimit_ema_f1_323, best cost 110.795 + 2801.95 = 2912.75 over 450 frames.
usctimit_ema_f1_323 sil dh ae n s w ih sh ah m ay ch er k oy z eh k ah z sil 
LOG (lattice-best-path[5.5.141~1-40a9d]:main():lattice-best-path.cc:99) For utterance usctimit_ema_f1_325, best cost 102 + 2507.29 = 2609.29 over 400 frames.
usctimit_ema_f1_325 sil w ih sh ah l ah m aa ch ih z ey t ay m dh iy z sil 
LOG (lattice-best-path[5.5.141~1-40a9d]:main():lattice-best-path.cc:99) For utterance usctimit_ema_f1_342, best cost 106.969 + 2879.87 = 2986.84 over 452 frames.
usctimit_ema_f1_342 sil sh uw w ey t er z eh t r f r l ih s ih ng sil 
LOG (lattice-best-path[5.5.141~1-40a9d]:main():lattice-best-path.cc:99) For utterance usctimit_ema_f1_346, best cost 99.5632 + 2076.19 = 2175.76 over 328 frames.
usctimit_ema_f1_346 sil w ao k ah m ah n iy s t uw n z iy ch iy er sil 
LOG (lattice-best-path[5.5.141~1-40a9d]:main():lattice-best-path.cc:99) For utterance usctimit_ema_f1_347, best cost 127.475 + 2832.26 = 2959.74 over 452 frames.
usctimit_ema_f1_347 sil r jh ah p r n ay d ah f iy ch ih g ae sh ao r ih jh sil 
LOG (lattice-best-path[5.5.141~1-40a9d]:main():lattice-best-path.cc:99) For utterance usctimit_ema_f1_356, best cost 79.5748 + 1932.05 = 2011.63 over 302 frames.
usctimit_ema_f1_356 sil dh iy l ay k l hh ae ch aw er z sil 
LOG (lattice-best-path[5.5.141~1-40a9d]:main():lattice-best-path.cc:99) For utterance usctimit_ema_f1_360, best cost 143.708 + 3002.74 = 3146.45 over 462 frames.
usctimit_ema_f1_360 sil dh iy v ih z iy s l iy f ay d r ae n s er th ih z ah s m l iy sil 
LOG (lattice-best-path[5.5.141~1-40a9d]:main():lattice-best-path.cc:99) For utterance usctimit_ema_f1_362, best cost 93.0588 + 2574.93 = 2667.99 over 430 frames.
usctimit_ema_f1_362 sil dh iy s ih n ah v er w ao r n t ih k y er sil 
LOG (lattice-best-path[5.5.141~1-40a9d]:main():lattice-best-path.cc:99) For utterance usctimit_ema_f1_364, best cost 140.298 + 2894.07 = 3034.37 over 457 frames.
usctimit_ema_f1_364 sil dh iy t ae s ih k ae b r d eh k ao z ih k ae t ae f ih t ae n sil 
LOG (lattice-best-path[5.5.141~1-40a9d]:main():lattice-best-path.cc:99) For utterance usctimit_ema_f1_368, best cost 98.3876 + 2793.67 = 2892.06 over 450 frames.
usctimit_ema_f1_368 sil w ih s ah v ae n ah t ih th ih sh ah m jh sil 
LOG (lattice-best-path[5.5.141~1-40a9d]:main():lattice-best-path.cc:99) For utterance usctimit_ema_f1_382, best cost 143.284 + 3607.62 = 3750.9 over 595 frames.
usctimit_ema_f1_382 sil s ih sh l iy p l z ah n eh k ae sh ah l iy ow z ah n ch ah b ih ng sil 
LOG (lattice-best-path[5.5.141~1-40a9d]:main():lattice-best-path.cc:99) For utterance usctimit_ema_f1_394, best cost 131.446 + 3388.29 = 3519.73 over 548 frames.
usctimit_ema_f1_394 sil dh iy z ih r s ah p w iy s ah n t ay k ah l s m ay er z sil 
LOG (lattice-best-path[5.5.141~1-40a9d]:main():lattice-best-path.cc:99) For utterance usctimit_ema_f1_397, best cost 146.012 + 3145.09 = 3291.1 over 501 frames.
usctimit_ema_f1_397 sil s ah b r n ah s ay s k aa k ah s ah v er f ih g ae k ae v er sil 
LOG (lattice-best-path[5.5.141~1-40a9d]:main():lattice-best-path.cc:99) For utterance usctimit_ema_f1_402, best cost 80.6152 + 2444.08 = 2524.7 over 401 frames.
usctimit_ema_f1_402 sil r s ih k ah t ih f r iy ch iy z sil 
LOG (lattice-best-path[5.5.141~1-40a9d]:main():lattice-best-path.cc:99) For utterance usctimit_ema_f1_405, best cost 116.05 + 3174.62 = 3290.67 over 510 frames.
usctimit_ema_f1_405 sil w ey ah s p r iy s ae p oy n t er ih ng g r ae 
LOG (lattice-best-path[5.5.141~1-40a9d]:main():lattice-best-path.cc:99) For utterance usctimit_ema_f1_451, best cost 131.458 + 2894.14 = 3025.6 over 444 frames.
usctimit_ema_f1_451 sil ch ow t ih ng k ah s ih m ay iy f r l t m ah n s ih ng sil 
LOG (lattice-best-path[5.5.141~1-40a9d]:main():lattice-best-path.cc:99) For utterance usctimit_ema_f1_453, best cost 129.167 + 2972.05 = 3101.22 over 476 frames.
usctimit_ema_f1_453 sil w eh n er z w ih ng ih ng z ih ng v er ch ah b ow p er ah n sil 
LOG (lattice-best-path[5.5.141~1-40a9d]:main():lattice-best-path.cc:99) For utterance usctimit_ema_f1_456, best cost 127.717 + 2750.39 = 2878.11 over 433 frames.
usctimit_ema_f1_456 sil ah m ow s ih d eh k ah l m p ae t uw ae z b aa r ih ng sil 
LOG (lattice-best-path[5.5.141~1-40a9d]:main():lattice-best-path.cc:99) For utterance usctimit_ema_f1_460, best cost 78.3377 + 2032.74 = 2111.08 over 334 frames.
usctimit_ema_f1_460 sil w ih sh iy t ih sh ah m ah g ah z sil 
LOG (lattice-best-path[5.5.141~1-40a9d]:main():lattice-best-path.cc:99) For utterance usctimit_ema_f5_009, best cost 68.8254 + 2076.06 = 2144.88 over 341 frames.
usctimit_ema_f5_009 sil y uw l aw w er l ay z sil 
LOG (lattice-best-path[5.5.141~1-40a9d]:main():lattice-best-path.cc:99) For utterance usctimit_ema_f5_011, best cost 79.5788 + 2026.11 = 2105.69 over 301 frames.
usctimit_ema_f5_011 sil dh iy r m ah s ay z ih k ae n sil 
LOG (lattice-best-path[5.5.141~1-40a9d]:main():lattice-best-path.cc:99) For utterance usctimit_ema_f5_017, best cost 101.408 + 2304.08 = 2405.49 over 328 frames.
usctimit_ema_f5_017 sil aw m iy r d f ao z m ae z w ao l sil 
LOG (lattice-best-path[5.5.141~1-40a9d]:main():lattice-best-path.cc:99) For utterance usctimit_ema_f5_019, best cost 94.6714 + 2052.99 = 2147.66 over 308 frames.
usctimit_ema_f5_019 sil ah f ah l f eh t ah t iy f r iy m sil 
LOG (lattice-best-path[5.5.141~1-40a9d]:main():lattice-best-path.cc:99) For utterance usctimit_ema_f5_066, best cost 93.6961 + 2406.66 = 2500.35 over 335 frames.
usctimit_ema_f5_066 sil ae t ah t eh g ah s t uw f r ey l iy sil 
LOG (lattice-best-path[5.5.141~1-40a9d]:main():lattice-best-path.cc:99) For utterance usctimit_ema_f5_080, best cost 124.883 + 2846.19 = 2971.07 over 417 frames.
usctimit_ema_f5_080 sil dh iy k ah s ah l ey t er t aa p eh k l ae p ay l z sil 
LOG (lattice-best-path[5.5.141~1-40a9d]:main():lattice-best-path.cc:99) For utterance usctimit_ema_f5_081, best cost 126.803 + 2564.38 = 2691.18 over 373 frames.
usctimit_ema_f5_081 sil ae s k r ey p r iy s t ae k s ah n d eh n ey sh ah n sil 
LOG (lattice-best-path[5.5.141~1-40a9d]:main():lattice-best-path.cc:99) For utterance usctimit_ema_f5_090, best cost 116.459 + 2562.92 = 2679.38 over 385 frames.
usctimit_ema_f5_090 sil dh iy n s ih s ah s ih k l iy d l iy f ay l z sil 
LOG (lattice-best-path[5.5.141~1-40a9d]:main():lattice-best-path.cc:99) For utterance usctimit_ema_f5_143, best cost 127.535 + 2980.38 = 3107.91 over 473 frames.
usctimit_ema_f5_143 sil dh iy k ah f r ah s ao f er z ey sh ah s ih s ih sh ah t sil 
LOG (lattice-best-path[5.5.141~1-40a9d]:main():lattice-best-path.cc:99) For utterance usctimit_ema_f5_144, best cost 175.389 + 3862.69 = 4038.08 over 594 frames.
usctimit_ema_f5_144 sil ae s k ao th ih z dh iy p eh n t uw jh ah n uw b ow t hh aa b iy aa n iy z sil 
LOG (lattice-best-path[5.5.141~1-40a9d]:main():lattice-best-path.cc:99) For utterance usctimit_ema_f5_162, best cost 127.015 + 3076.71 = 3203.73 over 483 frames.
usctimit_ema_f5_162 sil ah s ao k aa jh ih z ah n aw k oy d ey sh ah l sil 
LOG (lattice-best-path[5.5.141~1-40a9d]:main():lattice-best-path.cc:99) For utterance usctimit_ema_f5_163, best cost 143.728 + 3444.28 = 3588 over 532 frames.
usctimit_ema_f5_163 sil dh iy ch ah t er z b ay hh iy z jh eh n w ao z ah m z f ao r iy sil 
LOG (lattice-best-path[5.5.141~1-40a9d]:main():lattice-best-path.cc:99) For utterance usctimit_ema_f5_164, best cost 82.8502 + 2554.97 = 2637.82 over 405 frames.
usctimit_ema_f5_164 sil dh ih k uw z d aw t uw d sil 
LOG (lattice-best-path[5.5.141~1-40a9d]:main():lattice-best-path.cc:99) For utterance usctimit_ema_f5_174, best cost 100.642 + 2507.34 = 2607.98 over 386 frames.
usctimit_ema_f5_174 sil s t er hh ae t r ae t ae sh ah z y er sil 
LOG (lattice-best-path[5.5.141~1-40a9d]:main():lattice-best-path.cc:99) For utterance usctimit_ema_f5_197, best cost 106.878 + 2508.12 = 2615 over 400 frames.
usctimit_ema_f5_197 sil dh iy s m l ah p iy p w er m m hh aw t sil 
LOG (lattice-best-path[5.5.141~1-40a9d]:main():lattice-best-path.cc:99) For utterance usctimit_ema_f5_208, best cost 89.1803 + 2317.5 = 2406.68 over 373 frames.
usctimit_ema_f5_208 sil dh iy b iy p oy l ah l dh iy ow sh ah n sil 
LOG (lattice-best-path[5.5.141~1-40a9d]:main():lattice-best-path.cc:99) For utterance usctimit_ema_f5_233, best cost 201.589 + 4347.27 = 4548.85 over 648 frames.
usctimit_ema_f5_233 sil ae n iy ey b l iy sil r m ah b ah t l aw oy d eh k t ah n s eh t uw f r iy dh iy sil 
LOG (lattice-best-path[5.5.141~1-40a9d]:main():lattice-best-path.cc:99) For utterance usctimit_ema_f5_243, best cost 113.887 + 2357.7 = 2471.59 over 363 frames.
usctimit_ema_f5_243 sil er hh ao l d ey p r n dh iy l b l t ah z sil 
LOG (lattice-best-path[5.5.141~1-40a9d]:main():lattice-best-path.cc:99) For utterance usctimit_ema_f5_244, best cost 107.776 + 2684.85 = 2792.63 over 412 frames.
usctimit_ema_f5_244 sil dh iy t er f ah d p aw ah f ao r b eh d z sil 
LOG (lattice-best-path[5.5.141~1-40a9d]:main():lattice-best-path.cc:99) For utterance usctimit_ema_f5_272, best cost 117.002 + 2396.74 = 2513.74 over 364 frames.
usctimit_ema_f5_272 sil t ow f l z m ey t ah p aa s ah s oy b iy z sil 
LOG (lattice-best-path[5.5.141~1-40a9d]:main():lattice-best-path.cc:99) For utterance usctimit_ema_f5_281, best cost 182.875 + 3821.24 = 4004.11 over 565 frames.
usctimit_ema_f5_281 sil ay d ay er z ih s ah p l d iy w oy n f ao m ah p er k aa k ah n s ah b iy sil 
LOG (lattice-best-path[5.5.141~1-40a9d]:main():lattice-best-path.cc:99) For utterance usctimit_ema_f5_304, best cost 182.201 + 4363.19 = 4545.4 over 667 frames.
usctimit_ema_f5_304 sil g eh s aa p ay t iy m eh k w uh d ah n aa t ih z k oy n eh sh ah l f ao r z sil 
LOG (lattice-best-path[5.5.141~1-40a9d]:main():lattice-best-path.cc:99) For utterance usctimit_ema_f5_307, best cost 115.523 + 2671.66 = 2787.18 over 418 frames.
usctimit_ema_f5_307 sil t uw ch aa k ah t eh d ih g uw s p aw t l sil 
LOG (lattice-best-path[5.5.141~1-40a9d]:main():lattice-best-path.cc:99) For utterance usctimit_ema_f5_329, best cost 138.882 + 3278.89 = 3417.77 over 535 frames.
usctimit_ema_f5_329 sil ih k aw w aa n er f r m f r m ay n dh iy hh iy m ao s sil 
LOG (lattice-best-path[5.5.141~1-40a9d]:main():lattice-best-path.cc:99) For utterance usctimit_ema_f5_330, best cost 210.407 + 4192.59 = 4402.99 over 611 frames.
usctimit_ema_f5_330 sil iy t ah t ay m iy d ah m ao s k ow n s ay d dh iy b r ih k ae n iy z iy s ah s t ah m p r sil 
LOG (lattice-best-path[5.5.141~1-40a9d]:main():lattice-best-path.cc:99) For utterance usctimit_ema_f5_334, best cost 141.208 + 3498.59 = 3639.8 over 536 frames.
usctimit_ema_f5_334 sil w ey s k aa s t iy m iy b l ae k ae s t iy l d ae n sil 
LOG (lattice-best-path[5.5.141~1-40a9d]:main():lattice-best-path.cc:99) For utterance usctimit_ema_f5_336, best cost 127.314 + 2579.45 = 2706.77 over 396 frames.
usctimit_ema_f5_336 sil ae n oy s p aa n g er z m ao r n oy iy ch t ey sil 
LOG (lattice-best-path[5.5.141~1-40a9d]:main():lattice-best-path.cc:99) For utterance usctimit_ema_f5_343, best cost 129.587 + 3210.28 = 3339.87 over 506 frames.
usctimit_ema_f5_343 sil ah jh ah s ah jh ah n uw r k y uw aa jh k ah n z iy m sil 
LOG (lattice-best-path[5.5.141~1-40a9d]:main():lattice-best-path.cc:99) For utterance usctimit_ema_f5_348, best cost 124.148 + 2907.35 = 3031.5 over 455 frames.
usctimit_ema_f5_348 sil dh iy k aa t ih k ih sh eh p er ao r iy jh ah b ah d sil 
LOG (lattice-best-path[5.5.141~1-40a9d]:main():lattice-best-path.cc:99) For utterance usctimit_ema_f5_349, best cost 86.1458 + 2500.93 = 2587.07 over 405 frames.
usctimit_ema_f5_349 sil iy sh ah s k er f r jh oy z sil 
LOG (lattice-best-path[5.5.141~1-40a9d]:main():lattice-best-path.cc:99) For utterance usctimit_ema_f5_354, best cost 166.352 + 4373.16 = 4539.51 over 679 frames.
usctimit_ema_f5_354 w eh v er dh iy g r m ay t ah p eh sh ah m ay z ih z sil ah l d sil 
LOG (lattice-best-path[5.5.141~1-40a9d]:main():lattice-best-path.cc:99) For utterance usctimit_ema_f5_356, best cost 70.9807 + 1554.97 = 1625.95 over 219 frames.
usctimit_ema_f5_356 sil dh iy l ay k aa n dh iy l 
LOG (lattice-best-path[5.5.141~1-40a9d]:main():lattice-best-path.cc:99) For utterance usctimit_ema_f5_369, best cost 155.606 + 3392.67 = 3548.27 over 537 frames.
usctimit_ema_f5_369 sil dh er z ah jh ay ae t ih k w ao z ih k s t er ih ng dh iy t aa p ae t sil 
LOG (lattice-best-path[5.5.141~1-40a9d]:main():lattice-best-path.cc:99) For utterance usctimit_ema_f5_375, best cost 123.056 + 2867.09 = 2990.15 over 435 frames.
usctimit_ema_f5_375 sil ay er sh ah t er z iy ch er s p er ch er b r ah s sil 
LOG (lattice-best-path[5.5.141~1-40a9d]:main():lattice-best-path.cc:99) For utterance usctimit_ema_f5_389, best cost 183.54 + 3698.26 = 3881.8 over 553 frames.
usctimit_ema_f5_389 sil dh iy f ih ch er k m ey n dh iy t ih s t er k t iy z dh iy t uw s iy p iy t ih z sil 
LOG (lattice-best-path[5.5.141~1-40a9d]:main():lattice-best-path.cc:99) For utterance usctimit_ema_f5_392, best cost 156.503 + 3688.12 = 3844.62 over 574 frames.
usctimit_ema_f5_392 sil dh er ch ah n eh s t ah m p ay k ih k aa m z ih s ah s ah sh uw z sil 
LOG (lattice-best-path[5.5.141~1-40a9d]:main():lattice-best-path.cc:99) For utterance usctimit_ema_f5_396, best cost 185.36 + 3530.94 = 3716.3 over 518 frames.
usctimit_ema_f5_396 sil dh iy ae t ay z ih ng g er s t ah v p r m ah v er ay n iy s r ih v er ch ey n d ih z sil 
LOG (lattice-best-path[5.5.141~1-40a9d]:main():lattice-best-path.cc:99) For utterance usctimit_ema_f5_406, best cost 149.771 + 3358.6 = 3508.37 over 512 frames.
usctimit_ema_f5_406 sil dh iy s ih g ow f ao s ih l iy ow v ow b ay t ah ch ow n d iy z sil 
LOG (lattice-best-path[5.5.141~1-40a9d]:main():lattice-best-path.cc:99) For utterance usctimit_ema_f5_424, best cost 74.5889 + 2332.06 = 2406.65 over 379 frames.
usctimit_ema_f5_424 sil dh iy p iy p l d b iy ah n d sil 
LOG (lattice-best-path[5.5.141~1-40a9d]:main():lattice-best-path.cc:99) For utterance usctimit_ema_f5_426, best cost 96.0711 + 2405.22 = 2501.29 over 335 frames.
usctimit_ema_f5_426 sil dh iy z iy ow z ah l z ih s iy p iy ah 
LOG (lattice-best-path[5.5.141~1-40a9d]:main():lattice-best-path.cc:99) For utterance usctimit_ema_f5_431, best cost 133.472 + 2819.02 = 2952.49 over 427 frames.
usctimit_ema_f5_431 sil aa p aa f ao r ih z ey sh ah f ih k ae f ah n er z er z sil 
LOG (lattice-best-path[5.5.141~1-40a9d]:main():lattice-best-path.cc:99) For utterance usctimit_ema_f5_436, best cost 126.278 + 2698.04 = 2824.32 over 405 frames.
usctimit_ema_f5_436 sil hh er s p er th iy f r k l ey k er z ah n d ih ng sil 
LOG (lattice-best-path[5.5.141~1-40a9d]:main():lattice-best-path.cc:99) For utterance usctimit_ema_f5_438, best cost 159.843 + 3297.63 = 3457.47 over 498 frames.
usctimit_ema_f5_438 sil dh iy p ay ao t r ey m ao l ey n t ih k ah p iy z dh iy t r d ih sh ah n sil 
LOG (lattice-best-path[5.5.141~1-40a9d]:main():lattice-best-path.cc:99) For utterance usctimit_ema_f5_447, best cost 140.254 + 3532.04 = 3672.29 over 536 frames.
usctimit_ema_f5_447 sil r uw z iy n d ih s ay dh iy n dh iy s t iy s uw v er sil 
LOG (lattice-best-path[5.5.141~1-40a9d]:main():lattice-best-path.cc:99) For utterance usctimit_ema_f5_451, best cost 167.42 + 3692.94 = 3860.36 over 533 frames.
usctimit_ema_f5_451 sil t l iy ch l ih k ah s uw m ah n iy f er r l t ah m ah n s ih ng sil 
LOG (lattice-best-path[5.5.141~1-40a9d]:main():lattice-best-path.cc:99) For utterance usctimit_ema_m1_006, best cost 91.8105 + 2460.5 = 2552.31 over 381 frames.
usctimit_ema_m1_006 sil w ih l w ao r iy f r s l iy ae m z sil 
LOG (lattice-best-path[5.5.141~1-40a9d]:main():lattice-best-path.cc:99) For utterance usctimit_ema_m1_010, best cost 71.6448 + 1881.92 = 1953.57 over 306 frames.
usctimit_ema_m1_010 sil w ao r l w ao r iy l ih l iy sil 
LOG (lattice-best-path[5.5.141~1-40a9d]:main():lattice-best-path.cc:99) For utterance usctimit_ema_m1_012, best cost 127.899 + 2940.22 = 3068.12 over 456 frames.
usctimit_ema_m1_012 sil ao f er z ih z ih z ae m er v y uw v er f ao m ow 
LOG (lattice-best-path[5.5.141~1-40a9d]:main():lattice-best-path.cc:99) For utterance usctimit_ema_m1_051, best cost 118.412 + 2800.27 = 2918.69 over 421 frames.
usctimit_ema_m1_051 sil ih k aa k r iy sh ah l iy k r dh iy p ih sh iy ey d sil 
LOG (lattice-best-path[5.5.141~1-40a9d]:main():lattice-best-path.cc:99) For utterance usctimit_ema_m1_090, best cost 110.787 + 2324.1 = 2434.89 over 356 frames.
usctimit_ema_m1_090 sil y uw m ah s ih s ah s ah l iy b ah l iy f ay l z sil 
LOG (lattice-best-path[5.5.141~1-40a9d]:main():lattice-best-path.cc:99) For utterance usctimit_ema_m1_095, best cost 127.047 + 2725.61 = 2852.66 over 420 frames.
usctimit_ema_m1_095 sil dh iy b eh s w ey t l er z s ah l ch er p r aa b l z sil 
LOG (lattice-best-path[5.5.141~1-40a9d]:main():lattice-best-path.cc:99) For utterance usctimit_ema_m1_098, best cost 106.86 + 2636.16 = 2743.02 over 421 frames.
usctimit_ema_m1_098 sil ah m ah s y uw r ae n s k ih f r iy b ae t sil 
LOG (lattice-best-path[5.5.141~1-40a9d]:main():lattice-best-path.cc:99) For utterance usctimit_ema_m1_099, best cost 133.162 + 3051.95 = 3185.12 over 495 frames.
usctimit_ema_m1_099 sil dh iy k aa t uw f iy ch er z ah m ah s p r ae k ah t ae p l sil 
LOG (lattice-best-path[5.5.141~1-40a9d]:main():lattice-best-path.cc:99) For utterance usctimit_ema_m1_137, best cost 155.708 + 3213.18 = 3368.89 over 499 frames.
usctimit_ema_m1_137 sil k l th ih k ae k ah t uw z jh eh jh p ay s t ae n er ay s t ae s sil 
LOG (lattice-best-path[5.5.141~1-40a9d]:main():lattice-best-path.cc:99) For utterance usctimit_ema_m1_139, best cost 125.776 + 3511.37 = 3637.15 over 571 frames.
usctimit_ema_m1_139 sil w er k t ey t m ah ch k ao r iy n s aw n z ay z sil 
LOG (lattice-best-path[5.5.141~1-40a9d]:main():lattice-best-path.cc:99) For utterance usctimit_ema_m1_145, best cost 171.795 + 3561.2 = 3733 over 546 frames.
usctimit_ema_m1_145 sil eh s p r k aa sh ah n iy l w ao z b ay b ah n hh aw er f r ah s t aa k l sil 
LOG (lattice-best-path[5.5.141~1-40a9d]:main():lattice-best-path.cc:99) For utterance usctimit_ema_m1_158, best cost 174.491 + 3628.29 = 3802.78 over 573 frames.
usctimit_ema_m1_158 sil b ay n f er b r k ao r f r k ao r s t w ih sh ah n ah n eh k s p r t iy z sil 
LOG (lattice-best-path[5.5.141~1-40a9d]:main():lattice-best-path.cc:99) For utterance usctimit_ema_m1_160, best cost 168.984 + 3323.07 = 3492.06 over 512 frames.
usctimit_ema_m1_160 sil ch ih ng k er ch er ch ah l ah n t ah m ey t eh r ow hh aw w ih ng k aa s t uw sil 
LOG (lattice-best-path[5.5.141~1-40a9d]:main():lattice-best-path.cc:99) For utterance usctimit_ema_m1_162, best cost 123.706 + 3158.08 = 3281.79 over 506 frames.
usctimit_ema_m1_162 sil ah m ao z ah l k ah l d ih z ah n ow k ow ch ey sh ah l sil 
LOG (lattice-best-path[5.5.141~1-40a9d]:main():lattice-best-path.cc:99) For utterance usctimit_ema_m1_164, best cost 70.0653 + 2528.48 = 2598.54 over 407 frames.
usctimit_ema_m1_164 sil hh ih k uw z aa n t uw sil 
LOG (lattice-best-path[5.5.141~1-40a9d]:main():lattice-best-path.cc:99) For utterance usctimit_ema_m1_166, best cost 84.2763 + 2297.25 = 2381.53 over 380 frames.
usctimit_ema_m1_166 sil dh iy k ae t iy l z hh er w iy er z sil 
LOG (lattice-best-path[5.5.141~1-40a9d]:main():lattice-best-path.cc:99) For utterance usctimit_ema_m1_169, best cost 79.962 + 2063.95 = 2143.91 over 346 frames.
usctimit_ema_m1_169 sil dh iy aa f r g ow aw n iy d ih ng sil 
LOG (lattice-best-path[5.5.141~1-40a9d]:main():lattice-best-path.cc:99) For utterance usctimit_ema_m1_179, best cost 97.3452 + 2246.07 = 2343.42 over 365 frames.
usctimit_ema_m1_179 sil k aa r iy ch k r f ah n uw ae k s ih z sil 
LOG (lattice-best-path[5.5.141~1-40a9d]:main():lattice-best-path.cc:99) For utterance usctimit_ema_m1_183, best cost 128.249 + 3319.25 = 3447.5 over 544 frames.
usctimit_ema_m1_183 sil ah p r ch er ch er v iy l s ae ch uw s k p ow zh er sil 
LOG (lattice-best-path[5.5.141~1-40a9d]:main():lattice-best-path.cc:99) For utterance usctimit_ema_m1_193, best cost 161.842 + 3394.71 = 3556.55 over 545 frames.
usctimit_ema_m1_193 sil ay d ey ah n s er v er ch oy z ih z ah m ah p ah n t ae t p ay ao r iy z sil 
LOG (lattice-best-path[5.5.141~1-40a9d]:main():lattice-best-path.cc:99) For utterance usctimit_ema_m1_204, best cost 76.1162 + 2051.94 = 2128.06 over 353 frames.
usctimit_ema_m1_204 sil hh aa g uh d ih jh er n d er z sil 
LOG (lattice-best-path[5.5.141~1-40a9d]:main():lattice-best-path.cc:99) For utterance usctimit_ema_m1_209, best cost 70.467 + 2079.91 = 2150.38 over 352 frames.
usctimit_ema_m1_209 sil w ih l th ih f er p oy n sil 
LOG (lattice-best-path[5.5.141~1-40a9d]:main():lattice-best-path.cc:99) For utterance usctimit_ema_m1_224, best cost 101.516 + 2509.36 = 2610.88 over 406 frames.
usctimit_ema_m1_224 sil ay ey t ah f r oy s t er n ao z p l iy sil 
LOG (lattice-best-path[5.5.141~1-40a9d]:main():lattice-best-path.cc:99) For utterance usctimit_ema_m1_229, best cost 113.491 + 2471.11 = 2584.6 over 395 frames.
usctimit_ema_m1_229 sil m ay dh iy w ih ng ih g ah n s ah hh aa k aa f iy sil 
LOG (lattice-best-path[5.5.141~1-40a9d]:main():lattice-best-path.cc:99) For utterance usctimit_ema_m1_237, best cost 120.282 + 2901.58 = 3021.86 over 450 frames.
usctimit_ema_m1_237 sil w ih s aa p iy t ay m iy ay s k l z b l ow f sil 
LOG (lattice-best-path[5.5.141~1-40a9d]:main():lattice-best-path.cc:99) For utterance usctimit_ema_m1_265, best cost 139.842 + 3015.7 = 3155.54 over 470 frames.
usctimit_ema_m1_265 sil p iy t ey t ih s t er iy t ih v p aa t uw k n z f ao r iy sil 
LOG (lattice-best-path[5.5.141~1-40a9d]:main():lattice-best-path.cc:99) For utterance usctimit_ema_m1_269, best cost 129.356 + 2967.39 = 3096.75 over 491 frames.
usctimit_ema_m1_269 sil ay b r ah m ah p ay dh ow sh uw z ah b iy v er ch er ch sil 
LOG (lattice-best-path[5.5.141~1-40a9d]:main():lattice-best-path.cc:99) For utterance usctimit_ema_m1_277, best cost 93.6507 + 2008.44 = 2102.09 over 337 frames.
usctimit_ema_m1_277 sil dh iy m iy ih ng dh ih z aw er jh er n z sil 
LOG (lattice-best-path[5.5.141~1-40a9d]:main():lattice-best-path.cc:99) For utterance usctimit_ema_m1_302, best cost 193.78 + 4601.23 = 4795.01 over 706 frames.
usctimit_ema_m1_302 sil ah l ah n aa t ah l m ey l ah t uw s t iy k ah n aa s uw b l f r iy sh ah l f ey sh 
LOG (lattice-best-path[5.5.141~1-40a9d]:main():lattice-best-path.cc:99) For utterance usctimit_ema_m1_303, best cost 117.557 + 2520.22 = 2637.78 over 415 frames.
usctimit_ema_m1_303 sil aa f ah n iy g ah p ae k ao ih n iy p uh d ey n sil 
LOG (lattice-best-path[5.5.141~1-40a9d]:main():lattice-best-path.cc:99) For utterance usctimit_ema_m1_317, best cost 176.505 + 4477.4 = 4653.91 over 731 frames.
usctimit_ema_m1_317 sil dh iy w ao f iy t ay k uw s w er sh ah n b aa p ow th ih g aa ae n s t uw er sil 
LOG (lattice-best-path[5.5.141~1-40a9d]:main():lattice-best-path.cc:99) For utterance usctimit_ema_m1_320, best cost 131.861 + 2892.03 = 3023.89 over 468 frames.
usctimit_ema_m1_320 sil dh iy k aa s ao r w ay n jh oy d ih sh ah l f ih sh t ih sh sil 
LOG (lattice-best-path[5.5.141~1-40a9d]:main():lattice-best-path.cc:99) For utterance usctimit_ema_m1_322, best cost 112.755 + 2546.46 = 2659.22 over 422 frames.
usctimit_ema_m1_322 sil ah l f ah n z aa n t l d r iy n ae m l z sil 
LOG (lattice-best-path[5.5.141~1-40a9d]:main():lattice-best-path.cc:99) For utterance usctimit_ema_m1_336, best cost 135.142 + 3040.25 = 3175.4 over 475 frames.
usctimit_ema_m1_336 sil dh ae n oy s p r ah m g ow z r ow z m ao r w iy ch ey sil 
LOG (lattice-best-path[5.5.141~1-40a9d]:main():lattice-best-path.cc:99) For utterance usctimit_ema_m1_338, best cost 132.849 + 3119.59 = 3252.44 over 511 frames.
usctimit_ema_m1_338 sil ae t ay d r m ey k s ah n z ah l iy f er m ah s eh v iy sil 
LOG (lattice-best-path[5.5.141~1-40a9d]:main():lattice-best-path.cc:99) For utterance usctimit_ema_m1_340, best cost 98.1656 + 1989.65 = 2087.81 over 316 frames.
usctimit_ema_m1_340 sil jh ao ng k ih ng sh ah l f ih f ao l ih ng sil 
LOG (lattice-best-path[5.5.141~1-40a9d]:main():lattice-best-path.cc:99) For utterance usctimit_ema_m1_344, best cost 132.192 + 2708.51 = 2840.71 over 454 frames.
usctimit_ema_m1_344 sil hh ae m b ih z r ay v ih ng l s ah n t ah n dh er z ey z sil 
LOG (lattice-best-path[5.5.141~1-40a9d]:main():lattice-best-path.cc:99) For utterance usctimit_ema_m1_347, best cost 129.693 + 3011.87 = 3141.56 over 467 frames.
usctimit_ema_m1_347 sil t er z p er w ih b aa p ah f uw sh er k ae sh ah jh sil 
LOG (lattice-best-path[5.5.141~1-40a9d]:main():lattice-best-path.cc:99) For utterance usctimit_ema_m1_350, best cost 112.553 + 2133.8 = 2246.35 over 337 frames.
usctimit_ema_m1_350 sil ih sh ah l er f ah l z ih v er w ah b er p ah n sil 
LOG (lattice-best-path[5.5.141~1-40a9d]:main():lattice-best-path.cc:99) For utterance usctimit_ema_m1_360, best cost 164.837 + 3316.62 = 3481.46 over 500 frames.
usctimit_ema_m1_360 sil dh iy f ih sh iy ae z ah l iy f r t ih k l iy l s er f ih s ah s m l iy sil 
LOG (lattice-best-path[5.5.141~1-40a9d]:main():lattice-best-path.cc:99) For utterance usctimit_ema_m1_361, best cost 126.523 + 2444.9 = 2571.42 over 383 frames.
usctimit_ema_m1_361 sil t ih n t ey sh iy l th ih s iy m uw dh iy s w ih s w iy sil 
LOG (lattice-best-path[5.5.141~1-40a9d]:main():lattice-best-path.cc:99) For utterance usctimit_ema_m1_367, best cost 121.527 + 2995.58 = 3117.11 over 492 frames.
usctimit_ema_m1_367 sil b aa b er p ey p er m iy s ah b iy b aa f ay er sil 
LOG (lattice-best-path[5.5.141~1-40a9d]:main():lattice-best-path.cc:99) For utterance usctimit_ema_m1_368, best cost 111.847 + 2958.35 = 3070.2 over 474 frames.
usctimit_ema_m1_368 sil k ao sh ah v er hh ae v ow t uw f ih sh ah jh sil 
LOG (lattice-best-path[5.5.141~1-40a9d]:main():lattice-best-path.cc:99) For utterance usctimit_ema_m1_375, best cost 139.849 + 2961.58 = 3101.43 over 464 frames.
usctimit_ema_m1_375 sil ay r sh ow ch er z iy f r jh t ah p er s er b r k ah z sil 
LOG (lattice-best-path[5.5.141~1-40a9d]:main():lattice-best-path.cc:99) For utterance usctimit_ema_m1_394, best cost 142.386 + 3467.33 = 3609.72 over 547 frames.
usctimit_ema_m1_394 sil dh iy z ah g r s ah p l iy s ah n t f ay k aa t s m ow v er z sil 
LOG (lattice-best-path[5.5.141~1-40a9d]:main():lattice-best-path.cc:99) For utterance usctimit_ema_m1_400, best cost 126.619 + 2465.87 = 2592.49 over 382 frames.
usctimit_ema_m1_400 sil w ih z ah s l aa r ch eh ng b ay dh iy aa r ih ng ao r sil 
LOG (lattice-best-path[5.5.141~1-40a9d]:main():lattice-best-path.cc:99) For utterance usctimit_ema_m1_432, best cost 55.0833 + 1707.48 = 1762.57 over 285 frames.
usctimit_ema_m1_432 sil l l iy w ey er sil 
LOG (lattice-best-path[5.5.141~1-40a9d]:main():lattice-best-path.cc:99) For utterance usctimit_ema_m3_010, best cost 69.9771 + 2035.02 = 2105 over 327 frames.
usctimit_ema_m3_010 sil w ao r aa r w er y ah l iy sil 
LOG (lattice-best-path[5.5.141~1-40a9d]:main():lattice-best-path.cc:99) For utterance usctimit_ema_m3_044, best cost 109.348 + 3164.28 = 3273.63 over 472 frames.
usctimit_ema_m3_044 sil l ay k ah v iy k ah p aa d eh t r d ah z sil 
LOG (lattice-best-path[5.5.141~1-40a9d]:main():lattice-best-path.cc:99) For utterance usctimit_ema_m3_068, best cost 107.024 + 2773.49 = 2880.52 over 441 frames.
usctimit_ema_m3_068 sil dh iy s ah p aa s l g ow p y aa p er s iy sil 
LOG (lattice-best-path[5.5.141~1-40a9d]:main():lattice-best-path.cc:99) For utterance usctimit_ema_m3_071, best cost 134.351 + 3007.58 = 3141.94 over 439 frames.
usctimit_ema_m3_071 sil k aa p r ih sh ah m ao z ah n ih s t ae n iy l iy dh iy s iy sil 
LOG (lattice-best-path[5.5.141~1-40a9d]:main():lattice-best-path.cc:99) For utterance usctimit_ema_m3_080, best cost 124.4 + 3001.21 = 3125.61 over 411 frames.
usctimit_ema_m3_080 sil ih g ow z ae l iy zh er ch aa k ah k ao r t ay l z sil 
LOG (lattice-best-path[5.5.141~1-40a9d]:main():lattice-best-path.cc:99) For utterance usctimit_ema_m3_101, best cost 92.5066 + 2095.52 = 2188.03 over 307 frames.
usctimit_ema_m3_101 sil k ae f ih s er w ih ng ao f t ey n t sil 
LOG (lattice-best-path[5.5.141~1-40a9d]:main():lattice-best-path.cc:99) For utterance usctimit_ema_m3_113, best cost 100.501 + 2476.2 = 2576.7 over 382 frames.
usctimit_ema_m3_113 sil w aa t ah f ao r m uw z ah s ah t eh l z sil 
LOG (lattice-best-path[5.5.141~1-40a9d]:main():lattice-best-path.cc:99) For utterance usctimit_ema_m3_129, best cost 110.597 + 2645.93 = 2756.53 over 411 frames.
usctimit_ema_m3_129 sil t uw m ay t er ae s ih k ah g y ah n ch aa l sil 
LOG (lattice-best-path[5.5.141~1-40a9d]:main():lattice-best-path.cc:99) For utterance usctimit_ema_m3_141, best cost 102.899 + 2414.65 = 2517.55 over 354 frames.
usctimit_ema_m3_141 sil r m ow ih s ah n d w ih th er t iy z ah z sil 
LOG (lattice-best-path[5.5.141~1-40a9d]:main():lattice-best-path.cc:99) For utterance usctimit_ema_m3_147, best cost 105.335 + 2819.12 = 2924.46 over 438 frames.
usctimit_ema_m3_147 sil dh er m ey n ay f ao f r ae n d b ae n z sil 
LOG (lattice-best-path[5.5.141~1-40a9d]:main():lattice-best-path.cc:99) For utterance usctimit_ema_m3_192, best cost 122.721 + 2835.55 = 2958.27 over 428 frames.
usctimit_ema_m3_192 sil ah l d b eh s p eh sh ah jh oy p aa g w eh r iy sil 
LOG (lattice-best-path[5.5.141~1-40a9d]:main():lattice-best-path.cc:99) For utterance usctimit_ema_m3_203, best cost 114.59 + 2651.88 = 2766.47 over 419 frames.
usctimit_ema_m3_203 sil dh iy p ah b ah jh ah b aa t ey b ow m ah g r ow zh sil 
LOG (lattice-best-path[5.5.141~1-40a9d]:main():lattice-best-path.cc:99) For utterance usctimit_ema_m3_260, best cost 140.62 + 2923.22 = 3063.84 over 446 frames.
usctimit_ema_m3_260 sil r f ay z eh k aw m ay n b ay ah n er b r ow sh ah n ae l sil 
LOG (lattice-best-path[5.5.141~1-40a9d]:main():lattice-best-path.cc:99) For utterance usctimit_ema_m3_267, best cost 119.76 + 3331.76 = 3451.52 over 519 frames.
usctimit_ema_m3_267 sil ih s k ae k ah s m ao r l ae v er ey n iy t uw sil 
LOG (lattice-best-path[5.5.141~1-40a9d]:main():lattice-best-path.cc:99) For utterance usctimit_ema_m3_282, best cost 181.918 + 4326.6 = 4508.51 over 657 frames.
usctimit_ema_m3_282 sil dh iy ae t er z ah b iy s ih f ao r ey t iy th ih g ah n t er k er f l iy f r s sil 
LOG (lattice-best-path[5.5.141~1-40a9d]:main():lattice-best-path.cc:99) For utterance usctimit_ema_m3_300, best cost 107.618 + 2892.42 = 3000.04 over 450 frames.
usctimit_ema_m3_300 sil dh iy b ih g aa l ah t uw aa n iy l ay d ao l sil 
LOG (lattice-best-path[5.5.141~1-40a9d]:main():lattice-best-path.cc:99) For utterance usctimit_ema_m3_316, best cost 186.106 + 3841.79 = 4027.89 over 569 frames.
usctimit_ema_m3_316 sil dh iy p r iy s ow k ah n r oy s er f y l ih z ah b iy m er d z ih d ih sh ah n z sil 
LOG (lattice-best-path[5.5.141~1-40a9d]:main():lattice-best-path.cc:99) For utterance usctimit_ema_m3_320, best cost 118.14 + 2915.08 = 3033.22 over 447 frames.
usctimit_ema_m3_320 sil ah k aa s ao r ow n jh oy ih sh ah l th ih sh ih sh sil 
LOG (lattice-best-path[5.5.141~1-40a9d]:main():lattice-best-path.cc:99) For utterance usctimit_ema_m3_335, best cost 107.185 + 3082.28 = 3189.46 over 449 frames.
usctimit_ema_m3_335 sil b aa p ih r ow l r ow dh iy er n er z sil 
LOG (lattice-best-path[5.5.141~1-40a9d]:main():lattice-best-path.cc:99) For utterance usctimit_ema_m3_336, best cost 120.241 + 2518.78 = 2639.02 over 372 frames.
usctimit_ema_m3_336 sil ae n oy z aa m er z m ao n oy n iy ch b eh n sil 
LOG (lattice-best-path[5.5.141~1-40a9d]:main():lattice-best-path.cc:99) For utterance usctimit_ema_m3_338, best cost 131.215 + 3198.13 = 3329.34 over 500 frames.
usctimit_ema_m3_338 sil dh eh d ay r eh m ey s ah n s l ae t er m ah ch ah b iy sil 
LOG (lattice-best-path[5.5.141~1-40a9d]:main():lattice-best-path.cc:99) For utterance usctimit_ema_m3_339, best cost 105.34 + 2679.3 = 2784.64 over 423 frames.
usctimit_ema_m3_339 sil ah b ao r n aa l ah s ah p er s ih ng g l sil 
LOG (lattice-best-path[5.5.141~1-40a9d]:main():lattice-best-path.cc:99) For utterance usctimit_ema_m3_357, best cost 122.658 + 3107.86 = 3230.52 over 462 frames.
usctimit_ema_m3_357 sil ah m aw s k ae f r ih k r s iy l ih s t iy d sil 
LOG (lattice-best-path[5.5.141~1-40a9d]:main():lattice-best-path.cc:99) For utterance usctimit_ema_m3_359, best cost 105.466 + 2556.32 = 2661.79 over 389 frames.
usctimit_ema_m3_359 sil k aw s ih m ey t ow n z n t iy s r l sil 
LOG (lattice-best-path[5.5.141~1-40a9d]:main():lattice-best-path.cc:99) For utterance usctimit_ema_m3_379, best cost 124.018 + 3165.91 = 3289.93 over 477 frames.
usctimit_ema_m3_379 sil ay er s ih s ih z uw z l ah n s t ae sh iy p er z sil 
LOG (lattice-best-path[5.5.141~1-40a9d]:main():lattice-best-path.cc:99) For utterance usctimit_ema_m3_385, best cost 110.758 + 2258.77 = 2369.53 over 354 frames.
usctimit_ema_m3_385 sil eh v ih k ae m iy t ih p ey d ih g aa f ah n sil 
LOG (lattice-best-path[5.5.141~1-40a9d]:main():lattice-best-path.cc:99) For utterance usctimit_ema_m3_390, best cost 137.559 + 2905.82 = 3043.38 over 428 frames.
usctimit_ema_m3_390 sil dh iy ow w ey ch aa r k ih s ah p oy z ih d ih l n s t iy sil 
LOG (lattice-best-path[5.5.141~1-40a9d]:main():lattice-best-path.cc:99) For utterance usctimit_ema_m3_423, best cost 145.002 + 3324.72 = 3469.73 over 495 frames.
usctimit_ema_m3_423 sil dh iy g ow z ah f r t ow s aa r ae t ow sh er sh ah n ah f r sil 
LOG (lattice-best-path[5.5.141~1-40a9d]:main():lattice-best-path.cc:99) For utterance usctimit_ema_m3_434, best cost 69.7657 + 1805.15 = 1874.91 over 285 frames.
usctimit_ema_m3_434 sil r eh sh l ay z ah l er z sil 
LOG (lattice-best-path[5.5.141~1-40a9d]:main():lattice-best-path.cc:99) For utterance usctimit_ema_m3_438, best cost 153.965 + 3302.75 = 3456.72 over 495 frames.
usctimit_ema_m3_438 sil dh iy p ay aa t er m aa l ih n t ih k ah p y uw s iy t er k ih sh ah n sil 
LOG (lattice-best-path[5.5.141~1-40a9d]:main():lattice-best-path.cc:99) For utterance usctimit_ema_m3_442, best cost 111.967 + 2612.83 = 2724.8 over 404 frames.
usctimit_ema_m3_442 sil w ih p l iy ch iy s p ah d ih t uw ih s p r iy sil 
LOG (lattice-best-path[5.5.141~1-40a9d]:main():lattice-best-path.cc:99) For utterance usctimit_ema_m3_444, best cost 172.367 + 3976.95 = 4149.31 over 603 frames.
usctimit_ema_m3_444 sil r aa m ey ae g r ey n uw aa sh uh d ih n er ah n s p r iy p ay f r z er sil 
LOG (lattice-best-path[5.5.141~1-40a9d]:main():lattice-best-path.cc:99) For utterance usctimit_ema_m3_457, best cost 168.799 + 3622.18 = 3790.97 over 560 frames.
usctimit_ema_m3_457 sil k aa th iy z g r ah n s iy jh ah m l ih k s ow s ah n t ah b r s ah n z sil 
LOG (lattice-best-path[5.5.141~1-40a9d]:main():lattice-best-path.cc:99) For utterance usctimit_ema_m3_458, best cost 151.563 + 3513.6 = 3665.17 over 535 frames.
usctimit_ema_m3_458 sil dh eh s ih ng ey p r w ih s k aa b ay k w ay d ey p er z ey sh t sil 
LOG (lattice-scale[5.5.141~1-40a9d]:main():lattice-scale.cc:107) Done 183 lattices.
LOG (lattice-best-path[5.5.141~1-40a9d]:main():lattice-best-path.cc:99) For utterance usctimit_ema_m3_460, best cost 82.1021 + 3118.23 = 3200.33 over 497 frames.
usctimit_ema_m3_460 sil w ih ch iy eh sh ah l ey t uw z sil 
LOG (lattice-add-penalty[5.5.141~1-40a9d]:main():lattice-add-penalty.cc:62) Done adding word insertion penalty to 183 lattices.
LOG (lattice-best-path[5.5.141~1-40a9d]:main():lattice-best-path.cc:124) Overall cost per frame is 6.6727 = 0.270564 [graph] + 6.40214 [acoustic] over 81821 frames.
LOG (lattice-best-path[5.5.141~1-40a9d]:main():lattice-best-path.cc:128) Done 183 lattices, failed for 0
# Accounting: time=6 threads=1
# Ended (code 0) at Mon Dec 24 21:09:53 EET 2018, elapsed time 6 seconds
