# lattice-scale --inv-acoustic-scale=8 "ark:gunzip -c exp/bg/mono/decode/lat.*.gz|" ark:- | lattice-add-penalty --word-ins-penalty=1.0 ark:- ark:- | lattice-best-path --word-symbol-table=exp/bg/mono/graph/words.txt ark:- ark,t:- | utils/int2sym.pl -f 2- exp/bg/mono/graph/words.txt | cat > exp/bg/mono/decode/scoring_kaldi/penalty_1.0/8.txt 
# Started at Mon Dec 24 21:09:30 EET 2018
#
lattice-best-path --word-symbol-table=exp/bg/mono/graph/words.txt ark:- ark,t:- 
lattice-scale --inv-acoustic-scale=8 'ark:gunzip -c exp/bg/mono/decode/lat.*.gz|' ark:- 
lattice-add-penalty --word-ins-penalty=1.0 ark:- ark:- 
LOG (lattice-best-path[5.5.141~1-40a9d]:main():lattice-best-path.cc:99) For utterance usctimit_ema_f1_021, best cost 81.1235 + 2946.97 = 3028.09 over 290 frames.
usctimit_ema_f1_021 sil aa m iy l ay er z ah l ah n er z sil 
LOG (lattice-best-path[5.5.141~1-40a9d]:main():lattice-best-path.cc:99) For utterance usctimit_ema_f1_028, best cost 153.818 + 5173.09 = 5326.91 over 499 frames.
usctimit_ema_f1_028 sil l ih z ah m ao z ih k aa p ah t er d ih s ah t ey p aa p y uw aa r ey sil 
LOG (lattice-best-path[5.5.141~1-40a9d]:main():lattice-best-path.cc:99) For utterance usctimit_ema_f1_031, best cost 143.584 + 4143.73 = 4287.32 over 395 frames.
usctimit_ema_f1_031 sil eh s ah l p r ih s l w ih z ih g r jh uw ey sh ah n hh er z ah n sil 
LOG (lattice-best-path[5.5.141~1-40a9d]:main():lattice-best-path.cc:99) For utterance usctimit_ema_f1_052, best cost 145.025 + 4518.86 = 4663.89 over 431 frames.
usctimit_ema_f1_052 sil hh aa s ah n ah l ch eh k t uw z ch iy l aa jh ih k ah f iy r iy sil 
LOG (lattice-best-path[5.5.141~1-40a9d]:main():lattice-best-path.cc:99) For utterance usctimit_ema_f1_054, best cost 113.296 + 3858.42 = 3971.71 over 382 frames.
usctimit_ema_f1_054 sil ch aa n t iy ch t eh n l z n t ah l ih sh ah n z sil 
LOG (lattice-best-path[5.5.141~1-40a9d]:main():lattice-best-path.cc:99) For utterance usctimit_ema_f1_072, best cost 117.649 + 4003.67 = 4121.32 over 403 frames.
usctimit_ema_f1_072 sil s ah n ih z eh v er d ih ng f y uw b ih k y er k s sil 
LOG (lattice-best-path[5.5.141~1-40a9d]:main():lattice-best-path.cc:99) For utterance usctimit_ema_f1_078, best cost 123.109 + 4471.85 = 4594.96 over 447 frames.
usctimit_ema_f1_078 sil ah l eh t hh aa s ah l iy z w aa s ah p ay n s ih z sil 
LOG (lattice-best-path[5.5.141~1-40a9d]:main():lattice-best-path.cc:99) For utterance usctimit_ema_f1_090, best cost 112.412 + 3584.04 = 3696.46 over 353 frames.
usctimit_ema_f1_090 sil y uw m ao z ih k s ah s ah l iy d ah l iy f ay l z sil 
LOG (lattice-best-path[5.5.141~1-40a9d]:main():lattice-best-path.cc:99) For utterance usctimit_ema_f1_105, best cost 155.232 + 4916.96 = 5072.19 over 461 frames.
usctimit_ema_f1_105 sil dh ih k ey ow n iy b aa p ae k ae n hh ay iy aw p r oy l ae m ow z sil 
LOG (lattice-best-path[5.5.141~1-40a9d]:main():lattice-best-path.cc:99) For utterance usctimit_ema_f1_108, best cost 138.292 + 4772.09 = 4910.38 over 458 frames.
usctimit_ema_f1_108 sil dh iy s ih jh eh v er z m ey f r f aa p eh n aa r n jh iy z sil 
LOG (lattice-best-path[5.5.141~1-40a9d]:main():lattice-best-path.cc:99) For utterance usctimit_ema_f1_111, best cost 117.473 + 3461.2 = 3578.68 over 329 frames.
usctimit_ema_f1_111 sil p aa r ih z ih sh ow n t ah l ah s ih z ih z f r iy l sil 
LOG (lattice-best-path[5.5.141~1-40a9d]:main():lattice-best-path.cc:99) For utterance usctimit_ema_f1_115, best cost 96.8814 + 3679.02 = 3775.9 over 355 frames.
usctimit_ema_f1_115 sil dh iy f ao r ae ch eh s ah v r eh k eh z sil 
LOG (lattice-best-path[5.5.141~1-40a9d]:main():lattice-best-path.cc:99) For utterance usctimit_ema_f1_123, best cost 144.74 + 5017.42 = 5162.16 over 492 frames.
usctimit_ema_f1_123 sil dh iy b ah n l l s p ow z ah l ih z ih ch iy y ah d ih sh ao r er sil 
LOG (lattice-best-path[5.5.141~1-40a9d]:main():lattice-best-path.cc:99) For utterance usctimit_ema_f1_126, best cost 142.854 + 4580.1 = 4722.96 over 432 frames.
usctimit_ema_f1_126 sil w ih sh ao aa k ah l z ow p ey ih n ey k aa f ih k ey sh ah n sil 
LOG (lattice-best-path[5.5.141~1-40a9d]:main():lattice-best-path.cc:99) For utterance usctimit_ema_f1_134, best cost 104.846 + 4076.87 = 4181.71 over 416 frames.
usctimit_ema_f1_134 sil dh iy m iy z k ih z ey n ih z ae s ih z ih k sil 
LOG (lattice-best-path[5.5.141~1-40a9d]:main():lattice-best-path.cc:99) For utterance usctimit_ema_f1_153, best cost 203.687 + 6374.22 = 6577.91 over 618 frames.
usctimit_ema_f1_153 sil dh ih m ay ng iy l p eh s ah s aw er d z ih p iy b l s ah v ih ng ey sh ah n d r oy n z sil 
LOG (lattice-best-path[5.5.141~1-40a9d]:main():lattice-best-path.cc:99) For utterance usctimit_ema_f1_162, best cost 122.138 + 4884.69 = 5006.83 over 486 frames.
usctimit_ema_f1_162 sil ah s ah l k aa l d ih z ah n aw k oy d ey sh ah m sil 
LOG (lattice-best-path[5.5.141~1-40a9d]:main():lattice-best-path.cc:99) For utterance usctimit_ema_f1_170, best cost 149.957 + 4647.71 = 4797.67 over 459 frames.
usctimit_ema_f1_170 sil p l aa p er ay s dh iy aa m ah m ah d ih d ih k s p eh s ih k aw m sil 
LOG (lattice-best-path[5.5.141~1-40a9d]:main():lattice-best-path.cc:99) For utterance usctimit_ema_f1_198, best cost 87.6901 + 3550.09 = 3637.78 over 368 frames.
usctimit_ema_f1_198 sil hh aa p r m ah n ay v eh r eh k er z sil 
LOG (lattice-best-path[5.5.141~1-40a9d]:main():lattice-best-path.cc:99) For utterance usctimit_ema_f1_209, best cost 87.0694 + 3340.04 = 3427.11 over 339 frames.
usctimit_ema_f1_209 sil k r iy l k ih ng r m p oy n ae n sil 
LOG (lattice-best-path[5.5.141~1-40a9d]:main():lattice-best-path.cc:99) For utterance usctimit_ema_f1_213, best cost 94.2404 + 3710.55 = 3804.79 over 358 frames.
usctimit_ema_f1_213 sil ay ah m ay z aa k aw t ay ey n s ih ng sil 
LOG (lattice-best-path[5.5.141~1-40a9d]:main():lattice-best-path.cc:99) For utterance usctimit_ema_f1_227, best cost 114.448 + 3835.47 = 3949.92 over 386 frames.
usctimit_ema_f1_227 sil b ay iy d ih ng y ow t r y uw m ey l w ao t er sil 
LOG (lattice-best-path[5.5.141~1-40a9d]:main():lattice-best-path.cc:99) For utterance usctimit_ema_f1_236, best cost 120.096 + 3631.69 = 3751.79 over 358 frames.
usctimit_ema_f1_236 sil hh aw oy l ey t y uw w ay d ih s ah l ih th r eh s ih ng sil 
LOG (lattice-best-path[5.5.141~1-40a9d]:main():lattice-best-path.cc:99) For utterance usctimit_ema_f1_239, best cost 113.379 + 4054.73 = 4168.11 over 412 frames.
usctimit_ema_f1_239 sil w ih k r ao aa m ey z m ah ch aa n iy z ah n iy sil 
LOG (lattice-best-path[5.5.141~1-40a9d]:main():lattice-best-path.cc:99) For utterance usctimit_ema_f1_242, best cost 112.247 + 3594.64 = 3706.89 over 356 frames.
usctimit_ema_f1_242 sil t uw ey t ih k ah g ow f ao r m ih z w ao r ow s sil 
LOG (lattice-best-path[5.5.141~1-40a9d]:main():lattice-best-path.cc:99) For utterance usctimit_ema_f1_244, best cost 124.059 + 4061.59 = 4185.65 over 398 frames.
usctimit_ema_f1_244 sil dh iy p eh v ah n aa s ih k ow f r d ih f aw er b eh n z sil 
LOG (lattice-best-path[5.5.141~1-40a9d]:main():lattice-best-path.cc:99) For utterance usctimit_ema_f1_250, best cost 84.6515 + 3328.11 = 3412.76 over 346 frames.
usctimit_ema_f1_250 sil dh iy m eh s er s aa sh ah l s w iy sil 
LOG (lattice-best-path[5.5.141~1-40a9d]:main():lattice-best-path.cc:99) For utterance usctimit_ema_f1_252, best cost 182.541 + 5654.45 = 5836.99 over 550 frames.
usctimit_ema_f1_252 sil hh aa s ah b ah l d iy t uw w ao r w ih th aw t uw f r ih sh ah z n aw w er d ih ng sil 
LOG (lattice-best-path[5.5.141~1-40a9d]:main():lattice-best-path.cc:99) For utterance usctimit_ema_f1_255, best cost 135.375 + 4366.48 = 4501.85 over 428 frames.
usctimit_ema_f1_255 sil dh iy t ih z f er f r ae t ih k aa m ay n z t uw f ah l aw t sil 
LOG (lattice-best-path[5.5.141~1-40a9d]:main():lattice-best-path.cc:99) For utterance usctimit_ema_f1_262, best cost 179.208 + 5936.72 = 6115.93 over 572 frames.
usctimit_ema_f1_262 sil dh iy s p er ch er z p r t ih k ah l iy n f ao r m ih f r k ah s p eh k ah b ay er sil 
LOG (lattice-best-path[5.5.141~1-40a9d]:main():lattice-best-path.cc:99) For utterance usctimit_ema_f1_286, best cost 106.069 + 3096.79 = 3202.86 over 302 frames.
usctimit_ema_f1_286 sil dh eh t ah ch ey z ih z hh ae t er s l s ah d sil 
LOG (lattice-best-path[5.5.141~1-40a9d]:main():lattice-best-path.cc:99) For utterance usctimit_ema_f1_297, best cost 147.351 + 5753.93 = 5901.28 over 592 frames.
usctimit_ema_f1_297 sil g r k r iy n t aa n ch ah s ao f r t ah n z n iy f ah n ih n sil 
LOG (lattice-best-path[5.5.141~1-40a9d]:main():lattice-best-path.cc:99) For utterance usctimit_ema_f1_299, best cost 137.587 + 4952.47 = 5090.06 over 491 frames.
usctimit_ema_f1_299 sil hh aa b ah n ah n er t iy z ah z s oy s ah s b ay y uw eh n sil 
LOG (lattice-best-path[5.5.141~1-40a9d]:main():lattice-best-path.cc:99) For utterance usctimit_ema_f1_302, best cost 177.232 + 5741.11 = 5918.34 over 573 frames.
usctimit_ema_f1_302 sil eh d ah l aw t ae b ay n s t iy ih m ae s ih d b l f r iy d ih ng sh ah l ih zh sil 
LOG (lattice-best-path[5.5.141~1-40a9d]:main():lattice-best-path.cc:99) For utterance usctimit_ema_f1_311, best cost 165.575 + 5144.31 = 5309.89 over 495 frames.
usctimit_ema_f1_311 sil dh iy f r ey n ch aa b ih z jh eh m ay s ah d t uw b ay z dh iy b r aa p er sil 
LOG (lattice-best-path[5.5.141~1-40a9d]:main():lattice-best-path.cc:99) For utterance usctimit_ema_f1_317, best cost 171.04 + 6800.91 = 6971.95 over 679 frames.
usctimit_ema_f1_317 sil m eh n iy b aa p iy t ay k ah n s w er sh ah n w aa p l dh iy ae n s ah n er sil 
LOG (lattice-best-path[5.5.141~1-40a9d]:main():lattice-best-path.cc:99) For utterance usctimit_ema_f1_320, best cost 126.36 + 4589.32 = 4715.68 over 454 frames.
usctimit_ema_f1_320 sil eh k ah n ih s er l ah n jh oy d ih sh ah l f ih sh ih zh sil 
LOG (lattice-best-path[5.5.141~1-40a9d]:main():lattice-best-path.cc:99) For utterance usctimit_ema_f1_323, best cost 115.516 + 4546.38 = 4661.9 over 450 frames.
usctimit_ema_f1_323 sil dh ae n iy s w ih sh ah m ay ch er k oy z eh k ah z sil 
LOG (lattice-best-path[5.5.141~1-40a9d]:main():lattice-best-path.cc:99) For utterance usctimit_ema_f1_325, best cost 108.944 + 4064.5 = 4173.45 over 400 frames.
usctimit_ema_f1_325 sil w ih sh ah l ah m aa ch uw z ey t ay m ah v iy z sil 
LOG (lattice-best-path[5.5.141~1-40a9d]:main():lattice-best-path.cc:99) For utterance usctimit_ema_f1_342, best cost 136.246 + 4643.34 = 4779.58 over 452 frames.
usctimit_ema_f1_342 sil sh uw w ey z jh eh s ah b eh t uw eh f r l d ih z f ih ng sil 
LOG (lattice-best-path[5.5.141~1-40a9d]:main():lattice-best-path.cc:99) For utterance usctimit_ema_f1_346, best cost 110.576 + 3361.19 = 3471.76 over 328 frames.
usctimit_ema_f1_346 sil w ih l aa k ah m ay n iy s t uw n z iy ch iy er sil 
LOG (lattice-best-path[5.5.141~1-40a9d]:main():lattice-best-path.cc:99) For utterance usctimit_ema_f1_347, best cost 145.338 + 4578.6 = 4723.94 over 452 frames.
usctimit_ema_f1_347 sil r jh ih z hh er n ay d b eh n f iy ch ih g ae sh ao r d ih jh sil 
LOG (lattice-best-path[5.5.141~1-40a9d]:main():lattice-best-path.cc:99) For utterance usctimit_ema_f1_356, best cost 81.2471 + 3137.72 = 3218.97 over 302 frames.
usctimit_ema_f1_356 sil dh iy l ay k l hh ae ch aa l er z sil 
LOG (lattice-best-path[5.5.141~1-40a9d]:main():lattice-best-path.cc:99) For utterance usctimit_ema_f1_360, best cost 165.413 + 4849.62 = 5015.03 over 462 frames.
usctimit_ema_f1_360 sil dh ih f ih z dh iy n s l iy f r ay d ih k l iy n s er th ih z ah s m l iy sil 
LOG (lattice-best-path[5.5.141~1-40a9d]:main():lattice-best-path.cc:99) For utterance usctimit_ema_f1_362, best cost 111.677 + 4158.85 = 4270.53 over 430 frames.
usctimit_ema_f1_362 sil dh iy s ih ng aw w er w ao l v er n ch ih k y er sil 
LOG (lattice-best-path[5.5.141~1-40a9d]:main():lattice-best-path.cc:99) For utterance usctimit_ema_f1_364, best cost 166.99 + 4673.21 = 4840.2 over 457 frames.
usctimit_ema_f1_364 sil dh iy t ae s iy t ae b r d ae n ay k ao z ih k ae k ch ae f ih d jh ae n sil 
LOG (lattice-best-path[5.5.141~1-40a9d]:main():lattice-best-path.cc:99) For utterance usctimit_ema_f1_368, best cost 126.378 + 4505.74 = 4632.12 over 450 frames.
usctimit_ema_f1_368 sil g r s ah v ae n eh d ih t ih n ih th ih sh ae m er ch 
LOG (lattice-best-path[5.5.141~1-40a9d]:main():lattice-best-path.cc:99) For utterance usctimit_ema_f1_382, best cost 160.723 + 5840.1 = 6000.83 over 595 frames.
usctimit_ema_f1_382 sil s ih sh l iy k ah l z ah n eh k ae sh ah l y uw l z ah m ah n ch ah p ih ng sil 
LOG (lattice-best-path[5.5.141~1-40a9d]:main():lattice-best-path.cc:99) For utterance usctimit_ema_f1_394, best cost 153.973 + 5476.76 = 5630.74 over 548 frames.
usctimit_ema_f1_394 sil dh iy z ih g r s ah p w iy s ih n t ih f ay k ah l s m ay er z z sil 
LOG (lattice-best-path[5.5.141~1-40a9d]:main():lattice-best-path.cc:99) For utterance usctimit_ema_f1_397, best cost 157.841 + 5092.35 = 5250.19 over 501 frames.
usctimit_ema_f1_397 sil s ah b r n aw s ay s k aa k ah n s ah v er f ih g ae k aa b ah t sil 
LOG (lattice-best-path[5.5.141~1-40a9d]:main():lattice-best-path.cc:99) For utterance usctimit_ema_f1_402, best cost 92.4215 + 3957.66 = 4050.08 over 401 frames.
usctimit_ema_f1_402 sil r s ih n dh ae k s ih f r n ch iy z sil 
LOG (lattice-best-path[5.5.141~1-40a9d]:main():lattice-best-path.cc:99) For utterance usctimit_ema_f1_405, best cost 134.262 + 5134.42 = 5268.68 over 510 frames.
usctimit_ema_f1_405 sil w ey t r d z p r ey z b ae p oy z ih ng r ih ng g r ae 
LOG (lattice-best-path[5.5.141~1-40a9d]:main():lattice-best-path.cc:99) For utterance usctimit_ema_f1_451, best cost 157.711 + 4670.12 = 4827.83 over 444 frames.
usctimit_ema_f1_451 sil ch ow t ih n n k ah n s ih m ay n iy f r l t ih m ah n s ih n ih ng sil 
LOG (lattice-best-path[5.5.141~1-40a9d]:main():lattice-best-path.cc:99) For utterance usctimit_ema_f1_453, best cost 151.288 + 4798.96 = 4950.25 over 476 frames.
usctimit_ema_f1_453 sil w eh n w er z k w ih ng ih ng z ih ng hh er v er ch ah b ow p er d ah n sil 
LOG (lattice-best-path[5.5.141~1-40a9d]:main():lattice-best-path.cc:99) For utterance usctimit_ema_f1_456, best cost 141.406 + 4449.32 = 4590.73 over 433 frames.
usctimit_ema_f1_456 sil ah m ao s ih d eh k ah l m p ae t uw ae n ow z b aa r d ih ng sil 
LOG (lattice-best-path[5.5.141~1-40a9d]:main():lattice-best-path.cc:99) For utterance usctimit_ema_f1_460, best cost 86.4995 + 3290.35 = 3376.85 over 334 frames.
usctimit_ema_f1_460 sil w ih sh iy t ih sh ah m ah b ih g ah z sil 
LOG (lattice-best-path[5.5.141~1-40a9d]:main():lattice-best-path.cc:99) For utterance usctimit_ema_f5_009, best cost 75.4572 + 3366.67 = 3442.13 over 341 frames.
usctimit_ema_f5_009 sil y uw l aw w er r l ay z sil 
LOG (lattice-best-path[5.5.141~1-40a9d]:main():lattice-best-path.cc:99) For utterance usctimit_ema_f5_011, best cost 103.702 + 3263.33 = 3367.03 over 301 frames.
usctimit_ema_f5_011 sil w ih ng y uh r m ah s hh ay z uw k ae n sil 
LOG (lattice-best-path[5.5.141~1-40a9d]:main():lattice-best-path.cc:99) For utterance usctimit_ema_f5_017, best cost 123.421 + 3712.15 = 3835.57 over 328 frames.
usctimit_ema_f5_017 sil aw m ao r iy hh aa m z d f ao z m ae z w ao f sil 
LOG (lattice-best-path[5.5.141~1-40a9d]:main():lattice-best-path.cc:99) For utterance usctimit_ema_f5_019, best cost 102.936 + 3326.89 = 3429.83 over 308 frames.
usctimit_ema_f5_019 sil ah f ah l f eh z hh ah t iy f r iy m sil 
LOG (lattice-best-path[5.5.141~1-40a9d]:main():lattice-best-path.cc:99) For utterance usctimit_ema_f5_066, best cost 114.178 + 3882.65 = 3996.83 over 335 frames.
usctimit_ema_f5_066 sil ae t er t iy s k eh g eh d s t uw f r ey l iy sil 
LOG (lattice-best-path[5.5.141~1-40a9d]:main():lattice-best-path.cc:99) For utterance usctimit_ema_f5_080, best cost 145.148 + 4597.29 = 4742.44 over 417 frames.
usctimit_ema_f5_080 sil dh iy k ah s ah n aw t ey t er jh er t aa p eh k l ae p ay l z sil 
LOG (lattice-best-path[5.5.141~1-40a9d]:main():lattice-best-path.cc:99) For utterance usctimit_ema_f5_081, best cost 152.089 + 4136.73 = 4288.81 over 373 frames.
usctimit_ema_f5_081 sil dh ae s k r ey p er iy s t ae k s w ih n z n eh n iy n ey sh ah n sil 
LOG (lattice-best-path[5.5.141~1-40a9d]:main():lattice-best-path.cc:99) For utterance usctimit_ema_f5_090, best cost 132.543 + 4144.82 = 4277.36 over 385 frames.
usctimit_ema_f5_090 sil y n s ih k s p l f ih k l iy d ih l iy f ay l z sil 
LOG (lattice-best-path[5.5.141~1-40a9d]:main():lattice-best-path.cc:99) For utterance usctimit_ema_f5_143, best cost 137.178 + 4831.86 = 4969.03 over 473 frames.
usctimit_ema_f5_143 sil dh iy k ah f r ah s ao th er z ey sh ah v ih s ih s ih sh ah t sil 
LOG (lattice-best-path[5.5.141~1-40a9d]:main():lattice-best-path.cc:99) For utterance usctimit_ema_f5_144, best cost 210.069 + 6229.43 = 6439.5 over 594 frames.
usctimit_ema_f5_144 sil ae s k ow aa t ih z w iy p ih z eh n t er jh er n y uw b ow t uw dh iy hh aa b iy aa n iy z sil 
LOG (lattice-best-path[5.5.141~1-40a9d]:main():lattice-best-path.cc:99) For utterance usctimit_ema_f5_162, best cost 145.743 + 4978.68 = 5124.42 over 483 frames.
usctimit_ema_f5_162 sil ah m ah s ao k aa jh ih z ah n aw k oy jh ih k ey sh ah l sil 
LOG (lattice-best-path[5.5.141~1-40a9d]:main():lattice-best-path.cc:99) For utterance usctimit_ema_f5_163, best cost 166.855 + 5566.97 = 5733.83 over 532 frames.
usctimit_ema_f5_163 sil w ah ch ah t er z b ay hh iy n ah z ih jh eh n w ao z ah m z ah f ao r iy sil 
LOG (lattice-best-path[5.5.141~1-40a9d]:main():lattice-best-path.cc:99) For utterance usctimit_ema_f5_164, best cost 98.811 + 4128.63 = 4227.44 over 405 frames.
usctimit_ema_f5_164 sil dh ih k l uw z d aw n dh iy t uw d sil 
LOG (lattice-best-path[5.5.141~1-40a9d]:main():lattice-best-path.cc:99) For utterance usctimit_ema_f5_174, best cost 109.931 + 4061.92 = 4171.85 over 386 frames.
usctimit_ema_f5_174 sil s t er hh ae t r ae m f ae sh n z y er sil 
LOG (lattice-best-path[5.5.141~1-40a9d]:main():lattice-best-path.cc:99) For utterance usctimit_ema_f5_197, best cost 127.927 + 4050.11 = 4178.04 over 400 frames.
usctimit_ema_f5_197 sil dh iy s m l w oy p iy p ah w ao r m ah m hh aa k sil 
LOG (lattice-best-path[5.5.141~1-40a9d]:main():lattice-best-path.cc:99) For utterance usctimit_ema_f5_208, best cost 113.222 + 3732.07 = 3845.29 over 373 frames.
usctimit_ema_f5_208 sil dh iy b y uw p oy ih k ow v er l t dh iy ow sh ah n sil 
LOG (lattice-best-path[5.5.141~1-40a9d]:main():lattice-best-path.cc:99) For utterance usctimit_ema_f5_233, best cost 230.884 + 7025.75 = 7256.64 over 648 frames.
usctimit_ema_f5_233 hh er n y uw ey b l iy sil r m ah m b er t r l aw oy d eh k l t ah n s eh t uw f r iy dh iy sil 
LOG (lattice-best-path[5.5.141~1-40a9d]:main():lattice-best-path.cc:99) For utterance usctimit_ema_f5_243, best cost 125.089 + 3816.81 = 3941.9 over 363 frames.
usctimit_ema_f5_243 sil aa hh ao l d ey p r n z m ey l b l t ah z sil 
LOG (lattice-best-path[5.5.141~1-40a9d]:main():lattice-best-path.cc:99) For utterance usctimit_ema_f5_244, best cost 122.313 + 4344.5 = 4466.81 over 412 frames.
usctimit_ema_f5_244 sil dh iy k er f ow m ah d p l aw ah f ao r b eh d z sil 
LOG (lattice-best-path[5.5.141~1-40a9d]:main():lattice-best-path.cc:99) For utterance usctimit_ema_f5_272, best cost 123.316 + 3884.67 = 4007.98 over 364 frames.
usctimit_ema_f5_272 sil t ow f l z m ey t ah p aa s ah s oy b iy d z sil 
LOG (lattice-best-path[5.5.141~1-40a9d]:main():lattice-best-path.cc:99) For utterance usctimit_ema_f5_281, best cost 217.335 + 6161.85 = 6379.18 over 565 frames.
usctimit_ema_f5_281 sil w ay d ay er z ih s ah p ah l k ah v iy w oy n f ao m ah v p er g r k ow m s ah g eh t sil 
LOG (lattice-best-path[5.5.141~1-40a9d]:main():lattice-best-path.cc:99) For utterance usctimit_ema_f5_304, best cost 203.623 + 7063.52 = 7267.14 over 667 frames.
usctimit_ema_f5_304 sil g eh s aa p ay n t iy z m eh k w uh d ah n w aa t uw z ih k w ey n ae sh ah l f ao r z sil 
LOG (lattice-best-path[5.5.141~1-40a9d]:main():lattice-best-path.cc:99) For utterance usctimit_ema_f5_307, best cost 125.108 + 4328.64 = 4453.75 over 418 frames.
usctimit_ema_f5_307 sil d uw ch aa n k ae t eh b ih g uw s p aw t l sil 
LOG (lattice-best-path[5.5.141~1-40a9d]:main():lattice-best-path.cc:99) For utterance usctimit_ema_f5_329, best cost 150.712 + 5314.73 = 5465.44 over 535 frames.
usctimit_ema_f5_329 sil dh ih k aw w aa n d er f r m f aa r m ay n dh iy hh iy m ao s sil 
LOG (lattice-best-path[5.5.141~1-40a9d]:main():lattice-best-path.cc:99) For utterance usctimit_ema_f5_330, best cost 230.879 + 6784.75 = 7015.63 over 611 frames.
usctimit_ema_f5_330 sil iy t ah n t ay m iy d ah m ao s k ow n s ay d ah b ih p ah b r ih k ae n iy z iy s ah s t ah m p r t sil 
LOG (lattice-best-path[5.5.141~1-40a9d]:main():lattice-best-path.cc:99) For utterance usctimit_ema_f5_334, best cost 166.655 + 5648.38 = 5815.03 over 536 frames.
usctimit_ema_f5_334 sil w ey s k aa s t iy m iy b l ae k l ae s t iy k m p iy l d ae n sil 
LOG (lattice-best-path[5.5.141~1-40a9d]:main():lattice-best-path.cc:99) For utterance usctimit_ema_f5_336, best cost 138.006 + 4179.94 = 4317.95 over 396 frames.
usctimit_ema_f5_336 sil ae n oy s p aa p ah g er z y uw w ao r n oy iy ch t ey sil 
LOG (lattice-best-path[5.5.141~1-40a9d]:main():lattice-best-path.cc:99) For utterance usctimit_ema_f5_343, best cost 164.404 + 5169.21 = 5333.61 over 506 frames.
usctimit_ema_f5_343 sil ah jh ah s ah jh eh m y ah b ih n y uw r k y uw aa jh ih k ah m iy z iy m sil 
LOG (lattice-best-path[5.5.141~1-40a9d]:main():lattice-best-path.cc:99) For utterance usctimit_ema_f5_348, best cost 143.944 + 4697.98 = 4841.93 over 455 frames.
usctimit_ema_f5_348 sil dh iy k aa p ih k ey n ih sh eh p uw er ao r iy jh ah b ah d sil 
LOG (lattice-best-path[5.5.141~1-40a9d]:main():lattice-best-path.cc:99) For utterance usctimit_ema_f5_349, best cost 86.1458 + 4064 = 4150.15 over 405 frames.
usctimit_ema_f5_349 sil iy sh ah s k er f r jh oy z sil 
LOG (lattice-best-path[5.5.141~1-40a9d]:main():lattice-best-path.cc:99) For utterance usctimit_ema_f5_354, best cost 172.336 + 7096.87 = 7269.2 over 679 frames.
usctimit_ema_f5_354 w eh v er dh iy g r m ay t ah p eh sh ah m ay z ih z sil ah l ah n d sil 
LOG (lattice-best-path[5.5.141~1-40a9d]:main():lattice-best-path.cc:99) For utterance usctimit_ema_f5_356, best cost 85.2016 + 2509.34 = 2594.55 over 219 frames.
usctimit_ema_f5_356 sil dh iy l ay k w aa n d dh iy l ey 
LOG (lattice-best-path[5.5.141~1-40a9d]:main():lattice-best-path.cc:99) For utterance usctimit_ema_f5_369, best cost 177.483 + 5483.8 = 5661.28 over 537 frames.
usctimit_ema_f5_369 sil dh er z ah jh ay z ae t ih k w ao s t eh k s t er v ih ng z dh iy t aa p ae t sil 
LOG (lattice-best-path[5.5.141~1-40a9d]:main():lattice-best-path.cc:99) For utterance usctimit_ema_f5_375, best cost 138.879 + 4640.19 = 4779.07 over 435 frames.
usctimit_ema_f5_375 sil ay er sh ah n t er z iy ch f r s p er ch er b r f ih s t sil 
LOG (lattice-best-path[5.5.141~1-40a9d]:main():lattice-best-path.cc:99) For utterance usctimit_ema_f5_389, best cost 195.009 + 5994.29 = 6189.3 over 553 frames.
usctimit_ema_f5_389 sil dh iy f ih ch er k n ey n dh iy t ih s t er k n t ey z dh iy ch iy s iy p iy t ih z sil 
LOG (lattice-best-path[5.5.141~1-40a9d]:main():lattice-best-path.cc:99) For utterance usctimit_ema_f5_392, best cost 172.302 + 5974.19 = 6146.49 over 574 frames.
usctimit_ema_f5_392 sil dh er ch ih n b eh s t ah m p ay k ih k aw m z n s ah s eh l ih sh uw z sil 
LOG (lattice-best-path[5.5.141~1-40a9d]:main():lattice-best-path.cc:99) For utterance usctimit_ema_f5_396, best cost 203.67 + 5712.93 = 5916.6 over 518 frames.
usctimit_ema_f5_396 sil dh iy ae b r t ay z ih ng g er s t ah v p r m ah v er ay n iy s t r n eh v er ch ey n d ih z sil 
LOG (lattice-best-path[5.5.141~1-40a9d]:main():lattice-best-path.cc:99) For utterance usctimit_ema_f5_406, best cost 180.599 + 5415.51 = 5596.1 over 512 frames.
usctimit_ema_f5_406 sil dh iy f ih g ow f ao r s ih z dh iy l iy ow v er w ao m b ay t ah ch ow m z iy z sil 
LOG (lattice-best-path[5.5.141~1-40a9d]:main():lattice-best-path.cc:99) For utterance usctimit_ema_f5_424, best cost 100.646 + 3754.32 = 3854.97 over 379 frames.
usctimit_ema_f5_424 sil t iy k iy p l ah t iy b iy hh aa n er d sil 
LOG (lattice-best-path[5.5.141~1-40a9d]:main():lattice-best-path.cc:99) For utterance usctimit_ema_f5_426, best cost 125.033 + 3870.29 = 3995.32 over 335 frames.
usctimit_ema_f5_426 sil dh iy z iy ah n z ah l l z ih s w iy p dh iy z iy ah 
LOG (lattice-best-path[5.5.141~1-40a9d]:main():lattice-best-path.cc:99) For utterance usctimit_ema_f5_431, best cost 157.674 + 4549.63 = 4707.3 over 427 frames.
usctimit_ema_f5_431 sil w aa p aa f r ao r m ah z ey sh ah z ah f ih k eh f ah n er z er z sil 
LOG (lattice-best-path[5.5.141~1-40a9d]:main():lattice-best-path.cc:99) For utterance usctimit_ema_f5_436, best cost 153.992 + 4349.29 = 4503.29 over 405 frames.
usctimit_ema_f5_436 sil hh er s p er s t ey f r k ah m ey k er z ah n ih ng s k ah v ih ng sil 
LOG (lattice-best-path[5.5.141~1-40a9d]:main():lattice-best-path.cc:99) For utterance usctimit_ema_f5_438, best cost 178.625 + 5334.95 = 5513.58 over 498 frames.
usctimit_ema_f5_438 sil dh iy p ay ao t w ao r ey m aa l ey n t ih k ah p iy d er z dh iy t r d ih sh ah n sil 
LOG (lattice-best-path[5.5.141~1-40a9d]:main():lattice-best-path.cc:99) For utterance usctimit_ema_f5_447, best cost 192.672 + 5668.6 = 5861.27 over 536 frames.
usctimit_ema_f5_447 sil r m ah n ih z iy t ah n ah d er k s ay d iy n dh iy b ay s t iy n s t ow v er k sil 
LOG (lattice-best-path[5.5.141~1-40a9d]:main():lattice-best-path.cc:99) For utterance usctimit_ema_f5_451, best cost 195.801 + 5963.33 = 6159.14 over 533 frames.
usctimit_ema_f5_451 sil t l r n t ah ch l ih ng f ah s uw m ay n iy f er w er l t ah m ah n s ih ng sil 
LOG (lattice-best-path[5.5.141~1-40a9d]:main():lattice-best-path.cc:99) For utterance usctimit_ema_m1_006, best cost 129.349 + 3948.03 = 4077.38 over 381 frames.
usctimit_ema_m1_006 sil w l y eh l er w ao r y uw f r s ah l iy ae d ah m z sil 
LOG (lattice-best-path[5.5.141~1-40a9d]:main():lattice-best-path.cc:99) For utterance usctimit_ema_m1_010, best cost 88.7673 + 3035.97 = 3124.74 over 306 frames.
usctimit_ema_m1_010 sil w ao r aa b ih ng w ao r iy ow l ih l iy sil 
LOG (lattice-best-path[5.5.141~1-40a9d]:main():lattice-best-path.cc:99) For utterance usctimit_ema_m1_012, best cost 143.859 + 4757.78 = 4901.64 over 456 frames.
usctimit_ema_m1_012 sil dh iy f ao f er z ih z ih z ae m er v y uw eh v r f ao m ow 
LOG (lattice-best-path[5.5.141~1-40a9d]:main():lattice-best-path.cc:99) For utterance usctimit_ema_m1_051, best cost 140.177 + 4521.81 = 4661.99 over 421 frames.
usctimit_ema_m1_051 sil dh ih k aa k er b iy sh ah b ow b iy k r dh iy p ih sh iy ey d sil 
LOG (lattice-best-path[5.5.141~1-40a9d]:main():lattice-best-path.cc:99) For utterance usctimit_ema_m1_090, best cost 117.642 + 3766.18 = 3883.82 over 356 frames.
usctimit_ema_m1_090 sil y uw m ah s ih s p l s ah l iy b ih l iy f ay l z sil 
LOG (lattice-best-path[5.5.141~1-40a9d]:main():lattice-best-path.cc:99) For utterance usctimit_ema_m1_095, best cost 142.153 + 4411.12 = 4553.27 over 420 frames.
usctimit_ema_m1_095 sil dh iy b eh s w ey ch ah l er s ah s ah l ch t er p r aa b l z sil 
LOG (lattice-best-path[5.5.141~1-40a9d]:main():lattice-best-path.cc:99) For utterance usctimit_ema_m1_098, best cost 120.974 + 4266.58 = 4387.55 over 421 frames.
usctimit_ema_m1_098 sil ah m ah s y uw l er ae t ah n s k ih f r iy b ae t sil 
LOG (lattice-best-path[5.5.141~1-40a9d]:main():lattice-best-path.cc:99) For utterance usctimit_ema_m1_099, best cost 144.276 + 4945.3 = 5089.57 over 495 frames.
usctimit_ema_m1_099 sil dh iy k aa r ch uw f iy ch er z ah m aa s k r ae k ah t ae p l sil 
LOG (lattice-best-path[5.5.141~1-40a9d]:main():lattice-best-path.cc:99) For utterance usctimit_ema_m1_137, best cost 173.746 + 5201.26 = 5375.01 over 499 frames.
usctimit_ema_m1_137 sil k ah l th ih k ae k ah t uw d ih z jh eh jh p ay s t ae n d er w ay s t ae s sil 
LOG (lattice-best-path[5.5.141~1-40a9d]:main():lattice-best-path.cc:99) For utterance usctimit_ema_m1_139, best cost 149.517 + 5675.93 = 5825.45 over 571 frames.
usctimit_ema_m1_139 sil w er k ah n t ey n t uw m ah ch k ao r iy n ah s aw n d ih z ay z sil 
LOG (lattice-best-path[5.5.141~1-40a9d]:main():lattice-best-path.cc:99) For utterance usctimit_ema_m1_145, best cost 188.698 + 5764.82 = 5953.52 over 546 frames.
usctimit_ema_m1_145 sil eh s ah p r k aa sh ah n iy l w ao z b ay b ah m p aw er f r dh ae s t r aa k l sil 
LOG (lattice-best-path[5.5.141~1-40a9d]:main():lattice-best-path.cc:99) For utterance usctimit_ema_m1_158, best cost 193.15 + 5870.33 = 6063.48 over 573 frames.
usctimit_ema_m1_158 sil b ay n ih f er b r d hh ao r f r k ao r z ih n t w ih sh ah n ah n eh k s p er sh iy z sil 
LOG (lattice-best-path[5.5.141~1-40a9d]:main():lattice-best-path.cc:99) For utterance usctimit_ema_m1_160, best cost 186.422 + 5376.02 = 5562.45 over 512 frames.
usctimit_ema_m1_160 sil ch ih ng k er jh t er ch ah l d ah n t ah m ey k eh r ow hh aw w ih ng k aa s t uw n sil 
LOG (lattice-best-path[5.5.141~1-40a9d]:main():lattice-best-path.cc:99) For utterance usctimit_ema_m1_162, best cost 145.192 + 5103.65 = 5248.84 over 506 frames.
usctimit_ema_m1_162 sil ah m ao s t ah l k ah l jh ih s aw n ow k ow l ah ch ey sh ah l sil 
LOG (lattice-best-path[5.5.141~1-40a9d]:main():lattice-best-path.cc:99) For utterance usctimit_ema_m1_164, best cost 86.0015 + 4089.25 = 4175.25 over 407 frames.
usctimit_ema_m1_164 sil f ih k uw z aa n dh iy t uw p sil 
LOG (lattice-best-path[5.5.141~1-40a9d]:main():lattice-best-path.cc:99) For utterance usctimit_ema_m1_166, best cost 94.3461 + 3718.58 = 3812.93 over 380 frames.
usctimit_ema_m1_166 sil dh iy k ae k s m iy l z hh er w iy er z sil 
LOG (lattice-best-path[5.5.141~1-40a9d]:main():lattice-best-path.cc:99) For utterance usctimit_ema_m1_169, best cost 83.9064 + 3348.42 = 3432.33 over 346 frames.
usctimit_ema_m1_169 sil dh iy aa f ih ng g ow aw n iy v ih ng sil 
LOG (lattice-best-path[5.5.141~1-40a9d]:main():lattice-best-path.cc:99) For utterance usctimit_ema_m1_179, best cost 105.821 + 3640.61 = 3746.43 over 365 frames.
usctimit_ema_m1_179 sil k r aa r iy ch k r ae f ah n uw ae k s ih z sil 
LOG (lattice-best-path[5.5.141~1-40a9d]:main():lattice-best-path.cc:99) For utterance usctimit_ema_m1_183, best cost 148.877 + 5369.47 = 5518.34 over 544 frames.
usctimit_ema_m1_183 sil ah p r ch er ch er v iy w ih s p ae ch uw w eh s k m p ow zh er sil 
LOG (lattice-best-path[5.5.141~1-40a9d]:main():lattice-best-path.cc:99) For utterance usctimit_ema_m1_193, best cost 168.985 + 5505.41 = 5674.4 over 545 frames.
usctimit_ema_m1_193 sil ay d ey v ah n s er v er ch oy z ih z ah m ah p ah n t ae t p r ay ao r iy z sil 
LOG (lattice-best-path[5.5.141~1-40a9d]:main():lattice-best-path.cc:99) For utterance usctimit_ema_m1_204, best cost 82.1548 + 3324.99 = 3407.15 over 353 frames.
usctimit_ema_m1_204 sil hh aa g uh d ih jh er n d er n z sil 
LOG (lattice-best-path[5.5.141~1-40a9d]:main():lattice-best-path.cc:99) For utterance usctimit_ema_m1_209, best cost 84.8787 + 3362.04 = 3446.92 over 352 frames.
usctimit_ema_m1_209 sil w ih l th ih ng f er m p oy n ah n sil 
LOG (lattice-best-path[5.5.141~1-40a9d]:main():lattice-best-path.cc:99) For utterance usctimit_ema_m1_224, best cost 106.384 + 4071.92 = 4178.3 over 406 frames.
usctimit_ema_m1_224 sil ay ey t ah f r oy s t er n ao r z p l iy sil 
LOG (lattice-best-path[5.5.141~1-40a9d]:main():lattice-best-path.cc:99) For utterance usctimit_ema_m1_229, best cost 123.861 + 4002.03 = 4125.89 over 395 frames.
usctimit_ema_m1_229 sil m ay ae v y uw w ih ng ih g ah n s ah hh aa k aa f iy sil 
LOG (lattice-best-path[5.5.141~1-40a9d]:main():lattice-best-path.cc:99) For utterance usctimit_ema_m1_237, best cost 138.56 + 4687.92 = 4826.48 over 450 frames.
usctimit_ema_m1_237 sil w ih s aa p iy t ay m iy ay s ih k l z b ah l w ao r uw f sil 
LOG (lattice-best-path[5.5.141~1-40a9d]:main():lattice-best-path.cc:99) For utterance usctimit_ema_m1_265, best cost 157.879 + 4874.4 = 5032.28 over 470 frames.
usctimit_ema_m1_265 sil p iy t ey t ih s t er iy t ih b ah p aa t uw k ih ng er z f ao m iy sil 
LOG (lattice-best-path[5.5.141~1-40a9d]:main():lattice-best-path.cc:99) For utterance usctimit_ema_m1_269, best cost 141.354 + 4806.63 = 4947.99 over 491 frames.
usctimit_ema_m1_269 sil ay b r ow v er m aa p ay dh ow sh uw z ah b iy v er ch er ch sil 
LOG (lattice-best-path[5.5.141~1-40a9d]:main():lattice-best-path.cc:99) For utterance usctimit_ema_m1_277, best cost 102.528 + 3251.68 = 3354.2 over 337 frames.
usctimit_ema_m1_277 sil dh iy m iy d ih ng dh ih z n aw er jh er n z sil 
LOG (lattice-best-path[5.5.141~1-40a9d]:main():lattice-best-path.cc:99) For utterance usctimit_ema_m1_302, best cost 237.163 + 7419.99 = 7657.15 over 706 frames.
usctimit_ema_m1_302 sil dh iy p l ah t ah n aa t ow l dh ey l b ah p uw n s t iy k aa n aa s uw b l f r iy ih ng sh ah l f ey sh 
LOG (lattice-best-path[5.5.141~1-40a9d]:main():lattice-best-path.cc:99) For utterance usctimit_ema_m1_303, best cost 129.263 + 4081.47 = 4210.73 over 415 frames.
usctimit_ema_m1_303 sil aa f ah n iy g ih p ae k m oy b ih n iy p uh d ey n sil 
LOG (lattice-best-path[5.5.141~1-40a9d]:main():lattice-best-path.cc:99) For utterance usctimit_ema_m1_317, best cost 209.809 + 7232.66 = 7442.47 over 731 frames.
usctimit_ema_m1_317 sil m ah n iy w ao l f iy t ay k uw n s w er sh ah n b aa p ow th ih g aa p ae n d ah s k uw er sil 
LOG (lattice-best-path[5.5.141~1-40a9d]:main():lattice-best-path.cc:99) For utterance usctimit_ema_m1_320, best cost 141.584 + 4685.67 = 4827.25 over 468 frames.
usctimit_ema_m1_320 sil dh iy k aa s ao r w l n jh oy dh ih sh ah l f ih sh t ih sh sil 
LOG (lattice-best-path[5.5.141~1-40a9d]:main():lattice-best-path.cc:99) For utterance usctimit_ema_m1_322, best cost 139.83 + 4103.08 = 4242.91 over 422 frames.
usctimit_ema_m1_322 sil d ah l f ah n z aa n t ah l jh ah d w er iy n dh ae m l z sil 
LOG (lattice-best-path[5.5.141~1-40a9d]:main():lattice-best-path.cc:99) For utterance usctimit_ema_m1_336, best cost 159.237 + 4905.36 = 5064.6 over 475 frames.
usctimit_ema_m1_336 sil dh ae n oy s p r l ah m g ow z r ow z m ao r n oy ng iy ch ey sil 
LOG (lattice-best-path[5.5.141~1-40a9d]:main():lattice-best-path.cc:99) For utterance usctimit_ema_m1_338, best cost 136.821 + 5063.65 = 5200.47 over 511 frames.
usctimit_ema_m1_338 sil dh ae t ay d r m ey k s ah m z ah l iy f er m ah s eh v iy sil 
LOG (lattice-best-path[5.5.141~1-40a9d]:main():lattice-best-path.cc:99) For utterance usctimit_ema_m1_340, best cost 103.858 + 3226.35 = 3330.2 over 316 frames.
usctimit_ema_m1_340 sil jh ao ng k ih ng sh ah l f ih sh f ao l ih ng sil 
LOG (lattice-best-path[5.5.141~1-40a9d]:main():lattice-best-path.cc:99) For utterance usctimit_ema_m1_344, best cost 142.502 + 4387.13 = 4529.63 over 454 frames.
usctimit_ema_m1_344 sil p ae m b y uw z t r ay v ih ng l s ah n t ah n dh er z ey z sil 
LOG (lattice-best-path[5.5.141~1-40a9d]:main():lattice-best-path.cc:99) For utterance usctimit_ema_m1_347, best cost 154.588 + 4858.77 = 5013.36 over 467 frames.
usctimit_ema_m1_347 sil t er jh ah s p er w uh d ah b aa p ah f uw sh er jh ae ch er ih jh sil 
LOG (lattice-best-path[5.5.141~1-40a9d]:main():lattice-best-path.cc:99) For utterance usctimit_ema_m1_350, best cost 124.98 + 3448.83 = 3573.81 over 337 frames.
usctimit_ema_m1_350 sil ih sh ow v er f eh l th ih z ih v er w ah b er p ah n sil 
LOG (lattice-best-path[5.5.141~1-40a9d]:main():lattice-best-path.cc:99) For utterance usctimit_ema_m1_360, best cost 192.749 + 5349.64 = 5542.39 over 500 frames.
usctimit_ema_m1_360 sil dh iy f ih sh iy ae z ah l iy p f r ah t ih k l iy l s ch er f ih s ah v ah s m l ey k sil 
LOG (lattice-best-path[5.5.141~1-40a9d]:main():lattice-best-path.cc:99) For utterance usctimit_ema_m1_361, best cost 136.106 + 3959.58 = 4095.69 over 383 frames.
usctimit_ema_m1_361 sil t ih n t ey sh y uw l th ih s iy m uw dh iy s t w ih s w iy sil 
LOG (lattice-best-path[5.5.141~1-40a9d]:main():lattice-best-path.cc:99) For utterance usctimit_ema_m1_367, best cost 131.363 + 4854.36 = 4985.72 over 492 frames.
usctimit_ema_m1_367 sil b aa r b er p ey p er n dh iy s ah b iy b aa n f ay er sil 
LOG (lattice-best-path[5.5.141~1-40a9d]:main():lattice-best-path.cc:99) For utterance usctimit_ema_m1_368, best cost 151.231 + 4752.25 = 4903.48 over 474 frames.
usctimit_ema_m1_368 sil r f k ao sh uw v ah n hh ae v n ow t uw f ih sh ah n w ih ch sil 
LOG (lattice-best-path[5.5.141~1-40a9d]:main():lattice-best-path.cc:99) For utterance usctimit_ema_m1_375, best cost 148.498 + 4800.14 = 4948.64 over 464 frames.
usctimit_ema_m1_375 sil ay r sh y ow ch er z iy f r jh t ah p er s er b r k ah z sil 
LOG (lattice-best-path[5.5.141~1-40a9d]:main():lattice-best-path.cc:99) For utterance usctimit_ema_m1_394, best cost 161.625 + 5609.35 = 5770.98 over 547 frames.
usctimit_ema_m1_394 sil dh iy z ah n ih g r s ah p l iy s ah n t f ay k f aa b ah s m ow v er z sil 
LOG (lattice-best-path[5.5.141~1-40a9d]:main():lattice-best-path.cc:99) For utterance usctimit_ema_m1_400, best cost 130.549 + 4001.78 = 4132.33 over 382 frames.
usctimit_ema_m1_400 sil w ih z ih s l aa r ch eh ng b ay dh iy aa r ih ng ao r d sil 
LOG (lattice-best-path[5.5.141~1-40a9d]:main():lattice-best-path.cc:99) For utterance usctimit_ema_m1_432, best cost 69.3378 + 2754.51 = 2823.85 over 285 frames.
usctimit_ema_m1_432 sil ah l aw l iy w ey iy er sil 
LOG (lattice-best-path[5.5.141~1-40a9d]:main():lattice-best-path.cc:99) For utterance usctimit_ema_m3_010, best cost 77.0808 + 3296.57 = 3373.65 over 327 frames.
usctimit_ema_m3_010 sil w ao r aa r w er y ah l l iy sil 
LOG (lattice-best-path[5.5.141~1-40a9d]:main():lattice-best-path.cc:99) For utterance usctimit_ema_m3_044, best cost 136.6 + 5107.94 = 5244.54 over 472 frames.
usctimit_ema_m3_044 sil dh ow ay k ah v iy k ah p aa b ih jh eh t r ey t ah n s ah z sil 
LOG (lattice-best-path[5.5.141~1-40a9d]:main():lattice-best-path.cc:99) For utterance usctimit_ema_m3_068, best cost 114.497 + 4497.31 = 4611.81 over 441 frames.
usctimit_ema_m3_068 sil dh iy s ah p aa s l d y ow p y aa k er s iy sil 
LOG (lattice-best-path[5.5.141~1-40a9d]:main():lattice-best-path.cc:99) For utterance usctimit_ema_m3_071, best cost 146.001 + 4871.71 = 5017.71 over 439 frames.
usctimit_ema_m3_071 sil k aa p r ih sh ah m ao f ah n ih s t ae n iy l iy b iy t s p iy sil 
LOG (lattice-best-path[5.5.141~1-40a9d]:main():lattice-best-path.cc:99) For utterance usctimit_ema_m3_080, best cost 142.496 + 4855.71 = 4998.2 over 411 frames.
usctimit_ema_m3_080 sil ih g w ao z ae l dh iy t eh zh er ch aa k ah k ao r t ay l z sil 
LOG (lattice-best-path[5.5.141~1-40a9d]:main():lattice-best-path.cc:99) For utterance usctimit_ema_m3_101, best cost 92.5066 + 3405.23 = 3497.73 over 307 frames.
usctimit_ema_m3_101 sil k ae f ih s er w ih ng ao f t ey n t sil 
LOG (lattice-best-path[5.5.141~1-40a9d]:main():lattice-best-path.cc:99) For utterance usctimit_ema_m3_113, best cost 108.374 + 4011.9 = 4120.27 over 382 frames.
usctimit_ema_m3_113 sil w aa t ah f ao r m uw iy s ah s ah t aa l z sil 
LOG (lattice-best-path[5.5.141~1-40a9d]:main():lattice-best-path.cc:99) For utterance usctimit_ema_m3_129, best cost 118.588 + 4289.56 = 4408.15 over 411 frames.
usctimit_ema_m3_129 sil t uw m ay s t er ae s ih k ah g y ah n iy ch aa l sil 
LOG (lattice-best-path[5.5.141~1-40a9d]:main():lattice-best-path.cc:99) For utterance usctimit_ema_m3_141, best cost 131.067 + 3885.28 = 4016.35 over 354 frames.
usctimit_ema_m3_141 sil r m ow b ih s p ah n jh er w ih th ih p er k w iy z ah z sil 
LOG (lattice-best-path[5.5.141~1-40a9d]:main():lattice-best-path.cc:99) For utterance usctimit_ema_m3_147, best cost 119.069 + 4566.66 = 4685.73 over 438 frames.
usctimit_ema_m3_147 sil dh er m ey n ay f ao ng f r ae n d b ae n ih n z sil 
LOG (lattice-best-path[5.5.141~1-40a9d]:main():lattice-best-path.cc:99) For utterance usctimit_ema_m3_192, best cost 130.138 + 4598.92 = 4729.05 over 428 frames.
usctimit_ema_m3_192 sil ah l dh iy b eh s p eh sh ah n jh oy p aa g l eh r iy sil 
LOG (lattice-best-path[5.5.141~1-40a9d]:main():lattice-best-path.cc:99) For utterance usctimit_ema_m3_203, best cost 115.341 + 4308.48 = 4423.82 over 419 frames.
usctimit_ema_m3_203 sil dh iy p ah b ah jh ah b aa t ey b ow m ih g r ow zh sil 
LOG (lattice-best-path[5.5.141~1-40a9d]:main():lattice-best-path.cc:99) For utterance usctimit_ema_m3_260, best cost 172.254 + 4707.4 = 4879.65 over 446 frames.
usctimit_ema_m3_260 sil r sh f ay z eh k aw m ay n ah b r ay ah n er b r ow sh ah n ah m ae t ah l sil 
LOG (lattice-best-path[5.5.141~1-40a9d]:main():lattice-best-path.cc:99) For utterance usctimit_ema_m3_267, best cost 135.075 + 5393.69 = 5528.77 over 519 frames.
usctimit_ema_m3_267 sil ih s k ae k ow s m ao r l ae v er ey n jh ah b iy t uw sil 
LOG (lattice-best-path[5.5.141~1-40a9d]:main():lattice-best-path.cc:99) For utterance usctimit_ema_m3_282, best cost 195.788 + 7013.36 = 7209.15 over 657 frames.
usctimit_ema_m3_282 sil dh iy ae t er z ow b iy s ey f ao r ey t iy th ih ng g ah n t er k er f l iy f er s t sil 
LOG (lattice-best-path[5.5.141~1-40a9d]:main():lattice-best-path.cc:99) For utterance usctimit_ema_m3_300, best cost 122.23 + 4680.94 = 4803.17 over 450 frames.
usctimit_ema_m3_300 sil dh iy b ih g aa l ah jh ch uw aa n iy l r ay d ao l sil 
LOG (lattice-best-path[5.5.141~1-40a9d]:main():lattice-best-path.cc:99) For utterance usctimit_ema_m3_316, best cost 221.723 + 6193.15 = 6414.87 over 569 frames.
usctimit_ema_m3_316 sil dh iy p r iy s k ow er k ah n r oy s er f y l ih ng z b aa b iy m r jh ah z ih k ah n d ih sh ah n z sil 
LOG (lattice-best-path[5.5.141~1-40a9d]:main():lattice-best-path.cc:99) For utterance usctimit_ema_m3_320, best cost 122.504 + 4730.54 = 4853.04 over 447 frames.
usctimit_ema_m3_320 sil ah k aa s ao r ow n jh oy ih sh ah l th ih sh t ih sh sil 
LOG (lattice-best-path[5.5.141~1-40a9d]:main():lattice-best-path.cc:99) For utterance usctimit_ema_m3_335, best cost 148.447 + 4955.29 = 5103.74 over 449 frames.
usctimit_ema_m3_335 sil b aa p ih p r ow v ow b ow v er d ow th iy er m ey er l z sil 
LOG (lattice-best-path[5.5.141~1-40a9d]:main():lattice-best-path.cc:99) For utterance usctimit_ema_m3_336, best cost 145.426 + 4062.86 = 4208.28 over 372 frames.
usctimit_ema_m3_336 sil dh eh n oy z k aa b ah m er z m ao r n ow ih n iy ch dh eh d sil 
LOG (lattice-best-path[5.5.141~1-40a9d]:main():lattice-best-path.cc:99) For utterance usctimit_ema_m3_338, best cost 140.359 + 5185.11 = 5325.47 over 500 frames.
usctimit_ema_m3_338 sil dh eh d ay r eh m ey k s ae n s ah l ae t er m ah ch ah b iy sil 
LOG (lattice-best-path[5.5.141~1-40a9d]:main():lattice-best-path.cc:99) For utterance usctimit_ema_m3_339, best cost 118.484 + 4336.21 = 4454.69 over 423 frames.
usctimit_ema_m3_339 sil ah b ao r n aa l ow s ah p er s ih d ih ng g eh l sil 
LOG (lattice-best-path[5.5.141~1-40a9d]:main():lattice-best-path.cc:99) For utterance usctimit_ema_m3_357, best cost 153.251 + 5008.31 = 5161.56 over 462 frames.
usctimit_ema_m3_357 sil dh iy ae m aw s g ae f r d ih k r s ih th iy l ih s ah b iy er d sil 
LOG (lattice-best-path[5.5.141~1-40a9d]:main():lattice-best-path.cc:99) For utterance usctimit_ema_m3_359, best cost 110.384 + 4146.17 = 4256.55 over 389 frames.
usctimit_ema_m3_359 sil k aw s ih m ey t b ow n z n t iy s r l sil 
LOG (lattice-best-path[5.5.141~1-40a9d]:main():lattice-best-path.cc:99) For utterance usctimit_ema_m3_379, best cost 133.695 + 5131.34 = 5265.04 over 477 frames.
usctimit_ema_m3_379 sil ay er s ih s ih z uw z ah l ah n s p ae n ih sh iy p er z sil 
LOG (lattice-best-path[5.5.141~1-40a9d]:main():lattice-best-path.cc:99) For utterance usctimit_ema_m3_385, best cost 110.93 + 3670.28 = 3781.21 over 354 frames.
usctimit_ema_m3_385 sil eh v ih k ae b iy t ih p ey d ih g aa f ah n sil 
LOG (lattice-best-path[5.5.141~1-40a9d]:main():lattice-best-path.cc:99) For utterance usctimit_ema_m3_390, best cost 151.761 + 4702.54 = 4854.31 over 428 frames.
usctimit_ema_m3_390 sil dh iy ow ao r iy ch aa r k ih s ah p oy z ih n d eh n iy l n s t iy sil 
LOG (lattice-best-path[5.5.141~1-40a9d]:main():lattice-best-path.cc:99) For utterance usctimit_ema_m3_423, best cost 153.964 + 5392.46 = 5546.42 over 495 frames.
usctimit_ema_m3_423 sil dh iy g ow s ah f r t ow s aa r ae ch ow sh er sh aa n ah n f r sil 
LOG (lattice-best-path[5.5.141~1-40a9d]:main():lattice-best-path.cc:99) For utterance usctimit_ema_m3_434, best cost 70.2921 + 2932.62 = 3002.91 over 285 frames.
usctimit_ema_m3_434 sil r ae sh l ay z ah l er z sil 
LOG (lattice-best-path[5.5.141~1-40a9d]:main():lattice-best-path.cc:99) For utterance usctimit_ema_m3_438, best cost 164.811 + 5353.92 = 5518.73 over 495 frames.
usctimit_ema_m3_438 sil dh iy p ay aa ch er m aa l ih ng t ih k ah p y uw s b iy t er k w ih sh ah n sil 
LOG (lattice-best-path[5.5.141~1-40a9d]:main():lattice-best-path.cc:99) For utterance usctimit_ema_m3_442, best cost 118.225 + 4238.34 = 4356.57 over 404 frames.
usctimit_ema_m3_442 sil w ih p l iy ch iy s p ah n d ih t uw l ih s p r iy sil 
LOG (lattice-best-path[5.5.141~1-40a9d]:main():lattice-best-path.cc:99) For utterance usctimit_ema_m3_444, best cost 187.366 + 6442.27 = 6629.64 over 603 frames.
usctimit_ema_m3_444 sil r aa m ey t ae g er ey n uw aa sh uh d ih n er ae n iy s p r iy p ay f r d z er sil 
LOG (lattice-best-path[5.5.141~1-40a9d]:main():lattice-best-path.cc:99) For utterance usctimit_ema_m3_457, best cost 180.373 + 5871.93 = 6052.3 over 560 frames.
usctimit_ema_m3_457 sil k aa f y uw z g r d ah n s t iy jh ah m l ih k s ow s ah n t ae b r s ah n z sil 
LOG (lattice-best-path[5.5.141~1-40a9d]:main():lattice-best-path.cc:99) For utterance usctimit_ema_m3_458, best cost 159.077 + 5697.94 = 5857.02 over 535 frames.
usctimit_ema_m3_458 sil w eh s t ih ng d ey p r w ih s k aa b ay k w ay d ey p er z ey sh t sil 
LOG (lattice-scale[5.5.141~1-40a9d]:main():lattice-scale.cc:107) Done 183 lattices.
LOG (lattice-add-penalty[5.5.141~1-40a9d]:main():lattice-add-penalty.cc:62) Done adding word insertion penalty to 183 lattices.
LOG (lattice-best-path[5.5.141~1-40a9d]:main():lattice-best-path.cc:99) For utterance usctimit_ema_m3_460, best cost 93.619 + 5053.84 = 5147.46 over 497 frames.
usctimit_ema_m3_460 sil w ih ch s iy v er sh ah l ih g uw z sil 
LOG (lattice-best-path[5.5.141~1-40a9d]:main():lattice-best-path.cc:124) Overall cost per frame is 10.6619 = 0.309049 [graph] + 10.3529 [acoustic] over 81821 frames.
LOG (lattice-best-path[5.5.141~1-40a9d]:main():lattice-best-path.cc:128) Done 183 lattices, failed for 0
# Accounting: time=6 threads=1
# Ended (code 0) at Mon Dec 24 21:09:36 EET 2018, elapsed time 6 seconds
