# lattice-scale --inv-acoustic-scale=12 "ark:gunzip -c exp/bg/mono/decode/lat.*.gz|" ark:- | lattice-add-penalty --word-ins-penalty=1.0 ark:- ark:- | lattice-best-path --word-symbol-table=exp/bg/mono/graph/words.txt ark:- ark,t:- | utils/int2sym.pl -f 2- exp/bg/mono/graph/words.txt | cat > exp/bg/mono/decode/scoring_kaldi/penalty_1.0/12.txt 
# Started at Mon Dec 24 21:09:42 EET 2018
#
lattice-best-path --word-symbol-table=exp/bg/mono/graph/words.txt ark:- ark,t:- 
lattice-add-penalty --word-ins-penalty=1.0 ark:- ark:- 
lattice-scale --inv-acoustic-scale=12 'ark:gunzip -c exp/bg/mono/decode/lat.*.gz|' ark:- 
LOG (lattice-best-path[5.5.141~1-40a9d]:main():lattice-best-path.cc:99) For utterance usctimit_ema_f1_021, best cost 66.2877 + 1976.28 = 2042.57 over 290 frames.
usctimit_ema_f1_021 sil l iy oy s ah l ah n er z sil 
LOG (lattice-best-path[5.5.141~1-40a9d]:main():lattice-best-path.cc:99) For utterance usctimit_ema_f1_028, best cost 148.612 + 3453.44 = 3602.05 over 499 frames.
usctimit_ema_f1_028 sil l ih z ah m ao z ih k aa r t er d ih s ah t ey p aa p y uw aa r ey sil 
LOG (lattice-best-path[5.5.141~1-40a9d]:main():lattice-best-path.cc:99) For utterance usctimit_ema_f1_031, best cost 124.73 + 2779.45 = 2904.18 over 395 frames.
usctimit_ema_f1_031 sil eh s ah l r s l z ih g r jh uw ey sh ah v er z ah n sil 
LOG (lattice-best-path[5.5.141~1-40a9d]:main():lattice-best-path.cc:99) For utterance usctimit_ema_f1_052, best cost 126.067 + 3028.61 = 3154.68 over 431 frames.
usctimit_ema_f1_052 sil hh aa s ah n ah l ch eh k ah z ch y ao z ah f iy r iy sil 
LOG (lattice-best-path[5.5.141~1-40a9d]:main():lattice-best-path.cc:99) For utterance usctimit_ema_f1_054, best cost 97.4709 + 2586.74 = 2684.21 over 382 frames.
usctimit_ema_f1_054 sil ch aa n t iy ch ah n ah n t ah l ih sh ah n z sil 
LOG (lattice-best-path[5.5.141~1-40a9d]:main():lattice-best-path.cc:99) For utterance usctimit_ema_f1_072, best cost 110.611 + 2674.36 = 2784.98 over 403 frames.
usctimit_ema_f1_072 sil s ah n ih z eh v ih ng f y uw b ih k y er k s sil 
LOG (lattice-best-path[5.5.141~1-40a9d]:main():lattice-best-path.cc:99) For utterance usctimit_ema_f1_078, best cost 115.738 + 2987.82 = 3103.55 over 447 frames.
usctimit_ema_f1_078 sil ah l eh k aa s ah l iy z w aa t ah p ay n s ih z sil 
LOG (lattice-best-path[5.5.141~1-40a9d]:main():lattice-best-path.cc:99) For utterance usctimit_ema_f1_090, best cost 106.046 + 2395.02 = 2501.06 over 353 frames.
usctimit_ema_f1_090 sil y uw m ao z ih s ah s ah l iy d l iy b ay l z sil 
LOG (lattice-best-path[5.5.141~1-40a9d]:main():lattice-best-path.cc:99) For utterance usctimit_ema_f1_105, best cost 134.548 + 3295.51 = 3430.06 over 461 frames.
usctimit_ema_f1_105 sil dh iy p ay ow n iy b aa k ae n hh ay iy aa r oy l ae m ow z sil 
LOG (lattice-best-path[5.5.141~1-40a9d]:main():lattice-best-path.cc:99) For utterance usctimit_ema_f1_108, best cost 133.038 + 3186.51 = 3319.54 over 458 frames.
usctimit_ema_f1_108 sil ah s ih jh eh v er z m ey f r aa p eh n aa r n jh iy z sil 
LOG (lattice-best-path[5.5.141~1-40a9d]:main():lattice-best-path.cc:99) For utterance usctimit_ema_f1_111, best cost 103.159 + 2318.46 = 2421.62 over 329 frames.
usctimit_ema_f1_111 sil r ih z ih sh ah n t ah l z ih z ih z f r iy l sil 
LOG (lattice-best-path[5.5.141~1-40a9d]:main():lattice-best-path.cc:99) For utterance usctimit_ema_f1_115, best cost 90.8019 + 2457.92 = 2548.72 over 355 frames.
usctimit_ema_f1_115 sil dh iy f ao r ae ch eh s er r eh k ae z sil 
LOG (lattice-best-path[5.5.141~1-40a9d]:main():lattice-best-path.cc:99) For utterance usctimit_ema_f1_123, best cost 111.051 + 3371.35 = 3482.4 over 492 frames.
usctimit_ema_f1_123 sil dh iy b ah n l s ah s ah l z ih ch iy sh ao r er sil 
LOG (lattice-best-path[5.5.141~1-40a9d]:main():lattice-best-path.cc:99) For utterance usctimit_ema_f1_126, best cost 139.898 + 3055.85 = 3195.75 over 432 frames.
usctimit_ema_f1_126 sil w ih sh ao aa k ah l z ah p ey ih n ey k aa f ih k ey sh ah n sil 
LOG (lattice-best-path[5.5.141~1-40a9d]:main():lattice-best-path.cc:99) For utterance usctimit_ema_f1_134, best cost 80.7592 + 2739.52 = 2820.28 over 416 frames.
usctimit_ema_f1_134 sil dh iy k ih z iy z ae s ih z ih k sil 
LOG (lattice-best-path[5.5.141~1-40a9d]:main():lattice-best-path.cc:99) For utterance usctimit_ema_f1_153, best cost 187.158 + 4263.08 = 4450.24 over 618 frames.
usctimit_ema_f1_153 sil dh ih m ay n iy p eh s ah s aw d z ih p iy b l s ah v ih ng ey sh ah n d r oy n z sil 
LOG (lattice-best-path[5.5.141~1-40a9d]:main():lattice-best-path.cc:99) For utterance usctimit_ema_f1_162, best cost 114.331 + 3263.37 = 3377.7 over 486 frames.
usctimit_ema_f1_162 sil ah s ah l k aa jh ih z ah n ae k oy d ey sh ah m sil 
LOG (lattice-best-path[5.5.141~1-40a9d]:main():lattice-best-path.cc:99) For utterance usctimit_ema_f1_170, best cost 106.112 + 3132.23 = 3238.34 over 459 frames.
usctimit_ema_f1_170 sil hh ao r ay s iy ah m ih k s eh s ih k aw m sil 
LOG (lattice-best-path[5.5.141~1-40a9d]:main():lattice-best-path.cc:99) For utterance usctimit_ema_f1_198, best cost 73.9619 + 2377.22 = 2451.18 over 368 frames.
usctimit_ema_f1_198 sil ah p eh n ay v eh r k er z sil 
LOG (lattice-best-path[5.5.141~1-40a9d]:main():lattice-best-path.cc:99) For utterance usctimit_ema_f1_209, best cost 77.3308 + 2233.96 = 2311.29 over 339 frames.
usctimit_ema_f1_209 sil k r iy l ih ng r p oy n ae n sil 
LOG (lattice-best-path[5.5.141~1-40a9d]:main():lattice-best-path.cc:99) For utterance usctimit_ema_f1_213, best cost 90.0326 + 2477.65 = 2567.68 over 358 frames.
usctimit_ema_f1_213 sil ay m ay z aa k aw t ay ey n s ih ng sil 
LOG (lattice-best-path[5.5.141~1-40a9d]:main():lattice-best-path.cc:99) For utterance usctimit_ema_f1_227, best cost 99.2253 + 2568.94 = 2668.16 over 386 frames.
usctimit_ema_f1_227 sil b ay iy ih ng y ao r y uw ey l w ao t er sil 
LOG (lattice-best-path[5.5.141~1-40a9d]:main():lattice-best-path.cc:99) For utterance usctimit_ema_f1_236, best cost 107.938 + 2432.11 = 2540.05 over 358 frames.
usctimit_ema_f1_236 sil hh aw oy l ey t uw l d ih s ah l ih v eh s ih ng sil 
LOG (lattice-best-path[5.5.141~1-40a9d]:main():lattice-best-path.cc:99) For utterance usctimit_ema_f1_239, best cost 88.6272 + 2722.16 = 2810.78 over 412 frames.
usctimit_ema_f1_239 sil w ih k aa m ey z ah ch aa n iy z iy sil 
LOG (lattice-best-path[5.5.141~1-40a9d]:main():lattice-best-path.cc:99) For utterance usctimit_ema_f1_242, best cost 98.9902 + 2407.5 = 2506.49 over 356 frames.
usctimit_ema_f1_242 sil d ey t ih k ah g ow f ao r ih s ao r ow s sil 
LOG (lattice-best-path[5.5.141~1-40a9d]:main():lattice-best-path.cc:99) For utterance usctimit_ema_f1_244, best cost 108.98 + 2720.19 = 2829.17 over 398 frames.
usctimit_ema_f1_244 sil dh iy eh k aa s ih k ow f r d f aw er b eh n z sil 
LOG (lattice-best-path[5.5.141~1-40a9d]:main():lattice-best-path.cc:99) For utterance usctimit_ema_f1_250, best cost 73.7281 + 2228.21 = 2301.94 over 346 frames.
usctimit_ema_f1_250 sil dh iy m eh s er z aa sh ah s iy sil 
LOG (lattice-best-path[5.5.141~1-40a9d]:main():lattice-best-path.cc:99) For utterance usctimit_ema_f1_252, best cost 162.825 + 3785.71 = 3948.53 over 550 frames.
usctimit_ema_f1_252 sil aw s ah b l iy t uw w ao r w ih th aw t uw f r ih sh ah z aw w er ih ng sil 
LOG (lattice-best-path[5.5.141~1-40a9d]:main():lattice-best-path.cc:99) For utterance usctimit_ema_f1_255, best cost 125.235 + 2918.69 = 3043.92 over 428 frames.
usctimit_ema_f1_255 sil dh iy t ih f er f r ae t ih k aa m ay n t uw f ah l aw t sil 
LOG (lattice-best-path[5.5.141~1-40a9d]:main():lattice-best-path.cc:99) For utterance usctimit_ema_f1_262, best cost 157.604 + 3974.6 = 4132.2 over 572 frames.
usctimit_ema_f1_262 sil dh iy s er ch er z r t ih k ah l iy f ao r m ih f r ah s eh k ah b ay er sil 
LOG (lattice-best-path[5.5.141~1-40a9d]:main():lattice-best-path.cc:99) For utterance usctimit_ema_f1_286, best cost 100.286 + 2069.77 = 2170.06 over 302 frames.
usctimit_ema_f1_286 sil dh eh k ah ch ey z ih z hh ae t er s ah s ah n sil 
LOG (lattice-best-path[5.5.141~1-40a9d]:main():lattice-best-path.cc:99) For utterance usctimit_ema_f1_297, best cost 118.126 + 3860.9 = 3979.03 over 592 frames.
usctimit_ema_f1_297 sil r ah n t aa n ch ah s ao f r t ah n z iy f ah n sil 
LOG (lattice-best-path[5.5.141~1-40a9d]:main():lattice-best-path.cc:99) For utterance usctimit_ema_f1_299, best cost 123.986 + 3313.88 = 3437.86 over 491 frames.
usctimit_ema_f1_299 sil hh ae k ah n er t iy z ah z s oy s ah s ay y uw eh n sil 
LOG (lattice-best-path[5.5.141~1-40a9d]:main():lattice-best-path.cc:99) For utterance usctimit_ema_f1_302, best cost 145.523 + 3854.11 = 3999.63 over 573 frames.
usctimit_ema_f1_302 sil ah d ah l aw t ae b ay s t iy ih n ae s ah l f r iy sh ah l ih z sil 
LOG (lattice-best-path[5.5.141~1-40a9d]:main():lattice-best-path.cc:99) For utterance usctimit_ema_f1_311, best cost 144.995 + 3448.57 = 3593.56 over 495 frames.
usctimit_ema_f1_311 sil dh iy f r ey n ch ah jh eh m ay s ah t uw b ay z dh iy b r ah p er sil 
LOG (lattice-best-path[5.5.141~1-40a9d]:main():lattice-best-path.cc:99) For utterance usctimit_ema_f1_317, best cost 148.758 + 4551.63 = 4700.38 over 679 frames.
usctimit_ema_f1_317 sil m eh n iy ow p iy t ay k ah s w er sh ah n w ao l iy ae n s ah n sil 
LOG (lattice-best-path[5.5.141~1-40a9d]:main():lattice-best-path.cc:99) For utterance usctimit_ema_f1_320, best cost 112.211 + 3071.63 = 3183.84 over 454 frames.
usctimit_ema_f1_320 sil ah k ah n s er l ah jh oy d ih sh ah l ih sh ih zh sil 
LOG (lattice-best-path[5.5.141~1-40a9d]:main():lattice-best-path.cc:99) For utterance usctimit_ema_f1_323, best cost 110.795 + 3035.45 = 3146.24 over 450 frames.
usctimit_ema_f1_323 sil dh ae n s w ih sh ah m ay ch er k oy z eh k ah z sil 
LOG (lattice-best-path[5.5.141~1-40a9d]:main():lattice-best-path.cc:99) For utterance usctimit_ema_f1_325, best cost 102 + 2716.23 = 2818.23 over 400 frames.
usctimit_ema_f1_325 sil w ih sh ah l ah m aa ch ih z ey t ay m dh iy z sil 
LOG (lattice-best-path[5.5.141~1-40a9d]:main():lattice-best-path.cc:99) For utterance usctimit_ema_f1_342, best cost 110.67 + 3116.02 = 3226.69 over 452 frames.
usctimit_ema_f1_342 sil sh uw w ey t er z eh t r f r l d ih s ih ng sil 
LOG (lattice-best-path[5.5.141~1-40a9d]:main():lattice-best-path.cc:99) For utterance usctimit_ema_f1_346, best cost 99.5632 + 2249.21 = 2348.77 over 328 frames.
usctimit_ema_f1_346 sil w ao k ah m ah n iy s t uw n z iy ch iy er sil 
LOG (lattice-best-path[5.5.141~1-40a9d]:main():lattice-best-path.cc:99) For utterance usctimit_ema_f1_347, best cost 132.801 + 3062.96 = 3195.76 over 452 frames.
usctimit_ema_f1_347 sil r jh ah p r n ay d b ay f iy ch ih g ae sh ao r ih jh sil 
LOG (lattice-best-path[5.5.141~1-40a9d]:main():lattice-best-path.cc:99) For utterance usctimit_ema_f1_356, best cost 79.5748 + 2093.06 = 2172.63 over 302 frames.
usctimit_ema_f1_356 sil dh iy l ay k l hh ae ch aw er z sil 
LOG (lattice-best-path[5.5.141~1-40a9d]:main():lattice-best-path.cc:99) For utterance usctimit_ema_f1_360, best cost 153.757 + 3242.37 = 3396.13 over 462 frames.
usctimit_ema_f1_360 sil dh iy v ih z dh iy s l iy f ay d ih k l ae n s er th ih z ah s m l iy sil 
LOG (lattice-best-path[5.5.141~1-40a9d]:main():lattice-best-path.cc:99) For utterance usctimit_ema_f1_362, best cost 103.027 + 2779.23 = 2882.25 over 430 frames.
usctimit_ema_f1_362 sil dh iy s ih ng ah v er w ao l v er ch ih k y er sil 
LOG (lattice-best-path[5.5.141~1-40a9d]:main():lattice-best-path.cc:99) For utterance usctimit_ema_f1_364, best cost 140.298 + 3135.24 = 3275.54 over 457 frames.
usctimit_ema_f1_364 sil dh iy t ae s ih k ae b r d eh k ao z ih k ae t ae f ih t ae n sil 
LOG (lattice-best-path[5.5.141~1-40a9d]:main():lattice-best-path.cc:99) For utterance usctimit_ema_f1_368, best cost 98.3876 + 3026.48 = 3124.86 over 450 frames.
usctimit_ema_f1_368 sil w ih s ah v ae n ah t ih th ih sh ah m jh sil 
LOG (lattice-best-path[5.5.141~1-40a9d]:main():lattice-best-path.cc:99) For utterance usctimit_ema_f1_382, best cost 147.555 + 3903.8 = 4051.35 over 595 frames.
usctimit_ema_f1_382 sil s ih sh l iy k ah l z ah n eh k ae sh ah l iy ow z ah n ch ah p ih ng sil 
LOG (lattice-best-path[5.5.141~1-40a9d]:main():lattice-best-path.cc:99) For utterance usctimit_ema_f1_394, best cost 131.446 + 3670.65 = 3802.09 over 548 frames.
usctimit_ema_f1_394 sil dh iy z ih r s ah p w iy s ah n t ay k ah l s m ay er z sil 
LOG (lattice-best-path[5.5.141~1-40a9d]:main():lattice-best-path.cc:99) For utterance usctimit_ema_f1_397, best cost 154.425 + 3398.29 = 3552.71 over 501 frames.
usctimit_ema_f1_397 sil s ah b r n ah s ay s k aa k ah n s ah v er f ih g ae k aa b ah t sil 
LOG (lattice-best-path[5.5.141~1-40a9d]:main():lattice-best-path.cc:99) For utterance usctimit_ema_f1_402, best cost 80.6152 + 2647.76 = 2728.37 over 401 frames.
usctimit_ema_f1_402 sil r s ih k ah t ih f r iy ch iy z sil 
LOG (lattice-best-path[5.5.141~1-40a9d]:main():lattice-best-path.cc:99) For utterance usctimit_ema_f1_405, best cost 116.05 + 3439.17 = 3555.22 over 510 frames.
usctimit_ema_f1_405 sil w ey ah s p r iy s ae p oy n t er ih ng g r ae 
LOG (lattice-best-path[5.5.141~1-40a9d]:main():lattice-best-path.cc:99) For utterance usctimit_ema_f1_451, best cost 137.28 + 3129.06 = 3266.34 over 444 frames.
usctimit_ema_f1_451 sil ch ow t ih ng k ah n z ih m ay iy f r l t ih m ah n s ih ng sil 
LOG (lattice-best-path[5.5.141~1-40a9d]:main():lattice-best-path.cc:99) For utterance usctimit_ema_f1_453, best cost 140.785 + 3207.79 = 3348.58 over 476 frames.
usctimit_ema_f1_453 sil w eh n er z k w ih ng ih ng z ih ng hh ae v er ch ah b ow p er ah n sil 
LOG (lattice-best-path[5.5.141~1-40a9d]:main():lattice-best-path.cc:99) For utterance usctimit_ema_f1_456, best cost 134.777 + 2972.45 = 3107.22 over 433 frames.
usctimit_ema_f1_456 sil ah m ow s ih d eh k ah l m p ae t uw ae n z b aa r d ih ng sil 
LOG (lattice-best-path[5.5.141~1-40a9d]:main():lattice-best-path.cc:99) For utterance usctimit_ema_f1_460, best cost 86.4995 + 2193.56 = 2280.06 over 334 frames.
usctimit_ema_f1_460 sil w ih sh iy t ih sh ah m ah b ih g ah z sil 
LOG (lattice-best-path[5.5.141~1-40a9d]:main():lattice-best-path.cc:99) For utterance usctimit_ema_f5_009, best cost 68.8254 + 2249.06 = 2317.89 over 341 frames.
usctimit_ema_f5_009 sil y uw l aw w er l ay z sil 
LOG (lattice-best-path[5.5.141~1-40a9d]:main():lattice-best-path.cc:99) For utterance usctimit_ema_f5_011, best cost 79.5788 + 2194.95 = 2274.53 over 301 frames.
usctimit_ema_f5_011 sil dh iy r m ah s ay z ih k ae n sil 
LOG (lattice-best-path[5.5.141~1-40a9d]:main():lattice-best-path.cc:99) For utterance usctimit_ema_f5_017, best cost 114.077 + 2483.33 = 2597.4 over 328 frames.
usctimit_ema_f5_017 sil aw m iy hh aa m z d f ao z m ae z w ao l sil 
LOG (lattice-best-path[5.5.141~1-40a9d]:main():lattice-best-path.cc:99) For utterance usctimit_ema_f5_019, best cost 94.6714 + 2224.07 = 2318.75 over 308 frames.
usctimit_ema_f5_019 sil ah f ah l f eh t ah t iy f r iy m sil 
LOG (lattice-best-path[5.5.141~1-40a9d]:main():lattice-best-path.cc:99) For utterance usctimit_ema_f5_066, best cost 93.6961 + 2607.21 = 2700.91 over 335 frames.
usctimit_ema_f5_066 sil ae t ah t eh g ah s t uw f r ey l iy sil 
LOG (lattice-best-path[5.5.141~1-40a9d]:main():lattice-best-path.cc:99) For utterance usctimit_ema_f5_080, best cost 127.343 + 3080.78 = 3208.12 over 417 frames.
usctimit_ema_f5_080 sil dh iy k ah s ah b iy d er t aa p eh k l ae p ay l z sil 
LOG (lattice-best-path[5.5.141~1-40a9d]:main():lattice-best-path.cc:99) For utterance usctimit_ema_f5_081, best cost 133.097 + 2771.57 = 2904.66 over 373 frames.
usctimit_ema_f5_081 sil ae s k r ey p r iy s t ae k s ah n z n eh n ey sh ah n sil 
LOG (lattice-best-path[5.5.141~1-40a9d]:main():lattice-best-path.cc:99) For utterance usctimit_ema_f5_090, best cost 122.108 + 2770.68 = 2892.79 over 385 frames.
usctimit_ema_f5_090 sil dh iy n s ih k s ah s ih k l iy d ih l iy f ay l z sil 
LOG (lattice-best-path[5.5.141~1-40a9d]:main():lattice-best-path.cc:99) For utterance usctimit_ema_f5_143, best cost 127.535 + 3228.74 = 3356.27 over 473 frames.
usctimit_ema_f5_143 sil dh iy k ah f r ah s ao f er z ey sh ah s ih s ih sh ah t sil 
LOG (lattice-best-path[5.5.141~1-40a9d]:main():lattice-best-path.cc:99) For utterance usctimit_ema_f5_144, best cost 176.626 + 4183.28 = 4359.9 over 594 frames.
usctimit_ema_f5_144 sil ae s k ao th ih z dh iy p eh n t er jh ah n uw b ow t hh aa b iy aa n iy z sil 
LOG (lattice-best-path[5.5.141~1-40a9d]:main():lattice-best-path.cc:99) For utterance usctimit_ema_f5_162, best cost 127.015 + 3333.11 = 3460.12 over 483 frames.
usctimit_ema_f5_162 sil ah s ao k aa jh ih z ah n aw k oy d ey sh ah l sil 
LOG (lattice-best-path[5.5.141~1-40a9d]:main():lattice-best-path.cc:99) For utterance usctimit_ema_f5_163, best cost 149.947 + 3724.84 = 3874.79 over 532 frames.
usctimit_ema_f5_163 sil w ih ch ah t er z b ay hh iy z ah jh eh n w ao z ah m z f ao r iy sil 
LOG (lattice-best-path[5.5.141~1-40a9d]:main():lattice-best-path.cc:99) For utterance usctimit_ema_f5_164, best cost 94.3061 + 2756.29 = 2850.6 over 405 frames.
usctimit_ema_f5_164 sil dh ih k uw z d aw n dh iy t uw d sil 
LOG (lattice-best-path[5.5.141~1-40a9d]:main():lattice-best-path.cc:99) For utterance usctimit_ema_f5_174, best cost 102.872 + 2713.91 = 2816.79 over 386 frames.
usctimit_ema_f5_174 sil s t er hh ae t r aa f ae sh ah z y er sil 
LOG (lattice-best-path[5.5.141~1-40a9d]:main():lattice-best-path.cc:99) For utterance usctimit_ema_f5_197, best cost 110.836 + 2713.1 = 2823.93 over 400 frames.
usctimit_ema_f5_197 sil dh iy s m l ah p iy p w er m m hh aa k sil 
LOG (lattice-best-path[5.5.141~1-40a9d]:main():lattice-best-path.cc:99) For utterance usctimit_ema_f5_208, best cost 103.47 + 2495.84 = 2599.31 over 373 frames.
usctimit_ema_f5_208 sil dh iy b y uw p oy p ow v ah l dh iy ow sh ah n sil 
LOG (lattice-best-path[5.5.141~1-40a9d]:main():lattice-best-path.cc:99) For utterance usctimit_ema_f5_233, best cost 211.639 + 4699.41 = 4911.05 over 648 frames.
usctimit_ema_f5_233 sil ae n iy ey b l iy sil r m ah b ah t r l aw oy d eh k l t ah n s eh t uw f r iy dh iy sil 
LOG (lattice-best-path[5.5.141~1-40a9d]:main():lattice-best-path.cc:99) For utterance usctimit_ema_f5_243, best cost 113.887 + 2554.17 = 2668.06 over 363 frames.
usctimit_ema_f5_243 sil er hh ao l d ey p r n dh iy l b l t ah z sil 
LOG (lattice-best-path[5.5.141~1-40a9d]:main():lattice-best-path.cc:99) For utterance usctimit_ema_f5_244, best cost 107.776 + 2908.59 = 3016.37 over 412 frames.
usctimit_ema_f5_244 sil dh iy t er f ah d p aw ah f ao r b eh d z sil 
LOG (lattice-best-path[5.5.141~1-40a9d]:main():lattice-best-path.cc:99) For utterance usctimit_ema_f5_272, best cost 123.316 + 2589.78 = 2713.09 over 364 frames.
usctimit_ema_f5_272 sil t ow f l z m ey t ah p aa s ah s oy b iy d z sil 
LOG (lattice-best-path[5.5.141~1-40a9d]:main():lattice-best-path.cc:99) For utterance usctimit_ema_f5_281, best cost 200.297 + 4121.08 = 4321.38 over 565 frames.
usctimit_ema_f5_281 sil ay d ay er z ih s ah p l k ah v iy w oy n f ao m ah p er k aa k ah m s ah g eh t sil 
LOG (lattice-best-path[5.5.141~1-40a9d]:main():lattice-best-path.cc:99) For utterance usctimit_ema_f5_304, best cost 182.201 + 4726.79 = 4908.99 over 667 frames.
usctimit_ema_f5_304 sil g eh s aa p ay t iy m eh k w uh d ah n aa t ih z k oy n eh sh ah l f ao r z sil 
LOG (lattice-best-path[5.5.141~1-40a9d]:main():lattice-best-path.cc:99) For utterance usctimit_ema_f5_307, best cost 115.523 + 2894.3 = 3009.82 over 418 frames.
usctimit_ema_f5_307 sil t uw ch aa k ah t eh d ih g uw s p aw t l sil 
LOG (lattice-best-path[5.5.141~1-40a9d]:main():lattice-best-path.cc:99) For utterance usctimit_ema_f5_329, best cost 138.882 + 3552.13 = 3691.01 over 535 frames.
usctimit_ema_f5_329 sil ih k aw w aa n er f r m f r m ay n dh iy hh iy m ao s sil 
LOG (lattice-best-path[5.5.141~1-40a9d]:main():lattice-best-path.cc:99) For utterance usctimit_ema_f5_330, best cost 210.407 + 4541.97 = 4752.37 over 611 frames.
usctimit_ema_f5_330 sil iy t ah t ay m iy d ah m ao s k ow n s ay d dh iy b r ih k ae n iy z iy s ah s t ah m p r sil 
LOG (lattice-best-path[5.5.141~1-40a9d]:main():lattice-best-path.cc:99) For utterance usctimit_ema_f5_334, best cost 154.495 + 3775.91 = 3930.4 over 536 frames.
usctimit_ema_f5_334 sil w ey s k aa s t iy m iy b l ae k ae s t iy k t iy l d ae n sil 
LOG (lattice-best-path[5.5.141~1-40a9d]:main():lattice-best-path.cc:99) For utterance usctimit_ema_f5_336, best cost 127.314 + 2794.41 = 2921.72 over 396 frames.
usctimit_ema_f5_336 sil ae n oy s p aa n g er z m ao r n oy iy ch t ey sil 
LOG (lattice-best-path[5.5.141~1-40a9d]:main():lattice-best-path.cc:99) For utterance usctimit_ema_f5_343, best cost 137.051 + 3469.88 = 3606.93 over 506 frames.
usctimit_ema_f5_343 sil ah jh ah s ah jh ah n ah n uw r k y uw aa jh k ah n z iy m sil 
LOG (lattice-best-path[5.5.141~1-40a9d]:main():lattice-best-path.cc:99) For utterance usctimit_ema_f5_348, best cost 124.148 + 3149.63 = 3273.77 over 455 frames.
usctimit_ema_f5_348 sil dh iy k aa t ih k ih sh eh p er ao r iy jh ah b ah d sil 
LOG (lattice-best-path[5.5.141~1-40a9d]:main():lattice-best-path.cc:99) For utterance usctimit_ema_f5_349, best cost 86.1458 + 2709.34 = 2795.48 over 405 frames.
usctimit_ema_f5_349 sil iy sh ah s k er f r jh oy z sil 
LOG (lattice-best-path[5.5.141~1-40a9d]:main():lattice-best-path.cc:99) For utterance usctimit_ema_f5_354, best cost 172.336 + 4731.24 = 4903.58 over 679 frames.
usctimit_ema_f5_354 w eh v er dh iy g r m ay t ah p eh sh ah m ay z ih z sil ah l ah n d sil 
LOG (lattice-best-path[5.5.141~1-40a9d]:main():lattice-best-path.cc:99) For utterance usctimit_ema_f5_356, best cost 70.9807 + 1684.55 = 1755.53 over 219 frames.
usctimit_ema_f5_356 sil dh iy l ay k aa n dh iy l 
LOG (lattice-best-path[5.5.141~1-40a9d]:main():lattice-best-path.cc:99) For utterance usctimit_ema_f5_369, best cost 165.82 + 3664.46 = 3830.28 over 537 frames.
usctimit_ema_f5_369 sil dh er z ah jh ay ae t ih k w ao s t ih k s t er ih ng z dh iy t aa p ae t sil 
LOG (lattice-best-path[5.5.141~1-40a9d]:main():lattice-best-path.cc:99) For utterance usctimit_ema_f5_375, best cost 123.056 + 3106.02 = 3229.08 over 435 frames.
usctimit_ema_f5_375 sil ay er sh ah t er z iy ch er s p er ch er b r ah s sil 
LOG (lattice-best-path[5.5.141~1-40a9d]:main():lattice-best-path.cc:99) For utterance usctimit_ema_f5_389, best cost 185.978 + 4003.85 = 4189.83 over 553 frames.
usctimit_ema_f5_389 sil dh iy f ih ch er k n ey n dh iy t ih s t er k t iy z dh iy t uw s iy p iy t ih z sil 
LOG (lattice-best-path[5.5.141~1-40a9d]:main():lattice-best-path.cc:99) For utterance usctimit_ema_f5_392, best cost 156.503 + 3995.46 = 4151.97 over 574 frames.
usctimit_ema_f5_392 sil dh er ch ah n eh s t ah m p ay k ih k aa m z ih s ah s ah sh uw z sil 
LOG (lattice-best-path[5.5.141~1-40a9d]:main():lattice-best-path.cc:99) For utterance usctimit_ema_f5_396, best cost 191.185 + 3819.33 = 4010.52 over 518 frames.
usctimit_ema_f5_396 sil dh iy ae t ay z ih ng g er s t ah v p r m ah v er ay n iy s r n eh v er ch ey n d ih z sil 
LOG (lattice-best-path[5.5.141~1-40a9d]:main():lattice-best-path.cc:99) For utterance usctimit_ema_f5_406, best cost 149.771 + 3638.49 = 3788.26 over 512 frames.
usctimit_ema_f5_406 sil dh iy s ih g ow f ao s ih l iy ow v ow b ay t ah ch ow n d iy z sil 
LOG (lattice-best-path[5.5.141~1-40a9d]:main():lattice-best-path.cc:99) For utterance usctimit_ema_f5_424, best cost 80.8427 + 2520.11 = 2600.95 over 379 frames.
usctimit_ema_f5_424 sil dh iy p iy p l d b iy ah n er d sil 
LOG (lattice-best-path[5.5.141~1-40a9d]:main():lattice-best-path.cc:99) For utterance usctimit_ema_f5_426, best cost 100.635 + 2601.06 = 2701.7 over 335 frames.
usctimit_ema_f5_426 sil dh iy z iy ow z ah l z ih s w iy p iy ah 
LOG (lattice-best-path[5.5.141~1-40a9d]:main():lattice-best-path.cc:99) For utterance usctimit_ema_f5_431, best cost 133.472 + 3053.93 = 3187.41 over 427 frames.
usctimit_ema_f5_431 sil aa p aa f ao r ih z ey sh ah f ih k ae f ah n er z er z sil 
LOG (lattice-best-path[5.5.141~1-40a9d]:main():lattice-best-path.cc:99) For utterance usctimit_ema_f5_436, best cost 126.278 + 2922.88 = 3049.15 over 405 frames.
usctimit_ema_f5_436 sil hh er s p er th iy f r k l ey k er z ah n d ih ng sil 
LOG (lattice-best-path[5.5.141~1-40a9d]:main():lattice-best-path.cc:99) For utterance usctimit_ema_f5_438, best cost 162.905 + 3569.33 = 3732.24 over 498 frames.
usctimit_ema_f5_438 sil dh iy p ay ao t r ey m ao l ey n t ih k ah p y uw z dh iy t r d ih sh ah n sil 
LOG (lattice-best-path[5.5.141~1-40a9d]:main():lattice-best-path.cc:99) For utterance usctimit_ema_f5_447, best cost 150.49 + 3815.55 = 3966.04 over 536 frames.
usctimit_ema_f5_447 sil r uw z iy n d er k s ay dh iy n dh iy s t iy n t ow v er sil 
LOG (lattice-best-path[5.5.141~1-40a9d]:main():lattice-best-path.cc:99) For utterance usctimit_ema_f5_451, best cost 174.178 + 3993.52 = 4167.69 over 533 frames.
usctimit_ema_f5_451 sil t l r iy ch l ih k ah s uw m ah n iy f er r l t ah m ah n s ih ng sil 
LOG (lattice-best-path[5.5.141~1-40a9d]:main():lattice-best-path.cc:99) For utterance usctimit_ema_m1_006, best cost 102.558 + 2654.28 = 2756.84 over 381 frames.
usctimit_ema_m1_006 sil w ay y ao l w ao r iy f r s l iy ae m z sil 
LOG (lattice-best-path[5.5.141~1-40a9d]:main():lattice-best-path.cc:99) For utterance usctimit_ema_m1_010, best cost 76.2672 + 2034 = 2110.27 over 306 frames.
usctimit_ema_m1_010 sil w ao r l w ao r iy ow l ih l iy sil 
LOG (lattice-best-path[5.5.141~1-40a9d]:main():lattice-best-path.cc:99) For utterance usctimit_ema_m1_012, best cost 127.899 + 3185.24 = 3313.14 over 456 frames.
usctimit_ema_m1_012 sil ao f er z ih z ih z ae m er v y uw v er f ao m ow 
LOG (lattice-best-path[5.5.141~1-40a9d]:main():lattice-best-path.cc:99) For utterance usctimit_ema_m1_051, best cost 118.412 + 3033.63 = 3152.04 over 421 frames.
usctimit_ema_m1_051 sil ih k aa k r iy sh ah l iy k r dh iy p ih sh iy ey d sil 
LOG (lattice-best-path[5.5.141~1-40a9d]:main():lattice-best-path.cc:99) For utterance usctimit_ema_m1_090, best cost 116.692 + 2511.48 = 2628.17 over 356 frames.
usctimit_ema_m1_090 sil y uw m ah s ih s p l s ah l iy b ah l iy f ay l z sil 
LOG (lattice-best-path[5.5.141~1-40a9d]:main():lattice-best-path.cc:99) For utterance usctimit_ema_m1_095, best cost 127.047 + 2952.75 = 3079.79 over 420 frames.
usctimit_ema_m1_095 sil dh iy b eh s w ey t l er z s ah l ch er p r aa b l z sil 
LOG (lattice-best-path[5.5.141~1-40a9d]:main():lattice-best-path.cc:99) For utterance usctimit_ema_m1_098, best cost 106.86 + 2855.84 = 2962.7 over 421 frames.
usctimit_ema_m1_098 sil ah m ah s y uw r ae n s k ih f r iy b ae t sil 
LOG (lattice-best-path[5.5.141~1-40a9d]:main():lattice-best-path.cc:99) For utterance usctimit_ema_m1_099, best cost 133.162 + 3306.28 = 3439.45 over 495 frames.
usctimit_ema_m1_099 sil dh iy k aa t uw f iy ch er z ah m ah s p r ae k ah t ae p l sil 
LOG (lattice-best-path[5.5.141~1-40a9d]:main():lattice-best-path.cc:99) For utterance usctimit_ema_m1_137, best cost 155.708 + 3480.95 = 3636.65 over 499 frames.
usctimit_ema_m1_137 sil k l th ih k ae k ah t uw z jh eh jh p ay s t ae n er ay s t ae s sil 
LOG (lattice-best-path[5.5.141~1-40a9d]:main():lattice-best-path.cc:99) For utterance usctimit_ema_m1_139, best cost 131.452 + 3798.02 = 3929.47 over 571 frames.
usctimit_ema_m1_139 sil w er k ah n t ey t m ah ch k ao r iy n s aw n z ay z sil 
LOG (lattice-best-path[5.5.141~1-40a9d]:main():lattice-best-path.cc:99) For utterance usctimit_ema_m1_145, best cost 171.795 + 3857.97 = 4029.77 over 546 frames.
usctimit_ema_m1_145 sil eh s p r k aa sh ah n iy l w ao z b ay b ah n hh aw er f r ah s t aa k l sil 
LOG (lattice-best-path[5.5.141~1-40a9d]:main():lattice-best-path.cc:99) For utterance usctimit_ema_m1_158, best cost 182.149 + 3922.49 = 4104.64 over 573 frames.
usctimit_ema_m1_158 sil b ay n f er b r k ao r f r k ao r z ah n t w ih sh ah n ah n eh k s p r t iy z sil 
LOG (lattice-best-path[5.5.141~1-40a9d]:main():lattice-best-path.cc:99) For utterance usctimit_ema_m1_160, best cost 170.325 + 3598.55 = 3768.88 over 512 frames.
usctimit_ema_m1_160 sil ch ih ng k er ch er ch ah l ah n t ah m ey k eh r ow hh aw w ih ng k aa s t uw sil 
LOG (lattice-best-path[5.5.141~1-40a9d]:main():lattice-best-path.cc:99) For utterance usctimit_ema_m1_162, best cost 132.443 + 3412.33 = 3544.78 over 506 frames.
usctimit_ema_m1_162 sil ah m ao s t ah l k ah l jh ih z ah n ow k ow ch ey sh ah l sil 
LOG (lattice-best-path[5.5.141~1-40a9d]:main():lattice-best-path.cc:99) For utterance usctimit_ema_m1_164, best cost 72.6567 + 2736.59 = 2809.25 over 407 frames.
usctimit_ema_m1_164 sil f ih k uw z aa n t uw sil 
LOG (lattice-best-path[5.5.141~1-40a9d]:main():lattice-best-path.cc:99) For utterance usctimit_ema_m1_166, best cost 90.7146 + 2482.15 = 2572.86 over 380 frames.
usctimit_ema_m1_166 sil dh iy k ae s m iy l z hh er w iy er z sil 
LOG (lattice-best-path[5.5.141~1-40a9d]:main():lattice-best-path.cc:99) For utterance usctimit_ema_m1_169, best cost 79.962 + 2235.95 = 2315.91 over 346 frames.
usctimit_ema_m1_169 sil dh iy aa f r g ow aw n iy d ih ng sil 
LOG (lattice-best-path[5.5.141~1-40a9d]:main():lattice-best-path.cc:99) For utterance usctimit_ema_m1_179, best cost 97.3452 + 2433.24 = 2530.59 over 365 frames.
usctimit_ema_m1_179 sil k aa r iy ch k r f ah n uw ae k s ih z sil 
LOG (lattice-best-path[5.5.141~1-40a9d]:main():lattice-best-path.cc:99) For utterance usctimit_ema_m1_183, best cost 128.249 + 3595.86 = 3724.11 over 544 frames.
usctimit_ema_m1_183 sil ah p r ch er ch er v iy l s ae ch uw s k p ow zh er sil 
LOG (lattice-best-path[5.5.141~1-40a9d]:main():lattice-best-path.cc:99) For utterance usctimit_ema_m1_193, best cost 168.985 + 3670.28 = 3839.26 over 545 frames.
usctimit_ema_m1_193 sil ay d ey v ah n s er v er ch oy z ih z ah m ah p ah n t ae t p r ay ao r iy z sil 
LOG (lattice-best-path[5.5.141~1-40a9d]:main():lattice-best-path.cc:99) For utterance usctimit_ema_m1_204, best cost 82.1548 + 2216.66 = 2298.82 over 353 frames.
usctimit_ema_m1_204 sil hh aa g uh d ih jh er n d er n z sil 
LOG (lattice-best-path[5.5.141~1-40a9d]:main():lattice-best-path.cc:99) For utterance usctimit_ema_m1_209, best cost 70.467 + 2253.23 = 2323.7 over 352 frames.
usctimit_ema_m1_209 sil w ih l th ih f er p oy n sil 
LOG (lattice-best-path[5.5.141~1-40a9d]:main():lattice-best-path.cc:99) For utterance usctimit_ema_m1_224, best cost 101.516 + 2718.47 = 2819.99 over 406 frames.
usctimit_ema_m1_224 sil ay ey t ah f r oy s t er n ao z p l iy sil 
LOG (lattice-best-path[5.5.141~1-40a9d]:main():lattice-best-path.cc:99) For utterance usctimit_ema_m1_229, best cost 113.491 + 2677.04 = 2790.53 over 395 frames.
usctimit_ema_m1_229 sil m ay dh iy w ih ng ih g ah n s ah hh aa k aa f iy sil 
LOG (lattice-best-path[5.5.141~1-40a9d]:main():lattice-best-path.cc:99) For utterance usctimit_ema_m1_237, best cost 131.457 + 3131.37 = 3262.83 over 450 frames.
usctimit_ema_m1_237 sil w ih s aa p iy t ay m iy ay s k l z b l w ao r uw f sil 
LOG (lattice-best-path[5.5.141~1-40a9d]:main():lattice-best-path.cc:99) For utterance usctimit_ema_m1_265, best cost 144.589 + 3262.23 = 3406.82 over 470 frames.
usctimit_ema_m1_265 sil p iy t ey t ih s t er iy t ih b ah p aa t uw k n z f ao r iy sil 
LOG (lattice-best-path[5.5.141~1-40a9d]:main():lattice-best-path.cc:99) For utterance usctimit_ema_m1_269, best cost 129.356 + 3214.67 = 3344.03 over 491 frames.
usctimit_ema_m1_269 sil ay b r ah m ah p ay dh ow sh uw z ah b iy v er ch er ch sil 
LOG (lattice-best-path[5.5.141~1-40a9d]:main():lattice-best-path.cc:99) For utterance usctimit_ema_m1_277, best cost 93.6507 + 2175.81 = 2269.46 over 337 frames.
usctimit_ema_m1_277 sil dh iy m iy ih ng dh ih z aw er jh er n z sil 
LOG (lattice-best-path[5.5.141~1-40a9d]:main():lattice-best-path.cc:99) For utterance usctimit_ema_m1_302, best cost 202.402 + 4975.34 = 5177.74 over 706 frames.
usctimit_ema_m1_302 sil ah l ah n aa t ah l m ey l ah t uw s t iy k ah n aa s uw b l f r iy ih ng sh ah l f ey sh 
LOG (lattice-best-path[5.5.141~1-40a9d]:main():lattice-best-path.cc:99) For utterance usctimit_ema_m1_303, best cost 117.557 + 2730.24 = 2847.8 over 415 frames.
usctimit_ema_m1_303 sil aa f ah n iy g ah p ae k ao ih n iy p uh d ey n sil 
LOG (lattice-best-path[5.5.141~1-40a9d]:main():lattice-best-path.cc:99) For utterance usctimit_ema_m1_317, best cost 178.548 + 4848.32 = 5026.87 over 731 frames.
usctimit_ema_m1_317 sil dh iy w ao f iy t ay k uw s w er sh ah n b aa p ow th ih g aa p ae n s t uw er sil 
LOG (lattice-best-path[5.5.141~1-40a9d]:main():lattice-best-path.cc:99) For utterance usctimit_ema_m1_320, best cost 131.861 + 3133.03 = 3264.9 over 468 frames.
usctimit_ema_m1_320 sil dh iy k aa s ao r w ay n jh oy d ih sh ah l f ih sh t ih sh sil 
LOG (lattice-best-path[5.5.141~1-40a9d]:main():lattice-best-path.cc:99) For utterance usctimit_ema_m1_322, best cost 120.421 + 2750.39 = 2870.81 over 422 frames.
usctimit_ema_m1_322 sil ah l f ah n z aa n t l jh d r iy n ae m l z sil 
LOG (lattice-best-path[5.5.141~1-40a9d]:main():lattice-best-path.cc:99) For utterance usctimit_ema_m1_336, best cost 153.156 + 3274.69 = 3427.84 over 475 frames.
usctimit_ema_m1_336 sil dh ae n oy s p r ah m g ow z r ow z m ao r m oy ng iy ch ey sil 
LOG (lattice-best-path[5.5.141~1-40a9d]:main():lattice-best-path.cc:99) For utterance usctimit_ema_m1_338, best cost 135.519 + 3376.8 = 3512.32 over 511 frames.
usctimit_ema_m1_338 sil dh ae t ay d r m ey k s ah n z ah l iy f er m ah s eh v iy sil 
LOG (lattice-best-path[5.5.141~1-40a9d]:main():lattice-best-path.cc:99) For utterance usctimit_ema_m1_340, best cost 98.1656 + 2155.45 = 2253.62 over 316 frames.
usctimit_ema_m1_340 sil jh ao ng k ih ng sh ah l f ih f ao l ih ng sil 
LOG (lattice-best-path[5.5.141~1-40a9d]:main():lattice-best-path.cc:99) For utterance usctimit_ema_m1_344, best cost 135.654 + 2930.51 = 3066.17 over 454 frames.
usctimit_ema_m1_344 sil hh ae m b ih z g r ay v ih ng l s ah n t ah n dh er z ey z sil 
LOG (lattice-best-path[5.5.141~1-40a9d]:main():lattice-best-path.cc:99) For utterance usctimit_ema_m1_347, best cost 139.273 + 3252.65 = 3391.93 over 467 frames.
usctimit_ema_m1_347 sil t er z p er w ih b aa p ah f uw sh er jh ae ch er ih jh sil 
LOG (lattice-best-path[5.5.141~1-40a9d]:main():lattice-best-path.cc:99) For utterance usctimit_ema_m1_350, best cost 121.974 + 2301.8 = 2423.77 over 337 frames.
usctimit_ema_m1_350 sil ih sh ah l er f ah l th ih z ih v er w ah b er p ah n sil 
LOG (lattice-best-path[5.5.141~1-40a9d]:main():lattice-best-path.cc:99) For utterance usctimit_ema_m1_360, best cost 176.144 + 3581.16 = 3757.31 over 500 frames.
usctimit_ema_m1_360 sil dh iy f ih sh iy ae z ah l iy p f r t ih k l iy l s er f ih s ah s m l ey k sil 
LOG (lattice-best-path[5.5.141~1-40a9d]:main():lattice-best-path.cc:99) For utterance usctimit_ema_m1_361, best cost 126.523 + 2648.64 = 2775.16 over 383 frames.
usctimit_ema_m1_361 sil t ih n t ey sh iy l th ih s iy m uw dh iy s w ih s w iy sil 
LOG (lattice-best-path[5.5.141~1-40a9d]:main():lattice-best-path.cc:99) For utterance usctimit_ema_m1_367, best cost 125.227 + 3241.43 = 3366.66 over 492 frames.
usctimit_ema_m1_367 sil b aa b er p ey p er m iy s ah b iy b aa n f ay er sil 
LOG (lattice-best-path[5.5.141~1-40a9d]:main():lattice-best-path.cc:99) For utterance usctimit_ema_m1_368, best cost 122.123 + 3194.09 = 3316.22 over 474 frames.
usctimit_ema_m1_368 sil k ao sh ah v er hh ae v n ow t uw f ih sh ah n ch sil 
LOG (lattice-best-path[5.5.141~1-40a9d]:main():lattice-best-path.cc:99) For utterance usctimit_ema_m1_375, best cost 139.849 + 3208.38 = 3348.23 over 464 frames.
usctimit_ema_m1_375 sil ay r sh ow ch er z iy f r jh t ah p er s er b r k ah z sil 
LOG (lattice-best-path[5.5.141~1-40a9d]:main():lattice-best-path.cc:99) For utterance usctimit_ema_m1_394, best cost 142.386 + 3756.27 = 3898.66 over 547 frames.
usctimit_ema_m1_394 sil dh iy z ah g r s ah p l iy s ah n t f ay k aa t s m ow v er z sil 
LOG (lattice-best-path[5.5.141~1-40a9d]:main():lattice-best-path.cc:99) For utterance usctimit_ema_m1_400, best cost 126.619 + 2671.36 = 2797.98 over 382 frames.
usctimit_ema_m1_400 sil w ih z ah s l aa r ch eh ng b ay dh iy aa r ih ng ao r sil 
LOG (lattice-best-path[5.5.141~1-40a9d]:main():lattice-best-path.cc:99) For utterance usctimit_ema_m1_432, best cost 61.2903 + 1843.21 = 1904.5 over 285 frames.
usctimit_ema_m1_432 sil ah l aw l iy w ey er sil 
LOG (lattice-best-path[5.5.141~1-40a9d]:main():lattice-best-path.cc:99) For utterance usctimit_ema_m3_010, best cost 69.9771 + 2204.61 = 2274.59 over 327 frames.
usctimit_ema_m3_010 sil w ao r aa r w er y ah l iy sil 
LOG (lattice-best-path[5.5.141~1-40a9d]:main():lattice-best-path.cc:99) For utterance usctimit_ema_m3_044, best cost 109.348 + 3427.97 = 3537.32 over 472 frames.
usctimit_ema_m3_044 sil l ay k ah v iy k ah p aa d eh t r d ah z sil 
LOG (lattice-best-path[5.5.141~1-40a9d]:main():lattice-best-path.cc:99) For utterance usctimit_ema_m3_068, best cost 107.024 + 3004.62 = 3111.64 over 441 frames.
usctimit_ema_m3_068 sil dh iy s ah p aa s l g ow p y aa p er s iy sil 
LOG (lattice-best-path[5.5.141~1-40a9d]:main():lattice-best-path.cc:99) For utterance usctimit_ema_m3_071, best cost 134.351 + 3258.22 = 3392.57 over 439 frames.
usctimit_ema_m3_071 sil k aa p r ih sh ah m ao z ah n ih s t ae n iy l iy dh iy s iy sil 
LOG (lattice-best-path[5.5.141~1-40a9d]:main():lattice-best-path.cc:99) For utterance usctimit_ema_m3_080, best cost 124.4 + 3251.31 = 3375.71 over 411 frames.
usctimit_ema_m3_080 sil ih g ow z ae l iy zh er ch aa k ah k ao r t ay l z sil 
LOG (lattice-best-path[5.5.141~1-40a9d]:main():lattice-best-path.cc:99) For utterance usctimit_ema_m3_101, best cost 92.5066 + 2270.15 = 2362.66 over 307 frames.
usctimit_ema_m3_101 sil k ae f ih s er w ih ng ao f t ey n t sil 
LOG (lattice-best-path[5.5.141~1-40a9d]:main():lattice-best-path.cc:99) For utterance usctimit_ema_m3_113, best cost 108.374 + 2674.6 = 2782.97 over 382 frames.
usctimit_ema_m3_113 sil w aa t ah f ao r m uw iy s ah s ah t aa l z sil 
LOG (lattice-best-path[5.5.141~1-40a9d]:main():lattice-best-path.cc:99) For utterance usctimit_ema_m3_129, best cost 110.597 + 2866.43 = 2977.03 over 411 frames.
usctimit_ema_m3_129 sil t uw m ay t er ae s ih k ah g y ah n ch aa l sil 
LOG (lattice-best-path[5.5.141~1-40a9d]:main():lattice-best-path.cc:99) For utterance usctimit_ema_m3_141, best cost 111.875 + 2606.52 = 2718.39 over 354 frames.
usctimit_ema_m3_141 sil r m ow b ih s p ah n d w ih th er t iy z ah z sil 
LOG (lattice-best-path[5.5.141~1-40a9d]:main():lattice-best-path.cc:99) For utterance usctimit_ema_m3_147, best cost 105.335 + 3054.05 = 3159.38 over 438 frames.
usctimit_ema_m3_147 sil dh er m ey n ay f ao f r ae n d b ae n z sil 
LOG (lattice-best-path[5.5.141~1-40a9d]:main():lattice-best-path.cc:99) For utterance usctimit_ema_m3_192, best cost 123.025 + 3071.52 = 3194.54 over 428 frames.
usctimit_ema_m3_192 sil ah l d b eh s p eh sh ah jh oy p aa g l eh r iy sil 
LOG (lattice-best-path[5.5.141~1-40a9d]:main():lattice-best-path.cc:99) For utterance usctimit_ema_m3_203, best cost 114.59 + 2872.87 = 2987.46 over 419 frames.
usctimit_ema_m3_203 sil dh iy p ah b ah jh ah b aa t ey b ow m ah g r ow zh sil 
LOG (lattice-best-path[5.5.141~1-40a9d]:main():lattice-best-path.cc:99) For utterance usctimit_ema_m3_260, best cost 151.979 + 3155.11 = 3307.09 over 446 frames.
usctimit_ema_m3_260 sil r sh f ay z eh k aw m ay n d r ay ah n er b r ow sh ah n ae l sil 
LOG (lattice-best-path[5.5.141~1-40a9d]:main():lattice-best-path.cc:99) For utterance usctimit_ema_m3_267, best cost 119.76 + 3609.4 = 3729.16 over 519 frames.
usctimit_ema_m3_267 sil ih s k ae k ah s m ao r l ae v er ey n iy t uw sil 
LOG (lattice-best-path[5.5.141~1-40a9d]:main():lattice-best-path.cc:99) For utterance usctimit_ema_m3_282, best cost 184.471 + 4684.47 = 4868.94 over 657 frames.
usctimit_ema_m3_282 sil dh iy ae t er z ah b iy s ey f ao r ey t iy th ih g ah n t er k er f l iy f r s sil 
LOG (lattice-best-path[5.5.141~1-40a9d]:main():lattice-best-path.cc:99) For utterance usctimit_ema_m3_300, best cost 107.618 + 3133.46 = 3241.08 over 450 frames.
usctimit_ema_m3_300 sil dh iy b ih g aa l ah t uw aa n iy l ay d ao l sil 
LOG (lattice-best-path[5.5.141~1-40a9d]:main():lattice-best-path.cc:99) For utterance usctimit_ema_m3_316, best cost 199.835 + 4147.38 = 4347.21 over 569 frames.
usctimit_ema_m3_316 sil dh iy p r iy s w er k ah n r oy s er f y l ih ng z b aa b iy m er d z ih d ih sh ah n z sil 
LOG (lattice-best-path[5.5.141~1-40a9d]:main():lattice-best-path.cc:99) For utterance usctimit_ema_m3_320, best cost 118.14 + 3158 = 3276.14 over 447 frames.
usctimit_ema_m3_320 sil ah k aa s ao r ow n jh oy ih sh ah l th ih sh ih sh sil 
LOG (lattice-best-path[5.5.141~1-40a9d]:main():lattice-best-path.cc:99) For utterance usctimit_ema_m3_335, best cost 123.632 + 3322.07 = 3445.7 over 449 frames.
usctimit_ema_m3_335 sil b aa p ih r ow b ow g r ow dh iy er n er l z sil 
LOG (lattice-best-path[5.5.141~1-40a9d]:main():lattice-best-path.cc:99) For utterance usctimit_ema_m3_336, best cost 124.957 + 2723.73 = 2848.68 over 372 frames.
usctimit_ema_m3_336 sil dh ae n oy z aa m er z m ao r n oy n iy ch b eh n sil 
LOG (lattice-best-path[5.5.141~1-40a9d]:main():lattice-best-path.cc:99) For utterance usctimit_ema_m3_338, best cost 131.215 + 3464.64 = 3595.85 over 500 frames.
usctimit_ema_m3_338 sil dh eh d ay r eh m ey s ah n s l ae t er m ah ch ah b iy sil 
LOG (lattice-best-path[5.5.141~1-40a9d]:main():lattice-best-path.cc:99) For utterance usctimit_ema_m3_339, best cost 105.34 + 2902.58 = 3007.92 over 423 frames.
usctimit_ema_m3_339 sil ah b ao r n aa l ah s ah p er s ih ng g l sil 
LOG (lattice-best-path[5.5.141~1-40a9d]:main():lattice-best-path.cc:99) For utterance usctimit_ema_m3_357, best cost 135.206 + 3353.76 = 3488.97 over 462 frames.
usctimit_ema_m3_357 sil ah m aw s k ae f r ih k r s ih th iy l ih s t iy er d sil 
LOG (lattice-best-path[5.5.141~1-40a9d]:main():lattice-best-path.cc:99) For utterance usctimit_ema_m3_359, best cost 110.384 + 2764.11 = 2874.5 over 389 frames.
usctimit_ema_m3_359 sil k aw s ih m ey t b ow n z n t iy s r l sil 
LOG (lattice-best-path[5.5.141~1-40a9d]:main():lattice-best-path.cc:99) For utterance usctimit_ema_m3_379, best cost 124.018 + 3429.74 = 3553.76 over 477 frames.
usctimit_ema_m3_379 sil ay er s ih s ih z uw z l ah n s t ae sh iy p er z sil 
LOG (lattice-best-path[5.5.141~1-40a9d]:main():lattice-best-path.cc:99) For utterance usctimit_ema_m3_385, best cost 110.758 + 2447 = 2557.76 over 354 frames.
usctimit_ema_m3_385 sil eh v ih k ae m iy t ih p ey d ih g aa f ah n sil 
LOG (lattice-best-path[5.5.141~1-40a9d]:main():lattice-best-path.cc:99) For utterance usctimit_ema_m3_390, best cost 137.559 + 3147.98 = 3285.53 over 428 frames.
usctimit_ema_m3_390 sil dh iy ow w ey ch aa r k ih s ah p oy z ih d ih l n s t iy sil 
LOG (lattice-best-path[5.5.141~1-40a9d]:main():lattice-best-path.cc:99) For utterance usctimit_ema_m3_423, best cost 145.002 + 3601.78 = 3746.79 over 495 frames.
usctimit_ema_m3_423 sil dh iy g ow z ah f r t ow s aa r ae t ow sh er sh ah n ah f r sil 
LOG (lattice-best-path[5.5.141~1-40a9d]:main():lattice-best-path.cc:99) For utterance usctimit_ema_m3_434, best cost 69.7657 + 1955.58 = 2025.34 over 285 frames.
usctimit_ema_m3_434 sil r eh sh l ay z ah l er z sil 
LOG (lattice-best-path[5.5.141~1-40a9d]:main():lattice-best-path.cc:99) For utterance usctimit_ema_m3_438, best cost 154.959 + 3576.92 = 3731.87 over 495 frames.
usctimit_ema_m3_438 sil dh iy p ay aa ch er m aa l ih n t ih k ah p y uw s iy t er k ih sh ah n sil 
LOG (lattice-best-path[5.5.141~1-40a9d]:main():lattice-best-path.cc:99) For utterance usctimit_ema_m3_442, best cost 111.967 + 2830.57 = 2942.53 over 404 frames.
usctimit_ema_m3_442 sil w ih p l iy ch iy s p ah d ih t uw ih s p r iy sil 
LOG (lattice-best-path[5.5.141~1-40a9d]:main():lattice-best-path.cc:99) For utterance usctimit_ema_m3_444, best cost 177.278 + 4303.09 = 4480.37 over 603 frames.
usctimit_ema_m3_444 sil r aa m ey ae g r ey n uw aa sh uh d ih n er ah n iy s p r iy p ay f r z er sil 
LOG (lattice-best-path[5.5.141~1-40a9d]:main():lattice-best-path.cc:99) For utterance usctimit_ema_m3_457, best cost 171.657 + 3921.06 = 4092.72 over 560 frames.
usctimit_ema_m3_457 sil k aa th iy z g r ah n s t iy jh ah m l ih k s ow s ah n t ah b r s ah n z sil 
LOG (lattice-best-path[5.5.141~1-40a9d]:main():lattice-best-path.cc:99) For utterance usctimit_ema_m3_458, best cost 156.101 + 3801.52 = 3957.62 over 535 frames.
usctimit_ema_m3_458 sil w eh s ih ng d ey p r w ih s k aa b ay k w ay d ey p er z ey sh t sil 
LOG (lattice-scale[5.5.141~1-40a9d]:main():lattice-scale.cc:107) Done 183 lattices.
LOG (lattice-best-path[5.5.141~1-40a9d]:main():lattice-best-path.cc:99) For utterance usctimit_ema_m3_460, best cost 82.1021 + 3378.08 = 3460.18 over 497 frames.
usctimit_ema_m3_460 sil w ih ch iy eh sh ah l ey t uw z sil 
LOG (lattice-add-penalty[5.5.141~1-40a9d]:main():lattice-add-penalty.cc:62) Done adding word insertion penalty to 183 lattices.
LOG (lattice-best-path[5.5.141~1-40a9d]:main():lattice-best-path.cc:124) Overall cost per frame is 7.20587 = 0.278605 [graph] + 6.92727 [acoustic] over 81821 frames.
LOG (lattice-best-path[5.5.141~1-40a9d]:main():lattice-best-path.cc:128) Done 183 lattices, failed for 0
# Accounting: time=6 threads=1
# Ended (code 0) at Mon Dec 24 21:09:48 EET 2018, elapsed time 6 seconds
